[2023-08-28T21:43:19.376+0000] {taskinstance.py:1159} INFO - Dependencies all met for dep_context=non-requeueable deps ti=<TaskInstance: crypto_data_download.download_crypto_data_task manual__2023-08-28T21:43:17.345225+00:00 [queued]>
[2023-08-28T21:43:19.385+0000] {taskinstance.py:1159} INFO - Dependencies all met for dep_context=requeueable deps ti=<TaskInstance: crypto_data_download.download_crypto_data_task manual__2023-08-28T21:43:17.345225+00:00 [queued]>
[2023-08-28T21:43:19.386+0000] {taskinstance.py:1361} INFO - Starting attempt 1 of 2
[2023-08-28T21:43:19.400+0000] {taskinstance.py:1382} INFO - Executing <Task(PythonOperator): download_crypto_data_task> on 2023-08-28 21:43:17.345225+00:00
[2023-08-28T21:43:19.407+0000] {standard_task_runner.py:57} INFO - Started process 2886 to run task
[2023-08-28T21:43:19.411+0000] {standard_task_runner.py:84} INFO - Running: ['***', 'tasks', 'run', 'crypto_data_download', 'download_crypto_data_task', 'manual__2023-08-28T21:43:17.345225+00:00', '--job-id', '58', '--raw', '--subdir', 'DAGS_FOLDER/coin_data_dag.py', '--cfg-path', '/tmp/tmp39q54v5_']
[2023-08-28T21:43:19.416+0000] {standard_task_runner.py:85} INFO - Job 58: Subtask download_crypto_data_task
[2023-08-28T21:43:19.471+0000] {task_command.py:415} INFO - Running <TaskInstance: crypto_data_download.download_crypto_data_task manual__2023-08-28T21:43:17.345225+00:00 [running]> on host e5729120e4b7
[2023-08-28T21:43:19.561+0000] {taskinstance.py:1660} INFO - Exporting env vars: AIRFLOW_CTX_DAG_OWNER='your_name' AIRFLOW_CTX_DAG_ID='crypto_data_download' AIRFLOW_CTX_TASK_ID='download_crypto_data_task' AIRFLOW_CTX_EXECUTION_DATE='2023-08-28T21:43:17.345225+00:00' AIRFLOW_CTX_TRY_NUMBER='1' AIRFLOW_CTX_DAG_RUN_ID='manual__2023-08-28T21:43:17.345225+00:00'
[2023-08-28T21:43:20.399+0000] {logging_mixin.py:151} INFO - Data for 2023-08-01 downloaded and saved to crypto_data_2023-08-01.json!
[2023-08-28T21:43:20.666+0000] {logging_mixin.py:151} INFO - Data for 2023-08-02 downloaded and saved to crypto_data_2023-08-02.json!
[2023-08-28T21:43:20.939+0000] {logging_mixin.py:151} INFO - Data for 2023-08-03 downloaded and saved to crypto_data_2023-08-03.json!
[2023-08-28T21:43:21.784+0000] {logging_mixin.py:151} INFO - Data for 2023-08-04 downloaded and saved to crypto_data_2023-08-04.json!
[2023-08-28T21:43:22.054+0000] {logging_mixin.py:151} INFO - Data for 2023-08-05 downloaded and saved to crypto_data_2023-08-05.json!
[2023-08-28T21:43:22.313+0000] {logging_mixin.py:151} INFO - Data for 2023-08-06 downloaded and saved to crypto_data_2023-08-06.json!
[2023-08-28T21:43:22.604+0000] {logging_mixin.py:151} INFO - Data for 2023-08-07 downloaded and saved to crypto_data_2023-08-07.json!
[2023-08-28T21:43:23.461+0000] {logging_mixin.py:151} INFO - Data for 2023-08-08 downloaded and saved to crypto_data_2023-08-08.json!
[2023-08-28T21:43:23.742+0000] {logging_mixin.py:151} INFO - Data for 2023-08-09 downloaded and saved to crypto_data_2023-08-09.json!
[2023-08-28T21:43:24.130+0000] {logging_mixin.py:151} INFO - Data for 2023-08-10 downloaded and saved to crypto_data_2023-08-10.json!
[2023-08-28T21:43:24.132+0000] {python.py:194} INFO - Done. Returned value was: None
[2023-08-28T21:43:24.145+0000] {taskinstance.py:1400} INFO - Marking task as SUCCESS. dag_id=crypto_data_download, task_id=download_crypto_data_task, execution_date=20230828T214317, start_date=20230828T214319, end_date=20230828T214324
[2023-08-28T21:43:24.175+0000] {local_task_job_runner.py:228} INFO - Task exited with return code 0
[2023-08-28T21:43:24.197+0000] {taskinstance.py:2784} INFO - 0 downstream tasks scheduled from follow-on schedule check
