[2023-08-29T00:33:26.662+0000] {taskinstance.py:1159} INFO - Dependencies all met for dep_context=non-requeueable deps ti=<TaskInstance: crypto_data_download.create_coin_data_table manual__2023-08-29T00:33:24.506924+00:00 [queued]>
[2023-08-29T00:33:26.670+0000] {taskinstance.py:1159} INFO - Dependencies all met for dep_context=requeueable deps ti=<TaskInstance: crypto_data_download.create_coin_data_table manual__2023-08-29T00:33:24.506924+00:00 [queued]>
[2023-08-29T00:33:26.671+0000] {taskinstance.py:1361} INFO - Starting attempt 1 of 2
[2023-08-29T00:33:26.685+0000] {taskinstance.py:1382} INFO - Executing <Task(PostgresOperator): create_coin_data_table> on 2023-08-29 00:33:24.506924+00:00
[2023-08-29T00:33:26.691+0000] {standard_task_runner.py:57} INFO - Started process 325 to run task
[2023-08-29T00:33:26.696+0000] {standard_task_runner.py:84} INFO - Running: ['***', 'tasks', 'run', 'crypto_data_download', 'create_coin_data_table', 'manual__2023-08-29T00:33:24.506924+00:00', '--job-id', '103', '--raw', '--subdir', 'DAGS_FOLDER/coin_data_dag.py', '--cfg-path', '/tmp/tmptnxrnag9']
[2023-08-29T00:33:26.700+0000] {standard_task_runner.py:85} INFO - Job 103: Subtask create_coin_data_table
[2023-08-29T00:33:26.751+0000] {task_command.py:415} INFO - Running <TaskInstance: crypto_data_download.create_coin_data_table manual__2023-08-29T00:33:24.506924+00:00 [running]> on host 6c9aee5df47e
[2023-08-29T00:33:26.837+0000] {taskinstance.py:1660} INFO - Exporting env vars: AIRFLOW_CTX_DAG_OWNER='NicoB' AIRFLOW_CTX_DAG_ID='crypto_data_download' AIRFLOW_CTX_TASK_ID='create_coin_data_table' AIRFLOW_CTX_EXECUTION_DATE='2023-08-29T00:33:24.506924+00:00' AIRFLOW_CTX_TRY_NUMBER='1' AIRFLOW_CTX_DAG_RUN_ID='manual__2023-08-29T00:33:24.506924+00:00'
[2023-08-29T00:33:26.839+0000] {sql.py:274} INFO - Executing: 
    CREATE TABLE IF NOT EXISTS coin_data (
        coin VARCHAR NOT NULL, 
        date DATE NOT NULL, 
        price FLOAT, 
        json JSON, 
        PRIMARY KEY (coin, date)
    );
    
[2023-08-29T00:33:26.848+0000] {base.py:73} INFO - Using connection ID 'postgres_connection' for task execution.
[2023-08-29T00:33:26.858+0000] {base.py:73} INFO - Using connection ID 'postgres_connection' for task execution.
[2023-08-29T00:33:26.863+0000] {sql.py:418} INFO - Running statement: 
    CREATE TABLE IF NOT EXISTS coin_data (
        coin VARCHAR NOT NULL, 
        date DATE NOT NULL, 
        price FLOAT, 
        json JSON, 
        PRIMARY KEY (coin, date)
    );
    , parameters: None
[2023-08-29T00:33:26.880+0000] {taskinstance.py:1400} INFO - Marking task as SUCCESS. dag_id=crypto_data_download, task_id=create_coin_data_table, execution_date=20230829T003324, start_date=20230829T003326, end_date=20230829T003326
[2023-08-29T00:33:26.909+0000] {local_task_job_runner.py:228} INFO - Task exited with return code 0
[2023-08-29T00:33:26.935+0000] {taskinstance.py:2784} INFO - 1 downstream tasks scheduled from follow-on schedule check
