[2023-08-28T21:10:19.681+0000] {taskinstance.py:1159} INFO - Dependencies all met for dep_context=non-requeueable deps ti=<TaskInstance: crypto_data_download.download_crypto_data_task scheduled__2023-08-27T21:09:49.059324+00:00 [queued]>
[2023-08-28T21:10:19.693+0000] {taskinstance.py:1159} INFO - Dependencies all met for dep_context=requeueable deps ti=<TaskInstance: crypto_data_download.download_crypto_data_task scheduled__2023-08-27T21:09:49.059324+00:00 [queued]>
[2023-08-28T21:10:19.694+0000] {taskinstance.py:1361} INFO - Starting attempt 1 of 2
[2023-08-28T21:10:19.718+0000] {taskinstance.py:1382} INFO - Executing <Task(PythonOperator): download_crypto_data_task> on 2023-08-27 21:09:49.059324+00:00
[2023-08-28T21:10:19.727+0000] {standard_task_runner.py:57} INFO - Started process 2383 to run task
[2023-08-28T21:10:19.740+0000] {standard_task_runner.py:84} INFO - Running: ['***', 'tasks', 'run', 'crypto_data_download', 'download_crypto_data_task', 'scheduled__2023-08-27T21:09:49.059324+00:00', '--job-id', '55', '--raw', '--subdir', 'DAGS_FOLDER/coin_data_dag.py', '--cfg-path', '/tmp/tmp5s0p8tr5']
[2023-08-28T21:10:19.754+0000] {standard_task_runner.py:85} INFO - Job 55: Subtask download_crypto_data_task
[2023-08-28T21:10:19.872+0000] {task_command.py:415} INFO - Running <TaskInstance: crypto_data_download.download_crypto_data_task scheduled__2023-08-27T21:09:49.059324+00:00 [running]> on host e5729120e4b7
[2023-08-28T21:10:20.012+0000] {taskinstance.py:1660} INFO - Exporting env vars: AIRFLOW_CTX_DAG_OWNER='your_name' AIRFLOW_CTX_DAG_ID='crypto_data_download' AIRFLOW_CTX_TASK_ID='download_crypto_data_task' AIRFLOW_CTX_EXECUTION_DATE='2023-08-27T21:09:49.059324+00:00' AIRFLOW_CTX_TRY_NUMBER='1' AIRFLOW_CTX_DAG_RUN_ID='scheduled__2023-08-27T21:09:49.059324+00:00'
[2023-08-28T21:10:20.322+0000] {logging_mixin.py:151} INFO - Data for 2023-08-01 downloaded successfully!
[2023-08-28T21:10:20.589+0000] {logging_mixin.py:151} INFO - Data for 2023-08-02 downloaded successfully!
[2023-08-28T21:10:21.866+0000] {logging_mixin.py:151} INFO - Data for 2023-08-03 downloaded successfully!
[2023-08-28T21:10:22.126+0000] {logging_mixin.py:151} INFO - Data for 2023-08-04 downloaded successfully!
[2023-08-28T21:10:22.392+0000] {logging_mixin.py:151} INFO - Data for 2023-08-05 downloaded successfully!
[2023-08-28T21:10:22.754+0000] {logging_mixin.py:151} INFO - Data for 2023-08-06 downloaded successfully!
[2023-08-28T21:10:23.035+0000] {logging_mixin.py:151} INFO - Data for 2023-08-07 downloaded successfully!
[2023-08-28T21:10:23.296+0000] {logging_mixin.py:151} INFO - Data for 2023-08-08 downloaded successfully!
[2023-08-28T21:10:23.661+0000] {logging_mixin.py:151} INFO - Data for 2023-08-09 downloaded successfully!
[2023-08-28T21:10:23.763+0000] {logging_mixin.py:151} INFO - Data for 2023-08-10 downloaded successfully!
[2023-08-28T21:10:23.765+0000] {python.py:194} INFO - Done. Returned value was: None
[2023-08-28T21:10:23.777+0000] {taskinstance.py:1400} INFO - Marking task as SUCCESS. dag_id=crypto_data_download, task_id=download_crypto_data_task, execution_date=20230827T210949, start_date=20230828T211019, end_date=20230828T211023
[2023-08-28T21:10:23.821+0000] {local_task_job_runner.py:228} INFO - Task exited with return code 0
[2023-08-28T21:10:23.843+0000] {taskinstance.py:2784} INFO - 0 downstream tasks scheduled from follow-on schedule check
