[2023-08-28T21:46:07.148+0000] {taskinstance.py:1159} INFO - Dependencies all met for dep_context=non-requeueable deps ti=<TaskInstance: crypto_data_download.download_crypto_data_task manual__2023-08-28T21:46:04.965212+00:00 [queued]>
[2023-08-28T21:46:07.157+0000] {taskinstance.py:1159} INFO - Dependencies all met for dep_context=requeueable deps ti=<TaskInstance: crypto_data_download.download_crypto_data_task manual__2023-08-28T21:46:04.965212+00:00 [queued]>
[2023-08-28T21:46:07.158+0000] {taskinstance.py:1361} INFO - Starting attempt 1 of 2
[2023-08-28T21:46:07.176+0000] {taskinstance.py:1382} INFO - Executing <Task(PythonOperator): download_crypto_data_task> on 2023-08-28 21:46:04.965212+00:00
[2023-08-28T21:46:07.183+0000] {standard_task_runner.py:57} INFO - Started process 2937 to run task
[2023-08-28T21:46:07.188+0000] {standard_task_runner.py:84} INFO - Running: ['***', 'tasks', 'run', 'crypto_data_download', 'download_crypto_data_task', 'manual__2023-08-28T21:46:04.965212+00:00', '--job-id', '59', '--raw', '--subdir', 'DAGS_FOLDER/coin_data_dag.py', '--cfg-path', '/tmp/tmpce4_g5vq']
[2023-08-28T21:46:07.193+0000] {standard_task_runner.py:85} INFO - Job 59: Subtask download_crypto_data_task
[2023-08-28T21:46:07.247+0000] {task_command.py:415} INFO - Running <TaskInstance: crypto_data_download.download_crypto_data_task manual__2023-08-28T21:46:04.965212+00:00 [running]> on host e5729120e4b7
[2023-08-28T21:46:07.356+0000] {taskinstance.py:1660} INFO - Exporting env vars: AIRFLOW_CTX_DAG_OWNER='your_name' AIRFLOW_CTX_DAG_ID='crypto_data_download' AIRFLOW_CTX_TASK_ID='download_crypto_data_task' AIRFLOW_CTX_EXECUTION_DATE='2023-08-28T21:46:04.965212+00:00' AIRFLOW_CTX_TRY_NUMBER='1' AIRFLOW_CTX_DAG_RUN_ID='manual__2023-08-28T21:46:04.965212+00:00'
[2023-08-28T21:46:07.667+0000] {logging_mixin.py:151} INFO - https://api.coingecko.com/api/v3/coins/bitcoin/history?date=2023-08-01
[2023-08-28T21:46:07.668+0000] {logging_mixin.py:151} INFO - Data for 2023-08-01 downloaded and saved to crypto_data_2023-08-01.json!
[2023-08-28T21:46:07.937+0000] {logging_mixin.py:151} INFO - https://api.coingecko.com/api/v3/coins/bitcoin/history?date=2023-08-02
[2023-08-28T21:46:07.938+0000] {logging_mixin.py:151} INFO - Data for 2023-08-02 downloaded and saved to crypto_data_2023-08-02.json!
[2023-08-28T21:46:08.215+0000] {logging_mixin.py:151} INFO - https://api.coingecko.com/api/v3/coins/bitcoin/history?date=2023-08-03
[2023-08-28T21:46:08.216+0000] {logging_mixin.py:151} INFO - Data for 2023-08-03 downloaded and saved to crypto_data_2023-08-03.json!
[2023-08-28T21:46:08.999+0000] {logging_mixin.py:151} INFO - https://api.coingecko.com/api/v3/coins/bitcoin/history?date=2023-08-04
[2023-08-28T21:46:09.000+0000] {logging_mixin.py:151} INFO - Data for 2023-08-04 downloaded and saved to crypto_data_2023-08-04.json!
[2023-08-28T21:46:09.279+0000] {logging_mixin.py:151} INFO - https://api.coingecko.com/api/v3/coins/bitcoin/history?date=2023-08-05
[2023-08-28T21:46:09.284+0000] {logging_mixin.py:151} INFO - Data for 2023-08-05 downloaded and saved to crypto_data_2023-08-05.json!
[2023-08-28T21:46:09.578+0000] {logging_mixin.py:151} INFO - https://api.coingecko.com/api/v3/coins/bitcoin/history?date=2023-08-06
[2023-08-28T21:46:09.579+0000] {logging_mixin.py:151} INFO - Data for 2023-08-06 downloaded and saved to crypto_data_2023-08-06.json!
[2023-08-28T21:46:09.877+0000] {logging_mixin.py:151} INFO - https://api.coingecko.com/api/v3/coins/bitcoin/history?date=2023-08-07
[2023-08-28T21:46:09.892+0000] {logging_mixin.py:151} INFO - Data for 2023-08-07 downloaded and saved to crypto_data_2023-08-07.json!
[2023-08-28T21:46:10.310+0000] {logging_mixin.py:151} INFO - https://api.coingecko.com/api/v3/coins/bitcoin/history?date=2023-08-08
[2023-08-28T21:46:10.311+0000] {logging_mixin.py:151} INFO - Data for 2023-08-08 downloaded and saved to crypto_data_2023-08-08.json!
[2023-08-28T21:46:10.574+0000] {logging_mixin.py:151} INFO - https://api.coingecko.com/api/v3/coins/bitcoin/history?date=2023-08-09
[2023-08-28T21:46:10.575+0000] {logging_mixin.py:151} INFO - Data for 2023-08-09 downloaded and saved to crypto_data_2023-08-09.json!
[2023-08-28T21:46:10.843+0000] {logging_mixin.py:151} INFO - https://api.coingecko.com/api/v3/coins/bitcoin/history?date=2023-08-10
[2023-08-28T21:46:10.844+0000] {logging_mixin.py:151} INFO - Data for 2023-08-10 downloaded and saved to crypto_data_2023-08-10.json!
[2023-08-28T21:46:10.847+0000] {python.py:194} INFO - Done. Returned value was: None
[2023-08-28T21:46:10.863+0000] {taskinstance.py:1400} INFO - Marking task as SUCCESS. dag_id=crypto_data_download, task_id=download_crypto_data_task, execution_date=20230828T214604, start_date=20230828T214607, end_date=20230828T214610
[2023-08-28T21:46:10.913+0000] {local_task_job_runner.py:228} INFO - Task exited with return code 0
[2023-08-28T21:46:10.933+0000] {taskinstance.py:2784} INFO - 0 downstream tasks scheduled from follow-on schedule check
