[2023-08-29T01:47:38.228+0000] {taskinstance.py:1159} INFO - Dependencies all met for dep_context=non-requeueable deps ti=<TaskInstance: crypto_data_download.create_table_task manual__2023-08-29T01:47:36.387923+00:00 [queued]>
[2023-08-29T01:47:38.237+0000] {taskinstance.py:1159} INFO - Dependencies all met for dep_context=requeueable deps ti=<TaskInstance: crypto_data_download.create_table_task manual__2023-08-29T01:47:36.387923+00:00 [queued]>
[2023-08-29T01:47:38.238+0000] {taskinstance.py:1361} INFO - Starting attempt 1 of 2
[2023-08-29T01:47:38.252+0000] {taskinstance.py:1382} INFO - Executing <Task(PythonOperator): create_table_task> on 2023-08-29 01:47:36.387923+00:00
[2023-08-29T01:47:38.258+0000] {standard_task_runner.py:57} INFO - Started process 1613 to run task
[2023-08-29T01:47:38.262+0000] {standard_task_runner.py:84} INFO - Running: ['***', 'tasks', 'run', 'crypto_data_download', 'create_table_task', 'manual__2023-08-29T01:47:36.387923+00:00', '--job-id', '159', '--raw', '--subdir', 'DAGS_FOLDER/coin_data_dag.py', '--cfg-path', '/tmp/tmpotp1z2ta']
[2023-08-29T01:47:38.267+0000] {standard_task_runner.py:85} INFO - Job 159: Subtask create_table_task
[2023-08-29T01:47:38.321+0000] {task_command.py:415} INFO - Running <TaskInstance: crypto_data_download.create_table_task manual__2023-08-29T01:47:36.387923+00:00 [running]> on host 6c9aee5df47e
[2023-08-29T01:47:38.414+0000] {taskinstance.py:1660} INFO - Exporting env vars: AIRFLOW_CTX_DAG_OWNER='NicoB' AIRFLOW_CTX_DAG_ID='crypto_data_download' AIRFLOW_CTX_TASK_ID='create_table_task' AIRFLOW_CTX_EXECUTION_DATE='2023-08-29T01:47:36.387923+00:00' AIRFLOW_CTX_TRY_NUMBER='1' AIRFLOW_CTX_DAG_RUN_ID='manual__2023-08-29T01:47:36.387923+00:00'
[2023-08-29T01:47:38.427+0000] {base.py:73} INFO - Using connection ID 'postgres_connection' for task execution.
[2023-08-29T01:47:38.432+0000] {sql.py:418} INFO - Running statement: 
    CREATE TABLE IF NOT EXISTS coin_data (
        coin_id VARCHAR NOT NULL, 
        date DATE NOT NULL, 
        price_usd FLOAT, 
        json_response JSON
    );
    , parameters: None
[2023-08-29T01:47:38.433+0000] {python.py:194} INFO - Done. Returned value was: None
[2023-08-29T01:47:38.444+0000] {taskinstance.py:1400} INFO - Marking task as SUCCESS. dag_id=crypto_data_download, task_id=create_table_task, execution_date=20230829T014736, start_date=20230829T014738, end_date=20230829T014738
[2023-08-29T01:47:38.475+0000] {local_task_job_runner.py:228} INFO - Task exited with return code 0
[2023-08-29T01:47:38.499+0000] {taskinstance.py:2784} INFO - 1 downstream tasks scheduled from follow-on schedule check
