[2023-09-01T02:15:44.606+0000] {processor.py:157} INFO - Started process (PID=73151) to work on /home/airflow/.local/lib/python3.8/site-packages/airflow/example_dags/example_bash_operator.py
[2023-09-01T02:15:44.608+0000] {processor.py:829} INFO - Processing file /home/airflow/.local/lib/python3.8/site-packages/airflow/example_dags/example_bash_operator.py for tasks to queue
[2023-09-01T02:15:44.611+0000] {logging_mixin.py:151} INFO - [2023-09-01T02:15:44.609+0000] {dagbag.py:539} INFO - Filling up the DagBag from /home/airflow/.local/lib/python3.8/site-packages/airflow/example_dags/example_bash_operator.py
[2023-09-01T02:15:44.627+0000] {processor.py:839} INFO - DAG(s) dict_keys(['example_bash_operator']) retrieved from /home/airflow/.local/lib/python3.8/site-packages/airflow/example_dags/example_bash_operator.py
[2023-09-01T02:15:44.663+0000] {logging_mixin.py:151} INFO - [2023-09-01T02:15:44.663+0000] {dag.py:2907} INFO - Sync 1 DAGs
[2023-09-01T02:15:44.688+0000] {logging_mixin.py:151} INFO - [2023-09-01T02:15:44.688+0000] {dag.py:3677} INFO - Setting next_dagrun for example_bash_operator to 2023-08-31T00:00:00+00:00, run_after=2023-09-01T00:00:00+00:00
[2023-09-01T02:15:44.716+0000] {processor.py:179} INFO - Processing /home/airflow/.local/lib/python3.8/site-packages/airflow/example_dags/example_bash_operator.py took 0.116 seconds
[2023-09-01T04:04:36.876+0000] {processor.py:157} INFO - Started process (PID=73196) to work on /home/airflow/.local/lib/python3.8/site-packages/airflow/example_dags/example_bash_operator.py
[2023-09-01T04:04:36.878+0000] {processor.py:829} INFO - Processing file /home/airflow/.local/lib/python3.8/site-packages/airflow/example_dags/example_bash_operator.py for tasks to queue
[2023-09-01T04:04:36.879+0000] {logging_mixin.py:151} INFO - [2023-09-01T04:04:36.879+0000] {dagbag.py:539} INFO - Filling up the DagBag from /home/airflow/.local/lib/python3.8/site-packages/airflow/example_dags/example_bash_operator.py
[2023-09-01T04:04:36.896+0000] {processor.py:839} INFO - DAG(s) dict_keys(['example_bash_operator']) retrieved from /home/airflow/.local/lib/python3.8/site-packages/airflow/example_dags/example_bash_operator.py
[2023-09-01T04:04:36.944+0000] {logging_mixin.py:151} INFO - [2023-09-01T04:04:36.944+0000] {dag.py:2907} INFO - Sync 1 DAGs
[2023-09-01T04:04:36.980+0000] {logging_mixin.py:151} INFO - [2023-09-01T04:04:36.980+0000] {dag.py:3677} INFO - Setting next_dagrun for example_bash_operator to 2023-08-31T00:00:00+00:00, run_after=2023-09-01T00:00:00+00:00
[2023-09-01T04:04:37.016+0000] {processor.py:179} INFO - Processing /home/airflow/.local/lib/python3.8/site-packages/airflow/example_dags/example_bash_operator.py took 0.146 seconds
[2023-09-01T04:05:10.717+0000] {processor.py:157} INFO - Started process (PID=73250) to work on /home/airflow/.local/lib/python3.8/site-packages/airflow/example_dags/example_bash_operator.py
[2023-09-01T04:05:10.723+0000] {processor.py:829} INFO - Processing file /home/airflow/.local/lib/python3.8/site-packages/airflow/example_dags/example_bash_operator.py for tasks to queue
[2023-09-01T04:05:10.729+0000] {logging_mixin.py:151} INFO - [2023-09-01T04:05:10.727+0000] {dagbag.py:539} INFO - Filling up the DagBag from /home/airflow/.local/lib/python3.8/site-packages/airflow/example_dags/example_bash_operator.py
[2023-09-01T04:05:10.803+0000] {processor.py:839} INFO - DAG(s) dict_keys(['example_bash_operator']) retrieved from /home/airflow/.local/lib/python3.8/site-packages/airflow/example_dags/example_bash_operator.py
[2023-09-01T04:05:10.974+0000] {logging_mixin.py:151} INFO - [2023-09-01T04:05:10.973+0000] {dag.py:2907} INFO - Sync 1 DAGs
[2023-09-01T04:05:11.098+0000] {logging_mixin.py:151} INFO - [2023-09-01T04:05:11.098+0000] {dag.py:3677} INFO - Setting next_dagrun for example_bash_operator to 2023-08-31T00:00:00+00:00, run_after=2023-09-01T00:00:00+00:00
[2023-09-01T04:05:11.194+0000] {processor.py:179} INFO - Processing /home/airflow/.local/lib/python3.8/site-packages/airflow/example_dags/example_bash_operator.py took 0.499 seconds
[2023-09-01T04:05:46.480+0000] {processor.py:157} INFO - Started process (PID=73306) to work on /home/airflow/.local/lib/python3.8/site-packages/airflow/example_dags/example_bash_operator.py
[2023-09-01T04:05:46.482+0000] {processor.py:829} INFO - Processing file /home/airflow/.local/lib/python3.8/site-packages/airflow/example_dags/example_bash_operator.py for tasks to queue
[2023-09-01T04:05:46.484+0000] {logging_mixin.py:151} INFO - [2023-09-01T04:05:46.484+0000] {dagbag.py:539} INFO - Filling up the DagBag from /home/airflow/.local/lib/python3.8/site-packages/airflow/example_dags/example_bash_operator.py
[2023-09-01T04:05:46.501+0000] {processor.py:839} INFO - DAG(s) dict_keys(['example_bash_operator']) retrieved from /home/airflow/.local/lib/python3.8/site-packages/airflow/example_dags/example_bash_operator.py
[2023-09-01T04:05:46.544+0000] {logging_mixin.py:151} INFO - [2023-09-01T04:05:46.544+0000] {dag.py:2907} INFO - Sync 1 DAGs
[2023-09-01T04:05:46.573+0000] {logging_mixin.py:151} INFO - [2023-09-01T04:05:46.573+0000] {dag.py:3677} INFO - Setting next_dagrun for example_bash_operator to 2023-08-31T00:00:00+00:00, run_after=2023-09-01T00:00:00+00:00
[2023-09-01T04:05:46.596+0000] {processor.py:179} INFO - Processing /home/airflow/.local/lib/python3.8/site-packages/airflow/example_dags/example_bash_operator.py took 0.121 seconds
[2023-09-01T10:29:10.817+0000] {processor.py:157} INFO - Started process (PID=73354) to work on /home/airflow/.local/lib/python3.8/site-packages/airflow/example_dags/example_bash_operator.py
[2023-09-01T10:29:10.822+0000] {processor.py:829} INFO - Processing file /home/airflow/.local/lib/python3.8/site-packages/airflow/example_dags/example_bash_operator.py for tasks to queue
[2023-09-01T10:29:10.824+0000] {logging_mixin.py:151} INFO - [2023-09-01T10:29:10.823+0000] {dagbag.py:539} INFO - Filling up the DagBag from /home/airflow/.local/lib/python3.8/site-packages/airflow/example_dags/example_bash_operator.py
[2023-09-01T10:29:10.860+0000] {processor.py:839} INFO - DAG(s) dict_keys(['example_bash_operator']) retrieved from /home/airflow/.local/lib/python3.8/site-packages/airflow/example_dags/example_bash_operator.py
[2023-09-01T10:29:10.915+0000] {logging_mixin.py:151} INFO - [2023-09-01T10:29:10.915+0000] {dag.py:2907} INFO - Sync 1 DAGs
[2023-09-01T10:29:10.954+0000] {logging_mixin.py:151} INFO - [2023-09-01T10:29:10.954+0000] {dag.py:3677} INFO - Setting next_dagrun for example_bash_operator to 2023-08-31T00:00:00+00:00, run_after=2023-09-01T00:00:00+00:00
[2023-09-01T10:29:11.129+0000] {processor.py:179} INFO - Processing /home/airflow/.local/lib/python3.8/site-packages/airflow/example_dags/example_bash_operator.py took 0.328 seconds
[2023-09-01T16:39:32.345+0000] {processor.py:157} INFO - Started process (PID=73410) to work on /home/airflow/.local/lib/python3.8/site-packages/airflow/example_dags/example_bash_operator.py
[2023-09-01T16:39:32.347+0000] {processor.py:829} INFO - Processing file /home/airflow/.local/lib/python3.8/site-packages/airflow/example_dags/example_bash_operator.py for tasks to queue
[2023-09-01T16:39:32.349+0000] {logging_mixin.py:151} INFO - [2023-09-01T16:39:32.349+0000] {dagbag.py:539} INFO - Filling up the DagBag from /home/airflow/.local/lib/python3.8/site-packages/airflow/example_dags/example_bash_operator.py
[2023-09-01T16:39:32.371+0000] {processor.py:839} INFO - DAG(s) dict_keys(['example_bash_operator']) retrieved from /home/airflow/.local/lib/python3.8/site-packages/airflow/example_dags/example_bash_operator.py
[2023-09-01T16:39:32.418+0000] {logging_mixin.py:151} INFO - [2023-09-01T16:39:32.418+0000] {dag.py:2907} INFO - Sync 1 DAGs
[2023-09-01T16:39:32.454+0000] {logging_mixin.py:151} INFO - [2023-09-01T16:39:32.453+0000] {dag.py:3677} INFO - Setting next_dagrun for example_bash_operator to 2023-08-31T00:00:00+00:00, run_after=2023-09-01T00:00:00+00:00
[2023-09-01T16:39:32.484+0000] {processor.py:179} INFO - Processing /home/airflow/.local/lib/python3.8/site-packages/airflow/example_dags/example_bash_operator.py took 0.144 seconds
[2023-09-01T16:40:02.525+0000] {processor.py:157} INFO - Started process (PID=73464) to work on /home/airflow/.local/lib/python3.8/site-packages/airflow/example_dags/example_bash_operator.py
[2023-09-01T16:40:02.526+0000] {processor.py:829} INFO - Processing file /home/airflow/.local/lib/python3.8/site-packages/airflow/example_dags/example_bash_operator.py for tasks to queue
[2023-09-01T16:40:02.528+0000] {logging_mixin.py:151} INFO - [2023-09-01T16:40:02.527+0000] {dagbag.py:539} INFO - Filling up the DagBag from /home/airflow/.local/lib/python3.8/site-packages/airflow/example_dags/example_bash_operator.py
[2023-09-01T16:40:02.542+0000] {processor.py:839} INFO - DAG(s) dict_keys(['example_bash_operator']) retrieved from /home/airflow/.local/lib/python3.8/site-packages/airflow/example_dags/example_bash_operator.py
[2023-09-01T16:40:02.581+0000] {logging_mixin.py:151} INFO - [2023-09-01T16:40:02.580+0000] {dag.py:2907} INFO - Sync 1 DAGs
[2023-09-01T16:40:02.607+0000] {logging_mixin.py:151} INFO - [2023-09-01T16:40:02.607+0000] {dag.py:3677} INFO - Setting next_dagrun for example_bash_operator to 2023-08-31T00:00:00+00:00, run_after=2023-09-01T00:00:00+00:00
[2023-09-01T16:40:02.627+0000] {processor.py:179} INFO - Processing /home/airflow/.local/lib/python3.8/site-packages/airflow/example_dags/example_bash_operator.py took 0.107 seconds
[2023-09-01T16:40:32.930+0000] {processor.py:157} INFO - Started process (PID=73519) to work on /home/airflow/.local/lib/python3.8/site-packages/airflow/example_dags/example_bash_operator.py
[2023-09-01T16:40:32.931+0000] {processor.py:829} INFO - Processing file /home/airflow/.local/lib/python3.8/site-packages/airflow/example_dags/example_bash_operator.py for tasks to queue
[2023-09-01T16:40:32.933+0000] {logging_mixin.py:151} INFO - [2023-09-01T16:40:32.932+0000] {dagbag.py:539} INFO - Filling up the DagBag from /home/airflow/.local/lib/python3.8/site-packages/airflow/example_dags/example_bash_operator.py
[2023-09-01T16:40:32.950+0000] {processor.py:839} INFO - DAG(s) dict_keys(['example_bash_operator']) retrieved from /home/airflow/.local/lib/python3.8/site-packages/airflow/example_dags/example_bash_operator.py
[2023-09-01T16:40:32.995+0000] {logging_mixin.py:151} INFO - [2023-09-01T16:40:32.994+0000] {dag.py:2907} INFO - Sync 1 DAGs
[2023-09-01T16:40:33.025+0000] {logging_mixin.py:151} INFO - [2023-09-01T16:40:33.025+0000] {dag.py:3677} INFO - Setting next_dagrun for example_bash_operator to 2023-08-31T00:00:00+00:00, run_after=2023-09-01T00:00:00+00:00
[2023-09-01T16:40:33.187+0000] {processor.py:179} INFO - Processing /home/airflow/.local/lib/python3.8/site-packages/airflow/example_dags/example_bash_operator.py took 0.262 seconds
[2023-09-01T17:33:18.610+0000] {processor.py:157} INFO - Started process (PID=73549) to work on /home/airflow/.local/lib/python3.8/site-packages/airflow/example_dags/example_bash_operator.py
[2023-09-01T17:33:18.612+0000] {processor.py:829} INFO - Processing file /home/airflow/.local/lib/python3.8/site-packages/airflow/example_dags/example_bash_operator.py for tasks to queue
[2023-09-01T17:33:18.613+0000] {logging_mixin.py:151} INFO - [2023-09-01T17:33:18.613+0000] {dagbag.py:539} INFO - Filling up the DagBag from /home/airflow/.local/lib/python3.8/site-packages/airflow/example_dags/example_bash_operator.py
[2023-09-01T17:33:18.628+0000] {processor.py:839} INFO - DAG(s) dict_keys(['example_bash_operator']) retrieved from /home/airflow/.local/lib/python3.8/site-packages/airflow/example_dags/example_bash_operator.py
[2023-09-01T17:33:18.812+0000] {logging_mixin.py:151} INFO - [2023-09-01T17:33:18.812+0000] {dag.py:2907} INFO - Sync 1 DAGs
[2023-09-01T17:33:18.834+0000] {logging_mixin.py:151} INFO - [2023-09-01T17:33:18.834+0000] {dag.py:3677} INFO - Setting next_dagrun for example_bash_operator to 2023-08-31T00:00:00+00:00, run_after=2023-09-01T00:00:00+00:00
[2023-09-01T17:33:18.854+0000] {processor.py:179} INFO - Processing /home/airflow/.local/lib/python3.8/site-packages/airflow/example_dags/example_bash_operator.py took 0.248 seconds
[2023-09-01T17:55:30.642+0000] {processor.py:157} INFO - Started process (PID=73601) to work on /home/airflow/.local/lib/python3.8/site-packages/airflow/example_dags/example_bash_operator.py
[2023-09-01T17:55:30.644+0000] {processor.py:829} INFO - Processing file /home/airflow/.local/lib/python3.8/site-packages/airflow/example_dags/example_bash_operator.py for tasks to queue
[2023-09-01T17:55:30.645+0000] {logging_mixin.py:151} INFO - [2023-09-01T17:55:30.645+0000] {dagbag.py:539} INFO - Filling up the DagBag from /home/airflow/.local/lib/python3.8/site-packages/airflow/example_dags/example_bash_operator.py
[2023-09-01T17:55:30.660+0000] {processor.py:839} INFO - DAG(s) dict_keys(['example_bash_operator']) retrieved from /home/airflow/.local/lib/python3.8/site-packages/airflow/example_dags/example_bash_operator.py
[2023-09-01T17:55:30.701+0000] {logging_mixin.py:151} INFO - [2023-09-01T17:55:30.701+0000] {dag.py:2907} INFO - Sync 1 DAGs
[2023-09-01T17:55:30.728+0000] {logging_mixin.py:151} INFO - [2023-09-01T17:55:30.728+0000] {dag.py:3677} INFO - Setting next_dagrun for example_bash_operator to 2023-08-31T00:00:00+00:00, run_after=2023-09-01T00:00:00+00:00
[2023-09-01T17:55:30.752+0000] {processor.py:179} INFO - Processing /home/airflow/.local/lib/python3.8/site-packages/airflow/example_dags/example_bash_operator.py took 0.114 seconds
[2023-09-01T18:41:51.744+0000] {processor.py:157} INFO - Started process (PID=73656) to work on /home/airflow/.local/lib/python3.8/site-packages/airflow/example_dags/example_bash_operator.py
[2023-09-01T18:41:51.746+0000] {processor.py:829} INFO - Processing file /home/airflow/.local/lib/python3.8/site-packages/airflow/example_dags/example_bash_operator.py for tasks to queue
[2023-09-01T18:41:51.747+0000] {logging_mixin.py:151} INFO - [2023-09-01T18:41:51.747+0000] {dagbag.py:539} INFO - Filling up the DagBag from /home/airflow/.local/lib/python3.8/site-packages/airflow/example_dags/example_bash_operator.py
[2023-09-01T18:41:51.764+0000] {processor.py:839} INFO - DAG(s) dict_keys(['example_bash_operator']) retrieved from /home/airflow/.local/lib/python3.8/site-packages/airflow/example_dags/example_bash_operator.py
[2023-09-01T18:41:51.809+0000] {logging_mixin.py:151} INFO - [2023-09-01T18:41:51.809+0000] {dag.py:2907} INFO - Sync 1 DAGs
[2023-09-01T18:41:51.839+0000] {logging_mixin.py:151} INFO - [2023-09-01T18:41:51.839+0000] {dag.py:3677} INFO - Setting next_dagrun for example_bash_operator to 2023-08-31T00:00:00+00:00, run_after=2023-09-01T00:00:00+00:00
[2023-09-01T18:41:51.868+0000] {processor.py:179} INFO - Processing /home/airflow/.local/lib/python3.8/site-packages/airflow/example_dags/example_bash_operator.py took 0.130 seconds
[2023-09-01T19:35:58.014+0000] {processor.py:157} INFO - Started process (PID=73711) to work on /home/airflow/.local/lib/python3.8/site-packages/airflow/example_dags/example_bash_operator.py
[2023-09-01T19:35:58.015+0000] {processor.py:829} INFO - Processing file /home/airflow/.local/lib/python3.8/site-packages/airflow/example_dags/example_bash_operator.py for tasks to queue
[2023-09-01T19:35:58.017+0000] {logging_mixin.py:151} INFO - [2023-09-01T19:35:58.017+0000] {dagbag.py:539} INFO - Filling up the DagBag from /home/airflow/.local/lib/python3.8/site-packages/airflow/example_dags/example_bash_operator.py
[2023-09-01T19:35:58.033+0000] {processor.py:839} INFO - DAG(s) dict_keys(['example_bash_operator']) retrieved from /home/airflow/.local/lib/python3.8/site-packages/airflow/example_dags/example_bash_operator.py
[2023-09-01T19:35:58.076+0000] {logging_mixin.py:151} INFO - [2023-09-01T19:35:58.075+0000] {dag.py:2907} INFO - Sync 1 DAGs
[2023-09-01T19:35:58.105+0000] {logging_mixin.py:151} INFO - [2023-09-01T19:35:58.105+0000] {dag.py:3677} INFO - Setting next_dagrun for example_bash_operator to 2023-08-31T00:00:00+00:00, run_after=2023-09-01T00:00:00+00:00
[2023-09-01T19:35:58.129+0000] {processor.py:179} INFO - Processing /home/airflow/.local/lib/python3.8/site-packages/airflow/example_dags/example_bash_operator.py took 0.120 seconds
[2023-09-01T19:40:33.690+0000] {processor.py:157} INFO - Started process (PID=73766) to work on /home/airflow/.local/lib/python3.8/site-packages/airflow/example_dags/example_bash_operator.py
[2023-09-01T19:40:33.692+0000] {processor.py:829} INFO - Processing file /home/airflow/.local/lib/python3.8/site-packages/airflow/example_dags/example_bash_operator.py for tasks to queue
[2023-09-01T19:40:33.693+0000] {logging_mixin.py:151} INFO - [2023-09-01T19:40:33.693+0000] {dagbag.py:539} INFO - Filling up the DagBag from /home/airflow/.local/lib/python3.8/site-packages/airflow/example_dags/example_bash_operator.py
[2023-09-01T19:40:33.710+0000] {processor.py:839} INFO - DAG(s) dict_keys(['example_bash_operator']) retrieved from /home/airflow/.local/lib/python3.8/site-packages/airflow/example_dags/example_bash_operator.py
[2023-09-01T19:40:33.749+0000] {logging_mixin.py:151} INFO - [2023-09-01T19:40:33.749+0000] {dag.py:2907} INFO - Sync 1 DAGs
[2023-09-01T19:40:33.776+0000] {logging_mixin.py:151} INFO - [2023-09-01T19:40:33.776+0000] {dag.py:3677} INFO - Setting next_dagrun for example_bash_operator to 2023-08-31T00:00:00+00:00, run_after=2023-09-01T00:00:00+00:00
[2023-09-01T19:40:33.800+0000] {processor.py:179} INFO - Processing /home/airflow/.local/lib/python3.8/site-packages/airflow/example_dags/example_bash_operator.py took 0.114 seconds
[2023-09-01T19:41:08.441+0000] {processor.py:157} INFO - Started process (PID=73821) to work on /home/airflow/.local/lib/python3.8/site-packages/airflow/example_dags/example_bash_operator.py
[2023-09-01T19:41:08.449+0000] {processor.py:829} INFO - Processing file /home/airflow/.local/lib/python3.8/site-packages/airflow/example_dags/example_bash_operator.py for tasks to queue
[2023-09-01T19:41:08.458+0000] {logging_mixin.py:151} INFO - [2023-09-01T19:41:08.456+0000] {dagbag.py:539} INFO - Filling up the DagBag from /home/airflow/.local/lib/python3.8/site-packages/airflow/example_dags/example_bash_operator.py
[2023-09-01T19:41:22.028+0000] {processor.py:839} INFO - DAG(s) dict_keys(['example_bash_operator']) retrieved from /home/airflow/.local/lib/python3.8/site-packages/airflow/example_dags/example_bash_operator.py
[2023-09-01T19:41:22.327+0000] {logging_mixin.py:151} INFO - [2023-09-01T19:41:22.325+0000] {dag.py:2907} INFO - Sync 1 DAGs
[2023-09-01T19:41:22.403+0000] {logging_mixin.py:151} INFO - [2023-09-01T19:41:22.403+0000] {dag.py:3677} INFO - Setting next_dagrun for example_bash_operator to 2023-08-31T00:00:00+00:00, run_after=2023-09-01T00:00:00+00:00
[2023-09-01T19:41:22.488+0000] {processor.py:179} INFO - Processing /home/airflow/.local/lib/python3.8/site-packages/airflow/example_dags/example_bash_operator.py took 14.070 seconds
[2023-09-01T19:59:27.621+0000] {processor.py:157} INFO - Started process (PID=73876) to work on /home/airflow/.local/lib/python3.8/site-packages/airflow/example_dags/example_bash_operator.py
[2023-09-01T19:59:27.622+0000] {processor.py:829} INFO - Processing file /home/airflow/.local/lib/python3.8/site-packages/airflow/example_dags/example_bash_operator.py for tasks to queue
[2023-09-01T19:59:27.624+0000] {logging_mixin.py:151} INFO - [2023-09-01T19:59:27.623+0000] {dagbag.py:539} INFO - Filling up the DagBag from /home/airflow/.local/lib/python3.8/site-packages/airflow/example_dags/example_bash_operator.py
[2023-09-01T19:59:27.638+0000] {processor.py:839} INFO - DAG(s) dict_keys(['example_bash_operator']) retrieved from /home/airflow/.local/lib/python3.8/site-packages/airflow/example_dags/example_bash_operator.py
[2023-09-01T19:59:27.676+0000] {logging_mixin.py:151} INFO - [2023-09-01T19:59:27.676+0000] {dag.py:2907} INFO - Sync 1 DAGs
[2023-09-01T19:59:27.700+0000] {logging_mixin.py:151} INFO - [2023-09-01T19:59:27.699+0000] {dag.py:3677} INFO - Setting next_dagrun for example_bash_operator to 2023-08-31T00:00:00+00:00, run_after=2023-09-01T00:00:00+00:00
[2023-09-01T19:59:27.719+0000] {processor.py:179} INFO - Processing /home/airflow/.local/lib/python3.8/site-packages/airflow/example_dags/example_bash_operator.py took 0.103 seconds
