[2023-09-01T02:15:42.627+0000] {processor.py:157} INFO - Started process (PID=73127) to work on /home/airflow/.local/lib/python3.8/site-packages/airflow/example_dags/example_latest_only_with_trigger.py
[2023-09-01T02:15:42.629+0000] {processor.py:829} INFO - Processing file /home/airflow/.local/lib/python3.8/site-packages/airflow/example_dags/example_latest_only_with_trigger.py for tasks to queue
[2023-09-01T02:15:42.630+0000] {logging_mixin.py:151} INFO - [2023-09-01T02:15:42.629+0000] {dagbag.py:539} INFO - Filling up the DagBag from /home/airflow/.local/lib/python3.8/site-packages/airflow/example_dags/example_latest_only_with_trigger.py
[2023-09-01T02:15:42.639+0000] {processor.py:839} INFO - DAG(s) dict_keys(['latest_only_with_trigger']) retrieved from /home/airflow/.local/lib/python3.8/site-packages/airflow/example_dags/example_latest_only_with_trigger.py
[2023-09-01T02:15:42.667+0000] {logging_mixin.py:151} INFO - [2023-09-01T02:15:42.667+0000] {dag.py:2907} INFO - Sync 1 DAGs
[2023-09-01T02:15:42.695+0000] {logging_mixin.py:151} INFO - [2023-09-01T02:15:42.695+0000] {dag.py:3677} INFO - Setting next_dagrun for latest_only_with_trigger to 2023-08-31T22:15:42.694634+00:00, run_after=2023-09-01T02:15:42.694634+00:00
[2023-09-01T02:15:42.728+0000] {processor.py:179} INFO - Processing /home/airflow/.local/lib/python3.8/site-packages/airflow/example_dags/example_latest_only_with_trigger.py took 0.107 seconds
[2023-09-01T04:04:39.520+0000] {processor.py:157} INFO - Started process (PID=73220) to work on /home/airflow/.local/lib/python3.8/site-packages/airflow/example_dags/example_latest_only_with_trigger.py
[2023-09-01T04:04:39.521+0000] {processor.py:829} INFO - Processing file /home/airflow/.local/lib/python3.8/site-packages/airflow/example_dags/example_latest_only_with_trigger.py for tasks to queue
[2023-09-01T04:04:39.523+0000] {logging_mixin.py:151} INFO - [2023-09-01T04:04:39.522+0000] {dagbag.py:539} INFO - Filling up the DagBag from /home/airflow/.local/lib/python3.8/site-packages/airflow/example_dags/example_latest_only_with_trigger.py
[2023-09-01T04:04:39.532+0000] {processor.py:839} INFO - DAG(s) dict_keys(['latest_only_with_trigger']) retrieved from /home/airflow/.local/lib/python3.8/site-packages/airflow/example_dags/example_latest_only_with_trigger.py
[2023-09-01T04:04:39.557+0000] {logging_mixin.py:151} INFO - [2023-09-01T04:04:39.557+0000] {dag.py:2907} INFO - Sync 1 DAGs
[2023-09-01T04:04:39.582+0000] {logging_mixin.py:151} INFO - [2023-09-01T04:04:39.582+0000] {dag.py:3677} INFO - Setting next_dagrun for latest_only_with_trigger to 2023-09-01T00:04:39.581721+00:00, run_after=2023-09-01T04:04:39.581721+00:00
[2023-09-01T04:04:39.602+0000] {processor.py:179} INFO - Processing /home/airflow/.local/lib/python3.8/site-packages/airflow/example_dags/example_latest_only_with_trigger.py took 0.087 seconds
[2023-09-01T04:05:20.936+0000] {processor.py:157} INFO - Started process (PID=73275) to work on /home/airflow/.local/lib/python3.8/site-packages/airflow/example_dags/example_latest_only_with_trigger.py
[2023-09-01T04:05:20.943+0000] {processor.py:829} INFO - Processing file /home/airflow/.local/lib/python3.8/site-packages/airflow/example_dags/example_latest_only_with_trigger.py for tasks to queue
[2023-09-01T04:05:20.948+0000] {logging_mixin.py:151} INFO - [2023-09-01T04:05:20.947+0000] {dagbag.py:539} INFO - Filling up the DagBag from /home/airflow/.local/lib/python3.8/site-packages/airflow/example_dags/example_latest_only_with_trigger.py
[2023-09-01T04:05:20.991+0000] {processor.py:839} INFO - DAG(s) dict_keys(['latest_only_with_trigger']) retrieved from /home/airflow/.local/lib/python3.8/site-packages/airflow/example_dags/example_latest_only_with_trigger.py
[2023-09-01T04:05:21.106+0000] {logging_mixin.py:151} INFO - [2023-09-01T04:05:21.105+0000] {dag.py:2907} INFO - Sync 1 DAGs
[2023-09-01T04:05:21.215+0000] {logging_mixin.py:151} INFO - [2023-09-01T04:05:21.214+0000] {dag.py:3677} INFO - Setting next_dagrun for latest_only_with_trigger to 2023-09-01T00:05:21.213089+00:00, run_after=2023-09-01T04:05:21.213089+00:00
[2023-09-01T04:05:21.311+0000] {processor.py:179} INFO - Processing /home/airflow/.local/lib/python3.8/site-packages/airflow/example_dags/example_latest_only_with_trigger.py took 0.395 seconds
[2023-09-01T04:05:51.701+0000] {processor.py:157} INFO - Started process (PID=73330) to work on /home/airflow/.local/lib/python3.8/site-packages/airflow/example_dags/example_latest_only_with_trigger.py
[2023-09-01T04:05:51.703+0000] {processor.py:829} INFO - Processing file /home/airflow/.local/lib/python3.8/site-packages/airflow/example_dags/example_latest_only_with_trigger.py for tasks to queue
[2023-09-01T04:05:51.705+0000] {logging_mixin.py:151} INFO - [2023-09-01T04:05:51.704+0000] {dagbag.py:539} INFO - Filling up the DagBag from /home/airflow/.local/lib/python3.8/site-packages/airflow/example_dags/example_latest_only_with_trigger.py
[2023-09-01T04:05:51.715+0000] {processor.py:839} INFO - DAG(s) dict_keys(['latest_only_with_trigger']) retrieved from /home/airflow/.local/lib/python3.8/site-packages/airflow/example_dags/example_latest_only_with_trigger.py
[2023-09-01T04:05:51.745+0000] {logging_mixin.py:151} INFO - [2023-09-01T04:05:51.745+0000] {dag.py:2907} INFO - Sync 1 DAGs
[2023-09-01T04:05:51.773+0000] {logging_mixin.py:151} INFO - [2023-09-01T04:05:51.773+0000] {dag.py:3677} INFO - Setting next_dagrun for latest_only_with_trigger to 2023-09-01T00:05:51.773182+00:00, run_after=2023-09-01T04:05:51.773182+00:00
[2023-09-01T04:05:51.798+0000] {processor.py:179} INFO - Processing /home/airflow/.local/lib/python3.8/site-packages/airflow/example_dags/example_latest_only_with_trigger.py took 0.102 seconds
[2023-09-01T10:29:14.001+0000] {processor.py:157} INFO - Started process (PID=73378) to work on /home/airflow/.local/lib/python3.8/site-packages/airflow/example_dags/example_latest_only_with_trigger.py
[2023-09-01T10:29:14.001+0000] {processor.py:829} INFO - Processing file /home/airflow/.local/lib/python3.8/site-packages/airflow/example_dags/example_latest_only_with_trigger.py for tasks to queue
[2023-09-01T10:29:14.001+0000] {logging_mixin.py:151} INFO - [2023-09-01T10:29:14.001+0000] {dagbag.py:539} INFO - Filling up the DagBag from /home/airflow/.local/lib/python3.8/site-packages/airflow/example_dags/example_latest_only_with_trigger.py
[2023-09-01T10:29:14.001+0000] {processor.py:839} INFO - DAG(s) dict_keys(['latest_only_with_trigger']) retrieved from /home/airflow/.local/lib/python3.8/site-packages/airflow/example_dags/example_latest_only_with_trigger.py
[2023-09-01T10:29:19.079+0000] {logging_mixin.py:151} INFO - [2023-09-01T10:29:19.079+0000] {dag.py:2907} INFO - Sync 1 DAGs
[2023-09-01T10:29:19.143+0000] {logging_mixin.py:151} INFO - [2023-09-01T10:29:19.143+0000] {dag.py:3677} INFO - Setting next_dagrun for latest_only_with_trigger to 2023-09-01T06:29:19.141608+00:00, run_after=2023-09-01T10:29:19.141608+00:00
[2023-09-01T10:29:19.197+0000] {processor.py:179} INFO - Processing /home/airflow/.local/lib/python3.8/site-packages/airflow/example_dags/example_latest_only_with_trigger.py took 5.196 seconds
[2023-09-01T16:39:34.712+0000] {processor.py:157} INFO - Started process (PID=73434) to work on /home/airflow/.local/lib/python3.8/site-packages/airflow/example_dags/example_latest_only_with_trigger.py
[2023-09-01T16:39:34.714+0000] {processor.py:829} INFO - Processing file /home/airflow/.local/lib/python3.8/site-packages/airflow/example_dags/example_latest_only_with_trigger.py for tasks to queue
[2023-09-01T16:39:34.716+0000] {logging_mixin.py:151} INFO - [2023-09-01T16:39:34.716+0000] {dagbag.py:539} INFO - Filling up the DagBag from /home/airflow/.local/lib/python3.8/site-packages/airflow/example_dags/example_latest_only_with_trigger.py
[2023-09-01T16:39:34.726+0000] {processor.py:839} INFO - DAG(s) dict_keys(['latest_only_with_trigger']) retrieved from /home/airflow/.local/lib/python3.8/site-packages/airflow/example_dags/example_latest_only_with_trigger.py
[2023-09-01T16:39:34.757+0000] {logging_mixin.py:151} INFO - [2023-09-01T16:39:34.757+0000] {dag.py:2907} INFO - Sync 1 DAGs
[2023-09-01T16:39:34.786+0000] {logging_mixin.py:151} INFO - [2023-09-01T16:39:34.786+0000] {dag.py:3677} INFO - Setting next_dagrun for latest_only_with_trigger to 2023-09-01T12:39:34.785944+00:00, run_after=2023-09-01T16:39:34.785944+00:00
[2023-09-01T16:39:34.811+0000] {processor.py:179} INFO - Processing /home/airflow/.local/lib/python3.8/site-packages/airflow/example_dags/example_latest_only_with_trigger.py took 0.105 seconds
[2023-09-01T16:40:05.480+0000] {processor.py:157} INFO - Started process (PID=73489) to work on /home/airflow/.local/lib/python3.8/site-packages/airflow/example_dags/example_latest_only_with_trigger.py
[2023-09-01T16:40:05.481+0000] {processor.py:829} INFO - Processing file /home/airflow/.local/lib/python3.8/site-packages/airflow/example_dags/example_latest_only_with_trigger.py for tasks to queue
[2023-09-01T16:40:05.482+0000] {logging_mixin.py:151} INFO - [2023-09-01T16:40:05.482+0000] {dagbag.py:539} INFO - Filling up the DagBag from /home/airflow/.local/lib/python3.8/site-packages/airflow/example_dags/example_latest_only_with_trigger.py
[2023-09-01T16:40:05.491+0000] {processor.py:839} INFO - DAG(s) dict_keys(['latest_only_with_trigger']) retrieved from /home/airflow/.local/lib/python3.8/site-packages/airflow/example_dags/example_latest_only_with_trigger.py
[2023-09-01T16:40:05.518+0000] {logging_mixin.py:151} INFO - [2023-09-01T16:40:05.518+0000] {dag.py:2907} INFO - Sync 1 DAGs
[2023-09-01T16:40:05.542+0000] {logging_mixin.py:151} INFO - [2023-09-01T16:40:05.542+0000] {dag.py:3677} INFO - Setting next_dagrun for latest_only_with_trigger to 2023-09-01T12:40:05.541927+00:00, run_after=2023-09-01T16:40:05.541927+00:00
[2023-09-01T16:40:05.564+0000] {processor.py:179} INFO - Processing /home/airflow/.local/lib/python3.8/site-packages/airflow/example_dags/example_latest_only_with_trigger.py took 0.089 seconds
[2023-09-01T17:33:21.477+0000] {processor.py:157} INFO - Started process (PID=73570) to work on /home/airflow/.local/lib/python3.8/site-packages/airflow/example_dags/example_latest_only_with_trigger.py
[2023-09-01T17:33:21.478+0000] {processor.py:829} INFO - Processing file /home/airflow/.local/lib/python3.8/site-packages/airflow/example_dags/example_latest_only_with_trigger.py for tasks to queue
[2023-09-01T17:33:21.480+0000] {logging_mixin.py:151} INFO - [2023-09-01T17:33:21.479+0000] {dagbag.py:539} INFO - Filling up the DagBag from /home/airflow/.local/lib/python3.8/site-packages/airflow/example_dags/example_latest_only_with_trigger.py
[2023-09-01T17:33:21.489+0000] {processor.py:839} INFO - DAG(s) dict_keys(['latest_only_with_trigger']) retrieved from /home/airflow/.local/lib/python3.8/site-packages/airflow/example_dags/example_latest_only_with_trigger.py
[2023-09-01T17:33:21.517+0000] {logging_mixin.py:151} INFO - [2023-09-01T17:33:21.517+0000] {dag.py:2907} INFO - Sync 1 DAGs
[2023-09-01T17:33:21.543+0000] {logging_mixin.py:151} INFO - [2023-09-01T17:33:21.543+0000] {dag.py:3677} INFO - Setting next_dagrun for latest_only_with_trigger to 2023-09-01T13:33:21.543386+00:00, run_after=2023-09-01T17:33:21.543386+00:00
[2023-09-01T17:33:21.564+0000] {processor.py:179} INFO - Processing /home/airflow/.local/lib/python3.8/site-packages/airflow/example_dags/example_latest_only_with_trigger.py took 0.092 seconds
[2023-09-01T17:55:32.879+0000] {processor.py:157} INFO - Started process (PID=73625) to work on /home/airflow/.local/lib/python3.8/site-packages/airflow/example_dags/example_latest_only_with_trigger.py
[2023-09-01T17:55:32.880+0000] {processor.py:829} INFO - Processing file /home/airflow/.local/lib/python3.8/site-packages/airflow/example_dags/example_latest_only_with_trigger.py for tasks to queue
[2023-09-01T17:55:32.882+0000] {logging_mixin.py:151} INFO - [2023-09-01T17:55:32.881+0000] {dagbag.py:539} INFO - Filling up the DagBag from /home/airflow/.local/lib/python3.8/site-packages/airflow/example_dags/example_latest_only_with_trigger.py
[2023-09-01T17:55:32.891+0000] {processor.py:839} INFO - DAG(s) dict_keys(['latest_only_with_trigger']) retrieved from /home/airflow/.local/lib/python3.8/site-packages/airflow/example_dags/example_latest_only_with_trigger.py
[2023-09-01T17:55:32.918+0000] {logging_mixin.py:151} INFO - [2023-09-01T17:55:32.918+0000] {dag.py:2907} INFO - Sync 1 DAGs
[2023-09-01T17:55:32.943+0000] {logging_mixin.py:151} INFO - [2023-09-01T17:55:32.943+0000] {dag.py:3677} INFO - Setting next_dagrun for latest_only_with_trigger to 2023-09-01T13:55:32.943159+00:00, run_after=2023-09-01T17:55:32.943159+00:00
[2023-09-01T17:55:32.965+0000] {processor.py:179} INFO - Processing /home/airflow/.local/lib/python3.8/site-packages/airflow/example_dags/example_latest_only_with_trigger.py took 0.090 seconds
[2023-09-01T18:41:53.847+0000] {processor.py:157} INFO - Started process (PID=73680) to work on /home/airflow/.local/lib/python3.8/site-packages/airflow/example_dags/example_latest_only_with_trigger.py
[2023-09-01T18:41:53.848+0000] {processor.py:829} INFO - Processing file /home/airflow/.local/lib/python3.8/site-packages/airflow/example_dags/example_latest_only_with_trigger.py for tasks to queue
[2023-09-01T18:41:53.849+0000] {logging_mixin.py:151} INFO - [2023-09-01T18:41:53.849+0000] {dagbag.py:539} INFO - Filling up the DagBag from /home/airflow/.local/lib/python3.8/site-packages/airflow/example_dags/example_latest_only_with_trigger.py
[2023-09-01T18:41:53.859+0000] {processor.py:839} INFO - DAG(s) dict_keys(['latest_only_with_trigger']) retrieved from /home/airflow/.local/lib/python3.8/site-packages/airflow/example_dags/example_latest_only_with_trigger.py
[2023-09-01T18:41:53.886+0000] {logging_mixin.py:151} INFO - [2023-09-01T18:41:53.886+0000] {dag.py:2907} INFO - Sync 1 DAGs
[2023-09-01T18:41:53.912+0000] {logging_mixin.py:151} INFO - [2023-09-01T18:41:53.911+0000] {dag.py:3677} INFO - Setting next_dagrun for latest_only_with_trigger to 2023-09-01T14:41:53.911421+00:00, run_after=2023-09-01T18:41:53.911421+00:00
[2023-09-01T18:41:53.933+0000] {processor.py:179} INFO - Processing /home/airflow/.local/lib/python3.8/site-packages/airflow/example_dags/example_latest_only_with_trigger.py took 0.091 seconds
[2023-09-01T19:36:00.034+0000] {processor.py:157} INFO - Started process (PID=73735) to work on /home/airflow/.local/lib/python3.8/site-packages/airflow/example_dags/example_latest_only_with_trigger.py
[2023-09-01T19:36:00.036+0000] {processor.py:829} INFO - Processing file /home/airflow/.local/lib/python3.8/site-packages/airflow/example_dags/example_latest_only_with_trigger.py for tasks to queue
[2023-09-01T19:36:00.037+0000] {logging_mixin.py:151} INFO - [2023-09-01T19:36:00.037+0000] {dagbag.py:539} INFO - Filling up the DagBag from /home/airflow/.local/lib/python3.8/site-packages/airflow/example_dags/example_latest_only_with_trigger.py
[2023-09-01T19:36:00.047+0000] {processor.py:839} INFO - DAG(s) dict_keys(['latest_only_with_trigger']) retrieved from /home/airflow/.local/lib/python3.8/site-packages/airflow/example_dags/example_latest_only_with_trigger.py
[2023-09-01T19:36:00.075+0000] {logging_mixin.py:151} INFO - [2023-09-01T19:36:00.075+0000] {dag.py:2907} INFO - Sync 1 DAGs
[2023-09-01T19:36:00.101+0000] {logging_mixin.py:151} INFO - [2023-09-01T19:36:00.101+0000] {dag.py:3677} INFO - Setting next_dagrun for latest_only_with_trigger to 2023-09-01T15:36:00.100747+00:00, run_after=2023-09-01T19:36:00.100747+00:00
[2023-09-01T19:36:00.123+0000] {processor.py:179} INFO - Processing /home/airflow/.local/lib/python3.8/site-packages/airflow/example_dags/example_latest_only_with_trigger.py took 0.093 seconds
[2023-09-01T19:40:35.805+0000] {processor.py:157} INFO - Started process (PID=73790) to work on /home/airflow/.local/lib/python3.8/site-packages/airflow/example_dags/example_latest_only_with_trigger.py
[2023-09-01T19:40:35.807+0000] {processor.py:829} INFO - Processing file /home/airflow/.local/lib/python3.8/site-packages/airflow/example_dags/example_latest_only_with_trigger.py for tasks to queue
[2023-09-01T19:40:35.808+0000] {logging_mixin.py:151} INFO - [2023-09-01T19:40:35.808+0000] {dagbag.py:539} INFO - Filling up the DagBag from /home/airflow/.local/lib/python3.8/site-packages/airflow/example_dags/example_latest_only_with_trigger.py
[2023-09-01T19:40:35.818+0000] {processor.py:839} INFO - DAG(s) dict_keys(['latest_only_with_trigger']) retrieved from /home/airflow/.local/lib/python3.8/site-packages/airflow/example_dags/example_latest_only_with_trigger.py
[2023-09-01T19:40:35.846+0000] {logging_mixin.py:151} INFO - [2023-09-01T19:40:35.845+0000] {dag.py:2907} INFO - Sync 1 DAGs
[2023-09-01T19:40:35.871+0000] {logging_mixin.py:151} INFO - [2023-09-01T19:40:35.871+0000] {dag.py:3677} INFO - Setting next_dagrun for latest_only_with_trigger to 2023-09-01T15:40:35.871114+00:00, run_after=2023-09-01T19:40:35.871114+00:00
[2023-09-01T19:40:35.893+0000] {processor.py:179} INFO - Processing /home/airflow/.local/lib/python3.8/site-packages/airflow/example_dags/example_latest_only_with_trigger.py took 0.092 seconds
[2023-09-01T19:41:26.673+0000] {processor.py:157} INFO - Started process (PID=73845) to work on /home/airflow/.local/lib/python3.8/site-packages/airflow/example_dags/example_latest_only_with_trigger.py
[2023-09-01T19:41:26.674+0000] {processor.py:829} INFO - Processing file /home/airflow/.local/lib/python3.8/site-packages/airflow/example_dags/example_latest_only_with_trigger.py for tasks to queue
[2023-09-01T19:41:26.676+0000] {logging_mixin.py:151} INFO - [2023-09-01T19:41:26.675+0000] {dagbag.py:539} INFO - Filling up the DagBag from /home/airflow/.local/lib/python3.8/site-packages/airflow/example_dags/example_latest_only_with_trigger.py
[2023-09-01T19:41:26.686+0000] {processor.py:839} INFO - DAG(s) dict_keys(['latest_only_with_trigger']) retrieved from /home/airflow/.local/lib/python3.8/site-packages/airflow/example_dags/example_latest_only_with_trigger.py
[2023-09-01T19:41:26.713+0000] {logging_mixin.py:151} INFO - [2023-09-01T19:41:26.713+0000] {dag.py:2907} INFO - Sync 1 DAGs
[2023-09-01T19:41:26.739+0000] {logging_mixin.py:151} INFO - [2023-09-01T19:41:26.739+0000] {dag.py:3677} INFO - Setting next_dagrun for latest_only_with_trigger to 2023-09-01T15:41:26.739089+00:00, run_after=2023-09-01T19:41:26.739089+00:00
[2023-09-01T19:41:26.763+0000] {processor.py:179} INFO - Processing /home/airflow/.local/lib/python3.8/site-packages/airflow/example_dags/example_latest_only_with_trigger.py took 0.096 seconds
[2023-09-01T19:59:29.573+0000] {processor.py:157} INFO - Started process (PID=73900) to work on /home/airflow/.local/lib/python3.8/site-packages/airflow/example_dags/example_latest_only_with_trigger.py
[2023-09-01T19:59:29.575+0000] {processor.py:829} INFO - Processing file /home/airflow/.local/lib/python3.8/site-packages/airflow/example_dags/example_latest_only_with_trigger.py for tasks to queue
[2023-09-01T19:59:29.576+0000] {logging_mixin.py:151} INFO - [2023-09-01T19:59:29.575+0000] {dagbag.py:539} INFO - Filling up the DagBag from /home/airflow/.local/lib/python3.8/site-packages/airflow/example_dags/example_latest_only_with_trigger.py
[2023-09-01T19:59:29.585+0000] {processor.py:839} INFO - DAG(s) dict_keys(['latest_only_with_trigger']) retrieved from /home/airflow/.local/lib/python3.8/site-packages/airflow/example_dags/example_latest_only_with_trigger.py
[2023-09-01T19:59:29.612+0000] {logging_mixin.py:151} INFO - [2023-09-01T19:59:29.612+0000] {dag.py:2907} INFO - Sync 1 DAGs
[2023-09-01T19:59:29.637+0000] {logging_mixin.py:151} INFO - [2023-09-01T19:59:29.637+0000] {dag.py:3677} INFO - Setting next_dagrun for latest_only_with_trigger to 2023-09-01T15:59:29.637268+00:00, run_after=2023-09-01T19:59:29.637268+00:00
[2023-09-01T19:59:29.660+0000] {processor.py:179} INFO - Processing /home/airflow/.local/lib/python3.8/site-packages/airflow/example_dags/example_latest_only_with_trigger.py took 0.092 seconds
