[2023-09-01T02:15:45.640+0000] {processor.py:157} INFO - Started process (PID=73165) to work on /home/airflow/.local/lib/python3.8/site-packages/airflow/example_dags/example_python_operator.py
[2023-09-01T02:15:45.641+0000] {processor.py:829} INFO - Processing file /home/airflow/.local/lib/python3.8/site-packages/airflow/example_dags/example_python_operator.py for tasks to queue
[2023-09-01T02:15:45.642+0000] {logging_mixin.py:151} INFO - [2023-09-01T02:15:45.642+0000] {dagbag.py:539} INFO - Filling up the DagBag from /home/airflow/.local/lib/python3.8/site-packages/airflow/example_dags/example_python_operator.py
[2023-09-01T02:15:45.656+0000] {processor.py:839} INFO - DAG(s) dict_keys(['example_python_operator']) retrieved from /home/airflow/.local/lib/python3.8/site-packages/airflow/example_dags/example_python_operator.py
[2023-09-01T02:15:45.685+0000] {logging_mixin.py:151} INFO - [2023-09-01T02:15:45.684+0000] {dag.py:2907} INFO - Sync 1 DAGs
[2023-09-01T02:15:45.701+0000] {logging_mixin.py:151} INFO - [2023-09-01T02:15:45.700+0000] {dag.py:3677} INFO - Setting next_dagrun for example_python_operator to None, run_after=None
[2023-09-01T02:15:45.721+0000] {processor.py:179} INFO - Processing /home/airflow/.local/lib/python3.8/site-packages/airflow/example_dags/example_python_operator.py took 0.085 seconds
[2023-09-01T04:04:38.423+0000] {processor.py:157} INFO - Started process (PID=73210) to work on /home/airflow/.local/lib/python3.8/site-packages/airflow/example_dags/example_python_operator.py
[2023-09-01T04:04:38.425+0000] {processor.py:829} INFO - Processing file /home/airflow/.local/lib/python3.8/site-packages/airflow/example_dags/example_python_operator.py for tasks to queue
[2023-09-01T04:04:38.426+0000] {logging_mixin.py:151} INFO - [2023-09-01T04:04:38.426+0000] {dagbag.py:539} INFO - Filling up the DagBag from /home/airflow/.local/lib/python3.8/site-packages/airflow/example_dags/example_python_operator.py
[2023-09-01T04:04:38.441+0000] {processor.py:839} INFO - DAG(s) dict_keys(['example_python_operator']) retrieved from /home/airflow/.local/lib/python3.8/site-packages/airflow/example_dags/example_python_operator.py
[2023-09-01T04:04:38.471+0000] {logging_mixin.py:151} INFO - [2023-09-01T04:04:38.471+0000] {dag.py:2907} INFO - Sync 1 DAGs
[2023-09-01T04:04:38.487+0000] {logging_mixin.py:151} INFO - [2023-09-01T04:04:38.487+0000] {dag.py:3677} INFO - Setting next_dagrun for example_python_operator to None, run_after=None
[2023-09-01T04:04:38.509+0000] {processor.py:179} INFO - Processing /home/airflow/.local/lib/python3.8/site-packages/airflow/example_dags/example_python_operator.py took 0.091 seconds
[2023-09-01T04:05:16.272+0000] {processor.py:157} INFO - Started process (PID=73265) to work on /home/airflow/.local/lib/python3.8/site-packages/airflow/example_dags/example_python_operator.py
[2023-09-01T04:05:16.278+0000] {processor.py:829} INFO - Processing file /home/airflow/.local/lib/python3.8/site-packages/airflow/example_dags/example_python_operator.py for tasks to queue
[2023-09-01T04:05:16.284+0000] {logging_mixin.py:151} INFO - [2023-09-01T04:05:16.282+0000] {dagbag.py:539} INFO - Filling up the DagBag from /home/airflow/.local/lib/python3.8/site-packages/airflow/example_dags/example_python_operator.py
[2023-09-01T04:05:16.350+0000] {processor.py:839} INFO - DAG(s) dict_keys(['example_python_operator']) retrieved from /home/airflow/.local/lib/python3.8/site-packages/airflow/example_dags/example_python_operator.py
[2023-09-01T04:05:16.486+0000] {logging_mixin.py:151} INFO - [2023-09-01T04:05:16.485+0000] {dag.py:2907} INFO - Sync 1 DAGs
[2023-09-01T04:05:16.557+0000] {logging_mixin.py:151} INFO - [2023-09-01T04:05:16.556+0000] {dag.py:3677} INFO - Setting next_dagrun for example_python_operator to None, run_after=None
[2023-09-01T04:05:16.651+0000] {processor.py:179} INFO - Processing /home/airflow/.local/lib/python3.8/site-packages/airflow/example_dags/example_python_operator.py took 0.401 seconds
[2023-09-01T04:05:47.758+0000] {processor.py:157} INFO - Started process (PID=73320) to work on /home/airflow/.local/lib/python3.8/site-packages/airflow/example_dags/example_python_operator.py
[2023-09-01T04:05:47.761+0000] {processor.py:829} INFO - Processing file /home/airflow/.local/lib/python3.8/site-packages/airflow/example_dags/example_python_operator.py for tasks to queue
[2023-09-01T04:05:47.762+0000] {logging_mixin.py:151} INFO - [2023-09-01T04:05:47.762+0000] {dagbag.py:539} INFO - Filling up the DagBag from /home/airflow/.local/lib/python3.8/site-packages/airflow/example_dags/example_python_operator.py
[2023-09-01T04:05:47.785+0000] {processor.py:839} INFO - DAG(s) dict_keys(['example_python_operator']) retrieved from /home/airflow/.local/lib/python3.8/site-packages/airflow/example_dags/example_python_operator.py
[2023-09-01T04:05:47.825+0000] {logging_mixin.py:151} INFO - [2023-09-01T04:05:47.824+0000] {dag.py:2907} INFO - Sync 1 DAGs
[2023-09-01T04:05:47.855+0000] {logging_mixin.py:151} INFO - [2023-09-01T04:05:47.854+0000] {dag.py:3677} INFO - Setting next_dagrun for example_python_operator to None, run_after=None
[2023-09-01T04:05:47.895+0000] {processor.py:179} INFO - Processing /home/airflow/.local/lib/python3.8/site-packages/airflow/example_dags/example_python_operator.py took 0.141 seconds
[2023-09-01T10:29:12.723+0000] {processor.py:157} INFO - Started process (PID=73368) to work on /home/airflow/.local/lib/python3.8/site-packages/airflow/example_dags/example_python_operator.py
[2023-09-01T10:29:12.725+0000] {processor.py:829} INFO - Processing file /home/airflow/.local/lib/python3.8/site-packages/airflow/example_dags/example_python_operator.py for tasks to queue
[2023-09-01T10:29:12.727+0000] {logging_mixin.py:151} INFO - [2023-09-01T10:29:12.726+0000] {dagbag.py:539} INFO - Filling up the DagBag from /home/airflow/.local/lib/python3.8/site-packages/airflow/example_dags/example_python_operator.py
[2023-09-01T10:29:12.743+0000] {processor.py:839} INFO - DAG(s) dict_keys(['example_python_operator']) retrieved from /home/airflow/.local/lib/python3.8/site-packages/airflow/example_dags/example_python_operator.py
[2023-09-01T10:29:12.777+0000] {logging_mixin.py:151} INFO - [2023-09-01T10:29:12.777+0000] {dag.py:2907} INFO - Sync 1 DAGs
[2023-09-01T10:29:12.940+0000] {logging_mixin.py:151} INFO - [2023-09-01T10:29:12.940+0000] {dag.py:3677} INFO - Setting next_dagrun for example_python_operator to None, run_after=None
[2023-09-01T10:29:12.962+0000] {processor.py:179} INFO - Processing /home/airflow/.local/lib/python3.8/site-packages/airflow/example_dags/example_python_operator.py took 0.244 seconds
[2023-09-01T16:39:33.616+0000] {processor.py:157} INFO - Started process (PID=73424) to work on /home/airflow/.local/lib/python3.8/site-packages/airflow/example_dags/example_python_operator.py
[2023-09-01T16:39:33.618+0000] {processor.py:829} INFO - Processing file /home/airflow/.local/lib/python3.8/site-packages/airflow/example_dags/example_python_operator.py for tasks to queue
[2023-09-01T16:39:33.619+0000] {logging_mixin.py:151} INFO - [2023-09-01T16:39:33.619+0000] {dagbag.py:539} INFO - Filling up the DagBag from /home/airflow/.local/lib/python3.8/site-packages/airflow/example_dags/example_python_operator.py
[2023-09-01T16:39:33.634+0000] {processor.py:839} INFO - DAG(s) dict_keys(['example_python_operator']) retrieved from /home/airflow/.local/lib/python3.8/site-packages/airflow/example_dags/example_python_operator.py
[2023-09-01T16:39:33.664+0000] {logging_mixin.py:151} INFO - [2023-09-01T16:39:33.664+0000] {dag.py:2907} INFO - Sync 1 DAGs
[2023-09-01T16:39:33.681+0000] {logging_mixin.py:151} INFO - [2023-09-01T16:39:33.680+0000] {dag.py:3677} INFO - Setting next_dagrun for example_python_operator to None, run_after=None
[2023-09-01T16:39:33.703+0000] {processor.py:179} INFO - Processing /home/airflow/.local/lib/python3.8/site-packages/airflow/example_dags/example_python_operator.py took 0.091 seconds
[2023-09-01T16:40:04.641+0000] {processor.py:157} INFO - Started process (PID=73479) to work on /home/airflow/.local/lib/python3.8/site-packages/airflow/example_dags/example_python_operator.py
[2023-09-01T16:40:04.643+0000] {processor.py:829} INFO - Processing file /home/airflow/.local/lib/python3.8/site-packages/airflow/example_dags/example_python_operator.py for tasks to queue
[2023-09-01T16:40:04.644+0000] {logging_mixin.py:151} INFO - [2023-09-01T16:40:04.644+0000] {dagbag.py:539} INFO - Filling up the DagBag from /home/airflow/.local/lib/python3.8/site-packages/airflow/example_dags/example_python_operator.py
[2023-09-01T16:40:04.658+0000] {processor.py:839} INFO - DAG(s) dict_keys(['example_python_operator']) retrieved from /home/airflow/.local/lib/python3.8/site-packages/airflow/example_dags/example_python_operator.py
[2023-09-01T16:40:04.688+0000] {logging_mixin.py:151} INFO - [2023-09-01T16:40:04.687+0000] {dag.py:2907} INFO - Sync 1 DAGs
[2023-09-01T16:40:04.704+0000] {logging_mixin.py:151} INFO - [2023-09-01T16:40:04.704+0000] {dag.py:3677} INFO - Setting next_dagrun for example_python_operator to None, run_after=None
[2023-09-01T16:40:04.726+0000] {processor.py:179} INFO - Processing /home/airflow/.local/lib/python3.8/site-packages/airflow/example_dags/example_python_operator.py took 0.089 seconds
[2023-09-01T17:33:20.469+0000] {processor.py:157} INFO - Started process (PID=73560) to work on /home/airflow/.local/lib/python3.8/site-packages/airflow/example_dags/example_python_operator.py
[2023-09-01T17:33:20.470+0000] {processor.py:829} INFO - Processing file /home/airflow/.local/lib/python3.8/site-packages/airflow/example_dags/example_python_operator.py for tasks to queue
[2023-09-01T17:33:20.472+0000] {logging_mixin.py:151} INFO - [2023-09-01T17:33:20.471+0000] {dagbag.py:539} INFO - Filling up the DagBag from /home/airflow/.local/lib/python3.8/site-packages/airflow/example_dags/example_python_operator.py
[2023-09-01T17:33:20.487+0000] {processor.py:839} INFO - DAG(s) dict_keys(['example_python_operator']) retrieved from /home/airflow/.local/lib/python3.8/site-packages/airflow/example_dags/example_python_operator.py
[2023-09-01T17:33:20.517+0000] {logging_mixin.py:151} INFO - [2023-09-01T17:33:20.516+0000] {dag.py:2907} INFO - Sync 1 DAGs
[2023-09-01T17:33:20.532+0000] {logging_mixin.py:151} INFO - [2023-09-01T17:33:20.531+0000] {dag.py:3677} INFO - Setting next_dagrun for example_python_operator to None, run_after=None
[2023-09-01T17:33:20.553+0000] {processor.py:179} INFO - Processing /home/airflow/.local/lib/python3.8/site-packages/airflow/example_dags/example_python_operator.py took 0.089 seconds
[2023-09-01T17:55:32.011+0000] {processor.py:157} INFO - Started process (PID=73615) to work on /home/airflow/.local/lib/python3.8/site-packages/airflow/example_dags/example_python_operator.py
[2023-09-01T17:55:32.012+0000] {processor.py:829} INFO - Processing file /home/airflow/.local/lib/python3.8/site-packages/airflow/example_dags/example_python_operator.py for tasks to queue
[2023-09-01T17:55:32.014+0000] {logging_mixin.py:151} INFO - [2023-09-01T17:55:32.013+0000] {dagbag.py:539} INFO - Filling up the DagBag from /home/airflow/.local/lib/python3.8/site-packages/airflow/example_dags/example_python_operator.py
[2023-09-01T17:55:32.028+0000] {processor.py:839} INFO - DAG(s) dict_keys(['example_python_operator']) retrieved from /home/airflow/.local/lib/python3.8/site-packages/airflow/example_dags/example_python_operator.py
[2023-09-01T17:55:32.058+0000] {logging_mixin.py:151} INFO - [2023-09-01T17:55:32.058+0000] {dag.py:2907} INFO - Sync 1 DAGs
[2023-09-01T17:55:32.073+0000] {logging_mixin.py:151} INFO - [2023-09-01T17:55:32.073+0000] {dag.py:3677} INFO - Setting next_dagrun for example_python_operator to None, run_after=None
[2023-09-01T17:55:32.094+0000] {processor.py:179} INFO - Processing /home/airflow/.local/lib/python3.8/site-packages/airflow/example_dags/example_python_operator.py took 0.088 seconds
[2023-09-01T18:41:53.010+0000] {processor.py:157} INFO - Started process (PID=73670) to work on /home/airflow/.local/lib/python3.8/site-packages/airflow/example_dags/example_python_operator.py
[2023-09-01T18:41:53.012+0000] {processor.py:829} INFO - Processing file /home/airflow/.local/lib/python3.8/site-packages/airflow/example_dags/example_python_operator.py for tasks to queue
[2023-09-01T18:41:53.013+0000] {logging_mixin.py:151} INFO - [2023-09-01T18:41:53.013+0000] {dagbag.py:539} INFO - Filling up the DagBag from /home/airflow/.local/lib/python3.8/site-packages/airflow/example_dags/example_python_operator.py
[2023-09-01T18:41:53.028+0000] {processor.py:839} INFO - DAG(s) dict_keys(['example_python_operator']) retrieved from /home/airflow/.local/lib/python3.8/site-packages/airflow/example_dags/example_python_operator.py
[2023-09-01T18:41:53.058+0000] {logging_mixin.py:151} INFO - [2023-09-01T18:41:53.058+0000] {dag.py:2907} INFO - Sync 1 DAGs
[2023-09-01T18:41:53.074+0000] {logging_mixin.py:151} INFO - [2023-09-01T18:41:53.074+0000] {dag.py:3677} INFO - Setting next_dagrun for example_python_operator to None, run_after=None
[2023-09-01T18:41:53.095+0000] {processor.py:179} INFO - Processing /home/airflow/.local/lib/python3.8/site-packages/airflow/example_dags/example_python_operator.py took 0.090 seconds
[2023-09-01T19:35:59.212+0000] {processor.py:157} INFO - Started process (PID=73725) to work on /home/airflow/.local/lib/python3.8/site-packages/airflow/example_dags/example_python_operator.py
[2023-09-01T19:35:59.213+0000] {processor.py:829} INFO - Processing file /home/airflow/.local/lib/python3.8/site-packages/airflow/example_dags/example_python_operator.py for tasks to queue
[2023-09-01T19:35:59.215+0000] {logging_mixin.py:151} INFO - [2023-09-01T19:35:59.215+0000] {dagbag.py:539} INFO - Filling up the DagBag from /home/airflow/.local/lib/python3.8/site-packages/airflow/example_dags/example_python_operator.py
[2023-09-01T19:35:59.230+0000] {processor.py:839} INFO - DAG(s) dict_keys(['example_python_operator']) retrieved from /home/airflow/.local/lib/python3.8/site-packages/airflow/example_dags/example_python_operator.py
[2023-09-01T19:35:59.261+0000] {logging_mixin.py:151} INFO - [2023-09-01T19:35:59.261+0000] {dag.py:2907} INFO - Sync 1 DAGs
[2023-09-01T19:35:59.276+0000] {logging_mixin.py:151} INFO - [2023-09-01T19:35:59.276+0000] {dag.py:3677} INFO - Setting next_dagrun for example_python_operator to None, run_after=None
[2023-09-01T19:35:59.299+0000] {processor.py:179} INFO - Processing /home/airflow/.local/lib/python3.8/site-packages/airflow/example_dags/example_python_operator.py took 0.092 seconds
[2023-09-01T19:40:34.910+0000] {processor.py:157} INFO - Started process (PID=73780) to work on /home/airflow/.local/lib/python3.8/site-packages/airflow/example_dags/example_python_operator.py
[2023-09-01T19:40:34.911+0000] {processor.py:829} INFO - Processing file /home/airflow/.local/lib/python3.8/site-packages/airflow/example_dags/example_python_operator.py for tasks to queue
[2023-09-01T19:40:34.913+0000] {logging_mixin.py:151} INFO - [2023-09-01T19:40:34.912+0000] {dagbag.py:539} INFO - Filling up the DagBag from /home/airflow/.local/lib/python3.8/site-packages/airflow/example_dags/example_python_operator.py
[2023-09-01T19:40:34.927+0000] {processor.py:839} INFO - DAG(s) dict_keys(['example_python_operator']) retrieved from /home/airflow/.local/lib/python3.8/site-packages/airflow/example_dags/example_python_operator.py
[2023-09-01T19:40:34.970+0000] {logging_mixin.py:151} INFO - [2023-09-01T19:40:34.970+0000] {dag.py:2907} INFO - Sync 1 DAGs
[2023-09-01T19:40:34.986+0000] {logging_mixin.py:151} INFO - [2023-09-01T19:40:34.986+0000] {dag.py:3677} INFO - Setting next_dagrun for example_python_operator to None, run_after=None
[2023-09-01T19:40:35.008+0000] {processor.py:179} INFO - Processing /home/airflow/.local/lib/python3.8/site-packages/airflow/example_dags/example_python_operator.py took 0.103 seconds
[2023-09-01T19:41:25.074+0000] {processor.py:157} INFO - Started process (PID=73835) to work on /home/airflow/.local/lib/python3.8/site-packages/airflow/example_dags/example_python_operator.py
[2023-09-01T19:41:25.075+0000] {processor.py:829} INFO - Processing file /home/airflow/.local/lib/python3.8/site-packages/airflow/example_dags/example_python_operator.py for tasks to queue
[2023-09-01T19:41:25.076+0000] {logging_mixin.py:151} INFO - [2023-09-01T19:41:25.076+0000] {dagbag.py:539} INFO - Filling up the DagBag from /home/airflow/.local/lib/python3.8/site-packages/airflow/example_dags/example_python_operator.py
[2023-09-01T19:41:25.097+0000] {processor.py:839} INFO - DAG(s) dict_keys(['example_python_operator']) retrieved from /home/airflow/.local/lib/python3.8/site-packages/airflow/example_dags/example_python_operator.py
[2023-09-01T19:41:25.144+0000] {logging_mixin.py:151} INFO - [2023-09-01T19:41:25.143+0000] {dag.py:2907} INFO - Sync 1 DAGs
[2023-09-01T19:41:25.166+0000] {logging_mixin.py:151} INFO - [2023-09-01T19:41:25.166+0000] {dag.py:3677} INFO - Setting next_dagrun for example_python_operator to None, run_after=None
[2023-09-01T19:41:25.200+0000] {processor.py:179} INFO - Processing /home/airflow/.local/lib/python3.8/site-packages/airflow/example_dags/example_python_operator.py took 0.131 seconds
[2023-09-01T19:59:28.707+0000] {processor.py:157} INFO - Started process (PID=73890) to work on /home/airflow/.local/lib/python3.8/site-packages/airflow/example_dags/example_python_operator.py
[2023-09-01T19:59:28.708+0000] {processor.py:829} INFO - Processing file /home/airflow/.local/lib/python3.8/site-packages/airflow/example_dags/example_python_operator.py for tasks to queue
[2023-09-01T19:59:28.710+0000] {logging_mixin.py:151} INFO - [2023-09-01T19:59:28.709+0000] {dagbag.py:539} INFO - Filling up the DagBag from /home/airflow/.local/lib/python3.8/site-packages/airflow/example_dags/example_python_operator.py
[2023-09-01T19:59:28.727+0000] {processor.py:839} INFO - DAG(s) dict_keys(['example_python_operator']) retrieved from /home/airflow/.local/lib/python3.8/site-packages/airflow/example_dags/example_python_operator.py
[2023-09-01T19:59:28.756+0000] {logging_mixin.py:151} INFO - [2023-09-01T19:59:28.756+0000] {dag.py:2907} INFO - Sync 1 DAGs
[2023-09-01T19:59:28.772+0000] {logging_mixin.py:151} INFO - [2023-09-01T19:59:28.771+0000] {dag.py:3677} INFO - Setting next_dagrun for example_python_operator to None, run_after=None
[2023-09-01T19:59:28.794+0000] {processor.py:179} INFO - Processing /home/airflow/.local/lib/python3.8/site-packages/airflow/example_dags/example_python_operator.py took 0.091 seconds
