[2023-09-01T04:04:39.061+0000] {processor.py:157} INFO - Started process (PID=73216) to work on /home/airflow/.local/lib/python3.8/site-packages/airflow/example_dags/example_short_circuit_operator.py
[2023-09-01T04:04:39.063+0000] {processor.py:829} INFO - Processing file /home/airflow/.local/lib/python3.8/site-packages/airflow/example_dags/example_short_circuit_operator.py for tasks to queue
[2023-09-01T04:04:39.064+0000] {logging_mixin.py:151} INFO - [2023-09-01T04:04:39.064+0000] {dagbag.py:539} INFO - Filling up the DagBag from /home/airflow/.local/lib/python3.8/site-packages/airflow/example_dags/example_short_circuit_operator.py
[2023-09-01T04:04:39.075+0000] {processor.py:839} INFO - DAG(s) dict_keys(['example_short_circuit_operator']) retrieved from /home/airflow/.local/lib/python3.8/site-packages/airflow/example_dags/example_short_circuit_operator.py
[2023-09-01T04:04:39.112+0000] {logging_mixin.py:151} INFO - [2023-09-01T04:04:39.112+0000] {dag.py:2907} INFO - Sync 1 DAGs
[2023-09-01T04:04:39.139+0000] {logging_mixin.py:151} INFO - [2023-09-01T04:04:39.139+0000] {dag.py:3677} INFO - Setting next_dagrun for example_short_circuit_operator to 2023-08-31T04:04:39.139336+00:00, run_after=2023-09-01T04:04:39.139336+00:00
[2023-09-01T04:04:39.161+0000] {processor.py:179} INFO - Processing /home/airflow/.local/lib/python3.8/site-packages/airflow/example_dags/example_short_circuit_operator.py took 0.105 seconds
[2023-09-01T04:05:19.012+0000] {processor.py:157} INFO - Started process (PID=73271) to work on /home/airflow/.local/lib/python3.8/site-packages/airflow/example_dags/example_short_circuit_operator.py
[2023-09-01T04:05:19.018+0000] {processor.py:829} INFO - Processing file /home/airflow/.local/lib/python3.8/site-packages/airflow/example_dags/example_short_circuit_operator.py for tasks to queue
[2023-09-01T04:05:19.023+0000] {logging_mixin.py:151} INFO - [2023-09-01T04:05:19.022+0000] {dagbag.py:539} INFO - Filling up the DagBag from /home/airflow/.local/lib/python3.8/site-packages/airflow/example_dags/example_short_circuit_operator.py
[2023-09-01T04:05:19.064+0000] {processor.py:839} INFO - DAG(s) dict_keys(['example_short_circuit_operator']) retrieved from /home/airflow/.local/lib/python3.8/site-packages/airflow/example_dags/example_short_circuit_operator.py
[2023-09-01T04:05:19.203+0000] {logging_mixin.py:151} INFO - [2023-09-01T04:05:19.202+0000] {dag.py:2907} INFO - Sync 1 DAGs
[2023-09-01T04:05:19.314+0000] {logging_mixin.py:151} INFO - [2023-09-01T04:05:19.314+0000] {dag.py:3677} INFO - Setting next_dagrun for example_short_circuit_operator to 2023-08-31T04:05:19.312687+00:00, run_after=2023-09-01T04:05:19.312687+00:00
[2023-09-01T04:05:19.414+0000] {processor.py:179} INFO - Processing /home/airflow/.local/lib/python3.8/site-packages/airflow/example_dags/example_short_circuit_operator.py took 0.423 seconds
[2023-09-01T04:05:49.559+0000] {processor.py:157} INFO - Started process (PID=73325) to work on /home/airflow/.local/lib/python3.8/site-packages/airflow/example_dags/example_short_circuit_operator.py
[2023-09-01T04:05:49.561+0000] {processor.py:829} INFO - Processing file /home/airflow/.local/lib/python3.8/site-packages/airflow/example_dags/example_short_circuit_operator.py for tasks to queue
[2023-09-01T04:05:49.562+0000] {logging_mixin.py:151} INFO - [2023-09-01T04:05:49.561+0000] {dagbag.py:539} INFO - Filling up the DagBag from /home/airflow/.local/lib/python3.8/site-packages/airflow/example_dags/example_short_circuit_operator.py
[2023-09-01T04:05:49.571+0000] {processor.py:839} INFO - DAG(s) dict_keys(['example_short_circuit_operator']) retrieved from /home/airflow/.local/lib/python3.8/site-packages/airflow/example_dags/example_short_circuit_operator.py
[2023-09-01T04:05:49.603+0000] {logging_mixin.py:151} INFO - [2023-09-01T04:05:49.603+0000] {dag.py:2907} INFO - Sync 1 DAGs
[2023-09-01T04:05:49.629+0000] {logging_mixin.py:151} INFO - [2023-09-01T04:05:49.628+0000] {dag.py:3677} INFO - Setting next_dagrun for example_short_circuit_operator to 2023-08-31T04:05:49.628682+00:00, run_after=2023-09-01T04:05:49.628682+00:00
[2023-09-01T04:05:49.655+0000] {processor.py:179} INFO - Processing /home/airflow/.local/lib/python3.8/site-packages/airflow/example_dags/example_short_circuit_operator.py took 0.102 seconds
[2023-09-01T10:29:13.568+0000] {processor.py:157} INFO - Started process (PID=73374) to work on /home/airflow/.local/lib/python3.8/site-packages/airflow/example_dags/example_short_circuit_operator.py
[2023-09-01T10:29:13.569+0000] {processor.py:829} INFO - Processing file /home/airflow/.local/lib/python3.8/site-packages/airflow/example_dags/example_short_circuit_operator.py for tasks to queue
[2023-09-01T10:29:13.571+0000] {logging_mixin.py:151} INFO - [2023-09-01T10:29:13.570+0000] {dagbag.py:539} INFO - Filling up the DagBag from /home/airflow/.local/lib/python3.8/site-packages/airflow/example_dags/example_short_circuit_operator.py
[2023-09-01T10:29:13.581+0000] {processor.py:839} INFO - DAG(s) dict_keys(['example_short_circuit_operator']) retrieved from /home/airflow/.local/lib/python3.8/site-packages/airflow/example_dags/example_short_circuit_operator.py
[2023-09-01T10:29:13.615+0000] {logging_mixin.py:151} INFO - [2023-09-01T10:29:13.614+0000] {dag.py:2907} INFO - Sync 1 DAGs
[2023-09-01T10:29:13.639+0000] {logging_mixin.py:151} INFO - [2023-09-01T10:29:13.639+0000] {dag.py:3677} INFO - Setting next_dagrun for example_short_circuit_operator to 2023-08-31T10:29:13.639010+00:00, run_after=2023-09-01T10:29:13.639010+00:00
[2023-09-01T10:29:13.661+0000] {processor.py:179} INFO - Processing /home/airflow/.local/lib/python3.8/site-packages/airflow/example_dags/example_short_circuit_operator.py took 0.098 seconds
[2023-09-01T16:39:34.285+0000] {processor.py:157} INFO - Started process (PID=73430) to work on /home/airflow/.local/lib/python3.8/site-packages/airflow/example_dags/example_short_circuit_operator.py
[2023-09-01T16:39:34.287+0000] {processor.py:829} INFO - Processing file /home/airflow/.local/lib/python3.8/site-packages/airflow/example_dags/example_short_circuit_operator.py for tasks to queue
[2023-09-01T16:39:34.288+0000] {logging_mixin.py:151} INFO - [2023-09-01T16:39:34.288+0000] {dagbag.py:539} INFO - Filling up the DagBag from /home/airflow/.local/lib/python3.8/site-packages/airflow/example_dags/example_short_circuit_operator.py
[2023-09-01T16:39:34.299+0000] {processor.py:839} INFO - DAG(s) dict_keys(['example_short_circuit_operator']) retrieved from /home/airflow/.local/lib/python3.8/site-packages/airflow/example_dags/example_short_circuit_operator.py
[2023-09-01T16:39:34.336+0000] {logging_mixin.py:151} INFO - [2023-09-01T16:39:34.335+0000] {dag.py:2907} INFO - Sync 1 DAGs
[2023-09-01T16:39:34.363+0000] {logging_mixin.py:151} INFO - [2023-09-01T16:39:34.363+0000] {dag.py:3677} INFO - Setting next_dagrun for example_short_circuit_operator to 2023-08-31T16:39:34.363029+00:00, run_after=2023-09-01T16:39:34.363029+00:00
[2023-09-01T16:39:34.386+0000] {processor.py:179} INFO - Processing /home/airflow/.local/lib/python3.8/site-packages/airflow/example_dags/example_short_circuit_operator.py took 0.107 seconds
[2023-09-01T16:40:05.115+0000] {processor.py:157} INFO - Started process (PID=73484) to work on /home/airflow/.local/lib/python3.8/site-packages/airflow/example_dags/example_short_circuit_operator.py
[2023-09-01T16:40:05.116+0000] {processor.py:829} INFO - Processing file /home/airflow/.local/lib/python3.8/site-packages/airflow/example_dags/example_short_circuit_operator.py for tasks to queue
[2023-09-01T16:40:05.118+0000] {logging_mixin.py:151} INFO - [2023-09-01T16:40:05.117+0000] {dagbag.py:539} INFO - Filling up the DagBag from /home/airflow/.local/lib/python3.8/site-packages/airflow/example_dags/example_short_circuit_operator.py
[2023-09-01T16:40:05.127+0000] {processor.py:839} INFO - DAG(s) dict_keys(['example_short_circuit_operator']) retrieved from /home/airflow/.local/lib/python3.8/site-packages/airflow/example_dags/example_short_circuit_operator.py
[2023-09-01T16:40:05.158+0000] {logging_mixin.py:151} INFO - [2023-09-01T16:40:05.157+0000] {dag.py:2907} INFO - Sync 1 DAGs
[2023-09-01T16:40:05.182+0000] {logging_mixin.py:151} INFO - [2023-09-01T16:40:05.182+0000] {dag.py:3677} INFO - Setting next_dagrun for example_short_circuit_operator to 2023-08-31T16:40:05.182280+00:00, run_after=2023-09-01T16:40:05.182280+00:00
[2023-09-01T16:40:05.203+0000] {processor.py:179} INFO - Processing /home/airflow/.local/lib/python3.8/site-packages/airflow/example_dags/example_short_circuit_operator.py took 0.093 seconds
[2023-09-01T17:33:21.029+0000] {processor.py:157} INFO - Started process (PID=73566) to work on /home/airflow/.local/lib/python3.8/site-packages/airflow/example_dags/example_short_circuit_operator.py
[2023-09-01T17:33:21.030+0000] {processor.py:829} INFO - Processing file /home/airflow/.local/lib/python3.8/site-packages/airflow/example_dags/example_short_circuit_operator.py for tasks to queue
[2023-09-01T17:33:21.031+0000] {logging_mixin.py:151} INFO - [2023-09-01T17:33:21.031+0000] {dagbag.py:539} INFO - Filling up the DagBag from /home/airflow/.local/lib/python3.8/site-packages/airflow/example_dags/example_short_circuit_operator.py
[2023-09-01T17:33:21.041+0000] {processor.py:839} INFO - DAG(s) dict_keys(['example_short_circuit_operator']) retrieved from /home/airflow/.local/lib/python3.8/site-packages/airflow/example_dags/example_short_circuit_operator.py
[2023-09-01T17:33:21.072+0000] {logging_mixin.py:151} INFO - [2023-09-01T17:33:21.072+0000] {dag.py:2907} INFO - Sync 1 DAGs
[2023-09-01T17:33:21.094+0000] {logging_mixin.py:151} INFO - [2023-09-01T17:33:21.094+0000] {dag.py:3677} INFO - Setting next_dagrun for example_short_circuit_operator to 2023-08-31T17:33:21.094054+00:00, run_after=2023-09-01T17:33:21.094054+00:00
[2023-09-01T17:33:21.114+0000] {processor.py:179} INFO - Processing /home/airflow/.local/lib/python3.8/site-packages/airflow/example_dags/example_short_circuit_operator.py took 0.090 seconds
[2023-09-01T17:55:32.509+0000] {processor.py:157} INFO - Started process (PID=73621) to work on /home/airflow/.local/lib/python3.8/site-packages/airflow/example_dags/example_short_circuit_operator.py
[2023-09-01T17:55:32.511+0000] {processor.py:829} INFO - Processing file /home/airflow/.local/lib/python3.8/site-packages/airflow/example_dags/example_short_circuit_operator.py for tasks to queue
[2023-09-01T17:55:32.512+0000] {logging_mixin.py:151} INFO - [2023-09-01T17:55:32.512+0000] {dagbag.py:539} INFO - Filling up the DagBag from /home/airflow/.local/lib/python3.8/site-packages/airflow/example_dags/example_short_circuit_operator.py
[2023-09-01T17:55:32.521+0000] {processor.py:839} INFO - DAG(s) dict_keys(['example_short_circuit_operator']) retrieved from /home/airflow/.local/lib/python3.8/site-packages/airflow/example_dags/example_short_circuit_operator.py
[2023-09-01T17:55:32.553+0000] {logging_mixin.py:151} INFO - [2023-09-01T17:55:32.552+0000] {dag.py:2907} INFO - Sync 1 DAGs
[2023-09-01T17:55:32.577+0000] {logging_mixin.py:151} INFO - [2023-09-01T17:55:32.577+0000] {dag.py:3677} INFO - Setting next_dagrun for example_short_circuit_operator to 2023-08-31T17:55:32.577030+00:00, run_after=2023-09-01T17:55:32.577030+00:00
[2023-09-01T17:55:32.596+0000] {processor.py:179} INFO - Processing /home/airflow/.local/lib/python3.8/site-packages/airflow/example_dags/example_short_circuit_operator.py took 0.091 seconds
[2023-09-01T18:41:53.469+0000] {processor.py:157} INFO - Started process (PID=73676) to work on /home/airflow/.local/lib/python3.8/site-packages/airflow/example_dags/example_short_circuit_operator.py
[2023-09-01T18:41:53.471+0000] {processor.py:829} INFO - Processing file /home/airflow/.local/lib/python3.8/site-packages/airflow/example_dags/example_short_circuit_operator.py for tasks to queue
[2023-09-01T18:41:53.472+0000] {logging_mixin.py:151} INFO - [2023-09-01T18:41:53.472+0000] {dagbag.py:539} INFO - Filling up the DagBag from /home/airflow/.local/lib/python3.8/site-packages/airflow/example_dags/example_short_circuit_operator.py
[2023-09-01T18:41:53.481+0000] {processor.py:839} INFO - DAG(s) dict_keys(['example_short_circuit_operator']) retrieved from /home/airflow/.local/lib/python3.8/site-packages/airflow/example_dags/example_short_circuit_operator.py
[2023-09-01T18:41:53.512+0000] {logging_mixin.py:151} INFO - [2023-09-01T18:41:53.512+0000] {dag.py:2907} INFO - Sync 1 DAGs
[2023-09-01T18:41:53.533+0000] {logging_mixin.py:151} INFO - [2023-09-01T18:41:53.533+0000] {dag.py:3677} INFO - Setting next_dagrun for example_short_circuit_operator to 2023-08-31T18:41:53.533059+00:00, run_after=2023-09-01T18:41:53.533059+00:00
[2023-09-01T18:41:53.551+0000] {processor.py:179} INFO - Processing /home/airflow/.local/lib/python3.8/site-packages/airflow/example_dags/example_short_circuit_operator.py took 0.086 seconds
[2023-09-01T19:35:59.667+0000] {processor.py:157} INFO - Started process (PID=73731) to work on /home/airflow/.local/lib/python3.8/site-packages/airflow/example_dags/example_short_circuit_operator.py
[2023-09-01T19:35:59.668+0000] {processor.py:829} INFO - Processing file /home/airflow/.local/lib/python3.8/site-packages/airflow/example_dags/example_short_circuit_operator.py for tasks to queue
[2023-09-01T19:35:59.669+0000] {logging_mixin.py:151} INFO - [2023-09-01T19:35:59.669+0000] {dagbag.py:539} INFO - Filling up the DagBag from /home/airflow/.local/lib/python3.8/site-packages/airflow/example_dags/example_short_circuit_operator.py
[2023-09-01T19:35:59.678+0000] {processor.py:839} INFO - DAG(s) dict_keys(['example_short_circuit_operator']) retrieved from /home/airflow/.local/lib/python3.8/site-packages/airflow/example_dags/example_short_circuit_operator.py
[2023-09-01T19:35:59.710+0000] {logging_mixin.py:151} INFO - [2023-09-01T19:35:59.710+0000] {dag.py:2907} INFO - Sync 1 DAGs
[2023-09-01T19:35:59.732+0000] {logging_mixin.py:151} INFO - [2023-09-01T19:35:59.732+0000] {dag.py:3677} INFO - Setting next_dagrun for example_short_circuit_operator to 2023-08-31T19:35:59.732070+00:00, run_after=2023-09-01T19:35:59.732070+00:00
[2023-09-01T19:35:59.751+0000] {processor.py:179} INFO - Processing /home/airflow/.local/lib/python3.8/site-packages/airflow/example_dags/example_short_circuit_operator.py took 0.089 seconds
[2023-09-01T19:40:35.427+0000] {processor.py:157} INFO - Started process (PID=73786) to work on /home/airflow/.local/lib/python3.8/site-packages/airflow/example_dags/example_short_circuit_operator.py
[2023-09-01T19:40:35.428+0000] {processor.py:829} INFO - Processing file /home/airflow/.local/lib/python3.8/site-packages/airflow/example_dags/example_short_circuit_operator.py for tasks to queue
[2023-09-01T19:40:35.429+0000] {logging_mixin.py:151} INFO - [2023-09-01T19:40:35.429+0000] {dagbag.py:539} INFO - Filling up the DagBag from /home/airflow/.local/lib/python3.8/site-packages/airflow/example_dags/example_short_circuit_operator.py
[2023-09-01T19:40:35.438+0000] {processor.py:839} INFO - DAG(s) dict_keys(['example_short_circuit_operator']) retrieved from /home/airflow/.local/lib/python3.8/site-packages/airflow/example_dags/example_short_circuit_operator.py
[2023-09-01T19:40:35.470+0000] {logging_mixin.py:151} INFO - [2023-09-01T19:40:35.470+0000] {dag.py:2907} INFO - Sync 1 DAGs
[2023-09-01T19:40:35.495+0000] {logging_mixin.py:151} INFO - [2023-09-01T19:40:35.495+0000] {dag.py:3677} INFO - Setting next_dagrun for example_short_circuit_operator to 2023-08-31T19:40:35.494704+00:00, run_after=2023-09-01T19:40:35.494704+00:00
[2023-09-01T19:40:35.517+0000] {processor.py:179} INFO - Processing /home/airflow/.local/lib/python3.8/site-packages/airflow/example_dags/example_short_circuit_operator.py took 0.095 seconds
[2023-09-01T19:41:26.311+0000] {processor.py:157} INFO - Started process (PID=73841) to work on /home/airflow/.local/lib/python3.8/site-packages/airflow/example_dags/example_short_circuit_operator.py
[2023-09-01T19:41:26.314+0000] {processor.py:829} INFO - Processing file /home/airflow/.local/lib/python3.8/site-packages/airflow/example_dags/example_short_circuit_operator.py for tasks to queue
[2023-09-01T19:41:26.315+0000] {logging_mixin.py:151} INFO - [2023-09-01T19:41:26.315+0000] {dagbag.py:539} INFO - Filling up the DagBag from /home/airflow/.local/lib/python3.8/site-packages/airflow/example_dags/example_short_circuit_operator.py
[2023-09-01T19:41:26.326+0000] {processor.py:839} INFO - DAG(s) dict_keys(['example_short_circuit_operator']) retrieved from /home/airflow/.local/lib/python3.8/site-packages/airflow/example_dags/example_short_circuit_operator.py
[2023-09-01T19:41:26.357+0000] {logging_mixin.py:151} INFO - [2023-09-01T19:41:26.357+0000] {dag.py:2907} INFO - Sync 1 DAGs
[2023-09-01T19:41:26.379+0000] {logging_mixin.py:151} INFO - [2023-09-01T19:41:26.379+0000] {dag.py:3677} INFO - Setting next_dagrun for example_short_circuit_operator to 2023-08-31T19:41:26.379157+00:00, run_after=2023-09-01T19:41:26.379157+00:00
[2023-09-01T19:41:26.398+0000] {processor.py:179} INFO - Processing /home/airflow/.local/lib/python3.8/site-packages/airflow/example_dags/example_short_circuit_operator.py took 0.093 seconds
[2023-09-01T19:59:29.206+0000] {processor.py:157} INFO - Started process (PID=73896) to work on /home/airflow/.local/lib/python3.8/site-packages/airflow/example_dags/example_short_circuit_operator.py
[2023-09-01T19:59:29.207+0000] {processor.py:829} INFO - Processing file /home/airflow/.local/lib/python3.8/site-packages/airflow/example_dags/example_short_circuit_operator.py for tasks to queue
[2023-09-01T19:59:29.209+0000] {logging_mixin.py:151} INFO - [2023-09-01T19:59:29.208+0000] {dagbag.py:539} INFO - Filling up the DagBag from /home/airflow/.local/lib/python3.8/site-packages/airflow/example_dags/example_short_circuit_operator.py
[2023-09-01T19:59:29.218+0000] {processor.py:839} INFO - DAG(s) dict_keys(['example_short_circuit_operator']) retrieved from /home/airflow/.local/lib/python3.8/site-packages/airflow/example_dags/example_short_circuit_operator.py
[2023-09-01T19:59:29.249+0000] {logging_mixin.py:151} INFO - [2023-09-01T19:59:29.249+0000] {dag.py:2907} INFO - Sync 1 DAGs
[2023-09-01T19:59:29.269+0000] {logging_mixin.py:151} INFO - [2023-09-01T19:59:29.269+0000] {dag.py:3677} INFO - Setting next_dagrun for example_short_circuit_operator to 2023-08-31T19:59:29.268957+00:00, run_after=2023-09-01T19:59:29.268957+00:00
[2023-09-01T19:59:29.287+0000] {processor.py:179} INFO - Processing /home/airflow/.local/lib/python3.8/site-packages/airflow/example_dags/example_short_circuit_operator.py took 0.085 seconds
