[2023-09-01T02:15:44.491+0000] {processor.py:157} INFO - Started process (PID=73150) to work on /home/airflow/.local/lib/python3.8/site-packages/airflow/example_dags/example_kubernetes_executor.py
[2023-09-01T02:15:44.492+0000] {processor.py:829} INFO - Processing file /home/airflow/.local/lib/python3.8/site-packages/airflow/example_dags/example_kubernetes_executor.py for tasks to queue
[2023-09-01T02:15:44.494+0000] {logging_mixin.py:151} INFO - [2023-09-01T02:15:44.494+0000] {dagbag.py:539} INFO - Filling up the DagBag from /home/airflow/.local/lib/python3.8/site-packages/airflow/example_dags/example_kubernetes_executor.py
[2023-09-01T02:15:44.949+0000] {processor.py:839} INFO - DAG(s) dict_keys(['example_kubernetes_executor']) retrieved from /home/airflow/.local/lib/python3.8/site-packages/airflow/example_dags/example_kubernetes_executor.py
[2023-09-01T02:15:44.985+0000] {logging_mixin.py:151} INFO - [2023-09-01T02:15:44.984+0000] {dag.py:2907} INFO - Sync 1 DAGs
[2023-09-01T02:15:44.996+0000] {logging_mixin.py:151} INFO - [2023-09-01T02:15:44.995+0000] {dag.py:3677} INFO - Setting next_dagrun for example_kubernetes_executor to None, run_after=None
[2023-09-01T02:15:45.012+0000] {processor.py:179} INFO - Processing /home/airflow/.local/lib/python3.8/site-packages/airflow/example_dags/example_kubernetes_executor.py took 0.526 seconds
[2023-09-01T04:04:36.780+0000] {processor.py:157} INFO - Started process (PID=73195) to work on /home/airflow/.local/lib/python3.8/site-packages/airflow/example_dags/example_kubernetes_executor.py
[2023-09-01T04:04:36.782+0000] {processor.py:829} INFO - Processing file /home/airflow/.local/lib/python3.8/site-packages/airflow/example_dags/example_kubernetes_executor.py for tasks to queue
[2023-09-01T04:04:36.784+0000] {logging_mixin.py:151} INFO - [2023-09-01T04:04:36.783+0000] {dagbag.py:539} INFO - Filling up the DagBag from /home/airflow/.local/lib/python3.8/site-packages/airflow/example_dags/example_kubernetes_executor.py
[2023-09-01T04:04:37.329+0000] {processor.py:839} INFO - DAG(s) dict_keys(['example_kubernetes_executor']) retrieved from /home/airflow/.local/lib/python3.8/site-packages/airflow/example_dags/example_kubernetes_executor.py
[2023-09-01T04:04:37.376+0000] {logging_mixin.py:151} INFO - [2023-09-01T04:04:37.375+0000] {dag.py:2907} INFO - Sync 1 DAGs
[2023-09-01T04:04:37.390+0000] {logging_mixin.py:151} INFO - [2023-09-01T04:04:37.390+0000] {dag.py:3677} INFO - Setting next_dagrun for example_kubernetes_executor to None, run_after=None
[2023-09-01T04:04:37.415+0000] {processor.py:179} INFO - Processing /home/airflow/.local/lib/python3.8/site-packages/airflow/example_dags/example_kubernetes_executor.py took 0.641 seconds
[2023-09-01T04:05:11.557+0000] {processor.py:157} INFO - Started process (PID=73253) to work on /home/airflow/.local/lib/python3.8/site-packages/airflow/example_dags/example_kubernetes_executor.py
[2023-09-01T04:05:11.564+0000] {processor.py:829} INFO - Processing file /home/airflow/.local/lib/python3.8/site-packages/airflow/example_dags/example_kubernetes_executor.py for tasks to queue
[2023-09-01T04:05:11.569+0000] {logging_mixin.py:151} INFO - [2023-09-01T04:05:11.568+0000] {dagbag.py:539} INFO - Filling up the DagBag from /home/airflow/.local/lib/python3.8/site-packages/airflow/example_dags/example_kubernetes_executor.py
[2023-09-01T04:05:13.444+0000] {processor.py:839} INFO - DAG(s) dict_keys(['example_kubernetes_executor']) retrieved from /home/airflow/.local/lib/python3.8/site-packages/airflow/example_dags/example_kubernetes_executor.py
[2023-09-01T04:05:13.620+0000] {logging_mixin.py:151} INFO - [2023-09-01T04:05:13.618+0000] {dag.py:2907} INFO - Sync 1 DAGs
[2023-09-01T04:05:13.676+0000] {logging_mixin.py:151} INFO - [2023-09-01T04:05:13.675+0000] {dag.py:3677} INFO - Setting next_dagrun for example_kubernetes_executor to None, run_after=None
[2023-09-01T04:05:13.757+0000] {processor.py:179} INFO - Processing /home/airflow/.local/lib/python3.8/site-packages/airflow/example_dags/example_kubernetes_executor.py took 2.222 seconds
[2023-09-01T04:05:46.434+0000] {processor.py:157} INFO - Started process (PID=73305) to work on /home/airflow/.local/lib/python3.8/site-packages/airflow/example_dags/example_kubernetes_executor.py
[2023-09-01T04:05:46.451+0000] {processor.py:829} INFO - Processing file /home/airflow/.local/lib/python3.8/site-packages/airflow/example_dags/example_kubernetes_executor.py for tasks to queue
[2023-09-01T04:05:46.453+0000] {logging_mixin.py:151} INFO - [2023-09-01T04:05:46.453+0000] {dagbag.py:539} INFO - Filling up the DagBag from /home/airflow/.local/lib/python3.8/site-packages/airflow/example_dags/example_kubernetes_executor.py
[2023-09-01T04:05:47.049+0000] {processor.py:839} INFO - DAG(s) dict_keys(['example_kubernetes_executor']) retrieved from /home/airflow/.local/lib/python3.8/site-packages/airflow/example_dags/example_kubernetes_executor.py
[2023-09-01T04:05:47.093+0000] {logging_mixin.py:151} INFO - [2023-09-01T04:05:47.093+0000] {dag.py:2907} INFO - Sync 1 DAGs
[2023-09-01T04:05:47.108+0000] {logging_mixin.py:151} INFO - [2023-09-01T04:05:47.108+0000] {dag.py:3677} INFO - Setting next_dagrun for example_kubernetes_executor to None, run_after=None
[2023-09-01T04:05:47.127+0000] {processor.py:179} INFO - Processing /home/airflow/.local/lib/python3.8/site-packages/airflow/example_dags/example_kubernetes_executor.py took 0.700 seconds
[2023-09-01T10:29:10.721+0000] {processor.py:157} INFO - Started process (PID=73353) to work on /home/airflow/.local/lib/python3.8/site-packages/airflow/example_dags/example_kubernetes_executor.py
[2023-09-01T10:29:10.722+0000] {processor.py:829} INFO - Processing file /home/airflow/.local/lib/python3.8/site-packages/airflow/example_dags/example_kubernetes_executor.py for tasks to queue
[2023-09-01T10:29:10.724+0000] {logging_mixin.py:151} INFO - [2023-09-01T10:29:10.723+0000] {dagbag.py:539} INFO - Filling up the DagBag from /home/airflow/.local/lib/python3.8/site-packages/airflow/example_dags/example_kubernetes_executor.py
[2023-09-01T10:29:11.260+0000] {processor.py:839} INFO - DAG(s) dict_keys(['example_kubernetes_executor']) retrieved from /home/airflow/.local/lib/python3.8/site-packages/airflow/example_dags/example_kubernetes_executor.py
[2023-09-01T10:29:11.299+0000] {logging_mixin.py:151} INFO - [2023-09-01T10:29:11.298+0000] {dag.py:2907} INFO - Sync 1 DAGs
[2023-09-01T10:29:11.313+0000] {logging_mixin.py:151} INFO - [2023-09-01T10:29:11.312+0000] {dag.py:3677} INFO - Setting next_dagrun for example_kubernetes_executor to None, run_after=None
[2023-09-01T10:29:11.331+0000] {processor.py:179} INFO - Processing /home/airflow/.local/lib/python3.8/site-packages/airflow/example_dags/example_kubernetes_executor.py took 0.616 seconds
[2023-09-01T16:39:32.218+0000] {processor.py:157} INFO - Started process (PID=73409) to work on /home/airflow/.local/lib/python3.8/site-packages/airflow/example_dags/example_kubernetes_executor.py
[2023-09-01T16:39:32.220+0000] {processor.py:829} INFO - Processing file /home/airflow/.local/lib/python3.8/site-packages/airflow/example_dags/example_kubernetes_executor.py for tasks to queue
[2023-09-01T16:39:32.222+0000] {logging_mixin.py:151} INFO - [2023-09-01T16:39:32.222+0000] {dagbag.py:539} INFO - Filling up the DagBag from /home/airflow/.local/lib/python3.8/site-packages/airflow/example_dags/example_kubernetes_executor.py
[2023-09-01T16:39:32.865+0000] {processor.py:839} INFO - DAG(s) dict_keys(['example_kubernetes_executor']) retrieved from /home/airflow/.local/lib/python3.8/site-packages/airflow/example_dags/example_kubernetes_executor.py
[2023-09-01T16:39:32.914+0000] {logging_mixin.py:151} INFO - [2023-09-01T16:39:32.913+0000] {dag.py:2907} INFO - Sync 1 DAGs
[2023-09-01T16:39:32.929+0000] {logging_mixin.py:151} INFO - [2023-09-01T16:39:32.929+0000] {dag.py:3677} INFO - Setting next_dagrun for example_kubernetes_executor to None, run_after=None
[2023-09-01T16:39:32.954+0000] {processor.py:179} INFO - Processing /home/airflow/.local/lib/python3.8/site-packages/airflow/example_dags/example_kubernetes_executor.py took 0.741 seconds
[2023-09-01T16:40:03.667+0000] {processor.py:157} INFO - Started process (PID=73466) to work on /home/airflow/.local/lib/python3.8/site-packages/airflow/example_dags/example_kubernetes_executor.py
[2023-09-01T16:40:03.669+0000] {processor.py:829} INFO - Processing file /home/airflow/.local/lib/python3.8/site-packages/airflow/example_dags/example_kubernetes_executor.py for tasks to queue
[2023-09-01T16:40:03.671+0000] {logging_mixin.py:151} INFO - [2023-09-01T16:40:03.670+0000] {dagbag.py:539} INFO - Filling up the DagBag from /home/airflow/.local/lib/python3.8/site-packages/airflow/example_dags/example_kubernetes_executor.py
[2023-09-01T16:40:04.107+0000] {processor.py:839} INFO - DAG(s) dict_keys(['example_kubernetes_executor']) retrieved from /home/airflow/.local/lib/python3.8/site-packages/airflow/example_dags/example_kubernetes_executor.py
[2023-09-01T16:40:04.146+0000] {logging_mixin.py:151} INFO - [2023-09-01T16:40:04.146+0000] {dag.py:2907} INFO - Sync 1 DAGs
[2023-09-01T16:40:04.159+0000] {logging_mixin.py:151} INFO - [2023-09-01T16:40:04.159+0000] {dag.py:3677} INFO - Setting next_dagrun for example_kubernetes_executor to None, run_after=None
[2023-09-01T16:40:04.178+0000] {processor.py:179} INFO - Processing /home/airflow/.local/lib/python3.8/site-packages/airflow/example_dags/example_kubernetes_executor.py took 0.516 seconds
[2023-09-01T17:33:18.561+0000] {processor.py:157} INFO - Started process (PID=73548) to work on /home/airflow/.local/lib/python3.8/site-packages/airflow/example_dags/example_kubernetes_executor.py
[2023-09-01T17:33:18.562+0000] {processor.py:829} INFO - Processing file /home/airflow/.local/lib/python3.8/site-packages/airflow/example_dags/example_kubernetes_executor.py for tasks to queue
[2023-09-01T17:33:18.564+0000] {logging_mixin.py:151} INFO - [2023-09-01T17:33:18.563+0000] {dagbag.py:539} INFO - Filling up the DagBag from /home/airflow/.local/lib/python3.8/site-packages/airflow/example_dags/example_kubernetes_executor.py
[2023-09-01T17:33:19.017+0000] {processor.py:839} INFO - DAG(s) dict_keys(['example_kubernetes_executor']) retrieved from /home/airflow/.local/lib/python3.8/site-packages/airflow/example_dags/example_kubernetes_executor.py
[2023-09-01T17:33:19.061+0000] {logging_mixin.py:151} INFO - [2023-09-01T17:33:19.061+0000] {dag.py:2907} INFO - Sync 1 DAGs
[2023-09-01T17:33:19.075+0000] {logging_mixin.py:151} INFO - [2023-09-01T17:33:19.074+0000] {dag.py:3677} INFO - Setting next_dagrun for example_kubernetes_executor to None, run_after=None
[2023-09-01T17:33:19.095+0000] {processor.py:179} INFO - Processing /home/airflow/.local/lib/python3.8/site-packages/airflow/example_dags/example_kubernetes_executor.py took 0.539 seconds
[2023-09-01T17:55:30.633+0000] {processor.py:157} INFO - Started process (PID=73600) to work on /home/airflow/.local/lib/python3.8/site-packages/airflow/example_dags/example_kubernetes_executor.py
[2023-09-01T17:55:30.635+0000] {processor.py:829} INFO - Processing file /home/airflow/.local/lib/python3.8/site-packages/airflow/example_dags/example_kubernetes_executor.py for tasks to queue
[2023-09-01T17:55:30.636+0000] {logging_mixin.py:151} INFO - [2023-09-01T17:55:30.636+0000] {dagbag.py:539} INFO - Filling up the DagBag from /home/airflow/.local/lib/python3.8/site-packages/airflow/example_dags/example_kubernetes_executor.py
[2023-09-01T17:55:30.958+0000] {processor.py:839} INFO - DAG(s) dict_keys(['example_kubernetes_executor']) retrieved from /home/airflow/.local/lib/python3.8/site-packages/airflow/example_dags/example_kubernetes_executor.py
[2023-09-01T17:55:31.003+0000] {logging_mixin.py:151} INFO - [2023-09-01T17:55:31.003+0000] {dag.py:2907} INFO - Sync 1 DAGs
[2023-09-01T17:55:31.019+0000] {logging_mixin.py:151} INFO - [2023-09-01T17:55:31.018+0000] {dag.py:3677} INFO - Setting next_dagrun for example_kubernetes_executor to None, run_after=None
[2023-09-01T17:55:31.047+0000] {processor.py:179} INFO - Processing /home/airflow/.local/lib/python3.8/site-packages/airflow/example_dags/example_kubernetes_executor.py took 0.419 seconds
[2023-09-01T18:41:51.713+0000] {processor.py:157} INFO - Started process (PID=73655) to work on /home/airflow/.local/lib/python3.8/site-packages/airflow/example_dags/example_kubernetes_executor.py
[2023-09-01T18:41:51.715+0000] {processor.py:829} INFO - Processing file /home/airflow/.local/lib/python3.8/site-packages/airflow/example_dags/example_kubernetes_executor.py for tasks to queue
[2023-09-01T18:41:51.716+0000] {logging_mixin.py:151} INFO - [2023-09-01T18:41:51.716+0000] {dagbag.py:539} INFO - Filling up the DagBag from /home/airflow/.local/lib/python3.8/site-packages/airflow/example_dags/example_kubernetes_executor.py
[2023-09-01T18:41:52.082+0000] {processor.py:839} INFO - DAG(s) dict_keys(['example_kubernetes_executor']) retrieved from /home/airflow/.local/lib/python3.8/site-packages/airflow/example_dags/example_kubernetes_executor.py
[2023-09-01T18:41:52.134+0000] {logging_mixin.py:151} INFO - [2023-09-01T18:41:52.133+0000] {dag.py:2907} INFO - Sync 1 DAGs
[2023-09-01T18:41:52.156+0000] {logging_mixin.py:151} INFO - [2023-09-01T18:41:52.156+0000] {dag.py:3677} INFO - Setting next_dagrun for example_kubernetes_executor to None, run_after=None
[2023-09-01T18:41:52.182+0000] {processor.py:179} INFO - Processing /home/airflow/.local/lib/python3.8/site-packages/airflow/example_dags/example_kubernetes_executor.py took 0.476 seconds
[2023-09-01T19:35:57.922+0000] {processor.py:157} INFO - Started process (PID=73710) to work on /home/airflow/.local/lib/python3.8/site-packages/airflow/example_dags/example_kubernetes_executor.py
[2023-09-01T19:35:57.923+0000] {processor.py:829} INFO - Processing file /home/airflow/.local/lib/python3.8/site-packages/airflow/example_dags/example_kubernetes_executor.py for tasks to queue
[2023-09-01T19:35:57.925+0000] {logging_mixin.py:151} INFO - [2023-09-01T19:35:57.925+0000] {dagbag.py:539} INFO - Filling up the DagBag from /home/airflow/.local/lib/python3.8/site-packages/airflow/example_dags/example_kubernetes_executor.py
[2023-09-01T19:35:58.246+0000] {processor.py:839} INFO - DAG(s) dict_keys(['example_kubernetes_executor']) retrieved from /home/airflow/.local/lib/python3.8/site-packages/airflow/example_dags/example_kubernetes_executor.py
[2023-09-01T19:35:58.290+0000] {logging_mixin.py:151} INFO - [2023-09-01T19:35:58.289+0000] {dag.py:2907} INFO - Sync 1 DAGs
[2023-09-01T19:35:58.306+0000] {logging_mixin.py:151} INFO - [2023-09-01T19:35:58.305+0000] {dag.py:3677} INFO - Setting next_dagrun for example_kubernetes_executor to None, run_after=None
[2023-09-01T19:35:58.331+0000] {processor.py:179} INFO - Processing /home/airflow/.local/lib/python3.8/site-packages/airflow/example_dags/example_kubernetes_executor.py took 0.415 seconds
[2023-09-01T19:40:33.635+0000] {processor.py:157} INFO - Started process (PID=73765) to work on /home/airflow/.local/lib/python3.8/site-packages/airflow/example_dags/example_kubernetes_executor.py
[2023-09-01T19:40:33.637+0000] {processor.py:829} INFO - Processing file /home/airflow/.local/lib/python3.8/site-packages/airflow/example_dags/example_kubernetes_executor.py for tasks to queue
[2023-09-01T19:40:33.638+0000] {logging_mixin.py:151} INFO - [2023-09-01T19:40:33.638+0000] {dagbag.py:539} INFO - Filling up the DagBag from /home/airflow/.local/lib/python3.8/site-packages/airflow/example_dags/example_kubernetes_executor.py
[2023-09-01T19:40:33.951+0000] {processor.py:839} INFO - DAG(s) dict_keys(['example_kubernetes_executor']) retrieved from /home/airflow/.local/lib/python3.8/site-packages/airflow/example_dags/example_kubernetes_executor.py
[2023-09-01T19:40:33.997+0000] {logging_mixin.py:151} INFO - [2023-09-01T19:40:33.997+0000] {dag.py:2907} INFO - Sync 1 DAGs
[2023-09-01T19:40:34.013+0000] {logging_mixin.py:151} INFO - [2023-09-01T19:40:34.013+0000] {dag.py:3677} INFO - Setting next_dagrun for example_kubernetes_executor to None, run_after=None
[2023-09-01T19:40:34.035+0000] {processor.py:179} INFO - Processing /home/airflow/.local/lib/python3.8/site-packages/airflow/example_dags/example_kubernetes_executor.py took 0.404 seconds
[2023-09-01T19:41:08.363+0000] {processor.py:157} INFO - Started process (PID=73820) to work on /home/airflow/.local/lib/python3.8/site-packages/airflow/example_dags/example_kubernetes_executor.py
[2023-09-01T19:41:08.370+0000] {processor.py:829} INFO - Processing file /home/airflow/.local/lib/python3.8/site-packages/airflow/example_dags/example_kubernetes_executor.py for tasks to queue
[2023-09-01T19:41:08.376+0000] {logging_mixin.py:151} INFO - [2023-09-01T19:41:08.374+0000] {dagbag.py:539} INFO - Filling up the DagBag from /home/airflow/.local/lib/python3.8/site-packages/airflow/example_dags/example_kubernetes_executor.py
[2023-09-01T19:41:23.233+0000] {processor.py:839} INFO - DAG(s) dict_keys(['example_kubernetes_executor']) retrieved from /home/airflow/.local/lib/python3.8/site-packages/airflow/example_dags/example_kubernetes_executor.py
[2023-09-01T19:41:23.448+0000] {logging_mixin.py:151} INFO - [2023-09-01T19:41:23.447+0000] {dag.py:2907} INFO - Sync 1 DAGs
[2023-09-01T19:41:23.498+0000] {logging_mixin.py:151} INFO - [2023-09-01T19:41:23.498+0000] {dag.py:3677} INFO - Setting next_dagrun for example_kubernetes_executor to None, run_after=None
[2023-09-01T19:41:23.637+0000] {processor.py:179} INFO - Processing /home/airflow/.local/lib/python3.8/site-packages/airflow/example_dags/example_kubernetes_executor.py took 15.296 seconds
[2023-09-01T19:59:27.544+0000] {processor.py:157} INFO - Started process (PID=73875) to work on /home/airflow/.local/lib/python3.8/site-packages/airflow/example_dags/example_kubernetes_executor.py
[2023-09-01T19:59:27.545+0000] {processor.py:829} INFO - Processing file /home/airflow/.local/lib/python3.8/site-packages/airflow/example_dags/example_kubernetes_executor.py for tasks to queue
[2023-09-01T19:59:27.547+0000] {logging_mixin.py:151} INFO - [2023-09-01T19:59:27.546+0000] {dagbag.py:539} INFO - Filling up the DagBag from /home/airflow/.local/lib/python3.8/site-packages/airflow/example_dags/example_kubernetes_executor.py
[2023-09-01T19:59:27.847+0000] {processor.py:839} INFO - DAG(s) dict_keys(['example_kubernetes_executor']) retrieved from /home/airflow/.local/lib/python3.8/site-packages/airflow/example_dags/example_kubernetes_executor.py
[2023-09-01T19:59:27.892+0000] {logging_mixin.py:151} INFO - [2023-09-01T19:59:27.891+0000] {dag.py:2907} INFO - Sync 1 DAGs
[2023-09-01T19:59:27.907+0000] {logging_mixin.py:151} INFO - [2023-09-01T19:59:27.907+0000] {dag.py:3677} INFO - Setting next_dagrun for example_kubernetes_executor to None, run_after=None
[2023-09-01T19:59:27.930+0000] {processor.py:179} INFO - Processing /home/airflow/.local/lib/python3.8/site-packages/airflow/example_dags/example_kubernetes_executor.py took 0.390 seconds
