[2023-09-01T02:15:43.083+0000] {processor.py:157} INFO - Started process (PID=73134) to work on /home/airflow/.local/lib/python3.8/site-packages/airflow/example_dags/example_branch_labels.py
[2023-09-01T02:15:43.086+0000] {processor.py:829} INFO - Processing file /home/airflow/.local/lib/python3.8/site-packages/airflow/example_dags/example_branch_labels.py for tasks to queue
[2023-09-01T02:15:43.088+0000] {logging_mixin.py:151} INFO - [2023-09-01T02:15:43.088+0000] {dagbag.py:539} INFO - Filling up the DagBag from /home/airflow/.local/lib/python3.8/site-packages/airflow/example_dags/example_branch_labels.py
[2023-09-01T02:15:43.102+0000] {processor.py:839} INFO - DAG(s) dict_keys(['example_branch_labels']) retrieved from /home/airflow/.local/lib/python3.8/site-packages/airflow/example_dags/example_branch_labels.py
[2023-09-01T02:15:43.140+0000] {logging_mixin.py:151} INFO - [2023-09-01T02:15:43.140+0000] {dag.py:2907} INFO - Sync 1 DAGs
[2023-09-01T02:15:43.187+0000] {logging_mixin.py:151} INFO - [2023-09-01T02:15:43.186+0000] {dag.py:3677} INFO - Setting next_dagrun for example_branch_labels to 2023-08-31T00:00:00+00:00, run_after=2023-09-01T00:00:00+00:00
[2023-09-01T02:15:43.213+0000] {processor.py:179} INFO - Processing /home/airflow/.local/lib/python3.8/site-packages/airflow/example_dags/example_branch_labels.py took 0.138 seconds
[2023-09-01T04:04:35.153+0000] {processor.py:157} INFO - Started process (PID=73179) to work on /home/airflow/.local/lib/python3.8/site-packages/airflow/example_dags/example_branch_labels.py
[2023-09-01T04:04:35.155+0000] {processor.py:829} INFO - Processing file /home/airflow/.local/lib/python3.8/site-packages/airflow/example_dags/example_branch_labels.py for tasks to queue
[2023-09-01T04:04:35.159+0000] {logging_mixin.py:151} INFO - [2023-09-01T04:04:35.158+0000] {dagbag.py:539} INFO - Filling up the DagBag from /home/airflow/.local/lib/python3.8/site-packages/airflow/example_dags/example_branch_labels.py
[2023-09-01T04:04:35.176+0000] {processor.py:839} INFO - DAG(s) dict_keys(['example_branch_labels']) retrieved from /home/airflow/.local/lib/python3.8/site-packages/airflow/example_dags/example_branch_labels.py
[2023-09-01T04:04:35.221+0000] {logging_mixin.py:151} INFO - [2023-09-01T04:04:35.221+0000] {dag.py:2907} INFO - Sync 1 DAGs
[2023-09-01T04:04:35.267+0000] {logging_mixin.py:151} INFO - [2023-09-01T04:04:35.266+0000] {dag.py:3677} INFO - Setting next_dagrun for example_branch_labels to 2023-08-31T00:00:00+00:00, run_after=2023-09-01T00:00:00+00:00
[2023-09-01T04:04:35.312+0000] {processor.py:179} INFO - Processing /home/airflow/.local/lib/python3.8/site-packages/airflow/example_dags/example_branch_labels.py took 0.165 seconds
[2023-09-01T04:05:05.902+0000] {processor.py:157} INFO - Started process (PID=73234) to work on /home/airflow/.local/lib/python3.8/site-packages/airflow/example_dags/example_branch_labels.py
[2023-09-01T04:05:05.908+0000] {processor.py:829} INFO - Processing file /home/airflow/.local/lib/python3.8/site-packages/airflow/example_dags/example_branch_labels.py for tasks to queue
[2023-09-01T04:05:05.914+0000] {logging_mixin.py:151} INFO - [2023-09-01T04:05:05.912+0000] {dagbag.py:539} INFO - Filling up the DagBag from /home/airflow/.local/lib/python3.8/site-packages/airflow/example_dags/example_branch_labels.py
[2023-09-01T04:05:05.962+0000] {processor.py:839} INFO - DAG(s) dict_keys(['example_branch_labels']) retrieved from /home/airflow/.local/lib/python3.8/site-packages/airflow/example_dags/example_branch_labels.py
[2023-09-01T04:05:06.087+0000] {logging_mixin.py:151} INFO - [2023-09-01T04:05:06.086+0000] {dag.py:2907} INFO - Sync 1 DAGs
[2023-09-01T04:05:06.205+0000] {logging_mixin.py:151} INFO - [2023-09-01T04:05:06.204+0000] {dag.py:3677} INFO - Setting next_dagrun for example_branch_labels to 2023-08-31T00:00:00+00:00, run_after=2023-09-01T00:00:00+00:00
[2023-09-01T04:05:06.296+0000] {processor.py:179} INFO - Processing /home/airflow/.local/lib/python3.8/site-packages/airflow/example_dags/example_branch_labels.py took 0.415 seconds
[2023-09-01T04:05:44.225+0000] {processor.py:157} INFO - Started process (PID=73289) to work on /home/airflow/.local/lib/python3.8/site-packages/airflow/example_dags/example_branch_labels.py
[2023-09-01T04:05:44.235+0000] {processor.py:829} INFO - Processing file /home/airflow/.local/lib/python3.8/site-packages/airflow/example_dags/example_branch_labels.py for tasks to queue
[2023-09-01T04:05:44.245+0000] {logging_mixin.py:151} INFO - [2023-09-01T04:05:44.242+0000] {dagbag.py:539} INFO - Filling up the DagBag from /home/airflow/.local/lib/python3.8/site-packages/airflow/example_dags/example_branch_labels.py
[2023-09-01T04:05:44.312+0000] {processor.py:839} INFO - DAG(s) dict_keys(['example_branch_labels']) retrieved from /home/airflow/.local/lib/python3.8/site-packages/airflow/example_dags/example_branch_labels.py
[2023-09-01T04:05:44.464+0000] {logging_mixin.py:151} INFO - [2023-09-01T04:05:44.463+0000] {dag.py:2907} INFO - Sync 1 DAGs
[2023-09-01T04:05:44.536+0000] {logging_mixin.py:151} INFO - [2023-09-01T04:05:44.535+0000] {dag.py:3677} INFO - Setting next_dagrun for example_branch_labels to 2023-08-31T00:00:00+00:00, run_after=2023-09-01T00:00:00+00:00
[2023-09-01T04:05:45.148+0000] {processor.py:179} INFO - Processing /home/airflow/.local/lib/python3.8/site-packages/airflow/example_dags/example_branch_labels.py took 0.955 seconds
[2023-09-01T10:29:09.493+0000] {processor.py:157} INFO - Started process (PID=73337) to work on /home/airflow/.local/lib/python3.8/site-packages/airflow/example_dags/example_branch_labels.py
[2023-09-01T10:29:09.495+0000] {processor.py:829} INFO - Processing file /home/airflow/.local/lib/python3.8/site-packages/airflow/example_dags/example_branch_labels.py for tasks to queue
[2023-09-01T10:29:09.496+0000] {logging_mixin.py:151} INFO - [2023-09-01T10:29:09.496+0000] {dagbag.py:539} INFO - Filling up the DagBag from /home/airflow/.local/lib/python3.8/site-packages/airflow/example_dags/example_branch_labels.py
[2023-09-01T10:29:09.507+0000] {processor.py:839} INFO - DAG(s) dict_keys(['example_branch_labels']) retrieved from /home/airflow/.local/lib/python3.8/site-packages/airflow/example_dags/example_branch_labels.py
[2023-09-01T10:29:09.534+0000] {logging_mixin.py:151} INFO - [2023-09-01T10:29:09.534+0000] {dag.py:2907} INFO - Sync 1 DAGs
[2023-09-01T10:29:09.560+0000] {logging_mixin.py:151} INFO - [2023-09-01T10:29:09.560+0000] {dag.py:3677} INFO - Setting next_dagrun for example_branch_labels to 2023-08-31T00:00:00+00:00, run_after=2023-09-01T00:00:00+00:00
[2023-09-01T10:29:09.580+0000] {processor.py:179} INFO - Processing /home/airflow/.local/lib/python3.8/site-packages/airflow/example_dags/example_branch_labels.py took 0.092 seconds
[2023-09-01T16:39:30.605+0000] {processor.py:157} INFO - Started process (PID=73393) to work on /home/airflow/.local/lib/python3.8/site-packages/airflow/example_dags/example_branch_labels.py
[2023-09-01T16:39:30.610+0000] {processor.py:829} INFO - Processing file /home/airflow/.local/lib/python3.8/site-packages/airflow/example_dags/example_branch_labels.py for tasks to queue
[2023-09-01T16:39:30.614+0000] {logging_mixin.py:151} INFO - [2023-09-01T16:39:30.613+0000] {dagbag.py:539} INFO - Filling up the DagBag from /home/airflow/.local/lib/python3.8/site-packages/airflow/example_dags/example_branch_labels.py
[2023-09-01T16:39:30.655+0000] {processor.py:839} INFO - DAG(s) dict_keys(['example_branch_labels']) retrieved from /home/airflow/.local/lib/python3.8/site-packages/airflow/example_dags/example_branch_labels.py
[2023-09-01T16:39:30.743+0000] {logging_mixin.py:151} INFO - [2023-09-01T16:39:30.743+0000] {dag.py:2907} INFO - Sync 1 DAGs
[2023-09-01T16:39:30.810+0000] {logging_mixin.py:151} INFO - [2023-09-01T16:39:30.810+0000] {dag.py:3677} INFO - Setting next_dagrun for example_branch_labels to 2023-08-31T00:00:00+00:00, run_after=2023-09-01T00:00:00+00:00
[2023-09-01T16:39:30.861+0000] {processor.py:179} INFO - Processing /home/airflow/.local/lib/python3.8/site-packages/airflow/example_dags/example_branch_labels.py took 0.279 seconds
[2023-09-01T16:40:01.134+0000] {processor.py:157} INFO - Started process (PID=73448) to work on /home/airflow/.local/lib/python3.8/site-packages/airflow/example_dags/example_branch_labels.py
[2023-09-01T16:40:01.135+0000] {processor.py:829} INFO - Processing file /home/airflow/.local/lib/python3.8/site-packages/airflow/example_dags/example_branch_labels.py for tasks to queue
[2023-09-01T16:40:01.137+0000] {logging_mixin.py:151} INFO - [2023-09-01T16:40:01.136+0000] {dagbag.py:539} INFO - Filling up the DagBag from /home/airflow/.local/lib/python3.8/site-packages/airflow/example_dags/example_branch_labels.py
[2023-09-01T16:40:01.149+0000] {processor.py:839} INFO - DAG(s) dict_keys(['example_branch_labels']) retrieved from /home/airflow/.local/lib/python3.8/site-packages/airflow/example_dags/example_branch_labels.py
[2023-09-01T16:40:01.179+0000] {logging_mixin.py:151} INFO - [2023-09-01T16:40:01.178+0000] {dag.py:2907} INFO - Sync 1 DAGs
[2023-09-01T16:40:01.362+0000] {logging_mixin.py:151} INFO - [2023-09-01T16:40:01.362+0000] {dag.py:3677} INFO - Setting next_dagrun for example_branch_labels to 2023-08-31T00:00:00+00:00, run_after=2023-09-01T00:00:00+00:00
[2023-09-01T16:40:01.385+0000] {processor.py:179} INFO - Processing /home/airflow/.local/lib/python3.8/site-packages/airflow/example_dags/example_branch_labels.py took 0.257 seconds
[2023-09-01T16:40:31.460+0000] {processor.py:157} INFO - Started process (PID=73503) to work on /home/airflow/.local/lib/python3.8/site-packages/airflow/example_dags/example_branch_labels.py
[2023-09-01T16:40:31.461+0000] {processor.py:829} INFO - Processing file /home/airflow/.local/lib/python3.8/site-packages/airflow/example_dags/example_branch_labels.py for tasks to queue
[2023-09-01T16:40:31.463+0000] {logging_mixin.py:151} INFO - [2023-09-01T16:40:31.463+0000] {dagbag.py:539} INFO - Filling up the DagBag from /home/airflow/.local/lib/python3.8/site-packages/airflow/example_dags/example_branch_labels.py
[2023-09-01T16:40:31.474+0000] {processor.py:839} INFO - DAG(s) dict_keys(['example_branch_labels']) retrieved from /home/airflow/.local/lib/python3.8/site-packages/airflow/example_dags/example_branch_labels.py
[2023-09-01T16:40:31.503+0000] {logging_mixin.py:151} INFO - [2023-09-01T16:40:31.503+0000] {dag.py:2907} INFO - Sync 1 DAGs
[2023-09-01T16:40:31.529+0000] {logging_mixin.py:151} INFO - [2023-09-01T16:40:31.528+0000] {dag.py:3677} INFO - Setting next_dagrun for example_branch_labels to 2023-08-31T00:00:00+00:00, run_after=2023-09-01T00:00:00+00:00
[2023-09-01T16:40:31.549+0000] {processor.py:179} INFO - Processing /home/airflow/.local/lib/python3.8/site-packages/airflow/example_dags/example_branch_labels.py took 0.094 seconds
[2023-09-01T17:33:15.905+0000] {processor.py:157} INFO - Started process (PID=73532) to work on /home/airflow/.local/lib/python3.8/site-packages/airflow/example_dags/example_branch_labels.py
[2023-09-01T17:33:15.908+0000] {processor.py:829} INFO - Processing file /home/airflow/.local/lib/python3.8/site-packages/airflow/example_dags/example_branch_labels.py for tasks to queue
[2023-09-01T17:33:15.910+0000] {logging_mixin.py:151} INFO - [2023-09-01T17:33:15.909+0000] {dagbag.py:539} INFO - Filling up the DagBag from /home/airflow/.local/lib/python3.8/site-packages/airflow/example_dags/example_branch_labels.py
[2023-09-01T17:33:15.927+0000] {processor.py:839} INFO - DAG(s) dict_keys(['example_branch_labels']) retrieved from /home/airflow/.local/lib/python3.8/site-packages/airflow/example_dags/example_branch_labels.py
[2023-09-01T17:33:15.974+0000] {logging_mixin.py:151} INFO - [2023-09-01T17:33:15.973+0000] {dag.py:2907} INFO - Sync 1 DAGs
[2023-09-01T17:33:16.188+0000] {logging_mixin.py:151} INFO - [2023-09-01T17:33:16.187+0000] {dag.py:3677} INFO - Setting next_dagrun for example_branch_labels to 2023-08-31T00:00:00+00:00, run_after=2023-09-01T00:00:00+00:00
[2023-09-01T17:33:16.221+0000] {processor.py:179} INFO - Processing /home/airflow/.local/lib/python3.8/site-packages/airflow/example_dags/example_branch_labels.py took 0.322 seconds
[2023-09-01T17:55:29.122+0000] {processor.py:157} INFO - Started process (PID=73584) to work on /home/airflow/.local/lib/python3.8/site-packages/airflow/example_dags/example_branch_labels.py
[2023-09-01T17:55:29.133+0000] {processor.py:829} INFO - Processing file /home/airflow/.local/lib/python3.8/site-packages/airflow/example_dags/example_branch_labels.py for tasks to queue
[2023-09-01T17:55:29.134+0000] {logging_mixin.py:151} INFO - [2023-09-01T17:55:29.134+0000] {dagbag.py:539} INFO - Filling up the DagBag from /home/airflow/.local/lib/python3.8/site-packages/airflow/example_dags/example_branch_labels.py
[2023-09-01T17:55:29.154+0000] {processor.py:839} INFO - DAG(s) dict_keys(['example_branch_labels']) retrieved from /home/airflow/.local/lib/python3.8/site-packages/airflow/example_dags/example_branch_labels.py
[2023-09-01T17:55:29.184+0000] {logging_mixin.py:151} INFO - [2023-09-01T17:55:29.183+0000] {dag.py:2907} INFO - Sync 1 DAGs
[2023-09-01T17:55:29.214+0000] {logging_mixin.py:151} INFO - [2023-09-01T17:55:29.214+0000] {dag.py:3677} INFO - Setting next_dagrun for example_branch_labels to 2023-08-31T00:00:00+00:00, run_after=2023-09-01T00:00:00+00:00
[2023-09-01T17:55:29.239+0000] {processor.py:179} INFO - Processing /home/airflow/.local/lib/python3.8/site-packages/airflow/example_dags/example_branch_labels.py took 0.134 seconds
[2023-09-01T18:41:50.242+0000] {processor.py:157} INFO - Started process (PID=73639) to work on /home/airflow/.local/lib/python3.8/site-packages/airflow/example_dags/example_branch_labels.py
[2023-09-01T18:41:50.244+0000] {processor.py:829} INFO - Processing file /home/airflow/.local/lib/python3.8/site-packages/airflow/example_dags/example_branch_labels.py for tasks to queue
[2023-09-01T18:41:50.245+0000] {logging_mixin.py:151} INFO - [2023-09-01T18:41:50.245+0000] {dagbag.py:539} INFO - Filling up the DagBag from /home/airflow/.local/lib/python3.8/site-packages/airflow/example_dags/example_branch_labels.py
[2023-09-01T18:41:50.266+0000] {processor.py:839} INFO - DAG(s) dict_keys(['example_branch_labels']) retrieved from /home/airflow/.local/lib/python3.8/site-packages/airflow/example_dags/example_branch_labels.py
[2023-09-01T18:41:50.303+0000] {logging_mixin.py:151} INFO - [2023-09-01T18:41:50.303+0000] {dag.py:2907} INFO - Sync 1 DAGs
[2023-09-01T18:41:50.334+0000] {logging_mixin.py:151} INFO - [2023-09-01T18:41:50.334+0000] {dag.py:3677} INFO - Setting next_dagrun for example_branch_labels to 2023-08-31T00:00:00+00:00, run_after=2023-09-01T00:00:00+00:00
[2023-09-01T18:41:50.357+0000] {processor.py:179} INFO - Processing /home/airflow/.local/lib/python3.8/site-packages/airflow/example_dags/example_branch_labels.py took 0.120 seconds
[2023-09-01T19:35:56.535+0000] {processor.py:157} INFO - Started process (PID=73694) to work on /home/airflow/.local/lib/python3.8/site-packages/airflow/example_dags/example_branch_labels.py
[2023-09-01T19:35:56.538+0000] {processor.py:829} INFO - Processing file /home/airflow/.local/lib/python3.8/site-packages/airflow/example_dags/example_branch_labels.py for tasks to queue
[2023-09-01T19:35:56.542+0000] {logging_mixin.py:151} INFO - [2023-09-01T19:35:56.542+0000] {dagbag.py:539} INFO - Filling up the DagBag from /home/airflow/.local/lib/python3.8/site-packages/airflow/example_dags/example_branch_labels.py
[2023-09-01T19:35:56.583+0000] {processor.py:839} INFO - DAG(s) dict_keys(['example_branch_labels']) retrieved from /home/airflow/.local/lib/python3.8/site-packages/airflow/example_dags/example_branch_labels.py
[2023-09-01T19:35:56.765+0000] {logging_mixin.py:151} INFO - [2023-09-01T19:35:56.765+0000] {dag.py:2907} INFO - Sync 1 DAGs
[2023-09-01T19:35:56.841+0000] {logging_mixin.py:151} INFO - [2023-09-01T19:35:56.841+0000] {dag.py:3677} INFO - Setting next_dagrun for example_branch_labels to 2023-08-31T00:00:00+00:00, run_after=2023-09-01T00:00:00+00:00
[2023-09-01T19:35:56.874+0000] {processor.py:179} INFO - Processing /home/airflow/.local/lib/python3.8/site-packages/airflow/example_dags/example_branch_labels.py took 0.346 seconds
[2023-09-01T19:40:32.245+0000] {processor.py:157} INFO - Started process (PID=73742) to work on /home/airflow/.local/lib/python3.8/site-packages/airflow/example_dags/example_branch_labels.py
[2023-09-01T19:40:32.257+0000] {processor.py:829} INFO - Processing file /home/airflow/.local/lib/python3.8/site-packages/airflow/example_dags/example_branch_labels.py for tasks to queue
[2023-09-01T19:40:32.265+0000] {logging_mixin.py:151} INFO - [2023-09-01T19:40:32.265+0000] {dagbag.py:539} INFO - Filling up the DagBag from /home/airflow/.local/lib/python3.8/site-packages/airflow/example_dags/example_branch_labels.py
[2023-09-01T19:40:32.324+0000] {processor.py:839} INFO - DAG(s) dict_keys(['example_branch_labels']) retrieved from /home/airflow/.local/lib/python3.8/site-packages/airflow/example_dags/example_branch_labels.py
[2023-09-01T19:40:32.358+0000] {logging_mixin.py:151} INFO - [2023-09-01T19:40:32.358+0000] {dag.py:2907} INFO - Sync 1 DAGs
[2023-09-01T19:40:32.417+0000] {logging_mixin.py:151} INFO - [2023-09-01T19:40:32.415+0000] {dag.py:3677} INFO - Setting next_dagrun for example_branch_labels to 2023-08-31T00:00:00+00:00, run_after=2023-09-01T00:00:00+00:00
[2023-09-01T19:40:32.459+0000] {processor.py:179} INFO - Processing /home/airflow/.local/lib/python3.8/site-packages/airflow/example_dags/example_branch_labels.py took 0.240 seconds
[2023-09-01T19:41:02.978+0000] {processor.py:157} INFO - Started process (PID=73804) to work on /home/airflow/.local/lib/python3.8/site-packages/airflow/example_dags/example_branch_labels.py
[2023-09-01T19:41:02.984+0000] {processor.py:829} INFO - Processing file /home/airflow/.local/lib/python3.8/site-packages/airflow/example_dags/example_branch_labels.py for tasks to queue
[2023-09-01T19:41:02.990+0000] {logging_mixin.py:151} INFO - [2023-09-01T19:41:02.988+0000] {dagbag.py:539} INFO - Filling up the DagBag from /home/airflow/.local/lib/python3.8/site-packages/airflow/example_dags/example_branch_labels.py
[2023-09-01T19:41:03.046+0000] {processor.py:839} INFO - DAG(s) dict_keys(['example_branch_labels']) retrieved from /home/airflow/.local/lib/python3.8/site-packages/airflow/example_dags/example_branch_labels.py
[2023-09-01T19:41:03.199+0000] {logging_mixin.py:151} INFO - [2023-09-01T19:41:03.196+0000] {dag.py:2907} INFO - Sync 1 DAGs
[2023-09-01T19:41:03.330+0000] {logging_mixin.py:151} INFO - [2023-09-01T19:41:03.329+0000] {dag.py:3677} INFO - Setting next_dagrun for example_branch_labels to 2023-08-31T00:00:00+00:00, run_after=2023-09-01T00:00:00+00:00
[2023-09-01T19:41:03.422+0000] {processor.py:179} INFO - Processing /home/airflow/.local/lib/python3.8/site-packages/airflow/example_dags/example_branch_labels.py took 0.496 seconds
[2023-09-01T19:59:26.005+0000] {processor.py:157} INFO - Started process (PID=73852) to work on /home/airflow/.local/lib/python3.8/site-packages/airflow/example_dags/example_branch_labels.py
[2023-09-01T19:59:26.006+0000] {processor.py:829} INFO - Processing file /home/airflow/.local/lib/python3.8/site-packages/airflow/example_dags/example_branch_labels.py for tasks to queue
[2023-09-01T19:59:26.008+0000] {logging_mixin.py:151} INFO - [2023-09-01T19:59:26.007+0000] {dagbag.py:539} INFO - Filling up the DagBag from /home/airflow/.local/lib/python3.8/site-packages/airflow/example_dags/example_branch_labels.py
[2023-09-01T19:59:26.019+0000] {processor.py:839} INFO - DAG(s) dict_keys(['example_branch_labels']) retrieved from /home/airflow/.local/lib/python3.8/site-packages/airflow/example_dags/example_branch_labels.py
[2023-09-01T19:59:26.049+0000] {logging_mixin.py:151} INFO - [2023-09-01T19:59:26.049+0000] {dag.py:2907} INFO - Sync 1 DAGs
[2023-09-01T19:59:26.076+0000] {logging_mixin.py:151} INFO - [2023-09-01T19:59:26.076+0000] {dag.py:3677} INFO - Setting next_dagrun for example_branch_labels to 2023-08-31T00:00:00+00:00, run_after=2023-09-01T00:00:00+00:00
[2023-09-01T19:59:26.097+0000] {processor.py:179} INFO - Processing /home/airflow/.local/lib/python3.8/site-packages/airflow/example_dags/example_branch_labels.py took 0.097 seconds
