[2023-09-01T02:15:45.472+0000] {processor.py:157} INFO - Started process (PID=73162) to work on /home/airflow/.local/lib/python3.8/site-packages/airflow/example_dags/example_setup_teardown_taskflow.py
[2023-09-01T02:15:45.473+0000] {processor.py:829} INFO - Processing file /home/airflow/.local/lib/python3.8/site-packages/airflow/example_dags/example_setup_teardown_taskflow.py for tasks to queue
[2023-09-01T02:15:45.474+0000] {logging_mixin.py:151} INFO - [2023-09-01T02:15:45.474+0000] {dagbag.py:539} INFO - Filling up the DagBag from /home/airflow/.local/lib/python3.8/site-packages/airflow/example_dags/example_setup_teardown_taskflow.py
[2023-09-01T02:15:45.485+0000] {processor.py:839} INFO - DAG(s) dict_keys(['example_setup_teardown_taskflow']) retrieved from /home/airflow/.local/lib/python3.8/site-packages/airflow/example_dags/example_setup_teardown_taskflow.py
[2023-09-01T02:15:45.511+0000] {logging_mixin.py:151} INFO - [2023-09-01T02:15:45.510+0000] {dag.py:2907} INFO - Sync 1 DAGs
[2023-09-01T02:15:45.532+0000] {logging_mixin.py:151} INFO - [2023-09-01T02:15:45.532+0000] {dag.py:3677} INFO - Setting next_dagrun for example_setup_teardown_taskflow to 2023-08-31T02:15:45.531736+00:00, run_after=2023-09-01T02:15:45.531736+00:00
[2023-09-01T02:15:45.552+0000] {processor.py:179} INFO - Processing /home/airflow/.local/lib/python3.8/site-packages/airflow/example_dags/example_setup_teardown_taskflow.py took 0.084 seconds
[2023-09-01T04:04:37.968+0000] {processor.py:157} INFO - Started process (PID=73207) to work on /home/airflow/.local/lib/python3.8/site-packages/airflow/example_dags/example_setup_teardown_taskflow.py
[2023-09-01T04:04:37.970+0000] {processor.py:829} INFO - Processing file /home/airflow/.local/lib/python3.8/site-packages/airflow/example_dags/example_setup_teardown_taskflow.py for tasks to queue
[2023-09-01T04:04:37.972+0000] {logging_mixin.py:151} INFO - [2023-09-01T04:04:37.972+0000] {dagbag.py:539} INFO - Filling up the DagBag from /home/airflow/.local/lib/python3.8/site-packages/airflow/example_dags/example_setup_teardown_taskflow.py
[2023-09-01T04:04:37.987+0000] {processor.py:839} INFO - DAG(s) dict_keys(['example_setup_teardown_taskflow']) retrieved from /home/airflow/.local/lib/python3.8/site-packages/airflow/example_dags/example_setup_teardown_taskflow.py
[2023-09-01T04:04:38.027+0000] {logging_mixin.py:151} INFO - [2023-09-01T04:04:38.027+0000] {dag.py:2907} INFO - Sync 1 DAGs
[2023-09-01T04:04:38.061+0000] {logging_mixin.py:151} INFO - [2023-09-01T04:04:38.061+0000] {dag.py:3677} INFO - Setting next_dagrun for example_setup_teardown_taskflow to 2023-08-31T04:04:38.060443+00:00, run_after=2023-09-01T04:04:38.060443+00:00
[2023-09-01T04:04:38.095+0000] {processor.py:179} INFO - Processing /home/airflow/.local/lib/python3.8/site-packages/airflow/example_dags/example_setup_teardown_taskflow.py took 0.133 seconds
[2023-09-01T04:05:15.103+0000] {processor.py:157} INFO - Started process (PID=73262) to work on /home/airflow/.local/lib/python3.8/site-packages/airflow/example_dags/example_setup_teardown_taskflow.py
[2023-09-01T04:05:15.109+0000] {processor.py:829} INFO - Processing file /home/airflow/.local/lib/python3.8/site-packages/airflow/example_dags/example_setup_teardown_taskflow.py for tasks to queue
[2023-09-01T04:05:15.115+0000] {logging_mixin.py:151} INFO - [2023-09-01T04:05:15.113+0000] {dagbag.py:539} INFO - Filling up the DagBag from /home/airflow/.local/lib/python3.8/site-packages/airflow/example_dags/example_setup_teardown_taskflow.py
[2023-09-01T04:05:15.172+0000] {processor.py:839} INFO - DAG(s) dict_keys(['example_setup_teardown_taskflow']) retrieved from /home/airflow/.local/lib/python3.8/site-packages/airflow/example_dags/example_setup_teardown_taskflow.py
[2023-09-01T04:05:15.298+0000] {logging_mixin.py:151} INFO - [2023-09-01T04:05:15.298+0000] {dag.py:2907} INFO - Sync 1 DAGs
[2023-09-01T04:05:15.412+0000] {logging_mixin.py:151} INFO - [2023-09-01T04:05:15.412+0000] {dag.py:3677} INFO - Setting next_dagrun for example_setup_teardown_taskflow to 2023-08-31T04:05:15.410778+00:00, run_after=2023-09-01T04:05:15.410778+00:00
[2023-09-01T04:05:15.524+0000] {processor.py:179} INFO - Processing /home/airflow/.local/lib/python3.8/site-packages/airflow/example_dags/example_setup_teardown_taskflow.py took 0.442 seconds
[2023-09-01T04:05:47.493+0000] {processor.py:157} INFO - Started process (PID=73317) to work on /home/airflow/.local/lib/python3.8/site-packages/airflow/example_dags/example_setup_teardown_taskflow.py
[2023-09-01T04:05:47.494+0000] {processor.py:829} INFO - Processing file /home/airflow/.local/lib/python3.8/site-packages/airflow/example_dags/example_setup_teardown_taskflow.py for tasks to queue
[2023-09-01T04:05:47.496+0000] {logging_mixin.py:151} INFO - [2023-09-01T04:05:47.495+0000] {dagbag.py:539} INFO - Filling up the DagBag from /home/airflow/.local/lib/python3.8/site-packages/airflow/example_dags/example_setup_teardown_taskflow.py
[2023-09-01T04:05:47.509+0000] {processor.py:839} INFO - DAG(s) dict_keys(['example_setup_teardown_taskflow']) retrieved from /home/airflow/.local/lib/python3.8/site-packages/airflow/example_dags/example_setup_teardown_taskflow.py
[2023-09-01T04:05:47.537+0000] {logging_mixin.py:151} INFO - [2023-09-01T04:05:47.537+0000] {dag.py:2907} INFO - Sync 1 DAGs
[2023-09-01T04:05:47.562+0000] {logging_mixin.py:151} INFO - [2023-09-01T04:05:47.562+0000] {dag.py:3677} INFO - Setting next_dagrun for example_setup_teardown_taskflow to 2023-08-31T04:05:47.562036+00:00, run_after=2023-09-01T04:05:47.562036+00:00
[2023-09-01T04:05:47.583+0000] {processor.py:179} INFO - Processing /home/airflow/.local/lib/python3.8/site-packages/airflow/example_dags/example_setup_teardown_taskflow.py took 0.095 seconds
[2023-09-01T10:29:12.312+0000] {processor.py:157} INFO - Started process (PID=73365) to work on /home/airflow/.local/lib/python3.8/site-packages/airflow/example_dags/example_setup_teardown_taskflow.py
[2023-09-01T10:29:12.313+0000] {processor.py:829} INFO - Processing file /home/airflow/.local/lib/python3.8/site-packages/airflow/example_dags/example_setup_teardown_taskflow.py for tasks to queue
[2023-09-01T10:29:12.315+0000] {logging_mixin.py:151} INFO - [2023-09-01T10:29:12.314+0000] {dagbag.py:539} INFO - Filling up the DagBag from /home/airflow/.local/lib/python3.8/site-packages/airflow/example_dags/example_setup_teardown_taskflow.py
[2023-09-01T10:29:12.329+0000] {processor.py:839} INFO - DAG(s) dict_keys(['example_setup_teardown_taskflow']) retrieved from /home/airflow/.local/lib/python3.8/site-packages/airflow/example_dags/example_setup_teardown_taskflow.py
[2023-09-01T10:29:12.362+0000] {logging_mixin.py:151} INFO - [2023-09-01T10:29:12.362+0000] {dag.py:2907} INFO - Sync 1 DAGs
[2023-09-01T10:29:12.390+0000] {logging_mixin.py:151} INFO - [2023-09-01T10:29:12.390+0000] {dag.py:3677} INFO - Setting next_dagrun for example_setup_teardown_taskflow to 2023-08-31T10:29:12.389940+00:00, run_after=2023-09-01T10:29:12.389940+00:00
[2023-09-01T10:29:12.551+0000] {processor.py:179} INFO - Processing /home/airflow/.local/lib/python3.8/site-packages/airflow/example_dags/example_setup_teardown_taskflow.py took 0.244 seconds
[2023-09-01T16:39:33.422+0000] {processor.py:157} INFO - Started process (PID=73421) to work on /home/airflow/.local/lib/python3.8/site-packages/airflow/example_dags/example_setup_teardown_taskflow.py
[2023-09-01T16:39:33.424+0000] {processor.py:829} INFO - Processing file /home/airflow/.local/lib/python3.8/site-packages/airflow/example_dags/example_setup_teardown_taskflow.py for tasks to queue
[2023-09-01T16:39:33.425+0000] {logging_mixin.py:151} INFO - [2023-09-01T16:39:33.425+0000] {dagbag.py:539} INFO - Filling up the DagBag from /home/airflow/.local/lib/python3.8/site-packages/airflow/example_dags/example_setup_teardown_taskflow.py
[2023-09-01T16:39:33.439+0000] {processor.py:839} INFO - DAG(s) dict_keys(['example_setup_teardown_taskflow']) retrieved from /home/airflow/.local/lib/python3.8/site-packages/airflow/example_dags/example_setup_teardown_taskflow.py
[2023-09-01T16:39:33.469+0000] {logging_mixin.py:151} INFO - [2023-09-01T16:39:33.469+0000] {dag.py:2907} INFO - Sync 1 DAGs
[2023-09-01T16:39:33.497+0000] {logging_mixin.py:151} INFO - [2023-09-01T16:39:33.496+0000] {dag.py:3677} INFO - Setting next_dagrun for example_setup_teardown_taskflow to 2023-08-31T16:39:33.496579+00:00, run_after=2023-09-01T16:39:33.496579+00:00
[2023-09-01T16:39:33.520+0000] {processor.py:179} INFO - Processing /home/airflow/.local/lib/python3.8/site-packages/airflow/example_dags/example_setup_teardown_taskflow.py took 0.103 seconds
[2023-09-01T16:40:04.464+0000] {processor.py:157} INFO - Started process (PID=73476) to work on /home/airflow/.local/lib/python3.8/site-packages/airflow/example_dags/example_setup_teardown_taskflow.py
[2023-09-01T16:40:04.465+0000] {processor.py:829} INFO - Processing file /home/airflow/.local/lib/python3.8/site-packages/airflow/example_dags/example_setup_teardown_taskflow.py for tasks to queue
[2023-09-01T16:40:04.467+0000] {logging_mixin.py:151} INFO - [2023-09-01T16:40:04.466+0000] {dagbag.py:539} INFO - Filling up the DagBag from /home/airflow/.local/lib/python3.8/site-packages/airflow/example_dags/example_setup_teardown_taskflow.py
[2023-09-01T16:40:04.478+0000] {processor.py:839} INFO - DAG(s) dict_keys(['example_setup_teardown_taskflow']) retrieved from /home/airflow/.local/lib/python3.8/site-packages/airflow/example_dags/example_setup_teardown_taskflow.py
[2023-09-01T16:40:04.505+0000] {logging_mixin.py:151} INFO - [2023-09-01T16:40:04.505+0000] {dag.py:2907} INFO - Sync 1 DAGs
[2023-09-01T16:40:04.529+0000] {logging_mixin.py:151} INFO - [2023-09-01T16:40:04.529+0000] {dag.py:3677} INFO - Setting next_dagrun for example_setup_teardown_taskflow to 2023-08-31T16:40:04.529344+00:00, run_after=2023-09-01T16:40:04.529344+00:00
[2023-09-01T16:40:04.550+0000] {processor.py:179} INFO - Processing /home/airflow/.local/lib/python3.8/site-packages/airflow/example_dags/example_setup_teardown_taskflow.py took 0.090 seconds
[2023-09-01T17:33:19.927+0000] {processor.py:157} INFO - Started process (PID=73557) to work on /home/airflow/.local/lib/python3.8/site-packages/airflow/example_dags/example_setup_teardown_taskflow.py
[2023-09-01T17:33:19.928+0000] {processor.py:829} INFO - Processing file /home/airflow/.local/lib/python3.8/site-packages/airflow/example_dags/example_setup_teardown_taskflow.py for tasks to queue
[2023-09-01T17:33:19.930+0000] {logging_mixin.py:151} INFO - [2023-09-01T17:33:19.929+0000] {dagbag.py:539} INFO - Filling up the DagBag from /home/airflow/.local/lib/python3.8/site-packages/airflow/example_dags/example_setup_teardown_taskflow.py
[2023-09-01T17:33:20.095+0000] {processor.py:839} INFO - DAG(s) dict_keys(['example_setup_teardown_taskflow']) retrieved from /home/airflow/.local/lib/python3.8/site-packages/airflow/example_dags/example_setup_teardown_taskflow.py
[2023-09-01T17:33:20.121+0000] {logging_mixin.py:151} INFO - [2023-09-01T17:33:20.121+0000] {dag.py:2907} INFO - Sync 1 DAGs
[2023-09-01T17:33:20.143+0000] {logging_mixin.py:151} INFO - [2023-09-01T17:33:20.143+0000] {dag.py:3677} INFO - Setting next_dagrun for example_setup_teardown_taskflow to 2023-08-31T17:33:20.142838+00:00, run_after=2023-09-01T17:33:20.142838+00:00
[2023-09-01T17:33:20.162+0000] {processor.py:179} INFO - Processing /home/airflow/.local/lib/python3.8/site-packages/airflow/example_dags/example_setup_teardown_taskflow.py took 0.241 seconds
[2023-09-01T17:55:31.732+0000] {processor.py:157} INFO - Started process (PID=73612) to work on /home/airflow/.local/lib/python3.8/site-packages/airflow/example_dags/example_setup_teardown_taskflow.py
[2023-09-01T17:55:31.734+0000] {processor.py:829} INFO - Processing file /home/airflow/.local/lib/python3.8/site-packages/airflow/example_dags/example_setup_teardown_taskflow.py for tasks to queue
[2023-09-01T17:55:31.735+0000] {logging_mixin.py:151} INFO - [2023-09-01T17:55:31.735+0000] {dagbag.py:539} INFO - Filling up the DagBag from /home/airflow/.local/lib/python3.8/site-packages/airflow/example_dags/example_setup_teardown_taskflow.py
[2023-09-01T17:55:31.748+0000] {processor.py:839} INFO - DAG(s) dict_keys(['example_setup_teardown_taskflow']) retrieved from /home/airflow/.local/lib/python3.8/site-packages/airflow/example_dags/example_setup_teardown_taskflow.py
[2023-09-01T17:55:31.777+0000] {logging_mixin.py:151} INFO - [2023-09-01T17:55:31.777+0000] {dag.py:2907} INFO - Sync 1 DAGs
[2023-09-01T17:55:31.801+0000] {logging_mixin.py:151} INFO - [2023-09-01T17:55:31.801+0000] {dag.py:3677} INFO - Setting next_dagrun for example_setup_teardown_taskflow to 2023-08-31T17:55:31.801114+00:00, run_after=2023-09-01T17:55:31.801114+00:00
[2023-09-01T17:55:31.824+0000] {processor.py:179} INFO - Processing /home/airflow/.local/lib/python3.8/site-packages/airflow/example_dags/example_setup_teardown_taskflow.py took 0.096 seconds
[2023-09-01T18:41:52.814+0000] {processor.py:157} INFO - Started process (PID=73667) to work on /home/airflow/.local/lib/python3.8/site-packages/airflow/example_dags/example_setup_teardown_taskflow.py
[2023-09-01T18:41:52.815+0000] {processor.py:829} INFO - Processing file /home/airflow/.local/lib/python3.8/site-packages/airflow/example_dags/example_setup_teardown_taskflow.py for tasks to queue
[2023-09-01T18:41:52.817+0000] {logging_mixin.py:151} INFO - [2023-09-01T18:41:52.816+0000] {dagbag.py:539} INFO - Filling up the DagBag from /home/airflow/.local/lib/python3.8/site-packages/airflow/example_dags/example_setup_teardown_taskflow.py
[2023-09-01T18:41:52.830+0000] {processor.py:839} INFO - DAG(s) dict_keys(['example_setup_teardown_taskflow']) retrieved from /home/airflow/.local/lib/python3.8/site-packages/airflow/example_dags/example_setup_teardown_taskflow.py
[2023-09-01T18:41:52.858+0000] {logging_mixin.py:151} INFO - [2023-09-01T18:41:52.858+0000] {dag.py:2907} INFO - Sync 1 DAGs
[2023-09-01T18:41:52.882+0000] {logging_mixin.py:151} INFO - [2023-09-01T18:41:52.881+0000] {dag.py:3677} INFO - Setting next_dagrun for example_setup_teardown_taskflow to 2023-08-31T18:41:52.881574+00:00, run_after=2023-09-01T18:41:52.881574+00:00
[2023-09-01T18:41:52.903+0000] {processor.py:179} INFO - Processing /home/airflow/.local/lib/python3.8/site-packages/airflow/example_dags/example_setup_teardown_taskflow.py took 0.094 seconds
[2023-09-01T19:35:58.926+0000] {processor.py:157} INFO - Started process (PID=73722) to work on /home/airflow/.local/lib/python3.8/site-packages/airflow/example_dags/example_setup_teardown_taskflow.py
[2023-09-01T19:35:58.928+0000] {processor.py:829} INFO - Processing file /home/airflow/.local/lib/python3.8/site-packages/airflow/example_dags/example_setup_teardown_taskflow.py for tasks to queue
[2023-09-01T19:35:58.931+0000] {logging_mixin.py:151} INFO - [2023-09-01T19:35:58.930+0000] {dagbag.py:539} INFO - Filling up the DagBag from /home/airflow/.local/lib/python3.8/site-packages/airflow/example_dags/example_setup_teardown_taskflow.py
[2023-09-01T19:35:58.952+0000] {processor.py:839} INFO - DAG(s) dict_keys(['example_setup_teardown_taskflow']) retrieved from /home/airflow/.local/lib/python3.8/site-packages/airflow/example_dags/example_setup_teardown_taskflow.py
[2023-09-01T19:35:58.986+0000] {logging_mixin.py:151} INFO - [2023-09-01T19:35:58.985+0000] {dag.py:2907} INFO - Sync 1 DAGs
[2023-09-01T19:35:59.014+0000] {logging_mixin.py:151} INFO - [2023-09-01T19:35:59.014+0000] {dag.py:3677} INFO - Setting next_dagrun for example_setup_teardown_taskflow to 2023-08-31T19:35:59.014117+00:00, run_after=2023-09-01T19:35:59.014117+00:00
[2023-09-01T19:35:59.039+0000] {processor.py:179} INFO - Processing /home/airflow/.local/lib/python3.8/site-packages/airflow/example_dags/example_setup_teardown_taskflow.py took 0.119 seconds
[2023-09-01T19:40:34.606+0000] {processor.py:157} INFO - Started process (PID=73777) to work on /home/airflow/.local/lib/python3.8/site-packages/airflow/example_dags/example_setup_teardown_taskflow.py
[2023-09-01T19:40:34.607+0000] {processor.py:829} INFO - Processing file /home/airflow/.local/lib/python3.8/site-packages/airflow/example_dags/example_setup_teardown_taskflow.py for tasks to queue
[2023-09-01T19:40:34.609+0000] {logging_mixin.py:151} INFO - [2023-09-01T19:40:34.609+0000] {dagbag.py:539} INFO - Filling up the DagBag from /home/airflow/.local/lib/python3.8/site-packages/airflow/example_dags/example_setup_teardown_taskflow.py
[2023-09-01T19:40:34.624+0000] {processor.py:839} INFO - DAG(s) dict_keys(['example_setup_teardown_taskflow']) retrieved from /home/airflow/.local/lib/python3.8/site-packages/airflow/example_dags/example_setup_teardown_taskflow.py
[2023-09-01T19:40:34.659+0000] {logging_mixin.py:151} INFO - [2023-09-01T19:40:34.659+0000] {dag.py:2907} INFO - Sync 1 DAGs
[2023-09-01T19:40:34.690+0000] {logging_mixin.py:151} INFO - [2023-09-01T19:40:34.690+0000] {dag.py:3677} INFO - Setting next_dagrun for example_setup_teardown_taskflow to 2023-08-31T19:40:34.689602+00:00, run_after=2023-09-01T19:40:34.689602+00:00
[2023-09-01T19:40:34.734+0000] {processor.py:179} INFO - Processing /home/airflow/.local/lib/python3.8/site-packages/airflow/example_dags/example_setup_teardown_taskflow.py took 0.134 seconds
[2023-09-01T19:41:24.644+0000] {processor.py:157} INFO - Started process (PID=73832) to work on /home/airflow/.local/lib/python3.8/site-packages/airflow/example_dags/example_setup_teardown_taskflow.py
[2023-09-01T19:41:24.646+0000] {processor.py:829} INFO - Processing file /home/airflow/.local/lib/python3.8/site-packages/airflow/example_dags/example_setup_teardown_taskflow.py for tasks to queue
[2023-09-01T19:41:24.648+0000] {logging_mixin.py:151} INFO - [2023-09-01T19:41:24.647+0000] {dagbag.py:539} INFO - Filling up the DagBag from /home/airflow/.local/lib/python3.8/site-packages/airflow/example_dags/example_setup_teardown_taskflow.py
[2023-09-01T19:41:24.673+0000] {processor.py:839} INFO - DAG(s) dict_keys(['example_setup_teardown_taskflow']) retrieved from /home/airflow/.local/lib/python3.8/site-packages/airflow/example_dags/example_setup_teardown_taskflow.py
[2023-09-01T19:41:24.713+0000] {logging_mixin.py:151} INFO - [2023-09-01T19:41:24.713+0000] {dag.py:2907} INFO - Sync 1 DAGs
[2023-09-01T19:41:24.784+0000] {logging_mixin.py:151} INFO - [2023-09-01T19:41:24.784+0000] {dag.py:3677} INFO - Setting next_dagrun for example_setup_teardown_taskflow to 2023-08-31T19:41:24.783576+00:00, run_after=2023-09-01T19:41:24.783576+00:00
[2023-09-01T19:41:24.836+0000] {processor.py:179} INFO - Processing /home/airflow/.local/lib/python3.8/site-packages/airflow/example_dags/example_setup_teardown_taskflow.py took 0.197 seconds
[2023-09-01T19:59:28.470+0000] {processor.py:157} INFO - Started process (PID=73887) to work on /home/airflow/.local/lib/python3.8/site-packages/airflow/example_dags/example_setup_teardown_taskflow.py
[2023-09-01T19:59:28.471+0000] {processor.py:829} INFO - Processing file /home/airflow/.local/lib/python3.8/site-packages/airflow/example_dags/example_setup_teardown_taskflow.py for tasks to queue
[2023-09-01T19:59:28.472+0000] {logging_mixin.py:151} INFO - [2023-09-01T19:59:28.472+0000] {dagbag.py:539} INFO - Filling up the DagBag from /home/airflow/.local/lib/python3.8/site-packages/airflow/example_dags/example_setup_teardown_taskflow.py
[2023-09-01T19:59:28.485+0000] {processor.py:839} INFO - DAG(s) dict_keys(['example_setup_teardown_taskflow']) retrieved from /home/airflow/.local/lib/python3.8/site-packages/airflow/example_dags/example_setup_teardown_taskflow.py
[2023-09-01T19:59:28.515+0000] {logging_mixin.py:151} INFO - [2023-09-01T19:59:28.514+0000] {dag.py:2907} INFO - Sync 1 DAGs
[2023-09-01T19:59:28.539+0000] {logging_mixin.py:151} INFO - [2023-09-01T19:59:28.539+0000] {dag.py:3677} INFO - Setting next_dagrun for example_setup_teardown_taskflow to 2023-08-31T19:59:28.538820+00:00, run_after=2023-09-01T19:59:28.538820+00:00
[2023-09-01T19:59:28.563+0000] {processor.py:179} INFO - Processing /home/airflow/.local/lib/python3.8/site-packages/airflow/example_dags/example_setup_teardown_taskflow.py took 0.097 seconds
