[2023-09-01T02:15:45.350+0000] {processor.py:157} INFO - Started process (PID=73160) to work on /home/airflow/.local/lib/python3.8/site-packages/airflow/example_dags/example_short_circuit_decorator.py
[2023-09-01T02:15:45.352+0000] {processor.py:829} INFO - Processing file /home/airflow/.local/lib/python3.8/site-packages/airflow/example_dags/example_short_circuit_decorator.py for tasks to queue
[2023-09-01T02:15:45.354+0000] {logging_mixin.py:151} INFO - [2023-09-01T02:15:45.353+0000] {dagbag.py:539} INFO - Filling up the DagBag from /home/airflow/.local/lib/python3.8/site-packages/airflow/example_dags/example_short_circuit_decorator.py
[2023-09-01T02:15:45.368+0000] {processor.py:839} INFO - DAG(s) dict_keys(['example_short_circuit_decorator']) retrieved from /home/airflow/.local/lib/python3.8/site-packages/airflow/example_dags/example_short_circuit_decorator.py
[2023-09-01T02:15:45.403+0000] {logging_mixin.py:151} INFO - [2023-09-01T02:15:45.403+0000] {dag.py:2907} INFO - Sync 1 DAGs
[2023-09-01T02:15:45.424+0000] {logging_mixin.py:151} INFO - [2023-09-01T02:15:45.424+0000] {dag.py:3677} INFO - Setting next_dagrun for example_short_circuit_decorator to 2023-08-31T02:15:45.424454+00:00, run_after=2023-09-01T02:15:45.424454+00:00
[2023-09-01T02:15:45.443+0000] {processor.py:179} INFO - Processing /home/airflow/.local/lib/python3.8/site-packages/airflow/example_dags/example_short_circuit_decorator.py took 0.097 seconds
[2023-09-01T04:04:37.827+0000] {processor.py:157} INFO - Started process (PID=73205) to work on /home/airflow/.local/lib/python3.8/site-packages/airflow/example_dags/example_short_circuit_decorator.py
[2023-09-01T04:04:37.828+0000] {processor.py:829} INFO - Processing file /home/airflow/.local/lib/python3.8/site-packages/airflow/example_dags/example_short_circuit_decorator.py for tasks to queue
[2023-09-01T04:04:37.830+0000] {logging_mixin.py:151} INFO - [2023-09-01T04:04:37.829+0000] {dagbag.py:539} INFO - Filling up the DagBag from /home/airflow/.local/lib/python3.8/site-packages/airflow/example_dags/example_short_circuit_decorator.py
[2023-09-01T04:04:37.841+0000] {processor.py:839} INFO - DAG(s) dict_keys(['example_short_circuit_decorator']) retrieved from /home/airflow/.local/lib/python3.8/site-packages/airflow/example_dags/example_short_circuit_decorator.py
[2023-09-01T04:04:37.873+0000] {logging_mixin.py:151} INFO - [2023-09-01T04:04:37.873+0000] {dag.py:2907} INFO - Sync 1 DAGs
[2023-09-01T04:04:37.900+0000] {logging_mixin.py:151} INFO - [2023-09-01T04:04:37.899+0000] {dag.py:3677} INFO - Setting next_dagrun for example_short_circuit_decorator to 2023-08-31T04:04:37.899649+00:00, run_after=2023-09-01T04:04:37.899649+00:00
[2023-09-01T04:04:37.927+0000] {processor.py:179} INFO - Processing /home/airflow/.local/lib/python3.8/site-packages/airflow/example_dags/example_short_circuit_decorator.py took 0.105 seconds
[2023-09-01T04:05:14.523+0000] {processor.py:157} INFO - Started process (PID=73260) to work on /home/airflow/.local/lib/python3.8/site-packages/airflow/example_dags/example_short_circuit_decorator.py
[2023-09-01T04:05:14.530+0000] {processor.py:829} INFO - Processing file /home/airflow/.local/lib/python3.8/site-packages/airflow/example_dags/example_short_circuit_decorator.py for tasks to queue
[2023-09-01T04:05:14.544+0000] {logging_mixin.py:151} INFO - [2023-09-01T04:05:14.539+0000] {dagbag.py:539} INFO - Filling up the DagBag from /home/airflow/.local/lib/python3.8/site-packages/airflow/example_dags/example_short_circuit_decorator.py
[2023-09-01T04:05:14.621+0000] {processor.py:839} INFO - DAG(s) dict_keys(['example_short_circuit_decorator']) retrieved from /home/airflow/.local/lib/python3.8/site-packages/airflow/example_dags/example_short_circuit_decorator.py
[2023-09-01T04:05:14.765+0000] {logging_mixin.py:151} INFO - [2023-09-01T04:05:14.764+0000] {dag.py:2907} INFO - Sync 1 DAGs
[2023-09-01T04:05:14.876+0000] {logging_mixin.py:151} INFO - [2023-09-01T04:05:14.875+0000] {dag.py:3677} INFO - Setting next_dagrun for example_short_circuit_decorator to 2023-08-31T04:05:14.874659+00:00, run_after=2023-09-01T04:05:14.874659+00:00
[2023-09-01T04:05:14.975+0000] {processor.py:179} INFO - Processing /home/airflow/.local/lib/python3.8/site-packages/airflow/example_dags/example_short_circuit_decorator.py took 0.474 seconds
[2023-09-01T04:05:47.369+0000] {processor.py:157} INFO - Started process (PID=73315) to work on /home/airflow/.local/lib/python3.8/site-packages/airflow/example_dags/example_short_circuit_decorator.py
[2023-09-01T04:05:47.371+0000] {processor.py:829} INFO - Processing file /home/airflow/.local/lib/python3.8/site-packages/airflow/example_dags/example_short_circuit_decorator.py for tasks to queue
[2023-09-01T04:05:47.372+0000] {logging_mixin.py:151} INFO - [2023-09-01T04:05:47.372+0000] {dagbag.py:539} INFO - Filling up the DagBag from /home/airflow/.local/lib/python3.8/site-packages/airflow/example_dags/example_short_circuit_decorator.py
[2023-09-01T04:05:47.384+0000] {processor.py:839} INFO - DAG(s) dict_keys(['example_short_circuit_decorator']) retrieved from /home/airflow/.local/lib/python3.8/site-packages/airflow/example_dags/example_short_circuit_decorator.py
[2023-09-01T04:05:47.415+0000] {logging_mixin.py:151} INFO - [2023-09-01T04:05:47.415+0000] {dag.py:2907} INFO - Sync 1 DAGs
[2023-09-01T04:05:47.438+0000] {logging_mixin.py:151} INFO - [2023-09-01T04:05:47.438+0000] {dag.py:3677} INFO - Setting next_dagrun for example_short_circuit_decorator to 2023-08-31T04:05:47.438269+00:00, run_after=2023-09-01T04:05:47.438269+00:00
[2023-09-01T04:05:47.460+0000] {processor.py:179} INFO - Processing /home/airflow/.local/lib/python3.8/site-packages/airflow/example_dags/example_short_circuit_decorator.py took 0.095 seconds
[2023-09-01T10:29:12.042+0000] {processor.py:157} INFO - Started process (PID=73363) to work on /home/airflow/.local/lib/python3.8/site-packages/airflow/example_dags/example_short_circuit_decorator.py
[2023-09-01T10:29:12.043+0000] {processor.py:829} INFO - Processing file /home/airflow/.local/lib/python3.8/site-packages/airflow/example_dags/example_short_circuit_decorator.py for tasks to queue
[2023-09-01T10:29:12.045+0000] {logging_mixin.py:151} INFO - [2023-09-01T10:29:12.044+0000] {dagbag.py:539} INFO - Filling up the DagBag from /home/airflow/.local/lib/python3.8/site-packages/airflow/example_dags/example_short_circuit_decorator.py
[2023-09-01T10:29:12.058+0000] {processor.py:839} INFO - DAG(s) dict_keys(['example_short_circuit_decorator']) retrieved from /home/airflow/.local/lib/python3.8/site-packages/airflow/example_dags/example_short_circuit_decorator.py
[2023-09-01T10:29:12.088+0000] {logging_mixin.py:151} INFO - [2023-09-01T10:29:12.088+0000] {dag.py:2907} INFO - Sync 1 DAGs
[2023-09-01T10:29:12.113+0000] {logging_mixin.py:151} INFO - [2023-09-01T10:29:12.113+0000] {dag.py:3677} INFO - Setting next_dagrun for example_short_circuit_decorator to 2023-08-31T10:29:12.113034+00:00, run_after=2023-09-01T10:29:12.113034+00:00
[2023-09-01T10:29:12.276+0000] {processor.py:179} INFO - Processing /home/airflow/.local/lib/python3.8/site-packages/airflow/example_dags/example_short_circuit_decorator.py took 0.239 seconds
[2023-09-01T16:39:33.286+0000] {processor.py:157} INFO - Started process (PID=73419) to work on /home/airflow/.local/lib/python3.8/site-packages/airflow/example_dags/example_short_circuit_decorator.py
[2023-09-01T16:39:33.288+0000] {processor.py:829} INFO - Processing file /home/airflow/.local/lib/python3.8/site-packages/airflow/example_dags/example_short_circuit_decorator.py for tasks to queue
[2023-09-01T16:39:33.290+0000] {logging_mixin.py:151} INFO - [2023-09-01T16:39:33.289+0000] {dagbag.py:539} INFO - Filling up the DagBag from /home/airflow/.local/lib/python3.8/site-packages/airflow/example_dags/example_short_circuit_decorator.py
[2023-09-01T16:39:33.303+0000] {processor.py:839} INFO - DAG(s) dict_keys(['example_short_circuit_decorator']) retrieved from /home/airflow/.local/lib/python3.8/site-packages/airflow/example_dags/example_short_circuit_decorator.py
[2023-09-01T16:39:33.338+0000] {logging_mixin.py:151} INFO - [2023-09-01T16:39:33.337+0000] {dag.py:2907} INFO - Sync 1 DAGs
[2023-09-01T16:39:33.366+0000] {logging_mixin.py:151} INFO - [2023-09-01T16:39:33.365+0000] {dag.py:3677} INFO - Setting next_dagrun for example_short_circuit_decorator to 2023-08-31T16:39:33.365406+00:00, run_after=2023-09-01T16:39:33.365406+00:00
[2023-09-01T16:39:33.390+0000] {processor.py:179} INFO - Processing /home/airflow/.local/lib/python3.8/site-packages/airflow/example_dags/example_short_circuit_decorator.py took 0.109 seconds
[2023-09-01T16:40:04.348+0000] {processor.py:157} INFO - Started process (PID=73474) to work on /home/airflow/.local/lib/python3.8/site-packages/airflow/example_dags/example_short_circuit_decorator.py
[2023-09-01T16:40:04.350+0000] {processor.py:829} INFO - Processing file /home/airflow/.local/lib/python3.8/site-packages/airflow/example_dags/example_short_circuit_decorator.py for tasks to queue
[2023-09-01T16:40:04.351+0000] {logging_mixin.py:151} INFO - [2023-09-01T16:40:04.351+0000] {dagbag.py:539} INFO - Filling up the DagBag from /home/airflow/.local/lib/python3.8/site-packages/airflow/example_dags/example_short_circuit_decorator.py
[2023-09-01T16:40:04.363+0000] {processor.py:839} INFO - DAG(s) dict_keys(['example_short_circuit_decorator']) retrieved from /home/airflow/.local/lib/python3.8/site-packages/airflow/example_dags/example_short_circuit_decorator.py
[2023-09-01T16:40:04.391+0000] {logging_mixin.py:151} INFO - [2023-09-01T16:40:04.391+0000] {dag.py:2907} INFO - Sync 1 DAGs
[2023-09-01T16:40:04.416+0000] {logging_mixin.py:151} INFO - [2023-09-01T16:40:04.415+0000] {dag.py:3677} INFO - Setting next_dagrun for example_short_circuit_decorator to 2023-08-31T16:40:04.415645+00:00, run_after=2023-09-01T16:40:04.415645+00:00
[2023-09-01T16:40:04.436+0000] {processor.py:179} INFO - Processing /home/airflow/.local/lib/python3.8/site-packages/airflow/example_dags/example_short_circuit_decorator.py took 0.093 seconds
[2023-09-01T17:33:19.656+0000] {processor.py:157} INFO - Started process (PID=73555) to work on /home/airflow/.local/lib/python3.8/site-packages/airflow/example_dags/example_short_circuit_decorator.py
[2023-09-01T17:33:19.658+0000] {processor.py:829} INFO - Processing file /home/airflow/.local/lib/python3.8/site-packages/airflow/example_dags/example_short_circuit_decorator.py for tasks to queue
[2023-09-01T17:33:19.659+0000] {logging_mixin.py:151} INFO - [2023-09-01T17:33:19.659+0000] {dagbag.py:539} INFO - Filling up the DagBag from /home/airflow/.local/lib/python3.8/site-packages/airflow/example_dags/example_short_circuit_decorator.py
[2023-09-01T17:33:19.822+0000] {processor.py:839} INFO - DAG(s) dict_keys(['example_short_circuit_decorator']) retrieved from /home/airflow/.local/lib/python3.8/site-packages/airflow/example_dags/example_short_circuit_decorator.py
[2023-09-01T17:33:19.851+0000] {logging_mixin.py:151} INFO - [2023-09-01T17:33:19.851+0000] {dag.py:2907} INFO - Sync 1 DAGs
[2023-09-01T17:33:19.873+0000] {logging_mixin.py:151} INFO - [2023-09-01T17:33:19.873+0000] {dag.py:3677} INFO - Setting next_dagrun for example_short_circuit_decorator to 2023-08-31T17:33:19.872950+00:00, run_after=2023-09-01T17:33:19.872950+00:00
[2023-09-01T17:33:19.893+0000] {processor.py:179} INFO - Processing /home/airflow/.local/lib/python3.8/site-packages/airflow/example_dags/example_short_circuit_decorator.py took 0.241 seconds
[2023-09-01T17:55:31.590+0000] {processor.py:157} INFO - Started process (PID=73610) to work on /home/airflow/.local/lib/python3.8/site-packages/airflow/example_dags/example_short_circuit_decorator.py
[2023-09-01T17:55:31.592+0000] {processor.py:829} INFO - Processing file /home/airflow/.local/lib/python3.8/site-packages/airflow/example_dags/example_short_circuit_decorator.py for tasks to queue
[2023-09-01T17:55:31.593+0000] {logging_mixin.py:151} INFO - [2023-09-01T17:55:31.593+0000] {dagbag.py:539} INFO - Filling up the DagBag from /home/airflow/.local/lib/python3.8/site-packages/airflow/example_dags/example_short_circuit_decorator.py
[2023-09-01T17:55:31.607+0000] {processor.py:839} INFO - DAG(s) dict_keys(['example_short_circuit_decorator']) retrieved from /home/airflow/.local/lib/python3.8/site-packages/airflow/example_dags/example_short_circuit_decorator.py
[2023-09-01T17:55:31.639+0000] {logging_mixin.py:151} INFO - [2023-09-01T17:55:31.639+0000] {dag.py:2907} INFO - Sync 1 DAGs
[2023-09-01T17:55:31.673+0000] {logging_mixin.py:151} INFO - [2023-09-01T17:55:31.673+0000] {dag.py:3677} INFO - Setting next_dagrun for example_short_circuit_decorator to 2023-08-31T17:55:31.672816+00:00, run_after=2023-09-01T17:55:31.672816+00:00
[2023-09-01T17:55:31.696+0000] {processor.py:179} INFO - Processing /home/airflow/.local/lib/python3.8/site-packages/airflow/example_dags/example_short_circuit_decorator.py took 0.112 seconds
[2023-09-01T18:41:52.649+0000] {processor.py:157} INFO - Started process (PID=73665) to work on /home/airflow/.local/lib/python3.8/site-packages/airflow/example_dags/example_short_circuit_decorator.py
[2023-09-01T18:41:52.651+0000] {processor.py:829} INFO - Processing file /home/airflow/.local/lib/python3.8/site-packages/airflow/example_dags/example_short_circuit_decorator.py for tasks to queue
[2023-09-01T18:41:52.653+0000] {logging_mixin.py:151} INFO - [2023-09-01T18:41:52.652+0000] {dagbag.py:539} INFO - Filling up the DagBag from /home/airflow/.local/lib/python3.8/site-packages/airflow/example_dags/example_short_circuit_decorator.py
[2023-09-01T18:41:52.669+0000] {processor.py:839} INFO - DAG(s) dict_keys(['example_short_circuit_decorator']) retrieved from /home/airflow/.local/lib/python3.8/site-packages/airflow/example_dags/example_short_circuit_decorator.py
[2023-09-01T18:41:52.714+0000] {logging_mixin.py:151} INFO - [2023-09-01T18:41:52.714+0000] {dag.py:2907} INFO - Sync 1 DAGs
[2023-09-01T18:41:52.742+0000] {logging_mixin.py:151} INFO - [2023-09-01T18:41:52.742+0000] {dag.py:3677} INFO - Setting next_dagrun for example_short_circuit_decorator to 2023-08-31T18:41:52.742117+00:00, run_after=2023-09-01T18:41:52.742117+00:00
[2023-09-01T18:41:52.783+0000] {processor.py:179} INFO - Processing /home/airflow/.local/lib/python3.8/site-packages/airflow/example_dags/example_short_circuit_decorator.py took 0.140 seconds
[2023-09-01T19:35:58.772+0000] {processor.py:157} INFO - Started process (PID=73720) to work on /home/airflow/.local/lib/python3.8/site-packages/airflow/example_dags/example_short_circuit_decorator.py
[2023-09-01T19:35:58.774+0000] {processor.py:829} INFO - Processing file /home/airflow/.local/lib/python3.8/site-packages/airflow/example_dags/example_short_circuit_decorator.py for tasks to queue
[2023-09-01T19:35:58.775+0000] {logging_mixin.py:151} INFO - [2023-09-01T19:35:58.775+0000] {dagbag.py:539} INFO - Filling up the DagBag from /home/airflow/.local/lib/python3.8/site-packages/airflow/example_dags/example_short_circuit_decorator.py
[2023-09-01T19:35:58.790+0000] {processor.py:839} INFO - DAG(s) dict_keys(['example_short_circuit_decorator']) retrieved from /home/airflow/.local/lib/python3.8/site-packages/airflow/example_dags/example_short_circuit_decorator.py
[2023-09-01T19:35:58.827+0000] {logging_mixin.py:151} INFO - [2023-09-01T19:35:58.827+0000] {dag.py:2907} INFO - Sync 1 DAGs
[2023-09-01T19:35:58.862+0000] {logging_mixin.py:151} INFO - [2023-09-01T19:35:58.862+0000] {dag.py:3677} INFO - Setting next_dagrun for example_short_circuit_decorator to 2023-08-31T19:35:58.861603+00:00, run_after=2023-09-01T19:35:58.861603+00:00
[2023-09-01T19:35:58.891+0000] {processor.py:179} INFO - Processing /home/airflow/.local/lib/python3.8/site-packages/airflow/example_dags/example_short_circuit_decorator.py took 0.125 seconds
[2023-09-01T19:40:34.460+0000] {processor.py:157} INFO - Started process (PID=73775) to work on /home/airflow/.local/lib/python3.8/site-packages/airflow/example_dags/example_short_circuit_decorator.py
[2023-09-01T19:40:34.462+0000] {processor.py:829} INFO - Processing file /home/airflow/.local/lib/python3.8/site-packages/airflow/example_dags/example_short_circuit_decorator.py for tasks to queue
[2023-09-01T19:40:34.463+0000] {logging_mixin.py:151} INFO - [2023-09-01T19:40:34.462+0000] {dagbag.py:539} INFO - Filling up the DagBag from /home/airflow/.local/lib/python3.8/site-packages/airflow/example_dags/example_short_circuit_decorator.py
[2023-09-01T19:40:34.475+0000] {processor.py:839} INFO - DAG(s) dict_keys(['example_short_circuit_decorator']) retrieved from /home/airflow/.local/lib/python3.8/site-packages/airflow/example_dags/example_short_circuit_decorator.py
[2023-09-01T19:40:34.509+0000] {logging_mixin.py:151} INFO - [2023-09-01T19:40:34.509+0000] {dag.py:2907} INFO - Sync 1 DAGs
[2023-09-01T19:40:34.538+0000] {logging_mixin.py:151} INFO - [2023-09-01T19:40:34.538+0000] {dag.py:3677} INFO - Setting next_dagrun for example_short_circuit_decorator to 2023-08-31T19:40:34.538217+00:00, run_after=2023-09-01T19:40:34.538217+00:00
[2023-09-01T19:40:34.567+0000] {processor.py:179} INFO - Processing /home/airflow/.local/lib/python3.8/site-packages/airflow/example_dags/example_short_circuit_decorator.py took 0.112 seconds
[2023-09-01T19:41:24.441+0000] {processor.py:157} INFO - Started process (PID=73830) to work on /home/airflow/.local/lib/python3.8/site-packages/airflow/example_dags/example_short_circuit_decorator.py
[2023-09-01T19:41:24.443+0000] {processor.py:829} INFO - Processing file /home/airflow/.local/lib/python3.8/site-packages/airflow/example_dags/example_short_circuit_decorator.py for tasks to queue
[2023-09-01T19:41:24.445+0000] {logging_mixin.py:151} INFO - [2023-09-01T19:41:24.444+0000] {dagbag.py:539} INFO - Filling up the DagBag from /home/airflow/.local/lib/python3.8/site-packages/airflow/example_dags/example_short_circuit_decorator.py
[2023-09-01T19:41:24.464+0000] {processor.py:839} INFO - DAG(s) dict_keys(['example_short_circuit_decorator']) retrieved from /home/airflow/.local/lib/python3.8/site-packages/airflow/example_dags/example_short_circuit_decorator.py
[2023-09-01T19:41:24.515+0000] {logging_mixin.py:151} INFO - [2023-09-01T19:41:24.515+0000] {dag.py:2907} INFO - Sync 1 DAGs
[2023-09-01T19:41:24.551+0000] {logging_mixin.py:151} INFO - [2023-09-01T19:41:24.550+0000] {dag.py:3677} INFO - Setting next_dagrun for example_short_circuit_decorator to 2023-08-31T19:41:24.550301+00:00, run_after=2023-09-01T19:41:24.550301+00:00
[2023-09-01T19:41:24.592+0000] {processor.py:179} INFO - Processing /home/airflow/.local/lib/python3.8/site-packages/airflow/example_dags/example_short_circuit_decorator.py took 0.156 seconds
[2023-09-01T19:59:28.345+0000] {processor.py:157} INFO - Started process (PID=73885) to work on /home/airflow/.local/lib/python3.8/site-packages/airflow/example_dags/example_short_circuit_decorator.py
[2023-09-01T19:59:28.346+0000] {processor.py:829} INFO - Processing file /home/airflow/.local/lib/python3.8/site-packages/airflow/example_dags/example_short_circuit_decorator.py for tasks to queue
[2023-09-01T19:59:28.348+0000] {logging_mixin.py:151} INFO - [2023-09-01T19:59:28.347+0000] {dagbag.py:539} INFO - Filling up the DagBag from /home/airflow/.local/lib/python3.8/site-packages/airflow/example_dags/example_short_circuit_decorator.py
[2023-09-01T19:59:28.360+0000] {processor.py:839} INFO - DAG(s) dict_keys(['example_short_circuit_decorator']) retrieved from /home/airflow/.local/lib/python3.8/site-packages/airflow/example_dags/example_short_circuit_decorator.py
[2023-09-01T19:59:28.391+0000] {logging_mixin.py:151} INFO - [2023-09-01T19:59:28.390+0000] {dag.py:2907} INFO - Sync 1 DAGs
[2023-09-01T19:59:28.415+0000] {logging_mixin.py:151} INFO - [2023-09-01T19:59:28.415+0000] {dag.py:3677} INFO - Setting next_dagrun for example_short_circuit_decorator to 2023-08-31T19:59:28.414949+00:00, run_after=2023-09-01T19:59:28.414949+00:00
[2023-09-01T19:59:28.438+0000] {processor.py:179} INFO - Processing /home/airflow/.local/lib/python3.8/site-packages/airflow/example_dags/example_short_circuit_decorator.py took 0.098 seconds
