[2023-09-01T02:15:43.709+0000] {processor.py:157} INFO - Started process (PID=73139) to work on /home/airflow/.local/lib/python3.8/site-packages/airflow/example_dags/example_sensors.py
[2023-09-01T02:15:43.710+0000] {processor.py:829} INFO - Processing file /home/airflow/.local/lib/python3.8/site-packages/airflow/example_dags/example_sensors.py for tasks to queue
[2023-09-01T02:15:43.711+0000] {logging_mixin.py:151} INFO - [2023-09-01T02:15:43.711+0000] {dagbag.py:539} INFO - Filling up the DagBag from /home/airflow/.local/lib/python3.8/site-packages/airflow/example_dags/example_sensors.py
[2023-09-01T02:15:43.724+0000] {processor.py:839} INFO - DAG(s) dict_keys(['example_sensors']) retrieved from /home/airflow/.local/lib/python3.8/site-packages/airflow/example_dags/example_sensors.py
[2023-09-01T02:15:43.756+0000] {logging_mixin.py:151} INFO - [2023-09-01T02:15:43.756+0000] {dag.py:2907} INFO - Sync 1 DAGs
[2023-09-01T02:15:43.771+0000] {logging_mixin.py:151} INFO - [2023-09-01T02:15:43.771+0000] {dag.py:3677} INFO - Setting next_dagrun for example_sensors to None, run_after=None
[2023-09-01T02:15:43.795+0000] {processor.py:179} INFO - Processing /home/airflow/.local/lib/python3.8/site-packages/airflow/example_dags/example_sensors.py took 0.091 seconds
[2023-09-01T04:04:35.774+0000] {processor.py:157} INFO - Started process (PID=73184) to work on /home/airflow/.local/lib/python3.8/site-packages/airflow/example_dags/example_sensors.py
[2023-09-01T04:04:35.776+0000] {processor.py:829} INFO - Processing file /home/airflow/.local/lib/python3.8/site-packages/airflow/example_dags/example_sensors.py for tasks to queue
[2023-09-01T04:04:35.778+0000] {logging_mixin.py:151} INFO - [2023-09-01T04:04:35.778+0000] {dagbag.py:539} INFO - Filling up the DagBag from /home/airflow/.local/lib/python3.8/site-packages/airflow/example_dags/example_sensors.py
[2023-09-01T04:04:35.801+0000] {processor.py:839} INFO - DAG(s) dict_keys(['example_sensors']) retrieved from /home/airflow/.local/lib/python3.8/site-packages/airflow/example_dags/example_sensors.py
[2023-09-01T04:04:35.855+0000] {logging_mixin.py:151} INFO - [2023-09-01T04:04:35.855+0000] {dag.py:2907} INFO - Sync 1 DAGs
[2023-09-01T04:04:35.889+0000] {logging_mixin.py:151} INFO - [2023-09-01T04:04:35.889+0000] {dag.py:3677} INFO - Setting next_dagrun for example_sensors to None, run_after=None
[2023-09-01T04:04:35.932+0000] {processor.py:179} INFO - Processing /home/airflow/.local/lib/python3.8/site-packages/airflow/example_dags/example_sensors.py took 0.180 seconds
[2023-09-01T04:05:07.532+0000] {processor.py:157} INFO - Started process (PID=73239) to work on /home/airflow/.local/lib/python3.8/site-packages/airflow/example_dags/example_sensors.py
[2023-09-01T04:05:07.538+0000] {processor.py:829} INFO - Processing file /home/airflow/.local/lib/python3.8/site-packages/airflow/example_dags/example_sensors.py for tasks to queue
[2023-09-01T04:05:07.544+0000] {logging_mixin.py:151} INFO - [2023-09-01T04:05:07.542+0000] {dagbag.py:539} INFO - Filling up the DagBag from /home/airflow/.local/lib/python3.8/site-packages/airflow/example_dags/example_sensors.py
[2023-09-01T04:05:07.608+0000] {processor.py:839} INFO - DAG(s) dict_keys(['example_sensors']) retrieved from /home/airflow/.local/lib/python3.8/site-packages/airflow/example_dags/example_sensors.py
[2023-09-01T04:05:07.757+0000] {logging_mixin.py:151} INFO - [2023-09-01T04:05:07.756+0000] {dag.py:2907} INFO - Sync 1 DAGs
[2023-09-01T04:05:07.829+0000] {logging_mixin.py:151} INFO - [2023-09-01T04:05:07.828+0000] {dag.py:3677} INFO - Setting next_dagrun for example_sensors to None, run_after=None
[2023-09-01T04:05:07.950+0000] {processor.py:179} INFO - Processing /home/airflow/.local/lib/python3.8/site-packages/airflow/example_dags/example_sensors.py took 0.465 seconds
[2023-09-01T04:05:45.602+0000] {processor.py:157} INFO - Started process (PID=73294) to work on /home/airflow/.local/lib/python3.8/site-packages/airflow/example_dags/example_sensors.py
[2023-09-01T04:05:45.603+0000] {processor.py:829} INFO - Processing file /home/airflow/.local/lib/python3.8/site-packages/airflow/example_dags/example_sensors.py for tasks to queue
[2023-09-01T04:05:45.605+0000] {logging_mixin.py:151} INFO - [2023-09-01T04:05:45.605+0000] {dagbag.py:539} INFO - Filling up the DagBag from /home/airflow/.local/lib/python3.8/site-packages/airflow/example_dags/example_sensors.py
[2023-09-01T04:05:45.619+0000] {processor.py:839} INFO - DAG(s) dict_keys(['example_sensors']) retrieved from /home/airflow/.local/lib/python3.8/site-packages/airflow/example_dags/example_sensors.py
[2023-09-01T04:05:45.653+0000] {logging_mixin.py:151} INFO - [2023-09-01T04:05:45.652+0000] {dag.py:2907} INFO - Sync 1 DAGs
[2023-09-01T04:05:45.668+0000] {logging_mixin.py:151} INFO - [2023-09-01T04:05:45.668+0000] {dag.py:3677} INFO - Setting next_dagrun for example_sensors to None, run_after=None
[2023-09-01T04:05:45.690+0000] {processor.py:179} INFO - Processing /home/airflow/.local/lib/python3.8/site-packages/airflow/example_dags/example_sensors.py took 0.095 seconds
[2023-09-01T10:29:09.848+0000] {processor.py:157} INFO - Started process (PID=73342) to work on /home/airflow/.local/lib/python3.8/site-packages/airflow/example_dags/example_sensors.py
[2023-09-01T10:29:09.850+0000] {processor.py:829} INFO - Processing file /home/airflow/.local/lib/python3.8/site-packages/airflow/example_dags/example_sensors.py for tasks to queue
[2023-09-01T10:29:09.851+0000] {logging_mixin.py:151} INFO - [2023-09-01T10:29:09.851+0000] {dagbag.py:539} INFO - Filling up the DagBag from /home/airflow/.local/lib/python3.8/site-packages/airflow/example_dags/example_sensors.py
[2023-09-01T10:29:09.865+0000] {processor.py:839} INFO - DAG(s) dict_keys(['example_sensors']) retrieved from /home/airflow/.local/lib/python3.8/site-packages/airflow/example_dags/example_sensors.py
[2023-09-01T10:29:09.902+0000] {logging_mixin.py:151} INFO - [2023-09-01T10:29:09.901+0000] {dag.py:2907} INFO - Sync 1 DAGs
[2023-09-01T10:29:09.920+0000] {logging_mixin.py:151} INFO - [2023-09-01T10:29:09.920+0000] {dag.py:3677} INFO - Setting next_dagrun for example_sensors to None, run_after=None
[2023-09-01T10:29:09.943+0000] {processor.py:179} INFO - Processing /home/airflow/.local/lib/python3.8/site-packages/airflow/example_dags/example_sensors.py took 0.099 seconds
[2023-09-01T16:39:31.351+0000] {processor.py:157} INFO - Started process (PID=73398) to work on /home/airflow/.local/lib/python3.8/site-packages/airflow/example_dags/example_sensors.py
[2023-09-01T16:39:31.353+0000] {processor.py:829} INFO - Processing file /home/airflow/.local/lib/python3.8/site-packages/airflow/example_dags/example_sensors.py for tasks to queue
[2023-09-01T16:39:31.355+0000] {logging_mixin.py:151} INFO - [2023-09-01T16:39:31.355+0000] {dagbag.py:539} INFO - Filling up the DagBag from /home/airflow/.local/lib/python3.8/site-packages/airflow/example_dags/example_sensors.py
[2023-09-01T16:39:31.371+0000] {processor.py:839} INFO - DAG(s) dict_keys(['example_sensors']) retrieved from /home/airflow/.local/lib/python3.8/site-packages/airflow/example_dags/example_sensors.py
[2023-09-01T16:39:31.412+0000] {logging_mixin.py:151} INFO - [2023-09-01T16:39:31.412+0000] {dag.py:2907} INFO - Sync 1 DAGs
[2023-09-01T16:39:31.430+0000] {logging_mixin.py:151} INFO - [2023-09-01T16:39:31.430+0000] {dag.py:3677} INFO - Setting next_dagrun for example_sensors to None, run_after=None
[2023-09-01T16:39:31.457+0000] {processor.py:179} INFO - Processing /home/airflow/.local/lib/python3.8/site-packages/airflow/example_dags/example_sensors.py took 0.111 seconds
[2023-09-01T16:40:01.916+0000] {processor.py:157} INFO - Started process (PID=73453) to work on /home/airflow/.local/lib/python3.8/site-packages/airflow/example_dags/example_sensors.py
[2023-09-01T16:40:01.917+0000] {processor.py:829} INFO - Processing file /home/airflow/.local/lib/python3.8/site-packages/airflow/example_dags/example_sensors.py for tasks to queue
[2023-09-01T16:40:01.918+0000] {logging_mixin.py:151} INFO - [2023-09-01T16:40:01.918+0000] {dagbag.py:539} INFO - Filling up the DagBag from /home/airflow/.local/lib/python3.8/site-packages/airflow/example_dags/example_sensors.py
[2023-09-01T16:40:01.932+0000] {processor.py:839} INFO - DAG(s) dict_keys(['example_sensors']) retrieved from /home/airflow/.local/lib/python3.8/site-packages/airflow/example_dags/example_sensors.py
[2023-09-01T16:40:01.964+0000] {logging_mixin.py:151} INFO - [2023-09-01T16:40:01.964+0000] {dag.py:2907} INFO - Sync 1 DAGs
[2023-09-01T16:40:01.980+0000] {logging_mixin.py:151} INFO - [2023-09-01T16:40:01.980+0000] {dag.py:3677} INFO - Setting next_dagrun for example_sensors to None, run_after=None
[2023-09-01T16:40:02.002+0000] {processor.py:179} INFO - Processing /home/airflow/.local/lib/python3.8/site-packages/airflow/example_dags/example_sensors.py took 0.091 seconds
[2023-09-01T16:40:32.072+0000] {processor.py:157} INFO - Started process (PID=73508) to work on /home/airflow/.local/lib/python3.8/site-packages/airflow/example_dags/example_sensors.py
[2023-09-01T16:40:32.074+0000] {processor.py:829} INFO - Processing file /home/airflow/.local/lib/python3.8/site-packages/airflow/example_dags/example_sensors.py for tasks to queue
[2023-09-01T16:40:32.075+0000] {logging_mixin.py:151} INFO - [2023-09-01T16:40:32.075+0000] {dagbag.py:539} INFO - Filling up the DagBag from /home/airflow/.local/lib/python3.8/site-packages/airflow/example_dags/example_sensors.py
[2023-09-01T16:40:32.089+0000] {processor.py:839} INFO - DAG(s) dict_keys(['example_sensors']) retrieved from /home/airflow/.local/lib/python3.8/site-packages/airflow/example_dags/example_sensors.py
[2023-09-01T16:40:32.121+0000] {logging_mixin.py:151} INFO - [2023-09-01T16:40:32.121+0000] {dag.py:2907} INFO - Sync 1 DAGs
[2023-09-01T16:40:32.137+0000] {logging_mixin.py:151} INFO - [2023-09-01T16:40:32.137+0000] {dag.py:3677} INFO - Setting next_dagrun for example_sensors to None, run_after=None
[2023-09-01T16:40:32.159+0000] {processor.py:179} INFO - Processing /home/airflow/.local/lib/python3.8/site-packages/airflow/example_dags/example_sensors.py took 0.092 seconds
[2023-09-01T17:33:16.687+0000] {processor.py:157} INFO - Started process (PID=73537) to work on /home/airflow/.local/lib/python3.8/site-packages/airflow/example_dags/example_sensors.py
[2023-09-01T17:33:16.688+0000] {processor.py:829} INFO - Processing file /home/airflow/.local/lib/python3.8/site-packages/airflow/example_dags/example_sensors.py for tasks to queue
[2023-09-01T17:33:16.690+0000] {logging_mixin.py:151} INFO - [2023-09-01T17:33:16.690+0000] {dagbag.py:539} INFO - Filling up the DagBag from /home/airflow/.local/lib/python3.8/site-packages/airflow/example_dags/example_sensors.py
[2023-09-01T17:33:16.712+0000] {processor.py:839} INFO - DAG(s) dict_keys(['example_sensors']) retrieved from /home/airflow/.local/lib/python3.8/site-packages/airflow/example_dags/example_sensors.py
[2023-09-01T17:33:16.952+0000] {logging_mixin.py:151} INFO - [2023-09-01T17:33:16.952+0000] {dag.py:2907} INFO - Sync 1 DAGs
[2023-09-01T17:33:16.972+0000] {logging_mixin.py:151} INFO - [2023-09-01T17:33:16.972+0000] {dag.py:3677} INFO - Setting next_dagrun for example_sensors to None, run_after=None
[2023-09-01T17:33:17.000+0000] {processor.py:179} INFO - Processing /home/airflow/.local/lib/python3.8/site-packages/airflow/example_dags/example_sensors.py took 0.320 seconds
[2023-09-01T17:55:29.668+0000] {processor.py:157} INFO - Started process (PID=73589) to work on /home/airflow/.local/lib/python3.8/site-packages/airflow/example_dags/example_sensors.py
[2023-09-01T17:55:29.669+0000] {processor.py:829} INFO - Processing file /home/airflow/.local/lib/python3.8/site-packages/airflow/example_dags/example_sensors.py for tasks to queue
[2023-09-01T17:55:29.671+0000] {logging_mixin.py:151} INFO - [2023-09-01T17:55:29.670+0000] {dagbag.py:539} INFO - Filling up the DagBag from /home/airflow/.local/lib/python3.8/site-packages/airflow/example_dags/example_sensors.py
[2023-09-01T17:55:29.685+0000] {processor.py:839} INFO - DAG(s) dict_keys(['example_sensors']) retrieved from /home/airflow/.local/lib/python3.8/site-packages/airflow/example_dags/example_sensors.py
[2023-09-01T17:55:29.718+0000] {logging_mixin.py:151} INFO - [2023-09-01T17:55:29.718+0000] {dag.py:2907} INFO - Sync 1 DAGs
[2023-09-01T17:55:29.736+0000] {logging_mixin.py:151} INFO - [2023-09-01T17:55:29.735+0000] {dag.py:3677} INFO - Setting next_dagrun for example_sensors to None, run_after=None
[2023-09-01T17:55:29.759+0000] {processor.py:179} INFO - Processing /home/airflow/.local/lib/python3.8/site-packages/airflow/example_dags/example_sensors.py took 0.096 seconds
[2023-09-01T18:41:50.658+0000] {processor.py:157} INFO - Started process (PID=73644) to work on /home/airflow/.local/lib/python3.8/site-packages/airflow/example_dags/example_sensors.py
[2023-09-01T18:41:50.660+0000] {processor.py:829} INFO - Processing file /home/airflow/.local/lib/python3.8/site-packages/airflow/example_dags/example_sensors.py for tasks to queue
[2023-09-01T18:41:50.662+0000] {logging_mixin.py:151} INFO - [2023-09-01T18:41:50.662+0000] {dagbag.py:539} INFO - Filling up the DagBag from /home/airflow/.local/lib/python3.8/site-packages/airflow/example_dags/example_sensors.py
[2023-09-01T18:41:50.682+0000] {processor.py:839} INFO - DAG(s) dict_keys(['example_sensors']) retrieved from /home/airflow/.local/lib/python3.8/site-packages/airflow/example_dags/example_sensors.py
[2023-09-01T18:41:50.717+0000] {logging_mixin.py:151} INFO - [2023-09-01T18:41:50.717+0000] {dag.py:2907} INFO - Sync 1 DAGs
[2023-09-01T18:41:50.734+0000] {logging_mixin.py:151} INFO - [2023-09-01T18:41:50.734+0000] {dag.py:3677} INFO - Setting next_dagrun for example_sensors to None, run_after=None
[2023-09-01T18:41:50.756+0000] {processor.py:179} INFO - Processing /home/airflow/.local/lib/python3.8/site-packages/airflow/example_dags/example_sensors.py took 0.103 seconds
[2023-09-01T19:35:57.200+0000] {processor.py:157} INFO - Started process (PID=73699) to work on /home/airflow/.local/lib/python3.8/site-packages/airflow/example_dags/example_sensors.py
[2023-09-01T19:35:57.202+0000] {processor.py:829} INFO - Processing file /home/airflow/.local/lib/python3.8/site-packages/airflow/example_dags/example_sensors.py for tasks to queue
[2023-09-01T19:35:57.203+0000] {logging_mixin.py:151} INFO - [2023-09-01T19:35:57.203+0000] {dagbag.py:539} INFO - Filling up the DagBag from /home/airflow/.local/lib/python3.8/site-packages/airflow/example_dags/example_sensors.py
[2023-09-01T19:35:57.218+0000] {processor.py:839} INFO - DAG(s) dict_keys(['example_sensors']) retrieved from /home/airflow/.local/lib/python3.8/site-packages/airflow/example_dags/example_sensors.py
[2023-09-01T19:35:57.254+0000] {logging_mixin.py:151} INFO - [2023-09-01T19:35:57.254+0000] {dag.py:2907} INFO - Sync 1 DAGs
[2023-09-01T19:35:57.270+0000] {logging_mixin.py:151} INFO - [2023-09-01T19:35:57.270+0000] {dag.py:3677} INFO - Setting next_dagrun for example_sensors to None, run_after=None
[2023-09-01T19:35:57.306+0000] {processor.py:179} INFO - Processing /home/airflow/.local/lib/python3.8/site-packages/airflow/example_dags/example_sensors.py took 0.110 seconds
[2023-09-01T19:40:32.885+0000] {processor.py:157} INFO - Started process (PID=73754) to work on /home/airflow/.local/lib/python3.8/site-packages/airflow/example_dags/example_sensors.py
[2023-09-01T19:40:32.887+0000] {processor.py:829} INFO - Processing file /home/airflow/.local/lib/python3.8/site-packages/airflow/example_dags/example_sensors.py for tasks to queue
[2023-09-01T19:40:32.889+0000] {logging_mixin.py:151} INFO - [2023-09-01T19:40:32.888+0000] {dagbag.py:539} INFO - Filling up the DagBag from /home/airflow/.local/lib/python3.8/site-packages/airflow/example_dags/example_sensors.py
[2023-09-01T19:40:32.905+0000] {processor.py:839} INFO - DAG(s) dict_keys(['example_sensors']) retrieved from /home/airflow/.local/lib/python3.8/site-packages/airflow/example_dags/example_sensors.py
[2023-09-01T19:40:32.943+0000] {logging_mixin.py:151} INFO - [2023-09-01T19:40:32.943+0000] {dag.py:2907} INFO - Sync 1 DAGs
[2023-09-01T19:40:32.961+0000] {logging_mixin.py:151} INFO - [2023-09-01T19:40:32.961+0000] {dag.py:3677} INFO - Setting next_dagrun for example_sensors to None, run_after=None
[2023-09-01T19:40:32.983+0000] {processor.py:179} INFO - Processing /home/airflow/.local/lib/python3.8/site-packages/airflow/example_dags/example_sensors.py took 0.104 seconds
[2023-09-01T19:41:04.576+0000] {processor.py:157} INFO - Started process (PID=73809) to work on /home/airflow/.local/lib/python3.8/site-packages/airflow/example_dags/example_sensors.py
[2023-09-01T19:41:04.581+0000] {processor.py:829} INFO - Processing file /home/airflow/.local/lib/python3.8/site-packages/airflow/example_dags/example_sensors.py for tasks to queue
[2023-09-01T19:41:04.587+0000] {logging_mixin.py:151} INFO - [2023-09-01T19:41:04.586+0000] {dagbag.py:539} INFO - Filling up the DagBag from /home/airflow/.local/lib/python3.8/site-packages/airflow/example_dags/example_sensors.py
[2023-09-01T19:41:04.653+0000] {processor.py:839} INFO - DAG(s) dict_keys(['example_sensors']) retrieved from /home/airflow/.local/lib/python3.8/site-packages/airflow/example_dags/example_sensors.py
[2023-09-01T19:41:04.813+0000] {logging_mixin.py:151} INFO - [2023-09-01T19:41:04.812+0000] {dag.py:2907} INFO - Sync 1 DAGs
[2023-09-01T19:41:04.898+0000] {logging_mixin.py:151} INFO - [2023-09-01T19:41:04.897+0000] {dag.py:3677} INFO - Setting next_dagrun for example_sensors to None, run_after=None
[2023-09-01T19:41:05.000+0000] {processor.py:179} INFO - Processing /home/airflow/.local/lib/python3.8/site-packages/airflow/example_dags/example_sensors.py took 0.446 seconds
[2023-09-01T19:59:26.426+0000] {processor.py:157} INFO - Started process (PID=73857) to work on /home/airflow/.local/lib/python3.8/site-packages/airflow/example_dags/example_sensors.py
[2023-09-01T19:59:26.427+0000] {processor.py:829} INFO - Processing file /home/airflow/.local/lib/python3.8/site-packages/airflow/example_dags/example_sensors.py for tasks to queue
[2023-09-01T19:59:26.429+0000] {logging_mixin.py:151} INFO - [2023-09-01T19:59:26.429+0000] {dagbag.py:539} INFO - Filling up the DagBag from /home/airflow/.local/lib/python3.8/site-packages/airflow/example_dags/example_sensors.py
[2023-09-01T19:59:26.445+0000] {processor.py:839} INFO - DAG(s) dict_keys(['example_sensors']) retrieved from /home/airflow/.local/lib/python3.8/site-packages/airflow/example_dags/example_sensors.py
[2023-09-01T19:59:26.485+0000] {logging_mixin.py:151} INFO - [2023-09-01T19:59:26.485+0000] {dag.py:2907} INFO - Sync 1 DAGs
[2023-09-01T19:59:26.503+0000] {logging_mixin.py:151} INFO - [2023-09-01T19:59:26.503+0000] {dag.py:3677} INFO - Setting next_dagrun for example_sensors to None, run_after=None
[2023-09-01T19:59:26.530+0000] {processor.py:179} INFO - Processing /home/airflow/.local/lib/python3.8/site-packages/airflow/example_dags/example_sensors.py took 0.110 seconds
