[2023-09-01T02:15:45.584+0000] {processor.py:157} INFO - Started process (PID=73164) to work on /home/airflow/.local/lib/python3.8/site-packages/airflow/example_dags/example_task_group_decorator.py
[2023-09-01T02:15:45.585+0000] {processor.py:829} INFO - Processing file /home/airflow/.local/lib/python3.8/site-packages/airflow/example_dags/example_task_group_decorator.py for tasks to queue
[2023-09-01T02:15:45.587+0000] {logging_mixin.py:151} INFO - [2023-09-01T02:15:45.586+0000] {dagbag.py:539} INFO - Filling up the DagBag from /home/airflow/.local/lib/python3.8/site-packages/airflow/example_dags/example_task_group_decorator.py
[2023-09-01T02:15:45.606+0000] {processor.py:839} INFO - DAG(s) dict_keys(['example_task_group_decorator']) retrieved from /home/airflow/.local/lib/python3.8/site-packages/airflow/example_dags/example_task_group_decorator.py
[2023-09-01T02:15:45.636+0000] {logging_mixin.py:151} INFO - [2023-09-01T02:15:45.636+0000] {dag.py:2907} INFO - Sync 1 DAGs
[2023-09-01T02:15:45.659+0000] {logging_mixin.py:151} INFO - [2023-09-01T02:15:45.658+0000] {dag.py:3677} INFO - Setting next_dagrun for example_task_group_decorator to 2023-08-31T02:15:45.658621+00:00, run_after=2023-09-01T02:15:45.658621+00:00
[2023-09-01T02:15:45.680+0000] {processor.py:179} INFO - Processing /home/airflow/.local/lib/python3.8/site-packages/airflow/example_dags/example_task_group_decorator.py took 0.100 seconds
[2023-09-01T04:04:38.132+0000] {processor.py:157} INFO - Started process (PID=73209) to work on /home/airflow/.local/lib/python3.8/site-packages/airflow/example_dags/example_task_group_decorator.py
[2023-09-01T04:04:38.134+0000] {processor.py:829} INFO - Processing file /home/airflow/.local/lib/python3.8/site-packages/airflow/example_dags/example_task_group_decorator.py for tasks to queue
[2023-09-01T04:04:38.135+0000] {logging_mixin.py:151} INFO - [2023-09-01T04:04:38.135+0000] {dagbag.py:539} INFO - Filling up the DagBag from /home/airflow/.local/lib/python3.8/site-packages/airflow/example_dags/example_task_group_decorator.py
[2023-09-01T04:04:38.157+0000] {processor.py:839} INFO - DAG(s) dict_keys(['example_task_group_decorator']) retrieved from /home/airflow/.local/lib/python3.8/site-packages/airflow/example_dags/example_task_group_decorator.py
[2023-09-01T04:04:38.191+0000] {logging_mixin.py:151} INFO - [2023-09-01T04:04:38.191+0000] {dag.py:2907} INFO - Sync 1 DAGs
[2023-09-01T04:04:38.216+0000] {logging_mixin.py:151} INFO - [2023-09-01T04:04:38.216+0000] {dag.py:3677} INFO - Setting next_dagrun for example_task_group_decorator to 2023-08-31T04:04:38.216142+00:00, run_after=2023-09-01T04:04:38.216142+00:00
[2023-09-01T04:04:38.387+0000] {processor.py:179} INFO - Processing /home/airflow/.local/lib/python3.8/site-packages/airflow/example_dags/example_task_group_decorator.py took 0.260 seconds
[2023-09-01T04:05:15.716+0000] {processor.py:157} INFO - Started process (PID=73264) to work on /home/airflow/.local/lib/python3.8/site-packages/airflow/example_dags/example_task_group_decorator.py
[2023-09-01T04:05:15.722+0000] {processor.py:829} INFO - Processing file /home/airflow/.local/lib/python3.8/site-packages/airflow/example_dags/example_task_group_decorator.py for tasks to queue
[2023-09-01T04:05:15.728+0000] {logging_mixin.py:151} INFO - [2023-09-01T04:05:15.726+0000] {dagbag.py:539} INFO - Filling up the DagBag from /home/airflow/.local/lib/python3.8/site-packages/airflow/example_dags/example_task_group_decorator.py
[2023-09-01T04:05:15.816+0000] {processor.py:839} INFO - DAG(s) dict_keys(['example_task_group_decorator']) retrieved from /home/airflow/.local/lib/python3.8/site-packages/airflow/example_dags/example_task_group_decorator.py
[2023-09-01T04:05:15.960+0000] {logging_mixin.py:151} INFO - [2023-09-01T04:05:15.959+0000] {dag.py:2907} INFO - Sync 1 DAGs
[2023-09-01T04:05:16.076+0000] {logging_mixin.py:151} INFO - [2023-09-01T04:05:16.075+0000] {dag.py:3677} INFO - Setting next_dagrun for example_task_group_decorator to 2023-08-31T04:05:16.073985+00:00, run_after=2023-09-01T04:05:16.073985+00:00
[2023-09-01T04:05:16.179+0000] {processor.py:179} INFO - Processing /home/airflow/.local/lib/python3.8/site-packages/airflow/example_dags/example_task_group_decorator.py took 0.485 seconds
[2023-09-01T04:05:47.748+0000] {processor.py:157} INFO - Started process (PID=73319) to work on /home/airflow/.local/lib/python3.8/site-packages/airflow/example_dags/example_task_group_decorator.py
[2023-09-01T04:05:47.750+0000] {processor.py:829} INFO - Processing file /home/airflow/.local/lib/python3.8/site-packages/airflow/example_dags/example_task_group_decorator.py for tasks to queue
[2023-09-01T04:05:47.752+0000] {logging_mixin.py:151} INFO - [2023-09-01T04:05:47.751+0000] {dagbag.py:539} INFO - Filling up the DagBag from /home/airflow/.local/lib/python3.8/site-packages/airflow/example_dags/example_task_group_decorator.py
[2023-09-01T04:05:47.776+0000] {processor.py:839} INFO - DAG(s) dict_keys(['example_task_group_decorator']) retrieved from /home/airflow/.local/lib/python3.8/site-packages/airflow/example_dags/example_task_group_decorator.py
[2023-09-01T04:05:47.820+0000] {logging_mixin.py:151} INFO - [2023-09-01T04:05:47.819+0000] {dag.py:2907} INFO - Sync 1 DAGs
[2023-09-01T04:05:47.864+0000] {logging_mixin.py:151} INFO - [2023-09-01T04:05:47.864+0000] {dag.py:3677} INFO - Setting next_dagrun for example_task_group_decorator to 2023-08-31T04:05:47.863822+00:00, run_after=2023-09-01T04:05:47.863822+00:00
[2023-09-01T04:05:47.897+0000] {processor.py:179} INFO - Processing /home/airflow/.local/lib/python3.8/site-packages/airflow/example_dags/example_task_group_decorator.py took 0.156 seconds
[2023-09-01T10:29:12.585+0000] {processor.py:157} INFO - Started process (PID=73367) to work on /home/airflow/.local/lib/python3.8/site-packages/airflow/example_dags/example_task_group_decorator.py
[2023-09-01T10:29:12.587+0000] {processor.py:829} INFO - Processing file /home/airflow/.local/lib/python3.8/site-packages/airflow/example_dags/example_task_group_decorator.py for tasks to queue
[2023-09-01T10:29:12.588+0000] {logging_mixin.py:151} INFO - [2023-09-01T10:29:12.588+0000] {dagbag.py:539} INFO - Filling up the DagBag from /home/airflow/.local/lib/python3.8/site-packages/airflow/example_dags/example_task_group_decorator.py
[2023-09-01T10:29:12.610+0000] {processor.py:839} INFO - DAG(s) dict_keys(['example_task_group_decorator']) retrieved from /home/airflow/.local/lib/python3.8/site-packages/airflow/example_dags/example_task_group_decorator.py
[2023-09-01T10:29:12.648+0000] {logging_mixin.py:151} INFO - [2023-09-01T10:29:12.647+0000] {dag.py:2907} INFO - Sync 1 DAGs
[2023-09-01T10:29:12.822+0000] {logging_mixin.py:151} INFO - [2023-09-01T10:29:12.822+0000] {dag.py:3677} INFO - Setting next_dagrun for example_task_group_decorator to 2023-08-31T10:29:12.821941+00:00, run_after=2023-09-01T10:29:12.821941+00:00
[2023-09-01T10:29:12.845+0000] {processor.py:179} INFO - Processing /home/airflow/.local/lib/python3.8/site-packages/airflow/example_dags/example_task_group_decorator.py took 0.265 seconds
[2023-09-01T16:39:33.550+0000] {processor.py:157} INFO - Started process (PID=73423) to work on /home/airflow/.local/lib/python3.8/site-packages/airflow/example_dags/example_task_group_decorator.py
[2023-09-01T16:39:33.552+0000] {processor.py:829} INFO - Processing file /home/airflow/.local/lib/python3.8/site-packages/airflow/example_dags/example_task_group_decorator.py for tasks to queue
[2023-09-01T16:39:33.553+0000] {logging_mixin.py:151} INFO - [2023-09-01T16:39:33.553+0000] {dagbag.py:539} INFO - Filling up the DagBag from /home/airflow/.local/lib/python3.8/site-packages/airflow/example_dags/example_task_group_decorator.py
[2023-09-01T16:39:33.572+0000] {processor.py:839} INFO - DAG(s) dict_keys(['example_task_group_decorator']) retrieved from /home/airflow/.local/lib/python3.8/site-packages/airflow/example_dags/example_task_group_decorator.py
[2023-09-01T16:39:33.605+0000] {logging_mixin.py:151} INFO - [2023-09-01T16:39:33.605+0000] {dag.py:2907} INFO - Sync 1 DAGs
[2023-09-01T16:39:33.631+0000] {logging_mixin.py:151} INFO - [2023-09-01T16:39:33.631+0000] {dag.py:3677} INFO - Setting next_dagrun for example_task_group_decorator to 2023-08-31T16:39:33.631009+00:00, run_after=2023-09-01T16:39:33.631009+00:00
[2023-09-01T16:39:33.652+0000] {processor.py:179} INFO - Processing /home/airflow/.local/lib/python3.8/site-packages/airflow/example_dags/example_task_group_decorator.py took 0.107 seconds
[2023-09-01T16:40:04.579+0000] {processor.py:157} INFO - Started process (PID=73478) to work on /home/airflow/.local/lib/python3.8/site-packages/airflow/example_dags/example_task_group_decorator.py
[2023-09-01T16:40:04.580+0000] {processor.py:829} INFO - Processing file /home/airflow/.local/lib/python3.8/site-packages/airflow/example_dags/example_task_group_decorator.py for tasks to queue
[2023-09-01T16:40:04.581+0000] {logging_mixin.py:151} INFO - [2023-09-01T16:40:04.581+0000] {dagbag.py:539} INFO - Filling up the DagBag from /home/airflow/.local/lib/python3.8/site-packages/airflow/example_dags/example_task_group_decorator.py
[2023-09-01T16:40:04.599+0000] {processor.py:839} INFO - DAG(s) dict_keys(['example_task_group_decorator']) retrieved from /home/airflow/.local/lib/python3.8/site-packages/airflow/example_dags/example_task_group_decorator.py
[2023-09-01T16:40:04.633+0000] {logging_mixin.py:151} INFO - [2023-09-01T16:40:04.632+0000] {dag.py:2907} INFO - Sync 1 DAGs
[2023-09-01T16:40:04.658+0000] {logging_mixin.py:151} INFO - [2023-09-01T16:40:04.658+0000] {dag.py:3677} INFO - Setting next_dagrun for example_task_group_decorator to 2023-08-31T16:40:04.657929+00:00, run_after=2023-09-01T16:40:04.657929+00:00
[2023-09-01T16:40:04.679+0000] {processor.py:179} INFO - Processing /home/airflow/.local/lib/python3.8/site-packages/airflow/example_dags/example_task_group_decorator.py took 0.105 seconds
[2023-09-01T17:33:20.458+0000] {processor.py:157} INFO - Started process (PID=73559) to work on /home/airflow/.local/lib/python3.8/site-packages/airflow/example_dags/example_task_group_decorator.py
[2023-09-01T17:33:20.460+0000] {processor.py:829} INFO - Processing file /home/airflow/.local/lib/python3.8/site-packages/airflow/example_dags/example_task_group_decorator.py for tasks to queue
[2023-09-01T17:33:20.461+0000] {logging_mixin.py:151} INFO - [2023-09-01T17:33:20.461+0000] {dagbag.py:539} INFO - Filling up the DagBag from /home/airflow/.local/lib/python3.8/site-packages/airflow/example_dags/example_task_group_decorator.py
[2023-09-01T17:33:20.480+0000] {processor.py:839} INFO - DAG(s) dict_keys(['example_task_group_decorator']) retrieved from /home/airflow/.local/lib/python3.8/site-packages/airflow/example_dags/example_task_group_decorator.py
[2023-09-01T17:33:20.513+0000] {logging_mixin.py:151} INFO - [2023-09-01T17:33:20.513+0000] {dag.py:2907} INFO - Sync 1 DAGs
[2023-09-01T17:33:20.537+0000] {logging_mixin.py:151} INFO - [2023-09-01T17:33:20.537+0000] {dag.py:3677} INFO - Setting next_dagrun for example_task_group_decorator to 2023-08-31T17:33:20.536957+00:00, run_after=2023-09-01T17:33:20.536957+00:00
[2023-09-01T17:33:20.558+0000] {processor.py:179} INFO - Processing /home/airflow/.local/lib/python3.8/site-packages/airflow/example_dags/example_task_group_decorator.py took 0.105 seconds
[2023-09-01T17:55:31.869+0000] {processor.py:157} INFO - Started process (PID=73614) to work on /home/airflow/.local/lib/python3.8/site-packages/airflow/example_dags/example_task_group_decorator.py
[2023-09-01T17:55:31.882+0000] {processor.py:829} INFO - Processing file /home/airflow/.local/lib/python3.8/site-packages/airflow/example_dags/example_task_group_decorator.py for tasks to queue
[2023-09-01T17:55:31.883+0000] {logging_mixin.py:151} INFO - [2023-09-01T17:55:31.883+0000] {dagbag.py:539} INFO - Filling up the DagBag from /home/airflow/.local/lib/python3.8/site-packages/airflow/example_dags/example_task_group_decorator.py
[2023-09-01T17:55:31.904+0000] {processor.py:839} INFO - DAG(s) dict_keys(['example_task_group_decorator']) retrieved from /home/airflow/.local/lib/python3.8/site-packages/airflow/example_dags/example_task_group_decorator.py
[2023-09-01T17:55:31.936+0000] {logging_mixin.py:151} INFO - [2023-09-01T17:55:31.936+0000] {dag.py:2907} INFO - Sync 1 DAGs
[2023-09-01T17:55:31.961+0000] {logging_mixin.py:151} INFO - [2023-09-01T17:55:31.961+0000] {dag.py:3677} INFO - Setting next_dagrun for example_task_group_decorator to 2023-08-31T17:55:31.960867+00:00, run_after=2023-09-01T17:55:31.960867+00:00
[2023-09-01T17:55:31.983+0000] {processor.py:179} INFO - Processing /home/airflow/.local/lib/python3.8/site-packages/airflow/example_dags/example_task_group_decorator.py took 0.132 seconds
[2023-09-01T18:41:52.932+0000] {processor.py:157} INFO - Started process (PID=73669) to work on /home/airflow/.local/lib/python3.8/site-packages/airflow/example_dags/example_task_group_decorator.py
[2023-09-01T18:41:52.933+0000] {processor.py:829} INFO - Processing file /home/airflow/.local/lib/python3.8/site-packages/airflow/example_dags/example_task_group_decorator.py for tasks to queue
[2023-09-01T18:41:52.935+0000] {logging_mixin.py:151} INFO - [2023-09-01T18:41:52.934+0000] {dagbag.py:539} INFO - Filling up the DagBag from /home/airflow/.local/lib/python3.8/site-packages/airflow/example_dags/example_task_group_decorator.py
[2023-09-01T18:41:52.954+0000] {processor.py:839} INFO - DAG(s) dict_keys(['example_task_group_decorator']) retrieved from /home/airflow/.local/lib/python3.8/site-packages/airflow/example_dags/example_task_group_decorator.py
[2023-09-01T18:41:52.988+0000] {logging_mixin.py:151} INFO - [2023-09-01T18:41:52.988+0000] {dag.py:2907} INFO - Sync 1 DAGs
[2023-09-01T18:41:53.015+0000] {logging_mixin.py:151} INFO - [2023-09-01T18:41:53.014+0000] {dag.py:3677} INFO - Setting next_dagrun for example_task_group_decorator to 2023-08-31T18:41:53.014548+00:00, run_after=2023-09-01T18:41:53.014548+00:00
[2023-09-01T18:41:53.036+0000] {processor.py:179} INFO - Processing /home/airflow/.local/lib/python3.8/site-packages/airflow/example_dags/example_task_group_decorator.py took 0.109 seconds
[2023-09-01T19:35:59.077+0000] {processor.py:157} INFO - Started process (PID=73724) to work on /home/airflow/.local/lib/python3.8/site-packages/airflow/example_dags/example_task_group_decorator.py
[2023-09-01T19:35:59.079+0000] {processor.py:829} INFO - Processing file /home/airflow/.local/lib/python3.8/site-packages/airflow/example_dags/example_task_group_decorator.py for tasks to queue
[2023-09-01T19:35:59.080+0000] {logging_mixin.py:151} INFO - [2023-09-01T19:35:59.080+0000] {dagbag.py:539} INFO - Filling up the DagBag from /home/airflow/.local/lib/python3.8/site-packages/airflow/example_dags/example_task_group_decorator.py
[2023-09-01T19:35:59.100+0000] {processor.py:839} INFO - DAG(s) dict_keys(['example_task_group_decorator']) retrieved from /home/airflow/.local/lib/python3.8/site-packages/airflow/example_dags/example_task_group_decorator.py
[2023-09-01T19:35:59.134+0000] {logging_mixin.py:151} INFO - [2023-09-01T19:35:59.134+0000] {dag.py:2907} INFO - Sync 1 DAGs
[2023-09-01T19:35:59.158+0000] {logging_mixin.py:151} INFO - [2023-09-01T19:35:59.158+0000] {dag.py:3677} INFO - Setting next_dagrun for example_task_group_decorator to 2023-08-31T19:35:59.158052+00:00, run_after=2023-09-01T19:35:59.158052+00:00
[2023-09-01T19:35:59.180+0000] {processor.py:179} INFO - Processing /home/airflow/.local/lib/python3.8/site-packages/airflow/example_dags/example_task_group_decorator.py took 0.108 seconds
[2023-09-01T19:40:34.771+0000] {processor.py:157} INFO - Started process (PID=73779) to work on /home/airflow/.local/lib/python3.8/site-packages/airflow/example_dags/example_task_group_decorator.py
[2023-09-01T19:40:34.773+0000] {processor.py:829} INFO - Processing file /home/airflow/.local/lib/python3.8/site-packages/airflow/example_dags/example_task_group_decorator.py for tasks to queue
[2023-09-01T19:40:34.774+0000] {logging_mixin.py:151} INFO - [2023-09-01T19:40:34.774+0000] {dagbag.py:539} INFO - Filling up the DagBag from /home/airflow/.local/lib/python3.8/site-packages/airflow/example_dags/example_task_group_decorator.py
[2023-09-01T19:40:34.795+0000] {processor.py:839} INFO - DAG(s) dict_keys(['example_task_group_decorator']) retrieved from /home/airflow/.local/lib/python3.8/site-packages/airflow/example_dags/example_task_group_decorator.py
[2023-09-01T19:40:34.831+0000] {logging_mixin.py:151} INFO - [2023-09-01T19:40:34.831+0000] {dag.py:2907} INFO - Sync 1 DAGs
[2023-09-01T19:40:34.857+0000] {logging_mixin.py:151} INFO - [2023-09-01T19:40:34.856+0000] {dag.py:3677} INFO - Setting next_dagrun for example_task_group_decorator to 2023-08-31T19:40:34.856631+00:00, run_after=2023-09-01T19:40:34.856631+00:00
[2023-09-01T19:40:34.880+0000] {processor.py:179} INFO - Processing /home/airflow/.local/lib/python3.8/site-packages/airflow/example_dags/example_task_group_decorator.py took 0.114 seconds
[2023-09-01T19:41:24.888+0000] {processor.py:157} INFO - Started process (PID=73834) to work on /home/airflow/.local/lib/python3.8/site-packages/airflow/example_dags/example_task_group_decorator.py
[2023-09-01T19:41:24.890+0000] {processor.py:829} INFO - Processing file /home/airflow/.local/lib/python3.8/site-packages/airflow/example_dags/example_task_group_decorator.py for tasks to queue
[2023-09-01T19:41:24.892+0000] {logging_mixin.py:151} INFO - [2023-09-01T19:41:24.892+0000] {dagbag.py:539} INFO - Filling up the DagBag from /home/airflow/.local/lib/python3.8/site-packages/airflow/example_dags/example_task_group_decorator.py
[2023-09-01T19:41:24.918+0000] {processor.py:839} INFO - DAG(s) dict_keys(['example_task_group_decorator']) retrieved from /home/airflow/.local/lib/python3.8/site-packages/airflow/example_dags/example_task_group_decorator.py
[2023-09-01T19:41:24.955+0000] {logging_mixin.py:151} INFO - [2023-09-01T19:41:24.955+0000] {dag.py:2907} INFO - Sync 1 DAGs
[2023-09-01T19:41:25.006+0000] {logging_mixin.py:151} INFO - [2023-09-01T19:41:25.005+0000] {dag.py:3677} INFO - Setting next_dagrun for example_task_group_decorator to 2023-08-31T19:41:25.004802+00:00, run_after=2023-09-01T19:41:25.004802+00:00
[2023-09-01T19:41:25.043+0000] {processor.py:179} INFO - Processing /home/airflow/.local/lib/python3.8/site-packages/airflow/example_dags/example_task_group_decorator.py took 0.162 seconds
[2023-09-01T19:59:28.593+0000] {processor.py:157} INFO - Started process (PID=73889) to work on /home/airflow/.local/lib/python3.8/site-packages/airflow/example_dags/example_task_group_decorator.py
[2023-09-01T19:59:28.594+0000] {processor.py:829} INFO - Processing file /home/airflow/.local/lib/python3.8/site-packages/airflow/example_dags/example_task_group_decorator.py for tasks to queue
[2023-09-01T19:59:28.595+0000] {logging_mixin.py:151} INFO - [2023-09-01T19:59:28.595+0000] {dagbag.py:539} INFO - Filling up the DagBag from /home/airflow/.local/lib/python3.8/site-packages/airflow/example_dags/example_task_group_decorator.py
[2023-09-01T19:59:28.614+0000] {processor.py:839} INFO - DAG(s) dict_keys(['example_task_group_decorator']) retrieved from /home/airflow/.local/lib/python3.8/site-packages/airflow/example_dags/example_task_group_decorator.py
[2023-09-01T19:59:28.645+0000] {logging_mixin.py:151} INFO - [2023-09-01T19:59:28.645+0000] {dag.py:2907} INFO - Sync 1 DAGs
[2023-09-01T19:59:28.665+0000] {logging_mixin.py:151} INFO - [2023-09-01T19:59:28.665+0000] {dag.py:3677} INFO - Setting next_dagrun for example_task_group_decorator to 2023-08-31T19:59:28.664946+00:00, run_after=2023-09-01T19:59:28.664946+00:00
[2023-09-01T19:59:28.688+0000] {processor.py:179} INFO - Processing /home/airflow/.local/lib/python3.8/site-packages/airflow/example_dags/example_task_group_decorator.py took 0.100 seconds
