[2023-09-01T02:15:44.100+0000] {processor.py:157} INFO - Started process (PID=73144) to work on /home/airflow/.local/lib/python3.8/site-packages/airflow/example_dags/example_xcomargs.py
[2023-09-01T02:15:44.102+0000] {processor.py:829} INFO - Processing file /home/airflow/.local/lib/python3.8/site-packages/airflow/example_dags/example_xcomargs.py for tasks to queue
[2023-09-01T02:15:44.104+0000] {logging_mixin.py:151} INFO - [2023-09-01T02:15:44.103+0000] {dagbag.py:539} INFO - Filling up the DagBag from /home/airflow/.local/lib/python3.8/site-packages/airflow/example_dags/example_xcomargs.py
[2023-09-01T02:15:44.117+0000] {processor.py:839} INFO - DAG(s) dict_keys(['example_xcom_args_with_operators', 'example_xcom_args']) retrieved from /home/airflow/.local/lib/python3.8/site-packages/airflow/example_dags/example_xcomargs.py
[2023-09-01T02:15:44.150+0000] {logging_mixin.py:151} INFO - [2023-09-01T02:15:44.150+0000] {dag.py:2907} INFO - Sync 2 DAGs
[2023-09-01T02:15:44.167+0000] {logging_mixin.py:151} INFO - [2023-09-01T02:15:44.167+0000] {dag.py:3677} INFO - Setting next_dagrun for example_xcom_args to None, run_after=None
[2023-09-01T02:15:44.171+0000] {logging_mixin.py:151} INFO - [2023-09-01T02:15:44.171+0000] {dag.py:3677} INFO - Setting next_dagrun for example_xcom_args_with_operators to None, run_after=None
[2023-09-01T02:15:44.192+0000] {processor.py:179} INFO - Processing /home/airflow/.local/lib/python3.8/site-packages/airflow/example_dags/example_xcomargs.py took 0.097 seconds
[2023-09-01T04:04:36.260+0000] {processor.py:157} INFO - Started process (PID=73189) to work on /home/airflow/.local/lib/python3.8/site-packages/airflow/example_dags/example_xcomargs.py
[2023-09-01T04:04:36.266+0000] {processor.py:829} INFO - Processing file /home/airflow/.local/lib/python3.8/site-packages/airflow/example_dags/example_xcomargs.py for tasks to queue
[2023-09-01T04:04:36.270+0000] {logging_mixin.py:151} INFO - [2023-09-01T04:04:36.269+0000] {dagbag.py:539} INFO - Filling up the DagBag from /home/airflow/.local/lib/python3.8/site-packages/airflow/example_dags/example_xcomargs.py
[2023-09-01T04:04:36.287+0000] {processor.py:839} INFO - DAG(s) dict_keys(['example_xcom_args_with_operators', 'example_xcom_args']) retrieved from /home/airflow/.local/lib/python3.8/site-packages/airflow/example_dags/example_xcomargs.py
[2023-09-01T04:04:36.335+0000] {logging_mixin.py:151} INFO - [2023-09-01T04:04:36.335+0000] {dag.py:2907} INFO - Sync 2 DAGs
[2023-09-01T04:04:36.357+0000] {logging_mixin.py:151} INFO - [2023-09-01T04:04:36.357+0000] {dag.py:3677} INFO - Setting next_dagrun for example_xcom_args to None, run_after=None
[2023-09-01T04:04:36.363+0000] {logging_mixin.py:151} INFO - [2023-09-01T04:04:36.363+0000] {dag.py:3677} INFO - Setting next_dagrun for example_xcom_args_with_operators to None, run_after=None
[2023-09-01T04:04:36.394+0000] {processor.py:179} INFO - Processing /home/airflow/.local/lib/python3.8/site-packages/airflow/example_dags/example_xcomargs.py took 0.141 seconds
[2023-09-01T04:05:09.172+0000] {processor.py:157} INFO - Started process (PID=73244) to work on /home/airflow/.local/lib/python3.8/site-packages/airflow/example_dags/example_xcomargs.py
[2023-09-01T04:05:09.178+0000] {processor.py:829} INFO - Processing file /home/airflow/.local/lib/python3.8/site-packages/airflow/example_dags/example_xcomargs.py for tasks to queue
[2023-09-01T04:05:09.184+0000] {logging_mixin.py:151} INFO - [2023-09-01T04:05:09.183+0000] {dagbag.py:539} INFO - Filling up the DagBag from /home/airflow/.local/lib/python3.8/site-packages/airflow/example_dags/example_xcomargs.py
[2023-09-01T04:05:09.235+0000] {processor.py:839} INFO - DAG(s) dict_keys(['example_xcom_args_with_operators', 'example_xcom_args']) retrieved from /home/airflow/.local/lib/python3.8/site-packages/airflow/example_dags/example_xcomargs.py
[2023-09-01T04:05:09.371+0000] {logging_mixin.py:151} INFO - [2023-09-01T04:05:09.370+0000] {dag.py:2907} INFO - Sync 2 DAGs
[2023-09-01T04:05:09.452+0000] {logging_mixin.py:151} INFO - [2023-09-01T04:05:09.451+0000] {dag.py:3677} INFO - Setting next_dagrun for example_xcom_args to None, run_after=None
[2023-09-01T04:05:09.470+0000] {logging_mixin.py:151} INFO - [2023-09-01T04:05:09.470+0000] {dag.py:3677} INFO - Setting next_dagrun for example_xcom_args_with_operators to None, run_after=None
[2023-09-01T04:05:09.556+0000] {processor.py:179} INFO - Processing /home/airflow/.local/lib/python3.8/site-packages/airflow/example_dags/example_xcomargs.py took 0.405 seconds
[2023-09-01T04:05:45.970+0000] {processor.py:157} INFO - Started process (PID=73299) to work on /home/airflow/.local/lib/python3.8/site-packages/airflow/example_dags/example_xcomargs.py
[2023-09-01T04:05:45.972+0000] {processor.py:829} INFO - Processing file /home/airflow/.local/lib/python3.8/site-packages/airflow/example_dags/example_xcomargs.py for tasks to queue
[2023-09-01T04:05:45.973+0000] {logging_mixin.py:151} INFO - [2023-09-01T04:05:45.973+0000] {dagbag.py:539} INFO - Filling up the DagBag from /home/airflow/.local/lib/python3.8/site-packages/airflow/example_dags/example_xcomargs.py
[2023-09-01T04:05:45.984+0000] {processor.py:839} INFO - DAG(s) dict_keys(['example_xcom_args_with_operators', 'example_xcom_args']) retrieved from /home/airflow/.local/lib/python3.8/site-packages/airflow/example_dags/example_xcomargs.py
[2023-09-01T04:05:46.016+0000] {logging_mixin.py:151} INFO - [2023-09-01T04:05:46.016+0000] {dag.py:2907} INFO - Sync 2 DAGs
[2023-09-01T04:05:46.033+0000] {logging_mixin.py:151} INFO - [2023-09-01T04:05:46.033+0000] {dag.py:3677} INFO - Setting next_dagrun for example_xcom_args to None, run_after=None
[2023-09-01T04:05:46.037+0000] {logging_mixin.py:151} INFO - [2023-09-01T04:05:46.037+0000] {dag.py:3677} INFO - Setting next_dagrun for example_xcom_args_with_operators to None, run_after=None
[2023-09-01T04:05:46.058+0000] {processor.py:179} INFO - Processing /home/airflow/.local/lib/python3.8/site-packages/airflow/example_dags/example_xcomargs.py took 0.092 seconds
[2023-09-01T10:29:10.239+0000] {processor.py:157} INFO - Started process (PID=73347) to work on /home/airflow/.local/lib/python3.8/site-packages/airflow/example_dags/example_xcomargs.py
[2023-09-01T10:29:10.241+0000] {processor.py:829} INFO - Processing file /home/airflow/.local/lib/python3.8/site-packages/airflow/example_dags/example_xcomargs.py for tasks to queue
[2023-09-01T10:29:10.243+0000] {logging_mixin.py:151} INFO - [2023-09-01T10:29:10.242+0000] {dagbag.py:539} INFO - Filling up the DagBag from /home/airflow/.local/lib/python3.8/site-packages/airflow/example_dags/example_xcomargs.py
[2023-09-01T10:29:10.255+0000] {processor.py:839} INFO - DAG(s) dict_keys(['example_xcom_args_with_operators', 'example_xcom_args']) retrieved from /home/airflow/.local/lib/python3.8/site-packages/airflow/example_dags/example_xcomargs.py
[2023-09-01T10:29:10.311+0000] {logging_mixin.py:151} INFO - [2023-09-01T10:29:10.311+0000] {dag.py:2907} INFO - Sync 2 DAGs
[2023-09-01T10:29:10.339+0000] {logging_mixin.py:151} INFO - [2023-09-01T10:29:10.339+0000] {dag.py:3677} INFO - Setting next_dagrun for example_xcom_args to None, run_after=None
[2023-09-01T10:29:10.344+0000] {logging_mixin.py:151} INFO - [2023-09-01T10:29:10.344+0000] {dag.py:3677} INFO - Setting next_dagrun for example_xcom_args_with_operators to None, run_after=None
[2023-09-01T10:29:10.368+0000] {processor.py:179} INFO - Processing /home/airflow/.local/lib/python3.8/site-packages/airflow/example_dags/example_xcomargs.py took 0.138 seconds
[2023-09-01T16:39:31.781+0000] {processor.py:157} INFO - Started process (PID=73403) to work on /home/airflow/.local/lib/python3.8/site-packages/airflow/example_dags/example_xcomargs.py
[2023-09-01T16:39:31.783+0000] {processor.py:829} INFO - Processing file /home/airflow/.local/lib/python3.8/site-packages/airflow/example_dags/example_xcomargs.py for tasks to queue
[2023-09-01T16:39:31.784+0000] {logging_mixin.py:151} INFO - [2023-09-01T16:39:31.784+0000] {dagbag.py:539} INFO - Filling up the DagBag from /home/airflow/.local/lib/python3.8/site-packages/airflow/example_dags/example_xcomargs.py
[2023-09-01T16:39:31.798+0000] {processor.py:839} INFO - DAG(s) dict_keys(['example_xcom_args_with_operators', 'example_xcom_args']) retrieved from /home/airflow/.local/lib/python3.8/site-packages/airflow/example_dags/example_xcomargs.py
[2023-09-01T16:39:31.835+0000] {logging_mixin.py:151} INFO - [2023-09-01T16:39:31.834+0000] {dag.py:2907} INFO - Sync 2 DAGs
[2023-09-01T16:39:31.854+0000] {logging_mixin.py:151} INFO - [2023-09-01T16:39:31.853+0000] {dag.py:3677} INFO - Setting next_dagrun for example_xcom_args to None, run_after=None
[2023-09-01T16:39:31.859+0000] {logging_mixin.py:151} INFO - [2023-09-01T16:39:31.859+0000] {dag.py:3677} INFO - Setting next_dagrun for example_xcom_args_with_operators to None, run_after=None
[2023-09-01T16:39:31.884+0000] {processor.py:179} INFO - Processing /home/airflow/.local/lib/python3.8/site-packages/airflow/example_dags/example_xcomargs.py took 0.109 seconds
[2023-09-01T16:40:02.164+0000] {processor.py:157} INFO - Started process (PID=73458) to work on /home/airflow/.local/lib/python3.8/site-packages/airflow/example_dags/example_xcomargs.py
[2023-09-01T16:40:02.165+0000] {processor.py:829} INFO - Processing file /home/airflow/.local/lib/python3.8/site-packages/airflow/example_dags/example_xcomargs.py for tasks to queue
[2023-09-01T16:40:02.167+0000] {logging_mixin.py:151} INFO - [2023-09-01T16:40:02.166+0000] {dagbag.py:539} INFO - Filling up the DagBag from /home/airflow/.local/lib/python3.8/site-packages/airflow/example_dags/example_xcomargs.py
[2023-09-01T16:40:02.178+0000] {processor.py:839} INFO - DAG(s) dict_keys(['example_xcom_args_with_operators', 'example_xcom_args']) retrieved from /home/airflow/.local/lib/python3.8/site-packages/airflow/example_dags/example_xcomargs.py
[2023-09-01T16:40:02.209+0000] {logging_mixin.py:151} INFO - [2023-09-01T16:40:02.209+0000] {dag.py:2907} INFO - Sync 2 DAGs
[2023-09-01T16:40:02.226+0000] {logging_mixin.py:151} INFO - [2023-09-01T16:40:02.226+0000] {dag.py:3677} INFO - Setting next_dagrun for example_xcom_args to None, run_after=None
[2023-09-01T16:40:02.231+0000] {logging_mixin.py:151} INFO - [2023-09-01T16:40:02.231+0000] {dag.py:3677} INFO - Setting next_dagrun for example_xcom_args_with_operators to None, run_after=None
[2023-09-01T16:40:02.252+0000] {processor.py:179} INFO - Processing /home/airflow/.local/lib/python3.8/site-packages/airflow/example_dags/example_xcomargs.py took 0.094 seconds
[2023-09-01T16:40:32.413+0000] {processor.py:157} INFO - Started process (PID=73513) to work on /home/airflow/.local/lib/python3.8/site-packages/airflow/example_dags/example_xcomargs.py
[2023-09-01T16:40:32.415+0000] {processor.py:829} INFO - Processing file /home/airflow/.local/lib/python3.8/site-packages/airflow/example_dags/example_xcomargs.py for tasks to queue
[2023-09-01T16:40:32.416+0000] {logging_mixin.py:151} INFO - [2023-09-01T16:40:32.416+0000] {dagbag.py:539} INFO - Filling up the DagBag from /home/airflow/.local/lib/python3.8/site-packages/airflow/example_dags/example_xcomargs.py
[2023-09-01T16:40:32.428+0000] {processor.py:839} INFO - DAG(s) dict_keys(['example_xcom_args_with_operators', 'example_xcom_args']) retrieved from /home/airflow/.local/lib/python3.8/site-packages/airflow/example_dags/example_xcomargs.py
[2023-09-01T16:40:32.462+0000] {logging_mixin.py:151} INFO - [2023-09-01T16:40:32.462+0000] {dag.py:2907} INFO - Sync 2 DAGs
[2023-09-01T16:40:32.479+0000] {logging_mixin.py:151} INFO - [2023-09-01T16:40:32.479+0000] {dag.py:3677} INFO - Setting next_dagrun for example_xcom_args to None, run_after=None
[2023-09-01T16:40:32.484+0000] {logging_mixin.py:151} INFO - [2023-09-01T16:40:32.483+0000] {dag.py:3677} INFO - Setting next_dagrun for example_xcom_args_with_operators to None, run_after=None
[2023-09-01T16:40:32.504+0000] {processor.py:179} INFO - Processing /home/airflow/.local/lib/python3.8/site-packages/airflow/example_dags/example_xcomargs.py took 0.096 seconds
[2023-09-01T17:33:17.597+0000] {processor.py:157} INFO - Started process (PID=73542) to work on /home/airflow/.local/lib/python3.8/site-packages/airflow/example_dags/example_xcomargs.py
[2023-09-01T17:33:17.599+0000] {processor.py:829} INFO - Processing file /home/airflow/.local/lib/python3.8/site-packages/airflow/example_dags/example_xcomargs.py for tasks to queue
[2023-09-01T17:33:17.601+0000] {logging_mixin.py:151} INFO - [2023-09-01T17:33:17.600+0000] {dagbag.py:539} INFO - Filling up the DagBag from /home/airflow/.local/lib/python3.8/site-packages/airflow/example_dags/example_xcomargs.py
[2023-09-01T17:33:17.614+0000] {processor.py:839} INFO - DAG(s) dict_keys(['example_xcom_args', 'example_xcom_args_with_operators']) retrieved from /home/airflow/.local/lib/python3.8/site-packages/airflow/example_dags/example_xcomargs.py
[2023-09-01T17:33:17.649+0000] {logging_mixin.py:151} INFO - [2023-09-01T17:33:17.649+0000] {dag.py:2907} INFO - Sync 2 DAGs
[2023-09-01T17:33:17.820+0000] {logging_mixin.py:151} INFO - [2023-09-01T17:33:17.820+0000] {dag.py:3677} INFO - Setting next_dagrun for example_xcom_args to None, run_after=None
[2023-09-01T17:33:17.826+0000] {logging_mixin.py:151} INFO - [2023-09-01T17:33:17.826+0000] {dag.py:3677} INFO - Setting next_dagrun for example_xcom_args_with_operators to None, run_after=None
[2023-09-01T17:33:17.854+0000] {processor.py:179} INFO - Processing /home/airflow/.local/lib/python3.8/site-packages/airflow/example_dags/example_xcomargs.py took 0.262 seconds
[2023-09-01T17:55:30.117+0000] {processor.py:157} INFO - Started process (PID=73594) to work on /home/airflow/.local/lib/python3.8/site-packages/airflow/example_dags/example_xcomargs.py
[2023-09-01T17:55:30.119+0000] {processor.py:829} INFO - Processing file /home/airflow/.local/lib/python3.8/site-packages/airflow/example_dags/example_xcomargs.py for tasks to queue
[2023-09-01T17:55:30.120+0000] {logging_mixin.py:151} INFO - [2023-09-01T17:55:30.120+0000] {dagbag.py:539} INFO - Filling up the DagBag from /home/airflow/.local/lib/python3.8/site-packages/airflow/example_dags/example_xcomargs.py
[2023-09-01T17:55:30.135+0000] {processor.py:839} INFO - DAG(s) dict_keys(['example_xcom_args', 'example_xcom_args_with_operators']) retrieved from /home/airflow/.local/lib/python3.8/site-packages/airflow/example_dags/example_xcomargs.py
[2023-09-01T17:55:30.171+0000] {logging_mixin.py:151} INFO - [2023-09-01T17:55:30.171+0000] {dag.py:2907} INFO - Sync 2 DAGs
[2023-09-01T17:55:30.188+0000] {logging_mixin.py:151} INFO - [2023-09-01T17:55:30.188+0000] {dag.py:3677} INFO - Setting next_dagrun for example_xcom_args to None, run_after=None
[2023-09-01T17:55:30.192+0000] {logging_mixin.py:151} INFO - [2023-09-01T17:55:30.192+0000] {dag.py:3677} INFO - Setting next_dagrun for example_xcom_args_with_operators to None, run_after=None
[2023-09-01T17:55:30.212+0000] {processor.py:179} INFO - Processing /home/airflow/.local/lib/python3.8/site-packages/airflow/example_dags/example_xcomargs.py took 0.101 seconds
[2023-09-01T18:41:51.061+0000] {processor.py:157} INFO - Started process (PID=73649) to work on /home/airflow/.local/lib/python3.8/site-packages/airflow/example_dags/example_xcomargs.py
[2023-09-01T18:41:51.062+0000] {processor.py:829} INFO - Processing file /home/airflow/.local/lib/python3.8/site-packages/airflow/example_dags/example_xcomargs.py for tasks to queue
[2023-09-01T18:41:51.063+0000] {logging_mixin.py:151} INFO - [2023-09-01T18:41:51.063+0000] {dagbag.py:539} INFO - Filling up the DagBag from /home/airflow/.local/lib/python3.8/site-packages/airflow/example_dags/example_xcomargs.py
[2023-09-01T18:41:51.075+0000] {processor.py:839} INFO - DAG(s) dict_keys(['example_xcom_args_with_operators', 'example_xcom_args']) retrieved from /home/airflow/.local/lib/python3.8/site-packages/airflow/example_dags/example_xcomargs.py
[2023-09-01T18:41:51.107+0000] {logging_mixin.py:151} INFO - [2023-09-01T18:41:51.107+0000] {dag.py:2907} INFO - Sync 2 DAGs
[2023-09-01T18:41:51.127+0000] {logging_mixin.py:151} INFO - [2023-09-01T18:41:51.126+0000] {dag.py:3677} INFO - Setting next_dagrun for example_xcom_args to None, run_after=None
[2023-09-01T18:41:51.131+0000] {logging_mixin.py:151} INFO - [2023-09-01T18:41:51.131+0000] {dag.py:3677} INFO - Setting next_dagrun for example_xcom_args_with_operators to None, run_after=None
[2023-09-01T18:41:51.154+0000] {processor.py:179} INFO - Processing /home/airflow/.local/lib/python3.8/site-packages/airflow/example_dags/example_xcomargs.py took 0.098 seconds
[2023-09-01T19:35:57.530+0000] {processor.py:157} INFO - Started process (PID=73704) to work on /home/airflow/.local/lib/python3.8/site-packages/airflow/example_dags/example_xcomargs.py
[2023-09-01T19:35:57.532+0000] {processor.py:829} INFO - Processing file /home/airflow/.local/lib/python3.8/site-packages/airflow/example_dags/example_xcomargs.py for tasks to queue
[2023-09-01T19:35:57.533+0000] {logging_mixin.py:151} INFO - [2023-09-01T19:35:57.533+0000] {dagbag.py:539} INFO - Filling up the DagBag from /home/airflow/.local/lib/python3.8/site-packages/airflow/example_dags/example_xcomargs.py
[2023-09-01T19:35:57.550+0000] {processor.py:839} INFO - DAG(s) dict_keys(['example_xcom_args', 'example_xcom_args_with_operators']) retrieved from /home/airflow/.local/lib/python3.8/site-packages/airflow/example_dags/example_xcomargs.py
[2023-09-01T19:35:57.582+0000] {logging_mixin.py:151} INFO - [2023-09-01T19:35:57.582+0000] {dag.py:2907} INFO - Sync 2 DAGs
[2023-09-01T19:35:57.606+0000] {logging_mixin.py:151} INFO - [2023-09-01T19:35:57.605+0000] {dag.py:3677} INFO - Setting next_dagrun for example_xcom_args to None, run_after=None
[2023-09-01T19:35:57.610+0000] {logging_mixin.py:151} INFO - [2023-09-01T19:35:57.610+0000] {dag.py:3677} INFO - Setting next_dagrun for example_xcom_args_with_operators to None, run_after=None
[2023-09-01T19:35:57.631+0000] {processor.py:179} INFO - Processing /home/airflow/.local/lib/python3.8/site-packages/airflow/example_dags/example_xcomargs.py took 0.105 seconds
[2023-09-01T19:40:33.225+0000] {processor.py:157} INFO - Started process (PID=73759) to work on /home/airflow/.local/lib/python3.8/site-packages/airflow/example_dags/example_xcomargs.py
[2023-09-01T19:40:33.227+0000] {processor.py:829} INFO - Processing file /home/airflow/.local/lib/python3.8/site-packages/airflow/example_dags/example_xcomargs.py for tasks to queue
[2023-09-01T19:40:33.228+0000] {logging_mixin.py:151} INFO - [2023-09-01T19:40:33.227+0000] {dagbag.py:539} INFO - Filling up the DagBag from /home/airflow/.local/lib/python3.8/site-packages/airflow/example_dags/example_xcomargs.py
[2023-09-01T19:40:33.241+0000] {processor.py:839} INFO - DAG(s) dict_keys(['example_xcom_args', 'example_xcom_args_with_operators']) retrieved from /home/airflow/.local/lib/python3.8/site-packages/airflow/example_dags/example_xcomargs.py
[2023-09-01T19:40:33.291+0000] {logging_mixin.py:151} INFO - [2023-09-01T19:40:33.291+0000] {dag.py:2907} INFO - Sync 2 DAGs
[2023-09-01T19:40:33.320+0000] {logging_mixin.py:151} INFO - [2023-09-01T19:40:33.319+0000] {dag.py:3677} INFO - Setting next_dagrun for example_xcom_args to None, run_after=None
[2023-09-01T19:40:33.324+0000] {logging_mixin.py:151} INFO - [2023-09-01T19:40:33.324+0000] {dag.py:3677} INFO - Setting next_dagrun for example_xcom_args_with_operators to None, run_after=None
[2023-09-01T19:40:33.345+0000] {processor.py:179} INFO - Processing /home/airflow/.local/lib/python3.8/site-packages/airflow/example_dags/example_xcomargs.py took 0.125 seconds
[2023-09-01T19:41:06.273+0000] {processor.py:157} INFO - Started process (PID=73814) to work on /home/airflow/.local/lib/python3.8/site-packages/airflow/example_dags/example_xcomargs.py
[2023-09-01T19:41:06.279+0000] {processor.py:829} INFO - Processing file /home/airflow/.local/lib/python3.8/site-packages/airflow/example_dags/example_xcomargs.py for tasks to queue
[2023-09-01T19:41:06.285+0000] {logging_mixin.py:151} INFO - [2023-09-01T19:41:06.283+0000] {dagbag.py:539} INFO - Filling up the DagBag from /home/airflow/.local/lib/python3.8/site-packages/airflow/example_dags/example_xcomargs.py
[2023-09-01T19:41:06.345+0000] {processor.py:839} INFO - DAG(s) dict_keys(['example_xcom_args', 'example_xcom_args_with_operators']) retrieved from /home/airflow/.local/lib/python3.8/site-packages/airflow/example_dags/example_xcomargs.py
[2023-09-01T19:41:06.487+0000] {logging_mixin.py:151} INFO - [2023-09-01T19:41:06.486+0000] {dag.py:2907} INFO - Sync 2 DAGs
[2023-09-01T19:41:06.562+0000] {logging_mixin.py:151} INFO - [2023-09-01T19:41:06.561+0000] {dag.py:3677} INFO - Setting next_dagrun for example_xcom_args to None, run_after=None
[2023-09-01T19:41:06.579+0000] {logging_mixin.py:151} INFO - [2023-09-01T19:41:06.579+0000] {dag.py:3677} INFO - Setting next_dagrun for example_xcom_args_with_operators to None, run_after=None
[2023-09-01T19:41:06.666+0000] {processor.py:179} INFO - Processing /home/airflow/.local/lib/python3.8/site-packages/airflow/example_dags/example_xcomargs.py took 0.415 seconds
[2023-09-01T19:59:27.001+0000] {processor.py:157} INFO - Started process (PID=73869) to work on /home/airflow/.local/lib/python3.8/site-packages/airflow/example_dags/example_xcomargs.py
[2023-09-01T19:59:27.006+0000] {processor.py:829} INFO - Processing file /home/airflow/.local/lib/python3.8/site-packages/airflow/example_dags/example_xcomargs.py for tasks to queue
[2023-09-01T19:59:27.009+0000] {logging_mixin.py:151} INFO - [2023-09-01T19:59:27.007+0000] {dagbag.py:539} INFO - Filling up the DagBag from /home/airflow/.local/lib/python3.8/site-packages/airflow/example_dags/example_xcomargs.py
[2023-09-01T19:59:27.029+0000] {processor.py:839} INFO - DAG(s) dict_keys(['example_xcom_args', 'example_xcom_args_with_operators']) retrieved from /home/airflow/.local/lib/python3.8/site-packages/airflow/example_dags/example_xcomargs.py
[2023-09-01T19:59:27.066+0000] {logging_mixin.py:151} INFO - [2023-09-01T19:59:27.066+0000] {dag.py:2907} INFO - Sync 2 DAGs
[2023-09-01T19:59:27.095+0000] {logging_mixin.py:151} INFO - [2023-09-01T19:59:27.095+0000] {dag.py:3677} INFO - Setting next_dagrun for example_xcom_args to None, run_after=None
[2023-09-01T19:59:27.100+0000] {logging_mixin.py:151} INFO - [2023-09-01T19:59:27.100+0000] {dag.py:3677} INFO - Setting next_dagrun for example_xcom_args_with_operators to None, run_after=None
[2023-09-01T19:59:27.126+0000] {processor.py:179} INFO - Processing /home/airflow/.local/lib/python3.8/site-packages/airflow/example_dags/example_xcomargs.py took 0.140 seconds
