[2023-09-01T02:15:44.226+0000] {processor.py:157} INFO - Started process (PID=73146) to work on /home/airflow/.local/lib/python3.8/site-packages/airflow/example_dags/example_skip_dag.py
[2023-09-01T02:15:44.227+0000] {processor.py:829} INFO - Processing file /home/airflow/.local/lib/python3.8/site-packages/airflow/example_dags/example_skip_dag.py for tasks to queue
[2023-09-01T02:15:44.228+0000] {logging_mixin.py:151} INFO - [2023-09-01T02:15:44.228+0000] {dagbag.py:539} INFO - Filling up the DagBag from /home/airflow/.local/lib/python3.8/site-packages/airflow/example_dags/example_skip_dag.py
[2023-09-01T02:15:44.236+0000] {processor.py:839} INFO - DAG(s) dict_keys(['example_skip_dag']) retrieved from /home/airflow/.local/lib/python3.8/site-packages/airflow/example_dags/example_skip_dag.py
[2023-09-01T02:15:44.263+0000] {logging_mixin.py:151} INFO - [2023-09-01T02:15:44.263+0000] {dag.py:2907} INFO - Sync 1 DAGs
[2023-09-01T02:15:44.287+0000] {logging_mixin.py:151} INFO - [2023-09-01T02:15:44.287+0000] {dag.py:3677} INFO - Setting next_dagrun for example_skip_dag to 2023-08-31T02:15:44.287158+00:00, run_after=2023-09-01T02:15:44.287158+00:00
[2023-09-01T02:15:44.322+0000] {processor.py:179} INFO - Processing /home/airflow/.local/lib/python3.8/site-packages/airflow/example_dags/example_skip_dag.py took 0.100 seconds
[2023-09-01T04:04:36.449+0000] {processor.py:157} INFO - Started process (PID=73191) to work on /home/airflow/.local/lib/python3.8/site-packages/airflow/example_dags/example_skip_dag.py
[2023-09-01T04:04:36.452+0000] {processor.py:829} INFO - Processing file /home/airflow/.local/lib/python3.8/site-packages/airflow/example_dags/example_skip_dag.py for tasks to queue
[2023-09-01T04:04:36.453+0000] {logging_mixin.py:151} INFO - [2023-09-01T04:04:36.453+0000] {dagbag.py:539} INFO - Filling up the DagBag from /home/airflow/.local/lib/python3.8/site-packages/airflow/example_dags/example_skip_dag.py
[2023-09-01T04:04:36.469+0000] {processor.py:839} INFO - DAG(s) dict_keys(['example_skip_dag']) retrieved from /home/airflow/.local/lib/python3.8/site-packages/airflow/example_dags/example_skip_dag.py
[2023-09-01T04:04:36.508+0000] {logging_mixin.py:151} INFO - [2023-09-01T04:04:36.508+0000] {dag.py:2907} INFO - Sync 1 DAGs
[2023-09-01T04:04:36.553+0000] {logging_mixin.py:151} INFO - [2023-09-01T04:04:36.552+0000] {dag.py:3677} INFO - Setting next_dagrun for example_skip_dag to 2023-08-31T04:04:36.552285+00:00, run_after=2023-09-01T04:04:36.552285+00:00
[2023-09-01T04:04:36.584+0000] {processor.py:179} INFO - Processing /home/airflow/.local/lib/python3.8/site-packages/airflow/example_dags/example_skip_dag.py took 0.142 seconds
[2023-09-01T04:05:09.675+0000] {processor.py:157} INFO - Started process (PID=73246) to work on /home/airflow/.local/lib/python3.8/site-packages/airflow/example_dags/example_skip_dag.py
[2023-09-01T04:05:09.681+0000] {processor.py:829} INFO - Processing file /home/airflow/.local/lib/python3.8/site-packages/airflow/example_dags/example_skip_dag.py for tasks to queue
[2023-09-01T04:05:09.687+0000] {logging_mixin.py:151} INFO - [2023-09-01T04:05:09.685+0000] {dagbag.py:539} INFO - Filling up the DagBag from /home/airflow/.local/lib/python3.8/site-packages/airflow/example_dags/example_skip_dag.py
[2023-09-01T04:05:09.726+0000] {processor.py:839} INFO - DAG(s) dict_keys(['example_skip_dag']) retrieved from /home/airflow/.local/lib/python3.8/site-packages/airflow/example_dags/example_skip_dag.py
[2023-09-01T04:05:09.853+0000] {logging_mixin.py:151} INFO - [2023-09-01T04:05:09.852+0000] {dag.py:2907} INFO - Sync 1 DAGs
[2023-09-01T04:05:09.967+0000] {logging_mixin.py:151} INFO - [2023-09-01T04:05:09.966+0000] {dag.py:3677} INFO - Setting next_dagrun for example_skip_dag to 2023-08-31T04:05:09.965282+00:00, run_after=2023-09-01T04:05:09.965282+00:00
[2023-09-01T04:05:10.062+0000] {processor.py:179} INFO - Processing /home/airflow/.local/lib/python3.8/site-packages/airflow/example_dags/example_skip_dag.py took 0.408 seconds
[2023-09-01T04:05:46.195+0000] {processor.py:157} INFO - Started process (PID=73301) to work on /home/airflow/.local/lib/python3.8/site-packages/airflow/example_dags/example_skip_dag.py
[2023-09-01T04:05:46.197+0000] {processor.py:829} INFO - Processing file /home/airflow/.local/lib/python3.8/site-packages/airflow/example_dags/example_skip_dag.py for tasks to queue
[2023-09-01T04:05:46.198+0000] {logging_mixin.py:151} INFO - [2023-09-01T04:05:46.198+0000] {dagbag.py:539} INFO - Filling up the DagBag from /home/airflow/.local/lib/python3.8/site-packages/airflow/example_dags/example_skip_dag.py
[2023-09-01T04:05:46.207+0000] {processor.py:839} INFO - DAG(s) dict_keys(['example_skip_dag']) retrieved from /home/airflow/.local/lib/python3.8/site-packages/airflow/example_dags/example_skip_dag.py
[2023-09-01T04:05:46.236+0000] {logging_mixin.py:151} INFO - [2023-09-01T04:05:46.236+0000] {dag.py:2907} INFO - Sync 1 DAGs
[2023-09-01T04:05:46.262+0000] {logging_mixin.py:151} INFO - [2023-09-01T04:05:46.262+0000] {dag.py:3677} INFO - Setting next_dagrun for example_skip_dag to 2023-08-31T04:05:46.262190+00:00, run_after=2023-09-01T04:05:46.262190+00:00
[2023-09-01T04:05:46.284+0000] {processor.py:179} INFO - Processing /home/airflow/.local/lib/python3.8/site-packages/airflow/example_dags/example_skip_dag.py took 0.094 seconds
[2023-09-01T10:29:10.399+0000] {processor.py:157} INFO - Started process (PID=73349) to work on /home/airflow/.local/lib/python3.8/site-packages/airflow/example_dags/example_skip_dag.py
[2023-09-01T10:29:10.403+0000] {processor.py:829} INFO - Processing file /home/airflow/.local/lib/python3.8/site-packages/airflow/example_dags/example_skip_dag.py for tasks to queue
[2023-09-01T10:29:10.405+0000] {logging_mixin.py:151} INFO - [2023-09-01T10:29:10.404+0000] {dagbag.py:539} INFO - Filling up the DagBag from /home/airflow/.local/lib/python3.8/site-packages/airflow/example_dags/example_skip_dag.py
[2023-09-01T10:29:10.424+0000] {processor.py:839} INFO - DAG(s) dict_keys(['example_skip_dag']) retrieved from /home/airflow/.local/lib/python3.8/site-packages/airflow/example_dags/example_skip_dag.py
[2023-09-01T10:29:10.457+0000] {logging_mixin.py:151} INFO - [2023-09-01T10:29:10.457+0000] {dag.py:2907} INFO - Sync 1 DAGs
[2023-09-01T10:29:10.497+0000] {logging_mixin.py:151} INFO - [2023-09-01T10:29:10.497+0000] {dag.py:3677} INFO - Setting next_dagrun for example_skip_dag to 2023-08-31T10:29:10.496430+00:00, run_after=2023-09-01T10:29:10.496430+00:00
[2023-09-01T10:29:10.526+0000] {processor.py:179} INFO - Processing /home/airflow/.local/lib/python3.8/site-packages/airflow/example_dags/example_skip_dag.py took 0.134 seconds
[2023-09-01T16:39:31.925+0000] {processor.py:157} INFO - Started process (PID=73405) to work on /home/airflow/.local/lib/python3.8/site-packages/airflow/example_dags/example_skip_dag.py
[2023-09-01T16:39:31.927+0000] {processor.py:829} INFO - Processing file /home/airflow/.local/lib/python3.8/site-packages/airflow/example_dags/example_skip_dag.py for tasks to queue
[2023-09-01T16:39:31.928+0000] {logging_mixin.py:151} INFO - [2023-09-01T16:39:31.928+0000] {dagbag.py:539} INFO - Filling up the DagBag from /home/airflow/.local/lib/python3.8/site-packages/airflow/example_dags/example_skip_dag.py
[2023-09-01T16:39:31.938+0000] {processor.py:839} INFO - DAG(s) dict_keys(['example_skip_dag']) retrieved from /home/airflow/.local/lib/python3.8/site-packages/airflow/example_dags/example_skip_dag.py
[2023-09-01T16:39:31.973+0000] {logging_mixin.py:151} INFO - [2023-09-01T16:39:31.973+0000] {dag.py:2907} INFO - Sync 1 DAGs
[2023-09-01T16:39:32.002+0000] {logging_mixin.py:151} INFO - [2023-09-01T16:39:32.002+0000] {dag.py:3677} INFO - Setting next_dagrun for example_skip_dag to 2023-08-31T16:39:32.001673+00:00, run_after=2023-09-01T16:39:32.001673+00:00
[2023-09-01T16:39:32.028+0000] {processor.py:179} INFO - Processing /home/airflow/.local/lib/python3.8/site-packages/airflow/example_dags/example_skip_dag.py took 0.109 seconds
[2023-09-01T16:40:02.285+0000] {processor.py:157} INFO - Started process (PID=73460) to work on /home/airflow/.local/lib/python3.8/site-packages/airflow/example_dags/example_skip_dag.py
[2023-09-01T16:40:02.287+0000] {processor.py:829} INFO - Processing file /home/airflow/.local/lib/python3.8/site-packages/airflow/example_dags/example_skip_dag.py for tasks to queue
[2023-09-01T16:40:02.289+0000] {logging_mixin.py:151} INFO - [2023-09-01T16:40:02.288+0000] {dagbag.py:539} INFO - Filling up the DagBag from /home/airflow/.local/lib/python3.8/site-packages/airflow/example_dags/example_skip_dag.py
[2023-09-01T16:40:02.297+0000] {processor.py:839} INFO - DAG(s) dict_keys(['example_skip_dag']) retrieved from /home/airflow/.local/lib/python3.8/site-packages/airflow/example_dags/example_skip_dag.py
[2023-09-01T16:40:02.328+0000] {logging_mixin.py:151} INFO - [2023-09-01T16:40:02.328+0000] {dag.py:2907} INFO - Sync 1 DAGs
[2023-09-01T16:40:02.353+0000] {logging_mixin.py:151} INFO - [2023-09-01T16:40:02.353+0000] {dag.py:3677} INFO - Setting next_dagrun for example_skip_dag to 2023-08-31T16:40:02.352784+00:00, run_after=2023-09-01T16:40:02.352784+00:00
[2023-09-01T16:40:02.375+0000] {processor.py:179} INFO - Processing /home/airflow/.local/lib/python3.8/site-packages/airflow/example_dags/example_skip_dag.py took 0.095 seconds
[2023-09-01T16:40:32.532+0000] {processor.py:157} INFO - Started process (PID=73515) to work on /home/airflow/.local/lib/python3.8/site-packages/airflow/example_dags/example_skip_dag.py
[2023-09-01T16:40:32.533+0000] {processor.py:829} INFO - Processing file /home/airflow/.local/lib/python3.8/site-packages/airflow/example_dags/example_skip_dag.py for tasks to queue
[2023-09-01T16:40:32.535+0000] {logging_mixin.py:151} INFO - [2023-09-01T16:40:32.534+0000] {dagbag.py:539} INFO - Filling up the DagBag from /home/airflow/.local/lib/python3.8/site-packages/airflow/example_dags/example_skip_dag.py
[2023-09-01T16:40:32.543+0000] {processor.py:839} INFO - DAG(s) dict_keys(['example_skip_dag']) retrieved from /home/airflow/.local/lib/python3.8/site-packages/airflow/example_dags/example_skip_dag.py
[2023-09-01T16:40:32.571+0000] {logging_mixin.py:151} INFO - [2023-09-01T16:40:32.571+0000] {dag.py:2907} INFO - Sync 1 DAGs
[2023-09-01T16:40:32.597+0000] {logging_mixin.py:151} INFO - [2023-09-01T16:40:32.596+0000] {dag.py:3677} INFO - Setting next_dagrun for example_skip_dag to 2023-08-31T16:40:32.596652+00:00, run_after=2023-09-01T16:40:32.596652+00:00
[2023-09-01T16:40:32.618+0000] {processor.py:179} INFO - Processing /home/airflow/.local/lib/python3.8/site-packages/airflow/example_dags/example_skip_dag.py took 0.091 seconds
[2023-09-01T17:33:17.898+0000] {processor.py:157} INFO - Started process (PID=73544) to work on /home/airflow/.local/lib/python3.8/site-packages/airflow/example_dags/example_skip_dag.py
[2023-09-01T17:33:17.900+0000] {processor.py:829} INFO - Processing file /home/airflow/.local/lib/python3.8/site-packages/airflow/example_dags/example_skip_dag.py for tasks to queue
[2023-09-01T17:33:17.901+0000] {logging_mixin.py:151} INFO - [2023-09-01T17:33:17.901+0000] {dagbag.py:539} INFO - Filling up the DagBag from /home/airflow/.local/lib/python3.8/site-packages/airflow/example_dags/example_skip_dag.py
[2023-09-01T17:33:17.914+0000] {processor.py:839} INFO - DAG(s) dict_keys(['example_skip_dag']) retrieved from /home/airflow/.local/lib/python3.8/site-packages/airflow/example_dags/example_skip_dag.py
[2023-09-01T17:33:17.957+0000] {logging_mixin.py:151} INFO - [2023-09-01T17:33:17.956+0000] {dag.py:2907} INFO - Sync 1 DAGs
[2023-09-01T17:33:18.180+0000] {logging_mixin.py:151} INFO - [2023-09-01T17:33:18.180+0000] {dag.py:3677} INFO - Setting next_dagrun for example_skip_dag to 2023-08-31T17:33:18.180019+00:00, run_after=2023-09-01T17:33:18.180019+00:00
[2023-09-01T17:33:18.210+0000] {processor.py:179} INFO - Processing /home/airflow/.local/lib/python3.8/site-packages/airflow/example_dags/example_skip_dag.py took 0.318 seconds
[2023-09-01T17:55:30.252+0000] {processor.py:157} INFO - Started process (PID=73596) to work on /home/airflow/.local/lib/python3.8/site-packages/airflow/example_dags/example_skip_dag.py
[2023-09-01T17:55:30.253+0000] {processor.py:829} INFO - Processing file /home/airflow/.local/lib/python3.8/site-packages/airflow/example_dags/example_skip_dag.py for tasks to queue
[2023-09-01T17:55:30.255+0000] {logging_mixin.py:151} INFO - [2023-09-01T17:55:30.254+0000] {dagbag.py:539} INFO - Filling up the DagBag from /home/airflow/.local/lib/python3.8/site-packages/airflow/example_dags/example_skip_dag.py
[2023-09-01T17:55:30.263+0000] {processor.py:839} INFO - DAG(s) dict_keys(['example_skip_dag']) retrieved from /home/airflow/.local/lib/python3.8/site-packages/airflow/example_dags/example_skip_dag.py
[2023-09-01T17:55:30.294+0000] {logging_mixin.py:151} INFO - [2023-09-01T17:55:30.294+0000] {dag.py:2907} INFO - Sync 1 DAGs
[2023-09-01T17:55:30.320+0000] {logging_mixin.py:151} INFO - [2023-09-01T17:55:30.320+0000] {dag.py:3677} INFO - Setting next_dagrun for example_skip_dag to 2023-08-31T17:55:30.319762+00:00, run_after=2023-09-01T17:55:30.319762+00:00
[2023-09-01T17:55:30.342+0000] {processor.py:179} INFO - Processing /home/airflow/.local/lib/python3.8/site-packages/airflow/example_dags/example_skip_dag.py took 0.095 seconds
[2023-09-01T18:41:51.416+0000] {processor.py:157} INFO - Started process (PID=73651) to work on /home/airflow/.local/lib/python3.8/site-packages/airflow/example_dags/example_skip_dag.py
[2023-09-01T18:41:51.419+0000] {processor.py:829} INFO - Processing file /home/airflow/.local/lib/python3.8/site-packages/airflow/example_dags/example_skip_dag.py for tasks to queue
[2023-09-01T18:41:51.421+0000] {logging_mixin.py:151} INFO - [2023-09-01T18:41:51.420+0000] {dagbag.py:539} INFO - Filling up the DagBag from /home/airflow/.local/lib/python3.8/site-packages/airflow/example_dags/example_skip_dag.py
[2023-09-01T18:41:51.436+0000] {processor.py:839} INFO - DAG(s) dict_keys(['example_skip_dag']) retrieved from /home/airflow/.local/lib/python3.8/site-packages/airflow/example_dags/example_skip_dag.py
[2023-09-01T18:41:51.476+0000] {logging_mixin.py:151} INFO - [2023-09-01T18:41:51.476+0000] {dag.py:2907} INFO - Sync 1 DAGs
[2023-09-01T18:41:51.505+0000] {logging_mixin.py:151} INFO - [2023-09-01T18:41:51.504+0000] {dag.py:3677} INFO - Setting next_dagrun for example_skip_dag to 2023-08-31T18:41:51.504547+00:00, run_after=2023-09-01T18:41:51.504547+00:00
[2023-09-01T18:41:51.533+0000] {processor.py:179} INFO - Processing /home/airflow/.local/lib/python3.8/site-packages/airflow/example_dags/example_skip_dag.py took 0.138 seconds
[2023-09-01T19:35:57.663+0000] {processor.py:157} INFO - Started process (PID=73706) to work on /home/airflow/.local/lib/python3.8/site-packages/airflow/example_dags/example_skip_dag.py
[2023-09-01T19:35:57.664+0000] {processor.py:829} INFO - Processing file /home/airflow/.local/lib/python3.8/site-packages/airflow/example_dags/example_skip_dag.py for tasks to queue
[2023-09-01T19:35:57.666+0000] {logging_mixin.py:151} INFO - [2023-09-01T19:35:57.665+0000] {dagbag.py:539} INFO - Filling up the DagBag from /home/airflow/.local/lib/python3.8/site-packages/airflow/example_dags/example_skip_dag.py
[2023-09-01T19:35:57.674+0000] {processor.py:839} INFO - DAG(s) dict_keys(['example_skip_dag']) retrieved from /home/airflow/.local/lib/python3.8/site-packages/airflow/example_dags/example_skip_dag.py
[2023-09-01T19:35:57.705+0000] {logging_mixin.py:151} INFO - [2023-09-01T19:35:57.705+0000] {dag.py:2907} INFO - Sync 1 DAGs
[2023-09-01T19:35:57.731+0000] {logging_mixin.py:151} INFO - [2023-09-01T19:35:57.731+0000] {dag.py:3677} INFO - Setting next_dagrun for example_skip_dag to 2023-08-31T19:35:57.730701+00:00, run_after=2023-09-01T19:35:57.730701+00:00
[2023-09-01T19:35:57.756+0000] {processor.py:179} INFO - Processing /home/airflow/.local/lib/python3.8/site-packages/airflow/example_dags/example_skip_dag.py took 0.098 seconds
[2023-09-01T19:40:33.378+0000] {processor.py:157} INFO - Started process (PID=73761) to work on /home/airflow/.local/lib/python3.8/site-packages/airflow/example_dags/example_skip_dag.py
[2023-09-01T19:40:33.379+0000] {processor.py:829} INFO - Processing file /home/airflow/.local/lib/python3.8/site-packages/airflow/example_dags/example_skip_dag.py for tasks to queue
[2023-09-01T19:40:33.380+0000] {logging_mixin.py:151} INFO - [2023-09-01T19:40:33.380+0000] {dagbag.py:539} INFO - Filling up the DagBag from /home/airflow/.local/lib/python3.8/site-packages/airflow/example_dags/example_skip_dag.py
[2023-09-01T19:40:33.389+0000] {processor.py:839} INFO - DAG(s) dict_keys(['example_skip_dag']) retrieved from /home/airflow/.local/lib/python3.8/site-packages/airflow/example_dags/example_skip_dag.py
[2023-09-01T19:40:33.421+0000] {logging_mixin.py:151} INFO - [2023-09-01T19:40:33.421+0000] {dag.py:2907} INFO - Sync 1 DAGs
[2023-09-01T19:40:33.446+0000] {logging_mixin.py:151} INFO - [2023-09-01T19:40:33.446+0000] {dag.py:3677} INFO - Setting next_dagrun for example_skip_dag to 2023-08-31T19:40:33.446297+00:00, run_after=2023-09-01T19:40:33.446297+00:00
[2023-09-01T19:40:33.475+0000] {processor.py:179} INFO - Processing /home/airflow/.local/lib/python3.8/site-packages/airflow/example_dags/example_skip_dag.py took 0.102 seconds
[2023-09-01T19:41:06.814+0000] {processor.py:157} INFO - Started process (PID=73816) to work on /home/airflow/.local/lib/python3.8/site-packages/airflow/example_dags/example_skip_dag.py
[2023-09-01T19:41:06.820+0000] {processor.py:829} INFO - Processing file /home/airflow/.local/lib/python3.8/site-packages/airflow/example_dags/example_skip_dag.py for tasks to queue
[2023-09-01T19:41:06.826+0000] {logging_mixin.py:151} INFO - [2023-09-01T19:41:06.825+0000] {dagbag.py:539} INFO - Filling up the DagBag from /home/airflow/.local/lib/python3.8/site-packages/airflow/example_dags/example_skip_dag.py
[2023-09-01T19:41:06.867+0000] {processor.py:839} INFO - DAG(s) dict_keys(['example_skip_dag']) retrieved from /home/airflow/.local/lib/python3.8/site-packages/airflow/example_dags/example_skip_dag.py
[2023-09-01T19:41:06.997+0000] {logging_mixin.py:151} INFO - [2023-09-01T19:41:06.996+0000] {dag.py:2907} INFO - Sync 1 DAGs
[2023-09-01T19:41:07.109+0000] {logging_mixin.py:151} INFO - [2023-09-01T19:41:07.109+0000] {dag.py:3677} INFO - Setting next_dagrun for example_skip_dag to 2023-08-31T19:41:07.107657+00:00, run_after=2023-09-01T19:41:07.107657+00:00
[2023-09-01T19:41:07.204+0000] {processor.py:179} INFO - Processing /home/airflow/.local/lib/python3.8/site-packages/airflow/example_dags/example_skip_dag.py took 0.412 seconds
[2023-09-01T19:59:27.184+0000] {processor.py:157} INFO - Started process (PID=73871) to work on /home/airflow/.local/lib/python3.8/site-packages/airflow/example_dags/example_skip_dag.py
[2023-09-01T19:59:27.191+0000] {processor.py:829} INFO - Processing file /home/airflow/.local/lib/python3.8/site-packages/airflow/example_dags/example_skip_dag.py for tasks to queue
[2023-09-01T19:59:27.194+0000] {logging_mixin.py:151} INFO - [2023-09-01T19:59:27.193+0000] {dagbag.py:539} INFO - Filling up the DagBag from /home/airflow/.local/lib/python3.8/site-packages/airflow/example_dags/example_skip_dag.py
[2023-09-01T19:59:27.224+0000] {processor.py:839} INFO - DAG(s) dict_keys(['example_skip_dag']) retrieved from /home/airflow/.local/lib/python3.8/site-packages/airflow/example_dags/example_skip_dag.py
[2023-09-01T19:59:27.312+0000] {logging_mixin.py:151} INFO - [2023-09-01T19:59:27.311+0000] {dag.py:2907} INFO - Sync 1 DAGs
[2023-09-01T19:59:27.351+0000] {logging_mixin.py:151} INFO - [2023-09-01T19:59:27.351+0000] {dag.py:3677} INFO - Setting next_dagrun for example_skip_dag to 2023-08-31T19:59:27.351339+00:00, run_after=2023-09-01T19:59:27.351339+00:00
[2023-09-01T19:59:27.375+0000] {processor.py:179} INFO - Processing /home/airflow/.local/lib/python3.8/site-packages/airflow/example_dags/example_skip_dag.py took 0.219 seconds
