[2023-09-01T02:15:43.843+0000] {processor.py:157} INFO - Started process (PID=73141) to work on /home/airflow/.local/lib/python3.8/site-packages/airflow/example_dags/example_external_task_marker_dag.py
[2023-09-01T02:15:43.845+0000] {processor.py:829} INFO - Processing file /home/airflow/.local/lib/python3.8/site-packages/airflow/example_dags/example_external_task_marker_dag.py for tasks to queue
[2023-09-01T02:15:43.846+0000] {logging_mixin.py:151} INFO - [2023-09-01T02:15:43.846+0000] {dagbag.py:539} INFO - Filling up the DagBag from /home/airflow/.local/lib/python3.8/site-packages/airflow/example_dags/example_external_task_marker_dag.py
[2023-09-01T02:15:43.855+0000] {processor.py:839} INFO - DAG(s) dict_keys(['example_external_task_marker_child', 'example_external_task_marker_parent']) retrieved from /home/airflow/.local/lib/python3.8/site-packages/airflow/example_dags/example_external_task_marker_dag.py
[2023-09-01T02:15:43.887+0000] {logging_mixin.py:151} INFO - [2023-09-01T02:15:43.887+0000] {dag.py:2907} INFO - Sync 2 DAGs
[2023-09-01T02:15:43.909+0000] {logging_mixin.py:151} INFO - [2023-09-01T02:15:43.908+0000] {dag.py:3677} INFO - Setting next_dagrun for example_external_task_marker_child to None, run_after=None
[2023-09-01T02:15:43.913+0000] {logging_mixin.py:151} INFO - [2023-09-01T02:15:43.913+0000] {dag.py:3677} INFO - Setting next_dagrun for example_external_task_marker_parent to None, run_after=None
[2023-09-01T02:15:43.933+0000] {processor.py:179} INFO - Processing /home/airflow/.local/lib/python3.8/site-packages/airflow/example_dags/example_external_task_marker_dag.py took 0.098 seconds
[2023-09-01T04:04:35.993+0000] {processor.py:157} INFO - Started process (PID=73186) to work on /home/airflow/.local/lib/python3.8/site-packages/airflow/example_dags/example_external_task_marker_dag.py
[2023-09-01T04:04:35.996+0000] {processor.py:829} INFO - Processing file /home/airflow/.local/lib/python3.8/site-packages/airflow/example_dags/example_external_task_marker_dag.py for tasks to queue
[2023-09-01T04:04:35.998+0000] {logging_mixin.py:151} INFO - [2023-09-01T04:04:35.997+0000] {dagbag.py:539} INFO - Filling up the DagBag from /home/airflow/.local/lib/python3.8/site-packages/airflow/example_dags/example_external_task_marker_dag.py
[2023-09-01T04:04:36.026+0000] {processor.py:839} INFO - DAG(s) dict_keys(['example_external_task_marker_child', 'example_external_task_marker_parent']) retrieved from /home/airflow/.local/lib/python3.8/site-packages/airflow/example_dags/example_external_task_marker_dag.py
[2023-09-01T04:04:36.073+0000] {logging_mixin.py:151} INFO - [2023-09-01T04:04:36.072+0000] {dag.py:2907} INFO - Sync 2 DAGs
[2023-09-01T04:04:36.099+0000] {logging_mixin.py:151} INFO - [2023-09-01T04:04:36.099+0000] {dag.py:3677} INFO - Setting next_dagrun for example_external_task_marker_child to None, run_after=None
[2023-09-01T04:04:36.104+0000] {logging_mixin.py:151} INFO - [2023-09-01T04:04:36.103+0000] {dag.py:3677} INFO - Setting next_dagrun for example_external_task_marker_parent to None, run_after=None
[2023-09-01T04:04:36.137+0000] {processor.py:179} INFO - Processing /home/airflow/.local/lib/python3.8/site-packages/airflow/example_dags/example_external_task_marker_dag.py took 0.160 seconds
[2023-09-01T04:05:08.514+0000] {processor.py:157} INFO - Started process (PID=73241) to work on /home/airflow/.local/lib/python3.8/site-packages/airflow/example_dags/example_external_task_marker_dag.py
[2023-09-01T04:05:08.521+0000] {processor.py:829} INFO - Processing file /home/airflow/.local/lib/python3.8/site-packages/airflow/example_dags/example_external_task_marker_dag.py for tasks to queue
[2023-09-01T04:05:08.527+0000] {logging_mixin.py:151} INFO - [2023-09-01T04:05:08.525+0000] {dagbag.py:539} INFO - Filling up the DagBag from /home/airflow/.local/lib/python3.8/site-packages/airflow/example_dags/example_external_task_marker_dag.py
[2023-09-01T04:05:08.563+0000] {processor.py:839} INFO - DAG(s) dict_keys(['example_external_task_marker_parent', 'example_external_task_marker_child']) retrieved from /home/airflow/.local/lib/python3.8/site-packages/airflow/example_dags/example_external_task_marker_dag.py
[2023-09-01T04:05:08.706+0000] {logging_mixin.py:151} INFO - [2023-09-01T04:05:08.705+0000] {dag.py:2907} INFO - Sync 2 DAGs
[2023-09-01T04:05:08.782+0000] {logging_mixin.py:151} INFO - [2023-09-01T04:05:08.781+0000] {dag.py:3677} INFO - Setting next_dagrun for example_external_task_marker_child to None, run_after=None
[2023-09-01T04:05:08.799+0000] {logging_mixin.py:151} INFO - [2023-09-01T04:05:08.799+0000] {dag.py:3677} INFO - Setting next_dagrun for example_external_task_marker_parent to None, run_after=None
[2023-09-01T04:05:08.886+0000] {processor.py:179} INFO - Processing /home/airflow/.local/lib/python3.8/site-packages/airflow/example_dags/example_external_task_marker_dag.py took 0.393 seconds
[2023-09-01T04:05:45.729+0000] {processor.py:157} INFO - Started process (PID=73296) to work on /home/airflow/.local/lib/python3.8/site-packages/airflow/example_dags/example_external_task_marker_dag.py
[2023-09-01T04:05:45.731+0000] {processor.py:829} INFO - Processing file /home/airflow/.local/lib/python3.8/site-packages/airflow/example_dags/example_external_task_marker_dag.py for tasks to queue
[2023-09-01T04:05:45.732+0000] {logging_mixin.py:151} INFO - [2023-09-01T04:05:45.732+0000] {dagbag.py:539} INFO - Filling up the DagBag from /home/airflow/.local/lib/python3.8/site-packages/airflow/example_dags/example_external_task_marker_dag.py
[2023-09-01T04:05:45.741+0000] {processor.py:839} INFO - DAG(s) dict_keys(['example_external_task_marker_parent', 'example_external_task_marker_child']) retrieved from /home/airflow/.local/lib/python3.8/site-packages/airflow/example_dags/example_external_task_marker_dag.py
[2023-09-01T04:05:45.774+0000] {logging_mixin.py:151} INFO - [2023-09-01T04:05:45.774+0000] {dag.py:2907} INFO - Sync 2 DAGs
[2023-09-01T04:05:45.793+0000] {logging_mixin.py:151} INFO - [2023-09-01T04:05:45.792+0000] {dag.py:3677} INFO - Setting next_dagrun for example_external_task_marker_child to None, run_after=None
[2023-09-01T04:05:45.797+0000] {logging_mixin.py:151} INFO - [2023-09-01T04:05:45.797+0000] {dag.py:3677} INFO - Setting next_dagrun for example_external_task_marker_parent to None, run_after=None
[2023-09-01T04:05:45.819+0000] {processor.py:179} INFO - Processing /home/airflow/.local/lib/python3.8/site-packages/airflow/example_dags/example_external_task_marker_dag.py took 0.095 seconds
[2023-09-01T10:29:09.979+0000] {processor.py:157} INFO - Started process (PID=73344) to work on /home/airflow/.local/lib/python3.8/site-packages/airflow/example_dags/example_external_task_marker_dag.py
[2023-09-01T10:29:09.981+0000] {processor.py:829} INFO - Processing file /home/airflow/.local/lib/python3.8/site-packages/airflow/example_dags/example_external_task_marker_dag.py for tasks to queue
[2023-09-01T10:29:09.982+0000] {logging_mixin.py:151} INFO - [2023-09-01T10:29:09.982+0000] {dagbag.py:539} INFO - Filling up the DagBag from /home/airflow/.local/lib/python3.8/site-packages/airflow/example_dags/example_external_task_marker_dag.py
[2023-09-01T10:29:09.990+0000] {processor.py:839} INFO - DAG(s) dict_keys(['example_external_task_marker_child', 'example_external_task_marker_parent']) retrieved from /home/airflow/.local/lib/python3.8/site-packages/airflow/example_dags/example_external_task_marker_dag.py
[2023-09-01T10:29:10.022+0000] {logging_mixin.py:151} INFO - [2023-09-01T10:29:10.022+0000] {dag.py:2907} INFO - Sync 2 DAGs
[2023-09-01T10:29:10.036+0000] {logging_mixin.py:151} INFO - [2023-09-01T10:29:10.036+0000] {dag.py:3677} INFO - Setting next_dagrun for example_external_task_marker_child to None, run_after=None
[2023-09-01T10:29:10.040+0000] {logging_mixin.py:151} INFO - [2023-09-01T10:29:10.040+0000] {dag.py:3677} INFO - Setting next_dagrun for example_external_task_marker_parent to None, run_after=None
[2023-09-01T10:29:10.065+0000] {processor.py:179} INFO - Processing /home/airflow/.local/lib/python3.8/site-packages/airflow/example_dags/example_external_task_marker_dag.py took 0.092 seconds
[2023-09-01T16:39:31.500+0000] {processor.py:157} INFO - Started process (PID=73400) to work on /home/airflow/.local/lib/python3.8/site-packages/airflow/example_dags/example_external_task_marker_dag.py
[2023-09-01T16:39:31.502+0000] {processor.py:829} INFO - Processing file /home/airflow/.local/lib/python3.8/site-packages/airflow/example_dags/example_external_task_marker_dag.py for tasks to queue
[2023-09-01T16:39:31.504+0000] {logging_mixin.py:151} INFO - [2023-09-01T16:39:31.503+0000] {dagbag.py:539} INFO - Filling up the DagBag from /home/airflow/.local/lib/python3.8/site-packages/airflow/example_dags/example_external_task_marker_dag.py
[2023-09-01T16:39:31.513+0000] {processor.py:839} INFO - DAG(s) dict_keys(['example_external_task_marker_parent', 'example_external_task_marker_child']) retrieved from /home/airflow/.local/lib/python3.8/site-packages/airflow/example_dags/example_external_task_marker_dag.py
[2023-09-01T16:39:31.550+0000] {logging_mixin.py:151} INFO - [2023-09-01T16:39:31.550+0000] {dag.py:2907} INFO - Sync 2 DAGs
[2023-09-01T16:39:31.571+0000] {logging_mixin.py:151} INFO - [2023-09-01T16:39:31.571+0000] {dag.py:3677} INFO - Setting next_dagrun for example_external_task_marker_child to None, run_after=None
[2023-09-01T16:39:31.577+0000] {logging_mixin.py:151} INFO - [2023-09-01T16:39:31.577+0000] {dag.py:3677} INFO - Setting next_dagrun for example_external_task_marker_parent to None, run_after=None
[2023-09-01T16:39:31.603+0000] {processor.py:179} INFO - Processing /home/airflow/.local/lib/python3.8/site-packages/airflow/example_dags/example_external_task_marker_dag.py took 0.109 seconds
[2023-09-01T16:40:02.029+0000] {processor.py:157} INFO - Started process (PID=73455) to work on /home/airflow/.local/lib/python3.8/site-packages/airflow/example_dags/example_external_task_marker_dag.py
[2023-09-01T16:40:02.031+0000] {processor.py:829} INFO - Processing file /home/airflow/.local/lib/python3.8/site-packages/airflow/example_dags/example_external_task_marker_dag.py for tasks to queue
[2023-09-01T16:40:02.032+0000] {logging_mixin.py:151} INFO - [2023-09-01T16:40:02.032+0000] {dagbag.py:539} INFO - Filling up the DagBag from /home/airflow/.local/lib/python3.8/site-packages/airflow/example_dags/example_external_task_marker_dag.py
[2023-09-01T16:40:02.039+0000] {processor.py:839} INFO - DAG(s) dict_keys(['example_external_task_marker_parent', 'example_external_task_marker_child']) retrieved from /home/airflow/.local/lib/python3.8/site-packages/airflow/example_dags/example_external_task_marker_dag.py
[2023-09-01T16:40:02.070+0000] {logging_mixin.py:151} INFO - [2023-09-01T16:40:02.069+0000] {dag.py:2907} INFO - Sync 2 DAGs
[2023-09-01T16:40:02.086+0000] {logging_mixin.py:151} INFO - [2023-09-01T16:40:02.085+0000] {dag.py:3677} INFO - Setting next_dagrun for example_external_task_marker_child to None, run_after=None
[2023-09-01T16:40:02.090+0000] {logging_mixin.py:151} INFO - [2023-09-01T16:40:02.090+0000] {dag.py:3677} INFO - Setting next_dagrun for example_external_task_marker_parent to None, run_after=None
[2023-09-01T16:40:02.110+0000] {processor.py:179} INFO - Processing /home/airflow/.local/lib/python3.8/site-packages/airflow/example_dags/example_external_task_marker_dag.py took 0.085 seconds
[2023-09-01T16:40:32.187+0000] {processor.py:157} INFO - Started process (PID=73510) to work on /home/airflow/.local/lib/python3.8/site-packages/airflow/example_dags/example_external_task_marker_dag.py
[2023-09-01T16:40:32.188+0000] {processor.py:829} INFO - Processing file /home/airflow/.local/lib/python3.8/site-packages/airflow/example_dags/example_external_task_marker_dag.py for tasks to queue
[2023-09-01T16:40:32.190+0000] {logging_mixin.py:151} INFO - [2023-09-01T16:40:32.189+0000] {dagbag.py:539} INFO - Filling up the DagBag from /home/airflow/.local/lib/python3.8/site-packages/airflow/example_dags/example_external_task_marker_dag.py
[2023-09-01T16:40:32.197+0000] {processor.py:839} INFO - DAG(s) dict_keys(['example_external_task_marker_child', 'example_external_task_marker_parent']) retrieved from /home/airflow/.local/lib/python3.8/site-packages/airflow/example_dags/example_external_task_marker_dag.py
[2023-09-01T16:40:32.226+0000] {logging_mixin.py:151} INFO - [2023-09-01T16:40:32.226+0000] {dag.py:2907} INFO - Sync 2 DAGs
[2023-09-01T16:40:32.243+0000] {logging_mixin.py:151} INFO - [2023-09-01T16:40:32.242+0000] {dag.py:3677} INFO - Setting next_dagrun for example_external_task_marker_child to None, run_after=None
[2023-09-01T16:40:32.247+0000] {logging_mixin.py:151} INFO - [2023-09-01T16:40:32.247+0000] {dag.py:3677} INFO - Setting next_dagrun for example_external_task_marker_parent to None, run_after=None
[2023-09-01T16:40:32.266+0000] {processor.py:179} INFO - Processing /home/airflow/.local/lib/python3.8/site-packages/airflow/example_dags/example_external_task_marker_dag.py took 0.083 seconds
[2023-09-01T17:33:17.040+0000] {processor.py:157} INFO - Started process (PID=73539) to work on /home/airflow/.local/lib/python3.8/site-packages/airflow/example_dags/example_external_task_marker_dag.py
[2023-09-01T17:33:17.042+0000] {processor.py:829} INFO - Processing file /home/airflow/.local/lib/python3.8/site-packages/airflow/example_dags/example_external_task_marker_dag.py for tasks to queue
[2023-09-01T17:33:17.044+0000] {logging_mixin.py:151} INFO - [2023-09-01T17:33:17.043+0000] {dagbag.py:539} INFO - Filling up the DagBag from /home/airflow/.local/lib/python3.8/site-packages/airflow/example_dags/example_external_task_marker_dag.py
[2023-09-01T17:33:17.054+0000] {processor.py:839} INFO - DAG(s) dict_keys(['example_external_task_marker_parent', 'example_external_task_marker_child']) retrieved from /home/airflow/.local/lib/python3.8/site-packages/airflow/example_dags/example_external_task_marker_dag.py
[2023-09-01T17:33:17.097+0000] {logging_mixin.py:151} INFO - [2023-09-01T17:33:17.096+0000] {dag.py:2907} INFO - Sync 2 DAGs
[2023-09-01T17:33:17.292+0000] {logging_mixin.py:151} INFO - [2023-09-01T17:33:17.292+0000] {dag.py:3677} INFO - Setting next_dagrun for example_external_task_marker_child to None, run_after=None
[2023-09-01T17:33:17.297+0000] {logging_mixin.py:151} INFO - [2023-09-01T17:33:17.297+0000] {dag.py:3677} INFO - Setting next_dagrun for example_external_task_marker_parent to None, run_after=None
[2023-09-01T17:33:17.323+0000] {processor.py:179} INFO - Processing /home/airflow/.local/lib/python3.8/site-packages/airflow/example_dags/example_external_task_marker_dag.py took 0.290 seconds
[2023-09-01T17:55:29.799+0000] {processor.py:157} INFO - Started process (PID=73591) to work on /home/airflow/.local/lib/python3.8/site-packages/airflow/example_dags/example_external_task_marker_dag.py
[2023-09-01T17:55:29.801+0000] {processor.py:829} INFO - Processing file /home/airflow/.local/lib/python3.8/site-packages/airflow/example_dags/example_external_task_marker_dag.py for tasks to queue
[2023-09-01T17:55:29.802+0000] {logging_mixin.py:151} INFO - [2023-09-01T17:55:29.802+0000] {dagbag.py:539} INFO - Filling up the DagBag from /home/airflow/.local/lib/python3.8/site-packages/airflow/example_dags/example_external_task_marker_dag.py
[2023-09-01T17:55:29.811+0000] {processor.py:839} INFO - DAG(s) dict_keys(['example_external_task_marker_parent', 'example_external_task_marker_child']) retrieved from /home/airflow/.local/lib/python3.8/site-packages/airflow/example_dags/example_external_task_marker_dag.py
[2023-09-01T17:55:29.844+0000] {logging_mixin.py:151} INFO - [2023-09-01T17:55:29.844+0000] {dag.py:2907} INFO - Sync 2 DAGs
[2023-09-01T17:55:29.862+0000] {logging_mixin.py:151} INFO - [2023-09-01T17:55:29.862+0000] {dag.py:3677} INFO - Setting next_dagrun for example_external_task_marker_child to None, run_after=None
[2023-09-01T17:55:29.866+0000] {logging_mixin.py:151} INFO - [2023-09-01T17:55:29.866+0000] {dag.py:3677} INFO - Setting next_dagrun for example_external_task_marker_parent to None, run_after=None
[2023-09-01T17:55:29.889+0000] {processor.py:179} INFO - Processing /home/airflow/.local/lib/python3.8/site-packages/airflow/example_dags/example_external_task_marker_dag.py took 0.094 seconds
[2023-09-01T18:41:50.794+0000] {processor.py:157} INFO - Started process (PID=73646) to work on /home/airflow/.local/lib/python3.8/site-packages/airflow/example_dags/example_external_task_marker_dag.py
[2023-09-01T18:41:50.798+0000] {processor.py:829} INFO - Processing file /home/airflow/.local/lib/python3.8/site-packages/airflow/example_dags/example_external_task_marker_dag.py for tasks to queue
[2023-09-01T18:41:50.799+0000] {logging_mixin.py:151} INFO - [2023-09-01T18:41:50.799+0000] {dagbag.py:539} INFO - Filling up the DagBag from /home/airflow/.local/lib/python3.8/site-packages/airflow/example_dags/example_external_task_marker_dag.py
[2023-09-01T18:41:50.810+0000] {processor.py:839} INFO - DAG(s) dict_keys(['example_external_task_marker_parent', 'example_external_task_marker_child']) retrieved from /home/airflow/.local/lib/python3.8/site-packages/airflow/example_dags/example_external_task_marker_dag.py
[2023-09-01T18:41:50.851+0000] {logging_mixin.py:151} INFO - [2023-09-01T18:41:50.850+0000] {dag.py:2907} INFO - Sync 2 DAGs
[2023-09-01T18:41:50.868+0000] {logging_mixin.py:151} INFO - [2023-09-01T18:41:50.868+0000] {dag.py:3677} INFO - Setting next_dagrun for example_external_task_marker_child to None, run_after=None
[2023-09-01T18:41:50.872+0000] {logging_mixin.py:151} INFO - [2023-09-01T18:41:50.872+0000] {dag.py:3677} INFO - Setting next_dagrun for example_external_task_marker_parent to None, run_after=None
[2023-09-01T18:41:50.896+0000] {processor.py:179} INFO - Processing /home/airflow/.local/lib/python3.8/site-packages/airflow/example_dags/example_external_task_marker_dag.py took 0.108 seconds
[2023-09-01T19:35:57.348+0000] {processor.py:157} INFO - Started process (PID=73701) to work on /home/airflow/.local/lib/python3.8/site-packages/airflow/example_dags/example_external_task_marker_dag.py
[2023-09-01T19:35:57.350+0000] {processor.py:829} INFO - Processing file /home/airflow/.local/lib/python3.8/site-packages/airflow/example_dags/example_external_task_marker_dag.py for tasks to queue
[2023-09-01T19:35:57.353+0000] {logging_mixin.py:151} INFO - [2023-09-01T19:35:57.352+0000] {dagbag.py:539} INFO - Filling up the DagBag from /home/airflow/.local/lib/python3.8/site-packages/airflow/example_dags/example_external_task_marker_dag.py
[2023-09-01T19:35:57.363+0000] {processor.py:839} INFO - DAG(s) dict_keys(['example_external_task_marker_child', 'example_external_task_marker_parent']) retrieved from /home/airflow/.local/lib/python3.8/site-packages/airflow/example_dags/example_external_task_marker_dag.py
[2023-09-01T19:35:57.402+0000] {logging_mixin.py:151} INFO - [2023-09-01T19:35:57.401+0000] {dag.py:2907} INFO - Sync 2 DAGs
[2023-09-01T19:35:57.419+0000] {logging_mixin.py:151} INFO - [2023-09-01T19:35:57.419+0000] {dag.py:3677} INFO - Setting next_dagrun for example_external_task_marker_child to None, run_after=None
[2023-09-01T19:35:57.423+0000] {logging_mixin.py:151} INFO - [2023-09-01T19:35:57.423+0000] {dag.py:3677} INFO - Setting next_dagrun for example_external_task_marker_parent to None, run_after=None
[2023-09-01T19:35:57.446+0000] {processor.py:179} INFO - Processing /home/airflow/.local/lib/python3.8/site-packages/airflow/example_dags/example_external_task_marker_dag.py took 0.107 seconds
[2023-09-01T19:40:33.014+0000] {processor.py:157} INFO - Started process (PID=73756) to work on /home/airflow/.local/lib/python3.8/site-packages/airflow/example_dags/example_external_task_marker_dag.py
[2023-09-01T19:40:33.016+0000] {processor.py:829} INFO - Processing file /home/airflow/.local/lib/python3.8/site-packages/airflow/example_dags/example_external_task_marker_dag.py for tasks to queue
[2023-09-01T19:40:33.017+0000] {logging_mixin.py:151} INFO - [2023-09-01T19:40:33.017+0000] {dagbag.py:539} INFO - Filling up the DagBag from /home/airflow/.local/lib/python3.8/site-packages/airflow/example_dags/example_external_task_marker_dag.py
[2023-09-01T19:40:33.029+0000] {processor.py:839} INFO - DAG(s) dict_keys(['example_external_task_marker_child', 'example_external_task_marker_parent']) retrieved from /home/airflow/.local/lib/python3.8/site-packages/airflow/example_dags/example_external_task_marker_dag.py
[2023-09-01T19:40:33.064+0000] {logging_mixin.py:151} INFO - [2023-09-01T19:40:33.063+0000] {dag.py:2907} INFO - Sync 2 DAGs
[2023-09-01T19:40:33.085+0000] {logging_mixin.py:151} INFO - [2023-09-01T19:40:33.085+0000] {dag.py:3677} INFO - Setting next_dagrun for example_external_task_marker_child to None, run_after=None
[2023-09-01T19:40:33.091+0000] {logging_mixin.py:151} INFO - [2023-09-01T19:40:33.090+0000] {dag.py:3677} INFO - Setting next_dagrun for example_external_task_marker_parent to None, run_after=None
[2023-09-01T19:40:33.112+0000] {processor.py:179} INFO - Processing /home/airflow/.local/lib/python3.8/site-packages/airflow/example_dags/example_external_task_marker_dag.py took 0.103 seconds
[2023-09-01T19:41:05.250+0000] {processor.py:157} INFO - Started process (PID=73811) to work on /home/airflow/.local/lib/python3.8/site-packages/airflow/example_dags/example_external_task_marker_dag.py
[2023-09-01T19:41:05.257+0000] {processor.py:829} INFO - Processing file /home/airflow/.local/lib/python3.8/site-packages/airflow/example_dags/example_external_task_marker_dag.py for tasks to queue
[2023-09-01T19:41:05.264+0000] {logging_mixin.py:151} INFO - [2023-09-01T19:41:05.262+0000] {dagbag.py:539} INFO - Filling up the DagBag from /home/airflow/.local/lib/python3.8/site-packages/airflow/example_dags/example_external_task_marker_dag.py
[2023-09-01T19:41:05.306+0000] {processor.py:839} INFO - DAG(s) dict_keys(['example_external_task_marker_child', 'example_external_task_marker_parent']) retrieved from /home/airflow/.local/lib/python3.8/site-packages/airflow/example_dags/example_external_task_marker_dag.py
[2023-09-01T19:41:05.452+0000] {logging_mixin.py:151} INFO - [2023-09-01T19:41:05.451+0000] {dag.py:2907} INFO - Sync 2 DAGs
[2023-09-01T19:41:05.529+0000] {logging_mixin.py:151} INFO - [2023-09-01T19:41:05.528+0000] {dag.py:3677} INFO - Setting next_dagrun for example_external_task_marker_child to None, run_after=None
[2023-09-01T19:41:05.547+0000] {logging_mixin.py:151} INFO - [2023-09-01T19:41:05.546+0000] {dag.py:3677} INFO - Setting next_dagrun for example_external_task_marker_parent to None, run_after=None
[2023-09-01T19:41:05.634+0000] {processor.py:179} INFO - Processing /home/airflow/.local/lib/python3.8/site-packages/airflow/example_dags/example_external_task_marker_dag.py took 0.421 seconds
[2023-09-01T19:59:26.596+0000] {processor.py:157} INFO - Started process (PID=73859) to work on /home/airflow/.local/lib/python3.8/site-packages/airflow/example_dags/example_external_task_marker_dag.py
[2023-09-01T19:59:26.600+0000] {processor.py:829} INFO - Processing file /home/airflow/.local/lib/python3.8/site-packages/airflow/example_dags/example_external_task_marker_dag.py for tasks to queue
[2023-09-01T19:59:26.602+0000] {logging_mixin.py:151} INFO - [2023-09-01T19:59:26.602+0000] {dagbag.py:539} INFO - Filling up the DagBag from /home/airflow/.local/lib/python3.8/site-packages/airflow/example_dags/example_external_task_marker_dag.py
[2023-09-01T19:59:26.624+0000] {processor.py:839} INFO - DAG(s) dict_keys(['example_external_task_marker_parent', 'example_external_task_marker_child']) retrieved from /home/airflow/.local/lib/python3.8/site-packages/airflow/example_dags/example_external_task_marker_dag.py
[2023-09-01T19:59:26.696+0000] {logging_mixin.py:151} INFO - [2023-09-01T19:59:26.696+0000] {dag.py:2907} INFO - Sync 2 DAGs
[2023-09-01T19:59:26.727+0000] {logging_mixin.py:151} INFO - [2023-09-01T19:59:26.727+0000] {dag.py:3677} INFO - Setting next_dagrun for example_external_task_marker_child to None, run_after=None
[2023-09-01T19:59:26.735+0000] {logging_mixin.py:151} INFO - [2023-09-01T19:59:26.734+0000] {dag.py:3677} INFO - Setting next_dagrun for example_external_task_marker_parent to None, run_after=None
[2023-09-01T19:59:26.763+0000] {processor.py:179} INFO - Processing /home/airflow/.local/lib/python3.8/site-packages/airflow/example_dags/example_external_task_marker_dag.py took 0.184 seconds
