[2023-09-01T02:15:42.446+0000] {processor.py:157} INFO - Started process (PID=73125) to work on /home/airflow/.local/lib/python3.8/site-packages/airflow/example_dags/example_dynamic_task_mapping_with_no_taskflow_operators.py
[2023-09-01T02:15:42.453+0000] {processor.py:829} INFO - Processing file /home/airflow/.local/lib/python3.8/site-packages/airflow/example_dags/example_dynamic_task_mapping_with_no_taskflow_operators.py for tasks to queue
[2023-09-01T02:15:42.456+0000] {logging_mixin.py:151} INFO - [2023-09-01T02:15:42.455+0000] {dagbag.py:539} INFO - Filling up the DagBag from /home/airflow/.local/lib/python3.8/site-packages/airflow/example_dags/example_dynamic_task_mapping_with_no_taskflow_operators.py
[2023-09-01T02:15:42.471+0000] {processor.py:839} INFO - DAG(s) dict_keys(['example_dynamic_task_mapping_with_no_taskflow_operators']) retrieved from /home/airflow/.local/lib/python3.8/site-packages/airflow/example_dags/example_dynamic_task_mapping_with_no_taskflow_operators.py
[2023-09-01T02:15:42.506+0000] {logging_mixin.py:151} INFO - [2023-09-01T02:15:42.506+0000] {dag.py:2907} INFO - Sync 1 DAGs
[2023-09-01T02:15:42.551+0000] {logging_mixin.py:151} INFO - [2023-09-01T02:15:42.551+0000] {dag.py:3677} INFO - Setting next_dagrun for example_dynamic_task_mapping_with_no_taskflow_operators to 2023-08-31T02:15:42.550928+00:00, run_after=2023-09-01T02:15:42.550928+00:00
[2023-09-01T02:15:42.573+0000] {processor.py:179} INFO - Processing /home/airflow/.local/lib/python3.8/site-packages/airflow/example_dags/example_dynamic_task_mapping_with_no_taskflow_operators.py took 0.136 seconds
[2023-09-01T04:04:39.302+0000] {processor.py:157} INFO - Started process (PID=73218) to work on /home/airflow/.local/lib/python3.8/site-packages/airflow/example_dags/example_dynamic_task_mapping_with_no_taskflow_operators.py
[2023-09-01T04:04:39.303+0000] {processor.py:829} INFO - Processing file /home/airflow/.local/lib/python3.8/site-packages/airflow/example_dags/example_dynamic_task_mapping_with_no_taskflow_operators.py for tasks to queue
[2023-09-01T04:04:39.304+0000] {logging_mixin.py:151} INFO - [2023-09-01T04:04:39.304+0000] {dagbag.py:539} INFO - Filling up the DagBag from /home/airflow/.local/lib/python3.8/site-packages/airflow/example_dags/example_dynamic_task_mapping_with_no_taskflow_operators.py
[2023-09-01T04:04:39.312+0000] {processor.py:839} INFO - DAG(s) dict_keys(['example_dynamic_task_mapping_with_no_taskflow_operators']) retrieved from /home/airflow/.local/lib/python3.8/site-packages/airflow/example_dags/example_dynamic_task_mapping_with_no_taskflow_operators.py
[2023-09-01T04:04:39.338+0000] {logging_mixin.py:151} INFO - [2023-09-01T04:04:39.338+0000] {dag.py:2907} INFO - Sync 1 DAGs
[2023-09-01T04:04:39.363+0000] {logging_mixin.py:151} INFO - [2023-09-01T04:04:39.363+0000] {dag.py:3677} INFO - Setting next_dagrun for example_dynamic_task_mapping_with_no_taskflow_operators to 2023-08-31T04:04:39.362843+00:00, run_after=2023-09-01T04:04:39.362843+00:00
[2023-09-01T04:04:39.384+0000] {processor.py:179} INFO - Processing /home/airflow/.local/lib/python3.8/site-packages/airflow/example_dags/example_dynamic_task_mapping_with_no_taskflow_operators.py took 0.087 seconds
[2023-09-01T04:05:20.019+0000] {processor.py:157} INFO - Started process (PID=73273) to work on /home/airflow/.local/lib/python3.8/site-packages/airflow/example_dags/example_dynamic_task_mapping_with_no_taskflow_operators.py
[2023-09-01T04:05:20.025+0000] {processor.py:829} INFO - Processing file /home/airflow/.local/lib/python3.8/site-packages/airflow/example_dags/example_dynamic_task_mapping_with_no_taskflow_operators.py for tasks to queue
[2023-09-01T04:05:20.030+0000] {logging_mixin.py:151} INFO - [2023-09-01T04:05:20.029+0000] {dagbag.py:539} INFO - Filling up the DagBag from /home/airflow/.local/lib/python3.8/site-packages/airflow/example_dags/example_dynamic_task_mapping_with_no_taskflow_operators.py
[2023-09-01T04:05:20.064+0000] {processor.py:839} INFO - DAG(s) dict_keys(['example_dynamic_task_mapping_with_no_taskflow_operators']) retrieved from /home/airflow/.local/lib/python3.8/site-packages/airflow/example_dags/example_dynamic_task_mapping_with_no_taskflow_operators.py
[2023-09-01T04:05:20.173+0000] {logging_mixin.py:151} INFO - [2023-09-01T04:05:20.172+0000] {dag.py:2907} INFO - Sync 1 DAGs
[2023-09-01T04:05:20.281+0000] {logging_mixin.py:151} INFO - [2023-09-01T04:05:20.280+0000] {dag.py:3677} INFO - Setting next_dagrun for example_dynamic_task_mapping_with_no_taskflow_operators to 2023-08-31T04:05:20.279120+00:00, run_after=2023-09-01T04:05:20.279120+00:00
[2023-09-01T04:05:20.369+0000] {processor.py:179} INFO - Processing /home/airflow/.local/lib/python3.8/site-packages/airflow/example_dags/example_dynamic_task_mapping_with_no_taskflow_operators.py took 0.371 seconds
[2023-09-01T04:05:50.577+0000] {processor.py:157} INFO - Started process (PID=73327) to work on /home/airflow/.local/lib/python3.8/site-packages/airflow/example_dags/example_dynamic_task_mapping_with_no_taskflow_operators.py
[2023-09-01T04:05:50.579+0000] {processor.py:829} INFO - Processing file /home/airflow/.local/lib/python3.8/site-packages/airflow/example_dags/example_dynamic_task_mapping_with_no_taskflow_operators.py for tasks to queue
[2023-09-01T04:05:50.580+0000] {logging_mixin.py:151} INFO - [2023-09-01T04:05:50.580+0000] {dagbag.py:539} INFO - Filling up the DagBag from /home/airflow/.local/lib/python3.8/site-packages/airflow/example_dags/example_dynamic_task_mapping_with_no_taskflow_operators.py
[2023-09-01T04:05:50.589+0000] {processor.py:839} INFO - DAG(s) dict_keys(['example_dynamic_task_mapping_with_no_taskflow_operators']) retrieved from /home/airflow/.local/lib/python3.8/site-packages/airflow/example_dags/example_dynamic_task_mapping_with_no_taskflow_operators.py
[2023-09-01T04:05:50.616+0000] {logging_mixin.py:151} INFO - [2023-09-01T04:05:50.615+0000] {dag.py:2907} INFO - Sync 1 DAGs
[2023-09-01T04:05:50.641+0000] {logging_mixin.py:151} INFO - [2023-09-01T04:05:50.640+0000] {dag.py:3677} INFO - Setting next_dagrun for example_dynamic_task_mapping_with_no_taskflow_operators to 2023-08-31T04:05:50.640515+00:00, run_after=2023-09-01T04:05:50.640515+00:00
[2023-09-01T04:05:50.663+0000] {processor.py:179} INFO - Processing /home/airflow/.local/lib/python3.8/site-packages/airflow/example_dags/example_dynamic_task_mapping_with_no_taskflow_operators.py took 0.090 seconds
[2023-09-01T10:29:13.803+0000] {processor.py:157} INFO - Started process (PID=73376) to work on /home/airflow/.local/lib/python3.8/site-packages/airflow/example_dags/example_dynamic_task_mapping_with_no_taskflow_operators.py
[2023-09-01T10:29:13.805+0000] {processor.py:829} INFO - Processing file /home/airflow/.local/lib/python3.8/site-packages/airflow/example_dags/example_dynamic_task_mapping_with_no_taskflow_operators.py for tasks to queue
[2023-09-01T10:29:13.806+0000] {logging_mixin.py:151} INFO - [2023-09-01T10:29:13.806+0000] {dagbag.py:539} INFO - Filling up the DagBag from /home/airflow/.local/lib/python3.8/site-packages/airflow/example_dags/example_dynamic_task_mapping_with_no_taskflow_operators.py
[2023-09-01T10:29:13.814+0000] {processor.py:839} INFO - DAG(s) dict_keys(['example_dynamic_task_mapping_with_no_taskflow_operators']) retrieved from /home/airflow/.local/lib/python3.8/site-packages/airflow/example_dags/example_dynamic_task_mapping_with_no_taskflow_operators.py
[2023-09-01T10:29:13.840+0000] {logging_mixin.py:151} INFO - [2023-09-01T10:29:13.839+0000] {dag.py:2907} INFO - Sync 1 DAGs
[2023-09-01T10:29:13.865+0000] {logging_mixin.py:151} INFO - [2023-09-01T10:29:13.864+0000] {dag.py:3677} INFO - Setting next_dagrun for example_dynamic_task_mapping_with_no_taskflow_operators to 2023-08-31T10:29:13.864434+00:00, run_after=2023-09-01T10:29:13.864434+00:00
[2023-09-01T10:29:13.885+0000] {processor.py:179} INFO - Processing /home/airflow/.local/lib/python3.8/site-packages/airflow/example_dags/example_dynamic_task_mapping_with_no_taskflow_operators.py took 0.086 seconds
[2023-09-01T16:39:34.533+0000] {processor.py:157} INFO - Started process (PID=73432) to work on /home/airflow/.local/lib/python3.8/site-packages/airflow/example_dags/example_dynamic_task_mapping_with_no_taskflow_operators.py
[2023-09-01T16:39:34.534+0000] {processor.py:829} INFO - Processing file /home/airflow/.local/lib/python3.8/site-packages/airflow/example_dags/example_dynamic_task_mapping_with_no_taskflow_operators.py for tasks to queue
[2023-09-01T16:39:34.536+0000] {logging_mixin.py:151} INFO - [2023-09-01T16:39:34.535+0000] {dagbag.py:539} INFO - Filling up the DagBag from /home/airflow/.local/lib/python3.8/site-packages/airflow/example_dags/example_dynamic_task_mapping_with_no_taskflow_operators.py
[2023-09-01T16:39:34.544+0000] {processor.py:839} INFO - DAG(s) dict_keys(['example_dynamic_task_mapping_with_no_taskflow_operators']) retrieved from /home/airflow/.local/lib/python3.8/site-packages/airflow/example_dags/example_dynamic_task_mapping_with_no_taskflow_operators.py
[2023-09-01T16:39:34.574+0000] {logging_mixin.py:151} INFO - [2023-09-01T16:39:34.574+0000] {dag.py:2907} INFO - Sync 1 DAGs
[2023-09-01T16:39:34.604+0000] {logging_mixin.py:151} INFO - [2023-09-01T16:39:34.603+0000] {dag.py:3677} INFO - Setting next_dagrun for example_dynamic_task_mapping_with_no_taskflow_operators to 2023-08-31T16:39:34.603514+00:00, run_after=2023-09-01T16:39:34.603514+00:00
[2023-09-01T16:39:34.630+0000] {processor.py:179} INFO - Processing /home/airflow/.local/lib/python3.8/site-packages/airflow/example_dags/example_dynamic_task_mapping_with_no_taskflow_operators.py took 0.102 seconds
[2023-09-01T16:40:05.250+0000] {processor.py:157} INFO - Started process (PID=73487) to work on /home/airflow/.local/lib/python3.8/site-packages/airflow/example_dags/example_dynamic_task_mapping_with_no_taskflow_operators.py
[2023-09-01T16:40:05.251+0000] {processor.py:829} INFO - Processing file /home/airflow/.local/lib/python3.8/site-packages/airflow/example_dags/example_dynamic_task_mapping_with_no_taskflow_operators.py for tasks to queue
[2023-09-01T16:40:05.252+0000] {logging_mixin.py:151} INFO - [2023-09-01T16:40:05.252+0000] {dagbag.py:539} INFO - Filling up the DagBag from /home/airflow/.local/lib/python3.8/site-packages/airflow/example_dags/example_dynamic_task_mapping_with_no_taskflow_operators.py
[2023-09-01T16:40:05.260+0000] {processor.py:839} INFO - DAG(s) dict_keys(['example_dynamic_task_mapping_with_no_taskflow_operators']) retrieved from /home/airflow/.local/lib/python3.8/site-packages/airflow/example_dags/example_dynamic_task_mapping_with_no_taskflow_operators.py
[2023-09-01T16:40:05.285+0000] {logging_mixin.py:151} INFO - [2023-09-01T16:40:05.285+0000] {dag.py:2907} INFO - Sync 1 DAGs
[2023-09-01T16:40:05.310+0000] {logging_mixin.py:151} INFO - [2023-09-01T16:40:05.310+0000] {dag.py:3677} INFO - Setting next_dagrun for example_dynamic_task_mapping_with_no_taskflow_operators to 2023-08-31T16:40:05.309748+00:00, run_after=2023-09-01T16:40:05.309748+00:00
[2023-09-01T16:40:05.331+0000] {processor.py:179} INFO - Processing /home/airflow/.local/lib/python3.8/site-packages/airflow/example_dags/example_dynamic_task_mapping_with_no_taskflow_operators.py took 0.086 seconds
[2023-09-01T17:33:21.259+0000] {processor.py:157} INFO - Started process (PID=73568) to work on /home/airflow/.local/lib/python3.8/site-packages/airflow/example_dags/example_dynamic_task_mapping_with_no_taskflow_operators.py
[2023-09-01T17:33:21.261+0000] {processor.py:829} INFO - Processing file /home/airflow/.local/lib/python3.8/site-packages/airflow/example_dags/example_dynamic_task_mapping_with_no_taskflow_operators.py for tasks to queue
[2023-09-01T17:33:21.262+0000] {logging_mixin.py:151} INFO - [2023-09-01T17:33:21.262+0000] {dagbag.py:539} INFO - Filling up the DagBag from /home/airflow/.local/lib/python3.8/site-packages/airflow/example_dags/example_dynamic_task_mapping_with_no_taskflow_operators.py
[2023-09-01T17:33:21.270+0000] {processor.py:839} INFO - DAG(s) dict_keys(['example_dynamic_task_mapping_with_no_taskflow_operators']) retrieved from /home/airflow/.local/lib/python3.8/site-packages/airflow/example_dags/example_dynamic_task_mapping_with_no_taskflow_operators.py
[2023-09-01T17:33:21.296+0000] {logging_mixin.py:151} INFO - [2023-09-01T17:33:21.296+0000] {dag.py:2907} INFO - Sync 1 DAGs
[2023-09-01T17:33:21.321+0000] {logging_mixin.py:151} INFO - [2023-09-01T17:33:21.321+0000] {dag.py:3677} INFO - Setting next_dagrun for example_dynamic_task_mapping_with_no_taskflow_operators to 2023-08-31T17:33:21.320965+00:00, run_after=2023-09-01T17:33:21.320965+00:00
[2023-09-01T17:33:21.341+0000] {processor.py:179} INFO - Processing /home/airflow/.local/lib/python3.8/site-packages/airflow/example_dags/example_dynamic_task_mapping_with_no_taskflow_operators.py took 0.087 seconds
[2023-09-01T17:55:32.740+0000] {processor.py:157} INFO - Started process (PID=73623) to work on /home/airflow/.local/lib/python3.8/site-packages/airflow/example_dags/example_dynamic_task_mapping_with_no_taskflow_operators.py
[2023-09-01T17:55:32.741+0000] {processor.py:829} INFO - Processing file /home/airflow/.local/lib/python3.8/site-packages/airflow/example_dags/example_dynamic_task_mapping_with_no_taskflow_operators.py for tasks to queue
[2023-09-01T17:55:32.742+0000] {logging_mixin.py:151} INFO - [2023-09-01T17:55:32.742+0000] {dagbag.py:539} INFO - Filling up the DagBag from /home/airflow/.local/lib/python3.8/site-packages/airflow/example_dags/example_dynamic_task_mapping_with_no_taskflow_operators.py
[2023-09-01T17:55:32.750+0000] {processor.py:839} INFO - DAG(s) dict_keys(['example_dynamic_task_mapping_with_no_taskflow_operators']) retrieved from /home/airflow/.local/lib/python3.8/site-packages/airflow/example_dags/example_dynamic_task_mapping_with_no_taskflow_operators.py
[2023-09-01T17:55:32.776+0000] {logging_mixin.py:151} INFO - [2023-09-01T17:55:32.776+0000] {dag.py:2907} INFO - Sync 1 DAGs
[2023-09-01T17:55:32.801+0000] {logging_mixin.py:151} INFO - [2023-09-01T17:55:32.801+0000] {dag.py:3677} INFO - Setting next_dagrun for example_dynamic_task_mapping_with_no_taskflow_operators to 2023-08-31T17:55:32.801321+00:00, run_after=2023-09-01T17:55:32.801321+00:00
[2023-09-01T17:55:32.822+0000] {processor.py:179} INFO - Processing /home/airflow/.local/lib/python3.8/site-packages/airflow/example_dags/example_dynamic_task_mapping_with_no_taskflow_operators.py took 0.087 seconds
[2023-09-01T18:41:53.692+0000] {processor.py:157} INFO - Started process (PID=73678) to work on /home/airflow/.local/lib/python3.8/site-packages/airflow/example_dags/example_dynamic_task_mapping_with_no_taskflow_operators.py
[2023-09-01T18:41:53.694+0000] {processor.py:829} INFO - Processing file /home/airflow/.local/lib/python3.8/site-packages/airflow/example_dags/example_dynamic_task_mapping_with_no_taskflow_operators.py for tasks to queue
[2023-09-01T18:41:53.695+0000] {logging_mixin.py:151} INFO - [2023-09-01T18:41:53.695+0000] {dagbag.py:539} INFO - Filling up the DagBag from /home/airflow/.local/lib/python3.8/site-packages/airflow/example_dags/example_dynamic_task_mapping_with_no_taskflow_operators.py
[2023-09-01T18:41:53.703+0000] {processor.py:839} INFO - DAG(s) dict_keys(['example_dynamic_task_mapping_with_no_taskflow_operators']) retrieved from /home/airflow/.local/lib/python3.8/site-packages/airflow/example_dags/example_dynamic_task_mapping_with_no_taskflow_operators.py
[2023-09-01T18:41:53.729+0000] {logging_mixin.py:151} INFO - [2023-09-01T18:41:53.729+0000] {dag.py:2907} INFO - Sync 1 DAGs
[2023-09-01T18:41:53.754+0000] {logging_mixin.py:151} INFO - [2023-09-01T18:41:53.754+0000] {dag.py:3677} INFO - Setting next_dagrun for example_dynamic_task_mapping_with_no_taskflow_operators to 2023-08-31T18:41:53.753972+00:00, run_after=2023-09-01T18:41:53.753972+00:00
[2023-09-01T18:41:53.775+0000] {processor.py:179} INFO - Processing /home/airflow/.local/lib/python3.8/site-packages/airflow/example_dags/example_dynamic_task_mapping_with_no_taskflow_operators.py took 0.088 seconds
[2023-09-01T19:35:59.897+0000] {processor.py:157} INFO - Started process (PID=73733) to work on /home/airflow/.local/lib/python3.8/site-packages/airflow/example_dags/example_dynamic_task_mapping_with_no_taskflow_operators.py
[2023-09-01T19:35:59.899+0000] {processor.py:829} INFO - Processing file /home/airflow/.local/lib/python3.8/site-packages/airflow/example_dags/example_dynamic_task_mapping_with_no_taskflow_operators.py for tasks to queue
[2023-09-01T19:35:59.900+0000] {logging_mixin.py:151} INFO - [2023-09-01T19:35:59.900+0000] {dagbag.py:539} INFO - Filling up the DagBag from /home/airflow/.local/lib/python3.8/site-packages/airflow/example_dags/example_dynamic_task_mapping_with_no_taskflow_operators.py
[2023-09-01T19:35:59.909+0000] {processor.py:839} INFO - DAG(s) dict_keys(['example_dynamic_task_mapping_with_no_taskflow_operators']) retrieved from /home/airflow/.local/lib/python3.8/site-packages/airflow/example_dags/example_dynamic_task_mapping_with_no_taskflow_operators.py
[2023-09-01T19:35:59.935+0000] {logging_mixin.py:151} INFO - [2023-09-01T19:35:59.935+0000] {dag.py:2907} INFO - Sync 1 DAGs
[2023-09-01T19:35:59.960+0000] {logging_mixin.py:151} INFO - [2023-09-01T19:35:59.960+0000] {dag.py:3677} INFO - Setting next_dagrun for example_dynamic_task_mapping_with_no_taskflow_operators to 2023-08-31T19:35:59.960299+00:00, run_after=2023-09-01T19:35:59.960299+00:00
[2023-09-01T19:35:59.982+0000] {processor.py:179} INFO - Processing /home/airflow/.local/lib/python3.8/site-packages/airflow/example_dags/example_dynamic_task_mapping_with_no_taskflow_operators.py took 0.090 seconds
[2023-09-01T19:40:35.671+0000] {processor.py:157} INFO - Started process (PID=73788) to work on /home/airflow/.local/lib/python3.8/site-packages/airflow/example_dags/example_dynamic_task_mapping_with_no_taskflow_operators.py
[2023-09-01T19:40:35.672+0000] {processor.py:829} INFO - Processing file /home/airflow/.local/lib/python3.8/site-packages/airflow/example_dags/example_dynamic_task_mapping_with_no_taskflow_operators.py for tasks to queue
[2023-09-01T19:40:35.673+0000] {logging_mixin.py:151} INFO - [2023-09-01T19:40:35.673+0000] {dagbag.py:539} INFO - Filling up the DagBag from /home/airflow/.local/lib/python3.8/site-packages/airflow/example_dags/example_dynamic_task_mapping_with_no_taskflow_operators.py
[2023-09-01T19:40:35.681+0000] {processor.py:839} INFO - DAG(s) dict_keys(['example_dynamic_task_mapping_with_no_taskflow_operators']) retrieved from /home/airflow/.local/lib/python3.8/site-packages/airflow/example_dags/example_dynamic_task_mapping_with_no_taskflow_operators.py
[2023-09-01T19:40:35.707+0000] {logging_mixin.py:151} INFO - [2023-09-01T19:40:35.707+0000] {dag.py:2907} INFO - Sync 1 DAGs
[2023-09-01T19:40:35.732+0000] {logging_mixin.py:151} INFO - [2023-09-01T19:40:35.732+0000] {dag.py:3677} INFO - Setting next_dagrun for example_dynamic_task_mapping_with_no_taskflow_operators to 2023-08-31T19:40:35.731744+00:00, run_after=2023-09-01T19:40:35.731744+00:00
[2023-09-01T19:40:35.752+0000] {processor.py:179} INFO - Processing /home/airflow/.local/lib/python3.8/site-packages/airflow/example_dags/example_dynamic_task_mapping_with_no_taskflow_operators.py took 0.087 seconds
[2023-09-01T19:41:26.550+0000] {processor.py:157} INFO - Started process (PID=73843) to work on /home/airflow/.local/lib/python3.8/site-packages/airflow/example_dags/example_dynamic_task_mapping_with_no_taskflow_operators.py
[2023-09-01T19:41:26.552+0000] {processor.py:829} INFO - Processing file /home/airflow/.local/lib/python3.8/site-packages/airflow/example_dags/example_dynamic_task_mapping_with_no_taskflow_operators.py for tasks to queue
[2023-09-01T19:41:26.553+0000] {logging_mixin.py:151} INFO - [2023-09-01T19:41:26.553+0000] {dagbag.py:539} INFO - Filling up the DagBag from /home/airflow/.local/lib/python3.8/site-packages/airflow/example_dags/example_dynamic_task_mapping_with_no_taskflow_operators.py
[2023-09-01T19:41:26.562+0000] {processor.py:839} INFO - DAG(s) dict_keys(['example_dynamic_task_mapping_with_no_taskflow_operators']) retrieved from /home/airflow/.local/lib/python3.8/site-packages/airflow/example_dags/example_dynamic_task_mapping_with_no_taskflow_operators.py
[2023-09-01T19:41:26.595+0000] {logging_mixin.py:151} INFO - [2023-09-01T19:41:26.594+0000] {dag.py:2907} INFO - Sync 1 DAGs
[2023-09-01T19:41:26.621+0000] {logging_mixin.py:151} INFO - [2023-09-01T19:41:26.621+0000] {dag.py:3677} INFO - Setting next_dagrun for example_dynamic_task_mapping_with_no_taskflow_operators to 2023-08-31T19:41:26.620772+00:00, run_after=2023-09-01T19:41:26.620772+00:00
[2023-09-01T19:41:26.642+0000] {processor.py:179} INFO - Processing /home/airflow/.local/lib/python3.8/site-packages/airflow/example_dags/example_dynamic_task_mapping_with_no_taskflow_operators.py took 0.096 seconds
[2023-09-01T19:59:29.430+0000] {processor.py:157} INFO - Started process (PID=73898) to work on /home/airflow/.local/lib/python3.8/site-packages/airflow/example_dags/example_dynamic_task_mapping_with_no_taskflow_operators.py
[2023-09-01T19:59:29.432+0000] {processor.py:829} INFO - Processing file /home/airflow/.local/lib/python3.8/site-packages/airflow/example_dags/example_dynamic_task_mapping_with_no_taskflow_operators.py for tasks to queue
[2023-09-01T19:59:29.433+0000] {logging_mixin.py:151} INFO - [2023-09-01T19:59:29.433+0000] {dagbag.py:539} INFO - Filling up the DagBag from /home/airflow/.local/lib/python3.8/site-packages/airflow/example_dags/example_dynamic_task_mapping_with_no_taskflow_operators.py
[2023-09-01T19:59:29.441+0000] {processor.py:839} INFO - DAG(s) dict_keys(['example_dynamic_task_mapping_with_no_taskflow_operators']) retrieved from /home/airflow/.local/lib/python3.8/site-packages/airflow/example_dags/example_dynamic_task_mapping_with_no_taskflow_operators.py
[2023-09-01T19:59:29.467+0000] {logging_mixin.py:151} INFO - [2023-09-01T19:59:29.467+0000] {dag.py:2907} INFO - Sync 1 DAGs
[2023-09-01T19:59:29.492+0000] {logging_mixin.py:151} INFO - [2023-09-01T19:59:29.492+0000] {dag.py:3677} INFO - Setting next_dagrun for example_dynamic_task_mapping_with_no_taskflow_operators to 2023-08-31T19:59:29.491741+00:00, run_after=2023-09-01T19:59:29.491741+00:00
[2023-09-01T19:59:29.513+0000] {processor.py:179} INFO - Processing /home/airflow/.local/lib/python3.8/site-packages/airflow/example_dags/example_dynamic_task_mapping_with_no_taskflow_operators.py took 0.088 seconds
