[2023-09-01T02:15:43.261+0000] {processor.py:157} INFO - Started process (PID=73135) to work on /home/airflow/.local/lib/python3.8/site-packages/airflow/example_dags/example_sla_dag.py
[2023-09-01T02:15:43.262+0000] {processor.py:829} INFO - Processing file /home/airflow/.local/lib/python3.8/site-packages/airflow/example_dags/example_sla_dag.py for tasks to queue
[2023-09-01T02:15:43.264+0000] {logging_mixin.py:151} INFO - [2023-09-01T02:15:43.264+0000] {dagbag.py:539} INFO - Filling up the DagBag from /home/airflow/.local/lib/python3.8/site-packages/airflow/example_dags/example_sla_dag.py
[2023-09-01T02:15:43.278+0000] {processor.py:839} INFO - DAG(s) dict_keys(['example_sla_dag']) retrieved from /home/airflow/.local/lib/python3.8/site-packages/airflow/example_dags/example_sla_dag.py
[2023-09-01T02:15:43.332+0000] {logging_mixin.py:151} INFO - [2023-09-01T02:15:43.331+0000] {dag.py:2907} INFO - Sync 1 DAGs
[2023-09-01T02:15:43.364+0000] {logging_mixin.py:151} INFO - [2023-09-01T02:15:43.364+0000] {dag.py:3677} INFO - Setting next_dagrun for example_sla_dag to 2023-09-01T02:12:00+00:00, run_after=2023-09-01T02:14:00+00:00
[2023-09-01T02:15:43.391+0000] {processor.py:179} INFO - Processing /home/airflow/.local/lib/python3.8/site-packages/airflow/example_dags/example_sla_dag.py took 0.141 seconds
[2023-09-01T04:04:35.350+0000] {processor.py:157} INFO - Started process (PID=73180) to work on /home/airflow/.local/lib/python3.8/site-packages/airflow/example_dags/example_sla_dag.py
[2023-09-01T04:04:35.353+0000] {processor.py:829} INFO - Processing file /home/airflow/.local/lib/python3.8/site-packages/airflow/example_dags/example_sla_dag.py for tasks to queue
[2023-09-01T04:04:35.355+0000] {logging_mixin.py:151} INFO - [2023-09-01T04:04:35.355+0000] {dagbag.py:539} INFO - Filling up the DagBag from /home/airflow/.local/lib/python3.8/site-packages/airflow/example_dags/example_sla_dag.py
[2023-09-01T04:04:35.369+0000] {processor.py:839} INFO - DAG(s) dict_keys(['example_sla_dag']) retrieved from /home/airflow/.local/lib/python3.8/site-packages/airflow/example_dags/example_sla_dag.py
[2023-09-01T04:04:35.405+0000] {logging_mixin.py:151} INFO - [2023-09-01T04:04:35.405+0000] {dag.py:2907} INFO - Sync 1 DAGs
[2023-09-01T04:04:35.443+0000] {logging_mixin.py:151} INFO - [2023-09-01T04:04:35.442+0000] {dag.py:3677} INFO - Setting next_dagrun for example_sla_dag to 2023-09-01T04:02:00+00:00, run_after=2023-09-01T04:04:00+00:00
[2023-09-01T04:04:35.470+0000] {processor.py:179} INFO - Processing /home/airflow/.local/lib/python3.8/site-packages/airflow/example_dags/example_sla_dag.py took 0.127 seconds
[2023-09-01T04:05:06.400+0000] {processor.py:157} INFO - Started process (PID=73235) to work on /home/airflow/.local/lib/python3.8/site-packages/airflow/example_dags/example_sla_dag.py
[2023-09-01T04:05:06.406+0000] {processor.py:829} INFO - Processing file /home/airflow/.local/lib/python3.8/site-packages/airflow/example_dags/example_sla_dag.py for tasks to queue
[2023-09-01T04:05:06.412+0000] {logging_mixin.py:151} INFO - [2023-09-01T04:05:06.410+0000] {dagbag.py:539} INFO - Filling up the DagBag from /home/airflow/.local/lib/python3.8/site-packages/airflow/example_dags/example_sla_dag.py
[2023-09-01T04:05:06.460+0000] {processor.py:839} INFO - DAG(s) dict_keys(['example_sla_dag']) retrieved from /home/airflow/.local/lib/python3.8/site-packages/airflow/example_dags/example_sla_dag.py
[2023-09-01T04:05:06.565+0000] {logging_mixin.py:151} INFO - [2023-09-01T04:05:06.564+0000] {dag.py:2907} INFO - Sync 1 DAGs
[2023-09-01T04:05:06.695+0000] {logging_mixin.py:151} INFO - [2023-09-01T04:05:06.694+0000] {dag.py:3677} INFO - Setting next_dagrun for example_sla_dag to 2023-09-01T04:02:00+00:00, run_after=2023-09-01T04:04:00+00:00
[2023-09-01T04:05:06.796+0000] {processor.py:179} INFO - Processing /home/airflow/.local/lib/python3.8/site-packages/airflow/example_dags/example_sla_dag.py took 0.416 seconds
[2023-09-01T04:05:44.613+0000] {processor.py:157} INFO - Started process (PID=73290) to work on /home/airflow/.local/lib/python3.8/site-packages/airflow/example_dags/example_sla_dag.py
[2023-09-01T04:05:44.615+0000] {processor.py:829} INFO - Processing file /home/airflow/.local/lib/python3.8/site-packages/airflow/example_dags/example_sla_dag.py for tasks to queue
[2023-09-01T04:05:44.616+0000] {logging_mixin.py:151} INFO - [2023-09-01T04:05:44.616+0000] {dagbag.py:539} INFO - Filling up the DagBag from /home/airflow/.local/lib/python3.8/site-packages/airflow/example_dags/example_sla_dag.py
[2023-09-01T04:05:44.636+0000] {processor.py:839} INFO - DAG(s) dict_keys(['example_sla_dag']) retrieved from /home/airflow/.local/lib/python3.8/site-packages/airflow/example_dags/example_sla_dag.py
[2023-09-01T04:05:44.684+0000] {logging_mixin.py:151} INFO - [2023-09-01T04:05:44.684+0000] {dag.py:2907} INFO - Sync 1 DAGs
[2023-09-01T04:05:44.729+0000] {logging_mixin.py:151} INFO - [2023-09-01T04:05:44.729+0000] {dag.py:3677} INFO - Setting next_dagrun for example_sla_dag to 2023-09-01T04:02:00+00:00, run_after=2023-09-01T04:04:00+00:00
[2023-09-01T04:05:45.150+0000] {processor.py:179} INFO - Processing /home/airflow/.local/lib/python3.8/site-packages/airflow/example_dags/example_sla_dag.py took 0.541 seconds
[2023-09-01T10:29:09.607+0000] {processor.py:157} INFO - Started process (PID=73338) to work on /home/airflow/.local/lib/python3.8/site-packages/airflow/example_dags/example_sla_dag.py
[2023-09-01T10:29:09.608+0000] {processor.py:829} INFO - Processing file /home/airflow/.local/lib/python3.8/site-packages/airflow/example_dags/example_sla_dag.py for tasks to queue
[2023-09-01T10:29:09.610+0000] {logging_mixin.py:151} INFO - [2023-09-01T10:29:09.609+0000] {dagbag.py:539} INFO - Filling up the DagBag from /home/airflow/.local/lib/python3.8/site-packages/airflow/example_dags/example_sla_dag.py
[2023-09-01T10:29:09.623+0000] {processor.py:839} INFO - DAG(s) dict_keys(['example_sla_dag']) retrieved from /home/airflow/.local/lib/python3.8/site-packages/airflow/example_dags/example_sla_dag.py
[2023-09-01T10:29:09.648+0000] {logging_mixin.py:151} INFO - [2023-09-01T10:29:09.648+0000] {dag.py:2907} INFO - Sync 1 DAGs
[2023-09-01T10:29:09.677+0000] {logging_mixin.py:151} INFO - [2023-09-01T10:29:09.676+0000] {dag.py:3677} INFO - Setting next_dagrun for example_sla_dag to 2023-09-01T10:26:00+00:00, run_after=2023-09-01T10:28:00+00:00
[2023-09-01T10:29:09.698+0000] {processor.py:179} INFO - Processing /home/airflow/.local/lib/python3.8/site-packages/airflow/example_dags/example_sla_dag.py took 0.095 seconds
[2023-09-01T16:39:30.916+0000] {processor.py:157} INFO - Started process (PID=73394) to work on /home/airflow/.local/lib/python3.8/site-packages/airflow/example_dags/example_sla_dag.py
[2023-09-01T16:39:30.919+0000] {processor.py:829} INFO - Processing file /home/airflow/.local/lib/python3.8/site-packages/airflow/example_dags/example_sla_dag.py for tasks to queue
[2023-09-01T16:39:30.922+0000] {logging_mixin.py:151} INFO - [2023-09-01T16:39:30.921+0000] {dagbag.py:539} INFO - Filling up the DagBag from /home/airflow/.local/lib/python3.8/site-packages/airflow/example_dags/example_sla_dag.py
[2023-09-01T16:39:30.960+0000] {processor.py:839} INFO - DAG(s) dict_keys(['example_sla_dag']) retrieved from /home/airflow/.local/lib/python3.8/site-packages/airflow/example_dags/example_sla_dag.py
[2023-09-01T16:39:31.042+0000] {logging_mixin.py:151} INFO - [2023-09-01T16:39:31.041+0000] {dag.py:2907} INFO - Sync 1 DAGs
[2023-09-01T16:39:31.100+0000] {logging_mixin.py:151} INFO - [2023-09-01T16:39:31.100+0000] {dag.py:3677} INFO - Setting next_dagrun for example_sla_dag to 2023-09-01T16:36:00+00:00, run_after=2023-09-01T16:38:00+00:00
[2023-09-01T16:39:31.141+0000] {processor.py:179} INFO - Processing /home/airflow/.local/lib/python3.8/site-packages/airflow/example_dags/example_sla_dag.py took 0.230 seconds
[2023-09-01T16:40:01.418+0000] {processor.py:157} INFO - Started process (PID=73449) to work on /home/airflow/.local/lib/python3.8/site-packages/airflow/example_dags/example_sla_dag.py
[2023-09-01T16:40:01.419+0000] {processor.py:829} INFO - Processing file /home/airflow/.local/lib/python3.8/site-packages/airflow/example_dags/example_sla_dag.py for tasks to queue
[2023-09-01T16:40:01.421+0000] {logging_mixin.py:151} INFO - [2023-09-01T16:40:01.421+0000] {dagbag.py:539} INFO - Filling up the DagBag from /home/airflow/.local/lib/python3.8/site-packages/airflow/example_dags/example_sla_dag.py
[2023-09-01T16:40:01.434+0000] {processor.py:839} INFO - DAG(s) dict_keys(['example_sla_dag']) retrieved from /home/airflow/.local/lib/python3.8/site-packages/airflow/example_dags/example_sla_dag.py
[2023-09-01T16:40:01.459+0000] {logging_mixin.py:151} INFO - [2023-09-01T16:40:01.459+0000] {dag.py:2907} INFO - Sync 1 DAGs
[2023-09-01T16:40:01.638+0000] {logging_mixin.py:151} INFO - [2023-09-01T16:40:01.638+0000] {dag.py:3677} INFO - Setting next_dagrun for example_sla_dag to 2023-09-01T16:38:00+00:00, run_after=2023-09-01T16:40:00+00:00
[2023-09-01T16:40:01.662+0000] {processor.py:179} INFO - Processing /home/airflow/.local/lib/python3.8/site-packages/airflow/example_dags/example_sla_dag.py took 0.248 seconds
[2023-09-01T16:40:31.735+0000] {processor.py:157} INFO - Started process (PID=73504) to work on /home/airflow/.local/lib/python3.8/site-packages/airflow/example_dags/example_sla_dag.py
[2023-09-01T16:40:31.737+0000] {processor.py:829} INFO - Processing file /home/airflow/.local/lib/python3.8/site-packages/airflow/example_dags/example_sla_dag.py for tasks to queue
[2023-09-01T16:40:31.738+0000] {logging_mixin.py:151} INFO - [2023-09-01T16:40:31.738+0000] {dagbag.py:539} INFO - Filling up the DagBag from /home/airflow/.local/lib/python3.8/site-packages/airflow/example_dags/example_sla_dag.py
[2023-09-01T16:40:31.750+0000] {processor.py:839} INFO - DAG(s) dict_keys(['example_sla_dag']) retrieved from /home/airflow/.local/lib/python3.8/site-packages/airflow/example_dags/example_sla_dag.py
[2023-09-01T16:40:31.777+0000] {logging_mixin.py:151} INFO - [2023-09-01T16:40:31.777+0000] {dag.py:2907} INFO - Sync 1 DAGs
[2023-09-01T16:40:31.806+0000] {logging_mixin.py:151} INFO - [2023-09-01T16:40:31.805+0000] {dag.py:3677} INFO - Setting next_dagrun for example_sla_dag to 2023-09-01T16:38:00+00:00, run_after=2023-09-01T16:40:00+00:00
[2023-09-01T16:40:31.826+0000] {processor.py:179} INFO - Processing /home/airflow/.local/lib/python3.8/site-packages/airflow/example_dags/example_sla_dag.py took 0.096 seconds
[2023-09-01T17:33:15.995+0000] {processor.py:157} INFO - Started process (PID=73533) to work on /home/airflow/.local/lib/python3.8/site-packages/airflow/example_dags/example_sla_dag.py
[2023-09-01T17:33:15.997+0000] {processor.py:829} INFO - Processing file /home/airflow/.local/lib/python3.8/site-packages/airflow/example_dags/example_sla_dag.py for tasks to queue
[2023-09-01T17:33:15.999+0000] {logging_mixin.py:151} INFO - [2023-09-01T17:33:15.998+0000] {dagbag.py:539} INFO - Filling up the DagBag from /home/airflow/.local/lib/python3.8/site-packages/airflow/example_dags/example_sla_dag.py
[2023-09-01T17:33:16.015+0000] {processor.py:839} INFO - DAG(s) dict_keys(['example_sla_dag']) retrieved from /home/airflow/.local/lib/python3.8/site-packages/airflow/example_dags/example_sla_dag.py
[2023-09-01T17:33:16.048+0000] {logging_mixin.py:151} INFO - [2023-09-01T17:33:16.048+0000] {dag.py:2907} INFO - Sync 1 DAGs
[2023-09-01T17:33:16.283+0000] {logging_mixin.py:151} INFO - [2023-09-01T17:33:16.282+0000] {dag.py:3677} INFO - Setting next_dagrun for example_sla_dag to 2023-09-01T17:30:00+00:00, run_after=2023-09-01T17:32:00+00:00
[2023-09-01T17:33:16.311+0000] {processor.py:179} INFO - Processing /home/airflow/.local/lib/python3.8/site-packages/airflow/example_dags/example_sla_dag.py took 0.323 seconds
[2023-09-01T17:55:29.285+0000] {processor.py:157} INFO - Started process (PID=73585) to work on /home/airflow/.local/lib/python3.8/site-packages/airflow/example_dags/example_sla_dag.py
[2023-09-01T17:55:29.289+0000] {processor.py:829} INFO - Processing file /home/airflow/.local/lib/python3.8/site-packages/airflow/example_dags/example_sla_dag.py for tasks to queue
[2023-09-01T17:55:29.292+0000] {logging_mixin.py:151} INFO - [2023-09-01T17:55:29.291+0000] {dagbag.py:539} INFO - Filling up the DagBag from /home/airflow/.local/lib/python3.8/site-packages/airflow/example_dags/example_sla_dag.py
[2023-09-01T17:55:29.321+0000] {processor.py:839} INFO - DAG(s) dict_keys(['example_sla_dag']) retrieved from /home/airflow/.local/lib/python3.8/site-packages/airflow/example_dags/example_sla_dag.py
[2023-09-01T17:55:29.362+0000] {logging_mixin.py:151} INFO - [2023-09-01T17:55:29.362+0000] {dag.py:2907} INFO - Sync 1 DAGs
[2023-09-01T17:55:29.416+0000] {logging_mixin.py:151} INFO - [2023-09-01T17:55:29.416+0000] {dag.py:3677} INFO - Setting next_dagrun for example_sla_dag to 2023-09-01T17:52:00+00:00, run_after=2023-09-01T17:54:00+00:00
[2023-09-01T17:55:29.450+0000] {processor.py:179} INFO - Processing /home/airflow/.local/lib/python3.8/site-packages/airflow/example_dags/example_sla_dag.py took 0.175 seconds
[2023-09-01T18:41:50.383+0000] {processor.py:157} INFO - Started process (PID=73640) to work on /home/airflow/.local/lib/python3.8/site-packages/airflow/example_dags/example_sla_dag.py
[2023-09-01T18:41:50.385+0000] {processor.py:829} INFO - Processing file /home/airflow/.local/lib/python3.8/site-packages/airflow/example_dags/example_sla_dag.py for tasks to queue
[2023-09-01T18:41:50.387+0000] {logging_mixin.py:151} INFO - [2023-09-01T18:41:50.386+0000] {dagbag.py:539} INFO - Filling up the DagBag from /home/airflow/.local/lib/python3.8/site-packages/airflow/example_dags/example_sla_dag.py
[2023-09-01T18:41:50.398+0000] {processor.py:839} INFO - DAG(s) dict_keys(['example_sla_dag']) retrieved from /home/airflow/.local/lib/python3.8/site-packages/airflow/example_dags/example_sla_dag.py
[2023-09-01T18:41:50.425+0000] {logging_mixin.py:151} INFO - [2023-09-01T18:41:50.424+0000] {dag.py:2907} INFO - Sync 1 DAGs
[2023-09-01T18:41:50.458+0000] {logging_mixin.py:151} INFO - [2023-09-01T18:41:50.457+0000] {dag.py:3677} INFO - Setting next_dagrun for example_sla_dag to 2023-09-01T18:38:00+00:00, run_after=2023-09-01T18:40:00+00:00
[2023-09-01T18:41:50.493+0000] {processor.py:179} INFO - Processing /home/airflow/.local/lib/python3.8/site-packages/airflow/example_dags/example_sla_dag.py took 0.114 seconds
[2023-09-01T19:35:56.911+0000] {processor.py:157} INFO - Started process (PID=73695) to work on /home/airflow/.local/lib/python3.8/site-packages/airflow/example_dags/example_sla_dag.py
[2023-09-01T19:35:56.913+0000] {processor.py:829} INFO - Processing file /home/airflow/.local/lib/python3.8/site-packages/airflow/example_dags/example_sla_dag.py for tasks to queue
[2023-09-01T19:35:56.915+0000] {logging_mixin.py:151} INFO - [2023-09-01T19:35:56.915+0000] {dagbag.py:539} INFO - Filling up the DagBag from /home/airflow/.local/lib/python3.8/site-packages/airflow/example_dags/example_sla_dag.py
[2023-09-01T19:35:56.931+0000] {processor.py:839} INFO - DAG(s) dict_keys(['example_sla_dag']) retrieved from /home/airflow/.local/lib/python3.8/site-packages/airflow/example_dags/example_sla_dag.py
[2023-09-01T19:35:56.971+0000] {logging_mixin.py:151} INFO - [2023-09-01T19:35:56.971+0000] {dag.py:2907} INFO - Sync 1 DAGs
[2023-09-01T19:35:57.004+0000] {logging_mixin.py:151} INFO - [2023-09-01T19:35:57.003+0000] {dag.py:3677} INFO - Setting next_dagrun for example_sla_dag to 2023-09-01T19:32:00+00:00, run_after=2023-09-01T19:34:00+00:00
[2023-09-01T19:35:57.026+0000] {processor.py:179} INFO - Processing /home/airflow/.local/lib/python3.8/site-packages/airflow/example_dags/example_sla_dag.py took 0.120 seconds
[2023-09-01T19:40:32.503+0000] {processor.py:157} INFO - Started process (PID=73750) to work on /home/airflow/.local/lib/python3.8/site-packages/airflow/example_dags/example_sla_dag.py
[2023-09-01T19:40:32.505+0000] {processor.py:829} INFO - Processing file /home/airflow/.local/lib/python3.8/site-packages/airflow/example_dags/example_sla_dag.py for tasks to queue
[2023-09-01T19:40:32.506+0000] {logging_mixin.py:151} INFO - [2023-09-01T19:40:32.506+0000] {dagbag.py:539} INFO - Filling up the DagBag from /home/airflow/.local/lib/python3.8/site-packages/airflow/example_dags/example_sla_dag.py
[2023-09-01T19:40:32.521+0000] {processor.py:839} INFO - DAG(s) dict_keys(['example_sla_dag']) retrieved from /home/airflow/.local/lib/python3.8/site-packages/airflow/example_dags/example_sla_dag.py
[2023-09-01T19:40:32.578+0000] {logging_mixin.py:151} INFO - [2023-09-01T19:40:32.578+0000] {dag.py:2907} INFO - Sync 1 DAGs
[2023-09-01T19:40:32.640+0000] {logging_mixin.py:151} INFO - [2023-09-01T19:40:32.640+0000] {dag.py:3677} INFO - Setting next_dagrun for example_sla_dag to 2023-09-01T19:38:00+00:00, run_after=2023-09-01T19:40:00+00:00
[2023-09-01T19:40:32.675+0000] {processor.py:179} INFO - Processing /home/airflow/.local/lib/python3.8/site-packages/airflow/example_dags/example_sla_dag.py took 0.179 seconds
[2023-09-01T19:41:03.536+0000] {processor.py:157} INFO - Started process (PID=73805) to work on /home/airflow/.local/lib/python3.8/site-packages/airflow/example_dags/example_sla_dag.py
[2023-09-01T19:41:03.541+0000] {processor.py:829} INFO - Processing file /home/airflow/.local/lib/python3.8/site-packages/airflow/example_dags/example_sla_dag.py for tasks to queue
[2023-09-01T19:41:03.547+0000] {logging_mixin.py:151} INFO - [2023-09-01T19:41:03.545+0000] {dagbag.py:539} INFO - Filling up the DagBag from /home/airflow/.local/lib/python3.8/site-packages/airflow/example_dags/example_sla_dag.py
[2023-09-01T19:41:03.596+0000] {processor.py:839} INFO - DAG(s) dict_keys(['example_sla_dag']) retrieved from /home/airflow/.local/lib/python3.8/site-packages/airflow/example_dags/example_sla_dag.py
[2023-09-01T19:41:03.705+0000] {logging_mixin.py:151} INFO - [2023-09-01T19:41:03.705+0000] {dag.py:2907} INFO - Sync 1 DAGs
[2023-09-01T19:41:03.833+0000] {logging_mixin.py:151} INFO - [2023-09-01T19:41:03.832+0000] {dag.py:3677} INFO - Setting next_dagrun for example_sla_dag to 2023-09-01T19:38:00+00:00, run_after=2023-09-01T19:40:00+00:00
[2023-09-01T19:41:03.921+0000] {processor.py:179} INFO - Processing /home/airflow/.local/lib/python3.8/site-packages/airflow/example_dags/example_sla_dag.py took 0.407 seconds
[2023-09-01T19:59:26.127+0000] {processor.py:157} INFO - Started process (PID=73853) to work on /home/airflow/.local/lib/python3.8/site-packages/airflow/example_dags/example_sla_dag.py
[2023-09-01T19:59:26.129+0000] {processor.py:829} INFO - Processing file /home/airflow/.local/lib/python3.8/site-packages/airflow/example_dags/example_sla_dag.py for tasks to queue
[2023-09-01T19:59:26.130+0000] {logging_mixin.py:151} INFO - [2023-09-01T19:59:26.130+0000] {dagbag.py:539} INFO - Filling up the DagBag from /home/airflow/.local/lib/python3.8/site-packages/airflow/example_dags/example_sla_dag.py
[2023-09-01T19:59:26.142+0000] {processor.py:839} INFO - DAG(s) dict_keys(['example_sla_dag']) retrieved from /home/airflow/.local/lib/python3.8/site-packages/airflow/example_dags/example_sla_dag.py
[2023-09-01T19:59:26.167+0000] {logging_mixin.py:151} INFO - [2023-09-01T19:59:26.167+0000] {dag.py:2907} INFO - Sync 1 DAGs
[2023-09-01T19:59:26.196+0000] {logging_mixin.py:151} INFO - [2023-09-01T19:59:26.196+0000] {dag.py:3677} INFO - Setting next_dagrun for example_sla_dag to 2023-09-01T19:56:00+00:00, run_after=2023-09-01T19:58:00+00:00
[2023-09-01T19:59:26.217+0000] {processor.py:179} INFO - Processing /home/airflow/.local/lib/python3.8/site-packages/airflow/example_dags/example_sla_dag.py took 0.096 seconds
