[2023-09-01T02:15:45.748+0000] {processor.py:157} INFO - Started process (PID=73167) to work on /home/airflow/.local/lib/python3.8/site-packages/airflow/example_dags/example_datasets.py
[2023-09-01T02:15:45.749+0000] {processor.py:829} INFO - Processing file /home/airflow/.local/lib/python3.8/site-packages/airflow/example_dags/example_datasets.py for tasks to queue
[2023-09-01T02:15:45.750+0000] {logging_mixin.py:151} INFO - [2023-09-01T02:15:45.750+0000] {dagbag.py:539} INFO - Filling up the DagBag from /home/airflow/.local/lib/python3.8/site-packages/airflow/example_dags/example_datasets.py
[2023-09-01T02:15:45.761+0000] {processor.py:839} INFO - DAG(s) dict_keys(['dataset_consumes_unknown_never_scheduled', 'dataset_produces_2', 'dataset_consumes_1_never_scheduled', 'dataset_consumes_1', 'dataset_produces_1', 'dataset_consumes_1_and_2']) retrieved from /home/airflow/.local/lib/python3.8/site-packages/airflow/example_dags/example_datasets.py
[2023-09-01T02:15:45.806+0000] {logging_mixin.py:151} INFO - [2023-09-01T02:15:45.806+0000] {dag.py:2907} INFO - Sync 6 DAGs
[2023-09-01T02:15:45.830+0000] {logging_mixin.py:151} INFO - [2023-09-01T02:15:45.829+0000] {dag.py:3677} INFO - Setting next_dagrun for dataset_consumes_1 to None, run_after=None
[2023-09-01T02:15:45.833+0000] {logging_mixin.py:151} INFO - [2023-09-01T02:15:45.833+0000] {dag.py:3677} INFO - Setting next_dagrun for dataset_consumes_1_and_2 to None, run_after=None
[2023-09-01T02:15:45.834+0000] {logging_mixin.py:151} INFO - [2023-09-01T02:15:45.834+0000] {dag.py:3677} INFO - Setting next_dagrun for dataset_consumes_1_never_scheduled to None, run_after=None
[2023-09-01T02:15:45.836+0000] {logging_mixin.py:151} INFO - [2023-09-01T02:15:45.836+0000] {dag.py:3677} INFO - Setting next_dagrun for dataset_consumes_unknown_never_scheduled to None, run_after=None
[2023-09-01T02:15:45.839+0000] {logging_mixin.py:151} INFO - [2023-09-01T02:15:45.839+0000] {dag.py:3677} INFO - Setting next_dagrun for dataset_produces_1 to 2023-08-31T00:00:00+00:00, run_after=2023-09-01T00:00:00+00:00
[2023-09-01T02:15:45.840+0000] {logging_mixin.py:151} INFO - [2023-09-01T02:15:45.840+0000] {dag.py:3677} INFO - Setting next_dagrun for dataset_produces_2 to None, run_after=None
[2023-09-01T02:15:45.873+0000] {processor.py:179} INFO - Processing /home/airflow/.local/lib/python3.8/site-packages/airflow/example_dags/example_datasets.py took 0.129 seconds
[2023-09-01T04:04:38.543+0000] {processor.py:157} INFO - Started process (PID=73212) to work on /home/airflow/.local/lib/python3.8/site-packages/airflow/example_dags/example_datasets.py
[2023-09-01T04:04:38.544+0000] {processor.py:829} INFO - Processing file /home/airflow/.local/lib/python3.8/site-packages/airflow/example_dags/example_datasets.py for tasks to queue
[2023-09-01T04:04:38.545+0000] {logging_mixin.py:151} INFO - [2023-09-01T04:04:38.545+0000] {dagbag.py:539} INFO - Filling up the DagBag from /home/airflow/.local/lib/python3.8/site-packages/airflow/example_dags/example_datasets.py
[2023-09-01T04:04:38.558+0000] {processor.py:839} INFO - DAG(s) dict_keys(['dataset_produces_1', 'dataset_consumes_1_and_2', 'dataset_produces_2', 'dataset_consumes_1_never_scheduled', 'dataset_consumes_1', 'dataset_consumes_unknown_never_scheduled']) retrieved from /home/airflow/.local/lib/python3.8/site-packages/airflow/example_dags/example_datasets.py
[2023-09-01T04:04:38.603+0000] {logging_mixin.py:151} INFO - [2023-09-01T04:04:38.603+0000] {dag.py:2907} INFO - Sync 6 DAGs
[2023-09-01T04:04:38.630+0000] {logging_mixin.py:151} INFO - [2023-09-01T04:04:38.630+0000] {dag.py:3677} INFO - Setting next_dagrun for dataset_consumes_1 to None, run_after=None
[2023-09-01T04:04:38.634+0000] {logging_mixin.py:151} INFO - [2023-09-01T04:04:38.634+0000] {dag.py:3677} INFO - Setting next_dagrun for dataset_consumes_1_and_2 to None, run_after=None
[2023-09-01T04:04:38.636+0000] {logging_mixin.py:151} INFO - [2023-09-01T04:04:38.636+0000] {dag.py:3677} INFO - Setting next_dagrun for dataset_consumes_1_never_scheduled to None, run_after=None
[2023-09-01T04:04:38.638+0000] {logging_mixin.py:151} INFO - [2023-09-01T04:04:38.637+0000] {dag.py:3677} INFO - Setting next_dagrun for dataset_consumes_unknown_never_scheduled to None, run_after=None
[2023-09-01T04:04:38.642+0000] {logging_mixin.py:151} INFO - [2023-09-01T04:04:38.641+0000] {dag.py:3677} INFO - Setting next_dagrun for dataset_produces_1 to 2023-08-31T00:00:00+00:00, run_after=2023-09-01T00:00:00+00:00
[2023-09-01T04:04:38.643+0000] {logging_mixin.py:151} INFO - [2023-09-01T04:04:38.643+0000] {dag.py:3677} INFO - Setting next_dagrun for dataset_produces_2 to None, run_after=None
[2023-09-01T04:04:38.681+0000] {processor.py:179} INFO - Processing /home/airflow/.local/lib/python3.8/site-packages/airflow/example_dags/example_datasets.py took 0.142 seconds
[2023-09-01T04:05:17.211+0000] {processor.py:157} INFO - Started process (PID=73267) to work on /home/airflow/.local/lib/python3.8/site-packages/airflow/example_dags/example_datasets.py
[2023-09-01T04:05:17.217+0000] {processor.py:829} INFO - Processing file /home/airflow/.local/lib/python3.8/site-packages/airflow/example_dags/example_datasets.py for tasks to queue
[2023-09-01T04:05:17.222+0000] {logging_mixin.py:151} INFO - [2023-09-01T04:05:17.221+0000] {dagbag.py:539} INFO - Filling up the DagBag from /home/airflow/.local/lib/python3.8/site-packages/airflow/example_dags/example_datasets.py
[2023-09-01T04:05:17.282+0000] {processor.py:839} INFO - DAG(s) dict_keys(['dataset_produces_2', 'dataset_consumes_unknown_never_scheduled', 'dataset_consumes_1_never_scheduled', 'dataset_produces_1', 'dataset_consumes_1_and_2', 'dataset_consumes_1']) retrieved from /home/airflow/.local/lib/python3.8/site-packages/airflow/example_dags/example_datasets.py
[2023-09-01T04:05:17.497+0000] {logging_mixin.py:151} INFO - [2023-09-01T04:05:17.496+0000] {dag.py:2907} INFO - Sync 6 DAGs
[2023-09-01T04:05:17.623+0000] {logging_mixin.py:151} INFO - [2023-09-01T04:05:17.622+0000] {dag.py:3677} INFO - Setting next_dagrun for dataset_consumes_1 to None, run_after=None
[2023-09-01T04:05:17.643+0000] {logging_mixin.py:151} INFO - [2023-09-01T04:05:17.642+0000] {dag.py:3677} INFO - Setting next_dagrun for dataset_consumes_1_and_2 to None, run_after=None
[2023-09-01T04:05:17.652+0000] {logging_mixin.py:151} INFO - [2023-09-01T04:05:17.651+0000] {dag.py:3677} INFO - Setting next_dagrun for dataset_consumes_1_never_scheduled to None, run_after=None
[2023-09-01T04:05:17.661+0000] {logging_mixin.py:151} INFO - [2023-09-01T04:05:17.660+0000] {dag.py:3677} INFO - Setting next_dagrun for dataset_consumes_unknown_never_scheduled to None, run_after=None
[2023-09-01T04:05:17.679+0000] {logging_mixin.py:151} INFO - [2023-09-01T04:05:17.678+0000] {dag.py:3677} INFO - Setting next_dagrun for dataset_produces_1 to 2023-08-31T00:00:00+00:00, run_after=2023-09-01T00:00:00+00:00
[2023-09-01T04:05:17.688+0000] {logging_mixin.py:151} INFO - [2023-09-01T04:05:17.687+0000] {dag.py:3677} INFO - Setting next_dagrun for dataset_produces_2 to None, run_after=None
[2023-09-01T04:05:17.868+0000] {processor.py:179} INFO - Processing /home/airflow/.local/lib/python3.8/site-packages/airflow/example_dags/example_datasets.py took 0.679 seconds
[2023-09-01T04:05:48.051+0000] {processor.py:157} INFO - Started process (PID=73322) to work on /home/airflow/.local/lib/python3.8/site-packages/airflow/example_dags/example_datasets.py
[2023-09-01T04:05:48.052+0000] {processor.py:829} INFO - Processing file /home/airflow/.local/lib/python3.8/site-packages/airflow/example_dags/example_datasets.py for tasks to queue
[2023-09-01T04:05:48.054+0000] {logging_mixin.py:151} INFO - [2023-09-01T04:05:48.053+0000] {dagbag.py:539} INFO - Filling up the DagBag from /home/airflow/.local/lib/python3.8/site-packages/airflow/example_dags/example_datasets.py
[2023-09-01T04:05:48.066+0000] {processor.py:839} INFO - DAG(s) dict_keys(['dataset_consumes_unknown_never_scheduled', 'dataset_produces_2', 'dataset_produces_1', 'dataset_consumes_1_and_2', 'dataset_consumes_1', 'dataset_consumes_1_never_scheduled']) retrieved from /home/airflow/.local/lib/python3.8/site-packages/airflow/example_dags/example_datasets.py
[2023-09-01T04:05:48.119+0000] {logging_mixin.py:151} INFO - [2023-09-01T04:05:48.119+0000] {dag.py:2907} INFO - Sync 6 DAGs
[2023-09-01T04:05:48.155+0000] {logging_mixin.py:151} INFO - [2023-09-01T04:05:48.155+0000] {dag.py:3677} INFO - Setting next_dagrun for dataset_consumes_1 to None, run_after=None
[2023-09-01T04:05:48.160+0000] {logging_mixin.py:151} INFO - [2023-09-01T04:05:48.159+0000] {dag.py:3677} INFO - Setting next_dagrun for dataset_consumes_1_and_2 to None, run_after=None
[2023-09-01T04:05:48.162+0000] {logging_mixin.py:151} INFO - [2023-09-01T04:05:48.162+0000] {dag.py:3677} INFO - Setting next_dagrun for dataset_consumes_1_never_scheduled to None, run_after=None
[2023-09-01T04:05:48.164+0000] {logging_mixin.py:151} INFO - [2023-09-01T04:05:48.164+0000] {dag.py:3677} INFO - Setting next_dagrun for dataset_consumes_unknown_never_scheduled to None, run_after=None
[2023-09-01T04:05:48.168+0000] {logging_mixin.py:151} INFO - [2023-09-01T04:05:48.168+0000] {dag.py:3677} INFO - Setting next_dagrun for dataset_produces_1 to 2023-08-31T00:00:00+00:00, run_after=2023-09-01T00:00:00+00:00
[2023-09-01T04:05:48.170+0000] {logging_mixin.py:151} INFO - [2023-09-01T04:05:48.170+0000] {dag.py:3677} INFO - Setting next_dagrun for dataset_produces_2 to None, run_after=None
[2023-09-01T04:05:48.224+0000] {processor.py:179} INFO - Processing /home/airflow/.local/lib/python3.8/site-packages/airflow/example_dags/example_datasets.py took 0.178 seconds
[2023-09-01T10:29:12.995+0000] {processor.py:157} INFO - Started process (PID=73370) to work on /home/airflow/.local/lib/python3.8/site-packages/airflow/example_dags/example_datasets.py
[2023-09-01T10:29:12.997+0000] {processor.py:829} INFO - Processing file /home/airflow/.local/lib/python3.8/site-packages/airflow/example_dags/example_datasets.py for tasks to queue
[2023-09-01T10:29:12.998+0000] {logging_mixin.py:151} INFO - [2023-09-01T10:29:12.998+0000] {dagbag.py:539} INFO - Filling up the DagBag from /home/airflow/.local/lib/python3.8/site-packages/airflow/example_dags/example_datasets.py
[2023-09-01T10:29:13.011+0000] {processor.py:839} INFO - DAG(s) dict_keys(['dataset_consumes_1_and_2', 'dataset_produces_1', 'dataset_produces_2', 'dataset_consumes_1_never_scheduled', 'dataset_consumes_1', 'dataset_consumes_unknown_never_scheduled']) retrieved from /home/airflow/.local/lib/python3.8/site-packages/airflow/example_dags/example_datasets.py
[2023-09-01T10:29:13.063+0000] {logging_mixin.py:151} INFO - [2023-09-01T10:29:13.062+0000] {dag.py:2907} INFO - Sync 6 DAGs
[2023-09-01T10:29:13.093+0000] {logging_mixin.py:151} INFO - [2023-09-01T10:29:13.092+0000] {dag.py:3677} INFO - Setting next_dagrun for dataset_consumes_1 to None, run_after=None
[2023-09-01T10:29:13.097+0000] {logging_mixin.py:151} INFO - [2023-09-01T10:29:13.097+0000] {dag.py:3677} INFO - Setting next_dagrun for dataset_consumes_1_and_2 to None, run_after=None
[2023-09-01T10:29:13.099+0000] {logging_mixin.py:151} INFO - [2023-09-01T10:29:13.099+0000] {dag.py:3677} INFO - Setting next_dagrun for dataset_consumes_1_never_scheduled to None, run_after=None
[2023-09-01T10:29:13.101+0000] {logging_mixin.py:151} INFO - [2023-09-01T10:29:13.101+0000] {dag.py:3677} INFO - Setting next_dagrun for dataset_consumes_unknown_never_scheduled to None, run_after=None
[2023-09-01T10:29:13.105+0000] {logging_mixin.py:151} INFO - [2023-09-01T10:29:13.105+0000] {dag.py:3677} INFO - Setting next_dagrun for dataset_produces_1 to 2023-08-31T00:00:00+00:00, run_after=2023-09-01T00:00:00+00:00
[2023-09-01T10:29:13.107+0000] {logging_mixin.py:151} INFO - [2023-09-01T10:29:13.107+0000] {dag.py:3677} INFO - Setting next_dagrun for dataset_produces_2 to None, run_after=None
[2023-09-01T10:29:13.148+0000] {processor.py:179} INFO - Processing /home/airflow/.local/lib/python3.8/site-packages/airflow/example_dags/example_datasets.py took 0.157 seconds
[2023-09-01T16:39:33.732+0000] {processor.py:157} INFO - Started process (PID=73426) to work on /home/airflow/.local/lib/python3.8/site-packages/airflow/example_dags/example_datasets.py
[2023-09-01T16:39:33.734+0000] {processor.py:829} INFO - Processing file /home/airflow/.local/lib/python3.8/site-packages/airflow/example_dags/example_datasets.py for tasks to queue
[2023-09-01T16:39:33.735+0000] {logging_mixin.py:151} INFO - [2023-09-01T16:39:33.735+0000] {dagbag.py:539} INFO - Filling up the DagBag from /home/airflow/.local/lib/python3.8/site-packages/airflow/example_dags/example_datasets.py
[2023-09-01T16:39:33.747+0000] {processor.py:839} INFO - DAG(s) dict_keys(['dataset_consumes_unknown_never_scheduled', 'dataset_produces_1', 'dataset_consumes_1_and_2', 'dataset_produces_2', 'dataset_consumes_1_never_scheduled', 'dataset_consumes_1']) retrieved from /home/airflow/.local/lib/python3.8/site-packages/airflow/example_dags/example_datasets.py
[2023-09-01T16:39:33.796+0000] {logging_mixin.py:151} INFO - [2023-09-01T16:39:33.796+0000] {dag.py:2907} INFO - Sync 6 DAGs
[2023-09-01T16:39:33.823+0000] {logging_mixin.py:151} INFO - [2023-09-01T16:39:33.823+0000] {dag.py:3677} INFO - Setting next_dagrun for dataset_consumes_1 to None, run_after=None
[2023-09-01T16:39:33.828+0000] {logging_mixin.py:151} INFO - [2023-09-01T16:39:33.828+0000] {dag.py:3677} INFO - Setting next_dagrun for dataset_consumes_1_and_2 to None, run_after=None
[2023-09-01T16:39:33.830+0000] {logging_mixin.py:151} INFO - [2023-09-01T16:39:33.830+0000] {dag.py:3677} INFO - Setting next_dagrun for dataset_consumes_1_never_scheduled to None, run_after=None
[2023-09-01T16:39:33.832+0000] {logging_mixin.py:151} INFO - [2023-09-01T16:39:33.831+0000] {dag.py:3677} INFO - Setting next_dagrun for dataset_consumes_unknown_never_scheduled to None, run_after=None
[2023-09-01T16:39:33.835+0000] {logging_mixin.py:151} INFO - [2023-09-01T16:39:33.835+0000] {dag.py:3677} INFO - Setting next_dagrun for dataset_produces_1 to 2023-08-31T00:00:00+00:00, run_after=2023-09-01T00:00:00+00:00
[2023-09-01T16:39:33.837+0000] {logging_mixin.py:151} INFO - [2023-09-01T16:39:33.837+0000] {dag.py:3677} INFO - Setting next_dagrun for dataset_produces_2 to None, run_after=None
[2023-09-01T16:39:33.878+0000] {processor.py:179} INFO - Processing /home/airflow/.local/lib/python3.8/site-packages/airflow/example_dags/example_datasets.py took 0.151 seconds
[2023-09-01T16:40:04.754+0000] {processor.py:157} INFO - Started process (PID=73481) to work on /home/airflow/.local/lib/python3.8/site-packages/airflow/example_dags/example_datasets.py
[2023-09-01T16:40:04.756+0000] {processor.py:829} INFO - Processing file /home/airflow/.local/lib/python3.8/site-packages/airflow/example_dags/example_datasets.py for tasks to queue
[2023-09-01T16:40:04.757+0000] {logging_mixin.py:151} INFO - [2023-09-01T16:40:04.757+0000] {dagbag.py:539} INFO - Filling up the DagBag from /home/airflow/.local/lib/python3.8/site-packages/airflow/example_dags/example_datasets.py
[2023-09-01T16:40:04.769+0000] {processor.py:839} INFO - DAG(s) dict_keys(['dataset_consumes_1', 'dataset_consumes_1_never_scheduled', 'dataset_consumes_unknown_never_scheduled', 'dataset_produces_1', 'dataset_consumes_1_and_2', 'dataset_produces_2']) retrieved from /home/airflow/.local/lib/python3.8/site-packages/airflow/example_dags/example_datasets.py
[2023-09-01T16:40:04.816+0000] {logging_mixin.py:151} INFO - [2023-09-01T16:40:04.816+0000] {dag.py:2907} INFO - Sync 6 DAGs
[2023-09-01T16:40:04.843+0000] {logging_mixin.py:151} INFO - [2023-09-01T16:40:04.843+0000] {dag.py:3677} INFO - Setting next_dagrun for dataset_consumes_1 to None, run_after=None
[2023-09-01T16:40:04.846+0000] {logging_mixin.py:151} INFO - [2023-09-01T16:40:04.846+0000] {dag.py:3677} INFO - Setting next_dagrun for dataset_consumes_1_and_2 to None, run_after=None
[2023-09-01T16:40:04.848+0000] {logging_mixin.py:151} INFO - [2023-09-01T16:40:04.848+0000] {dag.py:3677} INFO - Setting next_dagrun for dataset_consumes_1_never_scheduled to None, run_after=None
[2023-09-01T16:40:04.850+0000] {logging_mixin.py:151} INFO - [2023-09-01T16:40:04.850+0000] {dag.py:3677} INFO - Setting next_dagrun for dataset_consumes_unknown_never_scheduled to None, run_after=None
[2023-09-01T16:40:04.854+0000] {logging_mixin.py:151} INFO - [2023-09-01T16:40:04.854+0000] {dag.py:3677} INFO - Setting next_dagrun for dataset_produces_1 to 2023-08-31T00:00:00+00:00, run_after=2023-09-01T00:00:00+00:00
[2023-09-01T16:40:04.856+0000] {logging_mixin.py:151} INFO - [2023-09-01T16:40:04.856+0000] {dag.py:3677} INFO - Setting next_dagrun for dataset_produces_2 to None, run_after=None
[2023-09-01T16:40:04.888+0000] {processor.py:179} INFO - Processing /home/airflow/.local/lib/python3.8/site-packages/airflow/example_dags/example_datasets.py took 0.138 seconds
[2023-09-01T17:33:20.682+0000] {processor.py:157} INFO - Started process (PID=73562) to work on /home/airflow/.local/lib/python3.8/site-packages/airflow/example_dags/example_datasets.py
[2023-09-01T17:33:20.683+0000] {processor.py:829} INFO - Processing file /home/airflow/.local/lib/python3.8/site-packages/airflow/example_dags/example_datasets.py for tasks to queue
[2023-09-01T17:33:20.684+0000] {logging_mixin.py:151} INFO - [2023-09-01T17:33:20.684+0000] {dagbag.py:539} INFO - Filling up the DagBag from /home/airflow/.local/lib/python3.8/site-packages/airflow/example_dags/example_datasets.py
[2023-09-01T17:33:20.697+0000] {processor.py:839} INFO - DAG(s) dict_keys(['dataset_consumes_1_never_scheduled', 'dataset_consumes_unknown_never_scheduled', 'dataset_produces_1', 'dataset_produces_2', 'dataset_consumes_1', 'dataset_consumes_1_and_2']) retrieved from /home/airflow/.local/lib/python3.8/site-packages/airflow/example_dags/example_datasets.py
[2023-09-01T17:33:20.742+0000] {logging_mixin.py:151} INFO - [2023-09-01T17:33:20.742+0000] {dag.py:2907} INFO - Sync 6 DAGs
[2023-09-01T17:33:20.768+0000] {logging_mixin.py:151} INFO - [2023-09-01T17:33:20.768+0000] {dag.py:3677} INFO - Setting next_dagrun for dataset_consumes_1 to None, run_after=None
[2023-09-01T17:33:20.773+0000] {logging_mixin.py:151} INFO - [2023-09-01T17:33:20.772+0000] {dag.py:3677} INFO - Setting next_dagrun for dataset_consumes_1_and_2 to None, run_after=None
[2023-09-01T17:33:20.774+0000] {logging_mixin.py:151} INFO - [2023-09-01T17:33:20.774+0000] {dag.py:3677} INFO - Setting next_dagrun for dataset_consumes_1_never_scheduled to None, run_after=None
[2023-09-01T17:33:20.776+0000] {logging_mixin.py:151} INFO - [2023-09-01T17:33:20.776+0000] {dag.py:3677} INFO - Setting next_dagrun for dataset_consumes_unknown_never_scheduled to None, run_after=None
[2023-09-01T17:33:20.780+0000] {logging_mixin.py:151} INFO - [2023-09-01T17:33:20.780+0000] {dag.py:3677} INFO - Setting next_dagrun for dataset_produces_1 to 2023-08-31T00:00:00+00:00, run_after=2023-09-01T00:00:00+00:00
[2023-09-01T17:33:20.782+0000] {logging_mixin.py:151} INFO - [2023-09-01T17:33:20.782+0000] {dag.py:3677} INFO - Setting next_dagrun for dataset_produces_2 to None, run_after=None
[2023-09-01T17:33:20.820+0000] {processor.py:179} INFO - Processing /home/airflow/.local/lib/python3.8/site-packages/airflow/example_dags/example_datasets.py took 0.143 seconds
[2023-09-01T17:55:32.130+0000] {processor.py:157} INFO - Started process (PID=73617) to work on /home/airflow/.local/lib/python3.8/site-packages/airflow/example_dags/example_datasets.py
[2023-09-01T17:55:32.131+0000] {processor.py:829} INFO - Processing file /home/airflow/.local/lib/python3.8/site-packages/airflow/example_dags/example_datasets.py for tasks to queue
[2023-09-01T17:55:32.133+0000] {logging_mixin.py:151} INFO - [2023-09-01T17:55:32.132+0000] {dagbag.py:539} INFO - Filling up the DagBag from /home/airflow/.local/lib/python3.8/site-packages/airflow/example_dags/example_datasets.py
[2023-09-01T17:55:32.145+0000] {processor.py:839} INFO - DAG(s) dict_keys(['dataset_produces_2', 'dataset_consumes_1', 'dataset_consumes_unknown_never_scheduled', 'dataset_produces_1', 'dataset_consumes_1_and_2', 'dataset_consumes_1_never_scheduled']) retrieved from /home/airflow/.local/lib/python3.8/site-packages/airflow/example_dags/example_datasets.py
[2023-09-01T17:55:32.189+0000] {logging_mixin.py:151} INFO - [2023-09-01T17:55:32.189+0000] {dag.py:2907} INFO - Sync 6 DAGs
[2023-09-01T17:55:32.217+0000] {logging_mixin.py:151} INFO - [2023-09-01T17:55:32.217+0000] {dag.py:3677} INFO - Setting next_dagrun for dataset_consumes_1 to None, run_after=None
[2023-09-01T17:55:32.222+0000] {logging_mixin.py:151} INFO - [2023-09-01T17:55:32.221+0000] {dag.py:3677} INFO - Setting next_dagrun for dataset_consumes_1_and_2 to None, run_after=None
[2023-09-01T17:55:32.224+0000] {logging_mixin.py:151} INFO - [2023-09-01T17:55:32.223+0000] {dag.py:3677} INFO - Setting next_dagrun for dataset_consumes_1_never_scheduled to None, run_after=None
[2023-09-01T17:55:32.226+0000] {logging_mixin.py:151} INFO - [2023-09-01T17:55:32.225+0000] {dag.py:3677} INFO - Setting next_dagrun for dataset_consumes_unknown_never_scheduled to None, run_after=None
[2023-09-01T17:55:32.229+0000] {logging_mixin.py:151} INFO - [2023-09-01T17:55:32.229+0000] {dag.py:3677} INFO - Setting next_dagrun for dataset_produces_1 to 2023-08-31T00:00:00+00:00, run_after=2023-09-01T00:00:00+00:00
[2023-09-01T17:55:32.231+0000] {logging_mixin.py:151} INFO - [2023-09-01T17:55:32.231+0000] {dag.py:3677} INFO - Setting next_dagrun for dataset_produces_2 to None, run_after=None
[2023-09-01T17:55:32.269+0000] {processor.py:179} INFO - Processing /home/airflow/.local/lib/python3.8/site-packages/airflow/example_dags/example_datasets.py took 0.144 seconds
[2023-09-01T18:41:53.125+0000] {processor.py:157} INFO - Started process (PID=73672) to work on /home/airflow/.local/lib/python3.8/site-packages/airflow/example_dags/example_datasets.py
[2023-09-01T18:41:53.126+0000] {processor.py:829} INFO - Processing file /home/airflow/.local/lib/python3.8/site-packages/airflow/example_dags/example_datasets.py for tasks to queue
[2023-09-01T18:41:53.127+0000] {logging_mixin.py:151} INFO - [2023-09-01T18:41:53.127+0000] {dagbag.py:539} INFO - Filling up the DagBag from /home/airflow/.local/lib/python3.8/site-packages/airflow/example_dags/example_datasets.py
[2023-09-01T18:41:53.140+0000] {processor.py:839} INFO - DAG(s) dict_keys(['dataset_produces_1', 'dataset_consumes_1_never_scheduled', 'dataset_consumes_1_and_2', 'dataset_consumes_1', 'dataset_consumes_unknown_never_scheduled', 'dataset_produces_2']) retrieved from /home/airflow/.local/lib/python3.8/site-packages/airflow/example_dags/example_datasets.py
[2023-09-01T18:41:53.185+0000] {logging_mixin.py:151} INFO - [2023-09-01T18:41:53.185+0000] {dag.py:2907} INFO - Sync 6 DAGs
[2023-09-01T18:41:53.211+0000] {logging_mixin.py:151} INFO - [2023-09-01T18:41:53.210+0000] {dag.py:3677} INFO - Setting next_dagrun for dataset_consumes_1 to None, run_after=None
[2023-09-01T18:41:53.215+0000] {logging_mixin.py:151} INFO - [2023-09-01T18:41:53.215+0000] {dag.py:3677} INFO - Setting next_dagrun for dataset_consumes_1_and_2 to None, run_after=None
[2023-09-01T18:41:53.217+0000] {logging_mixin.py:151} INFO - [2023-09-01T18:41:53.217+0000] {dag.py:3677} INFO - Setting next_dagrun for dataset_consumes_1_never_scheduled to None, run_after=None
[2023-09-01T18:41:53.219+0000] {logging_mixin.py:151} INFO - [2023-09-01T18:41:53.219+0000] {dag.py:3677} INFO - Setting next_dagrun for dataset_consumes_unknown_never_scheduled to None, run_after=None
[2023-09-01T18:41:53.223+0000] {logging_mixin.py:151} INFO - [2023-09-01T18:41:53.223+0000] {dag.py:3677} INFO - Setting next_dagrun for dataset_produces_1 to 2023-08-31T00:00:00+00:00, run_after=2023-09-01T00:00:00+00:00
[2023-09-01T18:41:53.225+0000] {logging_mixin.py:151} INFO - [2023-09-01T18:41:53.225+0000] {dag.py:3677} INFO - Setting next_dagrun for dataset_produces_2 to None, run_after=None
[2023-09-01T18:41:53.265+0000] {processor.py:179} INFO - Processing /home/airflow/.local/lib/python3.8/site-packages/airflow/example_dags/example_datasets.py took 0.145 seconds
[2023-09-01T19:35:59.328+0000] {processor.py:157} INFO - Started process (PID=73727) to work on /home/airflow/.local/lib/python3.8/site-packages/airflow/example_dags/example_datasets.py
[2023-09-01T19:35:59.329+0000] {processor.py:829} INFO - Processing file /home/airflow/.local/lib/python3.8/site-packages/airflow/example_dags/example_datasets.py for tasks to queue
[2023-09-01T19:35:59.331+0000] {logging_mixin.py:151} INFO - [2023-09-01T19:35:59.331+0000] {dagbag.py:539} INFO - Filling up the DagBag from /home/airflow/.local/lib/python3.8/site-packages/airflow/example_dags/example_datasets.py
[2023-09-01T19:35:59.343+0000] {processor.py:839} INFO - DAG(s) dict_keys(['dataset_consumes_1', 'dataset_consumes_1_never_scheduled', 'dataset_produces_1', 'dataset_consumes_unknown_never_scheduled', 'dataset_consumes_1_and_2', 'dataset_produces_2']) retrieved from /home/airflow/.local/lib/python3.8/site-packages/airflow/example_dags/example_datasets.py
[2023-09-01T19:35:59.387+0000] {logging_mixin.py:151} INFO - [2023-09-01T19:35:59.387+0000] {dag.py:2907} INFO - Sync 6 DAGs
[2023-09-01T19:35:59.410+0000] {logging_mixin.py:151} INFO - [2023-09-01T19:35:59.409+0000] {dag.py:3677} INFO - Setting next_dagrun for dataset_consumes_1 to None, run_after=None
[2023-09-01T19:35:59.413+0000] {logging_mixin.py:151} INFO - [2023-09-01T19:35:59.413+0000] {dag.py:3677} INFO - Setting next_dagrun for dataset_consumes_1_and_2 to None, run_after=None
[2023-09-01T19:35:59.415+0000] {logging_mixin.py:151} INFO - [2023-09-01T19:35:59.415+0000] {dag.py:3677} INFO - Setting next_dagrun for dataset_consumes_1_never_scheduled to None, run_after=None
[2023-09-01T19:35:59.416+0000] {logging_mixin.py:151} INFO - [2023-09-01T19:35:59.416+0000] {dag.py:3677} INFO - Setting next_dagrun for dataset_consumes_unknown_never_scheduled to None, run_after=None
[2023-09-01T19:35:59.420+0000] {logging_mixin.py:151} INFO - [2023-09-01T19:35:59.420+0000] {dag.py:3677} INFO - Setting next_dagrun for dataset_produces_1 to 2023-08-31T00:00:00+00:00, run_after=2023-09-01T00:00:00+00:00
[2023-09-01T19:35:59.422+0000] {logging_mixin.py:151} INFO - [2023-09-01T19:35:59.422+0000] {dag.py:3677} INFO - Setting next_dagrun for dataset_produces_2 to None, run_after=None
[2023-09-01T19:35:59.461+0000] {processor.py:179} INFO - Processing /home/airflow/.local/lib/python3.8/site-packages/airflow/example_dags/example_datasets.py took 0.137 seconds
[2023-09-01T19:40:35.043+0000] {processor.py:157} INFO - Started process (PID=73782) to work on /home/airflow/.local/lib/python3.8/site-packages/airflow/example_dags/example_datasets.py
[2023-09-01T19:40:35.045+0000] {processor.py:829} INFO - Processing file /home/airflow/.local/lib/python3.8/site-packages/airflow/example_dags/example_datasets.py for tasks to queue
[2023-09-01T19:40:35.046+0000] {logging_mixin.py:151} INFO - [2023-09-01T19:40:35.046+0000] {dagbag.py:539} INFO - Filling up the DagBag from /home/airflow/.local/lib/python3.8/site-packages/airflow/example_dags/example_datasets.py
[2023-09-01T19:40:35.058+0000] {processor.py:839} INFO - DAG(s) dict_keys(['dataset_consumes_1_never_scheduled', 'dataset_consumes_unknown_never_scheduled', 'dataset_consumes_1_and_2', 'dataset_produces_2', 'dataset_consumes_1', 'dataset_produces_1']) retrieved from /home/airflow/.local/lib/python3.8/site-packages/airflow/example_dags/example_datasets.py
[2023-09-01T19:40:35.104+0000] {logging_mixin.py:151} INFO - [2023-09-01T19:40:35.104+0000] {dag.py:2907} INFO - Sync 6 DAGs
[2023-09-01T19:40:35.131+0000] {logging_mixin.py:151} INFO - [2023-09-01T19:40:35.131+0000] {dag.py:3677} INFO - Setting next_dagrun for dataset_consumes_1 to None, run_after=None
[2023-09-01T19:40:35.135+0000] {logging_mixin.py:151} INFO - [2023-09-01T19:40:35.135+0000] {dag.py:3677} INFO - Setting next_dagrun for dataset_consumes_1_and_2 to None, run_after=None
[2023-09-01T19:40:35.137+0000] {logging_mixin.py:151} INFO - [2023-09-01T19:40:35.137+0000] {dag.py:3677} INFO - Setting next_dagrun for dataset_consumes_1_never_scheduled to None, run_after=None
[2023-09-01T19:40:35.139+0000] {logging_mixin.py:151} INFO - [2023-09-01T19:40:35.138+0000] {dag.py:3677} INFO - Setting next_dagrun for dataset_consumes_unknown_never_scheduled to None, run_after=None
[2023-09-01T19:40:35.142+0000] {logging_mixin.py:151} INFO - [2023-09-01T19:40:35.142+0000] {dag.py:3677} INFO - Setting next_dagrun for dataset_produces_1 to 2023-08-31T00:00:00+00:00, run_after=2023-09-01T00:00:00+00:00
[2023-09-01T19:40:35.144+0000] {logging_mixin.py:151} INFO - [2023-09-01T19:40:35.144+0000] {dag.py:3677} INFO - Setting next_dagrun for dataset_produces_2 to None, run_after=None
[2023-09-01T19:40:35.182+0000] {processor.py:179} INFO - Processing /home/airflow/.local/lib/python3.8/site-packages/airflow/example_dags/example_datasets.py took 0.143 seconds
[2023-09-01T19:41:25.249+0000] {processor.py:157} INFO - Started process (PID=73837) to work on /home/airflow/.local/lib/python3.8/site-packages/airflow/example_dags/example_datasets.py
[2023-09-01T19:41:25.251+0000] {processor.py:829} INFO - Processing file /home/airflow/.local/lib/python3.8/site-packages/airflow/example_dags/example_datasets.py for tasks to queue
[2023-09-01T19:41:25.253+0000] {logging_mixin.py:151} INFO - [2023-09-01T19:41:25.252+0000] {dagbag.py:539} INFO - Filling up the DagBag from /home/airflow/.local/lib/python3.8/site-packages/airflow/example_dags/example_datasets.py
[2023-09-01T19:41:25.331+0000] {processor.py:839} INFO - DAG(s) dict_keys(['dataset_consumes_1_and_2', 'dataset_produces_2', 'dataset_consumes_1_never_scheduled', 'dataset_consumes_1', 'dataset_produces_1', 'dataset_consumes_unknown_never_scheduled']) retrieved from /home/airflow/.local/lib/python3.8/site-packages/airflow/example_dags/example_datasets.py
[2023-09-01T19:41:25.445+0000] {logging_mixin.py:151} INFO - [2023-09-01T19:41:25.445+0000] {dag.py:2907} INFO - Sync 6 DAGs
[2023-09-01T19:41:25.490+0000] {logging_mixin.py:151} INFO - [2023-09-01T19:41:25.490+0000] {dag.py:3677} INFO - Setting next_dagrun for dataset_consumes_1 to None, run_after=None
[2023-09-01T19:41:25.501+0000] {logging_mixin.py:151} INFO - [2023-09-01T19:41:25.500+0000] {dag.py:3677} INFO - Setting next_dagrun for dataset_consumes_1_and_2 to None, run_after=None
[2023-09-01T19:41:25.503+0000] {logging_mixin.py:151} INFO - [2023-09-01T19:41:25.503+0000] {dag.py:3677} INFO - Setting next_dagrun for dataset_consumes_1_never_scheduled to None, run_after=None
[2023-09-01T19:41:25.505+0000] {logging_mixin.py:151} INFO - [2023-09-01T19:41:25.505+0000] {dag.py:3677} INFO - Setting next_dagrun for dataset_consumes_unknown_never_scheduled to None, run_after=None
[2023-09-01T19:41:25.512+0000] {logging_mixin.py:151} INFO - [2023-09-01T19:41:25.511+0000] {dag.py:3677} INFO - Setting next_dagrun for dataset_produces_1 to 2023-08-31T00:00:00+00:00, run_after=2023-09-01T00:00:00+00:00
[2023-09-01T19:41:25.514+0000] {logging_mixin.py:151} INFO - [2023-09-01T19:41:25.514+0000] {dag.py:3677} INFO - Setting next_dagrun for dataset_produces_2 to None, run_after=None
[2023-09-01T19:41:25.722+0000] {processor.py:179} INFO - Processing /home/airflow/.local/lib/python3.8/site-packages/airflow/example_dags/example_datasets.py took 0.479 seconds
[2023-09-01T19:59:28.831+0000] {processor.py:157} INFO - Started process (PID=73892) to work on /home/airflow/.local/lib/python3.8/site-packages/airflow/example_dags/example_datasets.py
[2023-09-01T19:59:28.832+0000] {processor.py:829} INFO - Processing file /home/airflow/.local/lib/python3.8/site-packages/airflow/example_dags/example_datasets.py for tasks to queue
[2023-09-01T19:59:28.834+0000] {logging_mixin.py:151} INFO - [2023-09-01T19:59:28.833+0000] {dagbag.py:539} INFO - Filling up the DagBag from /home/airflow/.local/lib/python3.8/site-packages/airflow/example_dags/example_datasets.py
[2023-09-01T19:59:28.847+0000] {processor.py:839} INFO - DAG(s) dict_keys(['dataset_consumes_unknown_never_scheduled', 'dataset_produces_1', 'dataset_consumes_1', 'dataset_consumes_1_and_2', 'dataset_produces_2', 'dataset_consumes_1_never_scheduled']) retrieved from /home/airflow/.local/lib/python3.8/site-packages/airflow/example_dags/example_datasets.py
[2023-09-01T19:59:28.892+0000] {logging_mixin.py:151} INFO - [2023-09-01T19:59:28.892+0000] {dag.py:2907} INFO - Sync 6 DAGs
[2023-09-01T19:59:28.919+0000] {logging_mixin.py:151} INFO - [2023-09-01T19:59:28.919+0000] {dag.py:3677} INFO - Setting next_dagrun for dataset_consumes_1 to None, run_after=None
[2023-09-01T19:59:28.924+0000] {logging_mixin.py:151} INFO - [2023-09-01T19:59:28.924+0000] {dag.py:3677} INFO - Setting next_dagrun for dataset_consumes_1_and_2 to None, run_after=None
[2023-09-01T19:59:28.926+0000] {logging_mixin.py:151} INFO - [2023-09-01T19:59:28.926+0000] {dag.py:3677} INFO - Setting next_dagrun for dataset_consumes_1_never_scheduled to None, run_after=None
[2023-09-01T19:59:28.928+0000] {logging_mixin.py:151} INFO - [2023-09-01T19:59:28.928+0000] {dag.py:3677} INFO - Setting next_dagrun for dataset_consumes_unknown_never_scheduled to None, run_after=None
[2023-09-01T19:59:28.932+0000] {logging_mixin.py:151} INFO - [2023-09-01T19:59:28.932+0000] {dag.py:3677} INFO - Setting next_dagrun for dataset_produces_1 to 2023-08-31T00:00:00+00:00, run_after=2023-09-01T00:00:00+00:00
[2023-09-01T19:59:28.934+0000] {logging_mixin.py:151} INFO - [2023-09-01T19:59:28.934+0000] {dag.py:3677} INFO - Setting next_dagrun for dataset_produces_2 to None, run_after=None
[2023-09-01T19:59:28.971+0000] {processor.py:179} INFO - Processing /home/airflow/.local/lib/python3.8/site-packages/airflow/example_dags/example_datasets.py took 0.145 seconds
