[2023-09-01T02:15:42.612+0000] {processor.py:157} INFO - Started process (PID=73126) to work on /home/airflow/.local/lib/python3.8/site-packages/airflow/example_dags/example_trigger_controller_dag.py
[2023-09-01T02:15:42.614+0000] {processor.py:829} INFO - Processing file /home/airflow/.local/lib/python3.8/site-packages/airflow/example_dags/example_trigger_controller_dag.py for tasks to queue
[2023-09-01T02:15:42.616+0000] {logging_mixin.py:151} INFO - [2023-09-01T02:15:42.615+0000] {dagbag.py:539} INFO - Filling up the DagBag from /home/airflow/.local/lib/python3.8/site-packages/airflow/example_dags/example_trigger_controller_dag.py
[2023-09-01T02:15:42.622+0000] {processor.py:839} INFO - DAG(s) dict_keys(['example_trigger_controller_dag']) retrieved from /home/airflow/.local/lib/python3.8/site-packages/airflow/example_dags/example_trigger_controller_dag.py
[2023-09-01T02:15:42.649+0000] {logging_mixin.py:151} INFO - [2023-09-01T02:15:42.649+0000] {dag.py:2907} INFO - Sync 1 DAGs
[2023-09-01T02:15:42.673+0000] {logging_mixin.py:151} INFO - [2023-09-01T02:15:42.673+0000] {dag.py:3677} INFO - Setting next_dagrun for example_trigger_controller_dag to 2021-01-01T00:00:00+00:00, run_after=2021-01-01T00:00:00+00:00
[2023-09-01T02:15:42.702+0000] {processor.py:179} INFO - Processing /home/airflow/.local/lib/python3.8/site-packages/airflow/example_dags/example_trigger_controller_dag.py took 0.095 seconds
[2023-09-01T04:04:39.411+0000] {processor.py:157} INFO - Started process (PID=73219) to work on /home/airflow/.local/lib/python3.8/site-packages/airflow/example_dags/example_trigger_controller_dag.py
[2023-09-01T04:04:39.412+0000] {processor.py:829} INFO - Processing file /home/airflow/.local/lib/python3.8/site-packages/airflow/example_dags/example_trigger_controller_dag.py for tasks to queue
[2023-09-01T04:04:39.413+0000] {logging_mixin.py:151} INFO - [2023-09-01T04:04:39.413+0000] {dagbag.py:539} INFO - Filling up the DagBag from /home/airflow/.local/lib/python3.8/site-packages/airflow/example_dags/example_trigger_controller_dag.py
[2023-09-01T04:04:39.419+0000] {processor.py:839} INFO - DAG(s) dict_keys(['example_trigger_controller_dag']) retrieved from /home/airflow/.local/lib/python3.8/site-packages/airflow/example_dags/example_trigger_controller_dag.py
[2023-09-01T04:04:39.445+0000] {logging_mixin.py:151} INFO - [2023-09-01T04:04:39.445+0000] {dag.py:2907} INFO - Sync 1 DAGs
[2023-09-01T04:04:39.470+0000] {logging_mixin.py:151} INFO - [2023-09-01T04:04:39.470+0000] {dag.py:3677} INFO - Setting next_dagrun for example_trigger_controller_dag to 2021-01-01T00:00:00+00:00, run_after=2021-01-01T00:00:00+00:00
[2023-09-01T04:04:39.492+0000] {processor.py:179} INFO - Processing /home/airflow/.local/lib/python3.8/site-packages/airflow/example_dags/example_trigger_controller_dag.py took 0.086 seconds
[2023-09-01T04:05:20.476+0000] {processor.py:157} INFO - Started process (PID=73274) to work on /home/airflow/.local/lib/python3.8/site-packages/airflow/example_dags/example_trigger_controller_dag.py
[2023-09-01T04:05:20.482+0000] {processor.py:829} INFO - Processing file /home/airflow/.local/lib/python3.8/site-packages/airflow/example_dags/example_trigger_controller_dag.py for tasks to queue
[2023-09-01T04:05:20.488+0000] {logging_mixin.py:151} INFO - [2023-09-01T04:05:20.487+0000] {dagbag.py:539} INFO - Filling up the DagBag from /home/airflow/.local/lib/python3.8/site-packages/airflow/example_dags/example_trigger_controller_dag.py
[2023-09-01T04:05:20.514+0000] {processor.py:839} INFO - DAG(s) dict_keys(['example_trigger_controller_dag']) retrieved from /home/airflow/.local/lib/python3.8/site-packages/airflow/example_dags/example_trigger_controller_dag.py
[2023-09-01T04:05:20.626+0000] {logging_mixin.py:151} INFO - [2023-09-01T04:05:20.625+0000] {dag.py:2907} INFO - Sync 1 DAGs
[2023-09-01T04:05:20.736+0000] {logging_mixin.py:151} INFO - [2023-09-01T04:05:20.735+0000] {dag.py:3677} INFO - Setting next_dagrun for example_trigger_controller_dag to 2021-01-01T00:00:00+00:00, run_after=2021-01-01T00:00:00+00:00
[2023-09-01T04:05:20.827+0000] {processor.py:179} INFO - Processing /home/airflow/.local/lib/python3.8/site-packages/airflow/example_dags/example_trigger_controller_dag.py took 0.372 seconds
[2023-09-01T04:05:51.593+0000] {processor.py:157} INFO - Started process (PID=73329) to work on /home/airflow/.local/lib/python3.8/site-packages/airflow/example_dags/example_trigger_controller_dag.py
[2023-09-01T04:05:51.595+0000] {processor.py:829} INFO - Processing file /home/airflow/.local/lib/python3.8/site-packages/airflow/example_dags/example_trigger_controller_dag.py for tasks to queue
[2023-09-01T04:05:51.597+0000] {logging_mixin.py:151} INFO - [2023-09-01T04:05:51.596+0000] {dagbag.py:539} INFO - Filling up the DagBag from /home/airflow/.local/lib/python3.8/site-packages/airflow/example_dags/example_trigger_controller_dag.py
[2023-09-01T04:05:51.603+0000] {processor.py:839} INFO - DAG(s) dict_keys(['example_trigger_controller_dag']) retrieved from /home/airflow/.local/lib/python3.8/site-packages/airflow/example_dags/example_trigger_controller_dag.py
[2023-09-01T04:05:51.628+0000] {logging_mixin.py:151} INFO - [2023-09-01T04:05:51.628+0000] {dag.py:2907} INFO - Sync 1 DAGs
[2023-09-01T04:05:51.653+0000] {logging_mixin.py:151} INFO - [2023-09-01T04:05:51.652+0000] {dag.py:3677} INFO - Setting next_dagrun for example_trigger_controller_dag to 2021-01-01T00:00:00+00:00, run_after=2021-01-01T00:00:00+00:00
[2023-09-01T04:05:51.675+0000] {processor.py:179} INFO - Processing /home/airflow/.local/lib/python3.8/site-packages/airflow/example_dags/example_trigger_controller_dag.py took 0.086 seconds
[2023-09-01T10:29:13.907+0000] {processor.py:157} INFO - Started process (PID=73377) to work on /home/airflow/.local/lib/python3.8/site-packages/airflow/example_dags/example_trigger_controller_dag.py
[2023-09-01T10:29:13.908+0000] {processor.py:829} INFO - Processing file /home/airflow/.local/lib/python3.8/site-packages/airflow/example_dags/example_trigger_controller_dag.py for tasks to queue
[2023-09-01T10:29:13.910+0000] {logging_mixin.py:151} INFO - [2023-09-01T10:29:13.909+0000] {dagbag.py:539} INFO - Filling up the DagBag from /home/airflow/.local/lib/python3.8/site-packages/airflow/example_dags/example_trigger_controller_dag.py
[2023-09-01T10:29:13.915+0000] {processor.py:839} INFO - DAG(s) dict_keys(['example_trigger_controller_dag']) retrieved from /home/airflow/.local/lib/python3.8/site-packages/airflow/example_dags/example_trigger_controller_dag.py
[2023-09-01T10:29:13.942+0000] {logging_mixin.py:151} INFO - [2023-09-01T10:29:13.941+0000] {dag.py:2907} INFO - Sync 1 DAGs
[2023-09-01T10:29:13.966+0000] {logging_mixin.py:151} INFO - [2023-09-01T10:29:13.966+0000] {dag.py:3677} INFO - Setting next_dagrun for example_trigger_controller_dag to 2021-01-01T00:00:00+00:00, run_after=2021-01-01T00:00:00+00:00
[2023-09-01T10:29:13.986+0000] {processor.py:179} INFO - Processing /home/airflow/.local/lib/python3.8/site-packages/airflow/example_dags/example_trigger_controller_dag.py took 0.084 seconds
[2023-09-01T16:39:34.661+0000] {processor.py:157} INFO - Started process (PID=73433) to work on /home/airflow/.local/lib/python3.8/site-packages/airflow/example_dags/example_trigger_controller_dag.py
[2023-09-01T16:39:34.663+0000] {processor.py:829} INFO - Processing file /home/airflow/.local/lib/python3.8/site-packages/airflow/example_dags/example_trigger_controller_dag.py for tasks to queue
[2023-09-01T16:39:34.665+0000] {logging_mixin.py:151} INFO - [2023-09-01T16:39:34.665+0000] {dagbag.py:539} INFO - Filling up the DagBag from /home/airflow/.local/lib/python3.8/site-packages/airflow/example_dags/example_trigger_controller_dag.py
[2023-09-01T16:39:34.672+0000] {processor.py:839} INFO - DAG(s) dict_keys(['example_trigger_controller_dag']) retrieved from /home/airflow/.local/lib/python3.8/site-packages/airflow/example_dags/example_trigger_controller_dag.py
[2023-09-01T16:39:34.702+0000] {logging_mixin.py:151} INFO - [2023-09-01T16:39:34.702+0000] {dag.py:2907} INFO - Sync 1 DAGs
[2023-09-01T16:39:34.733+0000] {logging_mixin.py:151} INFO - [2023-09-01T16:39:34.733+0000] {dag.py:3677} INFO - Setting next_dagrun for example_trigger_controller_dag to 2021-01-01T00:00:00+00:00, run_after=2021-01-01T00:00:00+00:00
[2023-09-01T16:39:34.758+0000] {processor.py:179} INFO - Processing /home/airflow/.local/lib/python3.8/site-packages/airflow/example_dags/example_trigger_controller_dag.py took 0.104 seconds
[2023-09-01T16:40:05.361+0000] {processor.py:157} INFO - Started process (PID=73488) to work on /home/airflow/.local/lib/python3.8/site-packages/airflow/example_dags/example_trigger_controller_dag.py
[2023-09-01T16:40:05.362+0000] {processor.py:829} INFO - Processing file /home/airflow/.local/lib/python3.8/site-packages/airflow/example_dags/example_trigger_controller_dag.py for tasks to queue
[2023-09-01T16:40:05.364+0000] {logging_mixin.py:151} INFO - [2023-09-01T16:40:05.363+0000] {dagbag.py:539} INFO - Filling up the DagBag from /home/airflow/.local/lib/python3.8/site-packages/airflow/example_dags/example_trigger_controller_dag.py
[2023-09-01T16:40:05.370+0000] {processor.py:839} INFO - DAG(s) dict_keys(['example_trigger_controller_dag']) retrieved from /home/airflow/.local/lib/python3.8/site-packages/airflow/example_dags/example_trigger_controller_dag.py
[2023-09-01T16:40:05.399+0000] {logging_mixin.py:151} INFO - [2023-09-01T16:40:05.399+0000] {dag.py:2907} INFO - Sync 1 DAGs
[2023-09-01T16:40:05.427+0000] {logging_mixin.py:151} INFO - [2023-09-01T16:40:05.427+0000] {dag.py:3677} INFO - Setting next_dagrun for example_trigger_controller_dag to 2021-01-01T00:00:00+00:00, run_after=2021-01-01T00:00:00+00:00
[2023-09-01T16:40:05.451+0000] {processor.py:179} INFO - Processing /home/airflow/.local/lib/python3.8/site-packages/airflow/example_dags/example_trigger_controller_dag.py took 0.095 seconds
[2023-09-01T17:33:21.369+0000] {processor.py:157} INFO - Started process (PID=73569) to work on /home/airflow/.local/lib/python3.8/site-packages/airflow/example_dags/example_trigger_controller_dag.py
[2023-09-01T17:33:21.370+0000] {processor.py:829} INFO - Processing file /home/airflow/.local/lib/python3.8/site-packages/airflow/example_dags/example_trigger_controller_dag.py for tasks to queue
[2023-09-01T17:33:21.371+0000] {logging_mixin.py:151} INFO - [2023-09-01T17:33:21.371+0000] {dagbag.py:539} INFO - Filling up the DagBag from /home/airflow/.local/lib/python3.8/site-packages/airflow/example_dags/example_trigger_controller_dag.py
[2023-09-01T17:33:21.377+0000] {processor.py:839} INFO - DAG(s) dict_keys(['example_trigger_controller_dag']) retrieved from /home/airflow/.local/lib/python3.8/site-packages/airflow/example_dags/example_trigger_controller_dag.py
[2023-09-01T17:33:21.404+0000] {logging_mixin.py:151} INFO - [2023-09-01T17:33:21.404+0000] {dag.py:2907} INFO - Sync 1 DAGs
[2023-09-01T17:33:21.427+0000] {logging_mixin.py:151} INFO - [2023-09-01T17:33:21.427+0000] {dag.py:3677} INFO - Setting next_dagrun for example_trigger_controller_dag to 2021-01-01T00:00:00+00:00, run_after=2021-01-01T00:00:00+00:00
[2023-09-01T17:33:21.449+0000] {processor.py:179} INFO - Processing /home/airflow/.local/lib/python3.8/site-packages/airflow/example_dags/example_trigger_controller_dag.py took 0.085 seconds
[2023-09-01T17:55:32.850+0000] {processor.py:157} INFO - Started process (PID=73624) to work on /home/airflow/.local/lib/python3.8/site-packages/airflow/example_dags/example_trigger_controller_dag.py
[2023-09-01T17:55:32.852+0000] {processor.py:829} INFO - Processing file /home/airflow/.local/lib/python3.8/site-packages/airflow/example_dags/example_trigger_controller_dag.py for tasks to queue
[2023-09-01T17:55:32.853+0000] {logging_mixin.py:151} INFO - [2023-09-01T17:55:32.853+0000] {dagbag.py:539} INFO - Filling up the DagBag from /home/airflow/.local/lib/python3.8/site-packages/airflow/example_dags/example_trigger_controller_dag.py
[2023-09-01T17:55:32.859+0000] {processor.py:839} INFO - DAG(s) dict_keys(['example_trigger_controller_dag']) retrieved from /home/airflow/.local/lib/python3.8/site-packages/airflow/example_dags/example_trigger_controller_dag.py
[2023-09-01T17:55:32.885+0000] {logging_mixin.py:151} INFO - [2023-09-01T17:55:32.885+0000] {dag.py:2907} INFO - Sync 1 DAGs
[2023-09-01T17:55:32.909+0000] {logging_mixin.py:151} INFO - [2023-09-01T17:55:32.909+0000] {dag.py:3677} INFO - Setting next_dagrun for example_trigger_controller_dag to 2021-01-01T00:00:00+00:00, run_after=2021-01-01T00:00:00+00:00
[2023-09-01T17:55:32.930+0000] {processor.py:179} INFO - Processing /home/airflow/.local/lib/python3.8/site-packages/airflow/example_dags/example_trigger_controller_dag.py took 0.085 seconds
[2023-09-01T18:41:53.803+0000] {processor.py:157} INFO - Started process (PID=73679) to work on /home/airflow/.local/lib/python3.8/site-packages/airflow/example_dags/example_trigger_controller_dag.py
[2023-09-01T18:41:53.805+0000] {processor.py:829} INFO - Processing file /home/airflow/.local/lib/python3.8/site-packages/airflow/example_dags/example_trigger_controller_dag.py for tasks to queue
[2023-09-01T18:41:53.806+0000] {logging_mixin.py:151} INFO - [2023-09-01T18:41:53.805+0000] {dagbag.py:539} INFO - Filling up the DagBag from /home/airflow/.local/lib/python3.8/site-packages/airflow/example_dags/example_trigger_controller_dag.py
[2023-09-01T18:41:53.812+0000] {processor.py:839} INFO - DAG(s) dict_keys(['example_trigger_controller_dag']) retrieved from /home/airflow/.local/lib/python3.8/site-packages/airflow/example_dags/example_trigger_controller_dag.py
[2023-09-01T18:41:53.841+0000] {logging_mixin.py:151} INFO - [2023-09-01T18:41:53.841+0000] {dag.py:2907} INFO - Sync 1 DAGs
[2023-09-01T18:41:53.865+0000] {logging_mixin.py:151} INFO - [2023-09-01T18:41:53.865+0000] {dag.py:3677} INFO - Setting next_dagrun for example_trigger_controller_dag to 2021-01-01T00:00:00+00:00, run_after=2021-01-01T00:00:00+00:00
[2023-09-01T18:41:53.887+0000] {processor.py:179} INFO - Processing /home/airflow/.local/lib/python3.8/site-packages/airflow/example_dags/example_trigger_controller_dag.py took 0.088 seconds
[2023-09-01T19:36:00.011+0000] {processor.py:157} INFO - Started process (PID=73734) to work on /home/airflow/.local/lib/python3.8/site-packages/airflow/example_dags/example_trigger_controller_dag.py
[2023-09-01T19:36:00.012+0000] {processor.py:829} INFO - Processing file /home/airflow/.local/lib/python3.8/site-packages/airflow/example_dags/example_trigger_controller_dag.py for tasks to queue
[2023-09-01T19:36:00.014+0000] {logging_mixin.py:151} INFO - [2023-09-01T19:36:00.013+0000] {dagbag.py:539} INFO - Filling up the DagBag from /home/airflow/.local/lib/python3.8/site-packages/airflow/example_dags/example_trigger_controller_dag.py
[2023-09-01T19:36:00.019+0000] {processor.py:839} INFO - DAG(s) dict_keys(['example_trigger_controller_dag']) retrieved from /home/airflow/.local/lib/python3.8/site-packages/airflow/example_dags/example_trigger_controller_dag.py
[2023-09-01T19:36:00.045+0000] {logging_mixin.py:151} INFO - [2023-09-01T19:36:00.045+0000] {dag.py:2907} INFO - Sync 1 DAGs
[2023-09-01T19:36:00.071+0000] {logging_mixin.py:151} INFO - [2023-09-01T19:36:00.071+0000] {dag.py:3677} INFO - Setting next_dagrun for example_trigger_controller_dag to 2021-01-01T00:00:00+00:00, run_after=2021-01-01T00:00:00+00:00
[2023-09-01T19:36:00.093+0000] {processor.py:179} INFO - Processing /home/airflow/.local/lib/python3.8/site-packages/airflow/example_dags/example_trigger_controller_dag.py took 0.086 seconds
[2023-09-01T19:40:35.781+0000] {processor.py:157} INFO - Started process (PID=73789) to work on /home/airflow/.local/lib/python3.8/site-packages/airflow/example_dags/example_trigger_controller_dag.py
[2023-09-01T19:40:35.782+0000] {processor.py:829} INFO - Processing file /home/airflow/.local/lib/python3.8/site-packages/airflow/example_dags/example_trigger_controller_dag.py for tasks to queue
[2023-09-01T19:40:35.783+0000] {logging_mixin.py:151} INFO - [2023-09-01T19:40:35.783+0000] {dagbag.py:539} INFO - Filling up the DagBag from /home/airflow/.local/lib/python3.8/site-packages/airflow/example_dags/example_trigger_controller_dag.py
[2023-09-01T19:40:35.789+0000] {processor.py:839} INFO - DAG(s) dict_keys(['example_trigger_controller_dag']) retrieved from /home/airflow/.local/lib/python3.8/site-packages/airflow/example_dags/example_trigger_controller_dag.py
[2023-09-01T19:40:35.815+0000] {logging_mixin.py:151} INFO - [2023-09-01T19:40:35.815+0000] {dag.py:2907} INFO - Sync 1 DAGs
[2023-09-01T19:40:35.839+0000] {logging_mixin.py:151} INFO - [2023-09-01T19:40:35.839+0000] {dag.py:3677} INFO - Setting next_dagrun for example_trigger_controller_dag to 2021-01-01T00:00:00+00:00, run_after=2021-01-01T00:00:00+00:00
[2023-09-01T19:40:35.861+0000] {processor.py:179} INFO - Processing /home/airflow/.local/lib/python3.8/site-packages/airflow/example_dags/example_trigger_controller_dag.py took 0.085 seconds
[2023-09-01T19:41:26.583+0000] {processor.py:157} INFO - Started process (PID=73844) to work on /home/airflow/.local/lib/python3.8/site-packages/airflow/example_dags/example_trigger_controller_dag.py
[2023-09-01T19:41:26.586+0000] {processor.py:829} INFO - Processing file /home/airflow/.local/lib/python3.8/site-packages/airflow/example_dags/example_trigger_controller_dag.py for tasks to queue
[2023-09-01T19:41:26.589+0000] {logging_mixin.py:151} INFO - [2023-09-01T19:41:26.588+0000] {dagbag.py:539} INFO - Filling up the DagBag from /home/airflow/.local/lib/python3.8/site-packages/airflow/example_dags/example_trigger_controller_dag.py
[2023-09-01T19:41:26.597+0000] {processor.py:839} INFO - DAG(s) dict_keys(['example_trigger_controller_dag']) retrieved from /home/airflow/.local/lib/python3.8/site-packages/airflow/example_dags/example_trigger_controller_dag.py
[2023-09-01T19:41:26.625+0000] {logging_mixin.py:151} INFO - [2023-09-01T19:41:26.625+0000] {dag.py:2907} INFO - Sync 1 DAGs
[2023-09-01T19:41:26.650+0000] {logging_mixin.py:151} INFO - [2023-09-01T19:41:26.650+0000] {dag.py:3677} INFO - Setting next_dagrun for example_trigger_controller_dag to 2021-01-01T00:00:00+00:00, run_after=2021-01-01T00:00:00+00:00
[2023-09-01T19:41:26.674+0000] {processor.py:179} INFO - Processing /home/airflow/.local/lib/python3.8/site-packages/airflow/example_dags/example_trigger_controller_dag.py took 0.096 seconds
[2023-09-01T19:59:29.543+0000] {processor.py:157} INFO - Started process (PID=73899) to work on /home/airflow/.local/lib/python3.8/site-packages/airflow/example_dags/example_trigger_controller_dag.py
[2023-09-01T19:59:29.544+0000] {processor.py:829} INFO - Processing file /home/airflow/.local/lib/python3.8/site-packages/airflow/example_dags/example_trigger_controller_dag.py for tasks to queue
[2023-09-01T19:59:29.545+0000] {logging_mixin.py:151} INFO - [2023-09-01T19:59:29.545+0000] {dagbag.py:539} INFO - Filling up the DagBag from /home/airflow/.local/lib/python3.8/site-packages/airflow/example_dags/example_trigger_controller_dag.py
[2023-09-01T19:59:29.552+0000] {processor.py:839} INFO - DAG(s) dict_keys(['example_trigger_controller_dag']) retrieved from /home/airflow/.local/lib/python3.8/site-packages/airflow/example_dags/example_trigger_controller_dag.py
[2023-09-01T19:59:29.578+0000] {logging_mixin.py:151} INFO - [2023-09-01T19:59:29.577+0000] {dag.py:2907} INFO - Sync 1 DAGs
[2023-09-01T19:59:29.602+0000] {logging_mixin.py:151} INFO - [2023-09-01T19:59:29.602+0000] {dag.py:3677} INFO - Setting next_dagrun for example_trigger_controller_dag to 2021-01-01T00:00:00+00:00, run_after=2021-01-01T00:00:00+00:00
[2023-09-01T19:59:29.623+0000] {processor.py:179} INFO - Processing /home/airflow/.local/lib/python3.8/site-packages/airflow/example_dags/example_trigger_controller_dag.py took 0.086 seconds
