[2023-09-01T02:15:44.458+0000] {processor.py:157} INFO - Started process (PID=73149) to work on /home/airflow/.local/lib/python3.8/site-packages/airflow/example_dags/example_branch_operator.py
[2023-09-01T02:15:44.460+0000] {processor.py:829} INFO - Processing file /home/airflow/.local/lib/python3.8/site-packages/airflow/example_dags/example_branch_operator.py for tasks to queue
[2023-09-01T02:15:44.462+0000] {logging_mixin.py:151} INFO - [2023-09-01T02:15:44.461+0000] {dagbag.py:539} INFO - Filling up the DagBag from /home/airflow/.local/lib/python3.8/site-packages/airflow/example_dags/example_branch_operator.py
[2023-09-01T02:15:44.475+0000] {processor.py:839} INFO - DAG(s) dict_keys(['example_branch_operator']) retrieved from /home/airflow/.local/lib/python3.8/site-packages/airflow/example_dags/example_branch_operator.py
[2023-09-01T02:15:44.505+0000] {logging_mixin.py:151} INFO - [2023-09-01T02:15:44.504+0000] {dag.py:2907} INFO - Sync 1 DAGs
[2023-09-01T02:15:44.548+0000] {logging_mixin.py:151} INFO - [2023-09-01T02:15:44.548+0000] {dag.py:3677} INFO - Setting next_dagrun for example_branch_operator to 2023-08-31T00:00:00+00:00, run_after=2023-09-01T00:00:00+00:00
[2023-09-01T02:15:44.572+0000] {processor.py:179} INFO - Processing /home/airflow/.local/lib/python3.8/site-packages/airflow/example_dags/example_branch_operator.py took 0.118 seconds
[2023-09-01T04:04:36.706+0000] {processor.py:157} INFO - Started process (PID=73194) to work on /home/airflow/.local/lib/python3.8/site-packages/airflow/example_dags/example_branch_operator.py
[2023-09-01T04:04:36.708+0000] {processor.py:829} INFO - Processing file /home/airflow/.local/lib/python3.8/site-packages/airflow/example_dags/example_branch_operator.py for tasks to queue
[2023-09-01T04:04:36.710+0000] {logging_mixin.py:151} INFO - [2023-09-01T04:04:36.709+0000] {dagbag.py:539} INFO - Filling up the DagBag from /home/airflow/.local/lib/python3.8/site-packages/airflow/example_dags/example_branch_operator.py
[2023-09-01T04:04:36.728+0000] {processor.py:839} INFO - DAG(s) dict_keys(['example_branch_operator']) retrieved from /home/airflow/.local/lib/python3.8/site-packages/airflow/example_dags/example_branch_operator.py
[2023-09-01T04:04:36.769+0000] {logging_mixin.py:151} INFO - [2023-09-01T04:04:36.769+0000] {dag.py:2907} INFO - Sync 1 DAGs
[2023-09-01T04:04:36.801+0000] {logging_mixin.py:151} INFO - [2023-09-01T04:04:36.801+0000] {dag.py:3677} INFO - Setting next_dagrun for example_branch_operator to 2023-08-31T00:00:00+00:00, run_after=2023-09-01T00:00:00+00:00
[2023-09-01T04:04:36.835+0000] {processor.py:179} INFO - Processing /home/airflow/.local/lib/python3.8/site-packages/airflow/example_dags/example_branch_operator.py took 0.134 seconds
[2023-09-01T04:05:10.565+0000] {processor.py:157} INFO - Started process (PID=73249) to work on /home/airflow/.local/lib/python3.8/site-packages/airflow/example_dags/example_branch_operator.py
[2023-09-01T04:05:10.571+0000] {processor.py:829} INFO - Processing file /home/airflow/.local/lib/python3.8/site-packages/airflow/example_dags/example_branch_operator.py for tasks to queue
[2023-09-01T04:05:10.577+0000] {logging_mixin.py:151} INFO - [2023-09-01T04:05:10.576+0000] {dagbag.py:539} INFO - Filling up the DagBag from /home/airflow/.local/lib/python3.8/site-packages/airflow/example_dags/example_branch_operator.py
[2023-09-01T04:05:10.641+0000] {processor.py:839} INFO - DAG(s) dict_keys(['example_branch_operator']) retrieved from /home/airflow/.local/lib/python3.8/site-packages/airflow/example_dags/example_branch_operator.py
[2023-09-01T04:05:10.764+0000] {logging_mixin.py:151} INFO - [2023-09-01T04:05:10.763+0000] {dag.py:2907} INFO - Sync 1 DAGs
[2023-09-01T04:05:10.891+0000] {logging_mixin.py:151} INFO - [2023-09-01T04:05:10.890+0000] {dag.py:3677} INFO - Setting next_dagrun for example_branch_operator to 2023-08-31T00:00:00+00:00, run_after=2023-09-01T00:00:00+00:00
[2023-09-01T04:05:10.983+0000] {processor.py:179} INFO - Processing /home/airflow/.local/lib/python3.8/site-packages/airflow/example_dags/example_branch_operator.py took 0.439 seconds
[2023-09-01T04:05:46.328+0000] {processor.py:157} INFO - Started process (PID=73304) to work on /home/airflow/.local/lib/python3.8/site-packages/airflow/example_dags/example_branch_operator.py
[2023-09-01T04:05:46.329+0000] {processor.py:829} INFO - Processing file /home/airflow/.local/lib/python3.8/site-packages/airflow/example_dags/example_branch_operator.py for tasks to queue
[2023-09-01T04:05:46.330+0000] {logging_mixin.py:151} INFO - [2023-09-01T04:05:46.330+0000] {dagbag.py:539} INFO - Filling up the DagBag from /home/airflow/.local/lib/python3.8/site-packages/airflow/example_dags/example_branch_operator.py
[2023-09-01T04:05:46.344+0000] {processor.py:839} INFO - DAG(s) dict_keys(['example_branch_operator']) retrieved from /home/airflow/.local/lib/python3.8/site-packages/airflow/example_dags/example_branch_operator.py
[2023-09-01T04:05:46.373+0000] {logging_mixin.py:151} INFO - [2023-09-01T04:05:46.373+0000] {dag.py:2907} INFO - Sync 1 DAGs
[2023-09-01T04:05:46.401+0000] {logging_mixin.py:151} INFO - [2023-09-01T04:05:46.400+0000] {dag.py:3677} INFO - Setting next_dagrun for example_branch_operator to 2023-08-31T00:00:00+00:00, run_after=2023-09-01T00:00:00+00:00
[2023-09-01T04:05:46.424+0000] {processor.py:179} INFO - Processing /home/airflow/.local/lib/python3.8/site-packages/airflow/example_dags/example_branch_operator.py took 0.101 seconds
[2023-09-01T10:29:10.638+0000] {processor.py:157} INFO - Started process (PID=73352) to work on /home/airflow/.local/lib/python3.8/site-packages/airflow/example_dags/example_branch_operator.py
[2023-09-01T10:29:10.641+0000] {processor.py:829} INFO - Processing file /home/airflow/.local/lib/python3.8/site-packages/airflow/example_dags/example_branch_operator.py for tasks to queue
[2023-09-01T10:29:10.644+0000] {logging_mixin.py:151} INFO - [2023-09-01T10:29:10.643+0000] {dagbag.py:539} INFO - Filling up the DagBag from /home/airflow/.local/lib/python3.8/site-packages/airflow/example_dags/example_branch_operator.py
[2023-09-01T10:29:10.670+0000] {processor.py:839} INFO - DAG(s) dict_keys(['example_branch_operator']) retrieved from /home/airflow/.local/lib/python3.8/site-packages/airflow/example_dags/example_branch_operator.py
[2023-09-01T10:29:10.712+0000] {logging_mixin.py:151} INFO - [2023-09-01T10:29:10.711+0000] {dag.py:2907} INFO - Sync 1 DAGs
[2023-09-01T10:29:10.742+0000] {logging_mixin.py:151} INFO - [2023-09-01T10:29:10.742+0000] {dag.py:3677} INFO - Setting next_dagrun for example_branch_operator to 2023-08-31T00:00:00+00:00, run_after=2023-09-01T00:00:00+00:00
[2023-09-01T10:29:10.774+0000] {processor.py:179} INFO - Processing /home/airflow/.local/lib/python3.8/site-packages/airflow/example_dags/example_branch_operator.py took 0.141 seconds
[2023-09-01T16:39:32.198+0000] {processor.py:157} INFO - Started process (PID=73408) to work on /home/airflow/.local/lib/python3.8/site-packages/airflow/example_dags/example_branch_operator.py
[2023-09-01T16:39:32.200+0000] {processor.py:829} INFO - Processing file /home/airflow/.local/lib/python3.8/site-packages/airflow/example_dags/example_branch_operator.py for tasks to queue
[2023-09-01T16:39:32.202+0000] {logging_mixin.py:151} INFO - [2023-09-01T16:39:32.201+0000] {dagbag.py:539} INFO - Filling up the DagBag from /home/airflow/.local/lib/python3.8/site-packages/airflow/example_dags/example_branch_operator.py
[2023-09-01T16:39:32.217+0000] {processor.py:839} INFO - DAG(s) dict_keys(['example_branch_operator']) retrieved from /home/airflow/.local/lib/python3.8/site-packages/airflow/example_dags/example_branch_operator.py
[2023-09-01T16:39:32.251+0000] {logging_mixin.py:151} INFO - [2023-09-01T16:39:32.251+0000] {dag.py:2907} INFO - Sync 1 DAGs
[2023-09-01T16:39:32.283+0000] {logging_mixin.py:151} INFO - [2023-09-01T16:39:32.283+0000] {dag.py:3677} INFO - Setting next_dagrun for example_branch_operator to 2023-08-31T00:00:00+00:00, run_after=2023-09-01T00:00:00+00:00
[2023-09-01T16:39:32.310+0000] {processor.py:179} INFO - Processing /home/airflow/.local/lib/python3.8/site-packages/airflow/example_dags/example_branch_operator.py took 0.117 seconds
[2023-09-01T16:40:02.500+0000] {processor.py:157} INFO - Started process (PID=73463) to work on /home/airflow/.local/lib/python3.8/site-packages/airflow/example_dags/example_branch_operator.py
[2023-09-01T16:40:02.502+0000] {processor.py:829} INFO - Processing file /home/airflow/.local/lib/python3.8/site-packages/airflow/example_dags/example_branch_operator.py for tasks to queue
[2023-09-01T16:40:02.503+0000] {logging_mixin.py:151} INFO - [2023-09-01T16:40:02.503+0000] {dagbag.py:539} INFO - Filling up the DagBag from /home/airflow/.local/lib/python3.8/site-packages/airflow/example_dags/example_branch_operator.py
[2023-09-01T16:40:02.517+0000] {processor.py:839} INFO - DAG(s) dict_keys(['example_branch_operator']) retrieved from /home/airflow/.local/lib/python3.8/site-packages/airflow/example_dags/example_branch_operator.py
[2023-09-01T16:40:02.545+0000] {logging_mixin.py:151} INFO - [2023-09-01T16:40:02.545+0000] {dag.py:2907} INFO - Sync 1 DAGs
[2023-09-01T16:40:02.571+0000] {logging_mixin.py:151} INFO - [2023-09-01T16:40:02.571+0000] {dag.py:3677} INFO - Setting next_dagrun for example_branch_operator to 2023-08-31T00:00:00+00:00, run_after=2023-09-01T00:00:00+00:00
[2023-09-01T16:40:02.592+0000] {processor.py:179} INFO - Processing /home/airflow/.local/lib/python3.8/site-packages/airflow/example_dags/example_branch_operator.py took 0.096 seconds
[2023-09-01T16:40:32.706+0000] {processor.py:157} INFO - Started process (PID=73518) to work on /home/airflow/.local/lib/python3.8/site-packages/airflow/example_dags/example_branch_operator.py
[2023-09-01T16:40:32.708+0000] {processor.py:829} INFO - Processing file /home/airflow/.local/lib/python3.8/site-packages/airflow/example_dags/example_branch_operator.py for tasks to queue
[2023-09-01T16:40:32.709+0000] {logging_mixin.py:151} INFO - [2023-09-01T16:40:32.709+0000] {dagbag.py:539} INFO - Filling up the DagBag from /home/airflow/.local/lib/python3.8/site-packages/airflow/example_dags/example_branch_operator.py
[2023-09-01T16:40:32.722+0000] {processor.py:839} INFO - DAG(s) dict_keys(['example_branch_operator']) retrieved from /home/airflow/.local/lib/python3.8/site-packages/airflow/example_dags/example_branch_operator.py
[2023-09-01T16:40:32.754+0000] {logging_mixin.py:151} INFO - [2023-09-01T16:40:32.754+0000] {dag.py:2907} INFO - Sync 1 DAGs
[2023-09-01T16:40:32.794+0000] {logging_mixin.py:151} INFO - [2023-09-01T16:40:32.793+0000] {dag.py:3677} INFO - Setting next_dagrun for example_branch_operator to 2023-08-31T00:00:00+00:00, run_after=2023-09-01T00:00:00+00:00
[2023-09-01T16:40:32.971+0000] {processor.py:179} INFO - Processing /home/airflow/.local/lib/python3.8/site-packages/airflow/example_dags/example_branch_operator.py took 0.269 seconds
[2023-09-01T17:33:18.318+0000] {processor.py:157} INFO - Started process (PID=73547) to work on /home/airflow/.local/lib/python3.8/site-packages/airflow/example_dags/example_branch_operator.py
[2023-09-01T17:33:18.320+0000] {processor.py:829} INFO - Processing file /home/airflow/.local/lib/python3.8/site-packages/airflow/example_dags/example_branch_operator.py for tasks to queue
[2023-09-01T17:33:18.322+0000] {logging_mixin.py:151} INFO - [2023-09-01T17:33:18.321+0000] {dagbag.py:539} INFO - Filling up the DagBag from /home/airflow/.local/lib/python3.8/site-packages/airflow/example_dags/example_branch_operator.py
[2023-09-01T17:33:18.337+0000] {processor.py:839} INFO - DAG(s) dict_keys(['example_branch_operator']) retrieved from /home/airflow/.local/lib/python3.8/site-packages/airflow/example_dags/example_branch_operator.py
[2023-09-01T17:33:18.375+0000] {logging_mixin.py:151} INFO - [2023-09-01T17:33:18.375+0000] {dag.py:2907} INFO - Sync 1 DAGs
[2023-09-01T17:33:18.555+0000] {logging_mixin.py:151} INFO - [2023-09-01T17:33:18.555+0000] {dag.py:3677} INFO - Setting next_dagrun for example_branch_operator to 2023-08-31T00:00:00+00:00, run_after=2023-09-01T00:00:00+00:00
[2023-09-01T17:33:18.576+0000] {processor.py:179} INFO - Processing /home/airflow/.local/lib/python3.8/site-packages/airflow/example_dags/example_branch_operator.py took 0.264 seconds
[2023-09-01T17:55:30.506+0000] {processor.py:157} INFO - Started process (PID=73599) to work on /home/airflow/.local/lib/python3.8/site-packages/airflow/example_dags/example_branch_operator.py
[2023-09-01T17:55:30.507+0000] {processor.py:829} INFO - Processing file /home/airflow/.local/lib/python3.8/site-packages/airflow/example_dags/example_branch_operator.py for tasks to queue
[2023-09-01T17:55:30.509+0000] {logging_mixin.py:151} INFO - [2023-09-01T17:55:30.509+0000] {dagbag.py:539} INFO - Filling up the DagBag from /home/airflow/.local/lib/python3.8/site-packages/airflow/example_dags/example_branch_operator.py
[2023-09-01T17:55:30.523+0000] {processor.py:839} INFO - DAG(s) dict_keys(['example_branch_operator']) retrieved from /home/airflow/.local/lib/python3.8/site-packages/airflow/example_dags/example_branch_operator.py
[2023-09-01T17:55:30.555+0000] {logging_mixin.py:151} INFO - [2023-09-01T17:55:30.554+0000] {dag.py:2907} INFO - Sync 1 DAGs
[2023-09-01T17:55:30.581+0000] {logging_mixin.py:151} INFO - [2023-09-01T17:55:30.581+0000] {dag.py:3677} INFO - Setting next_dagrun for example_branch_operator to 2023-08-31T00:00:00+00:00, run_after=2023-09-01T00:00:00+00:00
[2023-09-01T17:55:30.604+0000] {processor.py:179} INFO - Processing /home/airflow/.local/lib/python3.8/site-packages/airflow/example_dags/example_branch_operator.py took 0.105 seconds
[2023-09-01T18:41:51.593+0000] {processor.py:157} INFO - Started process (PID=73654) to work on /home/airflow/.local/lib/python3.8/site-packages/airflow/example_dags/example_branch_operator.py
[2023-09-01T18:41:51.595+0000] {processor.py:829} INFO - Processing file /home/airflow/.local/lib/python3.8/site-packages/airflow/example_dags/example_branch_operator.py for tasks to queue
[2023-09-01T18:41:51.596+0000] {logging_mixin.py:151} INFO - [2023-09-01T18:41:51.596+0000] {dagbag.py:539} INFO - Filling up the DagBag from /home/airflow/.local/lib/python3.8/site-packages/airflow/example_dags/example_branch_operator.py
[2023-09-01T18:41:51.612+0000] {processor.py:839} INFO - DAG(s) dict_keys(['example_branch_operator']) retrieved from /home/airflow/.local/lib/python3.8/site-packages/airflow/example_dags/example_branch_operator.py
[2023-09-01T18:41:51.646+0000] {logging_mixin.py:151} INFO - [2023-09-01T18:41:51.645+0000] {dag.py:2907} INFO - Sync 1 DAGs
[2023-09-01T18:41:51.675+0000] {logging_mixin.py:151} INFO - [2023-09-01T18:41:51.675+0000] {dag.py:3677} INFO - Setting next_dagrun for example_branch_operator to 2023-08-31T00:00:00+00:00, run_after=2023-09-01T00:00:00+00:00
[2023-09-01T18:41:51.706+0000] {processor.py:179} INFO - Processing /home/airflow/.local/lib/python3.8/site-packages/airflow/example_dags/example_branch_operator.py took 0.118 seconds
[2023-09-01T19:35:57.877+0000] {processor.py:157} INFO - Started process (PID=73709) to work on /home/airflow/.local/lib/python3.8/site-packages/airflow/example_dags/example_branch_operator.py
[2023-09-01T19:35:57.879+0000] {processor.py:829} INFO - Processing file /home/airflow/.local/lib/python3.8/site-packages/airflow/example_dags/example_branch_operator.py for tasks to queue
[2023-09-01T19:35:57.881+0000] {logging_mixin.py:151} INFO - [2023-09-01T19:35:57.880+0000] {dagbag.py:539} INFO - Filling up the DagBag from /home/airflow/.local/lib/python3.8/site-packages/airflow/example_dags/example_branch_operator.py
[2023-09-01T19:35:57.894+0000] {processor.py:839} INFO - DAG(s) dict_keys(['example_branch_operator']) retrieved from /home/airflow/.local/lib/python3.8/site-packages/airflow/example_dags/example_branch_operator.py
[2023-09-01T19:35:57.928+0000] {logging_mixin.py:151} INFO - [2023-09-01T19:35:57.928+0000] {dag.py:2907} INFO - Sync 1 DAGs
[2023-09-01T19:35:57.960+0000] {logging_mixin.py:151} INFO - [2023-09-01T19:35:57.960+0000] {dag.py:3677} INFO - Setting next_dagrun for example_branch_operator to 2023-08-31T00:00:00+00:00, run_after=2023-09-01T00:00:00+00:00
[2023-09-01T19:35:57.982+0000] {processor.py:179} INFO - Processing /home/airflow/.local/lib/python3.8/site-packages/airflow/example_dags/example_branch_operator.py took 0.109 seconds
[2023-09-01T19:40:33.560+0000] {processor.py:157} INFO - Started process (PID=73764) to work on /home/airflow/.local/lib/python3.8/site-packages/airflow/example_dags/example_branch_operator.py
[2023-09-01T19:40:33.562+0000] {processor.py:829} INFO - Processing file /home/airflow/.local/lib/python3.8/site-packages/airflow/example_dags/example_branch_operator.py for tasks to queue
[2023-09-01T19:40:33.563+0000] {logging_mixin.py:151} INFO - [2023-09-01T19:40:33.563+0000] {dagbag.py:539} INFO - Filling up the DagBag from /home/airflow/.local/lib/python3.8/site-packages/airflow/example_dags/example_branch_operator.py
[2023-09-01T19:40:33.577+0000] {processor.py:839} INFO - DAG(s) dict_keys(['example_branch_operator']) retrieved from /home/airflow/.local/lib/python3.8/site-packages/airflow/example_dags/example_branch_operator.py
[2023-09-01T19:40:33.607+0000] {logging_mixin.py:151} INFO - [2023-09-01T19:40:33.607+0000] {dag.py:2907} INFO - Sync 1 DAGs
[2023-09-01T19:40:33.634+0000] {logging_mixin.py:151} INFO - [2023-09-01T19:40:33.634+0000] {dag.py:3677} INFO - Setting next_dagrun for example_branch_operator to 2023-08-31T00:00:00+00:00, run_after=2023-09-01T00:00:00+00:00
[2023-09-01T19:40:33.657+0000] {processor.py:179} INFO - Processing /home/airflow/.local/lib/python3.8/site-packages/airflow/example_dags/example_branch_operator.py took 0.101 seconds
[2023-09-01T19:41:07.859+0000] {processor.py:157} INFO - Started process (PID=73819) to work on /home/airflow/.local/lib/python3.8/site-packages/airflow/example_dags/example_branch_operator.py
[2023-09-01T19:41:07.865+0000] {processor.py:829} INFO - Processing file /home/airflow/.local/lib/python3.8/site-packages/airflow/example_dags/example_branch_operator.py for tasks to queue
[2023-09-01T19:41:07.871+0000] {logging_mixin.py:151} INFO - [2023-09-01T19:41:07.870+0000] {dagbag.py:539} INFO - Filling up the DagBag from /home/airflow/.local/lib/python3.8/site-packages/airflow/example_dags/example_branch_operator.py
[2023-09-01T19:41:07.935+0000] {processor.py:839} INFO - DAG(s) dict_keys(['example_branch_operator']) retrieved from /home/airflow/.local/lib/python3.8/site-packages/airflow/example_dags/example_branch_operator.py
[2023-09-01T19:41:08.075+0000] {logging_mixin.py:151} INFO - [2023-09-01T19:41:08.074+0000] {dag.py:2907} INFO - Sync 1 DAGs
[2023-09-01T19:41:08.201+0000] {logging_mixin.py:151} INFO - [2023-09-01T19:41:08.200+0000] {dag.py:3677} INFO - Setting next_dagrun for example_branch_operator to 2023-08-31T00:00:00+00:00, run_after=2023-09-01T00:00:00+00:00
[2023-09-01T19:41:08.299+0000] {processor.py:179} INFO - Processing /home/airflow/.local/lib/python3.8/site-packages/airflow/example_dags/example_branch_operator.py took 0.462 seconds
[2023-09-01T19:59:27.483+0000] {processor.py:157} INFO - Started process (PID=73874) to work on /home/airflow/.local/lib/python3.8/site-packages/airflow/example_dags/example_branch_operator.py
[2023-09-01T19:59:27.485+0000] {processor.py:829} INFO - Processing file /home/airflow/.local/lib/python3.8/site-packages/airflow/example_dags/example_branch_operator.py for tasks to queue
[2023-09-01T19:59:27.486+0000] {logging_mixin.py:151} INFO - [2023-09-01T19:59:27.485+0000] {dagbag.py:539} INFO - Filling up the DagBag from /home/airflow/.local/lib/python3.8/site-packages/airflow/example_dags/example_branch_operator.py
[2023-09-01T19:59:27.510+0000] {processor.py:839} INFO - DAG(s) dict_keys(['example_branch_operator']) retrieved from /home/airflow/.local/lib/python3.8/site-packages/airflow/example_dags/example_branch_operator.py
[2023-09-01T19:59:27.543+0000] {logging_mixin.py:151} INFO - [2023-09-01T19:59:27.542+0000] {dag.py:2907} INFO - Sync 1 DAGs
[2023-09-01T19:59:27.569+0000] {logging_mixin.py:151} INFO - [2023-09-01T19:59:27.569+0000] {dag.py:3677} INFO - Setting next_dagrun for example_branch_operator to 2023-08-31T00:00:00+00:00, run_after=2023-09-01T00:00:00+00:00
[2023-09-01T19:59:27.590+0000] {processor.py:179} INFO - Processing /home/airflow/.local/lib/python3.8/site-packages/airflow/example_dags/example_branch_operator.py took 0.111 seconds
