[2023-09-01T02:15:45.801+0000] {processor.py:157} INFO - Started process (PID=73168) to work on /home/airflow/.local/lib/python3.8/site-packages/airflow/example_dags/example_dag_decorator.py
[2023-09-01T02:15:45.802+0000] {processor.py:829} INFO - Processing file /home/airflow/.local/lib/python3.8/site-packages/airflow/example_dags/example_dag_decorator.py for tasks to queue
[2023-09-01T02:15:45.803+0000] {logging_mixin.py:151} INFO - [2023-09-01T02:15:45.803+0000] {dagbag.py:539} INFO - Filling up the DagBag from /home/airflow/.local/lib/python3.8/site-packages/airflow/example_dags/example_dag_decorator.py
[2023-09-01T02:15:45.884+0000] {processor.py:839} INFO - DAG(s) dict_keys(['example_dag_decorator']) retrieved from /home/airflow/.local/lib/python3.8/site-packages/airflow/example_dags/example_dag_decorator.py
[2023-09-01T02:15:46.122+0000] {logging_mixin.py:151} INFO - [2023-09-01T02:15:46.122+0000] {dag.py:2907} INFO - Sync 1 DAGs
[2023-09-01T02:15:46.132+0000] {logging_mixin.py:151} INFO - [2023-09-01T02:15:46.132+0000] {dag.py:3677} INFO - Setting next_dagrun for example_dag_decorator to None, run_after=None
[2023-09-01T02:15:46.153+0000] {processor.py:179} INFO - Processing /home/airflow/.local/lib/python3.8/site-packages/airflow/example_dags/example_dag_decorator.py took 0.357 seconds
[2023-09-01T04:04:38.637+0000] {processor.py:157} INFO - Started process (PID=73213) to work on /home/airflow/.local/lib/python3.8/site-packages/airflow/example_dags/example_dag_decorator.py
[2023-09-01T04:04:38.638+0000] {processor.py:829} INFO - Processing file /home/airflow/.local/lib/python3.8/site-packages/airflow/example_dags/example_dag_decorator.py for tasks to queue
[2023-09-01T04:04:38.640+0000] {logging_mixin.py:151} INFO - [2023-09-01T04:04:38.639+0000] {dagbag.py:539} INFO - Filling up the DagBag from /home/airflow/.local/lib/python3.8/site-packages/airflow/example_dags/example_dag_decorator.py
[2023-09-01T04:04:38.731+0000] {processor.py:839} INFO - DAG(s) dict_keys(['example_dag_decorator']) retrieved from /home/airflow/.local/lib/python3.8/site-packages/airflow/example_dags/example_dag_decorator.py
[2023-09-01T04:04:38.992+0000] {logging_mixin.py:151} INFO - [2023-09-01T04:04:38.992+0000] {dag.py:2907} INFO - Sync 1 DAGs
[2023-09-01T04:04:39.003+0000] {logging_mixin.py:151} INFO - [2023-09-01T04:04:39.003+0000] {dag.py:3677} INFO - Setting next_dagrun for example_dag_decorator to None, run_after=None
[2023-09-01T04:04:39.023+0000] {processor.py:179} INFO - Processing /home/airflow/.local/lib/python3.8/site-packages/airflow/example_dags/example_dag_decorator.py took 0.391 seconds
[2023-09-01T04:05:17.244+0000] {processor.py:157} INFO - Started process (PID=73268) to work on /home/airflow/.local/lib/python3.8/site-packages/airflow/example_dags/example_dag_decorator.py
[2023-09-01T04:05:17.250+0000] {processor.py:829} INFO - Processing file /home/airflow/.local/lib/python3.8/site-packages/airflow/example_dags/example_dag_decorator.py for tasks to queue
[2023-09-01T04:05:17.256+0000] {logging_mixin.py:151} INFO - [2023-09-01T04:05:17.255+0000] {dagbag.py:539} INFO - Filling up the DagBag from /home/airflow/.local/lib/python3.8/site-packages/airflow/example_dags/example_dag_decorator.py
[2023-09-01T04:05:18.185+0000] {processor.py:839} INFO - DAG(s) dict_keys(['example_dag_decorator']) retrieved from /home/airflow/.local/lib/python3.8/site-packages/airflow/example_dags/example_dag_decorator.py
[2023-09-01T04:05:18.739+0000] {logging_mixin.py:151} INFO - [2023-09-01T04:05:18.738+0000] {dag.py:2907} INFO - Sync 1 DAGs
[2023-09-01T04:05:18.789+0000] {logging_mixin.py:151} INFO - [2023-09-01T04:05:18.789+0000] {dag.py:3677} INFO - Setting next_dagrun for example_dag_decorator to None, run_after=None
[2023-09-01T04:05:18.874+0000] {processor.py:179} INFO - Processing /home/airflow/.local/lib/python3.8/site-packages/airflow/example_dags/example_dag_decorator.py took 1.652 seconds
[2023-09-01T04:05:49.058+0000] {processor.py:157} INFO - Started process (PID=73323) to work on /home/airflow/.local/lib/python3.8/site-packages/airflow/example_dags/example_dag_decorator.py
[2023-09-01T04:05:49.059+0000] {processor.py:829} INFO - Processing file /home/airflow/.local/lib/python3.8/site-packages/airflow/example_dags/example_dag_decorator.py for tasks to queue
[2023-09-01T04:05:49.060+0000] {logging_mixin.py:151} INFO - [2023-09-01T04:05:49.060+0000] {dagbag.py:539} INFO - Filling up the DagBag from /home/airflow/.local/lib/python3.8/site-packages/airflow/example_dags/example_dag_decorator.py
[2023-09-01T04:05:49.144+0000] {processor.py:839} INFO - DAG(s) dict_keys(['example_dag_decorator']) retrieved from /home/airflow/.local/lib/python3.8/site-packages/airflow/example_dags/example_dag_decorator.py
[2023-09-01T04:05:49.482+0000] {logging_mixin.py:151} INFO - [2023-09-01T04:05:49.482+0000] {dag.py:2907} INFO - Sync 1 DAGs
[2023-09-01T04:05:49.498+0000] {logging_mixin.py:151} INFO - [2023-09-01T04:05:49.497+0000] {dag.py:3677} INFO - Setting next_dagrun for example_dag_decorator to None, run_after=None
[2023-09-01T04:05:49.525+0000] {processor.py:179} INFO - Processing /home/airflow/.local/lib/python3.8/site-packages/airflow/example_dags/example_dag_decorator.py took 0.471 seconds
[2023-09-01T10:29:13.138+0000] {processor.py:157} INFO - Started process (PID=73371) to work on /home/airflow/.local/lib/python3.8/site-packages/airflow/example_dags/example_dag_decorator.py
[2023-09-01T10:29:13.140+0000] {processor.py:829} INFO - Processing file /home/airflow/.local/lib/python3.8/site-packages/airflow/example_dags/example_dag_decorator.py for tasks to queue
[2023-09-01T10:29:13.141+0000] {logging_mixin.py:151} INFO - [2023-09-01T10:29:13.141+0000] {dagbag.py:539} INFO - Filling up the DagBag from /home/airflow/.local/lib/python3.8/site-packages/airflow/example_dags/example_dag_decorator.py
[2023-09-01T10:29:13.370+0000] {processor.py:839} INFO - DAG(s) dict_keys(['example_dag_decorator']) retrieved from /home/airflow/.local/lib/python3.8/site-packages/airflow/example_dags/example_dag_decorator.py
[2023-09-01T10:29:13.495+0000] {logging_mixin.py:151} INFO - [2023-09-01T10:29:13.495+0000] {dag.py:2907} INFO - Sync 1 DAGs
[2023-09-01T10:29:13.506+0000] {logging_mixin.py:151} INFO - [2023-09-01T10:29:13.506+0000] {dag.py:3677} INFO - Setting next_dagrun for example_dag_decorator to None, run_after=None
[2023-09-01T10:29:13.531+0000] {processor.py:179} INFO - Processing /home/airflow/.local/lib/python3.8/site-packages/airflow/example_dags/example_dag_decorator.py took 0.398 seconds
[2023-09-01T16:39:33.788+0000] {processor.py:157} INFO - Started process (PID=73427) to work on /home/airflow/.local/lib/python3.8/site-packages/airflow/example_dags/example_dag_decorator.py
[2023-09-01T16:39:33.790+0000] {processor.py:829} INFO - Processing file /home/airflow/.local/lib/python3.8/site-packages/airflow/example_dags/example_dag_decorator.py for tasks to queue
[2023-09-01T16:39:33.791+0000] {logging_mixin.py:151} INFO - [2023-09-01T16:39:33.791+0000] {dagbag.py:539} INFO - Filling up the DagBag from /home/airflow/.local/lib/python3.8/site-packages/airflow/example_dags/example_dag_decorator.py
[2023-09-01T16:39:34.042+0000] {processor.py:839} INFO - DAG(s) dict_keys(['example_dag_decorator']) retrieved from /home/airflow/.local/lib/python3.8/site-packages/airflow/example_dags/example_dag_decorator.py
[2023-09-01T16:39:34.208+0000] {logging_mixin.py:151} INFO - [2023-09-01T16:39:34.208+0000] {dag.py:2907} INFO - Sync 1 DAGs
[2023-09-01T16:39:34.220+0000] {logging_mixin.py:151} INFO - [2023-09-01T16:39:34.220+0000] {dag.py:3677} INFO - Setting next_dagrun for example_dag_decorator to None, run_after=None
[2023-09-01T16:39:34.245+0000] {processor.py:179} INFO - Processing /home/airflow/.local/lib/python3.8/site-packages/airflow/example_dags/example_dag_decorator.py took 0.462 seconds
[2023-09-01T16:40:04.810+0000] {processor.py:157} INFO - Started process (PID=73482) to work on /home/airflow/.local/lib/python3.8/site-packages/airflow/example_dags/example_dag_decorator.py
[2023-09-01T16:40:04.812+0000] {processor.py:829} INFO - Processing file /home/airflow/.local/lib/python3.8/site-packages/airflow/example_dags/example_dag_decorator.py for tasks to queue
[2023-09-01T16:40:04.813+0000] {logging_mixin.py:151} INFO - [2023-09-01T16:40:04.813+0000] {dagbag.py:539} INFO - Filling up the DagBag from /home/airflow/.local/lib/python3.8/site-packages/airflow/example_dags/example_dag_decorator.py
[2023-09-01T16:40:04.897+0000] {processor.py:839} INFO - DAG(s) dict_keys(['example_dag_decorator']) retrieved from /home/airflow/.local/lib/python3.8/site-packages/airflow/example_dags/example_dag_decorator.py
[2023-09-01T16:40:04.927+0000] {logging_mixin.py:151} INFO - [2023-09-01T16:40:04.927+0000] {dag.py:2907} INFO - Sync 1 DAGs
[2023-09-01T16:40:05.073+0000] {logging_mixin.py:151} INFO - [2023-09-01T16:40:05.073+0000] {dag.py:3677} INFO - Setting next_dagrun for example_dag_decorator to None, run_after=None
[2023-09-01T16:40:05.094+0000] {processor.py:179} INFO - Processing /home/airflow/.local/lib/python3.8/site-packages/airflow/example_dags/example_dag_decorator.py took 0.288 seconds
[2023-09-01T17:33:20.690+0000] {processor.py:157} INFO - Started process (PID=73563) to work on /home/airflow/.local/lib/python3.8/site-packages/airflow/example_dags/example_dag_decorator.py
[2023-09-01T17:33:20.691+0000] {processor.py:829} INFO - Processing file /home/airflow/.local/lib/python3.8/site-packages/airflow/example_dags/example_dag_decorator.py for tasks to queue
[2023-09-01T17:33:20.692+0000] {logging_mixin.py:151} INFO - [2023-09-01T17:33:20.692+0000] {dagbag.py:539} INFO - Filling up the DagBag from /home/airflow/.local/lib/python3.8/site-packages/airflow/example_dags/example_dag_decorator.py
[2023-09-01T17:33:20.786+0000] {processor.py:839} INFO - DAG(s) dict_keys(['example_dag_decorator']) retrieved from /home/airflow/.local/lib/python3.8/site-packages/airflow/example_dags/example_dag_decorator.py
[2023-09-01T17:33:20.915+0000] {logging_mixin.py:151} INFO - [2023-09-01T17:33:20.915+0000] {dag.py:2907} INFO - Sync 1 DAGs
[2023-09-01T17:33:20.925+0000] {logging_mixin.py:151} INFO - [2023-09-01T17:33:20.925+0000] {dag.py:3677} INFO - Setting next_dagrun for example_dag_decorator to None, run_after=None
[2023-09-01T17:33:20.941+0000] {processor.py:179} INFO - Processing /home/airflow/.local/lib/python3.8/site-packages/airflow/example_dags/example_dag_decorator.py took 0.257 seconds
[2023-09-01T17:55:32.225+0000] {processor.py:157} INFO - Started process (PID=73618) to work on /home/airflow/.local/lib/python3.8/site-packages/airflow/example_dags/example_dag_decorator.py
[2023-09-01T17:55:32.227+0000] {processor.py:829} INFO - Processing file /home/airflow/.local/lib/python3.8/site-packages/airflow/example_dags/example_dag_decorator.py for tasks to queue
[2023-09-01T17:55:32.228+0000] {logging_mixin.py:151} INFO - [2023-09-01T17:55:32.227+0000] {dagbag.py:539} INFO - Filling up the DagBag from /home/airflow/.local/lib/python3.8/site-packages/airflow/example_dags/example_dag_decorator.py
[2023-09-01T17:55:32.322+0000] {processor.py:839} INFO - DAG(s) dict_keys(['example_dag_decorator']) retrieved from /home/airflow/.local/lib/python3.8/site-packages/airflow/example_dags/example_dag_decorator.py
[2023-09-01T17:55:32.442+0000] {logging_mixin.py:151} INFO - [2023-09-01T17:55:32.442+0000] {dag.py:2907} INFO - Sync 1 DAGs
[2023-09-01T17:55:32.454+0000] {logging_mixin.py:151} INFO - [2023-09-01T17:55:32.454+0000] {dag.py:3677} INFO - Setting next_dagrun for example_dag_decorator to None, run_after=None
[2023-09-01T17:55:32.477+0000] {processor.py:179} INFO - Processing /home/airflow/.local/lib/python3.8/site-packages/airflow/example_dags/example_dag_decorator.py took 0.257 seconds
[2023-09-01T18:41:53.168+0000] {processor.py:157} INFO - Started process (PID=73673) to work on /home/airflow/.local/lib/python3.8/site-packages/airflow/example_dags/example_dag_decorator.py
[2023-09-01T18:41:53.170+0000] {processor.py:829} INFO - Processing file /home/airflow/.local/lib/python3.8/site-packages/airflow/example_dags/example_dag_decorator.py for tasks to queue
[2023-09-01T18:41:53.171+0000] {logging_mixin.py:151} INFO - [2023-09-01T18:41:53.171+0000] {dagbag.py:539} INFO - Filling up the DagBag from /home/airflow/.local/lib/python3.8/site-packages/airflow/example_dags/example_dag_decorator.py
[2023-09-01T18:41:53.264+0000] {processor.py:839} INFO - DAG(s) dict_keys(['example_dag_decorator']) retrieved from /home/airflow/.local/lib/python3.8/site-packages/airflow/example_dags/example_dag_decorator.py
[2023-09-01T18:41:53.389+0000] {logging_mixin.py:151} INFO - [2023-09-01T18:41:53.389+0000] {dag.py:2907} INFO - Sync 1 DAGs
[2023-09-01T18:41:53.399+0000] {logging_mixin.py:151} INFO - [2023-09-01T18:41:53.399+0000] {dag.py:3677} INFO - Setting next_dagrun for example_dag_decorator to None, run_after=None
[2023-09-01T18:41:53.416+0000] {processor.py:179} INFO - Processing /home/airflow/.local/lib/python3.8/site-packages/airflow/example_dags/example_dag_decorator.py took 0.253 seconds
[2023-09-01T19:35:59.344+0000] {processor.py:157} INFO - Started process (PID=73728) to work on /home/airflow/.local/lib/python3.8/site-packages/airflow/example_dags/example_dag_decorator.py
[2023-09-01T19:35:59.345+0000] {processor.py:829} INFO - Processing file /home/airflow/.local/lib/python3.8/site-packages/airflow/example_dags/example_dag_decorator.py for tasks to queue
[2023-09-01T19:35:59.346+0000] {logging_mixin.py:151} INFO - [2023-09-01T19:35:59.346+0000] {dagbag.py:539} INFO - Filling up the DagBag from /home/airflow/.local/lib/python3.8/site-packages/airflow/example_dags/example_dag_decorator.py
[2023-09-01T19:35:59.437+0000] {processor.py:839} INFO - DAG(s) dict_keys(['example_dag_decorator']) retrieved from /home/airflow/.local/lib/python3.8/site-packages/airflow/example_dags/example_dag_decorator.py
[2023-09-01T19:35:59.569+0000] {logging_mixin.py:151} INFO - [2023-09-01T19:35:59.569+0000] {dag.py:2907} INFO - Sync 1 DAGs
[2023-09-01T19:35:59.579+0000] {logging_mixin.py:151} INFO - [2023-09-01T19:35:59.579+0000] {dag.py:3677} INFO - Setting next_dagrun for example_dag_decorator to None, run_after=None
[2023-09-01T19:35:59.597+0000] {processor.py:179} INFO - Processing /home/airflow/.local/lib/python3.8/site-packages/airflow/example_dags/example_dag_decorator.py took 0.258 seconds
[2023-09-01T19:40:35.137+0000] {processor.py:157} INFO - Started process (PID=73783) to work on /home/airflow/.local/lib/python3.8/site-packages/airflow/example_dags/example_dag_decorator.py
[2023-09-01T19:40:35.139+0000] {processor.py:829} INFO - Processing file /home/airflow/.local/lib/python3.8/site-packages/airflow/example_dags/example_dag_decorator.py for tasks to queue
[2023-09-01T19:40:35.140+0000] {logging_mixin.py:151} INFO - [2023-09-01T19:40:35.139+0000] {dagbag.py:539} INFO - Filling up the DagBag from /home/airflow/.local/lib/python3.8/site-packages/airflow/example_dags/example_dag_decorator.py
[2023-09-01T19:40:35.236+0000] {processor.py:839} INFO - DAG(s) dict_keys(['example_dag_decorator']) retrieved from /home/airflow/.local/lib/python3.8/site-packages/airflow/example_dags/example_dag_decorator.py
[2023-09-01T19:40:35.356+0000] {logging_mixin.py:151} INFO - [2023-09-01T19:40:35.356+0000] {dag.py:2907} INFO - Sync 1 DAGs
[2023-09-01T19:40:35.367+0000] {logging_mixin.py:151} INFO - [2023-09-01T19:40:35.367+0000] {dag.py:3677} INFO - Setting next_dagrun for example_dag_decorator to None, run_after=None
[2023-09-01T19:40:35.390+0000] {processor.py:179} INFO - Processing /home/airflow/.local/lib/python3.8/site-packages/airflow/example_dags/example_dag_decorator.py took 0.257 seconds
[2023-09-01T19:41:25.807+0000] {processor.py:157} INFO - Started process (PID=73838) to work on /home/airflow/.local/lib/python3.8/site-packages/airflow/example_dags/example_dag_decorator.py
[2023-09-01T19:41:25.813+0000] {processor.py:829} INFO - Processing file /home/airflow/.local/lib/python3.8/site-packages/airflow/example_dags/example_dag_decorator.py for tasks to queue
[2023-09-01T19:41:25.817+0000] {logging_mixin.py:151} INFO - [2023-09-01T19:41:25.815+0000] {dagbag.py:539} INFO - Filling up the DagBag from /home/airflow/.local/lib/python3.8/site-packages/airflow/example_dags/example_dag_decorator.py
[2023-09-01T19:41:25.971+0000] {processor.py:839} INFO - DAG(s) dict_keys(['example_dag_decorator']) retrieved from /home/airflow/.local/lib/python3.8/site-packages/airflow/example_dags/example_dag_decorator.py
[2023-09-01T19:41:26.199+0000] {logging_mixin.py:151} INFO - [2023-09-01T19:41:26.199+0000] {dag.py:2907} INFO - Sync 1 DAGs
[2023-09-01T19:41:26.210+0000] {logging_mixin.py:151} INFO - [2023-09-01T19:41:26.210+0000] {dag.py:3677} INFO - Setting next_dagrun for example_dag_decorator to None, run_after=None
[2023-09-01T19:41:26.273+0000] {processor.py:179} INFO - Processing /home/airflow/.local/lib/python3.8/site-packages/airflow/example_dags/example_dag_decorator.py took 0.475 seconds
[2023-09-01T19:59:28.926+0000] {processor.py:157} INFO - Started process (PID=73893) to work on /home/airflow/.local/lib/python3.8/site-packages/airflow/example_dags/example_dag_decorator.py
[2023-09-01T19:59:28.928+0000] {processor.py:829} INFO - Processing file /home/airflow/.local/lib/python3.8/site-packages/airflow/example_dags/example_dag_decorator.py for tasks to queue
[2023-09-01T19:59:28.929+0000] {logging_mixin.py:151} INFO - [2023-09-01T19:59:28.929+0000] {dagbag.py:539} INFO - Filling up the DagBag from /home/airflow/.local/lib/python3.8/site-packages/airflow/example_dags/example_dag_decorator.py
[2023-09-01T19:59:29.023+0000] {processor.py:839} INFO - DAG(s) dict_keys(['example_dag_decorator']) retrieved from /home/airflow/.local/lib/python3.8/site-packages/airflow/example_dags/example_dag_decorator.py
[2023-09-01T19:59:29.140+0000] {logging_mixin.py:151} INFO - [2023-09-01T19:59:29.140+0000] {dag.py:2907} INFO - Sync 1 DAGs
[2023-09-01T19:59:29.151+0000] {logging_mixin.py:151} INFO - [2023-09-01T19:59:29.150+0000] {dag.py:3677} INFO - Setting next_dagrun for example_dag_decorator to None, run_after=None
[2023-09-01T19:59:29.174+0000] {processor.py:179} INFO - Processing /home/airflow/.local/lib/python3.8/site-packages/airflow/example_dags/example_dag_decorator.py took 0.252 seconds
