[2023-09-01T02:15:42.432+0000] {processor.py:157} INFO - Started process (PID=73124) to work on /home/airflow/.local/lib/python3.8/site-packages/airflow/example_dags/example_branch_day_of_week_operator.py
[2023-09-01T02:15:42.435+0000] {processor.py:829} INFO - Processing file /home/airflow/.local/lib/python3.8/site-packages/airflow/example_dags/example_branch_day_of_week_operator.py for tasks to queue
[2023-09-01T02:15:42.438+0000] {logging_mixin.py:151} INFO - [2023-09-01T02:15:42.437+0000] {dagbag.py:539} INFO - Filling up the DagBag from /home/airflow/.local/lib/python3.8/site-packages/airflow/example_dags/example_branch_day_of_week_operator.py
[2023-09-01T02:15:42.453+0000] {processor.py:839} INFO - DAG(s) dict_keys(['example_weekday_branch_operator']) retrieved from /home/airflow/.local/lib/python3.8/site-packages/airflow/example_dags/example_branch_day_of_week_operator.py
[2023-09-01T02:15:42.498+0000] {logging_mixin.py:151} INFO - [2023-09-01T02:15:42.497+0000] {dag.py:2907} INFO - Sync 1 DAGs
[2023-09-01T02:15:42.548+0000] {logging_mixin.py:151} INFO - [2023-09-01T02:15:42.547+0000] {dag.py:3677} INFO - Setting next_dagrun for example_weekday_branch_operator to 2023-08-31T00:00:00+00:00, run_after=2023-09-01T00:00:00+00:00
[2023-09-01T02:15:42.573+0000] {processor.py:179} INFO - Processing /home/airflow/.local/lib/python3.8/site-packages/airflow/example_dags/example_branch_day_of_week_operator.py took 0.145 seconds
[2023-09-01T04:04:39.187+0000] {processor.py:157} INFO - Started process (PID=73217) to work on /home/airflow/.local/lib/python3.8/site-packages/airflow/example_dags/example_branch_day_of_week_operator.py
[2023-09-01T04:04:39.189+0000] {processor.py:829} INFO - Processing file /home/airflow/.local/lib/python3.8/site-packages/airflow/example_dags/example_branch_day_of_week_operator.py for tasks to queue
[2023-09-01T04:04:39.190+0000] {logging_mixin.py:151} INFO - [2023-09-01T04:04:39.190+0000] {dagbag.py:539} INFO - Filling up the DagBag from /home/airflow/.local/lib/python3.8/site-packages/airflow/example_dags/example_branch_day_of_week_operator.py
[2023-09-01T04:04:39.200+0000] {processor.py:839} INFO - DAG(s) dict_keys(['example_weekday_branch_operator']) retrieved from /home/airflow/.local/lib/python3.8/site-packages/airflow/example_dags/example_branch_day_of_week_operator.py
[2023-09-01T04:04:39.228+0000] {logging_mixin.py:151} INFO - [2023-09-01T04:04:39.228+0000] {dag.py:2907} INFO - Sync 1 DAGs
[2023-09-01T04:04:39.254+0000] {logging_mixin.py:151} INFO - [2023-09-01T04:04:39.254+0000] {dag.py:3677} INFO - Setting next_dagrun for example_weekday_branch_operator to 2023-08-31T00:00:00+00:00, run_after=2023-09-01T00:00:00+00:00
[2023-09-01T04:04:39.275+0000] {processor.py:179} INFO - Processing /home/airflow/.local/lib/python3.8/site-packages/airflow/example_dags/example_branch_day_of_week_operator.py took 0.092 seconds
[2023-09-01T04:05:19.524+0000] {processor.py:157} INFO - Started process (PID=73272) to work on /home/airflow/.local/lib/python3.8/site-packages/airflow/example_dags/example_branch_day_of_week_operator.py
[2023-09-01T04:05:19.531+0000] {processor.py:829} INFO - Processing file /home/airflow/.local/lib/python3.8/site-packages/airflow/example_dags/example_branch_day_of_week_operator.py for tasks to queue
[2023-09-01T04:05:19.537+0000] {logging_mixin.py:151} INFO - [2023-09-01T04:05:19.535+0000] {dagbag.py:539} INFO - Filling up the DagBag from /home/airflow/.local/lib/python3.8/site-packages/airflow/example_dags/example_branch_day_of_week_operator.py
[2023-09-01T04:05:19.585+0000] {processor.py:839} INFO - DAG(s) dict_keys(['example_weekday_branch_operator']) retrieved from /home/airflow/.local/lib/python3.8/site-packages/airflow/example_dags/example_branch_day_of_week_operator.py
[2023-09-01T04:05:19.705+0000] {logging_mixin.py:151} INFO - [2023-09-01T04:05:19.704+0000] {dag.py:2907} INFO - Sync 1 DAGs
[2023-09-01T04:05:19.821+0000] {logging_mixin.py:151} INFO - [2023-09-01T04:05:19.820+0000] {dag.py:3677} INFO - Setting next_dagrun for example_weekday_branch_operator to 2023-08-31T00:00:00+00:00, run_after=2023-09-01T00:00:00+00:00
[2023-09-01T04:05:19.912+0000] {processor.py:179} INFO - Processing /home/airflow/.local/lib/python3.8/site-packages/airflow/example_dags/example_branch_day_of_week_operator.py took 0.409 seconds
[2023-09-01T04:05:50.569+0000] {processor.py:157} INFO - Started process (PID=73326) to work on /home/airflow/.local/lib/python3.8/site-packages/airflow/example_dags/example_branch_day_of_week_operator.py
[2023-09-01T04:05:50.571+0000] {processor.py:829} INFO - Processing file /home/airflow/.local/lib/python3.8/site-packages/airflow/example_dags/example_branch_day_of_week_operator.py for tasks to queue
[2023-09-01T04:05:50.572+0000] {logging_mixin.py:151} INFO - [2023-09-01T04:05:50.572+0000] {dagbag.py:539} INFO - Filling up the DagBag from /home/airflow/.local/lib/python3.8/site-packages/airflow/example_dags/example_branch_day_of_week_operator.py
[2023-09-01T04:05:50.583+0000] {processor.py:839} INFO - DAG(s) dict_keys(['example_weekday_branch_operator']) retrieved from /home/airflow/.local/lib/python3.8/site-packages/airflow/example_dags/example_branch_day_of_week_operator.py
[2023-09-01T04:05:50.613+0000] {logging_mixin.py:151} INFO - [2023-09-01T04:05:50.612+0000] {dag.py:2907} INFO - Sync 1 DAGs
[2023-09-01T04:05:50.641+0000] {logging_mixin.py:151} INFO - [2023-09-01T04:05:50.641+0000] {dag.py:3677} INFO - Setting next_dagrun for example_weekday_branch_operator to 2023-08-31T00:00:00+00:00, run_after=2023-09-01T00:00:00+00:00
[2023-09-01T04:05:50.663+0000] {processor.py:179} INFO - Processing /home/airflow/.local/lib/python3.8/site-packages/airflow/example_dags/example_branch_day_of_week_operator.py took 0.098 seconds
[2023-09-01T10:29:13.688+0000] {processor.py:157} INFO - Started process (PID=73375) to work on /home/airflow/.local/lib/python3.8/site-packages/airflow/example_dags/example_branch_day_of_week_operator.py
[2023-09-01T10:29:13.689+0000] {processor.py:829} INFO - Processing file /home/airflow/.local/lib/python3.8/site-packages/airflow/example_dags/example_branch_day_of_week_operator.py for tasks to queue
[2023-09-01T10:29:13.690+0000] {logging_mixin.py:151} INFO - [2023-09-01T10:29:13.690+0000] {dagbag.py:539} INFO - Filling up the DagBag from /home/airflow/.local/lib/python3.8/site-packages/airflow/example_dags/example_branch_day_of_week_operator.py
[2023-09-01T10:29:13.701+0000] {processor.py:839} INFO - DAG(s) dict_keys(['example_weekday_branch_operator']) retrieved from /home/airflow/.local/lib/python3.8/site-packages/airflow/example_dags/example_branch_day_of_week_operator.py
[2023-09-01T10:29:13.728+0000] {logging_mixin.py:151} INFO - [2023-09-01T10:29:13.728+0000] {dag.py:2907} INFO - Sync 1 DAGs
[2023-09-01T10:29:13.755+0000] {logging_mixin.py:151} INFO - [2023-09-01T10:29:13.755+0000] {dag.py:3677} INFO - Setting next_dagrun for example_weekday_branch_operator to 2023-08-31T00:00:00+00:00, run_after=2023-09-01T00:00:00+00:00
[2023-09-01T10:29:13.776+0000] {processor.py:179} INFO - Processing /home/airflow/.local/lib/python3.8/site-packages/airflow/example_dags/example_branch_day_of_week_operator.py took 0.093 seconds
[2023-09-01T16:39:34.414+0000] {processor.py:157} INFO - Started process (PID=73431) to work on /home/airflow/.local/lib/python3.8/site-packages/airflow/example_dags/example_branch_day_of_week_operator.py
[2023-09-01T16:39:34.415+0000] {processor.py:829} INFO - Processing file /home/airflow/.local/lib/python3.8/site-packages/airflow/example_dags/example_branch_day_of_week_operator.py for tasks to queue
[2023-09-01T16:39:34.417+0000] {logging_mixin.py:151} INFO - [2023-09-01T16:39:34.416+0000] {dagbag.py:539} INFO - Filling up the DagBag from /home/airflow/.local/lib/python3.8/site-packages/airflow/example_dags/example_branch_day_of_week_operator.py
[2023-09-01T16:39:34.427+0000] {processor.py:839} INFO - DAG(s) dict_keys(['example_weekday_branch_operator']) retrieved from /home/airflow/.local/lib/python3.8/site-packages/airflow/example_dags/example_branch_day_of_week_operator.py
[2023-09-01T16:39:34.455+0000] {logging_mixin.py:151} INFO - [2023-09-01T16:39:34.455+0000] {dag.py:2907} INFO - Sync 1 DAGs
[2023-09-01T16:39:34.482+0000] {logging_mixin.py:151} INFO - [2023-09-01T16:39:34.482+0000] {dag.py:3677} INFO - Setting next_dagrun for example_weekday_branch_operator to 2023-08-31T00:00:00+00:00, run_after=2023-09-01T00:00:00+00:00
[2023-09-01T16:39:34.505+0000] {processor.py:179} INFO - Processing /home/airflow/.local/lib/python3.8/site-packages/airflow/example_dags/example_branch_day_of_week_operator.py took 0.096 seconds
[2023-09-01T16:40:05.130+0000] {processor.py:157} INFO - Started process (PID=73485) to work on /home/airflow/.local/lib/python3.8/site-packages/airflow/example_dags/example_branch_day_of_week_operator.py
[2023-09-01T16:40:05.131+0000] {processor.py:829} INFO - Processing file /home/airflow/.local/lib/python3.8/site-packages/airflow/example_dags/example_branch_day_of_week_operator.py for tasks to queue
[2023-09-01T16:40:05.133+0000] {logging_mixin.py:151} INFO - [2023-09-01T16:40:05.132+0000] {dagbag.py:539} INFO - Filling up the DagBag from /home/airflow/.local/lib/python3.8/site-packages/airflow/example_dags/example_branch_day_of_week_operator.py
[2023-09-01T16:40:05.143+0000] {processor.py:839} INFO - DAG(s) dict_keys(['example_weekday_branch_operator']) retrieved from /home/airflow/.local/lib/python3.8/site-packages/airflow/example_dags/example_branch_day_of_week_operator.py
[2023-09-01T16:40:05.172+0000] {logging_mixin.py:151} INFO - [2023-09-01T16:40:05.171+0000] {dag.py:2907} INFO - Sync 1 DAGs
[2023-09-01T16:40:05.197+0000] {logging_mixin.py:151} INFO - [2023-09-01T16:40:05.197+0000] {dag.py:3677} INFO - Setting next_dagrun for example_weekday_branch_operator to 2023-08-31T00:00:00+00:00, run_after=2023-09-01T00:00:00+00:00
[2023-09-01T16:40:05.219+0000] {processor.py:179} INFO - Processing /home/airflow/.local/lib/python3.8/site-packages/airflow/example_dags/example_branch_day_of_week_operator.py took 0.093 seconds
[2023-09-01T17:33:21.142+0000] {processor.py:157} INFO - Started process (PID=73567) to work on /home/airflow/.local/lib/python3.8/site-packages/airflow/example_dags/example_branch_day_of_week_operator.py
[2023-09-01T17:33:21.143+0000] {processor.py:829} INFO - Processing file /home/airflow/.local/lib/python3.8/site-packages/airflow/example_dags/example_branch_day_of_week_operator.py for tasks to queue
[2023-09-01T17:33:21.145+0000] {logging_mixin.py:151} INFO - [2023-09-01T17:33:21.144+0000] {dagbag.py:539} INFO - Filling up the DagBag from /home/airflow/.local/lib/python3.8/site-packages/airflow/example_dags/example_branch_day_of_week_operator.py
[2023-09-01T17:33:21.155+0000] {processor.py:839} INFO - DAG(s) dict_keys(['example_weekday_branch_operator']) retrieved from /home/airflow/.local/lib/python3.8/site-packages/airflow/example_dags/example_branch_day_of_week_operator.py
[2023-09-01T17:33:21.184+0000] {logging_mixin.py:151} INFO - [2023-09-01T17:33:21.184+0000] {dag.py:2907} INFO - Sync 1 DAGs
[2023-09-01T17:33:21.210+0000] {logging_mixin.py:151} INFO - [2023-09-01T17:33:21.210+0000] {dag.py:3677} INFO - Setting next_dagrun for example_weekday_branch_operator to 2023-08-31T00:00:00+00:00, run_after=2023-09-01T00:00:00+00:00
[2023-09-01T17:33:21.232+0000] {processor.py:179} INFO - Processing /home/airflow/.local/lib/python3.8/site-packages/airflow/example_dags/example_branch_day_of_week_operator.py took 0.095 seconds
[2023-09-01T17:55:32.623+0000] {processor.py:157} INFO - Started process (PID=73622) to work on /home/airflow/.local/lib/python3.8/site-packages/airflow/example_dags/example_branch_day_of_week_operator.py
[2023-09-01T17:55:32.624+0000] {processor.py:829} INFO - Processing file /home/airflow/.local/lib/python3.8/site-packages/airflow/example_dags/example_branch_day_of_week_operator.py for tasks to queue
[2023-09-01T17:55:32.625+0000] {logging_mixin.py:151} INFO - [2023-09-01T17:55:32.625+0000] {dagbag.py:539} INFO - Filling up the DagBag from /home/airflow/.local/lib/python3.8/site-packages/airflow/example_dags/example_branch_day_of_week_operator.py
[2023-09-01T17:55:32.636+0000] {processor.py:839} INFO - DAG(s) dict_keys(['example_weekday_branch_operator']) retrieved from /home/airflow/.local/lib/python3.8/site-packages/airflow/example_dags/example_branch_day_of_week_operator.py
[2023-09-01T17:55:32.665+0000] {logging_mixin.py:151} INFO - [2023-09-01T17:55:32.664+0000] {dag.py:2907} INFO - Sync 1 DAGs
[2023-09-01T17:55:32.691+0000] {logging_mixin.py:151} INFO - [2023-09-01T17:55:32.691+0000] {dag.py:3677} INFO - Setting next_dagrun for example_weekday_branch_operator to 2023-08-31T00:00:00+00:00, run_after=2023-09-01T00:00:00+00:00
[2023-09-01T17:55:32.712+0000] {processor.py:179} INFO - Processing /home/airflow/.local/lib/python3.8/site-packages/airflow/example_dags/example_branch_day_of_week_operator.py took 0.094 seconds
[2023-09-01T18:41:53.577+0000] {processor.py:157} INFO - Started process (PID=73677) to work on /home/airflow/.local/lib/python3.8/site-packages/airflow/example_dags/example_branch_day_of_week_operator.py
[2023-09-01T18:41:53.578+0000] {processor.py:829} INFO - Processing file /home/airflow/.local/lib/python3.8/site-packages/airflow/example_dags/example_branch_day_of_week_operator.py for tasks to queue
[2023-09-01T18:41:53.580+0000] {logging_mixin.py:151} INFO - [2023-09-01T18:41:53.579+0000] {dagbag.py:539} INFO - Filling up the DagBag from /home/airflow/.local/lib/python3.8/site-packages/airflow/example_dags/example_branch_day_of_week_operator.py
[2023-09-01T18:41:53.590+0000] {processor.py:839} INFO - DAG(s) dict_keys(['example_weekday_branch_operator']) retrieved from /home/airflow/.local/lib/python3.8/site-packages/airflow/example_dags/example_branch_day_of_week_operator.py
[2023-09-01T18:41:53.618+0000] {logging_mixin.py:151} INFO - [2023-09-01T18:41:53.618+0000] {dag.py:2907} INFO - Sync 1 DAGs
[2023-09-01T18:41:53.644+0000] {logging_mixin.py:151} INFO - [2023-09-01T18:41:53.644+0000] {dag.py:3677} INFO - Setting next_dagrun for example_weekday_branch_operator to 2023-08-31T00:00:00+00:00, run_after=2023-09-01T00:00:00+00:00
[2023-09-01T18:41:53.665+0000] {processor.py:179} INFO - Processing /home/airflow/.local/lib/python3.8/site-packages/airflow/example_dags/example_branch_day_of_week_operator.py took 0.092 seconds
[2023-09-01T19:35:59.777+0000] {processor.py:157} INFO - Started process (PID=73732) to work on /home/airflow/.local/lib/python3.8/site-packages/airflow/example_dags/example_branch_day_of_week_operator.py
[2023-09-01T19:35:59.779+0000] {processor.py:829} INFO - Processing file /home/airflow/.local/lib/python3.8/site-packages/airflow/example_dags/example_branch_day_of_week_operator.py for tasks to queue
[2023-09-01T19:35:59.780+0000] {logging_mixin.py:151} INFO - [2023-09-01T19:35:59.780+0000] {dagbag.py:539} INFO - Filling up the DagBag from /home/airflow/.local/lib/python3.8/site-packages/airflow/example_dags/example_branch_day_of_week_operator.py
[2023-09-01T19:35:59.791+0000] {processor.py:839} INFO - DAG(s) dict_keys(['example_weekday_branch_operator']) retrieved from /home/airflow/.local/lib/python3.8/site-packages/airflow/example_dags/example_branch_day_of_week_operator.py
[2023-09-01T19:35:59.820+0000] {logging_mixin.py:151} INFO - [2023-09-01T19:35:59.819+0000] {dag.py:2907} INFO - Sync 1 DAGs
[2023-09-01T19:35:59.846+0000] {logging_mixin.py:151} INFO - [2023-09-01T19:35:59.846+0000] {dag.py:3677} INFO - Setting next_dagrun for example_weekday_branch_operator to 2023-08-31T00:00:00+00:00, run_after=2023-09-01T00:00:00+00:00
[2023-09-01T19:35:59.868+0000] {processor.py:179} INFO - Processing /home/airflow/.local/lib/python3.8/site-packages/airflow/example_dags/example_branch_day_of_week_operator.py took 0.096 seconds
[2023-09-01T19:40:35.549+0000] {processor.py:157} INFO - Started process (PID=73787) to work on /home/airflow/.local/lib/python3.8/site-packages/airflow/example_dags/example_branch_day_of_week_operator.py
[2023-09-01T19:40:35.550+0000] {processor.py:829} INFO - Processing file /home/airflow/.local/lib/python3.8/site-packages/airflow/example_dags/example_branch_day_of_week_operator.py for tasks to queue
[2023-09-01T19:40:35.551+0000] {logging_mixin.py:151} INFO - [2023-09-01T19:40:35.551+0000] {dagbag.py:539} INFO - Filling up the DagBag from /home/airflow/.local/lib/python3.8/site-packages/airflow/example_dags/example_branch_day_of_week_operator.py
[2023-09-01T19:40:35.563+0000] {processor.py:839} INFO - DAG(s) dict_keys(['example_weekday_branch_operator']) retrieved from /home/airflow/.local/lib/python3.8/site-packages/airflow/example_dags/example_branch_day_of_week_operator.py
[2023-09-01T19:40:35.593+0000] {logging_mixin.py:151} INFO - [2023-09-01T19:40:35.592+0000] {dag.py:2907} INFO - Sync 1 DAGs
[2023-09-01T19:40:35.620+0000] {logging_mixin.py:151} INFO - [2023-09-01T19:40:35.620+0000] {dag.py:3677} INFO - Setting next_dagrun for example_weekday_branch_operator to 2023-08-31T00:00:00+00:00, run_after=2023-09-01T00:00:00+00:00
[2023-09-01T19:40:35.642+0000] {processor.py:179} INFO - Processing /home/airflow/.local/lib/python3.8/site-packages/airflow/example_dags/example_branch_day_of_week_operator.py took 0.098 seconds
[2023-09-01T19:41:26.428+0000] {processor.py:157} INFO - Started process (PID=73842) to work on /home/airflow/.local/lib/python3.8/site-packages/airflow/example_dags/example_branch_day_of_week_operator.py
[2023-09-01T19:41:26.430+0000] {processor.py:829} INFO - Processing file /home/airflow/.local/lib/python3.8/site-packages/airflow/example_dags/example_branch_day_of_week_operator.py for tasks to queue
[2023-09-01T19:41:26.431+0000] {logging_mixin.py:151} INFO - [2023-09-01T19:41:26.431+0000] {dagbag.py:539} INFO - Filling up the DagBag from /home/airflow/.local/lib/python3.8/site-packages/airflow/example_dags/example_branch_day_of_week_operator.py
[2023-09-01T19:41:26.442+0000] {processor.py:839} INFO - DAG(s) dict_keys(['example_weekday_branch_operator']) retrieved from /home/airflow/.local/lib/python3.8/site-packages/airflow/example_dags/example_branch_day_of_week_operator.py
[2023-09-01T19:41:26.471+0000] {logging_mixin.py:151} INFO - [2023-09-01T19:41:26.471+0000] {dag.py:2907} INFO - Sync 1 DAGs
[2023-09-01T19:41:26.499+0000] {logging_mixin.py:151} INFO - [2023-09-01T19:41:26.498+0000] {dag.py:3677} INFO - Setting next_dagrun for example_weekday_branch_operator to 2023-08-31T00:00:00+00:00, run_after=2023-09-01T00:00:00+00:00
[2023-09-01T19:41:26.521+0000] {processor.py:179} INFO - Processing /home/airflow/.local/lib/python3.8/site-packages/airflow/example_dags/example_branch_day_of_week_operator.py took 0.098 seconds
[2023-09-01T19:59:29.314+0000] {processor.py:157} INFO - Started process (PID=73897) to work on /home/airflow/.local/lib/python3.8/site-packages/airflow/example_dags/example_branch_day_of_week_operator.py
[2023-09-01T19:59:29.315+0000] {processor.py:829} INFO - Processing file /home/airflow/.local/lib/python3.8/site-packages/airflow/example_dags/example_branch_day_of_week_operator.py for tasks to queue
[2023-09-01T19:59:29.317+0000] {logging_mixin.py:151} INFO - [2023-09-01T19:59:29.316+0000] {dagbag.py:539} INFO - Filling up the DagBag from /home/airflow/.local/lib/python3.8/site-packages/airflow/example_dags/example_branch_day_of_week_operator.py
[2023-09-01T19:59:29.327+0000] {processor.py:839} INFO - DAG(s) dict_keys(['example_weekday_branch_operator']) retrieved from /home/airflow/.local/lib/python3.8/site-packages/airflow/example_dags/example_branch_day_of_week_operator.py
[2023-09-01T19:59:29.355+0000] {logging_mixin.py:151} INFO - [2023-09-01T19:59:29.355+0000] {dag.py:2907} INFO - Sync 1 DAGs
[2023-09-01T19:59:29.381+0000] {logging_mixin.py:151} INFO - [2023-09-01T19:59:29.381+0000] {dag.py:3677} INFO - Setting next_dagrun for example_weekday_branch_operator to 2023-08-31T00:00:00+00:00, run_after=2023-09-01T00:00:00+00:00
[2023-09-01T19:59:29.403+0000] {processor.py:179} INFO - Processing /home/airflow/.local/lib/python3.8/site-packages/airflow/example_dags/example_branch_day_of_week_operator.py took 0.093 seconds
