[2023-09-01T02:15:44.081+0000] {processor.py:157} INFO - Started process (PID=73143) to work on /home/airflow/.local/lib/python3.8/site-packages/airflow/example_dags/example_dynamic_task_mapping.py
[2023-09-01T02:15:44.083+0000] {processor.py:829} INFO - Processing file /home/airflow/.local/lib/python3.8/site-packages/airflow/example_dags/example_dynamic_task_mapping.py for tasks to queue
[2023-09-01T02:15:44.085+0000] {logging_mixin.py:151} INFO - [2023-09-01T02:15:44.085+0000] {dagbag.py:539} INFO - Filling up the DagBag from /home/airflow/.local/lib/python3.8/site-packages/airflow/example_dags/example_dynamic_task_mapping.py
[2023-09-01T02:15:44.096+0000] {processor.py:839} INFO - DAG(s) dict_keys(['example_dynamic_task_mapping']) retrieved from /home/airflow/.local/lib/python3.8/site-packages/airflow/example_dags/example_dynamic_task_mapping.py
[2023-09-01T02:15:44.129+0000] {logging_mixin.py:151} INFO - [2023-09-01T02:15:44.128+0000] {dag.py:2907} INFO - Sync 1 DAGs
[2023-09-01T02:15:44.154+0000] {logging_mixin.py:151} INFO - [2023-09-01T02:15:44.154+0000] {dag.py:3677} INFO - Setting next_dagrun for example_dynamic_task_mapping to 2022-03-04T00:00:00+00:00, run_after=2022-03-05T00:00:00+00:00
[2023-09-01T02:15:44.173+0000] {processor.py:179} INFO - Processing /home/airflow/.local/lib/python3.8/site-packages/airflow/example_dags/example_dynamic_task_mapping.py took 0.099 seconds
[2023-09-01T04:04:36.183+0000] {processor.py:157} INFO - Started process (PID=73188) to work on /home/airflow/.local/lib/python3.8/site-packages/airflow/example_dags/example_dynamic_task_mapping.py
[2023-09-01T04:04:36.185+0000] {processor.py:829} INFO - Processing file /home/airflow/.local/lib/python3.8/site-packages/airflow/example_dags/example_dynamic_task_mapping.py for tasks to queue
[2023-09-01T04:04:36.186+0000] {logging_mixin.py:151} INFO - [2023-09-01T04:04:36.186+0000] {dagbag.py:539} INFO - Filling up the DagBag from /home/airflow/.local/lib/python3.8/site-packages/airflow/example_dags/example_dynamic_task_mapping.py
[2023-09-01T04:04:36.197+0000] {processor.py:839} INFO - DAG(s) dict_keys(['example_dynamic_task_mapping']) retrieved from /home/airflow/.local/lib/python3.8/site-packages/airflow/example_dags/example_dynamic_task_mapping.py
[2023-09-01T04:04:36.240+0000] {logging_mixin.py:151} INFO - [2023-09-01T04:04:36.239+0000] {dag.py:2907} INFO - Sync 1 DAGs
[2023-09-01T04:04:36.282+0000] {logging_mixin.py:151} INFO - [2023-09-01T04:04:36.282+0000] {dag.py:3677} INFO - Setting next_dagrun for example_dynamic_task_mapping to 2022-03-04T00:00:00+00:00, run_after=2022-03-05T00:00:00+00:00
[2023-09-01T04:04:36.318+0000] {processor.py:179} INFO - Processing /home/airflow/.local/lib/python3.8/site-packages/airflow/example_dags/example_dynamic_task_mapping.py took 0.141 seconds
[2023-09-01T04:05:09.003+0000] {processor.py:157} INFO - Started process (PID=73243) to work on /home/airflow/.local/lib/python3.8/site-packages/airflow/example_dags/example_dynamic_task_mapping.py
[2023-09-01T04:05:09.009+0000] {processor.py:829} INFO - Processing file /home/airflow/.local/lib/python3.8/site-packages/airflow/example_dags/example_dynamic_task_mapping.py for tasks to queue
[2023-09-01T04:05:09.015+0000] {logging_mixin.py:151} INFO - [2023-09-01T04:05:09.013+0000] {dagbag.py:539} INFO - Filling up the DagBag from /home/airflow/.local/lib/python3.8/site-packages/airflow/example_dags/example_dynamic_task_mapping.py
[2023-09-01T04:05:09.052+0000] {processor.py:839} INFO - DAG(s) dict_keys(['example_dynamic_task_mapping']) retrieved from /home/airflow/.local/lib/python3.8/site-packages/airflow/example_dags/example_dynamic_task_mapping.py
[2023-09-01T04:05:09.167+0000] {logging_mixin.py:151} INFO - [2023-09-01T04:05:09.166+0000] {dag.py:2907} INFO - Sync 1 DAGs
[2023-09-01T04:05:09.280+0000] {logging_mixin.py:151} INFO - [2023-09-01T04:05:09.280+0000] {dag.py:3677} INFO - Setting next_dagrun for example_dynamic_task_mapping to 2022-03-04T00:00:00+00:00, run_after=2022-03-05T00:00:00+00:00
[2023-09-01T04:05:09.369+0000] {processor.py:179} INFO - Processing /home/airflow/.local/lib/python3.8/site-packages/airflow/example_dags/example_dynamic_task_mapping.py took 0.388 seconds
[2023-09-01T04:05:45.963+0000] {processor.py:157} INFO - Started process (PID=73298) to work on /home/airflow/.local/lib/python3.8/site-packages/airflow/example_dags/example_dynamic_task_mapping.py
[2023-09-01T04:05:45.964+0000] {processor.py:829} INFO - Processing file /home/airflow/.local/lib/python3.8/site-packages/airflow/example_dags/example_dynamic_task_mapping.py for tasks to queue
[2023-09-01T04:05:45.966+0000] {logging_mixin.py:151} INFO - [2023-09-01T04:05:45.965+0000] {dagbag.py:539} INFO - Filling up the DagBag from /home/airflow/.local/lib/python3.8/site-packages/airflow/example_dags/example_dynamic_task_mapping.py
[2023-09-01T04:05:45.974+0000] {processor.py:839} INFO - DAG(s) dict_keys(['example_dynamic_task_mapping']) retrieved from /home/airflow/.local/lib/python3.8/site-packages/airflow/example_dags/example_dynamic_task_mapping.py
[2023-09-01T04:05:46.000+0000] {logging_mixin.py:151} INFO - [2023-09-01T04:05:46.000+0000] {dag.py:2907} INFO - Sync 1 DAGs
[2023-09-01T04:05:46.026+0000] {logging_mixin.py:151} INFO - [2023-09-01T04:05:46.026+0000] {dag.py:3677} INFO - Setting next_dagrun for example_dynamic_task_mapping to 2022-03-04T00:00:00+00:00, run_after=2022-03-05T00:00:00+00:00
[2023-09-01T04:05:46.048+0000] {processor.py:179} INFO - Processing /home/airflow/.local/lib/python3.8/site-packages/airflow/example_dags/example_dynamic_task_mapping.py took 0.090 seconds
[2023-09-01T10:29:10.100+0000] {processor.py:157} INFO - Started process (PID=73346) to work on /home/airflow/.local/lib/python3.8/site-packages/airflow/example_dags/example_dynamic_task_mapping.py
[2023-09-01T10:29:10.101+0000] {processor.py:829} INFO - Processing file /home/airflow/.local/lib/python3.8/site-packages/airflow/example_dags/example_dynamic_task_mapping.py for tasks to queue
[2023-09-01T10:29:10.103+0000] {logging_mixin.py:151} INFO - [2023-09-01T10:29:10.102+0000] {dagbag.py:539} INFO - Filling up the DagBag from /home/airflow/.local/lib/python3.8/site-packages/airflow/example_dags/example_dynamic_task_mapping.py
[2023-09-01T10:29:10.111+0000] {processor.py:839} INFO - DAG(s) dict_keys(['example_dynamic_task_mapping']) retrieved from /home/airflow/.local/lib/python3.8/site-packages/airflow/example_dags/example_dynamic_task_mapping.py
[2023-09-01T10:29:10.141+0000] {logging_mixin.py:151} INFO - [2023-09-01T10:29:10.140+0000] {dag.py:2907} INFO - Sync 1 DAGs
[2023-09-01T10:29:10.187+0000] {logging_mixin.py:151} INFO - [2023-09-01T10:29:10.187+0000] {dag.py:3677} INFO - Setting next_dagrun for example_dynamic_task_mapping to 2022-03-04T00:00:00+00:00, run_after=2022-03-05T00:00:00+00:00
[2023-09-01T10:29:10.231+0000] {processor.py:179} INFO - Processing /home/airflow/.local/lib/python3.8/site-packages/airflow/example_dags/example_dynamic_task_mapping.py took 0.136 seconds
[2023-09-01T16:39:31.771+0000] {processor.py:157} INFO - Started process (PID=73402) to work on /home/airflow/.local/lib/python3.8/site-packages/airflow/example_dags/example_dynamic_task_mapping.py
[2023-09-01T16:39:31.773+0000] {processor.py:829} INFO - Processing file /home/airflow/.local/lib/python3.8/site-packages/airflow/example_dags/example_dynamic_task_mapping.py for tasks to queue
[2023-09-01T16:39:31.774+0000] {logging_mixin.py:151} INFO - [2023-09-01T16:39:31.774+0000] {dagbag.py:539} INFO - Filling up the DagBag from /home/airflow/.local/lib/python3.8/site-packages/airflow/example_dags/example_dynamic_task_mapping.py
[2023-09-01T16:39:31.783+0000] {processor.py:839} INFO - DAG(s) dict_keys(['example_dynamic_task_mapping']) retrieved from /home/airflow/.local/lib/python3.8/site-packages/airflow/example_dags/example_dynamic_task_mapping.py
[2023-09-01T16:39:31.814+0000] {logging_mixin.py:151} INFO - [2023-09-01T16:39:31.814+0000] {dag.py:2907} INFO - Sync 1 DAGs
[2023-09-01T16:39:31.843+0000] {logging_mixin.py:151} INFO - [2023-09-01T16:39:31.842+0000] {dag.py:3677} INFO - Setting next_dagrun for example_dynamic_task_mapping to 2022-03-04T00:00:00+00:00, run_after=2022-03-05T00:00:00+00:00
[2023-09-01T16:39:31.870+0000] {processor.py:179} INFO - Processing /home/airflow/.local/lib/python3.8/site-packages/airflow/example_dags/example_dynamic_task_mapping.py took 0.104 seconds
[2023-09-01T16:40:02.138+0000] {processor.py:157} INFO - Started process (PID=73457) to work on /home/airflow/.local/lib/python3.8/site-packages/airflow/example_dags/example_dynamic_task_mapping.py
[2023-09-01T16:40:02.140+0000] {processor.py:829} INFO - Processing file /home/airflow/.local/lib/python3.8/site-packages/airflow/example_dags/example_dynamic_task_mapping.py for tasks to queue
[2023-09-01T16:40:02.141+0000] {logging_mixin.py:151} INFO - [2023-09-01T16:40:02.141+0000] {dagbag.py:539} INFO - Filling up the DagBag from /home/airflow/.local/lib/python3.8/site-packages/airflow/example_dags/example_dynamic_task_mapping.py
[2023-09-01T16:40:02.150+0000] {processor.py:839} INFO - DAG(s) dict_keys(['example_dynamic_task_mapping']) retrieved from /home/airflow/.local/lib/python3.8/site-packages/airflow/example_dags/example_dynamic_task_mapping.py
[2023-09-01T16:40:02.175+0000] {logging_mixin.py:151} INFO - [2023-09-01T16:40:02.175+0000] {dag.py:2907} INFO - Sync 1 DAGs
[2023-09-01T16:40:02.200+0000] {logging_mixin.py:151} INFO - [2023-09-01T16:40:02.200+0000] {dag.py:3677} INFO - Setting next_dagrun for example_dynamic_task_mapping to 2022-03-04T00:00:00+00:00, run_after=2022-03-05T00:00:00+00:00
[2023-09-01T16:40:02.222+0000] {processor.py:179} INFO - Processing /home/airflow/.local/lib/python3.8/site-packages/airflow/example_dags/example_dynamic_task_mapping.py took 0.089 seconds
[2023-09-01T16:40:32.295+0000] {processor.py:157} INFO - Started process (PID=73512) to work on /home/airflow/.local/lib/python3.8/site-packages/airflow/example_dags/example_dynamic_task_mapping.py
[2023-09-01T16:40:32.296+0000] {processor.py:829} INFO - Processing file /home/airflow/.local/lib/python3.8/site-packages/airflow/example_dags/example_dynamic_task_mapping.py for tasks to queue
[2023-09-01T16:40:32.297+0000] {logging_mixin.py:151} INFO - [2023-09-01T16:40:32.297+0000] {dagbag.py:539} INFO - Filling up the DagBag from /home/airflow/.local/lib/python3.8/site-packages/airflow/example_dags/example_dynamic_task_mapping.py
[2023-09-01T16:40:32.305+0000] {processor.py:839} INFO - DAG(s) dict_keys(['example_dynamic_task_mapping']) retrieved from /home/airflow/.local/lib/python3.8/site-packages/airflow/example_dags/example_dynamic_task_mapping.py
[2023-09-01T16:40:32.331+0000] {logging_mixin.py:151} INFO - [2023-09-01T16:40:32.331+0000] {dag.py:2907} INFO - Sync 1 DAGs
[2023-09-01T16:40:32.358+0000] {logging_mixin.py:151} INFO - [2023-09-01T16:40:32.358+0000] {dag.py:3677} INFO - Setting next_dagrun for example_dynamic_task_mapping to 2022-03-04T00:00:00+00:00, run_after=2022-03-05T00:00:00+00:00
[2023-09-01T16:40:32.383+0000] {processor.py:179} INFO - Processing /home/airflow/.local/lib/python3.8/site-packages/airflow/example_dags/example_dynamic_task_mapping.py took 0.093 seconds
[2023-09-01T17:33:17.359+0000] {processor.py:157} INFO - Started process (PID=73541) to work on /home/airflow/.local/lib/python3.8/site-packages/airflow/example_dags/example_dynamic_task_mapping.py
[2023-09-01T17:33:17.361+0000] {processor.py:829} INFO - Processing file /home/airflow/.local/lib/python3.8/site-packages/airflow/example_dags/example_dynamic_task_mapping.py for tasks to queue
[2023-09-01T17:33:17.362+0000] {logging_mixin.py:151} INFO - [2023-09-01T17:33:17.362+0000] {dagbag.py:539} INFO - Filling up the DagBag from /home/airflow/.local/lib/python3.8/site-packages/airflow/example_dags/example_dynamic_task_mapping.py
[2023-09-01T17:33:17.371+0000] {processor.py:839} INFO - DAG(s) dict_keys(['example_dynamic_task_mapping']) retrieved from /home/airflow/.local/lib/python3.8/site-packages/airflow/example_dags/example_dynamic_task_mapping.py
[2023-09-01T17:33:17.404+0000] {logging_mixin.py:151} INFO - [2023-09-01T17:33:17.403+0000] {dag.py:2907} INFO - Sync 1 DAGs
[2023-09-01T17:33:17.587+0000] {logging_mixin.py:151} INFO - [2023-09-01T17:33:17.587+0000] {dag.py:3677} INFO - Setting next_dagrun for example_dynamic_task_mapping to 2022-03-04T00:00:00+00:00, run_after=2022-03-05T00:00:00+00:00
[2023-09-01T17:33:17.612+0000] {processor.py:179} INFO - Processing /home/airflow/.local/lib/python3.8/site-packages/airflow/example_dags/example_dynamic_task_mapping.py took 0.258 seconds
[2023-09-01T17:55:29.935+0000] {processor.py:157} INFO - Started process (PID=73593) to work on /home/airflow/.local/lib/python3.8/site-packages/airflow/example_dags/example_dynamic_task_mapping.py
[2023-09-01T17:55:29.936+0000] {processor.py:829} INFO - Processing file /home/airflow/.local/lib/python3.8/site-packages/airflow/example_dags/example_dynamic_task_mapping.py for tasks to queue
[2023-09-01T17:55:29.965+0000] {logging_mixin.py:151} INFO - [2023-09-01T17:55:29.965+0000] {dagbag.py:539} INFO - Filling up the DagBag from /home/airflow/.local/lib/python3.8/site-packages/airflow/example_dags/example_dynamic_task_mapping.py
[2023-09-01T17:55:29.978+0000] {processor.py:839} INFO - DAG(s) dict_keys(['example_dynamic_task_mapping']) retrieved from /home/airflow/.local/lib/python3.8/site-packages/airflow/example_dags/example_dynamic_task_mapping.py
[2023-09-01T17:55:30.026+0000] {logging_mixin.py:151} INFO - [2023-09-01T17:55:30.026+0000] {dag.py:2907} INFO - Sync 1 DAGs
[2023-09-01T17:55:30.067+0000] {logging_mixin.py:151} INFO - [2023-09-01T17:55:30.067+0000] {dag.py:3677} INFO - Setting next_dagrun for example_dynamic_task_mapping to 2022-03-04T00:00:00+00:00, run_after=2022-03-05T00:00:00+00:00
[2023-09-01T17:55:30.095+0000] {processor.py:179} INFO - Processing /home/airflow/.local/lib/python3.8/site-packages/airflow/example_dags/example_dynamic_task_mapping.py took 0.170 seconds
[2023-09-01T18:41:51.051+0000] {processor.py:157} INFO - Started process (PID=73648) to work on /home/airflow/.local/lib/python3.8/site-packages/airflow/example_dags/example_dynamic_task_mapping.py
[2023-09-01T18:41:51.053+0000] {processor.py:829} INFO - Processing file /home/airflow/.local/lib/python3.8/site-packages/airflow/example_dags/example_dynamic_task_mapping.py for tasks to queue
[2023-09-01T18:41:51.054+0000] {logging_mixin.py:151} INFO - [2023-09-01T18:41:51.054+0000] {dagbag.py:539} INFO - Filling up the DagBag from /home/airflow/.local/lib/python3.8/site-packages/airflow/example_dags/example_dynamic_task_mapping.py
[2023-09-01T18:41:51.063+0000] {processor.py:839} INFO - DAG(s) dict_keys(['example_dynamic_task_mapping']) retrieved from /home/airflow/.local/lib/python3.8/site-packages/airflow/example_dags/example_dynamic_task_mapping.py
[2023-09-01T18:41:51.091+0000] {logging_mixin.py:151} INFO - [2023-09-01T18:41:51.090+0000] {dag.py:2907} INFO - Sync 1 DAGs
[2023-09-01T18:41:51.117+0000] {logging_mixin.py:151} INFO - [2023-09-01T18:41:51.117+0000] {dag.py:3677} INFO - Setting next_dagrun for example_dynamic_task_mapping to 2022-03-04T00:00:00+00:00, run_after=2022-03-05T00:00:00+00:00
[2023-09-01T18:41:51.146+0000] {processor.py:179} INFO - Processing /home/airflow/.local/lib/python3.8/site-packages/airflow/example_dags/example_dynamic_task_mapping.py took 0.099 seconds
[2023-09-01T19:35:57.481+0000] {processor.py:157} INFO - Started process (PID=73703) to work on /home/airflow/.local/lib/python3.8/site-packages/airflow/example_dags/example_dynamic_task_mapping.py
[2023-09-01T19:35:57.483+0000] {processor.py:829} INFO - Processing file /home/airflow/.local/lib/python3.8/site-packages/airflow/example_dags/example_dynamic_task_mapping.py for tasks to queue
[2023-09-01T19:35:57.484+0000] {logging_mixin.py:151} INFO - [2023-09-01T19:35:57.484+0000] {dagbag.py:539} INFO - Filling up the DagBag from /home/airflow/.local/lib/python3.8/site-packages/airflow/example_dags/example_dynamic_task_mapping.py
[2023-09-01T19:35:57.493+0000] {processor.py:839} INFO - DAG(s) dict_keys(['example_dynamic_task_mapping']) retrieved from /home/airflow/.local/lib/python3.8/site-packages/airflow/example_dags/example_dynamic_task_mapping.py
[2023-09-01T19:35:57.525+0000] {logging_mixin.py:151} INFO - [2023-09-01T19:35:57.525+0000] {dag.py:2907} INFO - Sync 1 DAGs
[2023-09-01T19:35:57.557+0000] {logging_mixin.py:151} INFO - [2023-09-01T19:35:57.557+0000] {dag.py:3677} INFO - Setting next_dagrun for example_dynamic_task_mapping to 2022-03-04T00:00:00+00:00, run_after=2022-03-05T00:00:00+00:00
[2023-09-01T19:35:57.579+0000] {processor.py:179} INFO - Processing /home/airflow/.local/lib/python3.8/site-packages/airflow/example_dags/example_dynamic_task_mapping.py took 0.102 seconds
[2023-09-01T19:40:33.143+0000] {processor.py:157} INFO - Started process (PID=73758) to work on /home/airflow/.local/lib/python3.8/site-packages/airflow/example_dags/example_dynamic_task_mapping.py
[2023-09-01T19:40:33.144+0000] {processor.py:829} INFO - Processing file /home/airflow/.local/lib/python3.8/site-packages/airflow/example_dags/example_dynamic_task_mapping.py for tasks to queue
[2023-09-01T19:40:33.145+0000] {logging_mixin.py:151} INFO - [2023-09-01T19:40:33.145+0000] {dagbag.py:539} INFO - Filling up the DagBag from /home/airflow/.local/lib/python3.8/site-packages/airflow/example_dags/example_dynamic_task_mapping.py
[2023-09-01T19:40:33.154+0000] {processor.py:839} INFO - DAG(s) dict_keys(['example_dynamic_task_mapping']) retrieved from /home/airflow/.local/lib/python3.8/site-packages/airflow/example_dags/example_dynamic_task_mapping.py
[2023-09-01T19:40:33.184+0000] {logging_mixin.py:151} INFO - [2023-09-01T19:40:33.184+0000] {dag.py:2907} INFO - Sync 1 DAGs
[2023-09-01T19:40:33.211+0000] {logging_mixin.py:151} INFO - [2023-09-01T19:40:33.211+0000] {dag.py:3677} INFO - Setting next_dagrun for example_dynamic_task_mapping to 2022-03-04T00:00:00+00:00, run_after=2022-03-05T00:00:00+00:00
[2023-09-01T19:40:33.236+0000] {processor.py:179} INFO - Processing /home/airflow/.local/lib/python3.8/site-packages/airflow/example_dags/example_dynamic_task_mapping.py took 0.099 seconds
[2023-09-01T19:41:06.240+0000] {processor.py:157} INFO - Started process (PID=73813) to work on /home/airflow/.local/lib/python3.8/site-packages/airflow/example_dags/example_dynamic_task_mapping.py
[2023-09-01T19:41:06.247+0000] {processor.py:829} INFO - Processing file /home/airflow/.local/lib/python3.8/site-packages/airflow/example_dags/example_dynamic_task_mapping.py for tasks to queue
[2023-09-01T19:41:06.252+0000] {logging_mixin.py:151} INFO - [2023-09-01T19:41:06.251+0000] {dagbag.py:539} INFO - Filling up the DagBag from /home/airflow/.local/lib/python3.8/site-packages/airflow/example_dags/example_dynamic_task_mapping.py
[2023-09-01T19:41:06.290+0000] {processor.py:839} INFO - DAG(s) dict_keys(['example_dynamic_task_mapping']) retrieved from /home/airflow/.local/lib/python3.8/site-packages/airflow/example_dags/example_dynamic_task_mapping.py
[2023-09-01T19:41:06.413+0000] {logging_mixin.py:151} INFO - [2023-09-01T19:41:06.412+0000] {dag.py:2907} INFO - Sync 1 DAGs
[2023-09-01T19:41:06.530+0000] {logging_mixin.py:151} INFO - [2023-09-01T19:41:06.529+0000] {dag.py:3677} INFO - Setting next_dagrun for example_dynamic_task_mapping to 2022-03-04T00:00:00+00:00, run_after=2022-03-05T00:00:00+00:00
[2023-09-01T19:41:06.624+0000] {processor.py:179} INFO - Processing /home/airflow/.local/lib/python3.8/site-packages/airflow/example_dags/example_dynamic_task_mapping.py took 0.406 seconds
[2023-09-01T19:59:26.870+0000] {processor.py:157} INFO - Started process (PID=73867) to work on /home/airflow/.local/lib/python3.8/site-packages/airflow/example_dags/example_dynamic_task_mapping.py
[2023-09-01T19:59:26.873+0000] {processor.py:829} INFO - Processing file /home/airflow/.local/lib/python3.8/site-packages/airflow/example_dags/example_dynamic_task_mapping.py for tasks to queue
[2023-09-01T19:59:26.876+0000] {logging_mixin.py:151} INFO - [2023-09-01T19:59:26.875+0000] {dagbag.py:539} INFO - Filling up the DagBag from /home/airflow/.local/lib/python3.8/site-packages/airflow/example_dags/example_dynamic_task_mapping.py
[2023-09-01T19:59:26.895+0000] {processor.py:839} INFO - DAG(s) dict_keys(['example_dynamic_task_mapping']) retrieved from /home/airflow/.local/lib/python3.8/site-packages/airflow/example_dags/example_dynamic_task_mapping.py
[2023-09-01T19:59:26.959+0000] {logging_mixin.py:151} INFO - [2023-09-01T19:59:26.959+0000] {dag.py:2907} INFO - Sync 1 DAGs
[2023-09-01T19:59:26.990+0000] {logging_mixin.py:151} INFO - [2023-09-01T19:59:26.990+0000] {dag.py:3677} INFO - Setting next_dagrun for example_dynamic_task_mapping to 2022-03-04T00:00:00+00:00, run_after=2022-03-05T00:00:00+00:00
[2023-09-01T19:59:27.016+0000] {processor.py:179} INFO - Processing /home/airflow/.local/lib/python3.8/site-packages/airflow/example_dags/example_dynamic_task_mapping.py took 0.168 seconds
