[2023-09-01T02:15:45.901+0000] {processor.py:157} INFO - Started process (PID=73169) to work on /home/airflow/.local/lib/python3.8/site-packages/airflow/example_dags/example_params_ui_tutorial.py
[2023-09-01T02:15:45.903+0000] {processor.py:829} INFO - Processing file /home/airflow/.local/lib/python3.8/site-packages/airflow/example_dags/example_params_ui_tutorial.py for tasks to queue
[2023-09-01T02:15:45.904+0000] {logging_mixin.py:151} INFO - [2023-09-01T02:15:45.903+0000] {dagbag.py:539} INFO - Filling up the DagBag from /home/airflow/.local/lib/python3.8/site-packages/airflow/example_dags/example_params_ui_tutorial.py
[2023-09-01T02:15:45.944+0000] {processor.py:839} INFO - DAG(s) dict_keys(['example_params_ui_tutorial']) retrieved from /home/airflow/.local/lib/python3.8/site-packages/airflow/example_dags/example_params_ui_tutorial.py
[2023-09-01T02:15:46.216+0000] {logging_mixin.py:151} INFO - [2023-09-01T02:15:46.216+0000] {dag.py:2907} INFO - Sync 1 DAGs
[2023-09-01T02:15:46.225+0000] {logging_mixin.py:151} INFO - [2023-09-01T02:15:46.224+0000] {dag.py:3677} INFO - Setting next_dagrun for example_params_ui_tutorial to None, run_after=None
[2023-09-01T02:15:46.243+0000] {processor.py:179} INFO - Processing /home/airflow/.local/lib/python3.8/site-packages/airflow/example_dags/example_params_ui_tutorial.py took 0.346 seconds
[2023-09-01T04:04:38.712+0000] {processor.py:157} INFO - Started process (PID=73214) to work on /home/airflow/.local/lib/python3.8/site-packages/airflow/example_dags/example_params_ui_tutorial.py
[2023-09-01T04:04:38.713+0000] {processor.py:829} INFO - Processing file /home/airflow/.local/lib/python3.8/site-packages/airflow/example_dags/example_params_ui_tutorial.py for tasks to queue
[2023-09-01T04:04:38.715+0000] {logging_mixin.py:151} INFO - [2023-09-01T04:04:38.714+0000] {dagbag.py:539} INFO - Filling up the DagBag from /home/airflow/.local/lib/python3.8/site-packages/airflow/example_dags/example_params_ui_tutorial.py
[2023-09-01T04:04:38.762+0000] {processor.py:839} INFO - DAG(s) dict_keys(['example_params_ui_tutorial']) retrieved from /home/airflow/.local/lib/python3.8/site-packages/airflow/example_dags/example_params_ui_tutorial.py
[2023-09-01T04:04:38.826+0000] {logging_mixin.py:151} INFO - [2023-09-01T04:04:38.825+0000] {dag.py:2907} INFO - Sync 1 DAGs
[2023-09-01T04:04:38.840+0000] {logging_mixin.py:151} INFO - [2023-09-01T04:04:38.839+0000] {dag.py:3677} INFO - Setting next_dagrun for example_params_ui_tutorial to None, run_after=None
[2023-09-01T04:04:38.863+0000] {processor.py:179} INFO - Processing /home/airflow/.local/lib/python3.8/site-packages/airflow/example_dags/example_params_ui_tutorial.py took 0.155 seconds
[2023-09-01T04:05:17.983+0000] {processor.py:157} INFO - Started process (PID=73269) to work on /home/airflow/.local/lib/python3.8/site-packages/airflow/example_dags/example_params_ui_tutorial.py
[2023-09-01T04:05:17.990+0000] {processor.py:829} INFO - Processing file /home/airflow/.local/lib/python3.8/site-packages/airflow/example_dags/example_params_ui_tutorial.py for tasks to queue
[2023-09-01T04:05:17.995+0000] {logging_mixin.py:151} INFO - [2023-09-01T04:05:17.994+0000] {dagbag.py:539} INFO - Filling up the DagBag from /home/airflow/.local/lib/python3.8/site-packages/airflow/example_dags/example_params_ui_tutorial.py
[2023-09-01T04:05:18.217+0000] {processor.py:839} INFO - DAG(s) dict_keys(['example_params_ui_tutorial']) retrieved from /home/airflow/.local/lib/python3.8/site-packages/airflow/example_dags/example_params_ui_tutorial.py
[2023-09-01T04:05:18.546+0000] {logging_mixin.py:151} INFO - [2023-09-01T04:05:18.545+0000] {dag.py:2907} INFO - Sync 1 DAGs
[2023-09-01T04:05:18.614+0000] {logging_mixin.py:151} INFO - [2023-09-01T04:05:18.613+0000] {dag.py:3677} INFO - Setting next_dagrun for example_params_ui_tutorial to None, run_after=None
[2023-09-01T04:05:18.705+0000] {processor.py:179} INFO - Processing /home/airflow/.local/lib/python3.8/site-packages/airflow/example_dags/example_params_ui_tutorial.py took 0.742 seconds
[2023-09-01T04:05:49.066+0000] {processor.py:157} INFO - Started process (PID=73324) to work on /home/airflow/.local/lib/python3.8/site-packages/airflow/example_dags/example_params_ui_tutorial.py
[2023-09-01T04:05:49.068+0000] {processor.py:829} INFO - Processing file /home/airflow/.local/lib/python3.8/site-packages/airflow/example_dags/example_params_ui_tutorial.py for tasks to queue
[2023-09-01T04:05:49.069+0000] {logging_mixin.py:151} INFO - [2023-09-01T04:05:49.069+0000] {dagbag.py:539} INFO - Filling up the DagBag from /home/airflow/.local/lib/python3.8/site-packages/airflow/example_dags/example_params_ui_tutorial.py
[2023-09-01T04:05:49.111+0000] {processor.py:839} INFO - DAG(s) dict_keys(['example_params_ui_tutorial']) retrieved from /home/airflow/.local/lib/python3.8/site-packages/airflow/example_dags/example_params_ui_tutorial.py
[2023-09-01T04:05:49.179+0000] {logging_mixin.py:151} INFO - [2023-09-01T04:05:49.179+0000] {dag.py:2907} INFO - Sync 1 DAGs
[2023-09-01T04:05:49.195+0000] {logging_mixin.py:151} INFO - [2023-09-01T04:05:49.195+0000] {dag.py:3677} INFO - Setting next_dagrun for example_params_ui_tutorial to None, run_after=None
[2023-09-01T04:05:49.221+0000] {processor.py:179} INFO - Processing /home/airflow/.local/lib/python3.8/site-packages/airflow/example_dags/example_params_ui_tutorial.py took 0.159 seconds
[2023-09-01T10:29:13.179+0000] {processor.py:157} INFO - Started process (PID=73372) to work on /home/airflow/.local/lib/python3.8/site-packages/airflow/example_dags/example_params_ui_tutorial.py
[2023-09-01T10:29:13.180+0000] {processor.py:829} INFO - Processing file /home/airflow/.local/lib/python3.8/site-packages/airflow/example_dags/example_params_ui_tutorial.py for tasks to queue
[2023-09-01T10:29:13.181+0000] {logging_mixin.py:151} INFO - [2023-09-01T10:29:13.181+0000] {dagbag.py:539} INFO - Filling up the DagBag from /home/airflow/.local/lib/python3.8/site-packages/airflow/example_dags/example_params_ui_tutorial.py
[2023-09-01T10:29:13.227+0000] {processor.py:839} INFO - DAG(s) dict_keys(['example_params_ui_tutorial']) retrieved from /home/airflow/.local/lib/python3.8/site-packages/airflow/example_dags/example_params_ui_tutorial.py
[2023-09-01T10:29:13.299+0000] {logging_mixin.py:151} INFO - [2023-09-01T10:29:13.299+0000] {dag.py:2907} INFO - Sync 1 DAGs
[2023-09-01T10:29:13.316+0000] {logging_mixin.py:151} INFO - [2023-09-01T10:29:13.316+0000] {dag.py:3677} INFO - Setting next_dagrun for example_params_ui_tutorial to None, run_after=None
[2023-09-01T10:29:13.343+0000] {processor.py:179} INFO - Processing /home/airflow/.local/lib/python3.8/site-packages/airflow/example_dags/example_params_ui_tutorial.py took 0.168 seconds
[2023-09-01T16:39:33.912+0000] {processor.py:157} INFO - Started process (PID=73428) to work on /home/airflow/.local/lib/python3.8/site-packages/airflow/example_dags/example_params_ui_tutorial.py
[2023-09-01T16:39:33.914+0000] {processor.py:829} INFO - Processing file /home/airflow/.local/lib/python3.8/site-packages/airflow/example_dags/example_params_ui_tutorial.py for tasks to queue
[2023-09-01T16:39:33.915+0000] {logging_mixin.py:151} INFO - [2023-09-01T16:39:33.915+0000] {dagbag.py:539} INFO - Filling up the DagBag from /home/airflow/.local/lib/python3.8/site-packages/airflow/example_dags/example_params_ui_tutorial.py
[2023-09-01T16:39:33.967+0000] {processor.py:839} INFO - DAG(s) dict_keys(['example_params_ui_tutorial']) retrieved from /home/airflow/.local/lib/python3.8/site-packages/airflow/example_dags/example_params_ui_tutorial.py
[2023-09-01T16:39:34.050+0000] {logging_mixin.py:151} INFO - [2023-09-01T16:39:34.049+0000] {dag.py:2907} INFO - Sync 1 DAGs
[2023-09-01T16:39:34.068+0000] {logging_mixin.py:151} INFO - [2023-09-01T16:39:34.067+0000] {dag.py:3677} INFO - Setting next_dagrun for example_params_ui_tutorial to None, run_after=None
[2023-09-01T16:39:34.093+0000] {processor.py:179} INFO - Processing /home/airflow/.local/lib/python3.8/site-packages/airflow/example_dags/example_params_ui_tutorial.py took 0.186 seconds
[2023-09-01T16:40:04.919+0000] {processor.py:157} INFO - Started process (PID=73483) to work on /home/airflow/.local/lib/python3.8/site-packages/airflow/example_dags/example_params_ui_tutorial.py
[2023-09-01T16:40:04.920+0000] {processor.py:829} INFO - Processing file /home/airflow/.local/lib/python3.8/site-packages/airflow/example_dags/example_params_ui_tutorial.py for tasks to queue
[2023-09-01T16:40:04.922+0000] {logging_mixin.py:151} INFO - [2023-09-01T16:40:04.921+0000] {dagbag.py:539} INFO - Filling up the DagBag from /home/airflow/.local/lib/python3.8/site-packages/airflow/example_dags/example_params_ui_tutorial.py
[2023-09-01T16:40:04.968+0000] {processor.py:839} INFO - DAG(s) dict_keys(['example_params_ui_tutorial']) retrieved from /home/airflow/.local/lib/python3.8/site-packages/airflow/example_dags/example_params_ui_tutorial.py
[2023-09-01T16:40:05.045+0000] {logging_mixin.py:151} INFO - [2023-09-01T16:40:05.044+0000] {dag.py:2907} INFO - Sync 1 DAGs
[2023-09-01T16:40:05.062+0000] {logging_mixin.py:151} INFO - [2023-09-01T16:40:05.062+0000] {dag.py:3677} INFO - Setting next_dagrun for example_params_ui_tutorial to None, run_after=None
[2023-09-01T16:40:05.086+0000] {processor.py:179} INFO - Processing /home/airflow/.local/lib/python3.8/site-packages/airflow/example_dags/example_params_ui_tutorial.py took 0.172 seconds
[2023-09-01T17:33:20.850+0000] {processor.py:157} INFO - Started process (PID=73564) to work on /home/airflow/.local/lib/python3.8/site-packages/airflow/example_dags/example_params_ui_tutorial.py
[2023-09-01T17:33:20.851+0000] {processor.py:829} INFO - Processing file /home/airflow/.local/lib/python3.8/site-packages/airflow/example_dags/example_params_ui_tutorial.py for tasks to queue
[2023-09-01T17:33:20.852+0000] {logging_mixin.py:151} INFO - [2023-09-01T17:33:20.852+0000] {dagbag.py:539} INFO - Filling up the DagBag from /home/airflow/.local/lib/python3.8/site-packages/airflow/example_dags/example_params_ui_tutorial.py
[2023-09-01T17:33:20.899+0000] {processor.py:839} INFO - DAG(s) dict_keys(['example_params_ui_tutorial']) retrieved from /home/airflow/.local/lib/python3.8/site-packages/airflow/example_dags/example_params_ui_tutorial.py
[2023-09-01T17:33:20.960+0000] {logging_mixin.py:151} INFO - [2023-09-01T17:33:20.960+0000] {dag.py:2907} INFO - Sync 1 DAGs
[2023-09-01T17:33:20.976+0000] {logging_mixin.py:151} INFO - [2023-09-01T17:33:20.976+0000] {dag.py:3677} INFO - Setting next_dagrun for example_params_ui_tutorial to None, run_after=None
[2023-09-01T17:33:20.998+0000] {processor.py:179} INFO - Processing /home/airflow/.local/lib/python3.8/site-packages/airflow/example_dags/example_params_ui_tutorial.py took 0.153 seconds
[2023-09-01T17:55:32.302+0000] {processor.py:157} INFO - Started process (PID=73619) to work on /home/airflow/.local/lib/python3.8/site-packages/airflow/example_dags/example_params_ui_tutorial.py
[2023-09-01T17:55:32.304+0000] {processor.py:829} INFO - Processing file /home/airflow/.local/lib/python3.8/site-packages/airflow/example_dags/example_params_ui_tutorial.py for tasks to queue
[2023-09-01T17:55:32.305+0000] {logging_mixin.py:151} INFO - [2023-09-01T17:55:32.305+0000] {dagbag.py:539} INFO - Filling up the DagBag from /home/airflow/.local/lib/python3.8/site-packages/airflow/example_dags/example_params_ui_tutorial.py
[2023-09-01T17:55:32.352+0000] {processor.py:839} INFO - DAG(s) dict_keys(['example_params_ui_tutorial']) retrieved from /home/airflow/.local/lib/python3.8/site-packages/airflow/example_dags/example_params_ui_tutorial.py
[2023-09-01T17:55:32.415+0000] {logging_mixin.py:151} INFO - [2023-09-01T17:55:32.415+0000] {dag.py:2907} INFO - Sync 1 DAGs
[2023-09-01T17:55:32.427+0000] {logging_mixin.py:151} INFO - [2023-09-01T17:55:32.427+0000] {dag.py:3677} INFO - Setting next_dagrun for example_params_ui_tutorial to None, run_after=None
[2023-09-01T17:55:32.445+0000] {processor.py:179} INFO - Processing /home/airflow/.local/lib/python3.8/site-packages/airflow/example_dags/example_params_ui_tutorial.py took 0.147 seconds
[2023-09-01T18:41:53.296+0000] {processor.py:157} INFO - Started process (PID=73674) to work on /home/airflow/.local/lib/python3.8/site-packages/airflow/example_dags/example_params_ui_tutorial.py
[2023-09-01T18:41:53.298+0000] {processor.py:829} INFO - Processing file /home/airflow/.local/lib/python3.8/site-packages/airflow/example_dags/example_params_ui_tutorial.py for tasks to queue
[2023-09-01T18:41:53.299+0000] {logging_mixin.py:151} INFO - [2023-09-01T18:41:53.299+0000] {dagbag.py:539} INFO - Filling up the DagBag from /home/airflow/.local/lib/python3.8/site-packages/airflow/example_dags/example_params_ui_tutorial.py
[2023-09-01T18:41:53.344+0000] {processor.py:839} INFO - DAG(s) dict_keys(['example_params_ui_tutorial']) retrieved from /home/airflow/.local/lib/python3.8/site-packages/airflow/example_dags/example_params_ui_tutorial.py
[2023-09-01T18:41:53.403+0000] {logging_mixin.py:151} INFO - [2023-09-01T18:41:53.403+0000] {dag.py:2907} INFO - Sync 1 DAGs
[2023-09-01T18:41:53.415+0000] {logging_mixin.py:151} INFO - [2023-09-01T18:41:53.415+0000] {dag.py:3677} INFO - Setting next_dagrun for example_params_ui_tutorial to None, run_after=None
[2023-09-01T18:41:53.435+0000] {processor.py:179} INFO - Processing /home/airflow/.local/lib/python3.8/site-packages/airflow/example_dags/example_params_ui_tutorial.py took 0.144 seconds
[2023-09-01T19:35:59.492+0000] {processor.py:157} INFO - Started process (PID=73729) to work on /home/airflow/.local/lib/python3.8/site-packages/airflow/example_dags/example_params_ui_tutorial.py
[2023-09-01T19:35:59.493+0000] {processor.py:829} INFO - Processing file /home/airflow/.local/lib/python3.8/site-packages/airflow/example_dags/example_params_ui_tutorial.py for tasks to queue
[2023-09-01T19:35:59.495+0000] {logging_mixin.py:151} INFO - [2023-09-01T19:35:59.494+0000] {dagbag.py:539} INFO - Filling up the DagBag from /home/airflow/.local/lib/python3.8/site-packages/airflow/example_dags/example_params_ui_tutorial.py
[2023-09-01T19:35:59.540+0000] {processor.py:839} INFO - DAG(s) dict_keys(['example_params_ui_tutorial']) retrieved from /home/airflow/.local/lib/python3.8/site-packages/airflow/example_dags/example_params_ui_tutorial.py
[2023-09-01T19:35:59.599+0000] {logging_mixin.py:151} INFO - [2023-09-01T19:35:59.599+0000] {dag.py:2907} INFO - Sync 1 DAGs
[2023-09-01T19:35:59.613+0000] {logging_mixin.py:151} INFO - [2023-09-01T19:35:59.613+0000] {dag.py:3677} INFO - Setting next_dagrun for example_params_ui_tutorial to None, run_after=None
[2023-09-01T19:35:59.635+0000] {processor.py:179} INFO - Processing /home/airflow/.local/lib/python3.8/site-packages/airflow/example_dags/example_params_ui_tutorial.py took 0.148 seconds
[2023-09-01T19:40:35.214+0000] {processor.py:157} INFO - Started process (PID=73784) to work on /home/airflow/.local/lib/python3.8/site-packages/airflow/example_dags/example_params_ui_tutorial.py
[2023-09-01T19:40:35.216+0000] {processor.py:829} INFO - Processing file /home/airflow/.local/lib/python3.8/site-packages/airflow/example_dags/example_params_ui_tutorial.py for tasks to queue
[2023-09-01T19:40:35.217+0000] {logging_mixin.py:151} INFO - [2023-09-01T19:40:35.217+0000] {dagbag.py:539} INFO - Filling up the DagBag from /home/airflow/.local/lib/python3.8/site-packages/airflow/example_dags/example_params_ui_tutorial.py
[2023-09-01T19:40:35.268+0000] {processor.py:839} INFO - DAG(s) dict_keys(['example_params_ui_tutorial']) retrieved from /home/airflow/.local/lib/python3.8/site-packages/airflow/example_dags/example_params_ui_tutorial.py
[2023-09-01T19:40:35.332+0000] {logging_mixin.py:151} INFO - [2023-09-01T19:40:35.332+0000] {dag.py:2907} INFO - Sync 1 DAGs
[2023-09-01T19:40:35.344+0000] {logging_mixin.py:151} INFO - [2023-09-01T19:40:35.344+0000] {dag.py:3677} INFO - Setting next_dagrun for example_params_ui_tutorial to None, run_after=None
[2023-09-01T19:40:35.362+0000] {processor.py:179} INFO - Processing /home/airflow/.local/lib/python3.8/site-packages/airflow/example_dags/example_params_ui_tutorial.py took 0.152 seconds
[2023-09-01T19:41:25.822+0000] {processor.py:157} INFO - Started process (PID=73839) to work on /home/airflow/.local/lib/python3.8/site-packages/airflow/example_dags/example_params_ui_tutorial.py
[2023-09-01T19:41:25.825+0000] {processor.py:829} INFO - Processing file /home/airflow/.local/lib/python3.8/site-packages/airflow/example_dags/example_params_ui_tutorial.py for tasks to queue
[2023-09-01T19:41:25.827+0000] {logging_mixin.py:151} INFO - [2023-09-01T19:41:25.827+0000] {dagbag.py:539} INFO - Filling up the DagBag from /home/airflow/.local/lib/python3.8/site-packages/airflow/example_dags/example_params_ui_tutorial.py
[2023-09-01T19:41:25.897+0000] {processor.py:839} INFO - DAG(s) dict_keys(['example_params_ui_tutorial']) retrieved from /home/airflow/.local/lib/python3.8/site-packages/airflow/example_dags/example_params_ui_tutorial.py
[2023-09-01T19:41:25.986+0000] {logging_mixin.py:151} INFO - [2023-09-01T19:41:25.986+0000] {dag.py:2907} INFO - Sync 1 DAGs
[2023-09-01T19:41:26.004+0000] {logging_mixin.py:151} INFO - [2023-09-01T19:41:26.003+0000] {dag.py:3677} INFO - Setting next_dagrun for example_params_ui_tutorial to None, run_after=None
[2023-09-01T19:41:26.032+0000] {processor.py:179} INFO - Processing /home/airflow/.local/lib/python3.8/site-packages/airflow/example_dags/example_params_ui_tutorial.py took 0.217 seconds
[2023-09-01T19:59:29.002+0000] {processor.py:157} INFO - Started process (PID=73894) to work on /home/airflow/.local/lib/python3.8/site-packages/airflow/example_dags/example_params_ui_tutorial.py
[2023-09-01T19:59:29.003+0000] {processor.py:829} INFO - Processing file /home/airflow/.local/lib/python3.8/site-packages/airflow/example_dags/example_params_ui_tutorial.py for tasks to queue
[2023-09-01T19:59:29.005+0000] {logging_mixin.py:151} INFO - [2023-09-01T19:59:29.004+0000] {dagbag.py:539} INFO - Filling up the DagBag from /home/airflow/.local/lib/python3.8/site-packages/airflow/example_dags/example_params_ui_tutorial.py
[2023-09-01T19:59:29.052+0000] {processor.py:839} INFO - DAG(s) dict_keys(['example_params_ui_tutorial']) retrieved from /home/airflow/.local/lib/python3.8/site-packages/airflow/example_dags/example_params_ui_tutorial.py
[2023-09-01T19:59:29.114+0000] {logging_mixin.py:151} INFO - [2023-09-01T19:59:29.114+0000] {dag.py:2907} INFO - Sync 1 DAGs
[2023-09-01T19:59:29.126+0000] {logging_mixin.py:151} INFO - [2023-09-01T19:59:29.126+0000] {dag.py:3677} INFO - Setting next_dagrun for example_params_ui_tutorial to None, run_after=None
[2023-09-01T19:59:29.144+0000] {processor.py:179} INFO - Processing /home/airflow/.local/lib/python3.8/site-packages/airflow/example_dags/example_params_ui_tutorial.py took 0.146 seconds
