[2023-09-01T02:15:44.206+0000] {processor.py:157} INFO - Started process (PID=73145) to work on /home/airflow/.local/lib/python3.8/site-packages/airflow/example_dags/example_branch_python_dop_operator_3.py
[2023-09-01T02:15:44.207+0000] {processor.py:829} INFO - Processing file /home/airflow/.local/lib/python3.8/site-packages/airflow/example_dags/example_branch_python_dop_operator_3.py for tasks to queue
[2023-09-01T02:15:44.208+0000] {logging_mixin.py:151} INFO - [2023-09-01T02:15:44.208+0000] {dagbag.py:539} INFO - Filling up the DagBag from /home/airflow/.local/lib/python3.8/site-packages/airflow/example_dags/example_branch_python_dop_operator_3.py
[2023-09-01T02:15:44.219+0000] {processor.py:839} INFO - DAG(s) dict_keys(['example_branch_dop_operator_v3']) retrieved from /home/airflow/.local/lib/python3.8/site-packages/airflow/example_dags/example_branch_python_dop_operator_3.py
[2023-09-01T02:15:44.244+0000] {logging_mixin.py:151} INFO - [2023-09-01T02:15:44.244+0000] {dag.py:2907} INFO - Sync 1 DAGs
[2023-09-01T02:15:44.273+0000] {logging_mixin.py:151} INFO - [2023-09-01T02:15:44.273+0000] {dag.py:3677} INFO - Setting next_dagrun for example_branch_dop_operator_v3 to 2023-09-01T02:14:00+00:00, run_after=2023-09-01T02:15:00+00:00
[2023-09-01T02:15:44.296+0000] {processor.py:179} INFO - Processing /home/airflow/.local/lib/python3.8/site-packages/airflow/example_dags/example_branch_python_dop_operator_3.py took 0.094 seconds
[2023-09-01T04:04:36.372+0000] {processor.py:157} INFO - Started process (PID=73190) to work on /home/airflow/.local/lib/python3.8/site-packages/airflow/example_dags/example_branch_python_dop_operator_3.py
[2023-09-01T04:04:36.375+0000] {processor.py:829} INFO - Processing file /home/airflow/.local/lib/python3.8/site-packages/airflow/example_dags/example_branch_python_dop_operator_3.py for tasks to queue
[2023-09-01T04:04:36.377+0000] {logging_mixin.py:151} INFO - [2023-09-01T04:04:36.376+0000] {dagbag.py:539} INFO - Filling up the DagBag from /home/airflow/.local/lib/python3.8/site-packages/airflow/example_dags/example_branch_python_dop_operator_3.py
[2023-09-01T04:04:36.399+0000] {processor.py:839} INFO - DAG(s) dict_keys(['example_branch_dop_operator_v3']) retrieved from /home/airflow/.local/lib/python3.8/site-packages/airflow/example_dags/example_branch_python_dop_operator_3.py
[2023-09-01T04:04:36.436+0000] {logging_mixin.py:151} INFO - [2023-09-01T04:04:36.436+0000] {dag.py:2907} INFO - Sync 1 DAGs
[2023-09-01T04:04:36.480+0000] {logging_mixin.py:151} INFO - [2023-09-01T04:04:36.480+0000] {dag.py:3677} INFO - Setting next_dagrun for example_branch_dop_operator_v3 to 2023-09-01T04:03:00+00:00, run_after=2023-09-01T04:04:00+00:00
[2023-09-01T04:04:36.504+0000] {processor.py:179} INFO - Processing /home/airflow/.local/lib/python3.8/site-packages/airflow/example_dags/example_branch_python_dop_operator_3.py took 0.144 seconds
[2023-09-01T04:05:09.490+0000] {processor.py:157} INFO - Started process (PID=73245) to work on /home/airflow/.local/lib/python3.8/site-packages/airflow/example_dags/example_branch_python_dop_operator_3.py
[2023-09-01T04:05:09.496+0000] {processor.py:829} INFO - Processing file /home/airflow/.local/lib/python3.8/site-packages/airflow/example_dags/example_branch_python_dop_operator_3.py for tasks to queue
[2023-09-01T04:05:09.501+0000] {logging_mixin.py:151} INFO - [2023-09-01T04:05:09.500+0000] {dagbag.py:539} INFO - Filling up the DagBag from /home/airflow/.local/lib/python3.8/site-packages/airflow/example_dags/example_branch_python_dop_operator_3.py
[2023-09-01T04:05:09.556+0000] {processor.py:839} INFO - DAG(s) dict_keys(['example_branch_dop_operator_v3']) retrieved from /home/airflow/.local/lib/python3.8/site-packages/airflow/example_dags/example_branch_python_dop_operator_3.py
[2023-09-01T04:05:09.672+0000] {logging_mixin.py:151} INFO - [2023-09-01T04:05:09.671+0000] {dag.py:2907} INFO - Sync 1 DAGs
[2023-09-01T04:05:09.817+0000] {logging_mixin.py:151} INFO - [2023-09-01T04:05:09.816+0000] {dag.py:3677} INFO - Setting next_dagrun for example_branch_dop_operator_v3 to 2023-09-01T04:04:00+00:00, run_after=2023-09-01T04:05:00+00:00
[2023-09-01T04:05:09.911+0000] {processor.py:179} INFO - Processing /home/airflow/.local/lib/python3.8/site-packages/airflow/example_dags/example_branch_python_dop_operator_3.py took 0.443 seconds
[2023-09-01T04:05:46.078+0000] {processor.py:157} INFO - Started process (PID=73300) to work on /home/airflow/.local/lib/python3.8/site-packages/airflow/example_dags/example_branch_python_dop_operator_3.py
[2023-09-01T04:05:46.079+0000] {processor.py:829} INFO - Processing file /home/airflow/.local/lib/python3.8/site-packages/airflow/example_dags/example_branch_python_dop_operator_3.py for tasks to queue
[2023-09-01T04:05:46.080+0000] {logging_mixin.py:151} INFO - [2023-09-01T04:05:46.080+0000] {dagbag.py:539} INFO - Filling up the DagBag from /home/airflow/.local/lib/python3.8/site-packages/airflow/example_dags/example_branch_python_dop_operator_3.py
[2023-09-01T04:05:46.092+0000] {processor.py:839} INFO - DAG(s) dict_keys(['example_branch_dop_operator_v3']) retrieved from /home/airflow/.local/lib/python3.8/site-packages/airflow/example_dags/example_branch_python_dop_operator_3.py
[2023-09-01T04:05:46.119+0000] {logging_mixin.py:151} INFO - [2023-09-01T04:05:46.119+0000] {dag.py:2907} INFO - Sync 1 DAGs
[2023-09-01T04:05:46.151+0000] {logging_mixin.py:151} INFO - [2023-09-01T04:05:46.151+0000] {dag.py:3677} INFO - Setting next_dagrun for example_branch_dop_operator_v3 to 2023-09-01T04:04:00+00:00, run_after=2023-09-01T04:05:00+00:00
[2023-09-01T04:05:46.168+0000] {processor.py:179} INFO - Processing /home/airflow/.local/lib/python3.8/site-packages/airflow/example_dags/example_branch_python_dop_operator_3.py took 0.095 seconds
[2023-09-01T10:29:10.275+0000] {processor.py:157} INFO - Started process (PID=73348) to work on /home/airflow/.local/lib/python3.8/site-packages/airflow/example_dags/example_branch_python_dop_operator_3.py
[2023-09-01T10:29:10.280+0000] {processor.py:829} INFO - Processing file /home/airflow/.local/lib/python3.8/site-packages/airflow/example_dags/example_branch_python_dop_operator_3.py for tasks to queue
[2023-09-01T10:29:10.283+0000] {logging_mixin.py:151} INFO - [2023-09-01T10:29:10.282+0000] {dagbag.py:539} INFO - Filling up the DagBag from /home/airflow/.local/lib/python3.8/site-packages/airflow/example_dags/example_branch_python_dop_operator_3.py
[2023-09-01T10:29:10.312+0000] {processor.py:839} INFO - DAG(s) dict_keys(['example_branch_dop_operator_v3']) retrieved from /home/airflow/.local/lib/python3.8/site-packages/airflow/example_dags/example_branch_python_dop_operator_3.py
[2023-09-01T10:29:10.364+0000] {logging_mixin.py:151} INFO - [2023-09-01T10:29:10.364+0000] {dag.py:2907} INFO - Sync 1 DAGs
[2023-09-01T10:29:10.399+0000] {logging_mixin.py:151} INFO - [2023-09-01T10:29:10.399+0000] {dag.py:3677} INFO - Setting next_dagrun for example_branch_dop_operator_v3 to 2023-09-01T10:28:00+00:00, run_after=2023-09-01T10:29:00+00:00
[2023-09-01T10:29:10.426+0000] {processor.py:179} INFO - Processing /home/airflow/.local/lib/python3.8/site-packages/airflow/example_dags/example_branch_python_dop_operator_3.py took 0.158 seconds
[2023-09-01T16:39:31.904+0000] {processor.py:157} INFO - Started process (PID=73404) to work on /home/airflow/.local/lib/python3.8/site-packages/airflow/example_dags/example_branch_python_dop_operator_3.py
[2023-09-01T16:39:31.906+0000] {processor.py:829} INFO - Processing file /home/airflow/.local/lib/python3.8/site-packages/airflow/example_dags/example_branch_python_dop_operator_3.py for tasks to queue
[2023-09-01T16:39:31.908+0000] {logging_mixin.py:151} INFO - [2023-09-01T16:39:31.907+0000] {dagbag.py:539} INFO - Filling up the DagBag from /home/airflow/.local/lib/python3.8/site-packages/airflow/example_dags/example_branch_python_dop_operator_3.py
[2023-09-01T16:39:31.923+0000] {processor.py:839} INFO - DAG(s) dict_keys(['example_branch_dop_operator_v3']) retrieved from /home/airflow/.local/lib/python3.8/site-packages/airflow/example_dags/example_branch_python_dop_operator_3.py
[2023-09-01T16:39:31.952+0000] {logging_mixin.py:151} INFO - [2023-09-01T16:39:31.952+0000] {dag.py:2907} INFO - Sync 1 DAGs
[2023-09-01T16:39:31.990+0000] {logging_mixin.py:151} INFO - [2023-09-01T16:39:31.990+0000] {dag.py:3677} INFO - Setting next_dagrun for example_branch_dop_operator_v3 to 2023-09-01T16:38:00+00:00, run_after=2023-09-01T16:39:00+00:00
[2023-09-01T16:39:32.016+0000] {processor.py:179} INFO - Processing /home/airflow/.local/lib/python3.8/site-packages/airflow/example_dags/example_branch_python_dop_operator_3.py took 0.117 seconds
[2023-09-01T16:40:02.254+0000] {processor.py:157} INFO - Started process (PID=73459) to work on /home/airflow/.local/lib/python3.8/site-packages/airflow/example_dags/example_branch_python_dop_operator_3.py
[2023-09-01T16:40:02.255+0000] {processor.py:829} INFO - Processing file /home/airflow/.local/lib/python3.8/site-packages/airflow/example_dags/example_branch_python_dop_operator_3.py for tasks to queue
[2023-09-01T16:40:02.257+0000] {logging_mixin.py:151} INFO - [2023-09-01T16:40:02.256+0000] {dagbag.py:539} INFO - Filling up the DagBag from /home/airflow/.local/lib/python3.8/site-packages/airflow/example_dags/example_branch_python_dop_operator_3.py
[2023-09-01T16:40:02.270+0000] {processor.py:839} INFO - DAG(s) dict_keys(['example_branch_dop_operator_v3']) retrieved from /home/airflow/.local/lib/python3.8/site-packages/airflow/example_dags/example_branch_python_dop_operator_3.py
[2023-09-01T16:40:02.297+0000] {logging_mixin.py:151} INFO - [2023-09-01T16:40:02.297+0000] {dag.py:2907} INFO - Sync 1 DAGs
[2023-09-01T16:40:02.330+0000] {logging_mixin.py:151} INFO - [2023-09-01T16:40:02.330+0000] {dag.py:3677} INFO - Setting next_dagrun for example_branch_dop_operator_v3 to 2023-09-01T16:39:00+00:00, run_after=2023-09-01T16:40:00+00:00
[2023-09-01T16:40:02.353+0000] {processor.py:179} INFO - Processing /home/airflow/.local/lib/python3.8/site-packages/airflow/example_dags/example_branch_python_dop_operator_3.py took 0.104 seconds
[2023-09-01T16:40:32.460+0000] {processor.py:157} INFO - Started process (PID=73514) to work on /home/airflow/.local/lib/python3.8/site-packages/airflow/example_dags/example_branch_python_dop_operator_3.py
[2023-09-01T16:40:32.461+0000] {processor.py:829} INFO - Processing file /home/airflow/.local/lib/python3.8/site-packages/airflow/example_dags/example_branch_python_dop_operator_3.py for tasks to queue
[2023-09-01T16:40:32.463+0000] {logging_mixin.py:151} INFO - [2023-09-01T16:40:32.462+0000] {dagbag.py:539} INFO - Filling up the DagBag from /home/airflow/.local/lib/python3.8/site-packages/airflow/example_dags/example_branch_python_dop_operator_3.py
[2023-09-01T16:40:32.475+0000] {processor.py:839} INFO - DAG(s) dict_keys(['example_branch_dop_operator_v3']) retrieved from /home/airflow/.local/lib/python3.8/site-packages/airflow/example_dags/example_branch_python_dop_operator_3.py
[2023-09-01T16:40:32.502+0000] {logging_mixin.py:151} INFO - [2023-09-01T16:40:32.502+0000] {dag.py:2907} INFO - Sync 1 DAGs
[2023-09-01T16:40:32.534+0000] {logging_mixin.py:151} INFO - [2023-09-01T16:40:32.534+0000] {dag.py:3677} INFO - Setting next_dagrun for example_branch_dop_operator_v3 to 2023-09-01T16:39:00+00:00, run_after=2023-09-01T16:40:00+00:00
[2023-09-01T16:40:32.556+0000] {processor.py:179} INFO - Processing /home/airflow/.local/lib/python3.8/site-packages/airflow/example_dags/example_branch_python_dop_operator_3.py took 0.101 seconds
[2023-09-01T17:33:17.650+0000] {processor.py:157} INFO - Started process (PID=73543) to work on /home/airflow/.local/lib/python3.8/site-packages/airflow/example_dags/example_branch_python_dop_operator_3.py
[2023-09-01T17:33:17.651+0000] {processor.py:829} INFO - Processing file /home/airflow/.local/lib/python3.8/site-packages/airflow/example_dags/example_branch_python_dop_operator_3.py for tasks to queue
[2023-09-01T17:33:17.653+0000] {logging_mixin.py:151} INFO - [2023-09-01T17:33:17.652+0000] {dagbag.py:539} INFO - Filling up the DagBag from /home/airflow/.local/lib/python3.8/site-packages/airflow/example_dags/example_branch_python_dop_operator_3.py
[2023-09-01T17:33:17.665+0000] {processor.py:839} INFO - DAG(s) dict_keys(['example_branch_dop_operator_v3']) retrieved from /home/airflow/.local/lib/python3.8/site-packages/airflow/example_dags/example_branch_python_dop_operator_3.py
[2023-09-01T17:33:17.694+0000] {logging_mixin.py:151} INFO - [2023-09-01T17:33:17.694+0000] {dag.py:2907} INFO - Sync 1 DAGs
[2023-09-01T17:33:17.897+0000] {logging_mixin.py:151} INFO - [2023-09-01T17:33:17.896+0000] {dag.py:3677} INFO - Setting next_dagrun for example_branch_dop_operator_v3 to 2023-09-01T17:32:00+00:00, run_after=2023-09-01T17:33:00+00:00
[2023-09-01T17:33:17.930+0000] {processor.py:179} INFO - Processing /home/airflow/.local/lib/python3.8/site-packages/airflow/example_dags/example_branch_python_dop_operator_3.py took 0.285 seconds
[2023-09-01T17:55:30.242+0000] {processor.py:157} INFO - Started process (PID=73595) to work on /home/airflow/.local/lib/python3.8/site-packages/airflow/example_dags/example_branch_python_dop_operator_3.py
[2023-09-01T17:55:30.244+0000] {processor.py:829} INFO - Processing file /home/airflow/.local/lib/python3.8/site-packages/airflow/example_dags/example_branch_python_dop_operator_3.py for tasks to queue
[2023-09-01T17:55:30.245+0000] {logging_mixin.py:151} INFO - [2023-09-01T17:55:30.245+0000] {dagbag.py:539} INFO - Filling up the DagBag from /home/airflow/.local/lib/python3.8/site-packages/airflow/example_dags/example_branch_python_dop_operator_3.py
[2023-09-01T17:55:30.257+0000] {processor.py:839} INFO - DAG(s) dict_keys(['example_branch_dop_operator_v3']) retrieved from /home/airflow/.local/lib/python3.8/site-packages/airflow/example_dags/example_branch_python_dop_operator_3.py
[2023-09-01T17:55:30.285+0000] {logging_mixin.py:151} INFO - [2023-09-01T17:55:30.285+0000] {dag.py:2907} INFO - Sync 1 DAGs
[2023-09-01T17:55:30.318+0000] {logging_mixin.py:151} INFO - [2023-09-01T17:55:30.318+0000] {dag.py:3677} INFO - Setting next_dagrun for example_branch_dop_operator_v3 to 2023-09-01T17:54:00+00:00, run_after=2023-09-01T17:55:00+00:00
[2023-09-01T17:55:30.342+0000] {processor.py:179} INFO - Processing /home/airflow/.local/lib/python3.8/site-packages/airflow/example_dags/example_branch_python_dop_operator_3.py took 0.105 seconds
[2023-09-01T18:41:51.180+0000] {processor.py:157} INFO - Started process (PID=73650) to work on /home/airflow/.local/lib/python3.8/site-packages/airflow/example_dags/example_branch_python_dop_operator_3.py
[2023-09-01T18:41:51.182+0000] {processor.py:829} INFO - Processing file /home/airflow/.local/lib/python3.8/site-packages/airflow/example_dags/example_branch_python_dop_operator_3.py for tasks to queue
[2023-09-01T18:41:51.184+0000] {logging_mixin.py:151} INFO - [2023-09-01T18:41:51.183+0000] {dagbag.py:539} INFO - Filling up the DagBag from /home/airflow/.local/lib/python3.8/site-packages/airflow/example_dags/example_branch_python_dop_operator_3.py
[2023-09-01T18:41:51.206+0000] {processor.py:839} INFO - DAG(s) dict_keys(['example_branch_dop_operator_v3']) retrieved from /home/airflow/.local/lib/python3.8/site-packages/airflow/example_dags/example_branch_python_dop_operator_3.py
[2023-09-01T18:41:51.284+0000] {logging_mixin.py:151} INFO - [2023-09-01T18:41:51.283+0000] {dag.py:2907} INFO - Sync 1 DAGs
[2023-09-01T18:41:51.323+0000] {logging_mixin.py:151} INFO - [2023-09-01T18:41:51.322+0000] {dag.py:3677} INFO - Setting next_dagrun for example_branch_dop_operator_v3 to 2023-09-01T18:40:00+00:00, run_after=2023-09-01T18:41:00+00:00
[2023-09-01T18:41:51.366+0000] {processor.py:179} INFO - Processing /home/airflow/.local/lib/python3.8/site-packages/airflow/example_dags/example_branch_python_dop_operator_3.py took 0.192 seconds
[2023-09-01T19:35:57.613+0000] {processor.py:157} INFO - Started process (PID=73705) to work on /home/airflow/.local/lib/python3.8/site-packages/airflow/example_dags/example_branch_python_dop_operator_3.py
[2023-09-01T19:35:57.614+0000] {processor.py:829} INFO - Processing file /home/airflow/.local/lib/python3.8/site-packages/airflow/example_dags/example_branch_python_dop_operator_3.py for tasks to queue
[2023-09-01T19:35:57.615+0000] {logging_mixin.py:151} INFO - [2023-09-01T19:35:57.615+0000] {dagbag.py:539} INFO - Filling up the DagBag from /home/airflow/.local/lib/python3.8/site-packages/airflow/example_dags/example_branch_python_dop_operator_3.py
[2023-09-01T19:35:57.628+0000] {processor.py:839} INFO - DAG(s) dict_keys(['example_branch_dop_operator_v3']) retrieved from /home/airflow/.local/lib/python3.8/site-packages/airflow/example_dags/example_branch_python_dop_operator_3.py
[2023-09-01T19:35:57.658+0000] {logging_mixin.py:151} INFO - [2023-09-01T19:35:57.658+0000] {dag.py:2907} INFO - Sync 1 DAGs
[2023-09-01T19:35:57.691+0000] {logging_mixin.py:151} INFO - [2023-09-01T19:35:57.691+0000] {dag.py:3677} INFO - Setting next_dagrun for example_branch_dop_operator_v3 to 2023-09-01T19:34:00+00:00, run_after=2023-09-01T19:35:00+00:00
[2023-09-01T19:35:57.715+0000] {processor.py:179} INFO - Processing /home/airflow/.local/lib/python3.8/site-packages/airflow/example_dags/example_branch_python_dop_operator_3.py took 0.107 seconds
[2023-09-01T19:40:33.278+0000] {processor.py:157} INFO - Started process (PID=73760) to work on /home/airflow/.local/lib/python3.8/site-packages/airflow/example_dags/example_branch_python_dop_operator_3.py
[2023-09-01T19:40:33.280+0000] {processor.py:829} INFO - Processing file /home/airflow/.local/lib/python3.8/site-packages/airflow/example_dags/example_branch_python_dop_operator_3.py for tasks to queue
[2023-09-01T19:40:33.282+0000] {logging_mixin.py:151} INFO - [2023-09-01T19:40:33.281+0000] {dagbag.py:539} INFO - Filling up the DagBag from /home/airflow/.local/lib/python3.8/site-packages/airflow/example_dags/example_branch_python_dop_operator_3.py
[2023-09-01T19:40:33.299+0000] {processor.py:839} INFO - DAG(s) dict_keys(['example_branch_dop_operator_v3']) retrieved from /home/airflow/.local/lib/python3.8/site-packages/airflow/example_dags/example_branch_python_dop_operator_3.py
[2023-09-01T19:40:33.333+0000] {logging_mixin.py:151} INFO - [2023-09-01T19:40:33.333+0000] {dag.py:2907} INFO - Sync 1 DAGs
[2023-09-01T19:40:33.370+0000] {logging_mixin.py:151} INFO - [2023-09-01T19:40:33.370+0000] {dag.py:3677} INFO - Setting next_dagrun for example_branch_dop_operator_v3 to 2023-09-01T19:39:00+00:00, run_after=2023-09-01T19:40:00+00:00
[2023-09-01T19:40:33.393+0000] {processor.py:179} INFO - Processing /home/airflow/.local/lib/python3.8/site-packages/airflow/example_dags/example_branch_python_dop_operator_3.py took 0.124 seconds
[2023-09-01T19:41:06.742+0000] {processor.py:157} INFO - Started process (PID=73815) to work on /home/airflow/.local/lib/python3.8/site-packages/airflow/example_dags/example_branch_python_dop_operator_3.py
[2023-09-01T19:41:06.748+0000] {processor.py:829} INFO - Processing file /home/airflow/.local/lib/python3.8/site-packages/airflow/example_dags/example_branch_python_dop_operator_3.py for tasks to queue
[2023-09-01T19:41:06.753+0000] {logging_mixin.py:151} INFO - [2023-09-01T19:41:06.752+0000] {dagbag.py:539} INFO - Filling up the DagBag from /home/airflow/.local/lib/python3.8/site-packages/airflow/example_dags/example_branch_python_dop_operator_3.py
[2023-09-01T19:41:06.806+0000] {processor.py:839} INFO - DAG(s) dict_keys(['example_branch_dop_operator_v3']) retrieved from /home/airflow/.local/lib/python3.8/site-packages/airflow/example_dags/example_branch_python_dop_operator_3.py
[2023-09-01T19:41:06.922+0000] {logging_mixin.py:151} INFO - [2023-09-01T19:41:06.921+0000] {dag.py:2907} INFO - Sync 1 DAGs
[2023-09-01T19:41:07.071+0000] {logging_mixin.py:151} INFO - [2023-09-01T19:41:07.070+0000] {dag.py:3677} INFO - Setting next_dagrun for example_branch_dop_operator_v3 to 2023-09-01T19:40:00+00:00, run_after=2023-09-01T19:41:00+00:00
[2023-09-01T19:41:07.166+0000] {processor.py:179} INFO - Processing /home/airflow/.local/lib/python3.8/site-packages/airflow/example_dags/example_branch_python_dop_operator_3.py took 0.443 seconds
[2023-09-01T19:59:27.084+0000] {processor.py:157} INFO - Started process (PID=73870) to work on /home/airflow/.local/lib/python3.8/site-packages/airflow/example_dags/example_branch_python_dop_operator_3.py
[2023-09-01T19:59:27.091+0000] {processor.py:829} INFO - Processing file /home/airflow/.local/lib/python3.8/site-packages/airflow/example_dags/example_branch_python_dop_operator_3.py for tasks to queue
[2023-09-01T19:59:27.094+0000] {logging_mixin.py:151} INFO - [2023-09-01T19:59:27.093+0000] {dagbag.py:539} INFO - Filling up the DagBag from /home/airflow/.local/lib/python3.8/site-packages/airflow/example_dags/example_branch_python_dop_operator_3.py
[2023-09-01T19:59:27.128+0000] {processor.py:839} INFO - DAG(s) dict_keys(['example_branch_dop_operator_v3']) retrieved from /home/airflow/.local/lib/python3.8/site-packages/airflow/example_dags/example_branch_python_dop_operator_3.py
[2023-09-01T19:59:27.163+0000] {logging_mixin.py:151} INFO - [2023-09-01T19:59:27.163+0000] {dag.py:2907} INFO - Sync 1 DAGs
[2023-09-01T19:59:27.241+0000] {logging_mixin.py:151} INFO - [2023-09-01T19:59:27.240+0000] {dag.py:3677} INFO - Setting next_dagrun for example_branch_dop_operator_v3 to 2023-09-01T19:58:00+00:00, run_after=2023-09-01T19:59:00+00:00
[2023-09-01T19:59:27.288+0000] {processor.py:179} INFO - Processing /home/airflow/.local/lib/python3.8/site-packages/airflow/example_dags/example_branch_python_dop_operator_3.py took 0.220 seconds
