[2023-09-01T02:15:45.487+0000] {processor.py:157} INFO - Started process (PID=73163) to work on /home/airflow/.local/lib/python3.8/site-packages/airflow/example_dags/example_params_trigger_ui.py
[2023-09-01T02:15:45.488+0000] {processor.py:829} INFO - Processing file /home/airflow/.local/lib/python3.8/site-packages/airflow/example_dags/example_params_trigger_ui.py for tasks to queue
[2023-09-01T02:15:45.490+0000] {logging_mixin.py:151} INFO - [2023-09-01T02:15:45.489+0000] {dagbag.py:539} INFO - Filling up the DagBag from /home/airflow/.local/lib/python3.8/site-packages/airflow/example_dags/example_params_trigger_ui.py
[2023-09-01T02:15:45.511+0000] {processor.py:839} INFO - DAG(s) dict_keys(['example_params_trigger_ui']) retrieved from /home/airflow/.local/lib/python3.8/site-packages/airflow/example_dags/example_params_trigger_ui.py
[2023-09-01T02:15:45.574+0000] {logging_mixin.py:151} INFO - [2023-09-01T02:15:45.573+0000] {dag.py:2907} INFO - Sync 1 DAGs
[2023-09-01T02:15:45.588+0000] {logging_mixin.py:151} INFO - [2023-09-01T02:15:45.588+0000] {dag.py:3677} INFO - Setting next_dagrun for example_params_trigger_ui to None, run_after=None
[2023-09-01T02:15:45.611+0000] {processor.py:179} INFO - Processing /home/airflow/.local/lib/python3.8/site-packages/airflow/example_dags/example_params_trigger_ui.py took 0.128 seconds
[2023-09-01T04:04:38.112+0000] {processor.py:157} INFO - Started process (PID=73208) to work on /home/airflow/.local/lib/python3.8/site-packages/airflow/example_dags/example_params_trigger_ui.py
[2023-09-01T04:04:38.113+0000] {processor.py:829} INFO - Processing file /home/airflow/.local/lib/python3.8/site-packages/airflow/example_dags/example_params_trigger_ui.py for tasks to queue
[2023-09-01T04:04:38.114+0000] {logging_mixin.py:151} INFO - [2023-09-01T04:04:38.114+0000] {dagbag.py:539} INFO - Filling up the DagBag from /home/airflow/.local/lib/python3.8/site-packages/airflow/example_dags/example_params_trigger_ui.py
[2023-09-01T04:04:38.142+0000] {processor.py:839} INFO - DAG(s) dict_keys(['example_params_trigger_ui']) retrieved from /home/airflow/.local/lib/python3.8/site-packages/airflow/example_dags/example_params_trigger_ui.py
[2023-09-01T04:04:38.208+0000] {logging_mixin.py:151} INFO - [2023-09-01T04:04:38.208+0000] {dag.py:2907} INFO - Sync 1 DAGs
[2023-09-01T04:04:38.223+0000] {logging_mixin.py:151} INFO - [2023-09-01T04:04:38.223+0000] {dag.py:3677} INFO - Setting next_dagrun for example_params_trigger_ui to None, run_after=None
[2023-09-01T04:04:38.388+0000] {processor.py:179} INFO - Processing /home/airflow/.local/lib/python3.8/site-packages/airflow/example_dags/example_params_trigger_ui.py took 0.281 seconds
[2023-09-01T04:05:15.470+0000] {processor.py:157} INFO - Started process (PID=73263) to work on /home/airflow/.local/lib/python3.8/site-packages/airflow/example_dags/example_params_trigger_ui.py
[2023-09-01T04:05:15.478+0000] {processor.py:829} INFO - Processing file /home/airflow/.local/lib/python3.8/site-packages/airflow/example_dags/example_params_trigger_ui.py for tasks to queue
[2023-09-01T04:05:15.485+0000] {logging_mixin.py:151} INFO - [2023-09-01T04:05:15.483+0000] {dagbag.py:539} INFO - Filling up the DagBag from /home/airflow/.local/lib/python3.8/site-packages/airflow/example_dags/example_params_trigger_ui.py
[2023-09-01T04:05:15.631+0000] {processor.py:839} INFO - DAG(s) dict_keys(['example_params_trigger_ui']) retrieved from /home/airflow/.local/lib/python3.8/site-packages/airflow/example_dags/example_params_trigger_ui.py
[2023-09-01T04:05:15.966+0000] {logging_mixin.py:151} INFO - [2023-09-01T04:05:15.966+0000] {dag.py:2907} INFO - Sync 1 DAGs
[2023-09-01T04:05:16.036+0000] {logging_mixin.py:151} INFO - [2023-09-01T04:05:16.035+0000] {dag.py:3677} INFO - Setting next_dagrun for example_params_trigger_ui to None, run_after=None
[2023-09-01T04:05:16.134+0000] {processor.py:179} INFO - Processing /home/airflow/.local/lib/python3.8/site-packages/airflow/example_dags/example_params_trigger_ui.py took 0.687 seconds
[2023-09-01T04:05:47.600+0000] {processor.py:157} INFO - Started process (PID=73318) to work on /home/airflow/.local/lib/python3.8/site-packages/airflow/example_dags/example_params_trigger_ui.py
[2023-09-01T04:05:47.602+0000] {processor.py:829} INFO - Processing file /home/airflow/.local/lib/python3.8/site-packages/airflow/example_dags/example_params_trigger_ui.py for tasks to queue
[2023-09-01T04:05:47.604+0000] {logging_mixin.py:151} INFO - [2023-09-01T04:05:47.603+0000] {dagbag.py:539} INFO - Filling up the DagBag from /home/airflow/.local/lib/python3.8/site-packages/airflow/example_dags/example_params_trigger_ui.py
[2023-09-01T04:05:47.628+0000] {processor.py:839} INFO - DAG(s) dict_keys(['example_params_trigger_ui']) retrieved from /home/airflow/.local/lib/python3.8/site-packages/airflow/example_dags/example_params_trigger_ui.py
[2023-09-01T04:05:47.686+0000] {logging_mixin.py:151} INFO - [2023-09-01T04:05:47.686+0000] {dag.py:2907} INFO - Sync 1 DAGs
[2023-09-01T04:05:47.698+0000] {logging_mixin.py:151} INFO - [2023-09-01T04:05:47.698+0000] {dag.py:3677} INFO - Setting next_dagrun for example_params_trigger_ui to None, run_after=None
[2023-09-01T04:05:47.718+0000] {processor.py:179} INFO - Processing /home/airflow/.local/lib/python3.8/site-packages/airflow/example_dags/example_params_trigger_ui.py took 0.122 seconds
[2023-09-01T10:29:12.407+0000] {processor.py:157} INFO - Started process (PID=73366) to work on /home/airflow/.local/lib/python3.8/site-packages/airflow/example_dags/example_params_trigger_ui.py
[2023-09-01T10:29:12.409+0000] {processor.py:829} INFO - Processing file /home/airflow/.local/lib/python3.8/site-packages/airflow/example_dags/example_params_trigger_ui.py for tasks to queue
[2023-09-01T10:29:12.410+0000] {logging_mixin.py:151} INFO - [2023-09-01T10:29:12.410+0000] {dagbag.py:539} INFO - Filling up the DagBag from /home/airflow/.local/lib/python3.8/site-packages/airflow/example_dags/example_params_trigger_ui.py
[2023-09-01T10:29:12.434+0000] {processor.py:839} INFO - DAG(s) dict_keys(['example_params_trigger_ui']) retrieved from /home/airflow/.local/lib/python3.8/site-packages/airflow/example_dags/example_params_trigger_ui.py
[2023-09-01T10:29:12.502+0000] {logging_mixin.py:151} INFO - [2023-09-01T10:29:12.502+0000] {dag.py:2907} INFO - Sync 1 DAGs
[2023-09-01T10:29:12.520+0000] {logging_mixin.py:151} INFO - [2023-09-01T10:29:12.520+0000] {dag.py:3677} INFO - Setting next_dagrun for example_params_trigger_ui to None, run_after=None
[2023-09-01T10:29:12.688+0000] {processor.py:179} INFO - Processing /home/airflow/.local/lib/python3.8/site-packages/airflow/example_dags/example_params_trigger_ui.py took 0.286 seconds
[2023-09-01T16:39:33.448+0000] {processor.py:157} INFO - Started process (PID=73422) to work on /home/airflow/.local/lib/python3.8/site-packages/airflow/example_dags/example_params_trigger_ui.py
[2023-09-01T16:39:33.450+0000] {processor.py:829} INFO - Processing file /home/airflow/.local/lib/python3.8/site-packages/airflow/example_dags/example_params_trigger_ui.py for tasks to queue
[2023-09-01T16:39:33.451+0000] {logging_mixin.py:151} INFO - [2023-09-01T16:39:33.451+0000] {dagbag.py:539} INFO - Filling up the DagBag from /home/airflow/.local/lib/python3.8/site-packages/airflow/example_dags/example_params_trigger_ui.py
[2023-09-01T16:39:33.478+0000] {processor.py:839} INFO - DAG(s) dict_keys(['example_params_trigger_ui']) retrieved from /home/airflow/.local/lib/python3.8/site-packages/airflow/example_dags/example_params_trigger_ui.py
[2023-09-01T16:39:33.548+0000] {logging_mixin.py:151} INFO - [2023-09-01T16:39:33.548+0000] {dag.py:2907} INFO - Sync 1 DAGs
[2023-09-01T16:39:33.564+0000] {logging_mixin.py:151} INFO - [2023-09-01T16:39:33.564+0000] {dag.py:3677} INFO - Setting next_dagrun for example_params_trigger_ui to None, run_after=None
[2023-09-01T16:39:33.586+0000] {processor.py:179} INFO - Processing /home/airflow/.local/lib/python3.8/site-packages/airflow/example_dags/example_params_trigger_ui.py took 0.143 seconds
[2023-09-01T16:40:04.484+0000] {processor.py:157} INFO - Started process (PID=73477) to work on /home/airflow/.local/lib/python3.8/site-packages/airflow/example_dags/example_params_trigger_ui.py
[2023-09-01T16:40:04.486+0000] {processor.py:829} INFO - Processing file /home/airflow/.local/lib/python3.8/site-packages/airflow/example_dags/example_params_trigger_ui.py for tasks to queue
[2023-09-01T16:40:04.487+0000] {logging_mixin.py:151} INFO - [2023-09-01T16:40:04.487+0000] {dagbag.py:539} INFO - Filling up the DagBag from /home/airflow/.local/lib/python3.8/site-packages/airflow/example_dags/example_params_trigger_ui.py
[2023-09-01T16:40:04.510+0000] {processor.py:839} INFO - DAG(s) dict_keys(['example_params_trigger_ui']) retrieved from /home/airflow/.local/lib/python3.8/site-packages/airflow/example_dags/example_params_trigger_ui.py
[2023-09-01T16:40:04.575+0000] {logging_mixin.py:151} INFO - [2023-09-01T16:40:04.575+0000] {dag.py:2907} INFO - Sync 1 DAGs
[2023-09-01T16:40:04.590+0000] {logging_mixin.py:151} INFO - [2023-09-01T16:40:04.590+0000] {dag.py:3677} INFO - Setting next_dagrun for example_params_trigger_ui to None, run_after=None
[2023-09-01T16:40:04.612+0000] {processor.py:179} INFO - Processing /home/airflow/.local/lib/python3.8/site-packages/airflow/example_dags/example_params_trigger_ui.py took 0.132 seconds
[2023-09-01T17:33:20.304+0000] {processor.py:157} INFO - Started process (PID=73558) to work on /home/airflow/.local/lib/python3.8/site-packages/airflow/example_dags/example_params_trigger_ui.py
[2023-09-01T17:33:20.305+0000] {processor.py:829} INFO - Processing file /home/airflow/.local/lib/python3.8/site-packages/airflow/example_dags/example_params_trigger_ui.py for tasks to queue
[2023-09-01T17:33:20.307+0000] {logging_mixin.py:151} INFO - [2023-09-01T17:33:20.306+0000] {dagbag.py:539} INFO - Filling up the DagBag from /home/airflow/.local/lib/python3.8/site-packages/airflow/example_dags/example_params_trigger_ui.py
[2023-09-01T17:33:20.332+0000] {processor.py:839} INFO - DAG(s) dict_keys(['example_params_trigger_ui']) retrieved from /home/airflow/.local/lib/python3.8/site-packages/airflow/example_dags/example_params_trigger_ui.py
[2023-09-01T17:33:20.396+0000] {logging_mixin.py:151} INFO - [2023-09-01T17:33:20.396+0000] {dag.py:2907} INFO - Sync 1 DAGs
[2023-09-01T17:33:20.410+0000] {logging_mixin.py:151} INFO - [2023-09-01T17:33:20.410+0000] {dag.py:3677} INFO - Setting next_dagrun for example_params_trigger_ui to None, run_after=None
[2023-09-01T17:33:20.431+0000] {processor.py:179} INFO - Processing /home/airflow/.local/lib/python3.8/site-packages/airflow/example_dags/example_params_trigger_ui.py took 0.133 seconds
[2023-09-01T17:55:31.839+0000] {processor.py:157} INFO - Started process (PID=73613) to work on /home/airflow/.local/lib/python3.8/site-packages/airflow/example_dags/example_params_trigger_ui.py
[2023-09-01T17:55:31.840+0000] {processor.py:829} INFO - Processing file /home/airflow/.local/lib/python3.8/site-packages/airflow/example_dags/example_params_trigger_ui.py for tasks to queue
[2023-09-01T17:55:31.841+0000] {logging_mixin.py:151} INFO - [2023-09-01T17:55:31.841+0000] {dagbag.py:539} INFO - Filling up the DagBag from /home/airflow/.local/lib/python3.8/site-packages/airflow/example_dags/example_params_trigger_ui.py
[2023-09-01T17:55:31.868+0000] {processor.py:839} INFO - DAG(s) dict_keys(['example_params_trigger_ui']) retrieved from /home/airflow/.local/lib/python3.8/site-packages/airflow/example_dags/example_params_trigger_ui.py
[2023-09-01T17:55:31.949+0000] {logging_mixin.py:151} INFO - [2023-09-01T17:55:31.949+0000] {dag.py:2907} INFO - Sync 1 DAGs
[2023-09-01T17:55:31.965+0000] {logging_mixin.py:151} INFO - [2023-09-01T17:55:31.965+0000] {dag.py:3677} INFO - Setting next_dagrun for example_params_trigger_ui to None, run_after=None
[2023-09-01T17:55:31.985+0000] {processor.py:179} INFO - Processing /home/airflow/.local/lib/python3.8/site-packages/airflow/example_dags/example_params_trigger_ui.py took 0.151 seconds
[2023-09-01T18:41:52.851+0000] {processor.py:157} INFO - Started process (PID=73668) to work on /home/airflow/.local/lib/python3.8/site-packages/airflow/example_dags/example_params_trigger_ui.py
[2023-09-01T18:41:52.853+0000] {processor.py:829} INFO - Processing file /home/airflow/.local/lib/python3.8/site-packages/airflow/example_dags/example_params_trigger_ui.py for tasks to queue
[2023-09-01T18:41:52.854+0000] {logging_mixin.py:151} INFO - [2023-09-01T18:41:52.854+0000] {dagbag.py:539} INFO - Filling up the DagBag from /home/airflow/.local/lib/python3.8/site-packages/airflow/example_dags/example_params_trigger_ui.py
[2023-09-01T18:41:52.877+0000] {processor.py:839} INFO - DAG(s) dict_keys(['example_params_trigger_ui']) retrieved from /home/airflow/.local/lib/python3.8/site-packages/airflow/example_dags/example_params_trigger_ui.py
[2023-09-01T18:41:52.943+0000] {logging_mixin.py:151} INFO - [2023-09-01T18:41:52.943+0000] {dag.py:2907} INFO - Sync 1 DAGs
[2023-09-01T18:41:52.958+0000] {logging_mixin.py:151} INFO - [2023-09-01T18:41:52.958+0000] {dag.py:3677} INFO - Setting next_dagrun for example_params_trigger_ui to None, run_after=None
[2023-09-01T18:41:52.979+0000] {processor.py:179} INFO - Processing /home/airflow/.local/lib/python3.8/site-packages/airflow/example_dags/example_params_trigger_ui.py took 0.133 seconds
[2023-09-01T19:35:59.068+0000] {processor.py:157} INFO - Started process (PID=73723) to work on /home/airflow/.local/lib/python3.8/site-packages/airflow/example_dags/example_params_trigger_ui.py
[2023-09-01T19:35:59.070+0000] {processor.py:829} INFO - Processing file /home/airflow/.local/lib/python3.8/site-packages/airflow/example_dags/example_params_trigger_ui.py for tasks to queue
[2023-09-01T19:35:59.071+0000] {logging_mixin.py:151} INFO - [2023-09-01T19:35:59.071+0000] {dagbag.py:539} INFO - Filling up the DagBag from /home/airflow/.local/lib/python3.8/site-packages/airflow/example_dags/example_params_trigger_ui.py
[2023-09-01T19:35:59.095+0000] {processor.py:839} INFO - DAG(s) dict_keys(['example_params_trigger_ui']) retrieved from /home/airflow/.local/lib/python3.8/site-packages/airflow/example_dags/example_params_trigger_ui.py
[2023-09-01T19:35:59.161+0000] {logging_mixin.py:151} INFO - [2023-09-01T19:35:59.161+0000] {dag.py:2907} INFO - Sync 1 DAGs
[2023-09-01T19:35:59.176+0000] {logging_mixin.py:151} INFO - [2023-09-01T19:35:59.176+0000] {dag.py:3677} INFO - Setting next_dagrun for example_params_trigger_ui to None, run_after=None
[2023-09-01T19:35:59.199+0000] {processor.py:179} INFO - Processing /home/airflow/.local/lib/python3.8/site-packages/airflow/example_dags/example_params_trigger_ui.py took 0.136 seconds
[2023-09-01T19:40:34.716+0000] {processor.py:157} INFO - Started process (PID=73778) to work on /home/airflow/.local/lib/python3.8/site-packages/airflow/example_dags/example_params_trigger_ui.py
[2023-09-01T19:40:34.717+0000] {processor.py:829} INFO - Processing file /home/airflow/.local/lib/python3.8/site-packages/airflow/example_dags/example_params_trigger_ui.py for tasks to queue
[2023-09-01T19:40:34.730+0000] {logging_mixin.py:151} INFO - [2023-09-01T19:40:34.730+0000] {dagbag.py:539} INFO - Filling up the DagBag from /home/airflow/.local/lib/python3.8/site-packages/airflow/example_dags/example_params_trigger_ui.py
[2023-09-01T19:40:34.768+0000] {processor.py:839} INFO - DAG(s) dict_keys(['example_params_trigger_ui']) retrieved from /home/airflow/.local/lib/python3.8/site-packages/airflow/example_dags/example_params_trigger_ui.py
[2023-09-01T19:40:34.841+0000] {logging_mixin.py:151} INFO - [2023-09-01T19:40:34.840+0000] {dag.py:2907} INFO - Sync 1 DAGs
[2023-09-01T19:40:34.857+0000] {logging_mixin.py:151} INFO - [2023-09-01T19:40:34.857+0000] {dag.py:3677} INFO - Setting next_dagrun for example_params_trigger_ui to None, run_after=None
[2023-09-01T19:40:34.880+0000] {processor.py:179} INFO - Processing /home/airflow/.local/lib/python3.8/site-packages/airflow/example_dags/example_params_trigger_ui.py took 0.170 seconds
[2023-09-01T19:41:24.820+0000] {processor.py:157} INFO - Started process (PID=73833) to work on /home/airflow/.local/lib/python3.8/site-packages/airflow/example_dags/example_params_trigger_ui.py
[2023-09-01T19:41:24.823+0000] {processor.py:829} INFO - Processing file /home/airflow/.local/lib/python3.8/site-packages/airflow/example_dags/example_params_trigger_ui.py for tasks to queue
[2023-09-01T19:41:24.826+0000] {logging_mixin.py:151} INFO - [2023-09-01T19:41:24.825+0000] {dagbag.py:539} INFO - Filling up the DagBag from /home/airflow/.local/lib/python3.8/site-packages/airflow/example_dags/example_params_trigger_ui.py
[2023-09-01T19:41:24.871+0000] {processor.py:839} INFO - DAG(s) dict_keys(['example_params_trigger_ui']) retrieved from /home/airflow/.local/lib/python3.8/site-packages/airflow/example_dags/example_params_trigger_ui.py
[2023-09-01T19:41:24.960+0000] {logging_mixin.py:151} INFO - [2023-09-01T19:41:24.960+0000] {dag.py:2907} INFO - Sync 1 DAGs
[2023-09-01T19:41:24.994+0000] {logging_mixin.py:151} INFO - [2023-09-01T19:41:24.994+0000] {dag.py:3677} INFO - Setting next_dagrun for example_params_trigger_ui to None, run_after=None
[2023-09-01T19:41:25.029+0000] {processor.py:179} INFO - Processing /home/airflow/.local/lib/python3.8/site-packages/airflow/example_dags/example_params_trigger_ui.py took 0.220 seconds
[2023-09-01T19:59:28.553+0000] {processor.py:157} INFO - Started process (PID=73888) to work on /home/airflow/.local/lib/python3.8/site-packages/airflow/example_dags/example_params_trigger_ui.py
[2023-09-01T19:59:28.555+0000] {processor.py:829} INFO - Processing file /home/airflow/.local/lib/python3.8/site-packages/airflow/example_dags/example_params_trigger_ui.py for tasks to queue
[2023-09-01T19:59:28.556+0000] {logging_mixin.py:151} INFO - [2023-09-01T19:59:28.556+0000] {dagbag.py:539} INFO - Filling up the DagBag from /home/airflow/.local/lib/python3.8/site-packages/airflow/example_dags/example_params_trigger_ui.py
[2023-09-01T19:59:28.581+0000] {processor.py:839} INFO - DAG(s) dict_keys(['example_params_trigger_ui']) retrieved from /home/airflow/.local/lib/python3.8/site-packages/airflow/example_dags/example_params_trigger_ui.py
[2023-09-01T19:59:28.645+0000] {logging_mixin.py:151} INFO - [2023-09-01T19:59:28.644+0000] {dag.py:2907} INFO - Sync 1 DAGs
[2023-09-01T19:59:28.657+0000] {logging_mixin.py:151} INFO - [2023-09-01T19:59:28.657+0000] {dag.py:3677} INFO - Setting next_dagrun for example_params_trigger_ui to None, run_after=None
[2023-09-01T19:59:28.678+0000] {processor.py:179} INFO - Processing /home/airflow/.local/lib/python3.8/site-packages/airflow/example_dags/example_params_trigger_ui.py took 0.129 seconds
