[2023-09-01T02:15:44.852+0000] {processor.py:157} INFO - Started process (PID=73153) to work on /home/airflow/.local/lib/python3.8/site-packages/airflow/example_dags/example_subdag_operator.py
[2023-09-01T02:15:44.855+0000] {processor.py:829} INFO - Processing file /home/airflow/.local/lib/python3.8/site-packages/airflow/example_dags/example_subdag_operator.py for tasks to queue
[2023-09-01T02:15:44.857+0000] {logging_mixin.py:151} INFO - [2023-09-01T02:15:44.856+0000] {dagbag.py:539} INFO - Filling up the DagBag from /home/airflow/.local/lib/python3.8/site-packages/airflow/example_dags/example_subdag_operator.py
[2023-09-01T02:15:44.899+0000] {processor.py:839} INFO - DAG(s) dict_keys(['example_subdag_operator.section-1', 'example_subdag_operator.section-2', 'example_subdag_operator']) retrieved from /home/airflow/.local/lib/python3.8/site-packages/airflow/example_dags/example_subdag_operator.py
[2023-09-01T02:15:44.923+0000] {logging_mixin.py:151} INFO - [2023-09-01T02:15:44.923+0000] {dag.py:2907} INFO - Sync 3 DAGs
[2023-09-01T02:15:44.948+0000] {logging_mixin.py:151} INFO - [2023-09-01T02:15:44.948+0000] {dag.py:3677} INFO - Setting next_dagrun for example_subdag_operator to 2022-01-01T00:00:00+00:00, run_after=2022-01-01T00:00:00+00:00
[2023-09-01T02:15:44.952+0000] {logging_mixin.py:151} INFO - [2023-09-01T02:15:44.952+0000] {dag.py:3677} INFO - Setting next_dagrun for example_subdag_operator.section-1 to None, run_after=None
[2023-09-01T02:15:44.954+0000] {logging_mixin.py:151} INFO - [2023-09-01T02:15:44.954+0000] {dag.py:3677} INFO - Setting next_dagrun for example_subdag_operator.section-2 to None, run_after=None
[2023-09-01T02:15:44.961+0000] {logging_mixin.py:151} INFO - [2023-09-01T02:15:44.961+0000] {dag.py:2907} INFO - Sync 2 DAGs
[2023-09-01T02:15:44.967+0000] {logging_mixin.py:151} INFO - [2023-09-01T02:15:44.966+0000] {dag.py:3677} INFO - Setting next_dagrun for example_subdag_operator.section-1 to None, run_after=None
[2023-09-01T02:15:44.967+0000] {logging_mixin.py:151} INFO - [2023-09-01T02:15:44.967+0000] {dag.py:3677} INFO - Setting next_dagrun for example_subdag_operator.section-2 to None, run_after=None
[2023-09-01T02:15:44.978+0000] {processor.py:179} INFO - Processing /home/airflow/.local/lib/python3.8/site-packages/airflow/example_dags/example_subdag_operator.py took 0.133 seconds
[2023-09-01T04:04:37.215+0000] {processor.py:157} INFO - Started process (PID=73198) to work on /home/airflow/.local/lib/python3.8/site-packages/airflow/example_dags/example_subdag_operator.py
[2023-09-01T04:04:37.217+0000] {processor.py:829} INFO - Processing file /home/airflow/.local/lib/python3.8/site-packages/airflow/example_dags/example_subdag_operator.py for tasks to queue
[2023-09-01T04:04:37.219+0000] {logging_mixin.py:151} INFO - [2023-09-01T04:04:37.218+0000] {dagbag.py:539} INFO - Filling up the DagBag from /home/airflow/.local/lib/python3.8/site-packages/airflow/example_dags/example_subdag_operator.py
[2023-09-01T04:04:37.259+0000] {processor.py:839} INFO - DAG(s) dict_keys(['example_subdag_operator.section-1', 'example_subdag_operator.section-2', 'example_subdag_operator']) retrieved from /home/airflow/.local/lib/python3.8/site-packages/airflow/example_dags/example_subdag_operator.py
[2023-09-01T04:04:37.283+0000] {logging_mixin.py:151} INFO - [2023-09-01T04:04:37.283+0000] {dag.py:2907} INFO - Sync 3 DAGs
[2023-09-01T04:04:37.309+0000] {logging_mixin.py:151} INFO - [2023-09-01T04:04:37.309+0000] {dag.py:3677} INFO - Setting next_dagrun for example_subdag_operator to 2022-01-01T00:00:00+00:00, run_after=2022-01-01T00:00:00+00:00
[2023-09-01T04:04:37.313+0000] {logging_mixin.py:151} INFO - [2023-09-01T04:04:37.313+0000] {dag.py:3677} INFO - Setting next_dagrun for example_subdag_operator.section-1 to None, run_after=None
[2023-09-01T04:04:37.315+0000] {logging_mixin.py:151} INFO - [2023-09-01T04:04:37.315+0000] {dag.py:3677} INFO - Setting next_dagrun for example_subdag_operator.section-2 to None, run_after=None
[2023-09-01T04:04:37.325+0000] {logging_mixin.py:151} INFO - [2023-09-01T04:04:37.324+0000] {dag.py:2907} INFO - Sync 2 DAGs
[2023-09-01T04:04:37.332+0000] {logging_mixin.py:151} INFO - [2023-09-01T04:04:37.332+0000] {dag.py:3677} INFO - Setting next_dagrun for example_subdag_operator.section-1 to None, run_after=None
[2023-09-01T04:04:37.333+0000] {logging_mixin.py:151} INFO - [2023-09-01T04:04:37.333+0000] {dag.py:3677} INFO - Setting next_dagrun for example_subdag_operator.section-2 to None, run_after=None
[2023-09-01T04:04:37.348+0000] {processor.py:179} INFO - Processing /home/airflow/.local/lib/python3.8/site-packages/airflow/example_dags/example_subdag_operator.py took 0.140 seconds
[2023-09-01T04:05:11.315+0000] {processor.py:157} INFO - Started process (PID=73252) to work on /home/airflow/.local/lib/python3.8/site-packages/airflow/example_dags/example_subdag_operator.py
[2023-09-01T04:05:11.321+0000] {processor.py:829} INFO - Processing file /home/airflow/.local/lib/python3.8/site-packages/airflow/example_dags/example_subdag_operator.py for tasks to queue
[2023-09-01T04:05:11.327+0000] {logging_mixin.py:151} INFO - [2023-09-01T04:05:11.325+0000] {dagbag.py:539} INFO - Filling up the DagBag from /home/airflow/.local/lib/python3.8/site-packages/airflow/example_dags/example_subdag_operator.py
[2023-09-01T04:05:11.476+0000] {processor.py:839} INFO - DAG(s) dict_keys(['example_subdag_operator.section-1', 'example_subdag_operator.section-2', 'example_subdag_operator']) retrieved from /home/airflow/.local/lib/python3.8/site-packages/airflow/example_dags/example_subdag_operator.py
[2023-09-01T04:05:11.571+0000] {logging_mixin.py:151} INFO - [2023-09-01T04:05:11.570+0000] {dag.py:2907} INFO - Sync 3 DAGs
[2023-09-01T04:05:11.678+0000] {logging_mixin.py:151} INFO - [2023-09-01T04:05:11.677+0000] {dag.py:3677} INFO - Setting next_dagrun for example_subdag_operator to 2022-01-01T00:00:00+00:00, run_after=2022-01-01T00:00:00+00:00
[2023-09-01T04:05:11.695+0000] {logging_mixin.py:151} INFO - [2023-09-01T04:05:11.694+0000] {dag.py:3677} INFO - Setting next_dagrun for example_subdag_operator.section-1 to None, run_after=None
[2023-09-01T04:05:11.704+0000] {logging_mixin.py:151} INFO - [2023-09-01T04:05:11.703+0000] {dag.py:3677} INFO - Setting next_dagrun for example_subdag_operator.section-2 to None, run_after=None
[2023-09-01T04:05:11.740+0000] {logging_mixin.py:151} INFO - [2023-09-01T04:05:11.740+0000] {dag.py:2907} INFO - Sync 2 DAGs
[2023-09-01T04:05:11.769+0000] {logging_mixin.py:151} INFO - [2023-09-01T04:05:11.768+0000] {dag.py:3677} INFO - Setting next_dagrun for example_subdag_operator.section-1 to None, run_after=None
[2023-09-01T04:05:11.772+0000] {logging_mixin.py:151} INFO - [2023-09-01T04:05:11.771+0000] {dag.py:3677} INFO - Setting next_dagrun for example_subdag_operator.section-2 to None, run_after=None
[2023-09-01T04:05:11.831+0000] {processor.py:179} INFO - Processing /home/airflow/.local/lib/python3.8/site-packages/airflow/example_dags/example_subdag_operator.py took 0.538 seconds
[2023-09-01T04:05:46.740+0000] {processor.py:157} INFO - Started process (PID=73308) to work on /home/airflow/.local/lib/python3.8/site-packages/airflow/example_dags/example_subdag_operator.py
[2023-09-01T04:05:46.741+0000] {processor.py:829} INFO - Processing file /home/airflow/.local/lib/python3.8/site-packages/airflow/example_dags/example_subdag_operator.py for tasks to queue
[2023-09-01T04:05:46.743+0000] {logging_mixin.py:151} INFO - [2023-09-01T04:05:46.742+0000] {dagbag.py:539} INFO - Filling up the DagBag from /home/airflow/.local/lib/python3.8/site-packages/airflow/example_dags/example_subdag_operator.py
[2023-09-01T04:05:46.776+0000] {processor.py:839} INFO - DAG(s) dict_keys(['example_subdag_operator.section-1', 'example_subdag_operator.section-2', 'example_subdag_operator']) retrieved from /home/airflow/.local/lib/python3.8/site-packages/airflow/example_dags/example_subdag_operator.py
[2023-09-01T04:05:46.795+0000] {logging_mixin.py:151} INFO - [2023-09-01T04:05:46.795+0000] {dag.py:2907} INFO - Sync 3 DAGs
[2023-09-01T04:05:46.817+0000] {logging_mixin.py:151} INFO - [2023-09-01T04:05:46.817+0000] {dag.py:3677} INFO - Setting next_dagrun for example_subdag_operator to 2022-01-01T00:00:00+00:00, run_after=2022-01-01T00:00:00+00:00
[2023-09-01T04:05:46.820+0000] {logging_mixin.py:151} INFO - [2023-09-01T04:05:46.820+0000] {dag.py:3677} INFO - Setting next_dagrun for example_subdag_operator.section-1 to None, run_after=None
[2023-09-01T04:05:46.822+0000] {logging_mixin.py:151} INFO - [2023-09-01T04:05:46.822+0000] {dag.py:3677} INFO - Setting next_dagrun for example_subdag_operator.section-2 to None, run_after=None
[2023-09-01T04:05:46.828+0000] {logging_mixin.py:151} INFO - [2023-09-01T04:05:46.828+0000] {dag.py:2907} INFO - Sync 2 DAGs
[2023-09-01T04:05:46.833+0000] {logging_mixin.py:151} INFO - [2023-09-01T04:05:46.833+0000] {dag.py:3677} INFO - Setting next_dagrun for example_subdag_operator.section-1 to None, run_after=None
[2023-09-01T04:05:46.834+0000] {logging_mixin.py:151} INFO - [2023-09-01T04:05:46.834+0000] {dag.py:3677} INFO - Setting next_dagrun for example_subdag_operator.section-2 to None, run_after=None
[2023-09-01T04:05:46.845+0000] {processor.py:179} INFO - Processing /home/airflow/.local/lib/python3.8/site-packages/airflow/example_dags/example_subdag_operator.py took 0.110 seconds
[2023-09-01T10:29:11.264+0000] {processor.py:157} INFO - Started process (PID=73356) to work on /home/airflow/.local/lib/python3.8/site-packages/airflow/example_dags/example_subdag_operator.py
[2023-09-01T10:29:11.265+0000] {processor.py:829} INFO - Processing file /home/airflow/.local/lib/python3.8/site-packages/airflow/example_dags/example_subdag_operator.py for tasks to queue
[2023-09-01T10:29:11.267+0000] {logging_mixin.py:151} INFO - [2023-09-01T10:29:11.266+0000] {dagbag.py:539} INFO - Filling up the DagBag from /home/airflow/.local/lib/python3.8/site-packages/airflow/example_dags/example_subdag_operator.py
[2023-09-01T10:29:11.300+0000] {processor.py:839} INFO - DAG(s) dict_keys(['example_subdag_operator.section-1', 'example_subdag_operator.section-2', 'example_subdag_operator']) retrieved from /home/airflow/.local/lib/python3.8/site-packages/airflow/example_dags/example_subdag_operator.py
[2023-09-01T10:29:11.320+0000] {logging_mixin.py:151} INFO - [2023-09-01T10:29:11.320+0000] {dag.py:2907} INFO - Sync 3 DAGs
[2023-09-01T10:29:11.345+0000] {logging_mixin.py:151} INFO - [2023-09-01T10:29:11.345+0000] {dag.py:3677} INFO - Setting next_dagrun for example_subdag_operator to 2022-01-01T00:00:00+00:00, run_after=2022-01-01T00:00:00+00:00
[2023-09-01T10:29:11.349+0000] {logging_mixin.py:151} INFO - [2023-09-01T10:29:11.349+0000] {dag.py:3677} INFO - Setting next_dagrun for example_subdag_operator.section-1 to None, run_after=None
[2023-09-01T10:29:11.351+0000] {logging_mixin.py:151} INFO - [2023-09-01T10:29:11.351+0000] {dag.py:3677} INFO - Setting next_dagrun for example_subdag_operator.section-2 to None, run_after=None
[2023-09-01T10:29:11.358+0000] {logging_mixin.py:151} INFO - [2023-09-01T10:29:11.358+0000] {dag.py:2907} INFO - Sync 2 DAGs
[2023-09-01T10:29:11.504+0000] {logging_mixin.py:151} INFO - [2023-09-01T10:29:11.503+0000] {dag.py:3677} INFO - Setting next_dagrun for example_subdag_operator.section-1 to None, run_after=None
[2023-09-01T10:29:11.505+0000] {logging_mixin.py:151} INFO - [2023-09-01T10:29:11.504+0000] {dag.py:3677} INFO - Setting next_dagrun for example_subdag_operator.section-2 to None, run_after=None
[2023-09-01T10:29:11.520+0000] {processor.py:179} INFO - Processing /home/airflow/.local/lib/python3.8/site-packages/airflow/example_dags/example_subdag_operator.py took 0.261 seconds
[2023-09-01T16:39:32.645+0000] {processor.py:157} INFO - Started process (PID=73412) to work on /home/airflow/.local/lib/python3.8/site-packages/airflow/example_dags/example_subdag_operator.py
[2023-09-01T16:39:32.647+0000] {processor.py:829} INFO - Processing file /home/airflow/.local/lib/python3.8/site-packages/airflow/example_dags/example_subdag_operator.py for tasks to queue
[2023-09-01T16:39:32.648+0000] {logging_mixin.py:151} INFO - [2023-09-01T16:39:32.648+0000] {dagbag.py:539} INFO - Filling up the DagBag from /home/airflow/.local/lib/python3.8/site-packages/airflow/example_dags/example_subdag_operator.py
[2023-09-01T16:39:32.690+0000] {processor.py:839} INFO - DAG(s) dict_keys(['example_subdag_operator.section-1', 'example_subdag_operator.section-2', 'example_subdag_operator']) retrieved from /home/airflow/.local/lib/python3.8/site-packages/airflow/example_dags/example_subdag_operator.py
[2023-09-01T16:39:32.714+0000] {logging_mixin.py:151} INFO - [2023-09-01T16:39:32.714+0000] {dag.py:2907} INFO - Sync 3 DAGs
[2023-09-01T16:39:32.742+0000] {logging_mixin.py:151} INFO - [2023-09-01T16:39:32.742+0000] {dag.py:3677} INFO - Setting next_dagrun for example_subdag_operator to 2022-01-01T00:00:00+00:00, run_after=2022-01-01T00:00:00+00:00
[2023-09-01T16:39:32.747+0000] {logging_mixin.py:151} INFO - [2023-09-01T16:39:32.747+0000] {dag.py:3677} INFO - Setting next_dagrun for example_subdag_operator.section-1 to None, run_after=None
[2023-09-01T16:39:32.750+0000] {logging_mixin.py:151} INFO - [2023-09-01T16:39:32.750+0000] {dag.py:3677} INFO - Setting next_dagrun for example_subdag_operator.section-2 to None, run_after=None
[2023-09-01T16:39:32.760+0000] {logging_mixin.py:151} INFO - [2023-09-01T16:39:32.760+0000] {dag.py:2907} INFO - Sync 2 DAGs
[2023-09-01T16:39:32.768+0000] {logging_mixin.py:151} INFO - [2023-09-01T16:39:32.768+0000] {dag.py:3677} INFO - Setting next_dagrun for example_subdag_operator.section-1 to None, run_after=None
[2023-09-01T16:39:32.769+0000] {logging_mixin.py:151} INFO - [2023-09-01T16:39:32.769+0000] {dag.py:3677} INFO - Setting next_dagrun for example_subdag_operator.section-2 to None, run_after=None
[2023-09-01T16:39:32.790+0000] {processor.py:179} INFO - Processing /home/airflow/.local/lib/python3.8/site-packages/airflow/example_dags/example_subdag_operator.py took 0.150 seconds
[2023-09-01T16:40:03.675+0000] {processor.py:157} INFO - Started process (PID=73467) to work on /home/airflow/.local/lib/python3.8/site-packages/airflow/example_dags/example_subdag_operator.py
[2023-09-01T16:40:03.677+0000] {processor.py:829} INFO - Processing file /home/airflow/.local/lib/python3.8/site-packages/airflow/example_dags/example_subdag_operator.py for tasks to queue
[2023-09-01T16:40:03.678+0000] {logging_mixin.py:151} INFO - [2023-09-01T16:40:03.678+0000] {dagbag.py:539} INFO - Filling up the DagBag from /home/airflow/.local/lib/python3.8/site-packages/airflow/example_dags/example_subdag_operator.py
[2023-09-01T16:40:03.713+0000] {processor.py:839} INFO - DAG(s) dict_keys(['example_subdag_operator.section-1', 'example_subdag_operator.section-2', 'example_subdag_operator']) retrieved from /home/airflow/.local/lib/python3.8/site-packages/airflow/example_dags/example_subdag_operator.py
[2023-09-01T16:40:03.731+0000] {logging_mixin.py:151} INFO - [2023-09-01T16:40:03.731+0000] {dag.py:2907} INFO - Sync 3 DAGs
[2023-09-01T16:40:03.755+0000] {logging_mixin.py:151} INFO - [2023-09-01T16:40:03.755+0000] {dag.py:3677} INFO - Setting next_dagrun for example_subdag_operator to 2022-01-01T00:00:00+00:00, run_after=2022-01-01T00:00:00+00:00
[2023-09-01T16:40:03.759+0000] {logging_mixin.py:151} INFO - [2023-09-01T16:40:03.759+0000] {dag.py:3677} INFO - Setting next_dagrun for example_subdag_operator.section-1 to None, run_after=None
[2023-09-01T16:40:03.761+0000] {logging_mixin.py:151} INFO - [2023-09-01T16:40:03.761+0000] {dag.py:3677} INFO - Setting next_dagrun for example_subdag_operator.section-2 to None, run_after=None
[2023-09-01T16:40:03.769+0000] {logging_mixin.py:151} INFO - [2023-09-01T16:40:03.769+0000] {dag.py:2907} INFO - Sync 2 DAGs
[2023-09-01T16:40:03.775+0000] {logging_mixin.py:151} INFO - [2023-09-01T16:40:03.775+0000] {dag.py:3677} INFO - Setting next_dagrun for example_subdag_operator.section-1 to None, run_after=None
[2023-09-01T16:40:03.776+0000] {logging_mixin.py:151} INFO - [2023-09-01T16:40:03.776+0000] {dag.py:3677} INFO - Setting next_dagrun for example_subdag_operator.section-2 to None, run_after=None
[2023-09-01T16:40:03.790+0000] {processor.py:179} INFO - Processing /home/airflow/.local/lib/python3.8/site-packages/airflow/example_dags/example_subdag_operator.py took 0.120 seconds
[2023-09-01T16:40:34.121+0000] {processor.py:157} INFO - Started process (PID=73521) to work on /home/airflow/.local/lib/python3.8/site-packages/airflow/example_dags/example_subdag_operator.py
[2023-09-01T16:40:34.123+0000] {processor.py:829} INFO - Processing file /home/airflow/.local/lib/python3.8/site-packages/airflow/example_dags/example_subdag_operator.py for tasks to queue
[2023-09-01T16:40:34.124+0000] {logging_mixin.py:151} INFO - [2023-09-01T16:40:34.124+0000] {dagbag.py:539} INFO - Filling up the DagBag from /home/airflow/.local/lib/python3.8/site-packages/airflow/example_dags/example_subdag_operator.py
[2023-09-01T17:33:15.393+0000] {processor.py:839} INFO - DAG(s) dict_keys(['example_subdag_operator.section-1', 'example_subdag_operator.section-2', 'example_subdag_operator']) retrieved from /home/airflow/.local/lib/python3.8/site-packages/airflow/example_dags/example_subdag_operator.py
[2023-09-01T17:33:15.510+0000] {logging_mixin.py:151} INFO - [2023-09-01T17:33:15.510+0000] {dag.py:2907} INFO - Sync 3 DAGs
[2023-09-01T17:55:30.893+0000] {processor.py:157} INFO - Started process (PID=73603) to work on /home/airflow/.local/lib/python3.8/site-packages/airflow/example_dags/example_subdag_operator.py
[2023-09-01T17:55:30.895+0000] {processor.py:829} INFO - Processing file /home/airflow/.local/lib/python3.8/site-packages/airflow/example_dags/example_subdag_operator.py for tasks to queue
[2023-09-01T17:55:30.896+0000] {logging_mixin.py:151} INFO - [2023-09-01T17:55:30.896+0000] {dagbag.py:539} INFO - Filling up the DagBag from /home/airflow/.local/lib/python3.8/site-packages/airflow/example_dags/example_subdag_operator.py
[2023-09-01T17:55:30.933+0000] {processor.py:839} INFO - DAG(s) dict_keys(['example_subdag_operator.section-1', 'example_subdag_operator.section-2', 'example_subdag_operator']) retrieved from /home/airflow/.local/lib/python3.8/site-packages/airflow/example_dags/example_subdag_operator.py
[2023-09-01T17:55:31.075+0000] {logging_mixin.py:151} INFO - [2023-09-01T17:55:31.074+0000] {dag.py:2907} INFO - Sync 3 DAGs
[2023-09-01T17:55:31.104+0000] {logging_mixin.py:151} INFO - [2023-09-01T17:55:31.104+0000] {dag.py:3677} INFO - Setting next_dagrun for example_subdag_operator to 2022-01-01T00:00:00+00:00, run_after=2022-01-01T00:00:00+00:00
[2023-09-01T17:55:31.108+0000] {logging_mixin.py:151} INFO - [2023-09-01T17:55:31.107+0000] {dag.py:3677} INFO - Setting next_dagrun for example_subdag_operator.section-1 to None, run_after=None
[2023-09-01T17:55:31.110+0000] {logging_mixin.py:151} INFO - [2023-09-01T17:55:31.110+0000] {dag.py:3677} INFO - Setting next_dagrun for example_subdag_operator.section-2 to None, run_after=None
[2023-09-01T17:55:31.123+0000] {logging_mixin.py:151} INFO - [2023-09-01T17:55:31.123+0000] {dag.py:2907} INFO - Sync 2 DAGs
[2023-09-01T17:55:31.129+0000] {logging_mixin.py:151} INFO - [2023-09-01T17:55:31.129+0000] {dag.py:3677} INFO - Setting next_dagrun for example_subdag_operator.section-1 to None, run_after=None
[2023-09-01T17:55:31.130+0000] {logging_mixin.py:151} INFO - [2023-09-01T17:55:31.130+0000] {dag.py:3677} INFO - Setting next_dagrun for example_subdag_operator.section-2 to None, run_after=None
[2023-09-01T17:55:31.146+0000] {processor.py:179} INFO - Processing /home/airflow/.local/lib/python3.8/site-packages/airflow/example_dags/example_subdag_operator.py took 0.258 seconds
[2023-09-01T18:41:52.035+0000] {processor.py:157} INFO - Started process (PID=73658) to work on /home/airflow/.local/lib/python3.8/site-packages/airflow/example_dags/example_subdag_operator.py
[2023-09-01T18:41:52.037+0000] {processor.py:829} INFO - Processing file /home/airflow/.local/lib/python3.8/site-packages/airflow/example_dags/example_subdag_operator.py for tasks to queue
[2023-09-01T18:41:52.038+0000] {logging_mixin.py:151} INFO - [2023-09-01T18:41:52.038+0000] {dagbag.py:539} INFO - Filling up the DagBag from /home/airflow/.local/lib/python3.8/site-packages/airflow/example_dags/example_subdag_operator.py
[2023-09-01T18:41:52.074+0000] {processor.py:839} INFO - DAG(s) dict_keys(['example_subdag_operator.section-1', 'example_subdag_operator.section-2', 'example_subdag_operator']) retrieved from /home/airflow/.local/lib/python3.8/site-packages/airflow/example_dags/example_subdag_operator.py
[2023-09-01T18:41:52.096+0000] {logging_mixin.py:151} INFO - [2023-09-01T18:41:52.096+0000] {dag.py:2907} INFO - Sync 3 DAGs
[2023-09-01T18:41:52.124+0000] {logging_mixin.py:151} INFO - [2023-09-01T18:41:52.124+0000] {dag.py:3677} INFO - Setting next_dagrun for example_subdag_operator to 2022-01-01T00:00:00+00:00, run_after=2022-01-01T00:00:00+00:00
[2023-09-01T18:41:52.136+0000] {logging_mixin.py:151} INFO - [2023-09-01T18:41:52.136+0000] {dag.py:3677} INFO - Setting next_dagrun for example_subdag_operator.section-1 to None, run_after=None
[2023-09-01T18:41:52.139+0000] {logging_mixin.py:151} INFO - [2023-09-01T18:41:52.139+0000] {dag.py:3677} INFO - Setting next_dagrun for example_subdag_operator.section-2 to None, run_after=None
[2023-09-01T18:41:52.149+0000] {logging_mixin.py:151} INFO - [2023-09-01T18:41:52.149+0000] {dag.py:2907} INFO - Sync 2 DAGs
[2023-09-01T18:41:52.159+0000] {logging_mixin.py:151} INFO - [2023-09-01T18:41:52.158+0000] {dag.py:3677} INFO - Setting next_dagrun for example_subdag_operator.section-1 to None, run_after=None
[2023-09-01T18:41:52.160+0000] {logging_mixin.py:151} INFO - [2023-09-01T18:41:52.159+0000] {dag.py:3677} INFO - Setting next_dagrun for example_subdag_operator.section-2 to None, run_after=None
[2023-09-01T18:41:52.177+0000] {processor.py:179} INFO - Processing /home/airflow/.local/lib/python3.8/site-packages/airflow/example_dags/example_subdag_operator.py took 0.150 seconds
[2023-09-01T19:35:58.262+0000] {processor.py:157} INFO - Started process (PID=73713) to work on /home/airflow/.local/lib/python3.8/site-packages/airflow/example_dags/example_subdag_operator.py
[2023-09-01T19:35:58.264+0000] {processor.py:829} INFO - Processing file /home/airflow/.local/lib/python3.8/site-packages/airflow/example_dags/example_subdag_operator.py for tasks to queue
[2023-09-01T19:35:58.265+0000] {logging_mixin.py:151} INFO - [2023-09-01T19:35:58.265+0000] {dagbag.py:539} INFO - Filling up the DagBag from /home/airflow/.local/lib/python3.8/site-packages/airflow/example_dags/example_subdag_operator.py
[2023-09-01T19:35:58.300+0000] {processor.py:839} INFO - DAG(s) dict_keys(['example_subdag_operator.section-1', 'example_subdag_operator.section-2', 'example_subdag_operator']) retrieved from /home/airflow/.local/lib/python3.8/site-packages/airflow/example_dags/example_subdag_operator.py
[2023-09-01T19:35:58.323+0000] {logging_mixin.py:151} INFO - [2023-09-01T19:35:58.323+0000] {dag.py:2907} INFO - Sync 3 DAGs
[2023-09-01T19:35:58.351+0000] {logging_mixin.py:151} INFO - [2023-09-01T19:35:58.350+0000] {dag.py:3677} INFO - Setting next_dagrun for example_subdag_operator to 2022-01-01T00:00:00+00:00, run_after=2022-01-01T00:00:00+00:00
[2023-09-01T19:35:58.355+0000] {logging_mixin.py:151} INFO - [2023-09-01T19:35:58.355+0000] {dag.py:3677} INFO - Setting next_dagrun for example_subdag_operator.section-1 to None, run_after=None
[2023-09-01T19:35:58.358+0000] {logging_mixin.py:151} INFO - [2023-09-01T19:35:58.358+0000] {dag.py:3677} INFO - Setting next_dagrun for example_subdag_operator.section-2 to None, run_after=None
[2023-09-01T19:35:58.367+0000] {logging_mixin.py:151} INFO - [2023-09-01T19:35:58.366+0000] {dag.py:2907} INFO - Sync 2 DAGs
[2023-09-01T19:35:58.373+0000] {logging_mixin.py:151} INFO - [2023-09-01T19:35:58.373+0000] {dag.py:3677} INFO - Setting next_dagrun for example_subdag_operator.section-1 to None, run_after=None
[2023-09-01T19:35:58.374+0000] {logging_mixin.py:151} INFO - [2023-09-01T19:35:58.374+0000] {dag.py:3677} INFO - Setting next_dagrun for example_subdag_operator.section-2 to None, run_after=None
[2023-09-01T19:35:58.387+0000] {processor.py:179} INFO - Processing /home/airflow/.local/lib/python3.8/site-packages/airflow/example_dags/example_subdag_operator.py took 0.129 seconds
[2023-09-01T19:40:33.936+0000] {processor.py:157} INFO - Started process (PID=73768) to work on /home/airflow/.local/lib/python3.8/site-packages/airflow/example_dags/example_subdag_operator.py
[2023-09-01T19:40:33.938+0000] {processor.py:829} INFO - Processing file /home/airflow/.local/lib/python3.8/site-packages/airflow/example_dags/example_subdag_operator.py for tasks to queue
[2023-09-01T19:40:33.939+0000] {logging_mixin.py:151} INFO - [2023-09-01T19:40:33.939+0000] {dagbag.py:539} INFO - Filling up the DagBag from /home/airflow/.local/lib/python3.8/site-packages/airflow/example_dags/example_subdag_operator.py
[2023-09-01T19:40:33.977+0000] {processor.py:839} INFO - DAG(s) dict_keys(['example_subdag_operator.section-1', 'example_subdag_operator.section-2', 'example_subdag_operator']) retrieved from /home/airflow/.local/lib/python3.8/site-packages/airflow/example_dags/example_subdag_operator.py
[2023-09-01T19:40:33.997+0000] {logging_mixin.py:151} INFO - [2023-09-01T19:40:33.997+0000] {dag.py:2907} INFO - Sync 3 DAGs
[2023-09-01T19:40:34.021+0000] {logging_mixin.py:151} INFO - [2023-09-01T19:40:34.020+0000] {dag.py:3677} INFO - Setting next_dagrun for example_subdag_operator to 2022-01-01T00:00:00+00:00, run_after=2022-01-01T00:00:00+00:00
[2023-09-01T19:40:34.025+0000] {logging_mixin.py:151} INFO - [2023-09-01T19:40:34.025+0000] {dag.py:3677} INFO - Setting next_dagrun for example_subdag_operator.section-1 to None, run_after=None
[2023-09-01T19:40:34.028+0000] {logging_mixin.py:151} INFO - [2023-09-01T19:40:34.028+0000] {dag.py:3677} INFO - Setting next_dagrun for example_subdag_operator.section-2 to None, run_after=None
[2023-09-01T19:40:34.037+0000] {logging_mixin.py:151} INFO - [2023-09-01T19:40:34.037+0000] {dag.py:2907} INFO - Sync 2 DAGs
[2023-09-01T19:40:34.044+0000] {logging_mixin.py:151} INFO - [2023-09-01T19:40:34.044+0000] {dag.py:3677} INFO - Setting next_dagrun for example_subdag_operator.section-1 to None, run_after=None
[2023-09-01T19:40:34.045+0000] {logging_mixin.py:151} INFO - [2023-09-01T19:40:34.045+0000] {dag.py:3677} INFO - Setting next_dagrun for example_subdag_operator.section-2 to None, run_after=None
[2023-09-01T19:40:34.060+0000] {processor.py:179} INFO - Processing /home/airflow/.local/lib/python3.8/site-packages/airflow/example_dags/example_subdag_operator.py took 0.129 seconds
[2023-09-01T19:41:23.167+0000] {processor.py:157} INFO - Started process (PID=73823) to work on /home/airflow/.local/lib/python3.8/site-packages/airflow/example_dags/example_subdag_operator.py
[2023-09-01T19:41:23.170+0000] {processor.py:829} INFO - Processing file /home/airflow/.local/lib/python3.8/site-packages/airflow/example_dags/example_subdag_operator.py for tasks to queue
[2023-09-01T19:41:23.172+0000] {logging_mixin.py:151} INFO - [2023-09-01T19:41:23.172+0000] {dagbag.py:539} INFO - Filling up the DagBag from /home/airflow/.local/lib/python3.8/site-packages/airflow/example_dags/example_subdag_operator.py
[2023-09-01T19:41:23.246+0000] {processor.py:839} INFO - DAG(s) dict_keys(['example_subdag_operator.section-1', 'example_subdag_operator.section-2', 'example_subdag_operator']) retrieved from /home/airflow/.local/lib/python3.8/site-packages/airflow/example_dags/example_subdag_operator.py
[2023-09-01T19:41:23.344+0000] {logging_mixin.py:151} INFO - [2023-09-01T19:41:23.344+0000] {dag.py:2907} INFO - Sync 3 DAGs
[2023-09-01T19:41:23.435+0000] {logging_mixin.py:151} INFO - [2023-09-01T19:41:23.434+0000] {dag.py:3677} INFO - Setting next_dagrun for example_subdag_operator to 2022-01-01T00:00:00+00:00, run_after=2022-01-01T00:00:00+00:00
[2023-09-01T19:41:23.446+0000] {logging_mixin.py:151} INFO - [2023-09-01T19:41:23.446+0000] {dag.py:3677} INFO - Setting next_dagrun for example_subdag_operator.section-1 to None, run_after=None
[2023-09-01T19:41:23.450+0000] {logging_mixin.py:151} INFO - [2023-09-01T19:41:23.450+0000] {dag.py:3677} INFO - Setting next_dagrun for example_subdag_operator.section-2 to None, run_after=None
[2023-09-01T19:41:23.474+0000] {logging_mixin.py:151} INFO - [2023-09-01T19:41:23.473+0000] {dag.py:2907} INFO - Sync 2 DAGs
[2023-09-01T19:41:23.487+0000] {logging_mixin.py:151} INFO - [2023-09-01T19:41:23.486+0000] {dag.py:3677} INFO - Setting next_dagrun for example_subdag_operator.section-1 to None, run_after=None
[2023-09-01T19:41:23.488+0000] {logging_mixin.py:151} INFO - [2023-09-01T19:41:23.488+0000] {dag.py:3677} INFO - Setting next_dagrun for example_subdag_operator.section-2 to None, run_after=None
[2023-09-01T19:41:23.510+0000] {processor.py:179} INFO - Processing /home/airflow/.local/lib/python3.8/site-packages/airflow/example_dags/example_subdag_operator.py took 0.359 seconds
[2023-09-01T19:59:27.860+0000] {processor.py:157} INFO - Started process (PID=73878) to work on /home/airflow/.local/lib/python3.8/site-packages/airflow/example_dags/example_subdag_operator.py
[2023-09-01T19:59:27.862+0000] {processor.py:829} INFO - Processing file /home/airflow/.local/lib/python3.8/site-packages/airflow/example_dags/example_subdag_operator.py for tasks to queue
[2023-09-01T19:59:27.863+0000] {logging_mixin.py:151} INFO - [2023-09-01T19:59:27.863+0000] {dagbag.py:539} INFO - Filling up the DagBag from /home/airflow/.local/lib/python3.8/site-packages/airflow/example_dags/example_subdag_operator.py
[2023-09-01T19:59:27.897+0000] {processor.py:839} INFO - DAG(s) dict_keys(['example_subdag_operator.section-1', 'example_subdag_operator.section-2', 'example_subdag_operator']) retrieved from /home/airflow/.local/lib/python3.8/site-packages/airflow/example_dags/example_subdag_operator.py
[2023-09-01T19:59:27.917+0000] {logging_mixin.py:151} INFO - [2023-09-01T19:59:27.917+0000] {dag.py:2907} INFO - Sync 3 DAGs
[2023-09-01T19:59:27.941+0000] {logging_mixin.py:151} INFO - [2023-09-01T19:59:27.941+0000] {dag.py:3677} INFO - Setting next_dagrun for example_subdag_operator to 2022-01-01T00:00:00+00:00, run_after=2022-01-01T00:00:00+00:00
[2023-09-01T19:59:27.945+0000] {logging_mixin.py:151} INFO - [2023-09-01T19:59:27.945+0000] {dag.py:3677} INFO - Setting next_dagrun for example_subdag_operator.section-1 to None, run_after=None
[2023-09-01T19:59:27.947+0000] {logging_mixin.py:151} INFO - [2023-09-01T19:59:27.947+0000] {dag.py:3677} INFO - Setting next_dagrun for example_subdag_operator.section-2 to None, run_after=None
[2023-09-01T19:59:27.956+0000] {logging_mixin.py:151} INFO - [2023-09-01T19:59:27.955+0000] {dag.py:2907} INFO - Sync 2 DAGs
[2023-09-01T19:59:27.963+0000] {logging_mixin.py:151} INFO - [2023-09-01T19:59:27.962+0000] {dag.py:3677} INFO - Setting next_dagrun for example_subdag_operator.section-1 to None, run_after=None
[2023-09-01T19:59:27.963+0000] {logging_mixin.py:151} INFO - [2023-09-01T19:59:27.963+0000] {dag.py:3677} INFO - Setting next_dagrun for example_subdag_operator.section-2 to None, run_after=None
[2023-09-01T19:59:27.976+0000] {processor.py:179} INFO - Processing /home/airflow/.local/lib/python3.8/site-packages/airflow/example_dags/example_subdag_operator.py took 0.121 seconds
