[2023-09-01T02:15:45.230+0000] {processor.py:157} INFO - Started process (PID=73158) to work on /home/airflow/.local/lib/python3.8/site-packages/airflow/example_dags/example_branch_datetime_operator.py
[2023-09-01T02:15:45.231+0000] {processor.py:829} INFO - Processing file /home/airflow/.local/lib/python3.8/site-packages/airflow/example_dags/example_branch_datetime_operator.py for tasks to queue
[2023-09-01T02:15:45.232+0000] {logging_mixin.py:151} INFO - [2023-09-01T02:15:45.231+0000] {dagbag.py:539} INFO - Filling up the DagBag from /home/airflow/.local/lib/python3.8/site-packages/airflow/example_dags/example_branch_datetime_operator.py
[2023-09-01T02:15:45.248+0000] {processor.py:839} INFO - DAG(s) dict_keys(['example_branch_datetime_operator_2', 'example_branch_datetime_operator', 'example_branch_datetime_operator_3']) retrieved from /home/airflow/.local/lib/python3.8/site-packages/airflow/example_dags/example_branch_datetime_operator.py
[2023-09-01T02:15:45.282+0000] {logging_mixin.py:151} INFO - [2023-09-01T02:15:45.282+0000] {dag.py:2907} INFO - Sync 3 DAGs
[2023-09-01T02:15:45.308+0000] {logging_mixin.py:151} INFO - [2023-09-01T02:15:45.308+0000] {dag.py:3677} INFO - Setting next_dagrun for example_branch_datetime_operator to 2023-08-31T00:00:00+00:00, run_after=2023-09-01T00:00:00+00:00
[2023-09-01T02:15:45.313+0000] {logging_mixin.py:151} INFO - [2023-09-01T02:15:45.313+0000] {dag.py:3677} INFO - Setting next_dagrun for example_branch_datetime_operator_2 to 2023-08-31T00:00:00+00:00, run_after=2023-09-01T00:00:00+00:00
[2023-09-01T02:15:45.316+0000] {logging_mixin.py:151} INFO - [2023-09-01T02:15:45.315+0000] {dag.py:3677} INFO - Setting next_dagrun for example_branch_datetime_operator_3 to 2023-08-31T00:00:00+00:00, run_after=2023-09-01T00:00:00+00:00
[2023-09-01T02:15:45.336+0000] {processor.py:179} INFO - Processing /home/airflow/.local/lib/python3.8/site-packages/airflow/example_dags/example_branch_datetime_operator.py took 0.110 seconds
[2023-09-01T04:04:37.657+0000] {processor.py:157} INFO - Started process (PID=73203) to work on /home/airflow/.local/lib/python3.8/site-packages/airflow/example_dags/example_branch_datetime_operator.py
[2023-09-01T04:04:37.659+0000] {processor.py:829} INFO - Processing file /home/airflow/.local/lib/python3.8/site-packages/airflow/example_dags/example_branch_datetime_operator.py for tasks to queue
[2023-09-01T04:04:37.660+0000] {logging_mixin.py:151} INFO - [2023-09-01T04:04:37.660+0000] {dagbag.py:539} INFO - Filling up the DagBag from /home/airflow/.local/lib/python3.8/site-packages/airflow/example_dags/example_branch_datetime_operator.py
[2023-09-01T04:04:37.676+0000] {processor.py:839} INFO - DAG(s) dict_keys(['example_branch_datetime_operator_3', 'example_branch_datetime_operator_2', 'example_branch_datetime_operator']) retrieved from /home/airflow/.local/lib/python3.8/site-packages/airflow/example_dags/example_branch_datetime_operator.py
[2023-09-01T04:04:37.731+0000] {logging_mixin.py:151} INFO - [2023-09-01T04:04:37.731+0000] {dag.py:2907} INFO - Sync 3 DAGs
[2023-09-01T04:04:37.761+0000] {logging_mixin.py:151} INFO - [2023-09-01T04:04:37.761+0000] {dag.py:3677} INFO - Setting next_dagrun for example_branch_datetime_operator to 2023-08-31T00:00:00+00:00, run_after=2023-09-01T00:00:00+00:00
[2023-09-01T04:04:37.768+0000] {logging_mixin.py:151} INFO - [2023-09-01T04:04:37.768+0000] {dag.py:3677} INFO - Setting next_dagrun for example_branch_datetime_operator_2 to 2023-08-31T00:00:00+00:00, run_after=2023-09-01T00:00:00+00:00
[2023-09-01T04:04:37.773+0000] {logging_mixin.py:151} INFO - [2023-09-01T04:04:37.773+0000] {dag.py:3677} INFO - Setting next_dagrun for example_branch_datetime_operator_3 to 2023-08-31T00:00:00+00:00, run_after=2023-09-01T00:00:00+00:00
[2023-09-01T04:04:37.797+0000] {processor.py:179} INFO - Processing /home/airflow/.local/lib/python3.8/site-packages/airflow/example_dags/example_branch_datetime_operator.py took 0.145 seconds
[2023-09-01T04:05:13.893+0000] {processor.py:157} INFO - Started process (PID=73258) to work on /home/airflow/.local/lib/python3.8/site-packages/airflow/example_dags/example_branch_datetime_operator.py
[2023-09-01T04:05:13.899+0000] {processor.py:829} INFO - Processing file /home/airflow/.local/lib/python3.8/site-packages/airflow/example_dags/example_branch_datetime_operator.py for tasks to queue
[2023-09-01T04:05:13.904+0000] {logging_mixin.py:151} INFO - [2023-09-01T04:05:13.903+0000] {dagbag.py:539} INFO - Filling up the DagBag from /home/airflow/.local/lib/python3.8/site-packages/airflow/example_dags/example_branch_datetime_operator.py
[2023-09-01T04:05:13.966+0000] {processor.py:839} INFO - DAG(s) dict_keys(['example_branch_datetime_operator_2', 'example_branch_datetime_operator_3', 'example_branch_datetime_operator']) retrieved from /home/airflow/.local/lib/python3.8/site-packages/airflow/example_dags/example_branch_datetime_operator.py
[2023-09-01T04:05:14.123+0000] {logging_mixin.py:151} INFO - [2023-09-01T04:05:14.122+0000] {dag.py:2907} INFO - Sync 3 DAGs
[2023-09-01T04:05:14.244+0000] {logging_mixin.py:151} INFO - [2023-09-01T04:05:14.243+0000] {dag.py:3677} INFO - Setting next_dagrun for example_branch_datetime_operator to 2023-08-31T00:00:00+00:00, run_after=2023-09-01T00:00:00+00:00
[2023-09-01T04:05:14.272+0000] {logging_mixin.py:151} INFO - [2023-09-01T04:05:14.271+0000] {dag.py:3677} INFO - Setting next_dagrun for example_branch_datetime_operator_2 to 2023-08-31T00:00:00+00:00, run_after=2023-09-01T00:00:00+00:00
[2023-09-01T04:05:14.288+0000] {logging_mixin.py:151} INFO - [2023-09-01T04:05:14.287+0000] {dag.py:3677} INFO - Setting next_dagrun for example_branch_datetime_operator_3 to 2023-08-31T00:00:00+00:00, run_after=2023-09-01T00:00:00+00:00
[2023-09-01T04:05:14.375+0000] {processor.py:179} INFO - Processing /home/airflow/.local/lib/python3.8/site-packages/airflow/example_dags/example_branch_datetime_operator.py took 0.503 seconds
[2023-09-01T04:05:47.229+0000] {processor.py:157} INFO - Started process (PID=73313) to work on /home/airflow/.local/lib/python3.8/site-packages/airflow/example_dags/example_branch_datetime_operator.py
[2023-09-01T04:05:47.231+0000] {processor.py:829} INFO - Processing file /home/airflow/.local/lib/python3.8/site-packages/airflow/example_dags/example_branch_datetime_operator.py for tasks to queue
[2023-09-01T04:05:47.232+0000] {logging_mixin.py:151} INFO - [2023-09-01T04:05:47.232+0000] {dagbag.py:539} INFO - Filling up the DagBag from /home/airflow/.local/lib/python3.8/site-packages/airflow/example_dags/example_branch_datetime_operator.py
[2023-09-01T04:05:47.247+0000] {processor.py:839} INFO - DAG(s) dict_keys(['example_branch_datetime_operator_3', 'example_branch_datetime_operator', 'example_branch_datetime_operator_2']) retrieved from /home/airflow/.local/lib/python3.8/site-packages/airflow/example_dags/example_branch_datetime_operator.py
[2023-09-01T04:05:47.283+0000] {logging_mixin.py:151} INFO - [2023-09-01T04:05:47.282+0000] {dag.py:2907} INFO - Sync 3 DAGs
[2023-09-01T04:05:47.310+0000] {logging_mixin.py:151} INFO - [2023-09-01T04:05:47.310+0000] {dag.py:3677} INFO - Setting next_dagrun for example_branch_datetime_operator to 2023-08-31T00:00:00+00:00, run_after=2023-09-01T00:00:00+00:00
[2023-09-01T04:05:47.316+0000] {logging_mixin.py:151} INFO - [2023-09-01T04:05:47.316+0000] {dag.py:3677} INFO - Setting next_dagrun for example_branch_datetime_operator_2 to 2023-08-31T00:00:00+00:00, run_after=2023-09-01T00:00:00+00:00
[2023-09-01T04:05:47.320+0000] {logging_mixin.py:151} INFO - [2023-09-01T04:05:47.319+0000] {dag.py:3677} INFO - Setting next_dagrun for example_branch_datetime_operator_3 to 2023-08-31T00:00:00+00:00, run_after=2023-09-01T00:00:00+00:00
[2023-09-01T04:05:47.339+0000] {processor.py:179} INFO - Processing /home/airflow/.local/lib/python3.8/site-packages/airflow/example_dags/example_branch_datetime_operator.py took 0.115 seconds
[2023-09-01T10:29:11.770+0000] {processor.py:157} INFO - Started process (PID=73361) to work on /home/airflow/.local/lib/python3.8/site-packages/airflow/example_dags/example_branch_datetime_operator.py
[2023-09-01T10:29:11.771+0000] {processor.py:829} INFO - Processing file /home/airflow/.local/lib/python3.8/site-packages/airflow/example_dags/example_branch_datetime_operator.py for tasks to queue
[2023-09-01T10:29:11.773+0000] {logging_mixin.py:151} INFO - [2023-09-01T10:29:11.772+0000] {dagbag.py:539} INFO - Filling up the DagBag from /home/airflow/.local/lib/python3.8/site-packages/airflow/example_dags/example_branch_datetime_operator.py
[2023-09-01T10:29:11.785+0000] {processor.py:839} INFO - DAG(s) dict_keys(['example_branch_datetime_operator_3', 'example_branch_datetime_operator_2', 'example_branch_datetime_operator']) retrieved from /home/airflow/.local/lib/python3.8/site-packages/airflow/example_dags/example_branch_datetime_operator.py
[2023-09-01T10:29:11.819+0000] {logging_mixin.py:151} INFO - [2023-09-01T10:29:11.819+0000] {dag.py:2907} INFO - Sync 3 DAGs
[2023-09-01T10:29:11.842+0000] {logging_mixin.py:151} INFO - [2023-09-01T10:29:11.842+0000] {dag.py:3677} INFO - Setting next_dagrun for example_branch_datetime_operator to 2023-08-31T00:00:00+00:00, run_after=2023-09-01T00:00:00+00:00
[2023-09-01T10:29:11.847+0000] {logging_mixin.py:151} INFO - [2023-09-01T10:29:11.847+0000] {dag.py:3677} INFO - Setting next_dagrun for example_branch_datetime_operator_2 to 2023-08-31T00:00:00+00:00, run_after=2023-09-01T00:00:00+00:00
[2023-09-01T10:29:11.850+0000] {logging_mixin.py:151} INFO - [2023-09-01T10:29:11.850+0000] {dag.py:3677} INFO - Setting next_dagrun for example_branch_datetime_operator_3 to 2023-08-31T00:00:00+00:00, run_after=2023-09-01T00:00:00+00:00
[2023-09-01T10:29:11.999+0000] {processor.py:179} INFO - Processing /home/airflow/.local/lib/python3.8/site-packages/airflow/example_dags/example_branch_datetime_operator.py took 0.234 seconds
[2023-09-01T16:39:33.123+0000] {processor.py:157} INFO - Started process (PID=73417) to work on /home/airflow/.local/lib/python3.8/site-packages/airflow/example_dags/example_branch_datetime_operator.py
[2023-09-01T16:39:33.125+0000] {processor.py:829} INFO - Processing file /home/airflow/.local/lib/python3.8/site-packages/airflow/example_dags/example_branch_datetime_operator.py for tasks to queue
[2023-09-01T16:39:33.126+0000] {logging_mixin.py:151} INFO - [2023-09-01T16:39:33.126+0000] {dagbag.py:539} INFO - Filling up the DagBag from /home/airflow/.local/lib/python3.8/site-packages/airflow/example_dags/example_branch_datetime_operator.py
[2023-09-01T16:39:33.141+0000] {processor.py:839} INFO - DAG(s) dict_keys(['example_branch_datetime_operator_2', 'example_branch_datetime_operator_3', 'example_branch_datetime_operator']) retrieved from /home/airflow/.local/lib/python3.8/site-packages/airflow/example_dags/example_branch_datetime_operator.py
[2023-09-01T16:39:33.183+0000] {logging_mixin.py:151} INFO - [2023-09-01T16:39:33.182+0000] {dag.py:2907} INFO - Sync 3 DAGs
[2023-09-01T16:39:33.214+0000] {logging_mixin.py:151} INFO - [2023-09-01T16:39:33.213+0000] {dag.py:3677} INFO - Setting next_dagrun for example_branch_datetime_operator to 2023-08-31T00:00:00+00:00, run_after=2023-09-01T00:00:00+00:00
[2023-09-01T16:39:33.220+0000] {logging_mixin.py:151} INFO - [2023-09-01T16:39:33.220+0000] {dag.py:3677} INFO - Setting next_dagrun for example_branch_datetime_operator_2 to 2023-08-31T00:00:00+00:00, run_after=2023-09-01T00:00:00+00:00
[2023-09-01T16:39:33.225+0000] {logging_mixin.py:151} INFO - [2023-09-01T16:39:33.225+0000] {dag.py:3677} INFO - Setting next_dagrun for example_branch_datetime_operator_3 to 2023-08-31T00:00:00+00:00, run_after=2023-09-01T00:00:00+00:00
[2023-09-01T16:39:33.250+0000] {processor.py:179} INFO - Processing /home/airflow/.local/lib/python3.8/site-packages/airflow/example_dags/example_branch_datetime_operator.py took 0.132 seconds
[2023-09-01T16:40:04.212+0000] {processor.py:157} INFO - Started process (PID=73472) to work on /home/airflow/.local/lib/python3.8/site-packages/airflow/example_dags/example_branch_datetime_operator.py
[2023-09-01T16:40:04.214+0000] {processor.py:829} INFO - Processing file /home/airflow/.local/lib/python3.8/site-packages/airflow/example_dags/example_branch_datetime_operator.py for tasks to queue
[2023-09-01T16:40:04.215+0000] {logging_mixin.py:151} INFO - [2023-09-01T16:40:04.215+0000] {dagbag.py:539} INFO - Filling up the DagBag from /home/airflow/.local/lib/python3.8/site-packages/airflow/example_dags/example_branch_datetime_operator.py
[2023-09-01T16:40:04.228+0000] {processor.py:839} INFO - DAG(s) dict_keys(['example_branch_datetime_operator_2', 'example_branch_datetime_operator_3', 'example_branch_datetime_operator']) retrieved from /home/airflow/.local/lib/python3.8/site-packages/airflow/example_dags/example_branch_datetime_operator.py
[2023-09-01T16:40:04.265+0000] {logging_mixin.py:151} INFO - [2023-09-01T16:40:04.264+0000] {dag.py:2907} INFO - Sync 3 DAGs
[2023-09-01T16:40:04.292+0000] {logging_mixin.py:151} INFO - [2023-09-01T16:40:04.291+0000] {dag.py:3677} INFO - Setting next_dagrun for example_branch_datetime_operator to 2023-08-31T00:00:00+00:00, run_after=2023-09-01T00:00:00+00:00
[2023-09-01T16:40:04.297+0000] {logging_mixin.py:151} INFO - [2023-09-01T16:40:04.297+0000] {dag.py:3677} INFO - Setting next_dagrun for example_branch_datetime_operator_2 to 2023-08-31T00:00:00+00:00, run_after=2023-09-01T00:00:00+00:00
[2023-09-01T16:40:04.301+0000] {logging_mixin.py:151} INFO - [2023-09-01T16:40:04.301+0000] {dag.py:3677} INFO - Setting next_dagrun for example_branch_datetime_operator_3 to 2023-08-31T00:00:00+00:00, run_after=2023-09-01T00:00:00+00:00
[2023-09-01T16:40:04.320+0000] {processor.py:179} INFO - Processing /home/airflow/.local/lib/python3.8/site-packages/airflow/example_dags/example_branch_datetime_operator.py took 0.113 seconds
[2023-09-01T17:33:19.372+0000] {processor.py:157} INFO - Started process (PID=73553) to work on /home/airflow/.local/lib/python3.8/site-packages/airflow/example_dags/example_branch_datetime_operator.py
[2023-09-01T17:33:19.373+0000] {processor.py:829} INFO - Processing file /home/airflow/.local/lib/python3.8/site-packages/airflow/example_dags/example_branch_datetime_operator.py for tasks to queue
[2023-09-01T17:33:19.375+0000] {logging_mixin.py:151} INFO - [2023-09-01T17:33:19.374+0000] {dagbag.py:539} INFO - Filling up the DagBag from /home/airflow/.local/lib/python3.8/site-packages/airflow/example_dags/example_branch_datetime_operator.py
[2023-09-01T17:33:19.388+0000] {processor.py:839} INFO - DAG(s) dict_keys(['example_branch_datetime_operator_2', 'example_branch_datetime_operator', 'example_branch_datetime_operator_3']) retrieved from /home/airflow/.local/lib/python3.8/site-packages/airflow/example_dags/example_branch_datetime_operator.py
[2023-09-01T17:33:19.571+0000] {logging_mixin.py:151} INFO - [2023-09-01T17:33:19.571+0000] {dag.py:2907} INFO - Sync 3 DAGs
[2023-09-01T17:33:19.596+0000] {logging_mixin.py:151} INFO - [2023-09-01T17:33:19.596+0000] {dag.py:3677} INFO - Setting next_dagrun for example_branch_datetime_operator to 2023-08-31T00:00:00+00:00, run_after=2023-09-01T00:00:00+00:00
[2023-09-01T17:33:19.602+0000] {logging_mixin.py:151} INFO - [2023-09-01T17:33:19.601+0000] {dag.py:3677} INFO - Setting next_dagrun for example_branch_datetime_operator_2 to 2023-08-31T00:00:00+00:00, run_after=2023-09-01T00:00:00+00:00
[2023-09-01T17:33:19.606+0000] {logging_mixin.py:151} INFO - [2023-09-01T17:33:19.605+0000] {dag.py:3677} INFO - Setting next_dagrun for example_branch_datetime_operator_3 to 2023-08-31T00:00:00+00:00, run_after=2023-09-01T00:00:00+00:00
[2023-09-01T17:33:19.623+0000] {processor.py:179} INFO - Processing /home/airflow/.local/lib/python3.8/site-packages/airflow/example_dags/example_branch_datetime_operator.py took 0.256 seconds
[2023-09-01T17:55:31.414+0000] {processor.py:157} INFO - Started process (PID=73608) to work on /home/airflow/.local/lib/python3.8/site-packages/airflow/example_dags/example_branch_datetime_operator.py
[2023-09-01T17:55:31.416+0000] {processor.py:829} INFO - Processing file /home/airflow/.local/lib/python3.8/site-packages/airflow/example_dags/example_branch_datetime_operator.py for tasks to queue
[2023-09-01T17:55:31.417+0000] {logging_mixin.py:151} INFO - [2023-09-01T17:55:31.417+0000] {dagbag.py:539} INFO - Filling up the DagBag from /home/airflow/.local/lib/python3.8/site-packages/airflow/example_dags/example_branch_datetime_operator.py
[2023-09-01T17:55:31.434+0000] {processor.py:839} INFO - DAG(s) dict_keys(['example_branch_datetime_operator_2', 'example_branch_datetime_operator', 'example_branch_datetime_operator_3']) retrieved from /home/airflow/.local/lib/python3.8/site-packages/airflow/example_dags/example_branch_datetime_operator.py
[2023-09-01T17:55:31.479+0000] {logging_mixin.py:151} INFO - [2023-09-01T17:55:31.479+0000] {dag.py:2907} INFO - Sync 3 DAGs
[2023-09-01T17:55:31.513+0000] {logging_mixin.py:151} INFO - [2023-09-01T17:55:31.513+0000] {dag.py:3677} INFO - Setting next_dagrun for example_branch_datetime_operator to 2023-08-31T00:00:00+00:00, run_after=2023-09-01T00:00:00+00:00
[2023-09-01T17:55:31.520+0000] {logging_mixin.py:151} INFO - [2023-09-01T17:55:31.520+0000] {dag.py:3677} INFO - Setting next_dagrun for example_branch_datetime_operator_2 to 2023-08-31T00:00:00+00:00, run_after=2023-09-01T00:00:00+00:00
[2023-09-01T17:55:31.525+0000] {logging_mixin.py:151} INFO - [2023-09-01T17:55:31.525+0000] {dag.py:3677} INFO - Setting next_dagrun for example_branch_datetime_operator_3 to 2023-08-31T00:00:00+00:00, run_after=2023-09-01T00:00:00+00:00
[2023-09-01T17:55:31.553+0000] {processor.py:179} INFO - Processing /home/airflow/.local/lib/python3.8/site-packages/airflow/example_dags/example_branch_datetime_operator.py took 0.144 seconds
[2023-09-01T18:41:52.475+0000] {processor.py:157} INFO - Started process (PID=73663) to work on /home/airflow/.local/lib/python3.8/site-packages/airflow/example_dags/example_branch_datetime_operator.py
[2023-09-01T18:41:52.476+0000] {processor.py:829} INFO - Processing file /home/airflow/.local/lib/python3.8/site-packages/airflow/example_dags/example_branch_datetime_operator.py for tasks to queue
[2023-09-01T18:41:52.478+0000] {logging_mixin.py:151} INFO - [2023-09-01T18:41:52.477+0000] {dagbag.py:539} INFO - Filling up the DagBag from /home/airflow/.local/lib/python3.8/site-packages/airflow/example_dags/example_branch_datetime_operator.py
[2023-09-01T18:41:52.492+0000] {processor.py:839} INFO - DAG(s) dict_keys(['example_branch_datetime_operator_3', 'example_branch_datetime_operator', 'example_branch_datetime_operator_2']) retrieved from /home/airflow/.local/lib/python3.8/site-packages/airflow/example_dags/example_branch_datetime_operator.py
[2023-09-01T18:41:52.535+0000] {logging_mixin.py:151} INFO - [2023-09-01T18:41:52.535+0000] {dag.py:2907} INFO - Sync 3 DAGs
[2023-09-01T18:41:52.571+0000] {logging_mixin.py:151} INFO - [2023-09-01T18:41:52.571+0000] {dag.py:3677} INFO - Setting next_dagrun for example_branch_datetime_operator to 2023-08-31T00:00:00+00:00, run_after=2023-09-01T00:00:00+00:00
[2023-09-01T18:41:52.579+0000] {logging_mixin.py:151} INFO - [2023-09-01T18:41:52.579+0000] {dag.py:3677} INFO - Setting next_dagrun for example_branch_datetime_operator_2 to 2023-08-31T00:00:00+00:00, run_after=2023-09-01T00:00:00+00:00
[2023-09-01T18:41:52.583+0000] {logging_mixin.py:151} INFO - [2023-09-01T18:41:52.583+0000] {dag.py:3677} INFO - Setting next_dagrun for example_branch_datetime_operator_3 to 2023-08-31T00:00:00+00:00, run_after=2023-09-01T00:00:00+00:00
[2023-09-01T18:41:52.608+0000] {processor.py:179} INFO - Processing /home/airflow/.local/lib/python3.8/site-packages/airflow/example_dags/example_branch_datetime_operator.py took 0.138 seconds
[2023-09-01T19:35:58.623+0000] {processor.py:157} INFO - Started process (PID=73718) to work on /home/airflow/.local/lib/python3.8/site-packages/airflow/example_dags/example_branch_datetime_operator.py
[2023-09-01T19:35:58.624+0000] {processor.py:829} INFO - Processing file /home/airflow/.local/lib/python3.8/site-packages/airflow/example_dags/example_branch_datetime_operator.py for tasks to queue
[2023-09-01T19:35:58.626+0000] {logging_mixin.py:151} INFO - [2023-09-01T19:35:58.625+0000] {dagbag.py:539} INFO - Filling up the DagBag from /home/airflow/.local/lib/python3.8/site-packages/airflow/example_dags/example_branch_datetime_operator.py
[2023-09-01T19:35:58.639+0000] {processor.py:839} INFO - DAG(s) dict_keys(['example_branch_datetime_operator_2', 'example_branch_datetime_operator_3', 'example_branch_datetime_operator']) retrieved from /home/airflow/.local/lib/python3.8/site-packages/airflow/example_dags/example_branch_datetime_operator.py
[2023-09-01T19:35:58.680+0000] {logging_mixin.py:151} INFO - [2023-09-01T19:35:58.680+0000] {dag.py:2907} INFO - Sync 3 DAGs
[2023-09-01T19:35:58.713+0000] {logging_mixin.py:151} INFO - [2023-09-01T19:35:58.712+0000] {dag.py:3677} INFO - Setting next_dagrun for example_branch_datetime_operator to 2023-08-31T00:00:00+00:00, run_after=2023-09-01T00:00:00+00:00
[2023-09-01T19:35:58.720+0000] {logging_mixin.py:151} INFO - [2023-09-01T19:35:58.720+0000] {dag.py:3677} INFO - Setting next_dagrun for example_branch_datetime_operator_2 to 2023-08-31T00:00:00+00:00, run_after=2023-09-01T00:00:00+00:00
[2023-09-01T19:35:58.724+0000] {logging_mixin.py:151} INFO - [2023-09-01T19:35:58.724+0000] {dag.py:3677} INFO - Setting next_dagrun for example_branch_datetime_operator_3 to 2023-08-31T00:00:00+00:00, run_after=2023-09-01T00:00:00+00:00
[2023-09-01T19:35:58.750+0000] {processor.py:179} INFO - Processing /home/airflow/.local/lib/python3.8/site-packages/airflow/example_dags/example_branch_datetime_operator.py took 0.132 seconds
[2023-09-01T19:40:34.310+0000] {processor.py:157} INFO - Started process (PID=73773) to work on /home/airflow/.local/lib/python3.8/site-packages/airflow/example_dags/example_branch_datetime_operator.py
[2023-09-01T19:40:34.312+0000] {processor.py:829} INFO - Processing file /home/airflow/.local/lib/python3.8/site-packages/airflow/example_dags/example_branch_datetime_operator.py for tasks to queue
[2023-09-01T19:40:34.314+0000] {logging_mixin.py:151} INFO - [2023-09-01T19:40:34.313+0000] {dagbag.py:539} INFO - Filling up the DagBag from /home/airflow/.local/lib/python3.8/site-packages/airflow/example_dags/example_branch_datetime_operator.py
[2023-09-01T19:40:34.328+0000] {processor.py:839} INFO - DAG(s) dict_keys(['example_branch_datetime_operator_2', 'example_branch_datetime_operator_3', 'example_branch_datetime_operator']) retrieved from /home/airflow/.local/lib/python3.8/site-packages/airflow/example_dags/example_branch_datetime_operator.py
[2023-09-01T19:40:34.365+0000] {logging_mixin.py:151} INFO - [2023-09-01T19:40:34.365+0000] {dag.py:2907} INFO - Sync 3 DAGs
[2023-09-01T19:40:34.392+0000] {logging_mixin.py:151} INFO - [2023-09-01T19:40:34.392+0000] {dag.py:3677} INFO - Setting next_dagrun for example_branch_datetime_operator to 2023-08-31T00:00:00+00:00, run_after=2023-09-01T00:00:00+00:00
[2023-09-01T19:40:34.398+0000] {logging_mixin.py:151} INFO - [2023-09-01T19:40:34.398+0000] {dag.py:3677} INFO - Setting next_dagrun for example_branch_datetime_operator_2 to 2023-08-31T00:00:00+00:00, run_after=2023-09-01T00:00:00+00:00
[2023-09-01T19:40:34.401+0000] {logging_mixin.py:151} INFO - [2023-09-01T19:40:34.401+0000] {dag.py:3677} INFO - Setting next_dagrun for example_branch_datetime_operator_3 to 2023-08-31T00:00:00+00:00, run_after=2023-09-01T00:00:00+00:00
[2023-09-01T19:40:34.423+0000] {processor.py:179} INFO - Processing /home/airflow/.local/lib/python3.8/site-packages/airflow/example_dags/example_branch_datetime_operator.py took 0.118 seconds
[2023-09-01T19:41:24.236+0000] {processor.py:157} INFO - Started process (PID=73828) to work on /home/airflow/.local/lib/python3.8/site-packages/airflow/example_dags/example_branch_datetime_operator.py
[2023-09-01T19:41:24.238+0000] {processor.py:829} INFO - Processing file /home/airflow/.local/lib/python3.8/site-packages/airflow/example_dags/example_branch_datetime_operator.py for tasks to queue
[2023-09-01T19:41:24.240+0000] {logging_mixin.py:151} INFO - [2023-09-01T19:41:24.239+0000] {dagbag.py:539} INFO - Filling up the DagBag from /home/airflow/.local/lib/python3.8/site-packages/airflow/example_dags/example_branch_datetime_operator.py
[2023-09-01T19:41:24.271+0000] {processor.py:839} INFO - DAG(s) dict_keys(['example_branch_datetime_operator', 'example_branch_datetime_operator_2', 'example_branch_datetime_operator_3']) retrieved from /home/airflow/.local/lib/python3.8/site-packages/airflow/example_dags/example_branch_datetime_operator.py
[2023-09-01T19:41:24.322+0000] {logging_mixin.py:151} INFO - [2023-09-01T19:41:24.322+0000] {dag.py:2907} INFO - Sync 3 DAGs
[2023-09-01T19:41:24.352+0000] {logging_mixin.py:151} INFO - [2023-09-01T19:41:24.351+0000] {dag.py:3677} INFO - Setting next_dagrun for example_branch_datetime_operator to 2023-08-31T00:00:00+00:00, run_after=2023-09-01T00:00:00+00:00
[2023-09-01T19:41:24.364+0000] {logging_mixin.py:151} INFO - [2023-09-01T19:41:24.363+0000] {dag.py:3677} INFO - Setting next_dagrun for example_branch_datetime_operator_2 to 2023-08-31T00:00:00+00:00, run_after=2023-09-01T00:00:00+00:00
[2023-09-01T19:41:24.369+0000] {logging_mixin.py:151} INFO - [2023-09-01T19:41:24.368+0000] {dag.py:3677} INFO - Setting next_dagrun for example_branch_datetime_operator_3 to 2023-08-31T00:00:00+00:00, run_after=2023-09-01T00:00:00+00:00
[2023-09-01T19:41:24.392+0000] {processor.py:179} INFO - Processing /home/airflow/.local/lib/python3.8/site-packages/airflow/example_dags/example_branch_datetime_operator.py took 0.165 seconds
[2023-09-01T19:59:28.206+0000] {processor.py:157} INFO - Started process (PID=73883) to work on /home/airflow/.local/lib/python3.8/site-packages/airflow/example_dags/example_branch_datetime_operator.py
[2023-09-01T19:59:28.207+0000] {processor.py:829} INFO - Processing file /home/airflow/.local/lib/python3.8/site-packages/airflow/example_dags/example_branch_datetime_operator.py for tasks to queue
[2023-09-01T19:59:28.209+0000] {logging_mixin.py:151} INFO - [2023-09-01T19:59:28.208+0000] {dagbag.py:539} INFO - Filling up the DagBag from /home/airflow/.local/lib/python3.8/site-packages/airflow/example_dags/example_branch_datetime_operator.py
[2023-09-01T19:59:28.222+0000] {processor.py:839} INFO - DAG(s) dict_keys(['example_branch_datetime_operator_2', 'example_branch_datetime_operator_3', 'example_branch_datetime_operator']) retrieved from /home/airflow/.local/lib/python3.8/site-packages/airflow/example_dags/example_branch_datetime_operator.py
[2023-09-01T19:59:28.257+0000] {logging_mixin.py:151} INFO - [2023-09-01T19:59:28.257+0000] {dag.py:2907} INFO - Sync 3 DAGs
[2023-09-01T19:59:28.283+0000] {logging_mixin.py:151} INFO - [2023-09-01T19:59:28.283+0000] {dag.py:3677} INFO - Setting next_dagrun for example_branch_datetime_operator to 2023-08-31T00:00:00+00:00, run_after=2023-09-01T00:00:00+00:00
[2023-09-01T19:59:28.289+0000] {logging_mixin.py:151} INFO - [2023-09-01T19:59:28.289+0000] {dag.py:3677} INFO - Setting next_dagrun for example_branch_datetime_operator_2 to 2023-08-31T00:00:00+00:00, run_after=2023-09-01T00:00:00+00:00
[2023-09-01T19:59:28.293+0000] {logging_mixin.py:151} INFO - [2023-09-01T19:59:28.292+0000] {dag.py:3677} INFO - Setting next_dagrun for example_branch_datetime_operator_3 to 2023-08-31T00:00:00+00:00, run_after=2023-09-01T00:00:00+00:00
[2023-09-01T19:59:28.309+0000] {processor.py:179} INFO - Processing /home/airflow/.local/lib/python3.8/site-packages/airflow/example_dags/example_branch_datetime_operator.py took 0.108 seconds
