[2023-09-01T02:15:44.361+0000] {processor.py:157} INFO - Started process (PID=73148) to work on /home/airflow/.local/lib/python3.8/site-packages/airflow/example_dags/example_task_group.py
[2023-09-01T02:15:44.362+0000] {processor.py:829} INFO - Processing file /home/airflow/.local/lib/python3.8/site-packages/airflow/example_dags/example_task_group.py for tasks to queue
[2023-09-01T02:15:44.363+0000] {logging_mixin.py:151} INFO - [2023-09-01T02:15:44.363+0000] {dagbag.py:539} INFO - Filling up the DagBag from /home/airflow/.local/lib/python3.8/site-packages/airflow/example_dags/example_task_group.py
[2023-09-01T02:15:44.376+0000] {processor.py:839} INFO - DAG(s) dict_keys(['example_task_group']) retrieved from /home/airflow/.local/lib/python3.8/site-packages/airflow/example_dags/example_task_group.py
[2023-09-01T02:15:44.406+0000] {logging_mixin.py:151} INFO - [2023-09-01T02:15:44.405+0000] {dag.py:2907} INFO - Sync 1 DAGs
[2023-09-01T02:15:44.429+0000] {logging_mixin.py:151} INFO - [2023-09-01T02:15:44.429+0000] {dag.py:3677} INFO - Setting next_dagrun for example_task_group to 2023-08-31T02:15:44.428936+00:00, run_after=2023-09-01T02:15:44.428936+00:00
[2023-09-01T02:15:44.455+0000] {processor.py:179} INFO - Processing /home/airflow/.local/lib/python3.8/site-packages/airflow/example_dags/example_task_group.py took 0.099 seconds
[2023-09-01T04:04:36.624+0000] {processor.py:157} INFO - Started process (PID=73193) to work on /home/airflow/.local/lib/python3.8/site-packages/airflow/example_dags/example_task_group.py
[2023-09-01T04:04:36.626+0000] {processor.py:829} INFO - Processing file /home/airflow/.local/lib/python3.8/site-packages/airflow/example_dags/example_task_group.py for tasks to queue
[2023-09-01T04:04:36.628+0000] {logging_mixin.py:151} INFO - [2023-09-01T04:04:36.627+0000] {dagbag.py:539} INFO - Filling up the DagBag from /home/airflow/.local/lib/python3.8/site-packages/airflow/example_dags/example_task_group.py
[2023-09-01T04:04:36.638+0000] {processor.py:839} INFO - DAG(s) dict_keys(['example_task_group']) retrieved from /home/airflow/.local/lib/python3.8/site-packages/airflow/example_dags/example_task_group.py
[2023-09-01T04:04:36.676+0000] {logging_mixin.py:151} INFO - [2023-09-01T04:04:36.676+0000] {dag.py:2907} INFO - Sync 1 DAGs
[2023-09-01T04:04:36.706+0000] {logging_mixin.py:151} INFO - [2023-09-01T04:04:36.705+0000] {dag.py:3677} INFO - Setting next_dagrun for example_task_group to 2023-08-31T04:04:36.705502+00:00, run_after=2023-09-01T04:04:36.705502+00:00
[2023-09-01T04:04:36.738+0000] {processor.py:179} INFO - Processing /home/airflow/.local/lib/python3.8/site-packages/airflow/example_dags/example_task_group.py took 0.129 seconds
[2023-09-01T04:05:10.192+0000] {processor.py:157} INFO - Started process (PID=73248) to work on /home/airflow/.local/lib/python3.8/site-packages/airflow/example_dags/example_task_group.py
[2023-09-01T04:05:10.198+0000] {processor.py:829} INFO - Processing file /home/airflow/.local/lib/python3.8/site-packages/airflow/example_dags/example_task_group.py for tasks to queue
[2023-09-01T04:05:10.204+0000] {logging_mixin.py:151} INFO - [2023-09-01T04:05:10.203+0000] {dagbag.py:539} INFO - Filling up the DagBag from /home/airflow/.local/lib/python3.8/site-packages/airflow/example_dags/example_task_group.py
[2023-09-01T04:05:10.249+0000] {processor.py:839} INFO - DAG(s) dict_keys(['example_task_group']) retrieved from /home/airflow/.local/lib/python3.8/site-packages/airflow/example_dags/example_task_group.py
[2023-09-01T04:05:10.379+0000] {logging_mixin.py:151} INFO - [2023-09-01T04:05:10.378+0000] {dag.py:2907} INFO - Sync 1 DAGs
[2023-09-01T04:05:10.495+0000] {logging_mixin.py:151} INFO - [2023-09-01T04:05:10.494+0000] {dag.py:3677} INFO - Setting next_dagrun for example_task_group to 2023-08-31T04:05:10.492566+00:00, run_after=2023-09-01T04:05:10.492566+00:00
[2023-09-01T04:05:10.590+0000] {processor.py:179} INFO - Processing /home/airflow/.local/lib/python3.8/site-packages/airflow/example_dags/example_task_group.py took 0.421 seconds
[2023-09-01T04:05:46.312+0000] {processor.py:157} INFO - Started process (PID=73303) to work on /home/airflow/.local/lib/python3.8/site-packages/airflow/example_dags/example_task_group.py
[2023-09-01T04:05:46.314+0000] {processor.py:829} INFO - Processing file /home/airflow/.local/lib/python3.8/site-packages/airflow/example_dags/example_task_group.py for tasks to queue
[2023-09-01T04:05:46.315+0000] {logging_mixin.py:151} INFO - [2023-09-01T04:05:46.314+0000] {dagbag.py:539} INFO - Filling up the DagBag from /home/airflow/.local/lib/python3.8/site-packages/airflow/example_dags/example_task_group.py
[2023-09-01T04:05:46.324+0000] {processor.py:839} INFO - DAG(s) dict_keys(['example_task_group']) retrieved from /home/airflow/.local/lib/python3.8/site-packages/airflow/example_dags/example_task_group.py
[2023-09-01T04:05:46.352+0000] {logging_mixin.py:151} INFO - [2023-09-01T04:05:46.352+0000] {dag.py:2907} INFO - Sync 1 DAGs
[2023-09-01T04:05:46.377+0000] {logging_mixin.py:151} INFO - [2023-09-01T04:05:46.377+0000] {dag.py:3677} INFO - Setting next_dagrun for example_task_group to 2023-08-31T04:05:46.376875+00:00, run_after=2023-09-01T04:05:46.376875+00:00
[2023-09-01T04:05:46.399+0000] {processor.py:179} INFO - Processing /home/airflow/.local/lib/python3.8/site-packages/airflow/example_dags/example_task_group.py took 0.091 seconds
[2023-09-01T10:29:10.563+0000] {processor.py:157} INFO - Started process (PID=73351) to work on /home/airflow/.local/lib/python3.8/site-packages/airflow/example_dags/example_task_group.py
[2023-09-01T10:29:10.568+0000] {processor.py:829} INFO - Processing file /home/airflow/.local/lib/python3.8/site-packages/airflow/example_dags/example_task_group.py for tasks to queue
[2023-09-01T10:29:10.571+0000] {logging_mixin.py:151} INFO - [2023-09-01T10:29:10.570+0000] {dagbag.py:539} INFO - Filling up the DagBag from /home/airflow/.local/lib/python3.8/site-packages/airflow/example_dags/example_task_group.py
[2023-09-01T10:29:10.594+0000] {processor.py:839} INFO - DAG(s) dict_keys(['example_task_group']) retrieved from /home/airflow/.local/lib/python3.8/site-packages/airflow/example_dags/example_task_group.py
[2023-09-01T10:29:10.632+0000] {logging_mixin.py:151} INFO - [2023-09-01T10:29:10.632+0000] {dag.py:2907} INFO - Sync 1 DAGs
[2023-09-01T10:29:10.664+0000] {logging_mixin.py:151} INFO - [2023-09-01T10:29:10.664+0000] {dag.py:3677} INFO - Setting next_dagrun for example_task_group to 2023-08-31T10:29:10.664017+00:00, run_after=2023-09-01T10:29:10.664017+00:00
[2023-09-01T10:29:10.690+0000] {processor.py:179} INFO - Processing /home/airflow/.local/lib/python3.8/site-packages/airflow/example_dags/example_task_group.py took 0.138 seconds
[2023-09-01T16:39:32.065+0000] {processor.py:157} INFO - Started process (PID=73407) to work on /home/airflow/.local/lib/python3.8/site-packages/airflow/example_dags/example_task_group.py
[2023-09-01T16:39:32.067+0000] {processor.py:829} INFO - Processing file /home/airflow/.local/lib/python3.8/site-packages/airflow/example_dags/example_task_group.py for tasks to queue
[2023-09-01T16:39:32.069+0000] {logging_mixin.py:151} INFO - [2023-09-01T16:39:32.068+0000] {dagbag.py:539} INFO - Filling up the DagBag from /home/airflow/.local/lib/python3.8/site-packages/airflow/example_dags/example_task_group.py
[2023-09-01T16:39:32.081+0000] {processor.py:839} INFO - DAG(s) dict_keys(['example_task_group']) retrieved from /home/airflow/.local/lib/python3.8/site-packages/airflow/example_dags/example_task_group.py
[2023-09-01T16:39:32.117+0000] {logging_mixin.py:151} INFO - [2023-09-01T16:39:32.117+0000] {dag.py:2907} INFO - Sync 1 DAGs
[2023-09-01T16:39:32.148+0000] {logging_mixin.py:151} INFO - [2023-09-01T16:39:32.148+0000] {dag.py:3677} INFO - Setting next_dagrun for example_task_group to 2023-08-31T16:39:32.148104+00:00, run_after=2023-09-01T16:39:32.148104+00:00
[2023-09-01T16:39:32.177+0000] {processor.py:179} INFO - Processing /home/airflow/.local/lib/python3.8/site-packages/airflow/example_dags/example_task_group.py took 0.118 seconds
[2023-09-01T16:40:02.405+0000] {processor.py:157} INFO - Started process (PID=73462) to work on /home/airflow/.local/lib/python3.8/site-packages/airflow/example_dags/example_task_group.py
[2023-09-01T16:40:02.407+0000] {processor.py:829} INFO - Processing file /home/airflow/.local/lib/python3.8/site-packages/airflow/example_dags/example_task_group.py for tasks to queue
[2023-09-01T16:40:02.408+0000] {logging_mixin.py:151} INFO - [2023-09-01T16:40:02.408+0000] {dagbag.py:539} INFO - Filling up the DagBag from /home/airflow/.local/lib/python3.8/site-packages/airflow/example_dags/example_task_group.py
[2023-09-01T16:40:02.418+0000] {processor.py:839} INFO - DAG(s) dict_keys(['example_task_group']) retrieved from /home/airflow/.local/lib/python3.8/site-packages/airflow/example_dags/example_task_group.py
[2023-09-01T16:40:02.446+0000] {logging_mixin.py:151} INFO - [2023-09-01T16:40:02.446+0000] {dag.py:2907} INFO - Sync 1 DAGs
[2023-09-01T16:40:02.471+0000] {logging_mixin.py:151} INFO - [2023-09-01T16:40:02.470+0000] {dag.py:3677} INFO - Setting next_dagrun for example_task_group to 2023-08-31T16:40:02.470599+00:00, run_after=2023-09-01T16:40:02.470599+00:00
[2023-09-01T16:40:02.492+0000] {processor.py:179} INFO - Processing /home/airflow/.local/lib/python3.8/site-packages/airflow/example_dags/example_task_group.py took 0.092 seconds
[2023-09-01T16:40:32.647+0000] {processor.py:157} INFO - Started process (PID=73517) to work on /home/airflow/.local/lib/python3.8/site-packages/airflow/example_dags/example_task_group.py
[2023-09-01T16:40:32.648+0000] {processor.py:829} INFO - Processing file /home/airflow/.local/lib/python3.8/site-packages/airflow/example_dags/example_task_group.py for tasks to queue
[2023-09-01T16:40:32.649+0000] {logging_mixin.py:151} INFO - [2023-09-01T16:40:32.649+0000] {dagbag.py:539} INFO - Filling up the DagBag from /home/airflow/.local/lib/python3.8/site-packages/airflow/example_dags/example_task_group.py
[2023-09-01T16:40:32.659+0000] {processor.py:839} INFO - DAG(s) dict_keys(['example_task_group']) retrieved from /home/airflow/.local/lib/python3.8/site-packages/airflow/example_dags/example_task_group.py
[2023-09-01T16:40:32.687+0000] {logging_mixin.py:151} INFO - [2023-09-01T16:40:32.687+0000] {dag.py:2907} INFO - Sync 1 DAGs
[2023-09-01T16:40:32.713+0000] {logging_mixin.py:151} INFO - [2023-09-01T16:40:32.713+0000] {dag.py:3677} INFO - Setting next_dagrun for example_task_group to 2023-08-31T16:40:32.712982+00:00, run_after=2023-09-01T16:40:32.712982+00:00
[2023-09-01T16:40:32.895+0000] {processor.py:179} INFO - Processing /home/airflow/.local/lib/python3.8/site-packages/airflow/example_dags/example_task_group.py took 0.253 seconds
[2023-09-01T17:33:18.256+0000] {processor.py:157} INFO - Started process (PID=73546) to work on /home/airflow/.local/lib/python3.8/site-packages/airflow/example_dags/example_task_group.py
[2023-09-01T17:33:18.258+0000] {processor.py:829} INFO - Processing file /home/airflow/.local/lib/python3.8/site-packages/airflow/example_dags/example_task_group.py for tasks to queue
[2023-09-01T17:33:18.259+0000] {logging_mixin.py:151} INFO - [2023-09-01T17:33:18.259+0000] {dagbag.py:539} INFO - Filling up the DagBag from /home/airflow/.local/lib/python3.8/site-packages/airflow/example_dags/example_task_group.py
[2023-09-01T17:33:18.272+0000] {processor.py:839} INFO - DAG(s) dict_keys(['example_task_group']) retrieved from /home/airflow/.local/lib/python3.8/site-packages/airflow/example_dags/example_task_group.py
[2023-09-01T17:33:18.313+0000] {logging_mixin.py:151} INFO - [2023-09-01T17:33:18.313+0000] {dag.py:2907} INFO - Sync 1 DAGs
[2023-09-01T17:33:18.496+0000] {logging_mixin.py:151} INFO - [2023-09-01T17:33:18.496+0000] {dag.py:3677} INFO - Setting next_dagrun for example_task_group to 2023-08-31T17:33:18.496318+00:00, run_after=2023-09-01T17:33:18.496318+00:00
[2023-09-01T17:33:18.521+0000] {processor.py:179} INFO - Processing /home/airflow/.local/lib/python3.8/site-packages/airflow/example_dags/example_task_group.py took 0.273 seconds
[2023-09-01T17:55:30.380+0000] {processor.py:157} INFO - Started process (PID=73598) to work on /home/airflow/.local/lib/python3.8/site-packages/airflow/example_dags/example_task_group.py
[2023-09-01T17:55:30.381+0000] {processor.py:829} INFO - Processing file /home/airflow/.local/lib/python3.8/site-packages/airflow/example_dags/example_task_group.py for tasks to queue
[2023-09-01T17:55:30.383+0000] {logging_mixin.py:151} INFO - [2023-09-01T17:55:30.382+0000] {dagbag.py:539} INFO - Filling up the DagBag from /home/airflow/.local/lib/python3.8/site-packages/airflow/example_dags/example_task_group.py
[2023-09-01T17:55:30.393+0000] {processor.py:839} INFO - DAG(s) dict_keys(['example_task_group']) retrieved from /home/airflow/.local/lib/python3.8/site-packages/airflow/example_dags/example_task_group.py
[2023-09-01T17:55:30.422+0000] {logging_mixin.py:151} INFO - [2023-09-01T17:55:30.422+0000] {dag.py:2907} INFO - Sync 1 DAGs
[2023-09-01T17:55:30.450+0000] {logging_mixin.py:151} INFO - [2023-09-01T17:55:30.450+0000] {dag.py:3677} INFO - Setting next_dagrun for example_task_group to 2023-08-31T17:55:30.449777+00:00, run_after=2023-09-01T17:55:30.449777+00:00
[2023-09-01T17:55:30.478+0000] {processor.py:179} INFO - Processing /home/airflow/.local/lib/python3.8/site-packages/airflow/example_dags/example_task_group.py took 0.103 seconds
[2023-09-01T18:41:51.574+0000] {processor.py:157} INFO - Started process (PID=73653) to work on /home/airflow/.local/lib/python3.8/site-packages/airflow/example_dags/example_task_group.py
[2023-09-01T18:41:51.575+0000] {processor.py:829} INFO - Processing file /home/airflow/.local/lib/python3.8/site-packages/airflow/example_dags/example_task_group.py for tasks to queue
[2023-09-01T18:41:51.577+0000] {logging_mixin.py:151} INFO - [2023-09-01T18:41:51.577+0000] {dagbag.py:539} INFO - Filling up the DagBag from /home/airflow/.local/lib/python3.8/site-packages/airflow/example_dags/example_task_group.py
[2023-09-01T18:41:51.589+0000] {processor.py:839} INFO - DAG(s) dict_keys(['example_task_group']) retrieved from /home/airflow/.local/lib/python3.8/site-packages/airflow/example_dags/example_task_group.py
[2023-09-01T18:41:51.620+0000] {logging_mixin.py:151} INFO - [2023-09-01T18:41:51.620+0000] {dag.py:2907} INFO - Sync 1 DAGs
[2023-09-01T18:41:51.648+0000] {logging_mixin.py:151} INFO - [2023-09-01T18:41:51.648+0000] {dag.py:3677} INFO - Setting next_dagrun for example_task_group to 2023-08-31T18:41:51.647695+00:00, run_after=2023-09-01T18:41:51.647695+00:00
[2023-09-01T18:41:51.673+0000] {processor.py:179} INFO - Processing /home/airflow/.local/lib/python3.8/site-packages/airflow/example_dags/example_task_group.py took 0.104 seconds
[2023-09-01T19:35:57.789+0000] {processor.py:157} INFO - Started process (PID=73708) to work on /home/airflow/.local/lib/python3.8/site-packages/airflow/example_dags/example_task_group.py
[2023-09-01T19:35:57.790+0000] {processor.py:829} INFO - Processing file /home/airflow/.local/lib/python3.8/site-packages/airflow/example_dags/example_task_group.py for tasks to queue
[2023-09-01T19:35:57.792+0000] {logging_mixin.py:151} INFO - [2023-09-01T19:35:57.791+0000] {dagbag.py:539} INFO - Filling up the DagBag from /home/airflow/.local/lib/python3.8/site-packages/airflow/example_dags/example_task_group.py
[2023-09-01T19:35:57.804+0000] {processor.py:839} INFO - DAG(s) dict_keys(['example_task_group']) retrieved from /home/airflow/.local/lib/python3.8/site-packages/airflow/example_dags/example_task_group.py
[2023-09-01T19:35:57.834+0000] {logging_mixin.py:151} INFO - [2023-09-01T19:35:57.834+0000] {dag.py:2907} INFO - Sync 1 DAGs
[2023-09-01T19:35:57.861+0000] {logging_mixin.py:151} INFO - [2023-09-01T19:35:57.860+0000] {dag.py:3677} INFO - Setting next_dagrun for example_task_group to 2023-08-31T19:35:57.860523+00:00, run_after=2023-09-01T19:35:57.860523+00:00
[2023-09-01T19:35:57.884+0000] {processor.py:179} INFO - Processing /home/airflow/.local/lib/python3.8/site-packages/airflow/example_dags/example_task_group.py took 0.100 seconds
[2023-09-01T19:40:33.507+0000] {processor.py:157} INFO - Started process (PID=73763) to work on /home/airflow/.local/lib/python3.8/site-packages/airflow/example_dags/example_task_group.py
[2023-09-01T19:40:33.509+0000] {processor.py:829} INFO - Processing file /home/airflow/.local/lib/python3.8/site-packages/airflow/example_dags/example_task_group.py for tasks to queue
[2023-09-01T19:40:33.510+0000] {logging_mixin.py:151} INFO - [2023-09-01T19:40:33.510+0000] {dagbag.py:539} INFO - Filling up the DagBag from /home/airflow/.local/lib/python3.8/site-packages/airflow/example_dags/example_task_group.py
[2023-09-01T19:40:33.521+0000] {processor.py:839} INFO - DAG(s) dict_keys(['example_task_group']) retrieved from /home/airflow/.local/lib/python3.8/site-packages/airflow/example_dags/example_task_group.py
[2023-09-01T19:40:33.555+0000] {logging_mixin.py:151} INFO - [2023-09-01T19:40:33.554+0000] {dag.py:2907} INFO - Sync 1 DAGs
[2023-09-01T19:40:33.580+0000] {logging_mixin.py:151} INFO - [2023-09-01T19:40:33.580+0000] {dag.py:3677} INFO - Setting next_dagrun for example_task_group to 2023-08-31T19:40:33.580004+00:00, run_after=2023-09-01T19:40:33.580004+00:00
[2023-09-01T19:40:33.604+0000] {processor.py:179} INFO - Processing /home/airflow/.local/lib/python3.8/site-packages/airflow/example_dags/example_task_group.py took 0.103 seconds
[2023-09-01T19:41:07.826+0000] {processor.py:157} INFO - Started process (PID=73818) to work on /home/airflow/.local/lib/python3.8/site-packages/airflow/example_dags/example_task_group.py
[2023-09-01T19:41:07.832+0000] {processor.py:829} INFO - Processing file /home/airflow/.local/lib/python3.8/site-packages/airflow/example_dags/example_task_group.py for tasks to queue
[2023-09-01T19:41:07.838+0000] {logging_mixin.py:151} INFO - [2023-09-01T19:41:07.837+0000] {dagbag.py:539} INFO - Filling up the DagBag from /home/airflow/.local/lib/python3.8/site-packages/airflow/example_dags/example_task_group.py
[2023-09-01T19:41:07.886+0000] {processor.py:839} INFO - DAG(s) dict_keys(['example_task_group']) retrieved from /home/airflow/.local/lib/python3.8/site-packages/airflow/example_dags/example_task_group.py
[2023-09-01T19:41:08.017+0000] {logging_mixin.py:151} INFO - [2023-09-01T19:41:08.016+0000] {dag.py:2907} INFO - Sync 1 DAGs
[2023-09-01T19:41:08.141+0000] {logging_mixin.py:151} INFO - [2023-09-01T19:41:08.140+0000] {dag.py:3677} INFO - Setting next_dagrun for example_task_group to 2023-08-31T19:41:08.139519+00:00, run_after=2023-09-01T19:41:08.139519+00:00
[2023-09-01T19:41:08.238+0000] {processor.py:179} INFO - Processing /home/airflow/.local/lib/python3.8/site-packages/airflow/example_dags/example_task_group.py took 0.435 seconds
[2023-09-01T19:59:27.407+0000] {processor.py:157} INFO - Started process (PID=73873) to work on /home/airflow/.local/lib/python3.8/site-packages/airflow/example_dags/example_task_group.py
[2023-09-01T19:59:27.409+0000] {processor.py:829} INFO - Processing file /home/airflow/.local/lib/python3.8/site-packages/airflow/example_dags/example_task_group.py for tasks to queue
[2023-09-01T19:59:27.410+0000] {logging_mixin.py:151} INFO - [2023-09-01T19:59:27.410+0000] {dagbag.py:539} INFO - Filling up the DagBag from /home/airflow/.local/lib/python3.8/site-packages/airflow/example_dags/example_task_group.py
[2023-09-01T19:59:27.424+0000] {processor.py:839} INFO - DAG(s) dict_keys(['example_task_group']) retrieved from /home/airflow/.local/lib/python3.8/site-packages/airflow/example_dags/example_task_group.py
[2023-09-01T19:59:27.462+0000] {logging_mixin.py:151} INFO - [2023-09-01T19:59:27.462+0000] {dag.py:2907} INFO - Sync 1 DAGs
[2023-09-01T19:59:27.490+0000] {logging_mixin.py:151} INFO - [2023-09-01T19:59:27.489+0000] {dag.py:3677} INFO - Setting next_dagrun for example_task_group to 2023-08-31T19:59:27.489554+00:00, run_after=2023-09-01T19:59:27.489554+00:00
[2023-09-01T19:59:27.512+0000] {processor.py:179} INFO - Processing /home/airflow/.local/lib/python3.8/site-packages/airflow/example_dags/example_task_group.py took 0.110 seconds
