[2023-09-01T02:15:44.745+0000] {processor.py:157} INFO - Started process (PID=73152) to work on /home/airflow/.local/lib/python3.8/site-packages/airflow/example_dags/example_trigger_target_dag.py
[2023-09-01T02:15:44.746+0000] {processor.py:829} INFO - Processing file /home/airflow/.local/lib/python3.8/site-packages/airflow/example_dags/example_trigger_target_dag.py for tasks to queue
[2023-09-01T02:15:44.747+0000] {logging_mixin.py:151} INFO - [2023-09-01T02:15:44.747+0000] {dagbag.py:539} INFO - Filling up the DagBag from /home/airflow/.local/lib/python3.8/site-packages/airflow/example_dags/example_trigger_target_dag.py
[2023-09-01T02:15:44.755+0000] {processor.py:839} INFO - DAG(s) dict_keys(['example_trigger_target_dag']) retrieved from /home/airflow/.local/lib/python3.8/site-packages/airflow/example_dags/example_trigger_target_dag.py
[2023-09-01T02:15:44.777+0000] {logging_mixin.py:151} INFO - [2023-09-01T02:15:44.777+0000] {dag.py:2907} INFO - Sync 1 DAGs
[2023-09-01T02:15:44.791+0000] {logging_mixin.py:151} INFO - [2023-09-01T02:15:44.791+0000] {dag.py:3677} INFO - Setting next_dagrun for example_trigger_target_dag to None, run_after=None
[2023-09-01T02:15:44.811+0000] {processor.py:179} INFO - Processing /home/airflow/.local/lib/python3.8/site-packages/airflow/example_dags/example_trigger_target_dag.py took 0.070 seconds
[2023-09-01T04:04:37.059+0000] {processor.py:157} INFO - Started process (PID=73197) to work on /home/airflow/.local/lib/python3.8/site-packages/airflow/example_dags/example_trigger_target_dag.py
[2023-09-01T04:04:37.064+0000] {processor.py:829} INFO - Processing file /home/airflow/.local/lib/python3.8/site-packages/airflow/example_dags/example_trigger_target_dag.py for tasks to queue
[2023-09-01T04:04:37.067+0000] {logging_mixin.py:151} INFO - [2023-09-01T04:04:37.066+0000] {dagbag.py:539} INFO - Filling up the DagBag from /home/airflow/.local/lib/python3.8/site-packages/airflow/example_dags/example_trigger_target_dag.py
[2023-09-01T04:04:37.077+0000] {processor.py:839} INFO - DAG(s) dict_keys(['example_trigger_target_dag']) retrieved from /home/airflow/.local/lib/python3.8/site-packages/airflow/example_dags/example_trigger_target_dag.py
[2023-09-01T04:04:37.124+0000] {logging_mixin.py:151} INFO - [2023-09-01T04:04:37.124+0000] {dag.py:2907} INFO - Sync 1 DAGs
[2023-09-01T04:04:37.144+0000] {logging_mixin.py:151} INFO - [2023-09-01T04:04:37.144+0000] {dag.py:3677} INFO - Setting next_dagrun for example_trigger_target_dag to None, run_after=None
[2023-09-01T04:04:37.177+0000] {processor.py:179} INFO - Processing /home/airflow/.local/lib/python3.8/site-packages/airflow/example_dags/example_trigger_target_dag.py took 0.125 seconds
[2023-09-01T04:05:11.098+0000] {processor.py:157} INFO - Started process (PID=73251) to work on /home/airflow/.local/lib/python3.8/site-packages/airflow/example_dags/example_trigger_target_dag.py
[2023-09-01T04:05:11.104+0000] {processor.py:829} INFO - Processing file /home/airflow/.local/lib/python3.8/site-packages/airflow/example_dags/example_trigger_target_dag.py for tasks to queue
[2023-09-01T04:05:11.110+0000] {logging_mixin.py:151} INFO - [2023-09-01T04:05:11.109+0000] {dagbag.py:539} INFO - Filling up the DagBag from /home/airflow/.local/lib/python3.8/site-packages/airflow/example_dags/example_trigger_target_dag.py
[2023-09-01T04:05:11.147+0000] {processor.py:839} INFO - DAG(s) dict_keys(['example_trigger_target_dag']) retrieved from /home/airflow/.local/lib/python3.8/site-packages/airflow/example_dags/example_trigger_target_dag.py
[2023-09-01T04:05:11.260+0000] {logging_mixin.py:151} INFO - [2023-09-01T04:05:11.259+0000] {dag.py:2907} INFO - Sync 1 DAGs
[2023-09-01T04:05:11.333+0000] {logging_mixin.py:151} INFO - [2023-09-01T04:05:11.332+0000] {dag.py:3677} INFO - Setting next_dagrun for example_trigger_target_dag to None, run_after=None
[2023-09-01T04:05:11.426+0000] {processor.py:179} INFO - Processing /home/airflow/.local/lib/python3.8/site-packages/airflow/example_dags/example_trigger_target_dag.py took 0.349 seconds
[2023-09-01T04:05:46.626+0000] {processor.py:157} INFO - Started process (PID=73307) to work on /home/airflow/.local/lib/python3.8/site-packages/airflow/example_dags/example_trigger_target_dag.py
[2023-09-01T04:05:46.628+0000] {processor.py:829} INFO - Processing file /home/airflow/.local/lib/python3.8/site-packages/airflow/example_dags/example_trigger_target_dag.py for tasks to queue
[2023-09-01T04:05:46.630+0000] {logging_mixin.py:151} INFO - [2023-09-01T04:05:46.629+0000] {dagbag.py:539} INFO - Filling up the DagBag from /home/airflow/.local/lib/python3.8/site-packages/airflow/example_dags/example_trigger_target_dag.py
[2023-09-01T04:05:46.638+0000] {processor.py:839} INFO - DAG(s) dict_keys(['example_trigger_target_dag']) retrieved from /home/airflow/.local/lib/python3.8/site-packages/airflow/example_dags/example_trigger_target_dag.py
[2023-09-01T04:05:46.668+0000] {logging_mixin.py:151} INFO - [2023-09-01T04:05:46.668+0000] {dag.py:2907} INFO - Sync 1 DAGs
[2023-09-01T04:05:46.686+0000] {logging_mixin.py:151} INFO - [2023-09-01T04:05:46.686+0000] {dag.py:3677} INFO - Setting next_dagrun for example_trigger_target_dag to None, run_after=None
[2023-09-01T04:05:46.711+0000] {processor.py:179} INFO - Processing /home/airflow/.local/lib/python3.8/site-packages/airflow/example_dags/example_trigger_target_dag.py took 0.090 seconds
[2023-09-01T10:29:11.162+0000] {processor.py:157} INFO - Started process (PID=73355) to work on /home/airflow/.local/lib/python3.8/site-packages/airflow/example_dags/example_trigger_target_dag.py
[2023-09-01T10:29:11.163+0000] {processor.py:829} INFO - Processing file /home/airflow/.local/lib/python3.8/site-packages/airflow/example_dags/example_trigger_target_dag.py for tasks to queue
[2023-09-01T10:29:11.165+0000] {logging_mixin.py:151} INFO - [2023-09-01T10:29:11.164+0000] {dagbag.py:539} INFO - Filling up the DagBag from /home/airflow/.local/lib/python3.8/site-packages/airflow/example_dags/example_trigger_target_dag.py
[2023-09-01T10:29:11.173+0000] {processor.py:839} INFO - DAG(s) dict_keys(['example_trigger_target_dag']) retrieved from /home/airflow/.local/lib/python3.8/site-packages/airflow/example_dags/example_trigger_target_dag.py
[2023-09-01T10:29:11.201+0000] {logging_mixin.py:151} INFO - [2023-09-01T10:29:11.200+0000] {dag.py:2907} INFO - Sync 1 DAGs
[2023-09-01T10:29:11.216+0000] {logging_mixin.py:151} INFO - [2023-09-01T10:29:11.216+0000] {dag.py:3677} INFO - Setting next_dagrun for example_trigger_target_dag to None, run_after=None
[2023-09-01T10:29:11.238+0000] {processor.py:179} INFO - Processing /home/airflow/.local/lib/python3.8/site-packages/airflow/example_dags/example_trigger_target_dag.py took 0.081 seconds
[2023-09-01T16:39:32.522+0000] {processor.py:157} INFO - Started process (PID=73411) to work on /home/airflow/.local/lib/python3.8/site-packages/airflow/example_dags/example_trigger_target_dag.py
[2023-09-01T16:39:32.524+0000] {processor.py:829} INFO - Processing file /home/airflow/.local/lib/python3.8/site-packages/airflow/example_dags/example_trigger_target_dag.py for tasks to queue
[2023-09-01T16:39:32.525+0000] {logging_mixin.py:151} INFO - [2023-09-01T16:39:32.525+0000] {dagbag.py:539} INFO - Filling up the DagBag from /home/airflow/.local/lib/python3.8/site-packages/airflow/example_dags/example_trigger_target_dag.py
[2023-09-01T16:39:32.534+0000] {processor.py:839} INFO - DAG(s) dict_keys(['example_trigger_target_dag']) retrieved from /home/airflow/.local/lib/python3.8/site-packages/airflow/example_dags/example_trigger_target_dag.py
[2023-09-01T16:39:32.566+0000] {logging_mixin.py:151} INFO - [2023-09-01T16:39:32.566+0000] {dag.py:2907} INFO - Sync 1 DAGs
[2023-09-01T16:39:32.585+0000] {logging_mixin.py:151} INFO - [2023-09-01T16:39:32.585+0000] {dag.py:3677} INFO - Setting next_dagrun for example_trigger_target_dag to None, run_after=None
[2023-09-01T16:39:32.612+0000] {processor.py:179} INFO - Processing /home/airflow/.local/lib/python3.8/site-packages/airflow/example_dags/example_trigger_target_dag.py took 0.098 seconds
[2023-09-01T16:40:02.653+0000] {processor.py:157} INFO - Started process (PID=73465) to work on /home/airflow/.local/lib/python3.8/site-packages/airflow/example_dags/example_trigger_target_dag.py
[2023-09-01T16:40:02.655+0000] {processor.py:829} INFO - Processing file /home/airflow/.local/lib/python3.8/site-packages/airflow/example_dags/example_trigger_target_dag.py for tasks to queue
[2023-09-01T16:40:02.656+0000] {logging_mixin.py:151} INFO - [2023-09-01T16:40:02.656+0000] {dagbag.py:539} INFO - Filling up the DagBag from /home/airflow/.local/lib/python3.8/site-packages/airflow/example_dags/example_trigger_target_dag.py
[2023-09-01T16:40:02.665+0000] {processor.py:839} INFO - DAG(s) dict_keys(['example_trigger_target_dag']) retrieved from /home/airflow/.local/lib/python3.8/site-packages/airflow/example_dags/example_trigger_target_dag.py
[2023-09-01T16:40:02.690+0000] {logging_mixin.py:151} INFO - [2023-09-01T16:40:02.690+0000] {dag.py:2907} INFO - Sync 1 DAGs
[2023-09-01T16:40:02.706+0000] {logging_mixin.py:151} INFO - [2023-09-01T16:40:02.705+0000] {dag.py:3677} INFO - Setting next_dagrun for example_trigger_target_dag to None, run_after=None
[2023-09-01T16:40:02.738+0000] {processor.py:179} INFO - Processing /home/airflow/.local/lib/python3.8/site-packages/airflow/example_dags/example_trigger_target_dag.py took 0.089 seconds
[2023-09-01T16:40:33.006+0000] {processor.py:157} INFO - Started process (PID=73520) to work on /home/airflow/.local/lib/python3.8/site-packages/airflow/example_dags/example_trigger_target_dag.py
[2023-09-01T16:40:33.008+0000] {processor.py:829} INFO - Processing file /home/airflow/.local/lib/python3.8/site-packages/airflow/example_dags/example_trigger_target_dag.py for tasks to queue
[2023-09-01T16:40:33.009+0000] {logging_mixin.py:151} INFO - [2023-09-01T16:40:33.009+0000] {dagbag.py:539} INFO - Filling up the DagBag from /home/airflow/.local/lib/python3.8/site-packages/airflow/example_dags/example_trigger_target_dag.py
[2023-09-01T16:40:33.018+0000] {processor.py:839} INFO - DAG(s) dict_keys(['example_trigger_target_dag']) retrieved from /home/airflow/.local/lib/python3.8/site-packages/airflow/example_dags/example_trigger_target_dag.py
[2023-09-01T16:40:33.046+0000] {logging_mixin.py:151} INFO - [2023-09-01T16:40:33.045+0000] {dag.py:2907} INFO - Sync 1 DAGs
[2023-09-01T16:40:33.061+0000] {logging_mixin.py:151} INFO - [2023-09-01T16:40:33.061+0000] {dag.py:3677} INFO - Setting next_dagrun for example_trigger_target_dag to None, run_after=None
[2023-09-01T16:40:33.084+0000] {processor.py:179} INFO - Processing /home/airflow/.local/lib/python3.8/site-packages/airflow/example_dags/example_trigger_target_dag.py took 0.083 seconds
[2023-09-01T17:33:18.884+0000] {processor.py:157} INFO - Started process (PID=73550) to work on /home/airflow/.local/lib/python3.8/site-packages/airflow/example_dags/example_trigger_target_dag.py
[2023-09-01T17:33:18.885+0000] {processor.py:829} INFO - Processing file /home/airflow/.local/lib/python3.8/site-packages/airflow/example_dags/example_trigger_target_dag.py for tasks to queue
[2023-09-01T17:33:18.887+0000] {logging_mixin.py:151} INFO - [2023-09-01T17:33:18.887+0000] {dagbag.py:539} INFO - Filling up the DagBag from /home/airflow/.local/lib/python3.8/site-packages/airflow/example_dags/example_trigger_target_dag.py
[2023-09-01T17:33:18.895+0000] {processor.py:839} INFO - DAG(s) dict_keys(['example_trigger_target_dag']) retrieved from /home/airflow/.local/lib/python3.8/site-packages/airflow/example_dags/example_trigger_target_dag.py
[2023-09-01T17:33:19.055+0000] {logging_mixin.py:151} INFO - [2023-09-01T17:33:19.055+0000] {dag.py:2907} INFO - Sync 1 DAGs
[2023-09-01T17:33:19.068+0000] {logging_mixin.py:151} INFO - [2023-09-01T17:33:19.068+0000] {dag.py:3677} INFO - Setting next_dagrun for example_trigger_target_dag to None, run_after=None
[2023-09-01T17:33:19.089+0000] {processor.py:179} INFO - Processing /home/airflow/.local/lib/python3.8/site-packages/airflow/example_dags/example_trigger_target_dag.py took 0.210 seconds
[2023-09-01T17:55:30.784+0000] {processor.py:157} INFO - Started process (PID=73602) to work on /home/airflow/.local/lib/python3.8/site-packages/airflow/example_dags/example_trigger_target_dag.py
[2023-09-01T17:55:30.785+0000] {processor.py:829} INFO - Processing file /home/airflow/.local/lib/python3.8/site-packages/airflow/example_dags/example_trigger_target_dag.py for tasks to queue
[2023-09-01T17:55:30.787+0000] {logging_mixin.py:151} INFO - [2023-09-01T17:55:30.786+0000] {dagbag.py:539} INFO - Filling up the DagBag from /home/airflow/.local/lib/python3.8/site-packages/airflow/example_dags/example_trigger_target_dag.py
[2023-09-01T17:55:30.794+0000] {processor.py:839} INFO - DAG(s) dict_keys(['example_trigger_target_dag']) retrieved from /home/airflow/.local/lib/python3.8/site-packages/airflow/example_dags/example_trigger_target_dag.py
[2023-09-01T17:55:30.823+0000] {logging_mixin.py:151} INFO - [2023-09-01T17:55:30.822+0000] {dag.py:2907} INFO - Sync 1 DAGs
[2023-09-01T17:55:30.838+0000] {logging_mixin.py:151} INFO - [2023-09-01T17:55:30.838+0000] {dag.py:3677} INFO - Setting next_dagrun for example_trigger_target_dag to None, run_after=None
[2023-09-01T17:55:30.863+0000] {processor.py:179} INFO - Processing /home/airflow/.local/lib/python3.8/site-packages/airflow/example_dags/example_trigger_target_dag.py took 0.084 seconds
[2023-09-01T18:41:51.907+0000] {processor.py:157} INFO - Started process (PID=73657) to work on /home/airflow/.local/lib/python3.8/site-packages/airflow/example_dags/example_trigger_target_dag.py
[2023-09-01T18:41:51.909+0000] {processor.py:829} INFO - Processing file /home/airflow/.local/lib/python3.8/site-packages/airflow/example_dags/example_trigger_target_dag.py for tasks to queue
[2023-09-01T18:41:51.911+0000] {logging_mixin.py:151} INFO - [2023-09-01T18:41:51.910+0000] {dagbag.py:539} INFO - Filling up the DagBag from /home/airflow/.local/lib/python3.8/site-packages/airflow/example_dags/example_trigger_target_dag.py
[2023-09-01T18:41:51.921+0000] {processor.py:839} INFO - DAG(s) dict_keys(['example_trigger_target_dag']) retrieved from /home/airflow/.local/lib/python3.8/site-packages/airflow/example_dags/example_trigger_target_dag.py
[2023-09-01T18:41:51.954+0000] {logging_mixin.py:151} INFO - [2023-09-01T18:41:51.954+0000] {dag.py:2907} INFO - Sync 1 DAGs
[2023-09-01T18:41:51.972+0000] {logging_mixin.py:151} INFO - [2023-09-01T18:41:51.972+0000] {dag.py:3677} INFO - Setting next_dagrun for example_trigger_target_dag to None, run_after=None
[2023-09-01T18:41:52.000+0000] {processor.py:179} INFO - Processing /home/airflow/.local/lib/python3.8/site-packages/airflow/example_dags/example_trigger_target_dag.py took 0.100 seconds
[2023-09-01T19:35:58.159+0000] {processor.py:157} INFO - Started process (PID=73712) to work on /home/airflow/.local/lib/python3.8/site-packages/airflow/example_dags/example_trigger_target_dag.py
[2023-09-01T19:35:58.160+0000] {processor.py:829} INFO - Processing file /home/airflow/.local/lib/python3.8/site-packages/airflow/example_dags/example_trigger_target_dag.py for tasks to queue
[2023-09-01T19:35:58.162+0000] {logging_mixin.py:151} INFO - [2023-09-01T19:35:58.161+0000] {dagbag.py:539} INFO - Filling up the DagBag from /home/airflow/.local/lib/python3.8/site-packages/airflow/example_dags/example_trigger_target_dag.py
[2023-09-01T19:35:58.169+0000] {processor.py:839} INFO - DAG(s) dict_keys(['example_trigger_target_dag']) retrieved from /home/airflow/.local/lib/python3.8/site-packages/airflow/example_dags/example_trigger_target_dag.py
[2023-09-01T19:35:58.196+0000] {logging_mixin.py:151} INFO - [2023-09-01T19:35:58.196+0000] {dag.py:2907} INFO - Sync 1 DAGs
[2023-09-01T19:35:58.212+0000] {logging_mixin.py:151} INFO - [2023-09-01T19:35:58.211+0000] {dag.py:3677} INFO - Setting next_dagrun for example_trigger_target_dag to None, run_after=None
[2023-09-01T19:35:58.234+0000] {processor.py:179} INFO - Processing /home/airflow/.local/lib/python3.8/site-packages/airflow/example_dags/example_trigger_target_dag.py took 0.080 seconds
[2023-09-01T19:40:33.828+0000] {processor.py:157} INFO - Started process (PID=73767) to work on /home/airflow/.local/lib/python3.8/site-packages/airflow/example_dags/example_trigger_target_dag.py
[2023-09-01T19:40:33.830+0000] {processor.py:829} INFO - Processing file /home/airflow/.local/lib/python3.8/site-packages/airflow/example_dags/example_trigger_target_dag.py for tasks to queue
[2023-09-01T19:40:33.831+0000] {logging_mixin.py:151} INFO - [2023-09-01T19:40:33.831+0000] {dagbag.py:539} INFO - Filling up the DagBag from /home/airflow/.local/lib/python3.8/site-packages/airflow/example_dags/example_trigger_target_dag.py
[2023-09-01T19:40:33.839+0000] {processor.py:839} INFO - DAG(s) dict_keys(['example_trigger_target_dag']) retrieved from /home/airflow/.local/lib/python3.8/site-packages/airflow/example_dags/example_trigger_target_dag.py
[2023-09-01T19:40:33.866+0000] {logging_mixin.py:151} INFO - [2023-09-01T19:40:33.866+0000] {dag.py:2907} INFO - Sync 1 DAGs
[2023-09-01T19:40:33.882+0000] {logging_mixin.py:151} INFO - [2023-09-01T19:40:33.882+0000] {dag.py:3677} INFO - Setting next_dagrun for example_trigger_target_dag to None, run_after=None
[2023-09-01T19:40:33.906+0000] {processor.py:179} INFO - Processing /home/airflow/.local/lib/python3.8/site-packages/airflow/example_dags/example_trigger_target_dag.py took 0.083 seconds
[2023-09-01T19:41:22.739+0000] {processor.py:157} INFO - Started process (PID=73822) to work on /home/airflow/.local/lib/python3.8/site-packages/airflow/example_dags/example_trigger_target_dag.py
[2023-09-01T19:41:22.743+0000] {processor.py:829} INFO - Processing file /home/airflow/.local/lib/python3.8/site-packages/airflow/example_dags/example_trigger_target_dag.py for tasks to queue
[2023-09-01T19:41:22.746+0000] {logging_mixin.py:151} INFO - [2023-09-01T19:41:22.745+0000] {dagbag.py:539} INFO - Filling up the DagBag from /home/airflow/.local/lib/python3.8/site-packages/airflow/example_dags/example_trigger_target_dag.py
[2023-09-01T19:41:22.801+0000] {processor.py:839} INFO - DAG(s) dict_keys(['example_trigger_target_dag']) retrieved from /home/airflow/.local/lib/python3.8/site-packages/airflow/example_dags/example_trigger_target_dag.py
[2023-09-01T19:41:22.970+0000] {logging_mixin.py:151} INFO - [2023-09-01T19:41:22.969+0000] {dag.py:2907} INFO - Sync 1 DAGs
[2023-09-01T19:41:23.046+0000] {logging_mixin.py:151} INFO - [2023-09-01T19:41:23.046+0000] {dag.py:3677} INFO - Setting next_dagrun for example_trigger_target_dag to None, run_after=None
[2023-09-01T19:41:23.099+0000] {processor.py:179} INFO - Processing /home/airflow/.local/lib/python3.8/site-packages/airflow/example_dags/example_trigger_target_dag.py took 0.376 seconds
[2023-09-01T19:59:27.747+0000] {processor.py:157} INFO - Started process (PID=73877) to work on /home/airflow/.local/lib/python3.8/site-packages/airflow/example_dags/example_trigger_target_dag.py
[2023-09-01T19:59:27.749+0000] {processor.py:829} INFO - Processing file /home/airflow/.local/lib/python3.8/site-packages/airflow/example_dags/example_trigger_target_dag.py for tasks to queue
[2023-09-01T19:59:27.750+0000] {logging_mixin.py:151} INFO - [2023-09-01T19:59:27.750+0000] {dagbag.py:539} INFO - Filling up the DagBag from /home/airflow/.local/lib/python3.8/site-packages/airflow/example_dags/example_trigger_target_dag.py
[2023-09-01T19:59:27.758+0000] {processor.py:839} INFO - DAG(s) dict_keys(['example_trigger_target_dag']) retrieved from /home/airflow/.local/lib/python3.8/site-packages/airflow/example_dags/example_trigger_target_dag.py
[2023-09-01T19:59:27.790+0000] {logging_mixin.py:151} INFO - [2023-09-01T19:59:27.790+0000] {dag.py:2907} INFO - Sync 1 DAGs
[2023-09-01T19:59:27.810+0000] {logging_mixin.py:151} INFO - [2023-09-01T19:59:27.809+0000] {dag.py:3677} INFO - Setting next_dagrun for example_trigger_target_dag to None, run_after=None
[2023-09-01T19:59:27.832+0000] {processor.py:179} INFO - Processing /home/airflow/.local/lib/python3.8/site-packages/airflow/example_dags/example_trigger_target_dag.py took 0.090 seconds
