[2023-09-01T02:15:43.825+0000] {processor.py:157} INFO - Started process (PID=73140) to work on /home/airflow/.local/lib/python3.8/site-packages/airflow/example_dags/example_branch_operator_decorator.py
[2023-09-01T02:15:43.828+0000] {processor.py:829} INFO - Processing file /home/airflow/.local/lib/python3.8/site-packages/airflow/example_dags/example_branch_operator_decorator.py for tasks to queue
[2023-09-01T02:15:43.830+0000] {logging_mixin.py:151} INFO - [2023-09-01T02:15:43.829+0000] {dagbag.py:539} INFO - Filling up the DagBag from /home/airflow/.local/lib/python3.8/site-packages/airflow/example_dags/example_branch_operator_decorator.py
[2023-09-01T02:15:43.847+0000] {processor.py:839} INFO - DAG(s) dict_keys(['example_branch_python_operator_decorator']) retrieved from /home/airflow/.local/lib/python3.8/site-packages/airflow/example_dags/example_branch_operator_decorator.py
[2023-09-01T02:15:43.876+0000] {logging_mixin.py:151} INFO - [2023-09-01T02:15:43.875+0000] {dag.py:2907} INFO - Sync 1 DAGs
[2023-09-01T02:15:43.904+0000] {logging_mixin.py:151} INFO - [2023-09-01T02:15:43.904+0000] {dag.py:3677} INFO - Setting next_dagrun for example_branch_python_operator_decorator to 2023-08-31T00:00:00+00:00, run_after=2023-09-01T00:00:00+00:00
[2023-09-01T02:15:43.926+0000] {processor.py:179} INFO - Processing /home/airflow/.local/lib/python3.8/site-packages/airflow/example_dags/example_branch_operator_decorator.py took 0.107 seconds
[2023-09-01T04:04:35.804+0000] {processor.py:157} INFO - Started process (PID=73185) to work on /home/airflow/.local/lib/python3.8/site-packages/airflow/example_dags/example_branch_operator_decorator.py
[2023-09-01T04:04:35.806+0000] {processor.py:829} INFO - Processing file /home/airflow/.local/lib/python3.8/site-packages/airflow/example_dags/example_branch_operator_decorator.py for tasks to queue
[2023-09-01T04:04:35.808+0000] {logging_mixin.py:151} INFO - [2023-09-01T04:04:35.808+0000] {dagbag.py:539} INFO - Filling up the DagBag from /home/airflow/.local/lib/python3.8/site-packages/airflow/example_dags/example_branch_operator_decorator.py
[2023-09-01T04:04:35.841+0000] {processor.py:839} INFO - DAG(s) dict_keys(['example_branch_python_operator_decorator']) retrieved from /home/airflow/.local/lib/python3.8/site-packages/airflow/example_dags/example_branch_operator_decorator.py
[2023-09-01T04:04:35.893+0000] {logging_mixin.py:151} INFO - [2023-09-01T04:04:35.893+0000] {dag.py:2907} INFO - Sync 1 DAGs
[2023-09-01T04:04:35.949+0000] {logging_mixin.py:151} INFO - [2023-09-01T04:04:35.949+0000] {dag.py:3677} INFO - Setting next_dagrun for example_branch_python_operator_decorator to 2023-08-31T00:00:00+00:00, run_after=2023-09-01T00:00:00+00:00
[2023-09-01T04:04:35.992+0000] {processor.py:179} INFO - Processing /home/airflow/.local/lib/python3.8/site-packages/airflow/example_dags/example_branch_operator_decorator.py took 0.195 seconds
[2023-09-01T04:05:08.055+0000] {processor.py:157} INFO - Started process (PID=73240) to work on /home/airflow/.local/lib/python3.8/site-packages/airflow/example_dags/example_branch_operator_decorator.py
[2023-09-01T04:05:08.063+0000] {processor.py:829} INFO - Processing file /home/airflow/.local/lib/python3.8/site-packages/airflow/example_dags/example_branch_operator_decorator.py for tasks to queue
[2023-09-01T04:05:08.069+0000] {logging_mixin.py:151} INFO - [2023-09-01T04:05:08.067+0000] {dagbag.py:539} INFO - Filling up the DagBag from /home/airflow/.local/lib/python3.8/site-packages/airflow/example_dags/example_branch_operator_decorator.py
[2023-09-01T04:05:08.132+0000] {processor.py:839} INFO - DAG(s) dict_keys(['example_branch_python_operator_decorator']) retrieved from /home/airflow/.local/lib/python3.8/site-packages/airflow/example_dags/example_branch_operator_decorator.py
[2023-09-01T04:05:08.295+0000] {logging_mixin.py:151} INFO - [2023-09-01T04:05:08.294+0000] {dag.py:2907} INFO - Sync 1 DAGs
[2023-09-01T04:05:08.438+0000] {logging_mixin.py:151} INFO - [2023-09-01T04:05:08.437+0000] {dag.py:3677} INFO - Setting next_dagrun for example_branch_python_operator_decorator to 2023-08-31T00:00:00+00:00, run_after=2023-09-01T00:00:00+00:00
[2023-09-01T04:05:08.535+0000] {processor.py:179} INFO - Processing /home/airflow/.local/lib/python3.8/site-packages/airflow/example_dags/example_branch_operator_decorator.py took 0.504 seconds
[2023-09-01T04:05:45.719+0000] {processor.py:157} INFO - Started process (PID=73295) to work on /home/airflow/.local/lib/python3.8/site-packages/airflow/example_dags/example_branch_operator_decorator.py
[2023-09-01T04:05:45.721+0000] {processor.py:829} INFO - Processing file /home/airflow/.local/lib/python3.8/site-packages/airflow/example_dags/example_branch_operator_decorator.py for tasks to queue
[2023-09-01T04:05:45.722+0000] {logging_mixin.py:151} INFO - [2023-09-01T04:05:45.722+0000] {dagbag.py:539} INFO - Filling up the DagBag from /home/airflow/.local/lib/python3.8/site-packages/airflow/example_dags/example_branch_operator_decorator.py
[2023-09-01T04:05:45.736+0000] {processor.py:839} INFO - DAG(s) dict_keys(['example_branch_python_operator_decorator']) retrieved from /home/airflow/.local/lib/python3.8/site-packages/airflow/example_dags/example_branch_operator_decorator.py
[2023-09-01T04:05:45.768+0000] {logging_mixin.py:151} INFO - [2023-09-01T04:05:45.768+0000] {dag.py:2907} INFO - Sync 1 DAGs
[2023-09-01T04:05:45.799+0000] {logging_mixin.py:151} INFO - [2023-09-01T04:05:45.799+0000] {dag.py:3677} INFO - Setting next_dagrun for example_branch_python_operator_decorator to 2023-08-31T00:00:00+00:00, run_after=2023-09-01T00:00:00+00:00
[2023-09-01T04:05:45.822+0000] {processor.py:179} INFO - Processing /home/airflow/.local/lib/python3.8/site-packages/airflow/example_dags/example_branch_operator_decorator.py took 0.107 seconds
[2023-09-01T10:29:09.951+0000] {processor.py:157} INFO - Started process (PID=73343) to work on /home/airflow/.local/lib/python3.8/site-packages/airflow/example_dags/example_branch_operator_decorator.py
[2023-09-01T10:29:09.953+0000] {processor.py:829} INFO - Processing file /home/airflow/.local/lib/python3.8/site-packages/airflow/example_dags/example_branch_operator_decorator.py for tasks to queue
[2023-09-01T10:29:09.958+0000] {logging_mixin.py:151} INFO - [2023-09-01T10:29:09.957+0000] {dagbag.py:539} INFO - Filling up the DagBag from /home/airflow/.local/lib/python3.8/site-packages/airflow/example_dags/example_branch_operator_decorator.py
[2023-09-01T10:29:09.973+0000] {processor.py:839} INFO - DAG(s) dict_keys(['example_branch_python_operator_decorator']) retrieved from /home/airflow/.local/lib/python3.8/site-packages/airflow/example_dags/example_branch_operator_decorator.py
[2023-09-01T10:29:10.003+0000] {logging_mixin.py:151} INFO - [2023-09-01T10:29:10.002+0000] {dag.py:2907} INFO - Sync 1 DAGs
[2023-09-01T10:29:10.028+0000] {logging_mixin.py:151} INFO - [2023-09-01T10:29:10.028+0000] {dag.py:3677} INFO - Setting next_dagrun for example_branch_python_operator_decorator to 2023-08-31T00:00:00+00:00, run_after=2023-09-01T00:00:00+00:00
[2023-09-01T10:29:10.049+0000] {processor.py:179} INFO - Processing /home/airflow/.local/lib/python3.8/site-packages/airflow/example_dags/example_branch_operator_decorator.py took 0.106 seconds
[2023-09-01T16:39:31.490+0000] {processor.py:157} INFO - Started process (PID=73399) to work on /home/airflow/.local/lib/python3.8/site-packages/airflow/example_dags/example_branch_operator_decorator.py
[2023-09-01T16:39:31.492+0000] {processor.py:829} INFO - Processing file /home/airflow/.local/lib/python3.8/site-packages/airflow/example_dags/example_branch_operator_decorator.py for tasks to queue
[2023-09-01T16:39:31.493+0000] {logging_mixin.py:151} INFO - [2023-09-01T16:39:31.493+0000] {dagbag.py:539} INFO - Filling up the DagBag from /home/airflow/.local/lib/python3.8/site-packages/airflow/example_dags/example_branch_operator_decorator.py
[2023-09-01T16:39:31.511+0000] {processor.py:839} INFO - DAG(s) dict_keys(['example_branch_python_operator_decorator']) retrieved from /home/airflow/.local/lib/python3.8/site-packages/airflow/example_dags/example_branch_operator_decorator.py
[2023-09-01T16:39:31.545+0000] {logging_mixin.py:151} INFO - [2023-09-01T16:39:31.545+0000] {dag.py:2907} INFO - Sync 1 DAGs
[2023-09-01T16:39:31.579+0000] {logging_mixin.py:151} INFO - [2023-09-01T16:39:31.578+0000] {dag.py:3677} INFO - Setting next_dagrun for example_branch_python_operator_decorator to 2023-08-31T00:00:00+00:00, run_after=2023-09-01T00:00:00+00:00
[2023-09-01T16:39:31.604+0000] {processor.py:179} INFO - Processing /home/airflow/.local/lib/python3.8/site-packages/airflow/example_dags/example_branch_operator_decorator.py took 0.120 seconds
[2023-09-01T16:40:01.923+0000] {processor.py:157} INFO - Started process (PID=73454) to work on /home/airflow/.local/lib/python3.8/site-packages/airflow/example_dags/example_branch_operator_decorator.py
[2023-09-01T16:40:01.924+0000] {processor.py:829} INFO - Processing file /home/airflow/.local/lib/python3.8/site-packages/airflow/example_dags/example_branch_operator_decorator.py for tasks to queue
[2023-09-01T16:40:01.926+0000] {logging_mixin.py:151} INFO - [2023-09-01T16:40:01.925+0000] {dagbag.py:539} INFO - Filling up the DagBag from /home/airflow/.local/lib/python3.8/site-packages/airflow/example_dags/example_branch_operator_decorator.py
[2023-09-01T16:40:01.940+0000] {processor.py:839} INFO - DAG(s) dict_keys(['example_branch_python_operator_decorator']) retrieved from /home/airflow/.local/lib/python3.8/site-packages/airflow/example_dags/example_branch_operator_decorator.py
[2023-09-01T16:40:01.968+0000] {logging_mixin.py:151} INFO - [2023-09-01T16:40:01.968+0000] {dag.py:2907} INFO - Sync 1 DAGs
[2023-09-01T16:40:01.994+0000] {logging_mixin.py:151} INFO - [2023-09-01T16:40:01.994+0000] {dag.py:3677} INFO - Setting next_dagrun for example_branch_python_operator_decorator to 2023-08-31T00:00:00+00:00, run_after=2023-09-01T00:00:00+00:00
[2023-09-01T16:40:02.016+0000] {processor.py:179} INFO - Processing /home/airflow/.local/lib/python3.8/site-packages/airflow/example_dags/example_branch_operator_decorator.py took 0.098 seconds
[2023-09-01T16:40:32.080+0000] {processor.py:157} INFO - Started process (PID=73509) to work on /home/airflow/.local/lib/python3.8/site-packages/airflow/example_dags/example_branch_operator_decorator.py
[2023-09-01T16:40:32.081+0000] {processor.py:829} INFO - Processing file /home/airflow/.local/lib/python3.8/site-packages/airflow/example_dags/example_branch_operator_decorator.py for tasks to queue
[2023-09-01T16:40:32.083+0000] {logging_mixin.py:151} INFO - [2023-09-01T16:40:32.082+0000] {dagbag.py:539} INFO - Filling up the DagBag from /home/airflow/.local/lib/python3.8/site-packages/airflow/example_dags/example_branch_operator_decorator.py
[2023-09-01T16:40:32.096+0000] {processor.py:839} INFO - DAG(s) dict_keys(['example_branch_python_operator_decorator']) retrieved from /home/airflow/.local/lib/python3.8/site-packages/airflow/example_dags/example_branch_operator_decorator.py
[2023-09-01T16:40:32.125+0000] {logging_mixin.py:151} INFO - [2023-09-01T16:40:32.125+0000] {dag.py:2907} INFO - Sync 1 DAGs
[2023-09-01T16:40:32.151+0000] {logging_mixin.py:151} INFO - [2023-09-01T16:40:32.150+0000] {dag.py:3677} INFO - Setting next_dagrun for example_branch_python_operator_decorator to 2023-08-31T00:00:00+00:00, run_after=2023-09-01T00:00:00+00:00
[2023-09-01T16:40:32.172+0000] {processor.py:179} INFO - Processing /home/airflow/.local/lib/python3.8/site-packages/airflow/example_dags/example_branch_operator_decorator.py took 0.097 seconds
[2023-09-01T17:33:16.953+0000] {processor.py:157} INFO - Started process (PID=73538) to work on /home/airflow/.local/lib/python3.8/site-packages/airflow/example_dags/example_branch_operator_decorator.py
[2023-09-01T17:33:16.955+0000] {processor.py:829} INFO - Processing file /home/airflow/.local/lib/python3.8/site-packages/airflow/example_dags/example_branch_operator_decorator.py for tasks to queue
[2023-09-01T17:33:16.957+0000] {logging_mixin.py:151} INFO - [2023-09-01T17:33:16.956+0000] {dagbag.py:539} INFO - Filling up the DagBag from /home/airflow/.local/lib/python3.8/site-packages/airflow/example_dags/example_branch_operator_decorator.py
[2023-09-01T17:33:16.975+0000] {processor.py:839} INFO - DAG(s) dict_keys(['example_branch_python_operator_decorator']) retrieved from /home/airflow/.local/lib/python3.8/site-packages/airflow/example_dags/example_branch_operator_decorator.py
[2023-09-01T17:33:17.016+0000] {logging_mixin.py:151} INFO - [2023-09-01T17:33:17.016+0000] {dag.py:2907} INFO - Sync 1 DAGs
[2023-09-01T17:33:17.226+0000] {logging_mixin.py:151} INFO - [2023-09-01T17:33:17.226+0000] {dag.py:3677} INFO - Setting next_dagrun for example_branch_python_operator_decorator to 2023-08-31T00:00:00+00:00, run_after=2023-09-01T00:00:00+00:00
[2023-09-01T17:33:17.256+0000] {processor.py:179} INFO - Processing /home/airflow/.local/lib/python3.8/site-packages/airflow/example_dags/example_branch_operator_decorator.py took 0.309 seconds
[2023-09-01T17:55:29.788+0000] {processor.py:157} INFO - Started process (PID=73590) to work on /home/airflow/.local/lib/python3.8/site-packages/airflow/example_dags/example_branch_operator_decorator.py
[2023-09-01T17:55:29.790+0000] {processor.py:829} INFO - Processing file /home/airflow/.local/lib/python3.8/site-packages/airflow/example_dags/example_branch_operator_decorator.py for tasks to queue
[2023-09-01T17:55:29.791+0000] {logging_mixin.py:151} INFO - [2023-09-01T17:55:29.791+0000] {dagbag.py:539} INFO - Filling up the DagBag from /home/airflow/.local/lib/python3.8/site-packages/airflow/example_dags/example_branch_operator_decorator.py
[2023-09-01T17:55:29.807+0000] {processor.py:839} INFO - DAG(s) dict_keys(['example_branch_python_operator_decorator']) retrieved from /home/airflow/.local/lib/python3.8/site-packages/airflow/example_dags/example_branch_operator_decorator.py
[2023-09-01T17:55:29.838+0000] {logging_mixin.py:151} INFO - [2023-09-01T17:55:29.838+0000] {dag.py:2907} INFO - Sync 1 DAGs
[2023-09-01T17:55:29.866+0000] {logging_mixin.py:151} INFO - [2023-09-01T17:55:29.866+0000] {dag.py:3677} INFO - Setting next_dagrun for example_branch_python_operator_decorator to 2023-08-31T00:00:00+00:00, run_after=2023-09-01T00:00:00+00:00
[2023-09-01T17:55:29.889+0000] {processor.py:179} INFO - Processing /home/airflow/.local/lib/python3.8/site-packages/airflow/example_dags/example_branch_operator_decorator.py took 0.106 seconds
[2023-09-01T18:41:50.784+0000] {processor.py:157} INFO - Started process (PID=73645) to work on /home/airflow/.local/lib/python3.8/site-packages/airflow/example_dags/example_branch_operator_decorator.py
[2023-09-01T18:41:50.786+0000] {processor.py:829} INFO - Processing file /home/airflow/.local/lib/python3.8/site-packages/airflow/example_dags/example_branch_operator_decorator.py for tasks to queue
[2023-09-01T18:41:50.787+0000] {logging_mixin.py:151} INFO - [2023-09-01T18:41:50.787+0000] {dagbag.py:539} INFO - Filling up the DagBag from /home/airflow/.local/lib/python3.8/site-packages/airflow/example_dags/example_branch_operator_decorator.py
[2023-09-01T18:41:50.808+0000] {processor.py:839} INFO - DAG(s) dict_keys(['example_branch_python_operator_decorator']) retrieved from /home/airflow/.local/lib/python3.8/site-packages/airflow/example_dags/example_branch_operator_decorator.py
[2023-09-01T18:41:50.845+0000] {logging_mixin.py:151} INFO - [2023-09-01T18:41:50.845+0000] {dag.py:2907} INFO - Sync 1 DAGs
[2023-09-01T18:41:50.874+0000] {logging_mixin.py:151} INFO - [2023-09-01T18:41:50.873+0000] {dag.py:3677} INFO - Setting next_dagrun for example_branch_python_operator_decorator to 2023-08-31T00:00:00+00:00, run_after=2023-09-01T00:00:00+00:00
[2023-09-01T18:41:50.899+0000] {processor.py:179} INFO - Processing /home/airflow/.local/lib/python3.8/site-packages/airflow/example_dags/example_branch_operator_decorator.py took 0.120 seconds
[2023-09-01T19:35:57.233+0000] {processor.py:157} INFO - Started process (PID=73700) to work on /home/airflow/.local/lib/python3.8/site-packages/airflow/example_dags/example_branch_operator_decorator.py
[2023-09-01T19:35:57.235+0000] {processor.py:829} INFO - Processing file /home/airflow/.local/lib/python3.8/site-packages/airflow/example_dags/example_branch_operator_decorator.py for tasks to queue
[2023-09-01T19:35:57.237+0000] {logging_mixin.py:151} INFO - [2023-09-01T19:35:57.236+0000] {dagbag.py:539} INFO - Filling up the DagBag from /home/airflow/.local/lib/python3.8/site-packages/airflow/example_dags/example_branch_operator_decorator.py
[2023-09-01T19:35:57.253+0000] {processor.py:839} INFO - DAG(s) dict_keys(['example_branch_python_operator_decorator']) retrieved from /home/airflow/.local/lib/python3.8/site-packages/airflow/example_dags/example_branch_operator_decorator.py
[2023-09-01T19:35:57.285+0000] {logging_mixin.py:151} INFO - [2023-09-01T19:35:57.285+0000] {dag.py:2907} INFO - Sync 1 DAGs
[2023-09-01T19:35:57.329+0000] {logging_mixin.py:151} INFO - [2023-09-01T19:35:57.329+0000] {dag.py:3677} INFO - Setting next_dagrun for example_branch_python_operator_decorator to 2023-08-31T00:00:00+00:00, run_after=2023-09-01T00:00:00+00:00
[2023-09-01T19:35:57.364+0000] {processor.py:179} INFO - Processing /home/airflow/.local/lib/python3.8/site-packages/airflow/example_dags/example_branch_operator_decorator.py took 0.135 seconds
[2023-09-01T19:40:32.964+0000] {processor.py:157} INFO - Started process (PID=73755) to work on /home/airflow/.local/lib/python3.8/site-packages/airflow/example_dags/example_branch_operator_decorator.py
[2023-09-01T19:40:32.966+0000] {processor.py:829} INFO - Processing file /home/airflow/.local/lib/python3.8/site-packages/airflow/example_dags/example_branch_operator_decorator.py for tasks to queue
[2023-09-01T19:40:32.967+0000] {logging_mixin.py:151} INFO - [2023-09-01T19:40:32.967+0000] {dagbag.py:539} INFO - Filling up the DagBag from /home/airflow/.local/lib/python3.8/site-packages/airflow/example_dags/example_branch_operator_decorator.py
[2023-09-01T19:40:32.982+0000] {processor.py:839} INFO - DAG(s) dict_keys(['example_branch_python_operator_decorator']) retrieved from /home/airflow/.local/lib/python3.8/site-packages/airflow/example_dags/example_branch_operator_decorator.py
[2023-09-01T19:40:33.015+0000] {logging_mixin.py:151} INFO - [2023-09-01T19:40:33.015+0000] {dag.py:2907} INFO - Sync 1 DAGs
[2023-09-01T19:40:33.045+0000] {logging_mixin.py:151} INFO - [2023-09-01T19:40:33.045+0000] {dag.py:3677} INFO - Setting next_dagrun for example_branch_python_operator_decorator to 2023-08-31T00:00:00+00:00, run_after=2023-09-01T00:00:00+00:00
[2023-09-01T19:40:33.068+0000] {processor.py:179} INFO - Processing /home/airflow/.local/lib/python3.8/site-packages/airflow/example_dags/example_branch_operator_decorator.py took 0.109 seconds
[2023-09-01T19:41:05.130+0000] {processor.py:157} INFO - Started process (PID=73810) to work on /home/airflow/.local/lib/python3.8/site-packages/airflow/example_dags/example_branch_operator_decorator.py
[2023-09-01T19:41:05.138+0000] {processor.py:829} INFO - Processing file /home/airflow/.local/lib/python3.8/site-packages/airflow/example_dags/example_branch_operator_decorator.py for tasks to queue
[2023-09-01T19:41:05.149+0000] {logging_mixin.py:151} INFO - [2023-09-01T19:41:05.147+0000] {dagbag.py:539} INFO - Filling up the DagBag from /home/airflow/.local/lib/python3.8/site-packages/airflow/example_dags/example_branch_operator_decorator.py
[2023-09-01T19:41:05.297+0000] {processor.py:839} INFO - DAG(s) dict_keys(['example_branch_python_operator_decorator']) retrieved from /home/airflow/.local/lib/python3.8/site-packages/airflow/example_dags/example_branch_operator_decorator.py
[2023-09-01T19:41:05.436+0000] {logging_mixin.py:151} INFO - [2023-09-01T19:41:05.435+0000] {dag.py:2907} INFO - Sync 1 DAGs
[2023-09-01T19:41:05.563+0000] {logging_mixin.py:151} INFO - [2023-09-01T19:41:05.562+0000] {dag.py:3677} INFO - Setting next_dagrun for example_branch_python_operator_decorator to 2023-08-31T00:00:00+00:00, run_after=2023-09-01T00:00:00+00:00
[2023-09-01T19:41:05.657+0000] {processor.py:179} INFO - Processing /home/airflow/.local/lib/python3.8/site-packages/airflow/example_dags/example_branch_operator_decorator.py took 0.552 seconds
[2023-09-01T19:59:26.535+0000] {processor.py:157} INFO - Started process (PID=73858) to work on /home/airflow/.local/lib/python3.8/site-packages/airflow/example_dags/example_branch_operator_decorator.py
[2023-09-01T19:59:26.539+0000] {processor.py:829} INFO - Processing file /home/airflow/.local/lib/python3.8/site-packages/airflow/example_dags/example_branch_operator_decorator.py for tasks to queue
[2023-09-01T19:59:26.541+0000] {logging_mixin.py:151} INFO - [2023-09-01T19:59:26.540+0000] {dagbag.py:539} INFO - Filling up the DagBag from /home/airflow/.local/lib/python3.8/site-packages/airflow/example_dags/example_branch_operator_decorator.py
[2023-09-01T19:59:26.559+0000] {processor.py:839} INFO - DAG(s) dict_keys(['example_branch_python_operator_decorator']) retrieved from /home/airflow/.local/lib/python3.8/site-packages/airflow/example_dags/example_branch_operator_decorator.py
[2023-09-01T19:59:26.617+0000] {logging_mixin.py:151} INFO - [2023-09-01T19:59:26.616+0000] {dag.py:2907} INFO - Sync 1 DAGs
[2023-09-01T19:59:26.662+0000] {logging_mixin.py:151} INFO - [2023-09-01T19:59:26.662+0000] {dag.py:3677} INFO - Setting next_dagrun for example_branch_python_operator_decorator to 2023-08-31T00:00:00+00:00, run_after=2023-09-01T00:00:00+00:00
[2023-09-01T19:59:26.692+0000] {processor.py:179} INFO - Processing /home/airflow/.local/lib/python3.8/site-packages/airflow/example_dags/example_branch_operator_decorator.py took 0.174 seconds
