[2023-09-01T04:04:38.896+0000] {processor.py:157} INFO - Started process (PID=73215) to work on /home/airflow/.local/lib/python3.8/site-packages/airflow/example_dags/example_local_kubernetes_executor.py
[2023-09-01T04:04:38.898+0000] {processor.py:829} INFO - Processing file /home/airflow/.local/lib/python3.8/site-packages/airflow/example_dags/example_local_kubernetes_executor.py for tasks to queue
[2023-09-01T04:04:38.899+0000] {logging_mixin.py:151} INFO - [2023-09-01T04:04:38.899+0000] {dagbag.py:539} INFO - Filling up the DagBag from /home/airflow/.local/lib/python3.8/site-packages/airflow/example_dags/example_local_kubernetes_executor.py
[2023-09-01T04:04:39.343+0000] {processor.py:839} INFO - DAG(s) dict_keys(['example_local_kubernetes_executor']) retrieved from /home/airflow/.local/lib/python3.8/site-packages/airflow/example_dags/example_local_kubernetes_executor.py
[2023-09-01T04:04:39.478+0000] {logging_mixin.py:151} INFO - [2023-09-01T04:04:39.477+0000] {dag.py:2907} INFO - Sync 1 DAGs
[2023-09-01T04:04:39.488+0000] {logging_mixin.py:151} INFO - [2023-09-01T04:04:39.488+0000] {dag.py:3677} INFO - Setting next_dagrun for example_local_kubernetes_executor to None, run_after=None
[2023-09-01T04:04:39.510+0000] {processor.py:179} INFO - Processing /home/airflow/.local/lib/python3.8/site-packages/airflow/example_dags/example_local_kubernetes_executor.py took 0.619 seconds
[2023-09-01T04:05:18.815+0000] {processor.py:157} INFO - Started process (PID=73270) to work on /home/airflow/.local/lib/python3.8/site-packages/airflow/example_dags/example_local_kubernetes_executor.py
[2023-09-01T04:05:18.821+0000] {processor.py:829} INFO - Processing file /home/airflow/.local/lib/python3.8/site-packages/airflow/example_dags/example_local_kubernetes_executor.py for tasks to queue
[2023-09-01T04:05:18.826+0000] {logging_mixin.py:151} INFO - [2023-09-01T04:05:18.825+0000] {dagbag.py:539} INFO - Filling up the DagBag from /home/airflow/.local/lib/python3.8/site-packages/airflow/example_dags/example_local_kubernetes_executor.py
[2023-09-01T04:05:20.631+0000] {processor.py:839} INFO - DAG(s) dict_keys(['example_local_kubernetes_executor']) retrieved from /home/airflow/.local/lib/python3.8/site-packages/airflow/example_dags/example_local_kubernetes_executor.py
[2023-09-01T04:05:20.782+0000] {logging_mixin.py:151} INFO - [2023-09-01T04:05:20.780+0000] {dag.py:2907} INFO - Sync 1 DAGs
[2023-09-01T04:05:20.838+0000] {logging_mixin.py:151} INFO - [2023-09-01T04:05:20.837+0000] {dag.py:3677} INFO - Setting next_dagrun for example_local_kubernetes_executor to None, run_after=None
[2023-09-01T04:05:20.928+0000] {processor.py:179} INFO - Processing /home/airflow/.local/lib/python3.8/site-packages/airflow/example_dags/example_local_kubernetes_executor.py took 2.134 seconds
[2023-09-01T04:05:51.587+0000] {processor.py:157} INFO - Started process (PID=73328) to work on /home/airflow/.local/lib/python3.8/site-packages/airflow/example_dags/example_local_kubernetes_executor.py
[2023-09-01T04:05:51.588+0000] {processor.py:829} INFO - Processing file /home/airflow/.local/lib/python3.8/site-packages/airflow/example_dags/example_local_kubernetes_executor.py for tasks to queue
[2023-09-01T04:05:51.590+0000] {logging_mixin.py:151} INFO - [2023-09-01T04:05:51.589+0000] {dagbag.py:539} INFO - Filling up the DagBag from /home/airflow/.local/lib/python3.8/site-packages/airflow/example_dags/example_local_kubernetes_executor.py
[2023-09-01T04:05:52.016+0000] {processor.py:839} INFO - DAG(s) dict_keys(['example_local_kubernetes_executor']) retrieved from /home/airflow/.local/lib/python3.8/site-packages/airflow/example_dags/example_local_kubernetes_executor.py
[2023-09-01T04:05:52.051+0000] {logging_mixin.py:151} INFO - [2023-09-01T04:05:52.050+0000] {dag.py:2907} INFO - Sync 1 DAGs
[2023-09-01T04:05:52.063+0000] {logging_mixin.py:151} INFO - [2023-09-01T04:05:52.063+0000] {dag.py:3677} INFO - Setting next_dagrun for example_local_kubernetes_executor to None, run_after=None
[2023-09-01T04:05:52.082+0000] {processor.py:179} INFO - Processing /home/airflow/.local/lib/python3.8/site-packages/airflow/example_dags/example_local_kubernetes_executor.py took 0.500 seconds
[2023-09-01T10:29:13.372+0000] {processor.py:157} INFO - Started process (PID=73373) to work on /home/airflow/.local/lib/python3.8/site-packages/airflow/example_dags/example_local_kubernetes_executor.py
[2023-09-01T10:29:13.374+0000] {processor.py:829} INFO - Processing file /home/airflow/.local/lib/python3.8/site-packages/airflow/example_dags/example_local_kubernetes_executor.py for tasks to queue
[2023-09-01T10:29:13.375+0000] {logging_mixin.py:151} INFO - [2023-09-01T10:29:13.375+0000] {dagbag.py:539} INFO - Filling up the DagBag from /home/airflow/.local/lib/python3.8/site-packages/airflow/example_dags/example_local_kubernetes_executor.py
[2023-09-01T10:29:13.806+0000] {processor.py:839} INFO - DAG(s) dict_keys(['example_local_kubernetes_executor']) retrieved from /home/airflow/.local/lib/python3.8/site-packages/airflow/example_dags/example_local_kubernetes_executor.py
[2023-09-01T10:29:13.843+0000] {logging_mixin.py:151} INFO - [2023-09-01T10:29:13.842+0000] {dag.py:2907} INFO - Sync 1 DAGs
[2023-09-01T10:29:13.856+0000] {logging_mixin.py:151} INFO - [2023-09-01T10:29:13.855+0000] {dag.py:3677} INFO - Setting next_dagrun for example_local_kubernetes_executor to None, run_after=None
[2023-09-01T10:29:13.875+0000] {processor.py:179} INFO - Processing /home/airflow/.local/lib/python3.8/site-packages/airflow/example_dags/example_local_kubernetes_executor.py took 0.508 seconds
[2023-09-01T16:39:34.124+0000] {processor.py:157} INFO - Started process (PID=73429) to work on /home/airflow/.local/lib/python3.8/site-packages/airflow/example_dags/example_local_kubernetes_executor.py
[2023-09-01T16:39:34.125+0000] {processor.py:829} INFO - Processing file /home/airflow/.local/lib/python3.8/site-packages/airflow/example_dags/example_local_kubernetes_executor.py for tasks to queue
[2023-09-01T16:39:34.127+0000] {logging_mixin.py:151} INFO - [2023-09-01T16:39:34.126+0000] {dagbag.py:539} INFO - Filling up the DagBag from /home/airflow/.local/lib/python3.8/site-packages/airflow/example_dags/example_local_kubernetes_executor.py
[2023-09-01T16:39:34.586+0000] {processor.py:839} INFO - DAG(s) dict_keys(['example_local_kubernetes_executor']) retrieved from /home/airflow/.local/lib/python3.8/site-packages/airflow/example_dags/example_local_kubernetes_executor.py
[2023-09-01T16:39:34.627+0000] {logging_mixin.py:151} INFO - [2023-09-01T16:39:34.626+0000] {dag.py:2907} INFO - Sync 1 DAGs
[2023-09-01T16:39:34.642+0000] {logging_mixin.py:151} INFO - [2023-09-01T16:39:34.641+0000] {dag.py:3677} INFO - Setting next_dagrun for example_local_kubernetes_executor to None, run_after=None
[2023-09-01T16:39:34.672+0000] {processor.py:179} INFO - Processing /home/airflow/.local/lib/python3.8/site-packages/airflow/example_dags/example_local_kubernetes_executor.py took 0.553 seconds
[2023-09-01T16:40:05.232+0000] {processor.py:157} INFO - Started process (PID=73486) to work on /home/airflow/.local/lib/python3.8/site-packages/airflow/example_dags/example_local_kubernetes_executor.py
[2023-09-01T16:40:05.234+0000] {processor.py:829} INFO - Processing file /home/airflow/.local/lib/python3.8/site-packages/airflow/example_dags/example_local_kubernetes_executor.py for tasks to queue
[2023-09-01T16:40:05.235+0000] {logging_mixin.py:151} INFO - [2023-09-01T16:40:05.235+0000] {dagbag.py:539} INFO - Filling up the DagBag from /home/airflow/.local/lib/python3.8/site-packages/airflow/example_dags/example_local_kubernetes_executor.py
[2023-09-01T16:40:05.666+0000] {processor.py:839} INFO - DAG(s) dict_keys(['example_local_kubernetes_executor']) retrieved from /home/airflow/.local/lib/python3.8/site-packages/airflow/example_dags/example_local_kubernetes_executor.py
[2023-09-01T16:40:05.705+0000] {logging_mixin.py:151} INFO - [2023-09-01T16:40:05.704+0000] {dag.py:2907} INFO - Sync 1 DAGs
[2023-09-01T16:40:05.720+0000] {logging_mixin.py:151} INFO - [2023-09-01T16:40:05.720+0000] {dag.py:3677} INFO - Setting next_dagrun for example_local_kubernetes_executor to None, run_after=None
[2023-09-01T16:40:05.740+0000] {processor.py:179} INFO - Processing /home/airflow/.local/lib/python3.8/site-packages/airflow/example_dags/example_local_kubernetes_executor.py took 0.511 seconds
[2023-09-01T17:33:20.970+0000] {processor.py:157} INFO - Started process (PID=73565) to work on /home/airflow/.local/lib/python3.8/site-packages/airflow/example_dags/example_local_kubernetes_executor.py
[2023-09-01T17:33:20.972+0000] {processor.py:829} INFO - Processing file /home/airflow/.local/lib/python3.8/site-packages/airflow/example_dags/example_local_kubernetes_executor.py for tasks to queue
[2023-09-01T17:33:20.973+0000] {logging_mixin.py:151} INFO - [2023-09-01T17:33:20.973+0000] {dagbag.py:539} INFO - Filling up the DagBag from /home/airflow/.local/lib/python3.8/site-packages/airflow/example_dags/example_local_kubernetes_executor.py
[2023-09-01T17:33:21.273+0000] {processor.py:839} INFO - DAG(s) dict_keys(['example_local_kubernetes_executor']) retrieved from /home/airflow/.local/lib/python3.8/site-packages/airflow/example_dags/example_local_kubernetes_executor.py
[2023-09-01T17:33:21.313+0000] {logging_mixin.py:151} INFO - [2023-09-01T17:33:21.310+0000] {dag.py:2907} INFO - Sync 1 DAGs
[2023-09-01T17:33:21.327+0000] {logging_mixin.py:151} INFO - [2023-09-01T17:33:21.327+0000] {dag.py:3677} INFO - Setting next_dagrun for example_local_kubernetes_executor to None, run_after=None
[2023-09-01T17:33:21.348+0000] {processor.py:179} INFO - Processing /home/airflow/.local/lib/python3.8/site-packages/airflow/example_dags/example_local_kubernetes_executor.py took 0.382 seconds
[2023-09-01T17:55:32.472+0000] {processor.py:157} INFO - Started process (PID=73620) to work on /home/airflow/.local/lib/python3.8/site-packages/airflow/example_dags/example_local_kubernetes_executor.py
[2023-09-01T17:55:32.474+0000] {processor.py:829} INFO - Processing file /home/airflow/.local/lib/python3.8/site-packages/airflow/example_dags/example_local_kubernetes_executor.py for tasks to queue
[2023-09-01T17:55:32.475+0000] {logging_mixin.py:151} INFO - [2023-09-01T17:55:32.475+0000] {dagbag.py:539} INFO - Filling up the DagBag from /home/airflow/.local/lib/python3.8/site-packages/airflow/example_dags/example_local_kubernetes_executor.py
[2023-09-01T17:55:32.770+0000] {processor.py:839} INFO - DAG(s) dict_keys(['example_local_kubernetes_executor']) retrieved from /home/airflow/.local/lib/python3.8/site-packages/airflow/example_dags/example_local_kubernetes_executor.py
[2023-09-01T17:55:32.808+0000] {logging_mixin.py:151} INFO - [2023-09-01T17:55:32.808+0000] {dag.py:2907} INFO - Sync 1 DAGs
[2023-09-01T17:55:32.823+0000] {logging_mixin.py:151} INFO - [2023-09-01T17:55:32.823+0000] {dag.py:3677} INFO - Setting next_dagrun for example_local_kubernetes_executor to None, run_after=None
[2023-09-01T17:55:32.845+0000] {processor.py:179} INFO - Processing /home/airflow/.local/lib/python3.8/site-packages/airflow/example_dags/example_local_kubernetes_executor.py took 0.377 seconds
[2023-09-01T18:41:53.446+0000] {processor.py:157} INFO - Started process (PID=73675) to work on /home/airflow/.local/lib/python3.8/site-packages/airflow/example_dags/example_local_kubernetes_executor.py
[2023-09-01T18:41:53.448+0000] {processor.py:829} INFO - Processing file /home/airflow/.local/lib/python3.8/site-packages/airflow/example_dags/example_local_kubernetes_executor.py for tasks to queue
[2023-09-01T18:41:53.449+0000] {logging_mixin.py:151} INFO - [2023-09-01T18:41:53.449+0000] {dagbag.py:539} INFO - Filling up the DagBag from /home/airflow/.local/lib/python3.8/site-packages/airflow/example_dags/example_local_kubernetes_executor.py
[2023-09-01T18:41:53.735+0000] {processor.py:839} INFO - DAG(s) dict_keys(['example_local_kubernetes_executor']) retrieved from /home/airflow/.local/lib/python3.8/site-packages/airflow/example_dags/example_local_kubernetes_executor.py
[2023-09-01T18:41:53.775+0000] {logging_mixin.py:151} INFO - [2023-09-01T18:41:53.774+0000] {dag.py:2907} INFO - Sync 1 DAGs
[2023-09-01T18:41:53.790+0000] {logging_mixin.py:151} INFO - [2023-09-01T18:41:53.790+0000] {dag.py:3677} INFO - Setting next_dagrun for example_local_kubernetes_executor to None, run_after=None
[2023-09-01T18:41:53.812+0000] {processor.py:179} INFO - Processing /home/airflow/.local/lib/python3.8/site-packages/airflow/example_dags/example_local_kubernetes_executor.py took 0.370 seconds
[2023-09-01T19:35:59.627+0000] {processor.py:157} INFO - Started process (PID=73730) to work on /home/airflow/.local/lib/python3.8/site-packages/airflow/example_dags/example_local_kubernetes_executor.py
[2023-09-01T19:35:59.629+0000] {processor.py:829} INFO - Processing file /home/airflow/.local/lib/python3.8/site-packages/airflow/example_dags/example_local_kubernetes_executor.py for tasks to queue
[2023-09-01T19:35:59.630+0000] {logging_mixin.py:151} INFO - [2023-09-01T19:35:59.630+0000] {dagbag.py:539} INFO - Filling up the DagBag from /home/airflow/.local/lib/python3.8/site-packages/airflow/example_dags/example_local_kubernetes_executor.py
[2023-09-01T19:35:59.922+0000] {processor.py:839} INFO - DAG(s) dict_keys(['example_local_kubernetes_executor']) retrieved from /home/airflow/.local/lib/python3.8/site-packages/airflow/example_dags/example_local_kubernetes_executor.py
[2023-09-01T19:35:59.961+0000] {logging_mixin.py:151} INFO - [2023-09-01T19:35:59.960+0000] {dag.py:2907} INFO - Sync 1 DAGs
[2023-09-01T19:35:59.978+0000] {logging_mixin.py:151} INFO - [2023-09-01T19:35:59.978+0000] {dag.py:3677} INFO - Setting next_dagrun for example_local_kubernetes_executor to None, run_after=None
[2023-09-01T19:35:59.999+0000] {processor.py:179} INFO - Processing /home/airflow/.local/lib/python3.8/site-packages/airflow/example_dags/example_local_kubernetes_executor.py took 0.377 seconds
[2023-09-01T19:40:35.389+0000] {processor.py:157} INFO - Started process (PID=73785) to work on /home/airflow/.local/lib/python3.8/site-packages/airflow/example_dags/example_local_kubernetes_executor.py
[2023-09-01T19:40:35.391+0000] {processor.py:829} INFO - Processing file /home/airflow/.local/lib/python3.8/site-packages/airflow/example_dags/example_local_kubernetes_executor.py for tasks to queue
[2023-09-01T19:40:35.392+0000] {logging_mixin.py:151} INFO - [2023-09-01T19:40:35.392+0000] {dagbag.py:539} INFO - Filling up the DagBag from /home/airflow/.local/lib/python3.8/site-packages/airflow/example_dags/example_local_kubernetes_executor.py
[2023-09-01T19:40:35.694+0000] {processor.py:839} INFO - DAG(s) dict_keys(['example_local_kubernetes_executor']) retrieved from /home/airflow/.local/lib/python3.8/site-packages/airflow/example_dags/example_local_kubernetes_executor.py
[2023-09-01T19:40:35.733+0000] {logging_mixin.py:151} INFO - [2023-09-01T19:40:35.732+0000] {dag.py:2907} INFO - Sync 1 DAGs
[2023-09-01T19:40:35.748+0000] {logging_mixin.py:151} INFO - [2023-09-01T19:40:35.748+0000] {dag.py:3677} INFO - Setting next_dagrun for example_local_kubernetes_executor to None, run_after=None
[2023-09-01T19:40:35.769+0000] {processor.py:179} INFO - Processing /home/airflow/.local/lib/python3.8/site-packages/airflow/example_dags/example_local_kubernetes_executor.py took 0.384 seconds
[2023-09-01T19:41:26.067+0000] {processor.py:157} INFO - Started process (PID=73840) to work on /home/airflow/.local/lib/python3.8/site-packages/airflow/example_dags/example_local_kubernetes_executor.py
[2023-09-01T19:41:26.068+0000] {processor.py:829} INFO - Processing file /home/airflow/.local/lib/python3.8/site-packages/airflow/example_dags/example_local_kubernetes_executor.py for tasks to queue
[2023-09-01T19:41:26.070+0000] {logging_mixin.py:151} INFO - [2023-09-01T19:41:26.069+0000] {dagbag.py:539} INFO - Filling up the DagBag from /home/airflow/.local/lib/python3.8/site-packages/airflow/example_dags/example_local_kubernetes_executor.py
[2023-09-01T19:41:26.467+0000] {processor.py:839} INFO - DAG(s) dict_keys(['example_local_kubernetes_executor']) retrieved from /home/airflow/.local/lib/python3.8/site-packages/airflow/example_dags/example_local_kubernetes_executor.py
[2023-09-01T19:41:26.507+0000] {logging_mixin.py:151} INFO - [2023-09-01T19:41:26.506+0000] {dag.py:2907} INFO - Sync 1 DAGs
[2023-09-01T19:41:26.523+0000] {logging_mixin.py:151} INFO - [2023-09-01T19:41:26.523+0000] {dag.py:3677} INFO - Setting next_dagrun for example_local_kubernetes_executor to None, run_after=None
[2023-09-01T19:41:26.544+0000] {processor.py:179} INFO - Processing /home/airflow/.local/lib/python3.8/site-packages/airflow/example_dags/example_local_kubernetes_executor.py took 0.482 seconds
[2023-09-01T19:59:29.172+0000] {processor.py:157} INFO - Started process (PID=73895) to work on /home/airflow/.local/lib/python3.8/site-packages/airflow/example_dags/example_local_kubernetes_executor.py
[2023-09-01T19:59:29.173+0000] {processor.py:829} INFO - Processing file /home/airflow/.local/lib/python3.8/site-packages/airflow/example_dags/example_local_kubernetes_executor.py for tasks to queue
[2023-09-01T19:59:29.175+0000] {logging_mixin.py:151} INFO - [2023-09-01T19:59:29.174+0000] {dagbag.py:539} INFO - Filling up the DagBag from /home/airflow/.local/lib/python3.8/site-packages/airflow/example_dags/example_local_kubernetes_executor.py
[2023-09-01T19:59:29.459+0000] {processor.py:839} INFO - DAG(s) dict_keys(['example_local_kubernetes_executor']) retrieved from /home/airflow/.local/lib/python3.8/site-packages/airflow/example_dags/example_local_kubernetes_executor.py
[2023-09-01T19:59:29.499+0000] {logging_mixin.py:151} INFO - [2023-09-01T19:59:29.498+0000] {dag.py:2907} INFO - Sync 1 DAGs
[2023-09-01T19:59:29.515+0000] {logging_mixin.py:151} INFO - [2023-09-01T19:59:29.515+0000] {dag.py:3677} INFO - Setting next_dagrun for example_local_kubernetes_executor to None, run_after=None
[2023-09-01T19:59:29.538+0000] {processor.py:179} INFO - Processing /home/airflow/.local/lib/python3.8/site-packages/airflow/example_dags/example_local_kubernetes_executor.py took 0.371 seconds
