[2023-09-01T02:15:44.335+0000] {processor.py:157} INFO - Started process (PID=73147) to work on /home/airflow/.local/lib/python3.8/site-packages/airflow/example_dags/example_nested_branch_dag.py
[2023-09-01T02:15:44.337+0000] {processor.py:829} INFO - Processing file /home/airflow/.local/lib/python3.8/site-packages/airflow/example_dags/example_nested_branch_dag.py for tasks to queue
[2023-09-01T02:15:44.338+0000] {logging_mixin.py:151} INFO - [2023-09-01T02:15:44.338+0000] {dagbag.py:539} INFO - Filling up the DagBag from /home/airflow/.local/lib/python3.8/site-packages/airflow/example_dags/example_nested_branch_dag.py
[2023-09-01T02:15:44.353+0000] {processor.py:839} INFO - DAG(s) dict_keys(['example_nested_branch_dag']) retrieved from /home/airflow/.local/lib/python3.8/site-packages/airflow/example_dags/example_nested_branch_dag.py
[2023-09-01T02:15:44.383+0000] {logging_mixin.py:151} INFO - [2023-09-01T02:15:44.382+0000] {dag.py:2907} INFO - Sync 1 DAGs
[2023-09-01T02:15:44.408+0000] {logging_mixin.py:151} INFO - [2023-09-01T02:15:44.408+0000] {dag.py:3677} INFO - Setting next_dagrun for example_nested_branch_dag to 2023-08-31T00:00:00+00:00, run_after=2023-09-01T00:00:00+00:00
[2023-09-01T02:15:44.430+0000] {processor.py:179} INFO - Processing /home/airflow/.local/lib/python3.8/site-packages/airflow/example_dags/example_nested_branch_dag.py took 0.099 seconds
[2023-09-01T04:04:36.543+0000] {processor.py:157} INFO - Started process (PID=73192) to work on /home/airflow/.local/lib/python3.8/site-packages/airflow/example_dags/example_nested_branch_dag.py
[2023-09-01T04:04:36.545+0000] {processor.py:829} INFO - Processing file /home/airflow/.local/lib/python3.8/site-packages/airflow/example_dags/example_nested_branch_dag.py for tasks to queue
[2023-09-01T04:04:36.547+0000] {logging_mixin.py:151} INFO - [2023-09-01T04:04:36.546+0000] {dagbag.py:539} INFO - Filling up the DagBag from /home/airflow/.local/lib/python3.8/site-packages/airflow/example_dags/example_nested_branch_dag.py
[2023-09-01T04:04:36.565+0000] {processor.py:839} INFO - DAG(s) dict_keys(['example_nested_branch_dag']) retrieved from /home/airflow/.local/lib/python3.8/site-packages/airflow/example_dags/example_nested_branch_dag.py
[2023-09-01T04:04:36.602+0000] {logging_mixin.py:151} INFO - [2023-09-01T04:04:36.602+0000] {dag.py:2907} INFO - Sync 1 DAGs
[2023-09-01T04:04:36.643+0000] {logging_mixin.py:151} INFO - [2023-09-01T04:04:36.643+0000] {dag.py:3677} INFO - Setting next_dagrun for example_nested_branch_dag to 2023-08-31T00:00:00+00:00, run_after=2023-09-01T00:00:00+00:00
[2023-09-01T04:04:36.673+0000] {processor.py:179} INFO - Processing /home/airflow/.local/lib/python3.8/site-packages/airflow/example_dags/example_nested_branch_dag.py took 0.136 seconds
[2023-09-01T04:05:10.025+0000] {processor.py:157} INFO - Started process (PID=73247) to work on /home/airflow/.local/lib/python3.8/site-packages/airflow/example_dags/example_nested_branch_dag.py
[2023-09-01T04:05:10.030+0000] {processor.py:829} INFO - Processing file /home/airflow/.local/lib/python3.8/site-packages/airflow/example_dags/example_nested_branch_dag.py for tasks to queue
[2023-09-01T04:05:10.036+0000] {logging_mixin.py:151} INFO - [2023-09-01T04:05:10.034+0000] {dagbag.py:539} INFO - Filling up the DagBag from /home/airflow/.local/lib/python3.8/site-packages/airflow/example_dags/example_nested_branch_dag.py
[2023-09-01T04:05:10.103+0000] {processor.py:839} INFO - DAG(s) dict_keys(['example_nested_branch_dag']) retrieved from /home/airflow/.local/lib/python3.8/site-packages/airflow/example_dags/example_nested_branch_dag.py
[2023-09-01T04:05:10.228+0000] {logging_mixin.py:151} INFO - [2023-09-01T04:05:10.227+0000] {dag.py:2907} INFO - Sync 1 DAGs
[2023-09-01T04:05:10.350+0000] {logging_mixin.py:151} INFO - [2023-09-01T04:05:10.349+0000] {dag.py:3677} INFO - Setting next_dagrun for example_nested_branch_dag to 2023-08-31T00:00:00+00:00, run_after=2023-09-01T00:00:00+00:00
[2023-09-01T04:05:10.445+0000] {processor.py:179} INFO - Processing /home/airflow/.local/lib/python3.8/site-packages/airflow/example_dags/example_nested_branch_dag.py took 0.442 seconds
[2023-09-01T04:05:46.203+0000] {processor.py:157} INFO - Started process (PID=73302) to work on /home/airflow/.local/lib/python3.8/site-packages/airflow/example_dags/example_nested_branch_dag.py
[2023-09-01T04:05:46.205+0000] {processor.py:829} INFO - Processing file /home/airflow/.local/lib/python3.8/site-packages/airflow/example_dags/example_nested_branch_dag.py for tasks to queue
[2023-09-01T04:05:46.206+0000] {logging_mixin.py:151} INFO - [2023-09-01T04:05:46.206+0000] {dagbag.py:539} INFO - Filling up the DagBag from /home/airflow/.local/lib/python3.8/site-packages/airflow/example_dags/example_nested_branch_dag.py
[2023-09-01T04:05:46.220+0000] {processor.py:839} INFO - DAG(s) dict_keys(['example_nested_branch_dag']) retrieved from /home/airflow/.local/lib/python3.8/site-packages/airflow/example_dags/example_nested_branch_dag.py
[2023-09-01T04:05:46.249+0000] {logging_mixin.py:151} INFO - [2023-09-01T04:05:46.249+0000] {dag.py:2907} INFO - Sync 1 DAGs
[2023-09-01T04:05:46.275+0000] {logging_mixin.py:151} INFO - [2023-09-01T04:05:46.275+0000] {dag.py:3677} INFO - Setting next_dagrun for example_nested_branch_dag to 2023-08-31T00:00:00+00:00, run_after=2023-09-01T00:00:00+00:00
[2023-09-01T04:05:46.297+0000] {processor.py:179} INFO - Processing /home/airflow/.local/lib/python3.8/site-packages/airflow/example_dags/example_nested_branch_dag.py took 0.099 seconds
[2023-09-01T10:29:10.459+0000] {processor.py:157} INFO - Started process (PID=73350) to work on /home/airflow/.local/lib/python3.8/site-packages/airflow/example_dags/example_nested_branch_dag.py
[2023-09-01T10:29:10.462+0000] {processor.py:829} INFO - Processing file /home/airflow/.local/lib/python3.8/site-packages/airflow/example_dags/example_nested_branch_dag.py for tasks to queue
[2023-09-01T10:29:10.464+0000] {logging_mixin.py:151} INFO - [2023-09-01T10:29:10.464+0000] {dagbag.py:539} INFO - Filling up the DagBag from /home/airflow/.local/lib/python3.8/site-packages/airflow/example_dags/example_nested_branch_dag.py
[2023-09-01T10:29:10.495+0000] {processor.py:839} INFO - DAG(s) dict_keys(['example_nested_branch_dag']) retrieved from /home/airflow/.local/lib/python3.8/site-packages/airflow/example_dags/example_nested_branch_dag.py
[2023-09-01T10:29:10.546+0000] {logging_mixin.py:151} INFO - [2023-09-01T10:29:10.545+0000] {dag.py:2907} INFO - Sync 1 DAGs
[2023-09-01T10:29:10.583+0000] {logging_mixin.py:151} INFO - [2023-09-01T10:29:10.583+0000] {dag.py:3677} INFO - Setting next_dagrun for example_nested_branch_dag to 2023-08-31T00:00:00+00:00, run_after=2023-09-01T00:00:00+00:00
[2023-09-01T10:29:10.610+0000] {processor.py:179} INFO - Processing /home/airflow/.local/lib/python3.8/site-packages/airflow/example_dags/example_nested_branch_dag.py took 0.160 seconds
[2023-09-01T16:39:32.047+0000] {processor.py:157} INFO - Started process (PID=73406) to work on /home/airflow/.local/lib/python3.8/site-packages/airflow/example_dags/example_nested_branch_dag.py
[2023-09-01T16:39:32.048+0000] {processor.py:829} INFO - Processing file /home/airflow/.local/lib/python3.8/site-packages/airflow/example_dags/example_nested_branch_dag.py for tasks to queue
[2023-09-01T16:39:32.050+0000] {logging_mixin.py:151} INFO - [2023-09-01T16:39:32.050+0000] {dagbag.py:539} INFO - Filling up the DagBag from /home/airflow/.local/lib/python3.8/site-packages/airflow/example_dags/example_nested_branch_dag.py
[2023-09-01T16:39:32.066+0000] {processor.py:839} INFO - DAG(s) dict_keys(['example_nested_branch_dag']) retrieved from /home/airflow/.local/lib/python3.8/site-packages/airflow/example_dags/example_nested_branch_dag.py
[2023-09-01T16:39:32.099+0000] {logging_mixin.py:151} INFO - [2023-09-01T16:39:32.099+0000] {dag.py:2907} INFO - Sync 1 DAGs
[2023-09-01T16:39:32.135+0000] {logging_mixin.py:151} INFO - [2023-09-01T16:39:32.134+0000] {dag.py:3677} INFO - Setting next_dagrun for example_nested_branch_dag to 2023-08-31T00:00:00+00:00, run_after=2023-09-01T00:00:00+00:00
[2023-09-01T16:39:32.163+0000] {processor.py:179} INFO - Processing /home/airflow/.local/lib/python3.8/site-packages/airflow/example_dags/example_nested_branch_dag.py took 0.121 seconds
[2023-09-01T16:40:02.381+0000] {processor.py:157} INFO - Started process (PID=73461) to work on /home/airflow/.local/lib/python3.8/site-packages/airflow/example_dags/example_nested_branch_dag.py
[2023-09-01T16:40:02.382+0000] {processor.py:829} INFO - Processing file /home/airflow/.local/lib/python3.8/site-packages/airflow/example_dags/example_nested_branch_dag.py for tasks to queue
[2023-09-01T16:40:02.384+0000] {logging_mixin.py:151} INFO - [2023-09-01T16:40:02.383+0000] {dagbag.py:539} INFO - Filling up the DagBag from /home/airflow/.local/lib/python3.8/site-packages/airflow/example_dags/example_nested_branch_dag.py
[2023-09-01T16:40:02.398+0000] {processor.py:839} INFO - DAG(s) dict_keys(['example_nested_branch_dag']) retrieved from /home/airflow/.local/lib/python3.8/site-packages/airflow/example_dags/example_nested_branch_dag.py
[2023-09-01T16:40:02.425+0000] {logging_mixin.py:151} INFO - [2023-09-01T16:40:02.425+0000] {dag.py:2907} INFO - Sync 1 DAGs
[2023-09-01T16:40:02.451+0000] {logging_mixin.py:151} INFO - [2023-09-01T16:40:02.450+0000] {dag.py:3677} INFO - Setting next_dagrun for example_nested_branch_dag to 2023-08-31T00:00:00+00:00, run_after=2023-09-01T00:00:00+00:00
[2023-09-01T16:40:02.472+0000] {processor.py:179} INFO - Processing /home/airflow/.local/lib/python3.8/site-packages/airflow/example_dags/example_nested_branch_dag.py took 0.096 seconds
[2023-09-01T16:40:32.585+0000] {processor.py:157} INFO - Started process (PID=73516) to work on /home/airflow/.local/lib/python3.8/site-packages/airflow/example_dags/example_nested_branch_dag.py
[2023-09-01T16:40:32.587+0000] {processor.py:829} INFO - Processing file /home/airflow/.local/lib/python3.8/site-packages/airflow/example_dags/example_nested_branch_dag.py for tasks to queue
[2023-09-01T16:40:32.588+0000] {logging_mixin.py:151} INFO - [2023-09-01T16:40:32.588+0000] {dagbag.py:539} INFO - Filling up the DagBag from /home/airflow/.local/lib/python3.8/site-packages/airflow/example_dags/example_nested_branch_dag.py
[2023-09-01T16:40:32.602+0000] {processor.py:839} INFO - DAG(s) dict_keys(['example_nested_branch_dag']) retrieved from /home/airflow/.local/lib/python3.8/site-packages/airflow/example_dags/example_nested_branch_dag.py
[2023-09-01T16:40:32.629+0000] {logging_mixin.py:151} INFO - [2023-09-01T16:40:32.629+0000] {dag.py:2907} INFO - Sync 1 DAGs
[2023-09-01T16:40:32.656+0000] {logging_mixin.py:151} INFO - [2023-09-01T16:40:32.656+0000] {dag.py:3677} INFO - Setting next_dagrun for example_nested_branch_dag to 2023-08-31T00:00:00+00:00, run_after=2023-09-01T00:00:00+00:00
[2023-09-01T16:40:32.678+0000] {processor.py:179} INFO - Processing /home/airflow/.local/lib/python3.8/site-packages/airflow/example_dags/example_nested_branch_dag.py took 0.097 seconds
[2023-09-01T17:33:17.977+0000] {processor.py:157} INFO - Started process (PID=73545) to work on /home/airflow/.local/lib/python3.8/site-packages/airflow/example_dags/example_nested_branch_dag.py
[2023-09-01T17:33:17.979+0000] {processor.py:829} INFO - Processing file /home/airflow/.local/lib/python3.8/site-packages/airflow/example_dags/example_nested_branch_dag.py for tasks to queue
[2023-09-01T17:33:17.981+0000] {logging_mixin.py:151} INFO - [2023-09-01T17:33:17.981+0000] {dagbag.py:539} INFO - Filling up the DagBag from /home/airflow/.local/lib/python3.8/site-packages/airflow/example_dags/example_nested_branch_dag.py
[2023-09-01T17:33:18.000+0000] {processor.py:839} INFO - DAG(s) dict_keys(['example_nested_branch_dag']) retrieved from /home/airflow/.local/lib/python3.8/site-packages/airflow/example_dags/example_nested_branch_dag.py
[2023-09-01T17:33:18.045+0000] {logging_mixin.py:151} INFO - [2023-09-01T17:33:18.045+0000] {dag.py:2907} INFO - Sync 1 DAGs
[2023-09-01T17:33:18.249+0000] {logging_mixin.py:151} INFO - [2023-09-01T17:33:18.249+0000] {dag.py:3677} INFO - Setting next_dagrun for example_nested_branch_dag to 2023-08-31T00:00:00+00:00, run_after=2023-09-01T00:00:00+00:00
[2023-09-01T17:33:18.278+0000] {processor.py:179} INFO - Processing /home/airflow/.local/lib/python3.8/site-packages/airflow/example_dags/example_nested_branch_dag.py took 0.310 seconds
[2023-09-01T17:55:30.372+0000] {processor.py:157} INFO - Started process (PID=73597) to work on /home/airflow/.local/lib/python3.8/site-packages/airflow/example_dags/example_nested_branch_dag.py
[2023-09-01T17:55:30.373+0000] {processor.py:829} INFO - Processing file /home/airflow/.local/lib/python3.8/site-packages/airflow/example_dags/example_nested_branch_dag.py for tasks to queue
[2023-09-01T17:55:30.375+0000] {logging_mixin.py:151} INFO - [2023-09-01T17:55:30.374+0000] {dagbag.py:539} INFO - Filling up the DagBag from /home/airflow/.local/lib/python3.8/site-packages/airflow/example_dags/example_nested_branch_dag.py
[2023-09-01T17:55:30.388+0000] {processor.py:839} INFO - DAG(s) dict_keys(['example_nested_branch_dag']) retrieved from /home/airflow/.local/lib/python3.8/site-packages/airflow/example_dags/example_nested_branch_dag.py
[2023-09-01T17:55:30.417+0000] {logging_mixin.py:151} INFO - [2023-09-01T17:55:30.417+0000] {dag.py:2907} INFO - Sync 1 DAGs
[2023-09-01T17:55:30.447+0000] {logging_mixin.py:151} INFO - [2023-09-01T17:55:30.446+0000] {dag.py:3677} INFO - Setting next_dagrun for example_nested_branch_dag to 2023-08-31T00:00:00+00:00, run_after=2023-09-01T00:00:00+00:00
[2023-09-01T17:55:30.472+0000] {processor.py:179} INFO - Processing /home/airflow/.local/lib/python3.8/site-packages/airflow/example_dags/example_nested_branch_dag.py took 0.105 seconds
[2023-09-01T18:41:51.437+0000] {processor.py:157} INFO - Started process (PID=73652) to work on /home/airflow/.local/lib/python3.8/site-packages/airflow/example_dags/example_nested_branch_dag.py
[2023-09-01T18:41:51.439+0000] {processor.py:829} INFO - Processing file /home/airflow/.local/lib/python3.8/site-packages/airflow/example_dags/example_nested_branch_dag.py for tasks to queue
[2023-09-01T18:41:51.440+0000] {logging_mixin.py:151} INFO - [2023-09-01T18:41:51.440+0000] {dagbag.py:539} INFO - Filling up the DagBag from /home/airflow/.local/lib/python3.8/site-packages/airflow/example_dags/example_nested_branch_dag.py
[2023-09-01T18:41:51.460+0000] {processor.py:839} INFO - DAG(s) dict_keys(['example_nested_branch_dag']) retrieved from /home/airflow/.local/lib/python3.8/site-packages/airflow/example_dags/example_nested_branch_dag.py
[2023-09-01T18:41:51.495+0000] {logging_mixin.py:151} INFO - [2023-09-01T18:41:51.494+0000] {dag.py:2907} INFO - Sync 1 DAGs
[2023-09-01T18:41:51.525+0000] {logging_mixin.py:151} INFO - [2023-09-01T18:41:51.525+0000] {dag.py:3677} INFO - Setting next_dagrun for example_nested_branch_dag to 2023-08-31T00:00:00+00:00, run_after=2023-09-01T00:00:00+00:00
[2023-09-01T18:41:51.552+0000] {processor.py:179} INFO - Processing /home/airflow/.local/lib/python3.8/site-packages/airflow/example_dags/example_nested_branch_dag.py took 0.127 seconds
[2023-09-01T19:35:57.746+0000] {processor.py:157} INFO - Started process (PID=73707) to work on /home/airflow/.local/lib/python3.8/site-packages/airflow/example_dags/example_nested_branch_dag.py
[2023-09-01T19:35:57.747+0000] {processor.py:829} INFO - Processing file /home/airflow/.local/lib/python3.8/site-packages/airflow/example_dags/example_nested_branch_dag.py for tasks to queue
[2023-09-01T19:35:57.749+0000] {logging_mixin.py:151} INFO - [2023-09-01T19:35:57.748+0000] {dagbag.py:539} INFO - Filling up the DagBag from /home/airflow/.local/lib/python3.8/site-packages/airflow/example_dags/example_nested_branch_dag.py
[2023-09-01T19:35:57.764+0000] {processor.py:839} INFO - DAG(s) dict_keys(['example_nested_branch_dag']) retrieved from /home/airflow/.local/lib/python3.8/site-packages/airflow/example_dags/example_nested_branch_dag.py
[2023-09-01T19:35:57.794+0000] {logging_mixin.py:151} INFO - [2023-09-01T19:35:57.794+0000] {dag.py:2907} INFO - Sync 1 DAGs
[2023-09-01T19:35:57.824+0000] {logging_mixin.py:151} INFO - [2023-09-01T19:35:57.823+0000] {dag.py:3677} INFO - Setting next_dagrun for example_nested_branch_dag to 2023-08-31T00:00:00+00:00, run_after=2023-09-01T00:00:00+00:00
[2023-09-01T19:35:57.847+0000] {processor.py:179} INFO - Processing /home/airflow/.local/lib/python3.8/site-packages/airflow/example_dags/example_nested_branch_dag.py took 0.107 seconds
[2023-09-01T19:40:33.425+0000] {processor.py:157} INFO - Started process (PID=73762) to work on /home/airflow/.local/lib/python3.8/site-packages/airflow/example_dags/example_nested_branch_dag.py
[2023-09-01T19:40:33.427+0000] {processor.py:829} INFO - Processing file /home/airflow/.local/lib/python3.8/site-packages/airflow/example_dags/example_nested_branch_dag.py for tasks to queue
[2023-09-01T19:40:33.428+0000] {logging_mixin.py:151} INFO - [2023-09-01T19:40:33.428+0000] {dagbag.py:539} INFO - Filling up the DagBag from /home/airflow/.local/lib/python3.8/site-packages/airflow/example_dags/example_nested_branch_dag.py
[2023-09-01T19:40:33.442+0000] {processor.py:839} INFO - DAG(s) dict_keys(['example_nested_branch_dag']) retrieved from /home/airflow/.local/lib/python3.8/site-packages/airflow/example_dags/example_nested_branch_dag.py
[2023-09-01T19:40:33.476+0000] {logging_mixin.py:151} INFO - [2023-09-01T19:40:33.475+0000] {dag.py:2907} INFO - Sync 1 DAGs
[2023-09-01T19:40:33.507+0000] {logging_mixin.py:151} INFO - [2023-09-01T19:40:33.506+0000] {dag.py:3677} INFO - Setting next_dagrun for example_nested_branch_dag to 2023-08-31T00:00:00+00:00, run_after=2023-09-01T00:00:00+00:00
[2023-09-01T19:40:33.530+0000] {processor.py:179} INFO - Processing /home/airflow/.local/lib/python3.8/site-packages/airflow/example_dags/example_nested_branch_dag.py took 0.109 seconds
[2023-09-01T19:41:07.285+0000] {processor.py:157} INFO - Started process (PID=73817) to work on /home/airflow/.local/lib/python3.8/site-packages/airflow/example_dags/example_nested_branch_dag.py
[2023-09-01T19:41:07.291+0000] {processor.py:829} INFO - Processing file /home/airflow/.local/lib/python3.8/site-packages/airflow/example_dags/example_nested_branch_dag.py for tasks to queue
[2023-09-01T19:41:07.297+0000] {logging_mixin.py:151} INFO - [2023-09-01T19:41:07.296+0000] {dagbag.py:539} INFO - Filling up the DagBag from /home/airflow/.local/lib/python3.8/site-packages/airflow/example_dags/example_nested_branch_dag.py
[2023-09-01T19:41:07.363+0000] {processor.py:839} INFO - DAG(s) dict_keys(['example_nested_branch_dag']) retrieved from /home/airflow/.local/lib/python3.8/site-packages/airflow/example_dags/example_nested_branch_dag.py
[2023-09-01T19:41:07.495+0000] {logging_mixin.py:151} INFO - [2023-09-01T19:41:07.494+0000] {dag.py:2907} INFO - Sync 1 DAGs
[2023-09-01T19:41:07.616+0000] {logging_mixin.py:151} INFO - [2023-09-01T19:41:07.615+0000] {dag.py:3677} INFO - Setting next_dagrun for example_nested_branch_dag to 2023-08-31T00:00:00+00:00, run_after=2023-09-01T00:00:00+00:00
[2023-09-01T19:41:07.709+0000] {processor.py:179} INFO - Processing /home/airflow/.local/lib/python3.8/site-packages/airflow/example_dags/example_nested_branch_dag.py took 0.445 seconds
[2023-09-01T19:59:27.340+0000] {processor.py:157} INFO - Started process (PID=73872) to work on /home/airflow/.local/lib/python3.8/site-packages/airflow/example_dags/example_nested_branch_dag.py
[2023-09-01T19:59:27.342+0000] {processor.py:829} INFO - Processing file /home/airflow/.local/lib/python3.8/site-packages/airflow/example_dags/example_nested_branch_dag.py for tasks to queue
[2023-09-01T19:59:27.343+0000] {logging_mixin.py:151} INFO - [2023-09-01T19:59:27.343+0000] {dagbag.py:539} INFO - Filling up the DagBag from /home/airflow/.local/lib/python3.8/site-packages/airflow/example_dags/example_nested_branch_dag.py
[2023-09-01T19:59:27.360+0000] {processor.py:839} INFO - DAG(s) dict_keys(['example_nested_branch_dag']) retrieved from /home/airflow/.local/lib/python3.8/site-packages/airflow/example_dags/example_nested_branch_dag.py
[2023-09-01T19:59:27.392+0000] {logging_mixin.py:151} INFO - [2023-09-01T19:59:27.391+0000] {dag.py:2907} INFO - Sync 1 DAGs
[2023-09-01T19:59:27.427+0000] {logging_mixin.py:151} INFO - [2023-09-01T19:59:27.426+0000] {dag.py:3677} INFO - Setting next_dagrun for example_nested_branch_dag to 2023-08-31T00:00:00+00:00, run_after=2023-09-01T00:00:00+00:00
[2023-09-01T19:59:27.452+0000] {processor.py:179} INFO - Processing /home/airflow/.local/lib/python3.8/site-packages/airflow/example_dags/example_nested_branch_dag.py took 0.120 seconds
