[2023-09-01T02:15:45.376+0000] {processor.py:157} INFO - Started process (PID=73161) to work on /home/airflow/.local/lib/python3.8/site-packages/airflow/example_dags/example_latest_only.py
[2023-09-01T02:15:45.378+0000] {processor.py:829} INFO - Processing file /home/airflow/.local/lib/python3.8/site-packages/airflow/example_dags/example_latest_only.py for tasks to queue
[2023-09-01T02:15:45.380+0000] {logging_mixin.py:151} INFO - [2023-09-01T02:15:45.379+0000] {dagbag.py:539} INFO - Filling up the DagBag from /home/airflow/.local/lib/python3.8/site-packages/airflow/example_dags/example_latest_only.py
[2023-09-01T02:15:45.390+0000] {processor.py:839} INFO - DAG(s) dict_keys(['latest_only']) retrieved from /home/airflow/.local/lib/python3.8/site-packages/airflow/example_dags/example_latest_only.py
[2023-09-01T02:15:45.414+0000] {logging_mixin.py:151} INFO - [2023-09-01T02:15:45.414+0000] {dag.py:2907} INFO - Sync 1 DAGs
[2023-09-01T02:15:45.436+0000] {logging_mixin.py:151} INFO - [2023-09-01T02:15:45.435+0000] {dag.py:3677} INFO - Setting next_dagrun for latest_only to 2023-08-31T22:15:45.435541+00:00, run_after=2023-09-01T02:15:45.435541+00:00
[2023-09-01T02:15:45.456+0000] {processor.py:179} INFO - Processing /home/airflow/.local/lib/python3.8/site-packages/airflow/example_dags/example_latest_only.py took 0.088 seconds
[2023-09-01T04:04:37.959+0000] {processor.py:157} INFO - Started process (PID=73206) to work on /home/airflow/.local/lib/python3.8/site-packages/airflow/example_dags/example_latest_only.py
[2023-09-01T04:04:37.961+0000] {processor.py:829} INFO - Processing file /home/airflow/.local/lib/python3.8/site-packages/airflow/example_dags/example_latest_only.py for tasks to queue
[2023-09-01T04:04:37.962+0000] {logging_mixin.py:151} INFO - [2023-09-01T04:04:37.962+0000] {dagbag.py:539} INFO - Filling up the DagBag from /home/airflow/.local/lib/python3.8/site-packages/airflow/example_dags/example_latest_only.py
[2023-09-01T04:04:37.973+0000] {processor.py:839} INFO - DAG(s) dict_keys(['latest_only']) retrieved from /home/airflow/.local/lib/python3.8/site-packages/airflow/example_dags/example_latest_only.py
[2023-09-01T04:04:38.005+0000] {logging_mixin.py:151} INFO - [2023-09-01T04:04:38.004+0000] {dag.py:2907} INFO - Sync 1 DAGs
[2023-09-01T04:04:38.043+0000] {logging_mixin.py:151} INFO - [2023-09-01T04:04:38.043+0000] {dag.py:3677} INFO - Setting next_dagrun for latest_only to 2023-09-01T00:04:38.043365+00:00, run_after=2023-09-01T04:04:38.043365+00:00
[2023-09-01T04:04:38.077+0000] {processor.py:179} INFO - Processing /home/airflow/.local/lib/python3.8/site-packages/airflow/example_dags/example_latest_only.py took 0.124 seconds
[2023-09-01T04:05:14.965+0000] {processor.py:157} INFO - Started process (PID=73261) to work on /home/airflow/.local/lib/python3.8/site-packages/airflow/example_dags/example_latest_only.py
[2023-09-01T04:05:14.971+0000] {processor.py:829} INFO - Processing file /home/airflow/.local/lib/python3.8/site-packages/airflow/example_dags/example_latest_only.py for tasks to queue
[2023-09-01T04:05:14.977+0000] {logging_mixin.py:151} INFO - [2023-09-01T04:05:14.975+0000] {dagbag.py:539} INFO - Filling up the DagBag from /home/airflow/.local/lib/python3.8/site-packages/airflow/example_dags/example_latest_only.py
[2023-09-01T04:05:15.017+0000] {processor.py:839} INFO - DAG(s) dict_keys(['latest_only']) retrieved from /home/airflow/.local/lib/python3.8/site-packages/airflow/example_dags/example_latest_only.py
[2023-09-01T04:05:15.127+0000] {logging_mixin.py:151} INFO - [2023-09-01T04:05:15.126+0000] {dag.py:2907} INFO - Sync 1 DAGs
[2023-09-01T04:05:15.242+0000] {logging_mixin.py:151} INFO - [2023-09-01T04:05:15.241+0000] {dag.py:3677} INFO - Setting next_dagrun for latest_only to 2023-09-01T00:05:15.240175+00:00, run_after=2023-09-01T04:05:15.240175+00:00
[2023-09-01T04:05:15.335+0000] {processor.py:179} INFO - Processing /home/airflow/.local/lib/python3.8/site-packages/airflow/example_dags/example_latest_only.py took 0.392 seconds
[2023-09-01T04:05:47.486+0000] {processor.py:157} INFO - Started process (PID=73316) to work on /home/airflow/.local/lib/python3.8/site-packages/airflow/example_dags/example_latest_only.py
[2023-09-01T04:05:47.488+0000] {processor.py:829} INFO - Processing file /home/airflow/.local/lib/python3.8/site-packages/airflow/example_dags/example_latest_only.py for tasks to queue
[2023-09-01T04:05:47.489+0000] {logging_mixin.py:151} INFO - [2023-09-01T04:05:47.488+0000] {dagbag.py:539} INFO - Filling up the DagBag from /home/airflow/.local/lib/python3.8/site-packages/airflow/example_dags/example_latest_only.py
[2023-09-01T04:05:47.498+0000] {processor.py:839} INFO - DAG(s) dict_keys(['latest_only']) retrieved from /home/airflow/.local/lib/python3.8/site-packages/airflow/example_dags/example_latest_only.py
[2023-09-01T04:05:47.524+0000] {logging_mixin.py:151} INFO - [2023-09-01T04:05:47.524+0000] {dag.py:2907} INFO - Sync 1 DAGs
[2023-09-01T04:05:47.550+0000] {logging_mixin.py:151} INFO - [2023-09-01T04:05:47.549+0000] {dag.py:3677} INFO - Setting next_dagrun for latest_only to 2023-09-01T00:05:47.549480+00:00, run_after=2023-09-01T04:05:47.549480+00:00
[2023-09-01T04:05:47.571+0000] {processor.py:179} INFO - Processing /home/airflow/.local/lib/python3.8/site-packages/airflow/example_dags/example_latest_only.py took 0.090 seconds
[2023-09-01T10:29:12.137+0000] {processor.py:157} INFO - Started process (PID=73364) to work on /home/airflow/.local/lib/python3.8/site-packages/airflow/example_dags/example_latest_only.py
[2023-09-01T10:29:12.138+0000] {processor.py:829} INFO - Processing file /home/airflow/.local/lib/python3.8/site-packages/airflow/example_dags/example_latest_only.py for tasks to queue
[2023-09-01T10:29:12.140+0000] {logging_mixin.py:151} INFO - [2023-09-01T10:29:12.139+0000] {dagbag.py:539} INFO - Filling up the DagBag from /home/airflow/.local/lib/python3.8/site-packages/airflow/example_dags/example_latest_only.py
[2023-09-01T10:29:12.148+0000] {processor.py:839} INFO - DAG(s) dict_keys(['latest_only']) retrieved from /home/airflow/.local/lib/python3.8/site-packages/airflow/example_dags/example_latest_only.py
[2023-09-01T10:29:12.175+0000] {logging_mixin.py:151} INFO - [2023-09-01T10:29:12.175+0000] {dag.py:2907} INFO - Sync 1 DAGs
[2023-09-01T10:29:12.202+0000] {logging_mixin.py:151} INFO - [2023-09-01T10:29:12.202+0000] {dag.py:3677} INFO - Setting next_dagrun for latest_only to 2023-09-01T06:29:12.201880+00:00, run_after=2023-09-01T10:29:12.201880+00:00
[2023-09-01T10:29:12.372+0000] {processor.py:179} INFO - Processing /home/airflow/.local/lib/python3.8/site-packages/airflow/example_dags/example_latest_only.py took 0.240 seconds
[2023-09-01T16:39:33.318+0000] {processor.py:157} INFO - Started process (PID=73420) to work on /home/airflow/.local/lib/python3.8/site-packages/airflow/example_dags/example_latest_only.py
[2023-09-01T16:39:33.320+0000] {processor.py:829} INFO - Processing file /home/airflow/.local/lib/python3.8/site-packages/airflow/example_dags/example_latest_only.py for tasks to queue
[2023-09-01T16:39:33.321+0000] {logging_mixin.py:151} INFO - [2023-09-01T16:39:33.321+0000] {dagbag.py:539} INFO - Filling up the DagBag from /home/airflow/.local/lib/python3.8/site-packages/airflow/example_dags/example_latest_only.py
[2023-09-01T16:39:33.331+0000] {processor.py:839} INFO - DAG(s) dict_keys(['latest_only']) retrieved from /home/airflow/.local/lib/python3.8/site-packages/airflow/example_dags/example_latest_only.py
[2023-09-01T16:39:33.358+0000] {logging_mixin.py:151} INFO - [2023-09-01T16:39:33.358+0000] {dag.py:2907} INFO - Sync 1 DAGs
[2023-09-01T16:39:33.386+0000] {logging_mixin.py:151} INFO - [2023-09-01T16:39:33.386+0000] {dag.py:3677} INFO - Setting next_dagrun for latest_only to 2023-09-01T12:39:33.385885+00:00, run_after=2023-09-01T16:39:33.385885+00:00
[2023-09-01T16:39:33.412+0000] {processor.py:179} INFO - Processing /home/airflow/.local/lib/python3.8/site-packages/airflow/example_dags/example_latest_only.py took 0.100 seconds
[2023-09-01T16:40:04.369+0000] {processor.py:157} INFO - Started process (PID=73475) to work on /home/airflow/.local/lib/python3.8/site-packages/airflow/example_dags/example_latest_only.py
[2023-09-01T16:40:04.371+0000] {processor.py:829} INFO - Processing file /home/airflow/.local/lib/python3.8/site-packages/airflow/example_dags/example_latest_only.py for tasks to queue
[2023-09-01T16:40:04.372+0000] {logging_mixin.py:151} INFO - [2023-09-01T16:40:04.372+0000] {dagbag.py:539} INFO - Filling up the DagBag from /home/airflow/.local/lib/python3.8/site-packages/airflow/example_dags/example_latest_only.py
[2023-09-01T16:40:04.380+0000] {processor.py:839} INFO - DAG(s) dict_keys(['latest_only']) retrieved from /home/airflow/.local/lib/python3.8/site-packages/airflow/example_dags/example_latest_only.py
[2023-09-01T16:40:04.406+0000] {logging_mixin.py:151} INFO - [2023-09-01T16:40:04.406+0000] {dag.py:2907} INFO - Sync 1 DAGs
[2023-09-01T16:40:04.431+0000] {logging_mixin.py:151} INFO - [2023-09-01T16:40:04.431+0000] {dag.py:3677} INFO - Setting next_dagrun for latest_only to 2023-09-01T12:40:04.430779+00:00, run_after=2023-09-01T16:40:04.430779+00:00
[2023-09-01T16:40:04.452+0000] {processor.py:179} INFO - Processing /home/airflow/.local/lib/python3.8/site-packages/airflow/example_dags/example_latest_only.py took 0.087 seconds
[2023-09-01T17:33:19.871+0000] {processor.py:157} INFO - Started process (PID=73556) to work on /home/airflow/.local/lib/python3.8/site-packages/airflow/example_dags/example_latest_only.py
[2023-09-01T17:33:19.873+0000] {processor.py:829} INFO - Processing file /home/airflow/.local/lib/python3.8/site-packages/airflow/example_dags/example_latest_only.py for tasks to queue
[2023-09-01T17:33:19.874+0000] {logging_mixin.py:151} INFO - [2023-09-01T17:33:19.873+0000] {dagbag.py:539} INFO - Filling up the DagBag from /home/airflow/.local/lib/python3.8/site-packages/airflow/example_dags/example_latest_only.py
[2023-09-01T17:33:20.031+0000] {processor.py:839} INFO - DAG(s) dict_keys(['latest_only']) retrieved from /home/airflow/.local/lib/python3.8/site-packages/airflow/example_dags/example_latest_only.py
[2023-09-01T17:33:20.055+0000] {logging_mixin.py:151} INFO - [2023-09-01T17:33:20.054+0000] {dag.py:2907} INFO - Sync 1 DAGs
[2023-09-01T17:33:20.078+0000] {logging_mixin.py:151} INFO - [2023-09-01T17:33:20.078+0000] {dag.py:3677} INFO - Setting next_dagrun for latest_only to 2023-09-01T13:33:20.077993+00:00, run_after=2023-09-01T17:33:20.077993+00:00
[2023-09-01T17:33:20.101+0000] {processor.py:179} INFO - Processing /home/airflow/.local/lib/python3.8/site-packages/airflow/example_dags/example_latest_only.py took 0.235 seconds
[2023-09-01T17:55:31.724+0000] {processor.py:157} INFO - Started process (PID=73611) to work on /home/airflow/.local/lib/python3.8/site-packages/airflow/example_dags/example_latest_only.py
[2023-09-01T17:55:31.726+0000] {processor.py:829} INFO - Processing file /home/airflow/.local/lib/python3.8/site-packages/airflow/example_dags/example_latest_only.py for tasks to queue
[2023-09-01T17:55:31.727+0000] {logging_mixin.py:151} INFO - [2023-09-01T17:55:31.727+0000] {dagbag.py:539} INFO - Filling up the DagBag from /home/airflow/.local/lib/python3.8/site-packages/airflow/example_dags/example_latest_only.py
[2023-09-01T17:55:31.736+0000] {processor.py:839} INFO - DAG(s) dict_keys(['latest_only']) retrieved from /home/airflow/.local/lib/python3.8/site-packages/airflow/example_dags/example_latest_only.py
[2023-09-01T17:55:31.762+0000] {logging_mixin.py:151} INFO - [2023-09-01T17:55:31.762+0000] {dag.py:2907} INFO - Sync 1 DAGs
[2023-09-01T17:55:31.786+0000] {logging_mixin.py:151} INFO - [2023-09-01T17:55:31.786+0000] {dag.py:3677} INFO - Setting next_dagrun for latest_only to 2023-09-01T13:55:31.786430+00:00, run_after=2023-09-01T17:55:31.786430+00:00
[2023-09-01T17:55:31.809+0000] {processor.py:179} INFO - Processing /home/airflow/.local/lib/python3.8/site-packages/airflow/example_dags/example_latest_only.py took 0.090 seconds
[2023-09-01T18:41:52.711+0000] {processor.py:157} INFO - Started process (PID=73666) to work on /home/airflow/.local/lib/python3.8/site-packages/airflow/example_dags/example_latest_only.py
[2023-09-01T18:41:52.713+0000] {processor.py:829} INFO - Processing file /home/airflow/.local/lib/python3.8/site-packages/airflow/example_dags/example_latest_only.py for tasks to queue
[2023-09-01T18:41:52.715+0000] {logging_mixin.py:151} INFO - [2023-09-01T18:41:52.714+0000] {dagbag.py:539} INFO - Filling up the DagBag from /home/airflow/.local/lib/python3.8/site-packages/airflow/example_dags/example_latest_only.py
[2023-09-01T18:41:52.725+0000] {processor.py:839} INFO - DAG(s) dict_keys(['latest_only']) retrieved from /home/airflow/.local/lib/python3.8/site-packages/airflow/example_dags/example_latest_only.py
[2023-09-01T18:41:52.767+0000] {logging_mixin.py:151} INFO - [2023-09-01T18:41:52.767+0000] {dag.py:2907} INFO - Sync 1 DAGs
[2023-09-01T18:41:52.795+0000] {logging_mixin.py:151} INFO - [2023-09-01T18:41:52.795+0000] {dag.py:3677} INFO - Setting next_dagrun for latest_only to 2023-09-01T14:41:52.795200+00:00, run_after=2023-09-01T18:41:52.795200+00:00
[2023-09-01T18:41:52.819+0000] {processor.py:179} INFO - Processing /home/airflow/.local/lib/python3.8/site-packages/airflow/example_dags/example_latest_only.py took 0.117 seconds
[2023-09-01T19:35:58.790+0000] {processor.py:157} INFO - Started process (PID=73721) to work on /home/airflow/.local/lib/python3.8/site-packages/airflow/example_dags/example_latest_only.py
[2023-09-01T19:35:58.792+0000] {processor.py:829} INFO - Processing file /home/airflow/.local/lib/python3.8/site-packages/airflow/example_dags/example_latest_only.py for tasks to queue
[2023-09-01T19:35:58.794+0000] {logging_mixin.py:151} INFO - [2023-09-01T19:35:58.794+0000] {dagbag.py:539} INFO - Filling up the DagBag from /home/airflow/.local/lib/python3.8/site-packages/airflow/example_dags/example_latest_only.py
[2023-09-01T19:35:58.805+0000] {processor.py:839} INFO - DAG(s) dict_keys(['latest_only']) retrieved from /home/airflow/.local/lib/python3.8/site-packages/airflow/example_dags/example_latest_only.py
[2023-09-01T19:35:58.839+0000] {logging_mixin.py:151} INFO - [2023-09-01T19:35:58.838+0000] {dag.py:2907} INFO - Sync 1 DAGs
[2023-09-01T19:35:58.872+0000] {logging_mixin.py:151} INFO - [2023-09-01T19:35:58.871+0000] {dag.py:3677} INFO - Setting next_dagrun for latest_only to 2023-09-01T15:35:58.871526+00:00, run_after=2023-09-01T19:35:58.871526+00:00
[2023-09-01T19:35:58.899+0000] {processor.py:179} INFO - Processing /home/airflow/.local/lib/python3.8/site-packages/airflow/example_dags/example_latest_only.py took 0.114 seconds
[2023-09-01T19:40:34.569+0000] {processor.py:157} INFO - Started process (PID=73776) to work on /home/airflow/.local/lib/python3.8/site-packages/airflow/example_dags/example_latest_only.py
[2023-09-01T19:40:34.570+0000] {processor.py:829} INFO - Processing file /home/airflow/.local/lib/python3.8/site-packages/airflow/example_dags/example_latest_only.py for tasks to queue
[2023-09-01T19:40:34.572+0000] {logging_mixin.py:151} INFO - [2023-09-01T19:40:34.571+0000] {dagbag.py:539} INFO - Filling up the DagBag from /home/airflow/.local/lib/python3.8/site-packages/airflow/example_dags/example_latest_only.py
[2023-09-01T19:40:34.583+0000] {processor.py:839} INFO - DAG(s) dict_keys(['latest_only']) retrieved from /home/airflow/.local/lib/python3.8/site-packages/airflow/example_dags/example_latest_only.py
[2023-09-01T19:40:34.613+0000] {logging_mixin.py:151} INFO - [2023-09-01T19:40:34.613+0000] {dag.py:2907} INFO - Sync 1 DAGs
[2023-09-01T19:40:34.644+0000] {logging_mixin.py:151} INFO - [2023-09-01T19:40:34.643+0000] {dag.py:3677} INFO - Setting next_dagrun for latest_only to 2023-09-01T15:40:34.643375+00:00, run_after=2023-09-01T19:40:34.643375+00:00
[2023-09-01T19:40:34.673+0000] {processor.py:179} INFO - Processing /home/airflow/.local/lib/python3.8/site-packages/airflow/example_dags/example_latest_only.py took 0.110 seconds
[2023-09-01T19:41:24.583+0000] {processor.py:157} INFO - Started process (PID=73831) to work on /home/airflow/.local/lib/python3.8/site-packages/airflow/example_dags/example_latest_only.py
[2023-09-01T19:41:24.585+0000] {processor.py:829} INFO - Processing file /home/airflow/.local/lib/python3.8/site-packages/airflow/example_dags/example_latest_only.py for tasks to queue
[2023-09-01T19:41:24.589+0000] {logging_mixin.py:151} INFO - [2023-09-01T19:41:24.588+0000] {dagbag.py:539} INFO - Filling up the DagBag from /home/airflow/.local/lib/python3.8/site-packages/airflow/example_dags/example_latest_only.py
[2023-09-01T19:41:24.608+0000] {processor.py:839} INFO - DAG(s) dict_keys(['latest_only']) retrieved from /home/airflow/.local/lib/python3.8/site-packages/airflow/example_dags/example_latest_only.py
[2023-09-01T19:41:24.649+0000] {logging_mixin.py:151} INFO - [2023-09-01T19:41:24.649+0000] {dag.py:2907} INFO - Sync 1 DAGs
[2023-09-01T19:41:24.694+0000] {logging_mixin.py:151} INFO - [2023-09-01T19:41:24.694+0000] {dag.py:3677} INFO - Setting next_dagrun for latest_only to 2023-09-01T15:41:24.693982+00:00, run_after=2023-09-01T19:41:24.693982+00:00
[2023-09-01T19:41:24.745+0000] {processor.py:179} INFO - Processing /home/airflow/.local/lib/python3.8/site-packages/airflow/example_dags/example_latest_only.py took 0.169 seconds
[2023-09-01T19:59:28.439+0000] {processor.py:157} INFO - Started process (PID=73886) to work on /home/airflow/.local/lib/python3.8/site-packages/airflow/example_dags/example_latest_only.py
[2023-09-01T19:59:28.441+0000] {processor.py:829} INFO - Processing file /home/airflow/.local/lib/python3.8/site-packages/airflow/example_dags/example_latest_only.py for tasks to queue
[2023-09-01T19:59:28.442+0000] {logging_mixin.py:151} INFO - [2023-09-01T19:59:28.442+0000] {dagbag.py:539} INFO - Filling up the DagBag from /home/airflow/.local/lib/python3.8/site-packages/airflow/example_dags/example_latest_only.py
[2023-09-01T19:59:28.451+0000] {processor.py:839} INFO - DAG(s) dict_keys(['latest_only']) retrieved from /home/airflow/.local/lib/python3.8/site-packages/airflow/example_dags/example_latest_only.py
[2023-09-01T19:59:28.477+0000] {logging_mixin.py:151} INFO - [2023-09-01T19:59:28.477+0000] {dag.py:2907} INFO - Sync 1 DAGs
[2023-09-01T19:59:28.502+0000] {logging_mixin.py:151} INFO - [2023-09-01T19:59:28.502+0000] {dag.py:3677} INFO - Setting next_dagrun for latest_only to 2023-09-01T15:59:28.501747+00:00, run_after=2023-09-01T19:59:28.501747+00:00
[2023-09-01T19:59:28.523+0000] {processor.py:179} INFO - Processing /home/airflow/.local/lib/python3.8/site-packages/airflow/example_dags/example_latest_only.py took 0.089 seconds
