[2023-09-01T02:15:43.592+0000] {processor.py:157} INFO - Started process (PID=73138) to work on /home/airflow/.local/lib/python3.8/site-packages/airflow/example_dags/tutorial_taskflow_api.py
[2023-09-01T02:15:43.594+0000] {processor.py:829} INFO - Processing file /home/airflow/.local/lib/python3.8/site-packages/airflow/example_dags/tutorial_taskflow_api.py for tasks to queue
[2023-09-01T02:15:43.595+0000] {logging_mixin.py:151} INFO - [2023-09-01T02:15:43.594+0000] {dagbag.py:539} INFO - Filling up the DagBag from /home/airflow/.local/lib/python3.8/site-packages/airflow/example_dags/tutorial_taskflow_api.py
[2023-09-01T02:15:43.606+0000] {processor.py:839} INFO - DAG(s) dict_keys(['tutorial_taskflow_api']) retrieved from /home/airflow/.local/lib/python3.8/site-packages/airflow/example_dags/tutorial_taskflow_api.py
[2023-09-01T02:15:43.632+0000] {logging_mixin.py:151} INFO - [2023-09-01T02:15:43.632+0000] {dag.py:2907} INFO - Sync 1 DAGs
[2023-09-01T02:15:43.646+0000] {logging_mixin.py:151} INFO - [2023-09-01T02:15:43.646+0000] {dag.py:3677} INFO - Setting next_dagrun for tutorial_taskflow_api to None, run_after=None
[2023-09-01T02:15:43.680+0000] {processor.py:179} INFO - Processing /home/airflow/.local/lib/python3.8/site-packages/airflow/example_dags/tutorial_taskflow_api.py took 0.092 seconds
[2023-09-01T04:04:35.579+0000] {processor.py:157} INFO - Started process (PID=73183) to work on /home/airflow/.local/lib/python3.8/site-packages/airflow/example_dags/tutorial_taskflow_api.py
[2023-09-01T04:04:35.584+0000] {processor.py:829} INFO - Processing file /home/airflow/.local/lib/python3.8/site-packages/airflow/example_dags/tutorial_taskflow_api.py for tasks to queue
[2023-09-01T04:04:35.586+0000] {logging_mixin.py:151} INFO - [2023-09-01T04:04:35.585+0000] {dagbag.py:539} INFO - Filling up the DagBag from /home/airflow/.local/lib/python3.8/site-packages/airflow/example_dags/tutorial_taskflow_api.py
[2023-09-01T04:04:35.598+0000] {processor.py:839} INFO - DAG(s) dict_keys(['tutorial_taskflow_api']) retrieved from /home/airflow/.local/lib/python3.8/site-packages/airflow/example_dags/tutorial_taskflow_api.py
[2023-09-01T04:04:35.636+0000] {logging_mixin.py:151} INFO - [2023-09-01T04:04:35.635+0000] {dag.py:2907} INFO - Sync 1 DAGs
[2023-09-01T04:04:35.659+0000] {logging_mixin.py:151} INFO - [2023-09-01T04:04:35.659+0000] {dag.py:3677} INFO - Setting next_dagrun for tutorial_taskflow_api to None, run_after=None
[2023-09-01T04:04:35.736+0000] {processor.py:179} INFO - Processing /home/airflow/.local/lib/python3.8/site-packages/airflow/example_dags/tutorial_taskflow_api.py took 0.164 seconds
[2023-09-01T04:05:06.993+0000] {processor.py:157} INFO - Started process (PID=73238) to work on /home/airflow/.local/lib/python3.8/site-packages/airflow/example_dags/tutorial_taskflow_api.py
[2023-09-01T04:05:06.998+0000] {processor.py:829} INFO - Processing file /home/airflow/.local/lib/python3.8/site-packages/airflow/example_dags/tutorial_taskflow_api.py for tasks to queue
[2023-09-01T04:05:07.004+0000] {logging_mixin.py:151} INFO - [2023-09-01T04:05:07.003+0000] {dagbag.py:539} INFO - Filling up the DagBag from /home/airflow/.local/lib/python3.8/site-packages/airflow/example_dags/tutorial_taskflow_api.py
[2023-09-01T04:05:07.040+0000] {processor.py:839} INFO - DAG(s) dict_keys(['tutorial_taskflow_api']) retrieved from /home/airflow/.local/lib/python3.8/site-packages/airflow/example_dags/tutorial_taskflow_api.py
[2023-09-01T04:05:07.154+0000] {logging_mixin.py:151} INFO - [2023-09-01T04:05:07.153+0000] {dag.py:2907} INFO - Sync 1 DAGs
[2023-09-01T04:05:07.225+0000] {logging_mixin.py:151} INFO - [2023-09-01T04:05:07.224+0000] {dag.py:3677} INFO - Setting next_dagrun for tutorial_taskflow_api to None, run_after=None
[2023-09-01T04:05:07.332+0000] {processor.py:179} INFO - Processing /home/airflow/.local/lib/python3.8/site-packages/airflow/example_dags/tutorial_taskflow_api.py took 0.361 seconds
[2023-09-01T04:05:45.480+0000] {processor.py:157} INFO - Started process (PID=73293) to work on /home/airflow/.local/lib/python3.8/site-packages/airflow/example_dags/tutorial_taskflow_api.py
[2023-09-01T04:05:45.482+0000] {processor.py:829} INFO - Processing file /home/airflow/.local/lib/python3.8/site-packages/airflow/example_dags/tutorial_taskflow_api.py for tasks to queue
[2023-09-01T04:05:45.483+0000] {logging_mixin.py:151} INFO - [2023-09-01T04:05:45.483+0000] {dagbag.py:539} INFO - Filling up the DagBag from /home/airflow/.local/lib/python3.8/site-packages/airflow/example_dags/tutorial_taskflow_api.py
[2023-09-01T04:05:45.493+0000] {processor.py:839} INFO - DAG(s) dict_keys(['tutorial_taskflow_api']) retrieved from /home/airflow/.local/lib/python3.8/site-packages/airflow/example_dags/tutorial_taskflow_api.py
[2023-09-01T04:05:45.521+0000] {logging_mixin.py:151} INFO - [2023-09-01T04:05:45.521+0000] {dag.py:2907} INFO - Sync 1 DAGs
[2023-09-01T04:05:45.539+0000] {logging_mixin.py:151} INFO - [2023-09-01T04:05:45.539+0000] {dag.py:3677} INFO - Setting next_dagrun for tutorial_taskflow_api to None, run_after=None
[2023-09-01T04:05:45.569+0000] {processor.py:179} INFO - Processing /home/airflow/.local/lib/python3.8/site-packages/airflow/example_dags/tutorial_taskflow_api.py took 0.098 seconds
[2023-09-01T10:29:09.840+0000] {processor.py:157} INFO - Started process (PID=73341) to work on /home/airflow/.local/lib/python3.8/site-packages/airflow/example_dags/tutorial_taskflow_api.py
[2023-09-01T10:29:09.841+0000] {processor.py:829} INFO - Processing file /home/airflow/.local/lib/python3.8/site-packages/airflow/example_dags/tutorial_taskflow_api.py for tasks to queue
[2023-09-01T10:29:09.842+0000] {logging_mixin.py:151} INFO - [2023-09-01T10:29:09.842+0000] {dagbag.py:539} INFO - Filling up the DagBag from /home/airflow/.local/lib/python3.8/site-packages/airflow/example_dags/tutorial_taskflow_api.py
[2023-09-01T10:29:09.850+0000] {processor.py:839} INFO - DAG(s) dict_keys(['tutorial_taskflow_api']) retrieved from /home/airflow/.local/lib/python3.8/site-packages/airflow/example_dags/tutorial_taskflow_api.py
[2023-09-01T10:29:09.876+0000] {logging_mixin.py:151} INFO - [2023-09-01T10:29:09.876+0000] {dag.py:2907} INFO - Sync 1 DAGs
[2023-09-01T10:29:09.892+0000] {logging_mixin.py:151} INFO - [2023-09-01T10:29:09.892+0000] {dag.py:3677} INFO - Setting next_dagrun for tutorial_taskflow_api to None, run_after=None
[2023-09-01T10:29:09.913+0000] {processor.py:179} INFO - Processing /home/airflow/.local/lib/python3.8/site-packages/airflow/example_dags/tutorial_taskflow_api.py took 0.078 seconds
[2023-09-01T16:39:31.215+0000] {processor.py:157} INFO - Started process (PID=73397) to work on /home/airflow/.local/lib/python3.8/site-packages/airflow/example_dags/tutorial_taskflow_api.py
[2023-09-01T16:39:31.218+0000] {processor.py:829} INFO - Processing file /home/airflow/.local/lib/python3.8/site-packages/airflow/example_dags/tutorial_taskflow_api.py for tasks to queue
[2023-09-01T16:39:31.219+0000] {logging_mixin.py:151} INFO - [2023-09-01T16:39:31.219+0000] {dagbag.py:539} INFO - Filling up the DagBag from /home/airflow/.local/lib/python3.8/site-packages/airflow/example_dags/tutorial_taskflow_api.py
[2023-09-01T16:39:31.234+0000] {processor.py:839} INFO - DAG(s) dict_keys(['tutorial_taskflow_api']) retrieved from /home/airflow/.local/lib/python3.8/site-packages/airflow/example_dags/tutorial_taskflow_api.py
[2023-09-01T16:39:31.271+0000] {logging_mixin.py:151} INFO - [2023-09-01T16:39:31.270+0000] {dag.py:2907} INFO - Sync 1 DAGs
[2023-09-01T16:39:31.291+0000] {logging_mixin.py:151} INFO - [2023-09-01T16:39:31.291+0000] {dag.py:3677} INFO - Setting next_dagrun for tutorial_taskflow_api to None, run_after=None
[2023-09-01T16:39:31.324+0000] {processor.py:179} INFO - Processing /home/airflow/.local/lib/python3.8/site-packages/airflow/example_dags/tutorial_taskflow_api.py took 0.115 seconds
[2023-09-01T16:40:01.817+0000] {processor.py:157} INFO - Started process (PID=73452) to work on /home/airflow/.local/lib/python3.8/site-packages/airflow/example_dags/tutorial_taskflow_api.py
[2023-09-01T16:40:01.818+0000] {processor.py:829} INFO - Processing file /home/airflow/.local/lib/python3.8/site-packages/airflow/example_dags/tutorial_taskflow_api.py for tasks to queue
[2023-09-01T16:40:01.819+0000] {logging_mixin.py:151} INFO - [2023-09-01T16:40:01.819+0000] {dagbag.py:539} INFO - Filling up the DagBag from /home/airflow/.local/lib/python3.8/site-packages/airflow/example_dags/tutorial_taskflow_api.py
[2023-09-01T16:40:01.827+0000] {processor.py:839} INFO - DAG(s) dict_keys(['tutorial_taskflow_api']) retrieved from /home/airflow/.local/lib/python3.8/site-packages/airflow/example_dags/tutorial_taskflow_api.py
[2023-09-01T16:40:01.853+0000] {logging_mixin.py:151} INFO - [2023-09-01T16:40:01.852+0000] {dag.py:2907} INFO - Sync 1 DAGs
[2023-09-01T16:40:01.868+0000] {logging_mixin.py:151} INFO - [2023-09-01T16:40:01.868+0000] {dag.py:3677} INFO - Setting next_dagrun for tutorial_taskflow_api to None, run_after=None
[2023-09-01T16:40:01.889+0000] {processor.py:179} INFO - Processing /home/airflow/.local/lib/python3.8/site-packages/airflow/example_dags/tutorial_taskflow_api.py took 0.077 seconds
[2023-09-01T16:40:31.973+0000] {processor.py:157} INFO - Started process (PID=73507) to work on /home/airflow/.local/lib/python3.8/site-packages/airflow/example_dags/tutorial_taskflow_api.py
[2023-09-01T16:40:31.974+0000] {processor.py:829} INFO - Processing file /home/airflow/.local/lib/python3.8/site-packages/airflow/example_dags/tutorial_taskflow_api.py for tasks to queue
[2023-09-01T16:40:31.975+0000] {logging_mixin.py:151} INFO - [2023-09-01T16:40:31.975+0000] {dagbag.py:539} INFO - Filling up the DagBag from /home/airflow/.local/lib/python3.8/site-packages/airflow/example_dags/tutorial_taskflow_api.py
[2023-09-01T16:40:31.983+0000] {processor.py:839} INFO - DAG(s) dict_keys(['tutorial_taskflow_api']) retrieved from /home/airflow/.local/lib/python3.8/site-packages/airflow/example_dags/tutorial_taskflow_api.py
[2023-09-01T16:40:32.009+0000] {logging_mixin.py:151} INFO - [2023-09-01T16:40:32.009+0000] {dag.py:2907} INFO - Sync 1 DAGs
[2023-09-01T16:40:32.024+0000] {logging_mixin.py:151} INFO - [2023-09-01T16:40:32.024+0000] {dag.py:3677} INFO - Setting next_dagrun for tutorial_taskflow_api to None, run_after=None
[2023-09-01T16:40:32.045+0000] {processor.py:179} INFO - Processing /home/airflow/.local/lib/python3.8/site-packages/airflow/example_dags/tutorial_taskflow_api.py took 0.077 seconds
[2023-09-01T17:33:16.614+0000] {processor.py:157} INFO - Started process (PID=73536) to work on /home/airflow/.local/lib/python3.8/site-packages/airflow/example_dags/tutorial_taskflow_api.py
[2023-09-01T17:33:16.616+0000] {processor.py:829} INFO - Processing file /home/airflow/.local/lib/python3.8/site-packages/airflow/example_dags/tutorial_taskflow_api.py for tasks to queue
[2023-09-01T17:33:16.618+0000] {logging_mixin.py:151} INFO - [2023-09-01T17:33:16.617+0000] {dagbag.py:539} INFO - Filling up the DagBag from /home/airflow/.local/lib/python3.8/site-packages/airflow/example_dags/tutorial_taskflow_api.py
[2023-09-01T17:33:16.628+0000] {processor.py:839} INFO - DAG(s) dict_keys(['tutorial_taskflow_api']) retrieved from /home/airflow/.local/lib/python3.8/site-packages/airflow/example_dags/tutorial_taskflow_api.py
[2023-09-01T17:33:16.658+0000] {logging_mixin.py:151} INFO - [2023-09-01T17:33:16.658+0000] {dag.py:2907} INFO - Sync 1 DAGs
[2023-09-01T17:33:16.878+0000] {logging_mixin.py:151} INFO - [2023-09-01T17:33:16.878+0000] {dag.py:3677} INFO - Setting next_dagrun for tutorial_taskflow_api to None, run_after=None
[2023-09-01T17:33:16.908+0000] {processor.py:179} INFO - Processing /home/airflow/.local/lib/python3.8/site-packages/airflow/example_dags/tutorial_taskflow_api.py took 0.300 seconds
[2023-09-01T17:55:29.539+0000] {processor.py:157} INFO - Started process (PID=73588) to work on /home/airflow/.local/lib/python3.8/site-packages/airflow/example_dags/tutorial_taskflow_api.py
[2023-09-01T17:55:29.544+0000] {processor.py:829} INFO - Processing file /home/airflow/.local/lib/python3.8/site-packages/airflow/example_dags/tutorial_taskflow_api.py for tasks to queue
[2023-09-01T17:55:29.545+0000] {logging_mixin.py:151} INFO - [2023-09-01T17:55:29.545+0000] {dagbag.py:539} INFO - Filling up the DagBag from /home/airflow/.local/lib/python3.8/site-packages/airflow/example_dags/tutorial_taskflow_api.py
[2023-09-01T17:55:29.557+0000] {processor.py:839} INFO - DAG(s) dict_keys(['tutorial_taskflow_api']) retrieved from /home/airflow/.local/lib/python3.8/site-packages/airflow/example_dags/tutorial_taskflow_api.py
[2023-09-01T17:55:29.591+0000] {logging_mixin.py:151} INFO - [2023-09-01T17:55:29.591+0000] {dag.py:2907} INFO - Sync 1 DAGs
[2023-09-01T17:55:29.613+0000] {logging_mixin.py:151} INFO - [2023-09-01T17:55:29.612+0000] {dag.py:3677} INFO - Setting next_dagrun for tutorial_taskflow_api to None, run_after=None
[2023-09-01T17:55:29.638+0000] {processor.py:179} INFO - Processing /home/airflow/.local/lib/python3.8/site-packages/airflow/example_dags/tutorial_taskflow_api.py took 0.105 seconds
[2023-09-01T18:41:50.549+0000] {processor.py:157} INFO - Started process (PID=73643) to work on /home/airflow/.local/lib/python3.8/site-packages/airflow/example_dags/tutorial_taskflow_api.py
[2023-09-01T18:41:50.551+0000] {processor.py:829} INFO - Processing file /home/airflow/.local/lib/python3.8/site-packages/airflow/example_dags/tutorial_taskflow_api.py for tasks to queue
[2023-09-01T18:41:50.552+0000] {logging_mixin.py:151} INFO - [2023-09-01T18:41:50.552+0000] {dagbag.py:539} INFO - Filling up the DagBag from /home/airflow/.local/lib/python3.8/site-packages/airflow/example_dags/tutorial_taskflow_api.py
[2023-09-01T18:41:50.561+0000] {processor.py:839} INFO - DAG(s) dict_keys(['tutorial_taskflow_api']) retrieved from /home/airflow/.local/lib/python3.8/site-packages/airflow/example_dags/tutorial_taskflow_api.py
[2023-09-01T18:41:50.589+0000] {logging_mixin.py:151} INFO - [2023-09-01T18:41:50.589+0000] {dag.py:2907} INFO - Sync 1 DAGs
[2023-09-01T18:41:50.606+0000] {logging_mixin.py:151} INFO - [2023-09-01T18:41:50.605+0000] {dag.py:3677} INFO - Setting next_dagrun for tutorial_taskflow_api to None, run_after=None
[2023-09-01T18:41:50.629+0000] {processor.py:179} INFO - Processing /home/airflow/.local/lib/python3.8/site-packages/airflow/example_dags/tutorial_taskflow_api.py took 0.085 seconds
[2023-09-01T19:35:57.109+0000] {processor.py:157} INFO - Started process (PID=73698) to work on /home/airflow/.local/lib/python3.8/site-packages/airflow/example_dags/tutorial_taskflow_api.py
[2023-09-01T19:35:57.111+0000] {processor.py:829} INFO - Processing file /home/airflow/.local/lib/python3.8/site-packages/airflow/example_dags/tutorial_taskflow_api.py for tasks to queue
[2023-09-01T19:35:57.113+0000] {logging_mixin.py:151} INFO - [2023-09-01T19:35:57.112+0000] {dagbag.py:539} INFO - Filling up the DagBag from /home/airflow/.local/lib/python3.8/site-packages/airflow/example_dags/tutorial_taskflow_api.py
[2023-09-01T19:35:57.121+0000] {processor.py:839} INFO - DAG(s) dict_keys(['tutorial_taskflow_api']) retrieved from /home/airflow/.local/lib/python3.8/site-packages/airflow/example_dags/tutorial_taskflow_api.py
[2023-09-01T19:35:57.157+0000] {logging_mixin.py:151} INFO - [2023-09-01T19:35:57.157+0000] {dag.py:2907} INFO - Sync 1 DAGs
[2023-09-01T19:35:57.174+0000] {logging_mixin.py:151} INFO - [2023-09-01T19:35:57.174+0000] {dag.py:3677} INFO - Setting next_dagrun for tutorial_taskflow_api to None, run_after=None
[2023-09-01T19:35:57.201+0000] {processor.py:179} INFO - Processing /home/airflow/.local/lib/python3.8/site-packages/airflow/example_dags/tutorial_taskflow_api.py took 0.096 seconds
[2023-09-01T19:40:32.846+0000] {processor.py:157} INFO - Started process (PID=73753) to work on /home/airflow/.local/lib/python3.8/site-packages/airflow/example_dags/tutorial_taskflow_api.py
[2023-09-01T19:40:32.848+0000] {processor.py:829} INFO - Processing file /home/airflow/.local/lib/python3.8/site-packages/airflow/example_dags/tutorial_taskflow_api.py for tasks to queue
[2023-09-01T19:40:32.850+0000] {logging_mixin.py:151} INFO - [2023-09-01T19:40:32.849+0000] {dagbag.py:539} INFO - Filling up the DagBag from /home/airflow/.local/lib/python3.8/site-packages/airflow/example_dags/tutorial_taskflow_api.py
[2023-09-01T19:40:32.860+0000] {processor.py:839} INFO - DAG(s) dict_keys(['tutorial_taskflow_api']) retrieved from /home/airflow/.local/lib/python3.8/site-packages/airflow/example_dags/tutorial_taskflow_api.py
[2023-09-01T19:40:32.891+0000] {logging_mixin.py:151} INFO - [2023-09-01T19:40:32.891+0000] {dag.py:2907} INFO - Sync 1 DAGs
[2023-09-01T19:40:32.909+0000] {logging_mixin.py:151} INFO - [2023-09-01T19:40:32.909+0000] {dag.py:3677} INFO - Setting next_dagrun for tutorial_taskflow_api to None, run_after=None
[2023-09-01T19:40:32.933+0000] {processor.py:179} INFO - Processing /home/airflow/.local/lib/python3.8/site-packages/airflow/example_dags/tutorial_taskflow_api.py took 0.092 seconds
[2023-09-01T19:41:04.118+0000] {processor.py:157} INFO - Started process (PID=73808) to work on /home/airflow/.local/lib/python3.8/site-packages/airflow/example_dags/tutorial_taskflow_api.py
[2023-09-01T19:41:04.123+0000] {processor.py:829} INFO - Processing file /home/airflow/.local/lib/python3.8/site-packages/airflow/example_dags/tutorial_taskflow_api.py for tasks to queue
[2023-09-01T19:41:04.129+0000] {logging_mixin.py:151} INFO - [2023-09-01T19:41:04.128+0000] {dagbag.py:539} INFO - Filling up the DagBag from /home/airflow/.local/lib/python3.8/site-packages/airflow/example_dags/tutorial_taskflow_api.py
[2023-09-01T19:41:04.168+0000] {processor.py:839} INFO - DAG(s) dict_keys(['tutorial_taskflow_api']) retrieved from /home/airflow/.local/lib/python3.8/site-packages/airflow/example_dags/tutorial_taskflow_api.py
[2023-09-01T19:41:04.296+0000] {logging_mixin.py:151} INFO - [2023-09-01T19:41:04.295+0000] {dag.py:2907} INFO - Sync 1 DAGs
[2023-09-01T19:41:04.368+0000] {logging_mixin.py:151} INFO - [2023-09-01T19:41:04.367+0000] {dag.py:3677} INFO - Setting next_dagrun for tutorial_taskflow_api to None, run_after=None
[2023-09-01T19:41:04.459+0000] {processor.py:179} INFO - Processing /home/airflow/.local/lib/python3.8/site-packages/airflow/example_dags/tutorial_taskflow_api.py took 0.363 seconds
[2023-09-01T19:59:26.306+0000] {processor.py:157} INFO - Started process (PID=73856) to work on /home/airflow/.local/lib/python3.8/site-packages/airflow/example_dags/tutorial_taskflow_api.py
[2023-09-01T19:59:26.308+0000] {processor.py:829} INFO - Processing file /home/airflow/.local/lib/python3.8/site-packages/airflow/example_dags/tutorial_taskflow_api.py for tasks to queue
[2023-09-01T19:59:26.311+0000] {logging_mixin.py:151} INFO - [2023-09-01T19:59:26.310+0000] {dagbag.py:539} INFO - Filling up the DagBag from /home/airflow/.local/lib/python3.8/site-packages/airflow/example_dags/tutorial_taskflow_api.py
[2023-09-01T19:59:26.325+0000] {processor.py:839} INFO - DAG(s) dict_keys(['tutorial_taskflow_api']) retrieved from /home/airflow/.local/lib/python3.8/site-packages/airflow/example_dags/tutorial_taskflow_api.py
[2023-09-01T19:59:26.352+0000] {logging_mixin.py:151} INFO - [2023-09-01T19:59:26.351+0000] {dag.py:2907} INFO - Sync 1 DAGs
[2023-09-01T19:59:26.369+0000] {logging_mixin.py:151} INFO - [2023-09-01T19:59:26.369+0000] {dag.py:3677} INFO - Setting next_dagrun for tutorial_taskflow_api to None, run_after=None
[2023-09-01T19:59:26.408+0000] {processor.py:179} INFO - Processing /home/airflow/.local/lib/python3.8/site-packages/airflow/example_dags/tutorial_taskflow_api.py took 0.107 seconds
