[2023-09-01T02:15:43.958+0000] {processor.py:157} INFO - Started process (PID=73142) to work on /home/airflow/.local/lib/python3.8/site-packages/airflow/example_dags/tutorial.py
[2023-09-01T02:15:43.959+0000] {processor.py:829} INFO - Processing file /home/airflow/.local/lib/python3.8/site-packages/airflow/example_dags/tutorial.py for tasks to queue
[2023-09-01T02:15:43.961+0000] {logging_mixin.py:151} INFO - [2023-09-01T02:15:43.960+0000] {dagbag.py:539} INFO - Filling up the DagBag from /home/airflow/.local/lib/python3.8/site-packages/airflow/example_dags/tutorial.py
[2023-09-01T02:15:43.970+0000] {processor.py:839} INFO - DAG(s) dict_keys(['tutorial']) retrieved from /home/airflow/.local/lib/python3.8/site-packages/airflow/example_dags/tutorial.py
[2023-09-01T02:15:43.997+0000] {logging_mixin.py:151} INFO - [2023-09-01T02:15:43.997+0000] {dag.py:2907} INFO - Sync 1 DAGs
[2023-09-01T02:15:44.021+0000] {logging_mixin.py:151} INFO - [2023-09-01T02:15:44.021+0000] {dag.py:3677} INFO - Setting next_dagrun for tutorial to 2023-08-31T02:15:44.021121+00:00, run_after=2023-09-01T02:15:44.021121+00:00
[2023-09-01T02:15:44.048+0000] {processor.py:179} INFO - Processing /home/airflow/.local/lib/python3.8/site-packages/airflow/example_dags/tutorial.py took 0.095 seconds
[2023-09-01T04:04:36.059+0000] {processor.py:157} INFO - Started process (PID=73187) to work on /home/airflow/.local/lib/python3.8/site-packages/airflow/example_dags/tutorial.py
[2023-09-01T04:04:36.062+0000] {processor.py:829} INFO - Processing file /home/airflow/.local/lib/python3.8/site-packages/airflow/example_dags/tutorial.py for tasks to queue
[2023-09-01T04:04:36.065+0000] {logging_mixin.py:151} INFO - [2023-09-01T04:04:36.064+0000] {dagbag.py:539} INFO - Filling up the DagBag from /home/airflow/.local/lib/python3.8/site-packages/airflow/example_dags/tutorial.py
[2023-09-01T04:04:36.080+0000] {processor.py:839} INFO - DAG(s) dict_keys(['tutorial']) retrieved from /home/airflow/.local/lib/python3.8/site-packages/airflow/example_dags/tutorial.py
[2023-09-01T04:04:36.127+0000] {logging_mixin.py:151} INFO - [2023-09-01T04:04:36.127+0000] {dag.py:2907} INFO - Sync 1 DAGs
[2023-09-01T04:04:36.184+0000] {logging_mixin.py:151} INFO - [2023-09-01T04:04:36.184+0000] {dag.py:3677} INFO - Setting next_dagrun for tutorial to 2023-08-31T04:04:36.184100+00:00, run_after=2023-09-01T04:04:36.184100+00:00
[2023-09-01T04:04:36.209+0000] {processor.py:179} INFO - Processing /home/airflow/.local/lib/python3.8/site-packages/airflow/example_dags/tutorial.py took 0.156 seconds
[2023-09-01T04:05:08.658+0000] {processor.py:157} INFO - Started process (PID=73242) to work on /home/airflow/.local/lib/python3.8/site-packages/airflow/example_dags/tutorial.py
[2023-09-01T04:05:08.664+0000] {processor.py:829} INFO - Processing file /home/airflow/.local/lib/python3.8/site-packages/airflow/example_dags/tutorial.py for tasks to queue
[2023-09-01T04:05:08.670+0000] {logging_mixin.py:151} INFO - [2023-09-01T04:05:08.668+0000] {dagbag.py:539} INFO - Filling up the DagBag from /home/airflow/.local/lib/python3.8/site-packages/airflow/example_dags/tutorial.py
[2023-09-01T04:05:08.714+0000] {processor.py:839} INFO - DAG(s) dict_keys(['tutorial']) retrieved from /home/airflow/.local/lib/python3.8/site-packages/airflow/example_dags/tutorial.py
[2023-09-01T04:05:08.831+0000] {logging_mixin.py:151} INFO - [2023-09-01T04:05:08.830+0000] {dag.py:2907} INFO - Sync 1 DAGs
[2023-09-01T04:05:08.953+0000] {logging_mixin.py:151} INFO - [2023-09-01T04:05:08.952+0000] {dag.py:3677} INFO - Setting next_dagrun for tutorial to 2023-08-31T04:05:08.950937+00:00, run_after=2023-09-01T04:05:08.950937+00:00
[2023-09-01T04:05:09.052+0000] {processor.py:179} INFO - Processing /home/airflow/.local/lib/python3.8/site-packages/airflow/example_dags/tutorial.py took 0.415 seconds
[2023-09-01T04:05:45.847+0000] {processor.py:157} INFO - Started process (PID=73297) to work on /home/airflow/.local/lib/python3.8/site-packages/airflow/example_dags/tutorial.py
[2023-09-01T04:05:45.849+0000] {processor.py:829} INFO - Processing file /home/airflow/.local/lib/python3.8/site-packages/airflow/example_dags/tutorial.py for tasks to queue
[2023-09-01T04:05:45.851+0000] {logging_mixin.py:151} INFO - [2023-09-01T04:05:45.851+0000] {dagbag.py:539} INFO - Filling up the DagBag from /home/airflow/.local/lib/python3.8/site-packages/airflow/example_dags/tutorial.py
[2023-09-01T04:05:45.860+0000] {processor.py:839} INFO - DAG(s) dict_keys(['tutorial']) retrieved from /home/airflow/.local/lib/python3.8/site-packages/airflow/example_dags/tutorial.py
[2023-09-01T04:05:45.887+0000] {logging_mixin.py:151} INFO - [2023-09-01T04:05:45.887+0000] {dag.py:2907} INFO - Sync 1 DAGs
[2023-09-01T04:05:45.915+0000] {logging_mixin.py:151} INFO - [2023-09-01T04:05:45.915+0000] {dag.py:3677} INFO - Setting next_dagrun for tutorial to 2023-08-31T04:05:45.914994+00:00, run_after=2023-09-01T04:05:45.914994+00:00
[2023-09-01T04:05:45.937+0000] {processor.py:179} INFO - Processing /home/airflow/.local/lib/python3.8/site-packages/airflow/example_dags/tutorial.py took 0.094 seconds
[2023-09-01T10:29:10.081+0000] {processor.py:157} INFO - Started process (PID=73345) to work on /home/airflow/.local/lib/python3.8/site-packages/airflow/example_dags/tutorial.py
[2023-09-01T10:29:10.083+0000] {processor.py:829} INFO - Processing file /home/airflow/.local/lib/python3.8/site-packages/airflow/example_dags/tutorial.py for tasks to queue
[2023-09-01T10:29:10.084+0000] {logging_mixin.py:151} INFO - [2023-09-01T10:29:10.084+0000] {dagbag.py:539} INFO - Filling up the DagBag from /home/airflow/.local/lib/python3.8/site-packages/airflow/example_dags/tutorial.py
[2023-09-01T10:29:10.093+0000] {processor.py:839} INFO - DAG(s) dict_keys(['tutorial']) retrieved from /home/airflow/.local/lib/python3.8/site-packages/airflow/example_dags/tutorial.py
[2023-09-01T10:29:10.119+0000] {logging_mixin.py:151} INFO - [2023-09-01T10:29:10.119+0000] {dag.py:2907} INFO - Sync 1 DAGs
[2023-09-01T10:29:10.148+0000] {logging_mixin.py:151} INFO - [2023-09-01T10:29:10.147+0000] {dag.py:3677} INFO - Setting next_dagrun for tutorial to 2023-08-31T10:29:10.147096+00:00, run_after=2023-09-01T10:29:10.147096+00:00
[2023-09-01T10:29:10.184+0000] {processor.py:179} INFO - Processing /home/airflow/.local/lib/python3.8/site-packages/airflow/example_dags/tutorial.py took 0.107 seconds
[2023-09-01T16:39:31.635+0000] {processor.py:157} INFO - Started process (PID=73401) to work on /home/airflow/.local/lib/python3.8/site-packages/airflow/example_dags/tutorial.py
[2023-09-01T16:39:31.637+0000] {processor.py:829} INFO - Processing file /home/airflow/.local/lib/python3.8/site-packages/airflow/example_dags/tutorial.py for tasks to queue
[2023-09-01T16:39:31.638+0000] {logging_mixin.py:151} INFO - [2023-09-01T16:39:31.638+0000] {dagbag.py:539} INFO - Filling up the DagBag from /home/airflow/.local/lib/python3.8/site-packages/airflow/example_dags/tutorial.py
[2023-09-01T16:39:31.649+0000] {processor.py:839} INFO - DAG(s) dict_keys(['tutorial']) retrieved from /home/airflow/.local/lib/python3.8/site-packages/airflow/example_dags/tutorial.py
[2023-09-01T16:39:31.681+0000] {logging_mixin.py:151} INFO - [2023-09-01T16:39:31.680+0000] {dag.py:2907} INFO - Sync 1 DAGs
[2023-09-01T16:39:31.711+0000] {logging_mixin.py:151} INFO - [2023-09-01T16:39:31.710+0000] {dag.py:3677} INFO - Setting next_dagrun for tutorial to 2023-08-31T16:39:31.710381+00:00, run_after=2023-09-01T16:39:31.710381+00:00
[2023-09-01T16:39:31.740+0000] {processor.py:179} INFO - Processing /home/airflow/.local/lib/python3.8/site-packages/airflow/example_dags/tutorial.py took 0.110 seconds
[2023-09-01T16:40:02.047+0000] {processor.py:157} INFO - Started process (PID=73456) to work on /home/airflow/.local/lib/python3.8/site-packages/airflow/example_dags/tutorial.py
[2023-09-01T16:40:02.048+0000] {processor.py:829} INFO - Processing file /home/airflow/.local/lib/python3.8/site-packages/airflow/example_dags/tutorial.py for tasks to queue
[2023-09-01T16:40:02.049+0000] {logging_mixin.py:151} INFO - [2023-09-01T16:40:02.049+0000] {dagbag.py:539} INFO - Filling up the DagBag from /home/airflow/.local/lib/python3.8/site-packages/airflow/example_dags/tutorial.py
[2023-09-01T16:40:02.059+0000] {processor.py:839} INFO - DAG(s) dict_keys(['tutorial']) retrieved from /home/airflow/.local/lib/python3.8/site-packages/airflow/example_dags/tutorial.py
[2023-09-01T16:40:02.084+0000] {logging_mixin.py:151} INFO - [2023-09-01T16:40:02.084+0000] {dag.py:2907} INFO - Sync 1 DAGs
[2023-09-01T16:40:02.109+0000] {logging_mixin.py:151} INFO - [2023-09-01T16:40:02.109+0000] {dag.py:3677} INFO - Setting next_dagrun for tutorial to 2023-08-31T16:40:02.108954+00:00, run_after=2023-09-01T16:40:02.108954+00:00
[2023-09-01T16:40:02.132+0000] {processor.py:179} INFO - Processing /home/airflow/.local/lib/python3.8/site-packages/airflow/example_dags/tutorial.py took 0.090 seconds
[2023-09-01T16:40:32.203+0000] {processor.py:157} INFO - Started process (PID=73511) to work on /home/airflow/.local/lib/python3.8/site-packages/airflow/example_dags/tutorial.py
[2023-09-01T16:40:32.205+0000] {processor.py:829} INFO - Processing file /home/airflow/.local/lib/python3.8/site-packages/airflow/example_dags/tutorial.py for tasks to queue
[2023-09-01T16:40:32.206+0000] {logging_mixin.py:151} INFO - [2023-09-01T16:40:32.206+0000] {dagbag.py:539} INFO - Filling up the DagBag from /home/airflow/.local/lib/python3.8/site-packages/airflow/example_dags/tutorial.py
[2023-09-01T16:40:32.215+0000] {processor.py:839} INFO - DAG(s) dict_keys(['tutorial']) retrieved from /home/airflow/.local/lib/python3.8/site-packages/airflow/example_dags/tutorial.py
[2023-09-01T16:40:32.242+0000] {logging_mixin.py:151} INFO - [2023-09-01T16:40:32.242+0000] {dag.py:2907} INFO - Sync 1 DAGs
[2023-09-01T16:40:32.266+0000] {logging_mixin.py:151} INFO - [2023-09-01T16:40:32.266+0000] {dag.py:3677} INFO - Setting next_dagrun for tutorial to 2023-08-31T16:40:32.265942+00:00, run_after=2023-09-01T16:40:32.265942+00:00
[2023-09-01T16:40:32.424+0000] {processor.py:179} INFO - Processing /home/airflow/.local/lib/python3.8/site-packages/airflow/example_dags/tutorial.py took 0.225 seconds
[2023-09-01T17:33:17.299+0000] {processor.py:157} INFO - Started process (PID=73540) to work on /home/airflow/.local/lib/python3.8/site-packages/airflow/example_dags/tutorial.py
[2023-09-01T17:33:17.301+0000] {processor.py:829} INFO - Processing file /home/airflow/.local/lib/python3.8/site-packages/airflow/example_dags/tutorial.py for tasks to queue
[2023-09-01T17:33:17.303+0000] {logging_mixin.py:151} INFO - [2023-09-01T17:33:17.302+0000] {dagbag.py:539} INFO - Filling up the DagBag from /home/airflow/.local/lib/python3.8/site-packages/airflow/example_dags/tutorial.py
[2023-09-01T17:33:17.316+0000] {processor.py:839} INFO - DAG(s) dict_keys(['tutorial']) retrieved from /home/airflow/.local/lib/python3.8/site-packages/airflow/example_dags/tutorial.py
[2023-09-01T17:33:17.346+0000] {logging_mixin.py:151} INFO - [2023-09-01T17:33:17.346+0000] {dag.py:2907} INFO - Sync 1 DAGs
[2023-09-01T17:33:17.533+0000] {logging_mixin.py:151} INFO - [2023-09-01T17:33:17.533+0000] {dag.py:3677} INFO - Setting next_dagrun for tutorial to 2023-08-31T17:33:17.533163+00:00, run_after=2023-09-01T17:33:17.533163+00:00
[2023-09-01T17:33:17.558+0000] {processor.py:179} INFO - Processing /home/airflow/.local/lib/python3.8/site-packages/airflow/example_dags/tutorial.py took 0.265 seconds
[2023-09-01T17:55:29.920+0000] {processor.py:157} INFO - Started process (PID=73592) to work on /home/airflow/.local/lib/python3.8/site-packages/airflow/example_dags/tutorial.py
[2023-09-01T17:55:29.922+0000] {processor.py:829} INFO - Processing file /home/airflow/.local/lib/python3.8/site-packages/airflow/example_dags/tutorial.py for tasks to queue
[2023-09-01T17:55:29.924+0000] {logging_mixin.py:151} INFO - [2023-09-01T17:55:29.923+0000] {dagbag.py:539} INFO - Filling up the DagBag from /home/airflow/.local/lib/python3.8/site-packages/airflow/example_dags/tutorial.py
[2023-09-01T17:55:29.941+0000] {processor.py:839} INFO - DAG(s) dict_keys(['tutorial']) retrieved from /home/airflow/.local/lib/python3.8/site-packages/airflow/example_dags/tutorial.py
[2023-09-01T17:55:30.000+0000] {logging_mixin.py:151} INFO - [2023-09-01T17:55:30.000+0000] {dag.py:2907} INFO - Sync 1 DAGs
[2023-09-01T17:55:30.054+0000] {logging_mixin.py:151} INFO - [2023-09-01T17:55:30.054+0000] {dag.py:3677} INFO - Setting next_dagrun for tutorial to 2023-08-31T17:55:30.053993+00:00, run_after=2023-09-01T17:55:30.053993+00:00
[2023-09-01T17:55:30.084+0000] {processor.py:179} INFO - Processing /home/airflow/.local/lib/python3.8/site-packages/airflow/example_dags/tutorial.py took 0.170 seconds
[2023-09-01T18:41:50.929+0000] {processor.py:157} INFO - Started process (PID=73647) to work on /home/airflow/.local/lib/python3.8/site-packages/airflow/example_dags/tutorial.py
[2023-09-01T18:41:50.931+0000] {processor.py:829} INFO - Processing file /home/airflow/.local/lib/python3.8/site-packages/airflow/example_dags/tutorial.py for tasks to queue
[2023-09-01T18:41:50.932+0000] {logging_mixin.py:151} INFO - [2023-09-01T18:41:50.932+0000] {dagbag.py:539} INFO - Filling up the DagBag from /home/airflow/.local/lib/python3.8/site-packages/airflow/example_dags/tutorial.py
[2023-09-01T18:41:50.943+0000] {processor.py:839} INFO - DAG(s) dict_keys(['tutorial']) retrieved from /home/airflow/.local/lib/python3.8/site-packages/airflow/example_dags/tutorial.py
[2023-09-01T18:41:50.970+0000] {logging_mixin.py:151} INFO - [2023-09-01T18:41:50.970+0000] {dag.py:2907} INFO - Sync 1 DAGs
[2023-09-01T18:41:50.996+0000] {logging_mixin.py:151} INFO - [2023-09-01T18:41:50.996+0000] {dag.py:3677} INFO - Setting next_dagrun for tutorial to 2023-08-31T18:41:50.996286+00:00, run_after=2023-09-01T18:41:50.996286+00:00
[2023-09-01T18:41:51.022+0000] {processor.py:179} INFO - Processing /home/airflow/.local/lib/python3.8/site-packages/airflow/example_dags/tutorial.py took 0.100 seconds
[2023-09-01T19:35:57.398+0000] {processor.py:157} INFO - Started process (PID=73702) to work on /home/airflow/.local/lib/python3.8/site-packages/airflow/example_dags/tutorial.py
[2023-09-01T19:35:57.400+0000] {processor.py:829} INFO - Processing file /home/airflow/.local/lib/python3.8/site-packages/airflow/example_dags/tutorial.py for tasks to queue
[2023-09-01T19:35:57.402+0000] {logging_mixin.py:151} INFO - [2023-09-01T19:35:57.401+0000] {dagbag.py:539} INFO - Filling up the DagBag from /home/airflow/.local/lib/python3.8/site-packages/airflow/example_dags/tutorial.py
[2023-09-01T19:35:57.412+0000] {processor.py:839} INFO - DAG(s) dict_keys(['tutorial']) retrieved from /home/airflow/.local/lib/python3.8/site-packages/airflow/example_dags/tutorial.py
[2023-09-01T19:35:57.439+0000] {logging_mixin.py:151} INFO - [2023-09-01T19:35:57.439+0000] {dag.py:2907} INFO - Sync 1 DAGs
[2023-09-01T19:35:57.472+0000] {logging_mixin.py:151} INFO - [2023-09-01T19:35:57.471+0000] {dag.py:3677} INFO - Setting next_dagrun for tutorial to 2023-08-31T19:35:57.471602+00:00, run_after=2023-09-01T19:35:57.471602+00:00
[2023-09-01T19:35:57.498+0000] {processor.py:179} INFO - Processing /home/airflow/.local/lib/python3.8/site-packages/airflow/example_dags/tutorial.py took 0.107 seconds
[2023-09-01T19:40:33.099+0000] {processor.py:157} INFO - Started process (PID=73757) to work on /home/airflow/.local/lib/python3.8/site-packages/airflow/example_dags/tutorial.py
[2023-09-01T19:40:33.101+0000] {processor.py:829} INFO - Processing file /home/airflow/.local/lib/python3.8/site-packages/airflow/example_dags/tutorial.py for tasks to queue
[2023-09-01T19:40:33.102+0000] {logging_mixin.py:151} INFO - [2023-09-01T19:40:33.101+0000] {dagbag.py:539} INFO - Filling up the DagBag from /home/airflow/.local/lib/python3.8/site-packages/airflow/example_dags/tutorial.py
[2023-09-01T19:40:33.111+0000] {processor.py:839} INFO - DAG(s) dict_keys(['tutorial']) retrieved from /home/airflow/.local/lib/python3.8/site-packages/airflow/example_dags/tutorial.py
[2023-09-01T19:40:33.140+0000] {logging_mixin.py:151} INFO - [2023-09-01T19:40:33.140+0000] {dag.py:2907} INFO - Sync 1 DAGs
[2023-09-01T19:40:33.168+0000] {logging_mixin.py:151} INFO - [2023-09-01T19:40:33.168+0000] {dag.py:3677} INFO - Setting next_dagrun for tutorial to 2023-08-31T19:40:33.168185+00:00, run_after=2023-09-01T19:40:33.168185+00:00
[2023-09-01T19:40:33.193+0000] {processor.py:179} INFO - Processing /home/airflow/.local/lib/python3.8/site-packages/airflow/example_dags/tutorial.py took 0.099 seconds
[2023-09-01T19:41:05.746+0000] {processor.py:157} INFO - Started process (PID=73812) to work on /home/airflow/.local/lib/python3.8/site-packages/airflow/example_dags/tutorial.py
[2023-09-01T19:41:05.752+0000] {processor.py:829} INFO - Processing file /home/airflow/.local/lib/python3.8/site-packages/airflow/example_dags/tutorial.py for tasks to queue
[2023-09-01T19:41:05.758+0000] {logging_mixin.py:151} INFO - [2023-09-01T19:41:05.756+0000] {dagbag.py:539} INFO - Filling up the DagBag from /home/airflow/.local/lib/python3.8/site-packages/airflow/example_dags/tutorial.py
[2023-09-01T19:41:05.801+0000] {processor.py:839} INFO - DAG(s) dict_keys(['tutorial']) retrieved from /home/airflow/.local/lib/python3.8/site-packages/airflow/example_dags/tutorial.py
[2023-09-01T19:41:05.919+0000] {logging_mixin.py:151} INFO - [2023-09-01T19:41:05.918+0000] {dag.py:2907} INFO - Sync 1 DAGs
[2023-09-01T19:41:06.034+0000] {logging_mixin.py:151} INFO - [2023-09-01T19:41:06.033+0000] {dag.py:3677} INFO - Setting next_dagrun for tutorial to 2023-08-31T19:41:06.032048+00:00, run_after=2023-09-01T19:41:06.032048+00:00
[2023-09-01T19:41:06.128+0000] {processor.py:179} INFO - Processing /home/airflow/.local/lib/python3.8/site-packages/airflow/example_dags/tutorial.py took 0.403 seconds
[2023-09-01T19:59:26.774+0000] {processor.py:157} INFO - Started process (PID=73865) to work on /home/airflow/.local/lib/python3.8/site-packages/airflow/example_dags/tutorial.py
[2023-09-01T19:59:26.779+0000] {processor.py:829} INFO - Processing file /home/airflow/.local/lib/python3.8/site-packages/airflow/example_dags/tutorial.py for tasks to queue
[2023-09-01T19:59:26.781+0000] {logging_mixin.py:151} INFO - [2023-09-01T19:59:26.781+0000] {dagbag.py:539} INFO - Filling up the DagBag from /home/airflow/.local/lib/python3.8/site-packages/airflow/example_dags/tutorial.py
[2023-09-01T19:59:26.812+0000] {processor.py:839} INFO - DAG(s) dict_keys(['tutorial']) retrieved from /home/airflow/.local/lib/python3.8/site-packages/airflow/example_dags/tutorial.py
[2023-09-01T19:59:26.869+0000] {logging_mixin.py:151} INFO - [2023-09-01T19:59:26.869+0000] {dag.py:2907} INFO - Sync 1 DAGs
[2023-09-01T19:59:26.915+0000] {logging_mixin.py:151} INFO - [2023-09-01T19:59:26.915+0000] {dag.py:3677} INFO - Setting next_dagrun for tutorial to 2023-08-31T19:59:26.914572+00:00, run_after=2023-09-01T19:59:26.914572+00:00
[2023-09-01T19:59:26.947+0000] {processor.py:179} INFO - Processing /home/airflow/.local/lib/python3.8/site-packages/airflow/example_dags/tutorial.py took 0.179 seconds
