[2023-09-01T02:15:45.044+0000] {processor.py:157} INFO - Started process (PID=73155) to work on /home/airflow/.local/lib/python3.8/site-packages/airflow/example_dags/tutorial_taskflow_api_virtualenv.py
[2023-09-01T02:15:45.046+0000] {processor.py:829} INFO - Processing file /home/airflow/.local/lib/python3.8/site-packages/airflow/example_dags/tutorial_taskflow_api_virtualenv.py for tasks to queue
[2023-09-01T02:15:45.047+0000] {logging_mixin.py:151} INFO - [2023-09-01T02:15:45.047+0000] {dagbag.py:539} INFO - Filling up the DagBag from /home/airflow/.local/lib/python3.8/site-packages/airflow/example_dags/tutorial_taskflow_api_virtualenv.py
[2023-09-01T02:15:45.057+0000] {processor.py:839} INFO - DAG(s) dict_keys(['tutorial_taskflow_api_virtualenv']) retrieved from /home/airflow/.local/lib/python3.8/site-packages/airflow/example_dags/tutorial_taskflow_api_virtualenv.py
[2023-09-01T02:15:45.080+0000] {logging_mixin.py:151} INFO - [2023-09-01T02:15:45.080+0000] {dag.py:2907} INFO - Sync 1 DAGs
[2023-09-01T02:15:45.096+0000] {logging_mixin.py:151} INFO - [2023-09-01T02:15:45.096+0000] {dag.py:3677} INFO - Setting next_dagrun for tutorial_taskflow_api_virtualenv to None, run_after=None
[2023-09-01T02:15:45.116+0000] {processor.py:179} INFO - Processing /home/airflow/.local/lib/python3.8/site-packages/airflow/example_dags/tutorial_taskflow_api_virtualenv.py took 0.077 seconds
[2023-09-01T04:04:37.453+0000] {processor.py:157} INFO - Started process (PID=73200) to work on /home/airflow/.local/lib/python3.8/site-packages/airflow/example_dags/tutorial_taskflow_api_virtualenv.py
[2023-09-01T04:04:37.455+0000] {processor.py:829} INFO - Processing file /home/airflow/.local/lib/python3.8/site-packages/airflow/example_dags/tutorial_taskflow_api_virtualenv.py for tasks to queue
[2023-09-01T04:04:37.456+0000] {logging_mixin.py:151} INFO - [2023-09-01T04:04:37.456+0000] {dagbag.py:539} INFO - Filling up the DagBag from /home/airflow/.local/lib/python3.8/site-packages/airflow/example_dags/tutorial_taskflow_api_virtualenv.py
[2023-09-01T04:04:37.467+0000] {processor.py:839} INFO - DAG(s) dict_keys(['tutorial_taskflow_api_virtualenv']) retrieved from /home/airflow/.local/lib/python3.8/site-packages/airflow/example_dags/tutorial_taskflow_api_virtualenv.py
[2023-09-01T04:04:37.498+0000] {logging_mixin.py:151} INFO - [2023-09-01T04:04:37.498+0000] {dag.py:2907} INFO - Sync 1 DAGs
[2023-09-01T04:04:37.516+0000] {logging_mixin.py:151} INFO - [2023-09-01T04:04:37.515+0000] {dag.py:3677} INFO - Setting next_dagrun for tutorial_taskflow_api_virtualenv to None, run_after=None
[2023-09-01T04:04:37.542+0000] {processor.py:179} INFO - Processing /home/airflow/.local/lib/python3.8/site-packages/airflow/example_dags/tutorial_taskflow_api_virtualenv.py took 0.095 seconds
[2023-09-01T04:05:12.518+0000] {processor.py:157} INFO - Started process (PID=73255) to work on /home/airflow/.local/lib/python3.8/site-packages/airflow/example_dags/tutorial_taskflow_api_virtualenv.py
[2023-09-01T04:05:12.525+0000] {processor.py:829} INFO - Processing file /home/airflow/.local/lib/python3.8/site-packages/airflow/example_dags/tutorial_taskflow_api_virtualenv.py for tasks to queue
[2023-09-01T04:05:12.531+0000] {logging_mixin.py:151} INFO - [2023-09-01T04:05:12.529+0000] {dagbag.py:539} INFO - Filling up the DagBag from /home/airflow/.local/lib/python3.8/site-packages/airflow/example_dags/tutorial_taskflow_api_virtualenv.py
[2023-09-01T04:05:12.571+0000] {processor.py:839} INFO - DAG(s) dict_keys(['tutorial_taskflow_api_virtualenv']) retrieved from /home/airflow/.local/lib/python3.8/site-packages/airflow/example_dags/tutorial_taskflow_api_virtualenv.py
[2023-09-01T04:05:12.687+0000] {logging_mixin.py:151} INFO - [2023-09-01T04:05:12.687+0000] {dag.py:2907} INFO - Sync 1 DAGs
[2023-09-01T04:05:12.760+0000] {logging_mixin.py:151} INFO - [2023-09-01T04:05:12.759+0000] {dag.py:3677} INFO - Setting next_dagrun for tutorial_taskflow_api_virtualenv to None, run_after=None
[2023-09-01T04:05:12.853+0000] {processor.py:179} INFO - Processing /home/airflow/.local/lib/python3.8/site-packages/airflow/example_dags/tutorial_taskflow_api_virtualenv.py took 0.357 seconds
[2023-09-01T04:05:47.000+0000] {processor.py:157} INFO - Started process (PID=73310) to work on /home/airflow/.local/lib/python3.8/site-packages/airflow/example_dags/tutorial_taskflow_api_virtualenv.py
[2023-09-01T04:05:47.002+0000] {processor.py:829} INFO - Processing file /home/airflow/.local/lib/python3.8/site-packages/airflow/example_dags/tutorial_taskflow_api_virtualenv.py for tasks to queue
[2023-09-01T04:05:47.003+0000] {logging_mixin.py:151} INFO - [2023-09-01T04:05:47.003+0000] {dagbag.py:539} INFO - Filling up the DagBag from /home/airflow/.local/lib/python3.8/site-packages/airflow/example_dags/tutorial_taskflow_api_virtualenv.py
[2023-09-01T04:05:47.012+0000] {processor.py:839} INFO - DAG(s) dict_keys(['tutorial_taskflow_api_virtualenv']) retrieved from /home/airflow/.local/lib/python3.8/site-packages/airflow/example_dags/tutorial_taskflow_api_virtualenv.py
[2023-09-01T04:05:47.039+0000] {logging_mixin.py:151} INFO - [2023-09-01T04:05:47.038+0000] {dag.py:2907} INFO - Sync 1 DAGs
[2023-09-01T04:05:47.055+0000] {logging_mixin.py:151} INFO - [2023-09-01T04:05:47.055+0000] {dag.py:3677} INFO - Setting next_dagrun for tutorial_taskflow_api_virtualenv to None, run_after=None
[2023-09-01T04:05:47.076+0000] {processor.py:179} INFO - Processing /home/airflow/.local/lib/python3.8/site-packages/airflow/example_dags/tutorial_taskflow_api_virtualenv.py took 0.081 seconds
[2023-09-01T10:29:11.554+0000] {processor.py:157} INFO - Started process (PID=73358) to work on /home/airflow/.local/lib/python3.8/site-packages/airflow/example_dags/tutorial_taskflow_api_virtualenv.py
[2023-09-01T10:29:11.556+0000] {processor.py:829} INFO - Processing file /home/airflow/.local/lib/python3.8/site-packages/airflow/example_dags/tutorial_taskflow_api_virtualenv.py for tasks to queue
[2023-09-01T10:29:11.558+0000] {logging_mixin.py:151} INFO - [2023-09-01T10:29:11.557+0000] {dagbag.py:539} INFO - Filling up the DagBag from /home/airflow/.local/lib/python3.8/site-packages/airflow/example_dags/tutorial_taskflow_api_virtualenv.py
[2023-09-01T10:29:11.568+0000] {processor.py:839} INFO - DAG(s) dict_keys(['tutorial_taskflow_api_virtualenv']) retrieved from /home/airflow/.local/lib/python3.8/site-packages/airflow/example_dags/tutorial_taskflow_api_virtualenv.py
[2023-09-01T10:29:11.597+0000] {logging_mixin.py:151} INFO - [2023-09-01T10:29:11.597+0000] {dag.py:2907} INFO - Sync 1 DAGs
[2023-09-01T10:29:11.615+0000] {logging_mixin.py:151} INFO - [2023-09-01T10:29:11.615+0000] {dag.py:3677} INFO - Setting next_dagrun for tutorial_taskflow_api_virtualenv to None, run_after=None
[2023-09-01T10:29:11.641+0000] {processor.py:179} INFO - Processing /home/airflow/.local/lib/python3.8/site-packages/airflow/example_dags/tutorial_taskflow_api_virtualenv.py took 0.092 seconds
[2023-09-01T16:39:32.968+0000] {processor.py:157} INFO - Started process (PID=73414) to work on /home/airflow/.local/lib/python3.8/site-packages/airflow/example_dags/tutorial_taskflow_api_virtualenv.py
[2023-09-01T16:39:32.970+0000] {processor.py:829} INFO - Processing file /home/airflow/.local/lib/python3.8/site-packages/airflow/example_dags/tutorial_taskflow_api_virtualenv.py for tasks to queue
[2023-09-01T16:39:32.972+0000] {logging_mixin.py:151} INFO - [2023-09-01T16:39:32.971+0000] {dagbag.py:539} INFO - Filling up the DagBag from /home/airflow/.local/lib/python3.8/site-packages/airflow/example_dags/tutorial_taskflow_api_virtualenv.py
[2023-09-01T16:39:32.982+0000] {processor.py:839} INFO - DAG(s) dict_keys(['tutorial_taskflow_api_virtualenv']) retrieved from /home/airflow/.local/lib/python3.8/site-packages/airflow/example_dags/tutorial_taskflow_api_virtualenv.py
[2023-09-01T16:39:33.010+0000] {logging_mixin.py:151} INFO - [2023-09-01T16:39:33.009+0000] {dag.py:2907} INFO - Sync 1 DAGs
[2023-09-01T16:39:33.027+0000] {logging_mixin.py:151} INFO - [2023-09-01T16:39:33.026+0000] {dag.py:3677} INFO - Setting next_dagrun for tutorial_taskflow_api_virtualenv to None, run_after=None
[2023-09-01T16:39:33.049+0000] {processor.py:179} INFO - Processing /home/airflow/.local/lib/python3.8/site-packages/airflow/example_dags/tutorial_taskflow_api_virtualenv.py took 0.086 seconds
[2023-09-01T16:40:03.955+0000] {processor.py:157} INFO - Started process (PID=73469) to work on /home/airflow/.local/lib/python3.8/site-packages/airflow/example_dags/tutorial_taskflow_api_virtualenv.py
[2023-09-01T16:40:03.957+0000] {processor.py:829} INFO - Processing file /home/airflow/.local/lib/python3.8/site-packages/airflow/example_dags/tutorial_taskflow_api_virtualenv.py for tasks to queue
[2023-09-01T16:40:03.958+0000] {logging_mixin.py:151} INFO - [2023-09-01T16:40:03.958+0000] {dagbag.py:539} INFO - Filling up the DagBag from /home/airflow/.local/lib/python3.8/site-packages/airflow/example_dags/tutorial_taskflow_api_virtualenv.py
[2023-09-01T16:40:03.967+0000] {processor.py:839} INFO - DAG(s) dict_keys(['tutorial_taskflow_api_virtualenv']) retrieved from /home/airflow/.local/lib/python3.8/site-packages/airflow/example_dags/tutorial_taskflow_api_virtualenv.py
[2023-09-01T16:40:03.992+0000] {logging_mixin.py:151} INFO - [2023-09-01T16:40:03.992+0000] {dag.py:2907} INFO - Sync 1 DAGs
[2023-09-01T16:40:04.008+0000] {logging_mixin.py:151} INFO - [2023-09-01T16:40:04.008+0000] {dag.py:3677} INFO - Setting next_dagrun for tutorial_taskflow_api_virtualenv to None, run_after=None
[2023-09-01T16:40:04.029+0000] {processor.py:179} INFO - Processing /home/airflow/.local/lib/python3.8/site-packages/airflow/example_dags/tutorial_taskflow_api_virtualenv.py took 0.079 seconds
[2023-09-01T17:33:15.586+0000] {processor.py:157} INFO - Started process (PID=73530) to work on /home/airflow/.local/lib/python3.8/site-packages/airflow/example_dags/tutorial_taskflow_api_virtualenv.py
[2023-09-01T17:33:15.587+0000] {processor.py:829} INFO - Processing file /home/airflow/.local/lib/python3.8/site-packages/airflow/example_dags/tutorial_taskflow_api_virtualenv.py for tasks to queue
[2023-09-01T17:33:15.589+0000] {logging_mixin.py:151} INFO - [2023-09-01T17:33:15.588+0000] {dagbag.py:539} INFO - Filling up the DagBag from /home/airflow/.local/lib/python3.8/site-packages/airflow/example_dags/tutorial_taskflow_api_virtualenv.py
[2023-09-01T17:33:15.598+0000] {processor.py:839} INFO - DAG(s) dict_keys(['tutorial_taskflow_api_virtualenv']) retrieved from /home/airflow/.local/lib/python3.8/site-packages/airflow/example_dags/tutorial_taskflow_api_virtualenv.py
[2023-09-01T17:33:15.626+0000] {logging_mixin.py:151} INFO - [2023-09-01T17:33:15.625+0000] {dag.py:2907} INFO - Sync 1 DAGs
[2023-09-01T17:33:15.646+0000] {logging_mixin.py:151} INFO - [2023-09-01T17:33:15.646+0000] {dag.py:3677} INFO - Setting next_dagrun for tutorial_taskflow_api_virtualenv to None, run_after=None
[2023-09-01T17:33:15.855+0000] {processor.py:179} INFO - Processing /home/airflow/.local/lib/python3.8/site-packages/airflow/example_dags/tutorial_taskflow_api_virtualenv.py took 0.279 seconds
[2023-09-01T17:55:31.176+0000] {processor.py:157} INFO - Started process (PID=73605) to work on /home/airflow/.local/lib/python3.8/site-packages/airflow/example_dags/tutorial_taskflow_api_virtualenv.py
[2023-09-01T17:55:31.178+0000] {processor.py:829} INFO - Processing file /home/airflow/.local/lib/python3.8/site-packages/airflow/example_dags/tutorial_taskflow_api_virtualenv.py for tasks to queue
[2023-09-01T17:55:31.179+0000] {logging_mixin.py:151} INFO - [2023-09-01T17:55:31.179+0000] {dagbag.py:539} INFO - Filling up the DagBag from /home/airflow/.local/lib/python3.8/site-packages/airflow/example_dags/tutorial_taskflow_api_virtualenv.py
[2023-09-01T17:55:31.189+0000] {processor.py:839} INFO - DAG(s) dict_keys(['tutorial_taskflow_api_virtualenv']) retrieved from /home/airflow/.local/lib/python3.8/site-packages/airflow/example_dags/tutorial_taskflow_api_virtualenv.py
[2023-09-01T17:55:31.216+0000] {logging_mixin.py:151} INFO - [2023-09-01T17:55:31.216+0000] {dag.py:2907} INFO - Sync 1 DAGs
[2023-09-01T17:55:31.232+0000] {logging_mixin.py:151} INFO - [2023-09-01T17:55:31.232+0000] {dag.py:3677} INFO - Setting next_dagrun for tutorial_taskflow_api_virtualenv to None, run_after=None
[2023-09-01T17:55:31.254+0000] {processor.py:179} INFO - Processing /home/airflow/.local/lib/python3.8/site-packages/airflow/example_dags/tutorial_taskflow_api_virtualenv.py took 0.083 seconds
[2023-09-01T18:41:52.342+0000] {processor.py:157} INFO - Started process (PID=73660) to work on /home/airflow/.local/lib/python3.8/site-packages/airflow/example_dags/tutorial_taskflow_api_virtualenv.py
[2023-09-01T18:41:52.344+0000] {processor.py:829} INFO - Processing file /home/airflow/.local/lib/python3.8/site-packages/airflow/example_dags/tutorial_taskflow_api_virtualenv.py for tasks to queue
[2023-09-01T18:41:52.345+0000] {logging_mixin.py:151} INFO - [2023-09-01T18:41:52.345+0000] {dagbag.py:539} INFO - Filling up the DagBag from /home/airflow/.local/lib/python3.8/site-packages/airflow/example_dags/tutorial_taskflow_api_virtualenv.py
[2023-09-01T18:41:52.354+0000] {processor.py:839} INFO - DAG(s) dict_keys(['tutorial_taskflow_api_virtualenv']) retrieved from /home/airflow/.local/lib/python3.8/site-packages/airflow/example_dags/tutorial_taskflow_api_virtualenv.py
[2023-09-01T18:41:52.382+0000] {logging_mixin.py:151} INFO - [2023-09-01T18:41:52.381+0000] {dag.py:2907} INFO - Sync 1 DAGs
[2023-09-01T18:41:52.398+0000] {logging_mixin.py:151} INFO - [2023-09-01T18:41:52.397+0000] {dag.py:3677} INFO - Setting next_dagrun for tutorial_taskflow_api_virtualenv to None, run_after=None
[2023-09-01T18:41:52.420+0000] {processor.py:179} INFO - Processing /home/airflow/.local/lib/python3.8/site-packages/airflow/example_dags/tutorial_taskflow_api_virtualenv.py took 0.083 seconds
[2023-09-01T19:35:58.419+0000] {processor.py:157} INFO - Started process (PID=73715) to work on /home/airflow/.local/lib/python3.8/site-packages/airflow/example_dags/tutorial_taskflow_api_virtualenv.py
[2023-09-01T19:35:58.421+0000] {processor.py:829} INFO - Processing file /home/airflow/.local/lib/python3.8/site-packages/airflow/example_dags/tutorial_taskflow_api_virtualenv.py for tasks to queue
[2023-09-01T19:35:58.422+0000] {logging_mixin.py:151} INFO - [2023-09-01T19:35:58.422+0000] {dagbag.py:539} INFO - Filling up the DagBag from /home/airflow/.local/lib/python3.8/site-packages/airflow/example_dags/tutorial_taskflow_api_virtualenv.py
[2023-09-01T19:35:58.432+0000] {processor.py:839} INFO - DAG(s) dict_keys(['tutorial_taskflow_api_virtualenv']) retrieved from /home/airflow/.local/lib/python3.8/site-packages/airflow/example_dags/tutorial_taskflow_api_virtualenv.py
[2023-09-01T19:35:58.460+0000] {logging_mixin.py:151} INFO - [2023-09-01T19:35:58.460+0000] {dag.py:2907} INFO - Sync 1 DAGs
[2023-09-01T19:35:58.476+0000] {logging_mixin.py:151} INFO - [2023-09-01T19:35:58.476+0000] {dag.py:3677} INFO - Setting next_dagrun for tutorial_taskflow_api_virtualenv to None, run_after=None
[2023-09-01T19:35:58.500+0000] {processor.py:179} INFO - Processing /home/airflow/.local/lib/python3.8/site-packages/airflow/example_dags/tutorial_taskflow_api_virtualenv.py took 0.086 seconds
[2023-09-01T19:40:34.093+0000] {processor.py:157} INFO - Started process (PID=73770) to work on /home/airflow/.local/lib/python3.8/site-packages/airflow/example_dags/tutorial_taskflow_api_virtualenv.py
[2023-09-01T19:40:34.095+0000] {processor.py:829} INFO - Processing file /home/airflow/.local/lib/python3.8/site-packages/airflow/example_dags/tutorial_taskflow_api_virtualenv.py for tasks to queue
[2023-09-01T19:40:34.096+0000] {logging_mixin.py:151} INFO - [2023-09-01T19:40:34.096+0000] {dagbag.py:539} INFO - Filling up the DagBag from /home/airflow/.local/lib/python3.8/site-packages/airflow/example_dags/tutorial_taskflow_api_virtualenv.py
[2023-09-01T19:40:34.105+0000] {processor.py:839} INFO - DAG(s) dict_keys(['tutorial_taskflow_api_virtualenv']) retrieved from /home/airflow/.local/lib/python3.8/site-packages/airflow/example_dags/tutorial_taskflow_api_virtualenv.py
[2023-09-01T19:40:34.132+0000] {logging_mixin.py:151} INFO - [2023-09-01T19:40:34.132+0000] {dag.py:2907} INFO - Sync 1 DAGs
[2023-09-01T19:40:34.148+0000] {logging_mixin.py:151} INFO - [2023-09-01T19:40:34.148+0000] {dag.py:3677} INFO - Setting next_dagrun for tutorial_taskflow_api_virtualenv to None, run_after=None
[2023-09-01T19:40:34.170+0000] {processor.py:179} INFO - Processing /home/airflow/.local/lib/python3.8/site-packages/airflow/example_dags/tutorial_taskflow_api_virtualenv.py took 0.082 seconds
[2023-09-01T19:41:23.732+0000] {processor.py:157} INFO - Started process (PID=73825) to work on /home/airflow/.local/lib/python3.8/site-packages/airflow/example_dags/tutorial_taskflow_api_virtualenv.py
[2023-09-01T19:41:23.738+0000] {processor.py:829} INFO - Processing file /home/airflow/.local/lib/python3.8/site-packages/airflow/example_dags/tutorial_taskflow_api_virtualenv.py for tasks to queue
[2023-09-01T19:41:23.741+0000] {logging_mixin.py:151} INFO - [2023-09-01T19:41:23.740+0000] {dagbag.py:539} INFO - Filling up the DagBag from /home/airflow/.local/lib/python3.8/site-packages/airflow/example_dags/tutorial_taskflow_api_virtualenv.py
[2023-09-01T19:41:23.768+0000] {processor.py:839} INFO - DAG(s) dict_keys(['tutorial_taskflow_api_virtualenv']) retrieved from /home/airflow/.local/lib/python3.8/site-packages/airflow/example_dags/tutorial_taskflow_api_virtualenv.py
[2023-09-01T19:41:23.801+0000] {logging_mixin.py:151} INFO - [2023-09-01T19:41:23.801+0000] {dag.py:2907} INFO - Sync 1 DAGs
[2023-09-01T19:41:23.821+0000] {logging_mixin.py:151} INFO - [2023-09-01T19:41:23.821+0000] {dag.py:3677} INFO - Setting next_dagrun for tutorial_taskflow_api_virtualenv to None, run_after=None
[2023-09-01T19:41:23.853+0000] {processor.py:179} INFO - Processing /home/airflow/.local/lib/python3.8/site-packages/airflow/example_dags/tutorial_taskflow_api_virtualenv.py took 0.130 seconds
[2023-09-01T19:59:28.007+0000] {processor.py:157} INFO - Started process (PID=73880) to work on /home/airflow/.local/lib/python3.8/site-packages/airflow/example_dags/tutorial_taskflow_api_virtualenv.py
[2023-09-01T19:59:28.009+0000] {processor.py:829} INFO - Processing file /home/airflow/.local/lib/python3.8/site-packages/airflow/example_dags/tutorial_taskflow_api_virtualenv.py for tasks to queue
[2023-09-01T19:59:28.010+0000] {logging_mixin.py:151} INFO - [2023-09-01T19:59:28.010+0000] {dagbag.py:539} INFO - Filling up the DagBag from /home/airflow/.local/lib/python3.8/site-packages/airflow/example_dags/tutorial_taskflow_api_virtualenv.py
[2023-09-01T19:59:28.019+0000] {processor.py:839} INFO - DAG(s) dict_keys(['tutorial_taskflow_api_virtualenv']) retrieved from /home/airflow/.local/lib/python3.8/site-packages/airflow/example_dags/tutorial_taskflow_api_virtualenv.py
[2023-09-01T19:59:28.045+0000] {logging_mixin.py:151} INFO - [2023-09-01T19:59:28.045+0000] {dag.py:2907} INFO - Sync 1 DAGs
[2023-09-01T19:59:28.061+0000] {logging_mixin.py:151} INFO - [2023-09-01T19:59:28.061+0000] {dag.py:3677} INFO - Setting next_dagrun for tutorial_taskflow_api_virtualenv to None, run_after=None
[2023-09-01T19:59:28.082+0000] {processor.py:179} INFO - Processing /home/airflow/.local/lib/python3.8/site-packages/airflow/example_dags/tutorial_taskflow_api_virtualenv.py took 0.080 seconds
