[2023-09-01T02:15:45.709+0000] {processor.py:157} INFO - Started process (PID=73166) to work on /home/airflow/.local/lib/python3.8/site-packages/airflow/example_dags/tutorial_dag.py
[2023-09-01T02:15:45.711+0000] {processor.py:829} INFO - Processing file /home/airflow/.local/lib/python3.8/site-packages/airflow/example_dags/tutorial_dag.py for tasks to queue
[2023-09-01T02:15:45.712+0000] {logging_mixin.py:151} INFO - [2023-09-01T02:15:45.711+0000] {dagbag.py:539} INFO - Filling up the DagBag from /home/airflow/.local/lib/python3.8/site-packages/airflow/example_dags/tutorial_dag.py
[2023-09-01T02:15:45.717+0000] {processor.py:839} INFO - DAG(s) dict_keys(['tutorial_dag']) retrieved from /home/airflow/.local/lib/python3.8/site-packages/airflow/example_dags/tutorial_dag.py
[2023-09-01T02:15:45.741+0000] {logging_mixin.py:151} INFO - [2023-09-01T02:15:45.741+0000] {dag.py:2907} INFO - Sync 1 DAGs
[2023-09-01T02:15:45.755+0000] {logging_mixin.py:151} INFO - [2023-09-01T02:15:45.755+0000] {dag.py:3677} INFO - Setting next_dagrun for tutorial_dag to None, run_after=None
[2023-09-01T02:15:45.773+0000] {processor.py:179} INFO - Processing /home/airflow/.local/lib/python3.8/site-packages/airflow/example_dags/tutorial_dag.py took 0.067 seconds
[2023-09-01T04:04:38.536+0000] {processor.py:157} INFO - Started process (PID=73211) to work on /home/airflow/.local/lib/python3.8/site-packages/airflow/example_dags/tutorial_dag.py
[2023-09-01T04:04:38.537+0000] {processor.py:829} INFO - Processing file /home/airflow/.local/lib/python3.8/site-packages/airflow/example_dags/tutorial_dag.py for tasks to queue
[2023-09-01T04:04:38.538+0000] {logging_mixin.py:151} INFO - [2023-09-01T04:04:38.538+0000] {dagbag.py:539} INFO - Filling up the DagBag from /home/airflow/.local/lib/python3.8/site-packages/airflow/example_dags/tutorial_dag.py
[2023-09-01T04:04:38.545+0000] {processor.py:839} INFO - DAG(s) dict_keys(['tutorial_dag']) retrieved from /home/airflow/.local/lib/python3.8/site-packages/airflow/example_dags/tutorial_dag.py
[2023-09-01T04:04:38.571+0000] {logging_mixin.py:151} INFO - [2023-09-01T04:04:38.570+0000] {dag.py:2907} INFO - Sync 1 DAGs
[2023-09-01T04:04:38.587+0000] {logging_mixin.py:151} INFO - [2023-09-01T04:04:38.586+0000] {dag.py:3677} INFO - Setting next_dagrun for tutorial_dag to None, run_after=None
[2023-09-01T04:04:38.609+0000] {processor.py:179} INFO - Processing /home/airflow/.local/lib/python3.8/site-packages/airflow/example_dags/tutorial_dag.py took 0.078 seconds
[2023-09-01T04:05:16.770+0000] {processor.py:157} INFO - Started process (PID=73266) to work on /home/airflow/.local/lib/python3.8/site-packages/airflow/example_dags/tutorial_dag.py
[2023-09-01T04:05:16.776+0000] {processor.py:829} INFO - Processing file /home/airflow/.local/lib/python3.8/site-packages/airflow/example_dags/tutorial_dag.py for tasks to queue
[2023-09-01T04:05:16.782+0000] {logging_mixin.py:151} INFO - [2023-09-01T04:05:16.781+0000] {dagbag.py:539} INFO - Filling up the DagBag from /home/airflow/.local/lib/python3.8/site-packages/airflow/example_dags/tutorial_dag.py
[2023-09-01T04:05:16.815+0000] {processor.py:839} INFO - DAG(s) dict_keys(['tutorial_dag']) retrieved from /home/airflow/.local/lib/python3.8/site-packages/airflow/example_dags/tutorial_dag.py
[2023-09-01T04:05:16.932+0000] {logging_mixin.py:151} INFO - [2023-09-01T04:05:16.931+0000] {dag.py:2907} INFO - Sync 1 DAGs
[2023-09-01T04:05:17.004+0000] {logging_mixin.py:151} INFO - [2023-09-01T04:05:17.003+0000] {dag.py:3677} INFO - Setting next_dagrun for tutorial_dag to None, run_after=None
[2023-09-01T04:05:17.097+0000] {processor.py:179} INFO - Processing /home/airflow/.local/lib/python3.8/site-packages/airflow/example_dags/tutorial_dag.py took 0.358 seconds
[2023-09-01T04:05:47.930+0000] {processor.py:157} INFO - Started process (PID=73321) to work on /home/airflow/.local/lib/python3.8/site-packages/airflow/example_dags/tutorial_dag.py
[2023-09-01T04:05:47.932+0000] {processor.py:829} INFO - Processing file /home/airflow/.local/lib/python3.8/site-packages/airflow/example_dags/tutorial_dag.py for tasks to queue
[2023-09-01T04:05:47.934+0000] {logging_mixin.py:151} INFO - [2023-09-01T04:05:47.933+0000] {dagbag.py:539} INFO - Filling up the DagBag from /home/airflow/.local/lib/python3.8/site-packages/airflow/example_dags/tutorial_dag.py
[2023-09-01T04:05:47.942+0000] {processor.py:839} INFO - DAG(s) dict_keys(['tutorial_dag']) retrieved from /home/airflow/.local/lib/python3.8/site-packages/airflow/example_dags/tutorial_dag.py
[2023-09-01T04:05:47.975+0000] {logging_mixin.py:151} INFO - [2023-09-01T04:05:47.975+0000] {dag.py:2907} INFO - Sync 1 DAGs
[2023-09-01T04:05:47.994+0000] {logging_mixin.py:151} INFO - [2023-09-01T04:05:47.994+0000] {dag.py:3677} INFO - Setting next_dagrun for tutorial_dag to None, run_after=None
[2023-09-01T04:05:48.020+0000] {processor.py:179} INFO - Processing /home/airflow/.local/lib/python3.8/site-packages/airflow/example_dags/tutorial_dag.py took 0.095 seconds
[2023-09-01T10:29:12.880+0000] {processor.py:157} INFO - Started process (PID=73369) to work on /home/airflow/.local/lib/python3.8/site-packages/airflow/example_dags/tutorial_dag.py
[2023-09-01T10:29:12.881+0000] {processor.py:829} INFO - Processing file /home/airflow/.local/lib/python3.8/site-packages/airflow/example_dags/tutorial_dag.py for tasks to queue
[2023-09-01T10:29:12.883+0000] {logging_mixin.py:151} INFO - [2023-09-01T10:29:12.882+0000] {dagbag.py:539} INFO - Filling up the DagBag from /home/airflow/.local/lib/python3.8/site-packages/airflow/example_dags/tutorial_dag.py
[2023-09-01T10:29:12.890+0000] {processor.py:839} INFO - DAG(s) dict_keys(['tutorial_dag']) retrieved from /home/airflow/.local/lib/python3.8/site-packages/airflow/example_dags/tutorial_dag.py
[2023-09-01T10:29:12.921+0000] {logging_mixin.py:151} INFO - [2023-09-01T10:29:12.921+0000] {dag.py:2907} INFO - Sync 1 DAGs
[2023-09-01T10:29:12.940+0000] {logging_mixin.py:151} INFO - [2023-09-01T10:29:12.939+0000] {dag.py:3677} INFO - Setting next_dagrun for tutorial_dag to None, run_after=None
[2023-09-01T10:29:13.105+0000] {processor.py:179} INFO - Processing /home/airflow/.local/lib/python3.8/site-packages/airflow/example_dags/tutorial_dag.py took 0.231 seconds
[2023-09-01T16:39:33.681+0000] {processor.py:157} INFO - Started process (PID=73425) to work on /home/airflow/.local/lib/python3.8/site-packages/airflow/example_dags/tutorial_dag.py
[2023-09-01T16:39:33.683+0000] {processor.py:829} INFO - Processing file /home/airflow/.local/lib/python3.8/site-packages/airflow/example_dags/tutorial_dag.py for tasks to queue
[2023-09-01T16:39:33.685+0000] {logging_mixin.py:151} INFO - [2023-09-01T16:39:33.684+0000] {dagbag.py:539} INFO - Filling up the DagBag from /home/airflow/.local/lib/python3.8/site-packages/airflow/example_dags/tutorial_dag.py
[2023-09-01T16:39:33.691+0000] {processor.py:839} INFO - DAG(s) dict_keys(['tutorial_dag']) retrieved from /home/airflow/.local/lib/python3.8/site-packages/airflow/example_dags/tutorial_dag.py
[2023-09-01T16:39:33.719+0000] {logging_mixin.py:151} INFO - [2023-09-01T16:39:33.719+0000] {dag.py:2907} INFO - Sync 1 DAGs
[2023-09-01T16:39:33.736+0000] {logging_mixin.py:151} INFO - [2023-09-01T16:39:33.736+0000] {dag.py:3677} INFO - Setting next_dagrun for tutorial_dag to None, run_after=None
[2023-09-01T16:39:33.758+0000] {processor.py:179} INFO - Processing /home/airflow/.local/lib/python3.8/site-packages/airflow/example_dags/tutorial_dag.py took 0.081 seconds
[2023-09-01T16:40:04.707+0000] {processor.py:157} INFO - Started process (PID=73480) to work on /home/airflow/.local/lib/python3.8/site-packages/airflow/example_dags/tutorial_dag.py
[2023-09-01T16:40:04.709+0000] {processor.py:829} INFO - Processing file /home/airflow/.local/lib/python3.8/site-packages/airflow/example_dags/tutorial_dag.py for tasks to queue
[2023-09-01T16:40:04.710+0000] {logging_mixin.py:151} INFO - [2023-09-01T16:40:04.710+0000] {dagbag.py:539} INFO - Filling up the DagBag from /home/airflow/.local/lib/python3.8/site-packages/airflow/example_dags/tutorial_dag.py
[2023-09-01T16:40:04.717+0000] {processor.py:839} INFO - DAG(s) dict_keys(['tutorial_dag']) retrieved from /home/airflow/.local/lib/python3.8/site-packages/airflow/example_dags/tutorial_dag.py
[2023-09-01T16:40:04.744+0000] {logging_mixin.py:151} INFO - [2023-09-01T16:40:04.743+0000] {dag.py:2907} INFO - Sync 1 DAGs
[2023-09-01T16:40:04.760+0000] {logging_mixin.py:151} INFO - [2023-09-01T16:40:04.760+0000] {dag.py:3677} INFO - Setting next_dagrun for tutorial_dag to None, run_after=None
[2023-09-01T16:40:04.781+0000] {processor.py:179} INFO - Processing /home/airflow/.local/lib/python3.8/site-packages/airflow/example_dags/tutorial_dag.py took 0.078 seconds
[2023-09-01T17:33:20.582+0000] {processor.py:157} INFO - Started process (PID=73561) to work on /home/airflow/.local/lib/python3.8/site-packages/airflow/example_dags/tutorial_dag.py
[2023-09-01T17:33:20.583+0000] {processor.py:829} INFO - Processing file /home/airflow/.local/lib/python3.8/site-packages/airflow/example_dags/tutorial_dag.py for tasks to queue
[2023-09-01T17:33:20.585+0000] {logging_mixin.py:151} INFO - [2023-09-01T17:33:20.584+0000] {dagbag.py:539} INFO - Filling up the DagBag from /home/airflow/.local/lib/python3.8/site-packages/airflow/example_dags/tutorial_dag.py
[2023-09-01T17:33:20.592+0000] {processor.py:839} INFO - DAG(s) dict_keys(['tutorial_dag']) retrieved from /home/airflow/.local/lib/python3.8/site-packages/airflow/example_dags/tutorial_dag.py
[2023-09-01T17:33:20.619+0000] {logging_mixin.py:151} INFO - [2023-09-01T17:33:20.619+0000] {dag.py:2907} INFO - Sync 1 DAGs
[2023-09-01T17:33:20.634+0000] {logging_mixin.py:151} INFO - [2023-09-01T17:33:20.634+0000] {dag.py:3677} INFO - Setting next_dagrun for tutorial_dag to None, run_after=None
[2023-09-01T17:33:20.655+0000] {processor.py:179} INFO - Processing /home/airflow/.local/lib/python3.8/site-packages/airflow/example_dags/tutorial_dag.py took 0.077 seconds
[2023-09-01T17:55:32.121+0000] {processor.py:157} INFO - Started process (PID=73616) to work on /home/airflow/.local/lib/python3.8/site-packages/airflow/example_dags/tutorial_dag.py
[2023-09-01T17:55:32.123+0000] {processor.py:829} INFO - Processing file /home/airflow/.local/lib/python3.8/site-packages/airflow/example_dags/tutorial_dag.py for tasks to queue
[2023-09-01T17:55:32.124+0000] {logging_mixin.py:151} INFO - [2023-09-01T17:55:32.124+0000] {dagbag.py:539} INFO - Filling up the DagBag from /home/airflow/.local/lib/python3.8/site-packages/airflow/example_dags/tutorial_dag.py
[2023-09-01T17:55:32.131+0000] {processor.py:839} INFO - DAG(s) dict_keys(['tutorial_dag']) retrieved from /home/airflow/.local/lib/python3.8/site-packages/airflow/example_dags/tutorial_dag.py
[2023-09-01T17:55:32.157+0000] {logging_mixin.py:151} INFO - [2023-09-01T17:55:32.157+0000] {dag.py:2907} INFO - Sync 1 DAGs
[2023-09-01T17:55:32.173+0000] {logging_mixin.py:151} INFO - [2023-09-01T17:55:32.173+0000] {dag.py:3677} INFO - Setting next_dagrun for tutorial_dag to None, run_after=None
[2023-09-01T17:55:32.195+0000] {processor.py:179} INFO - Processing /home/airflow/.local/lib/python3.8/site-packages/airflow/example_dags/tutorial_dag.py took 0.078 seconds
[2023-09-01T18:41:53.065+0000] {processor.py:157} INFO - Started process (PID=73671) to work on /home/airflow/.local/lib/python3.8/site-packages/airflow/example_dags/tutorial_dag.py
[2023-09-01T18:41:53.067+0000] {processor.py:829} INFO - Processing file /home/airflow/.local/lib/python3.8/site-packages/airflow/example_dags/tutorial_dag.py for tasks to queue
[2023-09-01T18:41:53.068+0000] {logging_mixin.py:151} INFO - [2023-09-01T18:41:53.068+0000] {dagbag.py:539} INFO - Filling up the DagBag from /home/airflow/.local/lib/python3.8/site-packages/airflow/example_dags/tutorial_dag.py
[2023-09-01T18:41:53.075+0000] {processor.py:839} INFO - DAG(s) dict_keys(['tutorial_dag']) retrieved from /home/airflow/.local/lib/python3.8/site-packages/airflow/example_dags/tutorial_dag.py
[2023-09-01T18:41:53.101+0000] {logging_mixin.py:151} INFO - [2023-09-01T18:41:53.101+0000] {dag.py:2907} INFO - Sync 1 DAGs
[2023-09-01T18:41:53.117+0000] {logging_mixin.py:151} INFO - [2023-09-01T18:41:53.117+0000] {dag.py:3677} INFO - Setting next_dagrun for tutorial_dag to None, run_after=None
[2023-09-01T18:41:53.139+0000] {processor.py:179} INFO - Processing /home/airflow/.local/lib/python3.8/site-packages/airflow/example_dags/tutorial_dag.py took 0.078 seconds
[2023-09-01T19:35:59.233+0000] {processor.py:157} INFO - Started process (PID=73726) to work on /home/airflow/.local/lib/python3.8/site-packages/airflow/example_dags/tutorial_dag.py
[2023-09-01T19:35:59.235+0000] {processor.py:829} INFO - Processing file /home/airflow/.local/lib/python3.8/site-packages/airflow/example_dags/tutorial_dag.py for tasks to queue
[2023-09-01T19:35:59.236+0000] {logging_mixin.py:151} INFO - [2023-09-01T19:35:59.236+0000] {dagbag.py:539} INFO - Filling up the DagBag from /home/airflow/.local/lib/python3.8/site-packages/airflow/example_dags/tutorial_dag.py
[2023-09-01T19:35:59.243+0000] {processor.py:839} INFO - DAG(s) dict_keys(['tutorial_dag']) retrieved from /home/airflow/.local/lib/python3.8/site-packages/airflow/example_dags/tutorial_dag.py
[2023-09-01T19:35:59.273+0000] {logging_mixin.py:151} INFO - [2023-09-01T19:35:59.272+0000] {dag.py:2907} INFO - Sync 1 DAGs
[2023-09-01T19:35:59.289+0000] {logging_mixin.py:151} INFO - [2023-09-01T19:35:59.288+0000] {dag.py:3677} INFO - Setting next_dagrun for tutorial_dag to None, run_after=None
[2023-09-01T19:35:59.312+0000] {processor.py:179} INFO - Processing /home/airflow/.local/lib/python3.8/site-packages/airflow/example_dags/tutorial_dag.py took 0.083 seconds
[2023-09-01T19:40:35.034+0000] {processor.py:157} INFO - Started process (PID=73781) to work on /home/airflow/.local/lib/python3.8/site-packages/airflow/example_dags/tutorial_dag.py
[2023-09-01T19:40:35.036+0000] {processor.py:829} INFO - Processing file /home/airflow/.local/lib/python3.8/site-packages/airflow/example_dags/tutorial_dag.py for tasks to queue
[2023-09-01T19:40:35.037+0000] {logging_mixin.py:151} INFO - [2023-09-01T19:40:35.037+0000] {dagbag.py:539} INFO - Filling up the DagBag from /home/airflow/.local/lib/python3.8/site-packages/airflow/example_dags/tutorial_dag.py
[2023-09-01T19:40:35.043+0000] {processor.py:839} INFO - DAG(s) dict_keys(['tutorial_dag']) retrieved from /home/airflow/.local/lib/python3.8/site-packages/airflow/example_dags/tutorial_dag.py
[2023-09-01T19:40:35.070+0000] {logging_mixin.py:151} INFO - [2023-09-01T19:40:35.070+0000] {dag.py:2907} INFO - Sync 1 DAGs
[2023-09-01T19:40:35.086+0000] {logging_mixin.py:151} INFO - [2023-09-01T19:40:35.085+0000] {dag.py:3677} INFO - Setting next_dagrun for tutorial_dag to None, run_after=None
[2023-09-01T19:40:35.108+0000] {processor.py:179} INFO - Processing /home/airflow/.local/lib/python3.8/site-packages/airflow/example_dags/tutorial_dag.py took 0.079 seconds
[2023-09-01T19:41:25.087+0000] {processor.py:157} INFO - Started process (PID=73836) to work on /home/airflow/.local/lib/python3.8/site-packages/airflow/example_dags/tutorial_dag.py
[2023-09-01T19:41:25.089+0000] {processor.py:829} INFO - Processing file /home/airflow/.local/lib/python3.8/site-packages/airflow/example_dags/tutorial_dag.py for tasks to queue
[2023-09-01T19:41:25.091+0000] {logging_mixin.py:151} INFO - [2023-09-01T19:41:25.091+0000] {dagbag.py:539} INFO - Filling up the DagBag from /home/airflow/.local/lib/python3.8/site-packages/airflow/example_dags/tutorial_dag.py
[2023-09-01T19:41:25.099+0000] {processor.py:839} INFO - DAG(s) dict_keys(['tutorial_dag']) retrieved from /home/airflow/.local/lib/python3.8/site-packages/airflow/example_dags/tutorial_dag.py
[2023-09-01T19:41:25.144+0000] {logging_mixin.py:151} INFO - [2023-09-01T19:41:25.143+0000] {dag.py:2907} INFO - Sync 1 DAGs
[2023-09-01T19:41:25.166+0000] {logging_mixin.py:151} INFO - [2023-09-01T19:41:25.165+0000] {dag.py:3677} INFO - Setting next_dagrun for tutorial_dag to None, run_after=None
[2023-09-01T19:41:25.201+0000] {processor.py:179} INFO - Processing /home/airflow/.local/lib/python3.8/site-packages/airflow/example_dags/tutorial_dag.py took 0.121 seconds
[2023-09-01T19:59:28.822+0000] {processor.py:157} INFO - Started process (PID=73891) to work on /home/airflow/.local/lib/python3.8/site-packages/airflow/example_dags/tutorial_dag.py
[2023-09-01T19:59:28.823+0000] {processor.py:829} INFO - Processing file /home/airflow/.local/lib/python3.8/site-packages/airflow/example_dags/tutorial_dag.py for tasks to queue
[2023-09-01T19:59:28.826+0000] {logging_mixin.py:151} INFO - [2023-09-01T19:59:28.825+0000] {dagbag.py:539} INFO - Filling up the DagBag from /home/airflow/.local/lib/python3.8/site-packages/airflow/example_dags/tutorial_dag.py
[2023-09-01T19:59:28.832+0000] {processor.py:839} INFO - DAG(s) dict_keys(['tutorial_dag']) retrieved from /home/airflow/.local/lib/python3.8/site-packages/airflow/example_dags/tutorial_dag.py
[2023-09-01T19:59:28.859+0000] {logging_mixin.py:151} INFO - [2023-09-01T19:59:28.859+0000] {dag.py:2907} INFO - Sync 1 DAGs
[2023-09-01T19:59:28.876+0000] {logging_mixin.py:151} INFO - [2023-09-01T19:59:28.876+0000] {dag.py:3677} INFO - Setting next_dagrun for tutorial_dag to None, run_after=None
[2023-09-01T19:59:28.897+0000] {processor.py:179} INFO - Processing /home/airflow/.local/lib/python3.8/site-packages/airflow/example_dags/tutorial_dag.py took 0.080 seconds
