[2023-08-29T00:43:44.625+0000] {taskinstance.py:1159} INFO - Dependencies all met for dep_context=non-requeueable deps ti=<TaskInstance: crypto_data_download.create_table_task manual__2023-08-29T00:43:42.973454+00:00 [queued]>
[2023-08-29T00:43:44.635+0000] {taskinstance.py:1159} INFO - Dependencies all met for dep_context=requeueable deps ti=<TaskInstance: crypto_data_download.create_table_task manual__2023-08-29T00:43:42.973454+00:00 [queued]>
[2023-08-29T00:43:44.636+0000] {taskinstance.py:1361} INFO - Starting attempt 1 of 2
[2023-08-29T00:43:44.652+0000] {taskinstance.py:1382} INFO - Executing <Task(PythonOperator): create_table_task> on 2023-08-29 00:43:42.973454+00:00
[2023-08-29T00:43:44.658+0000] {standard_task_runner.py:57} INFO - Started process 507 to run task
[2023-08-29T00:43:44.663+0000] {standard_task_runner.py:84} INFO - Running: ['***', 'tasks', 'run', 'crypto_data_download', 'create_table_task', 'manual__2023-08-29T00:43:42.973454+00:00', '--job-id', '113', '--raw', '--subdir', 'DAGS_FOLDER/coin_data_dag.py', '--cfg-path', '/tmp/tmpjkrzmw5d']
[2023-08-29T00:43:44.668+0000] {standard_task_runner.py:85} INFO - Job 113: Subtask create_table_task
[2023-08-29T00:43:44.727+0000] {task_command.py:415} INFO - Running <TaskInstance: crypto_data_download.create_table_task manual__2023-08-29T00:43:42.973454+00:00 [running]> on host 6c9aee5df47e
[2023-08-29T00:43:44.814+0000] {taskinstance.py:1660} INFO - Exporting env vars: AIRFLOW_CTX_DAG_OWNER='NicoB' AIRFLOW_CTX_DAG_ID='crypto_data_download' AIRFLOW_CTX_TASK_ID='create_table_task' AIRFLOW_CTX_EXECUTION_DATE='2023-08-29T00:43:42.973454+00:00' AIRFLOW_CTX_TRY_NUMBER='1' AIRFLOW_CTX_DAG_RUN_ID='manual__2023-08-29T00:43:42.973454+00:00'
[2023-08-29T00:43:44.825+0000] {base.py:73} INFO - Using connection ID 'postgres_connection' for task execution.
[2023-08-29T00:43:44.830+0000] {sql.py:418} INFO - Running statement: 
    CREATE TABLE IF NOT EXISTS coin_data (
        coin VARCHAR NOT NULL, 
        date DATE NOT NULL, 
        price FLOAT, 
        json JSON, 
        PRIMARY KEY (coin, date)
    );
    , parameters: None
[2023-08-29T00:43:44.832+0000] {python.py:194} INFO - Done. Returned value was: None
[2023-08-29T00:43:44.843+0000] {taskinstance.py:1400} INFO - Marking task as SUCCESS. dag_id=crypto_data_download, task_id=create_table_task, execution_date=20230829T004342, start_date=20230829T004344, end_date=20230829T004344
[2023-08-29T00:43:44.875+0000] {local_task_job_runner.py:228} INFO - Task exited with return code 0
[2023-08-29T00:43:44.900+0000] {taskinstance.py:2784} INFO - 1 downstream tasks scheduled from follow-on schedule check
