[2023-09-05T03:34:27.895+0000] {taskinstance.py:1159} INFO - Dependencies all met for dep_context=non-requeueable deps ti=<TaskInstance: crypto_data_download.create_table_task scheduled__2023-09-04T03:34:25.946681+00:00 [queued]>
[2023-09-05T03:34:27.904+0000] {taskinstance.py:1159} INFO - Dependencies all met for dep_context=requeueable deps ti=<TaskInstance: crypto_data_download.create_table_task scheduled__2023-09-04T03:34:25.946681+00:00 [queued]>
[2023-09-05T03:34:27.904+0000] {taskinstance.py:1361} INFO - Starting attempt 1 of 2
[2023-09-05T03:34:27.918+0000] {taskinstance.py:1382} INFO - Executing <Task(PythonOperator): create_table_task> on 2023-09-04 03:34:25.946681+00:00
[2023-09-05T03:34:27.925+0000] {standard_task_runner.py:57} INFO - Started process 22245 to run task
[2023-09-05T03:34:27.929+0000] {standard_task_runner.py:84} INFO - Running: ['***', 'tasks', 'run', 'crypto_data_download', 'create_table_task', 'scheduled__2023-09-04T03:34:25.946681+00:00', '--job-id', '180', '--raw', '--subdir', 'DAGS_FOLDER/coin_data_dag.py', '--cfg-path', '/tmp/tmpxfsn502p']
[2023-09-05T03:34:27.933+0000] {standard_task_runner.py:85} INFO - Job 180: Subtask create_table_task
[2023-09-05T03:34:27.993+0000] {task_command.py:415} INFO - Running <TaskInstance: crypto_data_download.create_table_task scheduled__2023-09-04T03:34:25.946681+00:00 [running]> on host 6c9aee5df47e
[2023-09-05T03:34:28.090+0000] {taskinstance.py:1660} INFO - Exporting env vars: AIRFLOW_CTX_DAG_OWNER='NicoB' AIRFLOW_CTX_DAG_ID='crypto_data_download' AIRFLOW_CTX_TASK_ID='create_table_task' AIRFLOW_CTX_EXECUTION_DATE='2023-09-04T03:34:25.946681+00:00' AIRFLOW_CTX_TRY_NUMBER='1' AIRFLOW_CTX_DAG_RUN_ID='scheduled__2023-09-04T03:34:25.946681+00:00'
[2023-09-05T03:34:28.102+0000] {base.py:73} INFO - Using connection ID 'postgres_connection' for task execution.
[2023-09-05T03:34:28.107+0000] {sql.py:418} INFO - Running statement: 
    CREATE TABLE IF NOT EXISTS coin_data(
        coin_id VARCHAR NOT NULL,
        date DATE NOT NULL,
        price_usd FLOAT,
        json_response JSON
    );
    , parameters: None
[2023-09-05T03:34:28.109+0000] {python.py:194} INFO - Done. Returned value was: None
[2023-09-05T03:34:28.119+0000] {taskinstance.py:1400} INFO - Marking task as SUCCESS. dag_id=crypto_data_download, task_id=create_table_task, execution_date=20230904T033425, start_date=20230905T033427, end_date=20230905T033428
[2023-09-05T03:34:28.142+0000] {local_task_job_runner.py:228} INFO - Task exited with return code 0
[2023-09-05T03:34:28.165+0000] {taskinstance.py:2784} INFO - 1 downstream tasks scheduled from follow-on schedule check
