[2023-08-28T22:26:29.150+0000] {taskinstance.py:1159} INFO - Dependencies all met for dep_context=non-requeueable deps ti=<TaskInstance: crypto_data_download.download_crypto_data_task manual__2023-08-28T22:25:39.784767+00:00 [queued]>
[2023-08-28T22:26:29.159+0000] {taskinstance.py:1159} INFO - Dependencies all met for dep_context=requeueable deps ti=<TaskInstance: crypto_data_download.download_crypto_data_task manual__2023-08-28T22:25:39.784767+00:00 [queued]>
[2023-08-28T22:26:29.160+0000] {taskinstance.py:1361} INFO - Starting attempt 2 of 3
[2023-08-28T22:26:29.176+0000] {taskinstance.py:1382} INFO - Executing <Task(PythonOperator): download_crypto_data_task> on 2023-08-28 22:25:39.784767+00:00
[2023-08-28T22:26:29.182+0000] {standard_task_runner.py:57} INFO - Started process 117 to run task
[2023-08-28T22:26:29.188+0000] {standard_task_runner.py:84} INFO - Running: ['***', 'tasks', 'run', 'crypto_data_download', 'download_crypto_data_task', 'manual__2023-08-28T22:25:39.784767+00:00', '--job-id', '77', '--raw', '--subdir', 'DAGS_FOLDER/coin_data_dag.py', '--cfg-path', '/tmp/tmp79fjc9n4']
[2023-08-28T22:26:29.193+0000] {standard_task_runner.py:85} INFO - Job 77: Subtask download_crypto_data_task
[2023-08-28T22:26:29.277+0000] {task_command.py:415} INFO - Running <TaskInstance: crypto_data_download.download_crypto_data_task manual__2023-08-28T22:25:39.784767+00:00 [running]> on host c7c637d36acf
[2023-08-28T22:26:29.391+0000] {taskinstance.py:1660} INFO - Exporting env vars: AIRFLOW_CTX_DAG_OWNER='your_name' AIRFLOW_CTX_DAG_ID='crypto_data_download' AIRFLOW_CTX_TASK_ID='download_crypto_data_task' AIRFLOW_CTX_EXECUTION_DATE='2023-08-28T22:25:39.784767+00:00' AIRFLOW_CTX_TRY_NUMBER='2' AIRFLOW_CTX_DAG_RUN_ID='manual__2023-08-28T22:25:39.784767+00:00'
[2023-08-28T22:26:29.630+0000] {logging_mixin.py:151} INFO - https://api.coingecko.com/api/v3/coins/bitcoin/history?date=01-08-2023
[2023-08-28T22:26:29.632+0000] {logging_mixin.py:151} INFO - Data for 01-08-2023 downloaded and saved to crypto_data_01-08-2023.json!
[2023-08-28T22:26:29.963+0000] {logging_mixin.py:151} INFO - https://api.coingecko.com/api/v3/coins/bitcoin/history?date=02-08-2023
[2023-08-28T22:26:29.965+0000] {logging_mixin.py:151} INFO - Data for 02-08-2023 downloaded and saved to crypto_data_02-08-2023.json!
[2023-08-28T22:26:30.834+0000] {logging_mixin.py:151} INFO - https://api.coingecko.com/api/v3/coins/bitcoin/history?date=03-08-2023
[2023-08-28T22:26:30.836+0000] {logging_mixin.py:151} INFO - Data for 03-08-2023 downloaded and saved to crypto_data_03-08-2023.json!
[2023-08-28T22:26:31.152+0000] {logging_mixin.py:151} INFO - https://api.coingecko.com/api/v3/coins/bitcoin/history?date=04-08-2023
[2023-08-28T22:26:31.153+0000] {logging_mixin.py:151} INFO - Data for 04-08-2023 downloaded and saved to crypto_data_04-08-2023.json!
[2023-08-28T22:26:31.444+0000] {logging_mixin.py:151} INFO - https://api.coingecko.com/api/v3/coins/bitcoin/history?date=05-08-2023
[2023-08-28T22:26:31.446+0000] {logging_mixin.py:151} INFO - Data for 05-08-2023 downloaded and saved to crypto_data_05-08-2023.json!
[2023-08-28T22:26:31.770+0000] {logging_mixin.py:151} INFO - https://api.coingecko.com/api/v3/coins/bitcoin/history?date=06-08-2023
[2023-08-28T22:26:31.795+0000] {logging_mixin.py:151} INFO - Data for 06-08-2023 downloaded and saved to crypto_data_06-08-2023.json!
[2023-08-28T22:26:32.176+0000] {logging_mixin.py:151} INFO - https://api.coingecko.com/api/v3/coins/bitcoin/history?date=07-08-2023
[2023-08-28T22:26:32.178+0000] {logging_mixin.py:151} INFO - Data for 07-08-2023 downloaded and saved to crypto_data_07-08-2023.json!
[2023-08-28T22:26:32.537+0000] {logging_mixin.py:151} INFO - https://api.coingecko.com/api/v3/coins/bitcoin/history?date=08-08-2023
[2023-08-28T22:26:32.539+0000] {logging_mixin.py:151} INFO - Data for 08-08-2023 downloaded and saved to crypto_data_08-08-2023.json!
[2023-08-28T22:26:33.311+0000] {logging_mixin.py:151} INFO - https://api.coingecko.com/api/v3/coins/bitcoin/history?date=09-08-2023
[2023-08-28T22:26:33.312+0000] {logging_mixin.py:151} INFO - Data for 09-08-2023 downloaded and saved to crypto_data_09-08-2023.json!
[2023-08-28T22:26:33.718+0000] {logging_mixin.py:151} INFO - https://api.coingecko.com/api/v3/coins/bitcoin/history?date=10-08-2023
[2023-08-28T22:26:33.720+0000] {logging_mixin.py:151} INFO - Data for 10-08-2023 downloaded and saved to crypto_data_10-08-2023.json!
[2023-08-28T22:26:33.723+0000] {python.py:194} INFO - Done. Returned value was: None
[2023-08-28T22:26:33.738+0000] {taskinstance.py:1400} INFO - Marking task as SUCCESS. dag_id=crypto_data_download, task_id=download_crypto_data_task, execution_date=20230828T222539, start_date=20230828T222629, end_date=20230828T222633
[2023-08-28T22:26:33.807+0000] {local_task_job_runner.py:228} INFO - Task exited with return code 0
[2023-08-28T22:26:33.840+0000] {taskinstance.py:2784} INFO - 0 downstream tasks scheduled from follow-on schedule check
