[2023-08-31T00:06:04.904+0000] {processor.py:157} INFO - Started process (PID=72756) to work on /home/airflow/.local/lib/python3.8/site-packages/airflow/example_dags/example_latest_only.py
[2023-08-31T00:06:04.906+0000] {processor.py:829} INFO - Processing file /home/airflow/.local/lib/python3.8/site-packages/airflow/example_dags/example_latest_only.py for tasks to queue
[2023-08-31T00:06:04.908+0000] {logging_mixin.py:151} INFO - [2023-08-31T00:06:04.907+0000] {dagbag.py:539} INFO - Filling up the DagBag from /home/airflow/.local/lib/python3.8/site-packages/airflow/example_dags/example_latest_only.py
[2023-08-31T00:06:04.917+0000] {processor.py:839} INFO - DAG(s) dict_keys(['latest_only']) retrieved from /home/airflow/.local/lib/python3.8/site-packages/airflow/example_dags/example_latest_only.py
[2023-08-31T00:06:04.944+0000] {logging_mixin.py:151} INFO - [2023-08-31T00:06:04.943+0000] {dag.py:2907} INFO - Sync 1 DAGs
[2023-08-31T00:06:04.970+0000] {logging_mixin.py:151} INFO - [2023-08-31T00:06:04.970+0000] {dag.py:3677} INFO - Setting next_dagrun for latest_only to 2023-08-30T20:06:04.970181+00:00, run_after=2023-08-31T00:06:04.970181+00:00
[2023-08-31T00:06:04.992+0000] {processor.py:179} INFO - Processing /home/airflow/.local/lib/python3.8/site-packages/airflow/example_dags/example_latest_only.py took 0.093 seconds
[2023-08-31T01:36:31.711+0000] {processor.py:157} INFO - Started process (PID=72811) to work on /home/airflow/.local/lib/python3.8/site-packages/airflow/example_dags/example_latest_only.py
[2023-08-31T01:36:31.712+0000] {processor.py:829} INFO - Processing file /home/airflow/.local/lib/python3.8/site-packages/airflow/example_dags/example_latest_only.py for tasks to queue
[2023-08-31T01:36:31.714+0000] {logging_mixin.py:151} INFO - [2023-08-31T01:36:31.713+0000] {dagbag.py:539} INFO - Filling up the DagBag from /home/airflow/.local/lib/python3.8/site-packages/airflow/example_dags/example_latest_only.py
[2023-08-31T01:36:31.722+0000] {processor.py:839} INFO - DAG(s) dict_keys(['latest_only']) retrieved from /home/airflow/.local/lib/python3.8/site-packages/airflow/example_dags/example_latest_only.py
[2023-08-31T01:36:31.747+0000] {logging_mixin.py:151} INFO - [2023-08-31T01:36:31.746+0000] {dag.py:2907} INFO - Sync 1 DAGs
[2023-08-31T01:36:31.771+0000] {logging_mixin.py:151} INFO - [2023-08-31T01:36:31.771+0000] {dag.py:3677} INFO - Setting next_dagrun for latest_only to 2023-08-30T21:36:31.770700+00:00, run_after=2023-08-31T01:36:31.770700+00:00
[2023-08-31T01:36:31.792+0000] {processor.py:179} INFO - Processing /home/airflow/.local/lib/python3.8/site-packages/airflow/example_dags/example_latest_only.py took 0.085 seconds
[2023-08-31T04:06:15.553+0000] {processor.py:157} INFO - Started process (PID=72866) to work on /home/airflow/.local/lib/python3.8/site-packages/airflow/example_dags/example_latest_only.py
[2023-08-31T04:06:15.554+0000] {processor.py:829} INFO - Processing file /home/airflow/.local/lib/python3.8/site-packages/airflow/example_dags/example_latest_only.py for tasks to queue
[2023-08-31T04:06:15.556+0000] {logging_mixin.py:151} INFO - [2023-08-31T04:06:15.555+0000] {dagbag.py:539} INFO - Filling up the DagBag from /home/airflow/.local/lib/python3.8/site-packages/airflow/example_dags/example_latest_only.py
[2023-08-31T04:06:15.564+0000] {processor.py:839} INFO - DAG(s) dict_keys(['latest_only']) retrieved from /home/airflow/.local/lib/python3.8/site-packages/airflow/example_dags/example_latest_only.py
[2023-08-31T04:06:15.591+0000] {logging_mixin.py:151} INFO - [2023-08-31T04:06:15.591+0000] {dag.py:2907} INFO - Sync 1 DAGs
[2023-08-31T04:06:15.618+0000] {logging_mixin.py:151} INFO - [2023-08-31T04:06:15.618+0000] {dag.py:3677} INFO - Setting next_dagrun for latest_only to 2023-08-31T00:06:15.617922+00:00, run_after=2023-08-31T04:06:15.617922+00:00
[2023-08-31T04:06:15.641+0000] {processor.py:179} INFO - Processing /home/airflow/.local/lib/python3.8/site-packages/airflow/example_dags/example_latest_only.py took 0.092 seconds
[2023-08-31T09:48:42.744+0000] {processor.py:157} INFO - Started process (PID=72943) to work on /home/airflow/.local/lib/python3.8/site-packages/airflow/example_dags/example_latest_only.py
[2023-08-31T09:48:42.746+0000] {processor.py:829} INFO - Processing file /home/airflow/.local/lib/python3.8/site-packages/airflow/example_dags/example_latest_only.py for tasks to queue
[2023-08-31T09:48:42.747+0000] {logging_mixin.py:151} INFO - [2023-08-31T09:48:42.747+0000] {dagbag.py:539} INFO - Filling up the DagBag from /home/airflow/.local/lib/python3.8/site-packages/airflow/example_dags/example_latest_only.py
[2023-08-31T09:48:42.756+0000] {processor.py:839} INFO - DAG(s) dict_keys(['latest_only']) retrieved from /home/airflow/.local/lib/python3.8/site-packages/airflow/example_dags/example_latest_only.py
[2023-08-31T09:48:42.781+0000] {logging_mixin.py:151} INFO - [2023-08-31T09:48:42.781+0000] {dag.py:2907} INFO - Sync 1 DAGs
[2023-08-31T09:48:42.805+0000] {logging_mixin.py:151} INFO - [2023-08-31T09:48:42.805+0000] {dag.py:3677} INFO - Setting next_dagrun for latest_only to 2023-08-31T05:48:42.805302+00:00, run_after=2023-08-31T09:48:42.805302+00:00
[2023-08-31T09:48:42.827+0000] {processor.py:179} INFO - Processing /home/airflow/.local/lib/python3.8/site-packages/airflow/example_dags/example_latest_only.py took 0.087 seconds
[2023-08-31T15:39:07.453+0000] {processor.py:157} INFO - Started process (PID=72998) to work on /home/airflow/.local/lib/python3.8/site-packages/airflow/example_dags/example_latest_only.py
[2023-08-31T15:39:07.455+0000] {processor.py:829} INFO - Processing file /home/airflow/.local/lib/python3.8/site-packages/airflow/example_dags/example_latest_only.py for tasks to queue
[2023-08-31T15:39:07.456+0000] {logging_mixin.py:151} INFO - [2023-08-31T15:39:07.456+0000] {dagbag.py:539} INFO - Filling up the DagBag from /home/airflow/.local/lib/python3.8/site-packages/airflow/example_dags/example_latest_only.py
[2023-08-31T15:39:07.466+0000] {processor.py:839} INFO - DAG(s) dict_keys(['latest_only']) retrieved from /home/airflow/.local/lib/python3.8/site-packages/airflow/example_dags/example_latest_only.py
[2023-08-31T15:39:07.497+0000] {logging_mixin.py:151} INFO - [2023-08-31T15:39:07.497+0000] {dag.py:2907} INFO - Sync 1 DAGs
[2023-08-31T15:39:07.534+0000] {logging_mixin.py:151} INFO - [2023-08-31T15:39:07.533+0000] {dag.py:3677} INFO - Setting next_dagrun for latest_only to 2023-08-31T11:39:07.533436+00:00, run_after=2023-08-31T15:39:07.533436+00:00
[2023-08-31T15:39:07.560+0000] {processor.py:179} INFO - Processing /home/airflow/.local/lib/python3.8/site-packages/airflow/example_dags/example_latest_only.py took 0.113 seconds
[2023-08-31T18:03:07.428+0000] {processor.py:157} INFO - Started process (PID=73053) to work on /home/airflow/.local/lib/python3.8/site-packages/airflow/example_dags/example_latest_only.py
[2023-08-31T18:03:07.430+0000] {processor.py:829} INFO - Processing file /home/airflow/.local/lib/python3.8/site-packages/airflow/example_dags/example_latest_only.py for tasks to queue
[2023-08-31T18:03:07.431+0000] {logging_mixin.py:151} INFO - [2023-08-31T18:03:07.431+0000] {dagbag.py:539} INFO - Filling up the DagBag from /home/airflow/.local/lib/python3.8/site-packages/airflow/example_dags/example_latest_only.py
[2023-08-31T18:03:07.440+0000] {processor.py:839} INFO - DAG(s) dict_keys(['latest_only']) retrieved from /home/airflow/.local/lib/python3.8/site-packages/airflow/example_dags/example_latest_only.py
[2023-08-31T18:03:07.464+0000] {logging_mixin.py:151} INFO - [2023-08-31T18:03:07.464+0000] {dag.py:2907} INFO - Sync 1 DAGs
[2023-08-31T18:03:07.488+0000] {logging_mixin.py:151} INFO - [2023-08-31T18:03:07.488+0000] {dag.py:3677} INFO - Setting next_dagrun for latest_only to 2023-08-31T14:03:07.488438+00:00, run_after=2023-08-31T18:03:07.488438+00:00
[2023-08-31T18:03:07.509+0000] {processor.py:179} INFO - Processing /home/airflow/.local/lib/python3.8/site-packages/airflow/example_dags/example_latest_only.py took 0.086 seconds
[2023-08-31T20:15:37.347+0000] {processor.py:157} INFO - Started process (PID=73107) to work on /home/airflow/.local/lib/python3.8/site-packages/airflow/example_dags/example_latest_only.py
[2023-08-31T20:15:37.349+0000] {processor.py:829} INFO - Processing file /home/airflow/.local/lib/python3.8/site-packages/airflow/example_dags/example_latest_only.py for tasks to queue
[2023-08-31T20:15:37.350+0000] {logging_mixin.py:151} INFO - [2023-08-31T20:15:37.350+0000] {dagbag.py:539} INFO - Filling up the DagBag from /home/airflow/.local/lib/python3.8/site-packages/airflow/example_dags/example_latest_only.py
[2023-08-31T20:15:37.358+0000] {processor.py:839} INFO - DAG(s) dict_keys(['latest_only']) retrieved from /home/airflow/.local/lib/python3.8/site-packages/airflow/example_dags/example_latest_only.py
[2023-08-31T20:15:37.384+0000] {logging_mixin.py:151} INFO - [2023-08-31T20:15:37.384+0000] {dag.py:2907} INFO - Sync 1 DAGs
[2023-08-31T20:15:37.409+0000] {logging_mixin.py:151} INFO - [2023-08-31T20:15:37.409+0000] {dag.py:3677} INFO - Setting next_dagrun for latest_only to 2023-08-31T16:15:37.408965+00:00, run_after=2023-08-31T20:15:37.408965+00:00
[2023-08-31T20:15:37.430+0000] {processor.py:179} INFO - Processing /home/airflow/.local/lib/python3.8/site-packages/airflow/example_dags/example_latest_only.py took 0.088 seconds
