[2023-08-31T00:06:03.645+0000] {processor.py:157} INFO - Started process (PID=72742) to work on /home/airflow/.local/lib/python3.8/site-packages/airflow/example_dags/example_nested_branch_dag.py
[2023-08-31T00:06:03.646+0000] {processor.py:829} INFO - Processing file /home/airflow/.local/lib/python3.8/site-packages/airflow/example_dags/example_nested_branch_dag.py for tasks to queue
[2023-08-31T00:06:03.647+0000] {logging_mixin.py:151} INFO - [2023-08-31T00:06:03.647+0000] {dagbag.py:539} INFO - Filling up the DagBag from /home/airflow/.local/lib/python3.8/site-packages/airflow/example_dags/example_nested_branch_dag.py
[2023-08-31T00:06:03.662+0000] {processor.py:839} INFO - DAG(s) dict_keys(['example_nested_branch_dag']) retrieved from /home/airflow/.local/lib/python3.8/site-packages/airflow/example_dags/example_nested_branch_dag.py
[2023-08-31T00:06:03.693+0000] {logging_mixin.py:151} INFO - [2023-08-31T00:06:03.692+0000] {dag.py:2907} INFO - Sync 1 DAGs
[2023-08-31T00:06:03.727+0000] {logging_mixin.py:151} INFO - [2023-08-31T00:06:03.727+0000] {dag.py:3677} INFO - Setting next_dagrun for example_nested_branch_dag to 2023-08-30T00:00:00+00:00, run_after=2023-08-31T00:00:00+00:00
[2023-08-31T00:06:03.751+0000] {processor.py:179} INFO - Processing /home/airflow/.local/lib/python3.8/site-packages/airflow/example_dags/example_nested_branch_dag.py took 0.112 seconds
[2023-08-31T01:36:30.377+0000] {processor.py:157} INFO - Started process (PID=72797) to work on /home/airflow/.local/lib/python3.8/site-packages/airflow/example_dags/example_nested_branch_dag.py
[2023-08-31T01:36:30.378+0000] {processor.py:829} INFO - Processing file /home/airflow/.local/lib/python3.8/site-packages/airflow/example_dags/example_nested_branch_dag.py for tasks to queue
[2023-08-31T01:36:30.380+0000] {logging_mixin.py:151} INFO - [2023-08-31T01:36:30.379+0000] {dagbag.py:539} INFO - Filling up the DagBag from /home/airflow/.local/lib/python3.8/site-packages/airflow/example_dags/example_nested_branch_dag.py
[2023-08-31T01:36:30.393+0000] {processor.py:839} INFO - DAG(s) dict_keys(['example_nested_branch_dag']) retrieved from /home/airflow/.local/lib/python3.8/site-packages/airflow/example_dags/example_nested_branch_dag.py
[2023-08-31T01:36:30.422+0000] {logging_mixin.py:151} INFO - [2023-08-31T01:36:30.422+0000] {dag.py:2907} INFO - Sync 1 DAGs
[2023-08-31T01:36:30.449+0000] {logging_mixin.py:151} INFO - [2023-08-31T01:36:30.449+0000] {dag.py:3677} INFO - Setting next_dagrun for example_nested_branch_dag to 2023-08-30T00:00:00+00:00, run_after=2023-08-31T00:00:00+00:00
[2023-08-31T01:36:30.472+0000] {processor.py:179} INFO - Processing /home/airflow/.local/lib/python3.8/site-packages/airflow/example_dags/example_nested_branch_dag.py took 0.100 seconds
[2023-08-31T04:06:14.001+0000] {processor.py:157} INFO - Started process (PID=72852) to work on /home/airflow/.local/lib/python3.8/site-packages/airflow/example_dags/example_nested_branch_dag.py
[2023-08-31T04:06:14.003+0000] {processor.py:829} INFO - Processing file /home/airflow/.local/lib/python3.8/site-packages/airflow/example_dags/example_nested_branch_dag.py for tasks to queue
[2023-08-31T04:06:14.005+0000] {logging_mixin.py:151} INFO - [2023-08-31T04:06:14.004+0000] {dagbag.py:539} INFO - Filling up the DagBag from /home/airflow/.local/lib/python3.8/site-packages/airflow/example_dags/example_nested_branch_dag.py
[2023-08-31T04:06:14.026+0000] {processor.py:839} INFO - DAG(s) dict_keys(['example_nested_branch_dag']) retrieved from /home/airflow/.local/lib/python3.8/site-packages/airflow/example_dags/example_nested_branch_dag.py
[2023-08-31T04:06:14.117+0000] {logging_mixin.py:151} INFO - [2023-08-31T04:06:14.116+0000] {dag.py:2907} INFO - Sync 1 DAGs
[2023-08-31T04:06:14.159+0000] {logging_mixin.py:151} INFO - [2023-08-31T04:06:14.158+0000] {dag.py:3677} INFO - Setting next_dagrun for example_nested_branch_dag to 2023-08-30T00:00:00+00:00, run_after=2023-08-31T00:00:00+00:00
[2023-08-31T04:06:14.196+0000] {processor.py:179} INFO - Processing /home/airflow/.local/lib/python3.8/site-packages/airflow/example_dags/example_nested_branch_dag.py took 0.203 seconds
[2023-08-31T09:48:41.619+0000] {processor.py:157} INFO - Started process (PID=72929) to work on /home/airflow/.local/lib/python3.8/site-packages/airflow/example_dags/example_nested_branch_dag.py
[2023-08-31T09:48:41.621+0000] {processor.py:829} INFO - Processing file /home/airflow/.local/lib/python3.8/site-packages/airflow/example_dags/example_nested_branch_dag.py for tasks to queue
[2023-08-31T09:48:41.623+0000] {logging_mixin.py:151} INFO - [2023-08-31T09:48:41.622+0000] {dagbag.py:539} INFO - Filling up the DagBag from /home/airflow/.local/lib/python3.8/site-packages/airflow/example_dags/example_nested_branch_dag.py
[2023-08-31T09:48:41.637+0000] {processor.py:839} INFO - DAG(s) dict_keys(['example_nested_branch_dag']) retrieved from /home/airflow/.local/lib/python3.8/site-packages/airflow/example_dags/example_nested_branch_dag.py
[2023-08-31T09:48:41.666+0000] {logging_mixin.py:151} INFO - [2023-08-31T09:48:41.665+0000] {dag.py:2907} INFO - Sync 1 DAGs
[2023-08-31T09:48:41.696+0000] {logging_mixin.py:151} INFO - [2023-08-31T09:48:41.695+0000] {dag.py:3677} INFO - Setting next_dagrun for example_nested_branch_dag to 2023-08-30T00:00:00+00:00, run_after=2023-08-31T00:00:00+00:00
[2023-08-31T09:48:41.718+0000] {processor.py:179} INFO - Processing /home/airflow/.local/lib/python3.8/site-packages/airflow/example_dags/example_nested_branch_dag.py took 0.104 seconds
[2023-08-31T15:39:05.981+0000] {processor.py:157} INFO - Started process (PID=72984) to work on /home/airflow/.local/lib/python3.8/site-packages/airflow/example_dags/example_nested_branch_dag.py
[2023-08-31T15:39:05.982+0000] {processor.py:829} INFO - Processing file /home/airflow/.local/lib/python3.8/site-packages/airflow/example_dags/example_nested_branch_dag.py for tasks to queue
[2023-08-31T15:39:05.984+0000] {logging_mixin.py:151} INFO - [2023-08-31T15:39:05.983+0000] {dagbag.py:539} INFO - Filling up the DagBag from /home/airflow/.local/lib/python3.8/site-packages/airflow/example_dags/example_nested_branch_dag.py
[2023-08-31T15:39:05.998+0000] {processor.py:839} INFO - DAG(s) dict_keys(['example_nested_branch_dag']) retrieved from /home/airflow/.local/lib/python3.8/site-packages/airflow/example_dags/example_nested_branch_dag.py
[2023-08-31T15:39:06.027+0000] {logging_mixin.py:151} INFO - [2023-08-31T15:39:06.026+0000] {dag.py:2907} INFO - Sync 1 DAGs
[2023-08-31T15:39:06.054+0000] {logging_mixin.py:151} INFO - [2023-08-31T15:39:06.054+0000] {dag.py:3677} INFO - Setting next_dagrun for example_nested_branch_dag to 2023-08-30T00:00:00+00:00, run_after=2023-08-31T00:00:00+00:00
[2023-08-31T15:39:06.077+0000] {processor.py:179} INFO - Processing /home/airflow/.local/lib/python3.8/site-packages/airflow/example_dags/example_nested_branch_dag.py took 0.101 seconds
[2023-08-31T18:03:06.117+0000] {processor.py:157} INFO - Started process (PID=73039) to work on /home/airflow/.local/lib/python3.8/site-packages/airflow/example_dags/example_nested_branch_dag.py
[2023-08-31T18:03:06.119+0000] {processor.py:829} INFO - Processing file /home/airflow/.local/lib/python3.8/site-packages/airflow/example_dags/example_nested_branch_dag.py for tasks to queue
[2023-08-31T18:03:06.120+0000] {logging_mixin.py:151} INFO - [2023-08-31T18:03:06.119+0000] {dagbag.py:539} INFO - Filling up the DagBag from /home/airflow/.local/lib/python3.8/site-packages/airflow/example_dags/example_nested_branch_dag.py
[2023-08-31T18:03:06.134+0000] {processor.py:839} INFO - DAG(s) dict_keys(['example_nested_branch_dag']) retrieved from /home/airflow/.local/lib/python3.8/site-packages/airflow/example_dags/example_nested_branch_dag.py
[2023-08-31T18:03:06.162+0000] {logging_mixin.py:151} INFO - [2023-08-31T18:03:06.162+0000] {dag.py:2907} INFO - Sync 1 DAGs
[2023-08-31T18:03:06.190+0000] {logging_mixin.py:151} INFO - [2023-08-31T18:03:06.189+0000] {dag.py:3677} INFO - Setting next_dagrun for example_nested_branch_dag to 2023-08-30T00:00:00+00:00, run_after=2023-08-31T00:00:00+00:00
[2023-08-31T18:03:06.210+0000] {processor.py:179} INFO - Processing /home/airflow/.local/lib/python3.8/site-packages/airflow/example_dags/example_nested_branch_dag.py took 0.098 seconds
[2023-08-31T20:15:36.067+0000] {processor.py:157} INFO - Started process (PID=73093) to work on /home/airflow/.local/lib/python3.8/site-packages/airflow/example_dags/example_nested_branch_dag.py
[2023-08-31T20:15:36.069+0000] {processor.py:829} INFO - Processing file /home/airflow/.local/lib/python3.8/site-packages/airflow/example_dags/example_nested_branch_dag.py for tasks to queue
[2023-08-31T20:15:36.071+0000] {logging_mixin.py:151} INFO - [2023-08-31T20:15:36.070+0000] {dagbag.py:539} INFO - Filling up the DagBag from /home/airflow/.local/lib/python3.8/site-packages/airflow/example_dags/example_nested_branch_dag.py
[2023-08-31T20:15:36.085+0000] {processor.py:839} INFO - DAG(s) dict_keys(['example_nested_branch_dag']) retrieved from /home/airflow/.local/lib/python3.8/site-packages/airflow/example_dags/example_nested_branch_dag.py
[2023-08-31T20:15:36.120+0000] {logging_mixin.py:151} INFO - [2023-08-31T20:15:36.120+0000] {dag.py:2907} INFO - Sync 1 DAGs
[2023-08-31T20:15:36.151+0000] {logging_mixin.py:151} INFO - [2023-08-31T20:15:36.150+0000] {dag.py:3677} INFO - Setting next_dagrun for example_nested_branch_dag to 2023-08-30T00:00:00+00:00, run_after=2023-08-31T00:00:00+00:00
[2023-08-31T20:15:36.175+0000] {processor.py:179} INFO - Processing /home/airflow/.local/lib/python3.8/site-packages/airflow/example_dags/example_nested_branch_dag.py took 0.114 seconds
