[2023-08-31T00:06:04.916+0000] {processor.py:157} INFO - Started process (PID=72757) to work on /home/airflow/.local/lib/python3.8/site-packages/airflow/example_dags/example_setup_teardown_taskflow.py
[2023-08-31T00:06:04.917+0000] {processor.py:829} INFO - Processing file /home/airflow/.local/lib/python3.8/site-packages/airflow/example_dags/example_setup_teardown_taskflow.py for tasks to queue
[2023-08-31T00:06:04.919+0000] {logging_mixin.py:151} INFO - [2023-08-31T00:06:04.918+0000] {dagbag.py:539} INFO - Filling up the DagBag from /home/airflow/.local/lib/python3.8/site-packages/airflow/example_dags/example_setup_teardown_taskflow.py
[2023-08-31T00:06:04.931+0000] {processor.py:839} INFO - DAG(s) dict_keys(['example_setup_teardown_taskflow']) retrieved from /home/airflow/.local/lib/python3.8/site-packages/airflow/example_dags/example_setup_teardown_taskflow.py
[2023-08-31T00:06:04.961+0000] {logging_mixin.py:151} INFO - [2023-08-31T00:06:04.960+0000] {dag.py:2907} INFO - Sync 1 DAGs
[2023-08-31T00:06:04.986+0000] {logging_mixin.py:151} INFO - [2023-08-31T00:06:04.986+0000] {dag.py:3677} INFO - Setting next_dagrun for example_setup_teardown_taskflow to 2023-08-30T00:06:04.986042+00:00, run_after=2023-08-31T00:06:04.986042+00:00
[2023-08-31T00:06:05.007+0000] {processor.py:179} INFO - Processing /home/airflow/.local/lib/python3.8/site-packages/airflow/example_dags/example_setup_teardown_taskflow.py took 0.096 seconds
[2023-08-31T01:36:31.740+0000] {processor.py:157} INFO - Started process (PID=72812) to work on /home/airflow/.local/lib/python3.8/site-packages/airflow/example_dags/example_setup_teardown_taskflow.py
[2023-08-31T01:36:31.741+0000] {processor.py:829} INFO - Processing file /home/airflow/.local/lib/python3.8/site-packages/airflow/example_dags/example_setup_teardown_taskflow.py for tasks to queue
[2023-08-31T01:36:31.743+0000] {logging_mixin.py:151} INFO - [2023-08-31T01:36:31.742+0000] {dagbag.py:539} INFO - Filling up the DagBag from /home/airflow/.local/lib/python3.8/site-packages/airflow/example_dags/example_setup_teardown_taskflow.py
[2023-08-31T01:36:31.755+0000] {processor.py:839} INFO - DAG(s) dict_keys(['example_setup_teardown_taskflow']) retrieved from /home/airflow/.local/lib/python3.8/site-packages/airflow/example_dags/example_setup_teardown_taskflow.py
[2023-08-31T01:36:31.783+0000] {logging_mixin.py:151} INFO - [2023-08-31T01:36:31.783+0000] {dag.py:2907} INFO - Sync 1 DAGs
[2023-08-31T01:36:31.808+0000] {logging_mixin.py:151} INFO - [2023-08-31T01:36:31.807+0000] {dag.py:3677} INFO - Setting next_dagrun for example_setup_teardown_taskflow to 2023-08-30T01:36:31.807514+00:00, run_after=2023-08-31T01:36:31.807514+00:00
[2023-08-31T01:36:31.830+0000] {processor.py:179} INFO - Processing /home/airflow/.local/lib/python3.8/site-packages/airflow/example_dags/example_setup_teardown_taskflow.py took 0.095 seconds
[2023-08-31T04:06:15.561+0000] {processor.py:157} INFO - Started process (PID=72867) to work on /home/airflow/.local/lib/python3.8/site-packages/airflow/example_dags/example_setup_teardown_taskflow.py
[2023-08-31T04:06:15.563+0000] {processor.py:829} INFO - Processing file /home/airflow/.local/lib/python3.8/site-packages/airflow/example_dags/example_setup_teardown_taskflow.py for tasks to queue
[2023-08-31T04:06:15.564+0000] {logging_mixin.py:151} INFO - [2023-08-31T04:06:15.564+0000] {dagbag.py:539} INFO - Filling up the DagBag from /home/airflow/.local/lib/python3.8/site-packages/airflow/example_dags/example_setup_teardown_taskflow.py
[2023-08-31T04:06:15.576+0000] {processor.py:839} INFO - DAG(s) dict_keys(['example_setup_teardown_taskflow']) retrieved from /home/airflow/.local/lib/python3.8/site-packages/airflow/example_dags/example_setup_teardown_taskflow.py
[2023-08-31T04:06:15.608+0000] {logging_mixin.py:151} INFO - [2023-08-31T04:06:15.608+0000] {dag.py:2907} INFO - Sync 1 DAGs
[2023-08-31T04:06:15.633+0000] {logging_mixin.py:151} INFO - [2023-08-31T04:06:15.633+0000] {dag.py:3677} INFO - Setting next_dagrun for example_setup_teardown_taskflow to 2023-08-30T04:06:15.633001+00:00, run_after=2023-08-31T04:06:15.633001+00:00
[2023-08-31T04:06:15.656+0000] {processor.py:179} INFO - Processing /home/airflow/.local/lib/python3.8/site-packages/airflow/example_dags/example_setup_teardown_taskflow.py took 0.100 seconds
[2023-08-31T09:48:42.839+0000] {processor.py:157} INFO - Started process (PID=72944) to work on /home/airflow/.local/lib/python3.8/site-packages/airflow/example_dags/example_setup_teardown_taskflow.py
[2023-08-31T09:48:42.841+0000] {processor.py:829} INFO - Processing file /home/airflow/.local/lib/python3.8/site-packages/airflow/example_dags/example_setup_teardown_taskflow.py for tasks to queue
[2023-08-31T09:48:42.842+0000] {logging_mixin.py:151} INFO - [2023-08-31T09:48:42.842+0000] {dagbag.py:539} INFO - Filling up the DagBag from /home/airflow/.local/lib/python3.8/site-packages/airflow/example_dags/example_setup_teardown_taskflow.py
[2023-08-31T09:48:42.854+0000] {processor.py:839} INFO - DAG(s) dict_keys(['example_setup_teardown_taskflow']) retrieved from /home/airflow/.local/lib/python3.8/site-packages/airflow/example_dags/example_setup_teardown_taskflow.py
[2023-08-31T09:48:42.880+0000] {logging_mixin.py:151} INFO - [2023-08-31T09:48:42.880+0000] {dag.py:2907} INFO - Sync 1 DAGs
[2023-08-31T09:48:42.904+0000] {logging_mixin.py:151} INFO - [2023-08-31T09:48:42.904+0000] {dag.py:3677} INFO - Setting next_dagrun for example_setup_teardown_taskflow to 2023-08-30T09:48:42.903883+00:00, run_after=2023-08-31T09:48:42.903883+00:00
[2023-08-31T09:48:42.925+0000] {processor.py:179} INFO - Processing /home/airflow/.local/lib/python3.8/site-packages/airflow/example_dags/example_setup_teardown_taskflow.py took 0.090 seconds
[2023-08-31T15:39:07.562+0000] {processor.py:157} INFO - Started process (PID=72999) to work on /home/airflow/.local/lib/python3.8/site-packages/airflow/example_dags/example_setup_teardown_taskflow.py
[2023-08-31T15:39:07.564+0000] {processor.py:829} INFO - Processing file /home/airflow/.local/lib/python3.8/site-packages/airflow/example_dags/example_setup_teardown_taskflow.py for tasks to queue
[2023-08-31T15:39:07.566+0000] {logging_mixin.py:151} INFO - [2023-08-31T15:39:07.565+0000] {dagbag.py:539} INFO - Filling up the DagBag from /home/airflow/.local/lib/python3.8/site-packages/airflow/example_dags/example_setup_teardown_taskflow.py
[2023-08-31T15:39:07.582+0000] {processor.py:839} INFO - DAG(s) dict_keys(['example_setup_teardown_taskflow']) retrieved from /home/airflow/.local/lib/python3.8/site-packages/airflow/example_dags/example_setup_teardown_taskflow.py
[2023-08-31T15:39:07.612+0000] {logging_mixin.py:151} INFO - [2023-08-31T15:39:07.612+0000] {dag.py:2907} INFO - Sync 1 DAGs
[2023-08-31T15:39:07.640+0000] {logging_mixin.py:151} INFO - [2023-08-31T15:39:07.639+0000] {dag.py:3677} INFO - Setting next_dagrun for example_setup_teardown_taskflow to 2023-08-30T15:39:07.639652+00:00, run_after=2023-08-31T15:39:07.639652+00:00
[2023-08-31T15:39:07.664+0000] {processor.py:179} INFO - Processing /home/airflow/.local/lib/python3.8/site-packages/airflow/example_dags/example_setup_teardown_taskflow.py took 0.107 seconds
[2023-08-31T18:03:07.456+0000] {processor.py:157} INFO - Started process (PID=73054) to work on /home/airflow/.local/lib/python3.8/site-packages/airflow/example_dags/example_setup_teardown_taskflow.py
[2023-08-31T18:03:07.457+0000] {processor.py:829} INFO - Processing file /home/airflow/.local/lib/python3.8/site-packages/airflow/example_dags/example_setup_teardown_taskflow.py for tasks to queue
[2023-08-31T18:03:07.459+0000] {logging_mixin.py:151} INFO - [2023-08-31T18:03:07.458+0000] {dagbag.py:539} INFO - Filling up the DagBag from /home/airflow/.local/lib/python3.8/site-packages/airflow/example_dags/example_setup_teardown_taskflow.py
[2023-08-31T18:03:07.471+0000] {processor.py:839} INFO - DAG(s) dict_keys(['example_setup_teardown_taskflow']) retrieved from /home/airflow/.local/lib/python3.8/site-packages/airflow/example_dags/example_setup_teardown_taskflow.py
[2023-08-31T18:03:07.500+0000] {logging_mixin.py:151} INFO - [2023-08-31T18:03:07.499+0000] {dag.py:2907} INFO - Sync 1 DAGs
[2023-08-31T18:03:07.524+0000] {logging_mixin.py:151} INFO - [2023-08-31T18:03:07.524+0000] {dag.py:3677} INFO - Setting next_dagrun for example_setup_teardown_taskflow to 2023-08-30T18:03:07.524153+00:00, run_after=2023-08-31T18:03:07.524153+00:00
[2023-08-31T18:03:07.546+0000] {processor.py:179} INFO - Processing /home/airflow/.local/lib/python3.8/site-packages/airflow/example_dags/example_setup_teardown_taskflow.py took 0.094 seconds
[2023-08-31T20:15:37.444+0000] {processor.py:157} INFO - Started process (PID=73108) to work on /home/airflow/.local/lib/python3.8/site-packages/airflow/example_dags/example_setup_teardown_taskflow.py
[2023-08-31T20:15:37.446+0000] {processor.py:829} INFO - Processing file /home/airflow/.local/lib/python3.8/site-packages/airflow/example_dags/example_setup_teardown_taskflow.py for tasks to queue
[2023-08-31T20:15:37.447+0000] {logging_mixin.py:151} INFO - [2023-08-31T20:15:37.447+0000] {dagbag.py:539} INFO - Filling up the DagBag from /home/airflow/.local/lib/python3.8/site-packages/airflow/example_dags/example_setup_teardown_taskflow.py
[2023-08-31T20:15:37.459+0000] {processor.py:839} INFO - DAG(s) dict_keys(['example_setup_teardown_taskflow']) retrieved from /home/airflow/.local/lib/python3.8/site-packages/airflow/example_dags/example_setup_teardown_taskflow.py
[2023-08-31T20:15:37.485+0000] {logging_mixin.py:151} INFO - [2023-08-31T20:15:37.485+0000] {dag.py:2907} INFO - Sync 1 DAGs
[2023-08-31T20:15:37.509+0000] {logging_mixin.py:151} INFO - [2023-08-31T20:15:37.509+0000] {dag.py:3677} INFO - Setting next_dagrun for example_setup_teardown_taskflow to 2023-08-30T20:15:37.509412+00:00, run_after=2023-08-31T20:15:37.509412+00:00
[2023-08-31T20:15:37.530+0000] {processor.py:179} INFO - Processing /home/airflow/.local/lib/python3.8/site-packages/airflow/example_dags/example_setup_teardown_taskflow.py took 0.090 seconds
