[2023-08-31T00:06:05.039+0000] {processor.py:157} INFO - Started process (PID=72759) to work on /home/airflow/.local/lib/python3.8/site-packages/airflow/example_dags/example_task_group_decorator.py
[2023-08-31T00:06:05.040+0000] {processor.py:829} INFO - Processing file /home/airflow/.local/lib/python3.8/site-packages/airflow/example_dags/example_task_group_decorator.py for tasks to queue
[2023-08-31T00:06:05.041+0000] {logging_mixin.py:151} INFO - [2023-08-31T00:06:05.041+0000] {dagbag.py:539} INFO - Filling up the DagBag from /home/airflow/.local/lib/python3.8/site-packages/airflow/example_dags/example_task_group_decorator.py
[2023-08-31T00:06:05.059+0000] {processor.py:839} INFO - DAG(s) dict_keys(['example_task_group_decorator']) retrieved from /home/airflow/.local/lib/python3.8/site-packages/airflow/example_dags/example_task_group_decorator.py
[2023-08-31T00:06:05.092+0000] {logging_mixin.py:151} INFO - [2023-08-31T00:06:05.092+0000] {dag.py:2907} INFO - Sync 1 DAGs
[2023-08-31T00:06:05.116+0000] {logging_mixin.py:151} INFO - [2023-08-31T00:06:05.116+0000] {dag.py:3677} INFO - Setting next_dagrun for example_task_group_decorator to 2023-08-30T00:06:05.115837+00:00, run_after=2023-08-31T00:06:05.115837+00:00
[2023-08-31T00:06:05.137+0000] {processor.py:179} INFO - Processing /home/airflow/.local/lib/python3.8/site-packages/airflow/example_dags/example_task_group_decorator.py took 0.103 seconds
[2023-08-31T01:36:31.860+0000] {processor.py:157} INFO - Started process (PID=72814) to work on /home/airflow/.local/lib/python3.8/site-packages/airflow/example_dags/example_task_group_decorator.py
[2023-08-31T01:36:31.862+0000] {processor.py:829} INFO - Processing file /home/airflow/.local/lib/python3.8/site-packages/airflow/example_dags/example_task_group_decorator.py for tasks to queue
[2023-08-31T01:36:31.863+0000] {logging_mixin.py:151} INFO - [2023-08-31T01:36:31.862+0000] {dagbag.py:539} INFO - Filling up the DagBag from /home/airflow/.local/lib/python3.8/site-packages/airflow/example_dags/example_task_group_decorator.py
[2023-08-31T01:36:31.881+0000] {processor.py:839} INFO - DAG(s) dict_keys(['example_task_group_decorator']) retrieved from /home/airflow/.local/lib/python3.8/site-packages/airflow/example_dags/example_task_group_decorator.py
[2023-08-31T01:36:31.911+0000] {logging_mixin.py:151} INFO - [2023-08-31T01:36:31.910+0000] {dag.py:2907} INFO - Sync 1 DAGs
[2023-08-31T01:36:31.930+0000] {logging_mixin.py:151} INFO - [2023-08-31T01:36:31.930+0000] {dag.py:3677} INFO - Setting next_dagrun for example_task_group_decorator to 2023-08-30T01:36:31.930286+00:00, run_after=2023-08-31T01:36:31.930286+00:00
[2023-08-31T01:36:31.951+0000] {processor.py:179} INFO - Processing /home/airflow/.local/lib/python3.8/site-packages/airflow/example_dags/example_task_group_decorator.py took 0.095 seconds
[2023-08-31T04:06:15.687+0000] {processor.py:157} INFO - Started process (PID=72869) to work on /home/airflow/.local/lib/python3.8/site-packages/airflow/example_dags/example_task_group_decorator.py
[2023-08-31T04:06:15.688+0000] {processor.py:829} INFO - Processing file /home/airflow/.local/lib/python3.8/site-packages/airflow/example_dags/example_task_group_decorator.py for tasks to queue
[2023-08-31T04:06:15.690+0000] {logging_mixin.py:151} INFO - [2023-08-31T04:06:15.689+0000] {dagbag.py:539} INFO - Filling up the DagBag from /home/airflow/.local/lib/python3.8/site-packages/airflow/example_dags/example_task_group_decorator.py
[2023-08-31T04:06:15.709+0000] {processor.py:839} INFO - DAG(s) dict_keys(['example_task_group_decorator']) retrieved from /home/airflow/.local/lib/python3.8/site-packages/airflow/example_dags/example_task_group_decorator.py
[2023-08-31T04:06:15.741+0000] {logging_mixin.py:151} INFO - [2023-08-31T04:06:15.741+0000] {dag.py:2907} INFO - Sync 1 DAGs
[2023-08-31T04:06:15.762+0000] {logging_mixin.py:151} INFO - [2023-08-31T04:06:15.762+0000] {dag.py:3677} INFO - Setting next_dagrun for example_task_group_decorator to 2023-08-30T04:06:15.761721+00:00, run_after=2023-08-31T04:06:15.761721+00:00
[2023-08-31T04:06:15.782+0000] {processor.py:179} INFO - Processing /home/airflow/.local/lib/python3.8/site-packages/airflow/example_dags/example_task_group_decorator.py took 0.100 seconds
[2023-08-31T09:48:42.954+0000] {processor.py:157} INFO - Started process (PID=72946) to work on /home/airflow/.local/lib/python3.8/site-packages/airflow/example_dags/example_task_group_decorator.py
[2023-08-31T09:48:42.955+0000] {processor.py:829} INFO - Processing file /home/airflow/.local/lib/python3.8/site-packages/airflow/example_dags/example_task_group_decorator.py for tasks to queue
[2023-08-31T09:48:42.957+0000] {logging_mixin.py:151} INFO - [2023-08-31T09:48:42.956+0000] {dagbag.py:539} INFO - Filling up the DagBag from /home/airflow/.local/lib/python3.8/site-packages/airflow/example_dags/example_task_group_decorator.py
[2023-08-31T09:48:42.976+0000] {processor.py:839} INFO - DAG(s) dict_keys(['example_task_group_decorator']) retrieved from /home/airflow/.local/lib/python3.8/site-packages/airflow/example_dags/example_task_group_decorator.py
[2023-08-31T09:48:43.008+0000] {logging_mixin.py:151} INFO - [2023-08-31T09:48:43.008+0000] {dag.py:2907} INFO - Sync 1 DAGs
[2023-08-31T09:48:43.035+0000] {logging_mixin.py:151} INFO - [2023-08-31T09:48:43.035+0000] {dag.py:3677} INFO - Setting next_dagrun for example_task_group_decorator to 2023-08-30T09:48:43.035155+00:00, run_after=2023-08-31T09:48:43.035155+00:00
[2023-08-31T09:48:43.056+0000] {processor.py:179} INFO - Processing /home/airflow/.local/lib/python3.8/site-packages/airflow/example_dags/example_task_group_decorator.py took 0.107 seconds
[2023-08-31T15:39:07.693+0000] {processor.py:157} INFO - Started process (PID=73001) to work on /home/airflow/.local/lib/python3.8/site-packages/airflow/example_dags/example_task_group_decorator.py
[2023-08-31T15:39:07.694+0000] {processor.py:829} INFO - Processing file /home/airflow/.local/lib/python3.8/site-packages/airflow/example_dags/example_task_group_decorator.py for tasks to queue
[2023-08-31T15:39:07.696+0000] {logging_mixin.py:151} INFO - [2023-08-31T15:39:07.695+0000] {dagbag.py:539} INFO - Filling up the DagBag from /home/airflow/.local/lib/python3.8/site-packages/airflow/example_dags/example_task_group_decorator.py
[2023-08-31T15:39:07.714+0000] {processor.py:839} INFO - DAG(s) dict_keys(['example_task_group_decorator']) retrieved from /home/airflow/.local/lib/python3.8/site-packages/airflow/example_dags/example_task_group_decorator.py
[2023-08-31T15:39:07.748+0000] {logging_mixin.py:151} INFO - [2023-08-31T15:39:07.748+0000] {dag.py:2907} INFO - Sync 1 DAGs
[2023-08-31T15:39:07.776+0000] {logging_mixin.py:151} INFO - [2023-08-31T15:39:07.776+0000] {dag.py:3677} INFO - Setting next_dagrun for example_task_group_decorator to 2023-08-30T15:39:07.775829+00:00, run_after=2023-08-31T15:39:07.775829+00:00
[2023-08-31T15:39:07.801+0000] {processor.py:179} INFO - Processing /home/airflow/.local/lib/python3.8/site-packages/airflow/example_dags/example_task_group_decorator.py took 0.113 seconds
[2023-08-31T18:03:07.575+0000] {processor.py:157} INFO - Started process (PID=73056) to work on /home/airflow/.local/lib/python3.8/site-packages/airflow/example_dags/example_task_group_decorator.py
[2023-08-31T18:03:07.576+0000] {processor.py:829} INFO - Processing file /home/airflow/.local/lib/python3.8/site-packages/airflow/example_dags/example_task_group_decorator.py for tasks to queue
[2023-08-31T18:03:07.578+0000] {logging_mixin.py:151} INFO - [2023-08-31T18:03:07.577+0000] {dagbag.py:539} INFO - Filling up the DagBag from /home/airflow/.local/lib/python3.8/site-packages/airflow/example_dags/example_task_group_decorator.py
[2023-08-31T18:03:07.596+0000] {processor.py:839} INFO - DAG(s) dict_keys(['example_task_group_decorator']) retrieved from /home/airflow/.local/lib/python3.8/site-packages/airflow/example_dags/example_task_group_decorator.py
[2023-08-31T18:03:07.627+0000] {logging_mixin.py:151} INFO - [2023-08-31T18:03:07.627+0000] {dag.py:2907} INFO - Sync 1 DAGs
[2023-08-31T18:03:07.648+0000] {logging_mixin.py:151} INFO - [2023-08-31T18:03:07.647+0000] {dag.py:3677} INFO - Setting next_dagrun for example_task_group_decorator to 2023-08-30T18:03:07.647599+00:00, run_after=2023-08-31T18:03:07.647599+00:00
[2023-08-31T18:03:07.670+0000] {processor.py:179} INFO - Processing /home/airflow/.local/lib/python3.8/site-packages/airflow/example_dags/example_task_group_decorator.py took 0.100 seconds
[2023-08-31T20:15:37.559+0000] {processor.py:157} INFO - Started process (PID=73110) to work on /home/airflow/.local/lib/python3.8/site-packages/airflow/example_dags/example_task_group_decorator.py
[2023-08-31T20:15:37.560+0000] {processor.py:829} INFO - Processing file /home/airflow/.local/lib/python3.8/site-packages/airflow/example_dags/example_task_group_decorator.py for tasks to queue
[2023-08-31T20:15:37.562+0000] {logging_mixin.py:151} INFO - [2023-08-31T20:15:37.561+0000] {dagbag.py:539} INFO - Filling up the DagBag from /home/airflow/.local/lib/python3.8/site-packages/airflow/example_dags/example_task_group_decorator.py
[2023-08-31T20:15:37.580+0000] {processor.py:839} INFO - DAG(s) dict_keys(['example_task_group_decorator']) retrieved from /home/airflow/.local/lib/python3.8/site-packages/airflow/example_dags/example_task_group_decorator.py
[2023-08-31T20:15:37.615+0000] {logging_mixin.py:151} INFO - [2023-08-31T20:15:37.615+0000] {dag.py:2907} INFO - Sync 1 DAGs
[2023-08-31T20:15:37.642+0000] {logging_mixin.py:151} INFO - [2023-08-31T20:15:37.642+0000] {dag.py:3677} INFO - Setting next_dagrun for example_task_group_decorator to 2023-08-30T20:15:37.641811+00:00, run_after=2023-08-31T20:15:37.641811+00:00
[2023-08-31T20:15:37.665+0000] {processor.py:179} INFO - Processing /home/airflow/.local/lib/python3.8/site-packages/airflow/example_dags/example_task_group_decorator.py took 0.111 seconds
