[2023-08-31T00:06:03.721+0000] {processor.py:157} INFO - Started process (PID=72743) to work on /home/airflow/.local/lib/python3.8/site-packages/airflow/example_dags/example_task_group.py
[2023-08-31T00:06:03.723+0000] {processor.py:829} INFO - Processing file /home/airflow/.local/lib/python3.8/site-packages/airflow/example_dags/example_task_group.py for tasks to queue
[2023-08-31T00:06:03.724+0000] {logging_mixin.py:151} INFO - [2023-08-31T00:06:03.724+0000] {dagbag.py:539} INFO - Filling up the DagBag from /home/airflow/.local/lib/python3.8/site-packages/airflow/example_dags/example_task_group.py
[2023-08-31T00:06:03.734+0000] {processor.py:839} INFO - DAG(s) dict_keys(['example_task_group']) retrieved from /home/airflow/.local/lib/python3.8/site-packages/airflow/example_dags/example_task_group.py
[2023-08-31T00:06:03.765+0000] {logging_mixin.py:151} INFO - [2023-08-31T00:06:03.765+0000] {dag.py:2907} INFO - Sync 1 DAGs
[2023-08-31T00:06:03.792+0000] {logging_mixin.py:151} INFO - [2023-08-31T00:06:03.792+0000] {dag.py:3677} INFO - Setting next_dagrun for example_task_group to 2023-08-30T00:06:03.791819+00:00, run_after=2023-08-31T00:06:03.791819+00:00
[2023-08-31T00:06:03.814+0000] {processor.py:179} INFO - Processing /home/airflow/.local/lib/python3.8/site-packages/airflow/example_dags/example_task_group.py took 0.098 seconds
[2023-08-31T01:36:30.487+0000] {processor.py:157} INFO - Started process (PID=72798) to work on /home/airflow/.local/lib/python3.8/site-packages/airflow/example_dags/example_task_group.py
[2023-08-31T01:36:30.489+0000] {processor.py:829} INFO - Processing file /home/airflow/.local/lib/python3.8/site-packages/airflow/example_dags/example_task_group.py for tasks to queue
[2023-08-31T01:36:30.490+0000] {logging_mixin.py:151} INFO - [2023-08-31T01:36:30.490+0000] {dagbag.py:539} INFO - Filling up the DagBag from /home/airflow/.local/lib/python3.8/site-packages/airflow/example_dags/example_task_group.py
[2023-08-31T01:36:30.502+0000] {processor.py:839} INFO - DAG(s) dict_keys(['example_task_group']) retrieved from /home/airflow/.local/lib/python3.8/site-packages/airflow/example_dags/example_task_group.py
[2023-08-31T01:36:30.535+0000] {logging_mixin.py:151} INFO - [2023-08-31T01:36:30.535+0000] {dag.py:2907} INFO - Sync 1 DAGs
[2023-08-31T01:36:30.569+0000] {logging_mixin.py:151} INFO - [2023-08-31T01:36:30.568+0000] {dag.py:3677} INFO - Setting next_dagrun for example_task_group to 2023-08-30T01:36:30.568511+00:00, run_after=2023-08-31T01:36:30.568511+00:00
[2023-08-31T01:36:30.594+0000] {processor.py:179} INFO - Processing /home/airflow/.local/lib/python3.8/site-packages/airflow/example_dags/example_task_group.py took 0.111 seconds
[2023-08-31T04:06:14.055+0000] {processor.py:157} INFO - Started process (PID=72853) to work on /home/airflow/.local/lib/python3.8/site-packages/airflow/example_dags/example_task_group.py
[2023-08-31T04:06:14.062+0000] {processor.py:829} INFO - Processing file /home/airflow/.local/lib/python3.8/site-packages/airflow/example_dags/example_task_group.py for tasks to queue
[2023-08-31T04:06:14.067+0000] {logging_mixin.py:151} INFO - [2023-08-31T04:06:14.066+0000] {dagbag.py:539} INFO - Filling up the DagBag from /home/airflow/.local/lib/python3.8/site-packages/airflow/example_dags/example_task_group.py
[2023-08-31T04:06:14.108+0000] {processor.py:839} INFO - DAG(s) dict_keys(['example_task_group']) retrieved from /home/airflow/.local/lib/python3.8/site-packages/airflow/example_dags/example_task_group.py
[2023-08-31T04:06:14.183+0000] {logging_mixin.py:151} INFO - [2023-08-31T04:06:14.183+0000] {dag.py:2907} INFO - Sync 1 DAGs
[2023-08-31T04:06:14.253+0000] {logging_mixin.py:151} INFO - [2023-08-31T04:06:14.253+0000] {dag.py:3677} INFO - Setting next_dagrun for example_task_group to 2023-08-30T04:06:14.252815+00:00, run_after=2023-08-31T04:06:14.252815+00:00
[2023-08-31T04:06:14.280+0000] {processor.py:179} INFO - Processing /home/airflow/.local/lib/python3.8/site-packages/airflow/example_dags/example_task_group.py took 0.232 seconds
[2023-08-31T09:48:41.694+0000] {processor.py:157} INFO - Started process (PID=72930) to work on /home/airflow/.local/lib/python3.8/site-packages/airflow/example_dags/example_task_group.py
[2023-08-31T09:48:41.696+0000] {processor.py:829} INFO - Processing file /home/airflow/.local/lib/python3.8/site-packages/airflow/example_dags/example_task_group.py for tasks to queue
[2023-08-31T09:48:41.697+0000] {logging_mixin.py:151} INFO - [2023-08-31T09:48:41.697+0000] {dagbag.py:539} INFO - Filling up the DagBag from /home/airflow/.local/lib/python3.8/site-packages/airflow/example_dags/example_task_group.py
[2023-08-31T09:48:41.707+0000] {processor.py:839} INFO - DAG(s) dict_keys(['example_task_group']) retrieved from /home/airflow/.local/lib/python3.8/site-packages/airflow/example_dags/example_task_group.py
[2023-08-31T09:48:41.737+0000] {logging_mixin.py:151} INFO - [2023-08-31T09:48:41.737+0000] {dag.py:2907} INFO - Sync 1 DAGs
[2023-08-31T09:48:41.763+0000] {logging_mixin.py:151} INFO - [2023-08-31T09:48:41.763+0000] {dag.py:3677} INFO - Setting next_dagrun for example_task_group to 2023-08-30T09:48:41.762883+00:00, run_after=2023-08-31T09:48:41.762883+00:00
[2023-08-31T09:48:41.786+0000] {processor.py:179} INFO - Processing /home/airflow/.local/lib/python3.8/site-packages/airflow/example_dags/example_task_group.py took 0.097 seconds
[2023-08-31T15:39:06.049+0000] {processor.py:157} INFO - Started process (PID=72985) to work on /home/airflow/.local/lib/python3.8/site-packages/airflow/example_dags/example_task_group.py
[2023-08-31T15:39:06.051+0000] {processor.py:829} INFO - Processing file /home/airflow/.local/lib/python3.8/site-packages/airflow/example_dags/example_task_group.py for tasks to queue
[2023-08-31T15:39:06.053+0000] {logging_mixin.py:151} INFO - [2023-08-31T15:39:06.052+0000] {dagbag.py:539} INFO - Filling up the DagBag from /home/airflow/.local/lib/python3.8/site-packages/airflow/example_dags/example_task_group.py
[2023-08-31T15:39:06.063+0000] {processor.py:839} INFO - DAG(s) dict_keys(['example_task_group']) retrieved from /home/airflow/.local/lib/python3.8/site-packages/airflow/example_dags/example_task_group.py
[2023-08-31T15:39:06.092+0000] {logging_mixin.py:151} INFO - [2023-08-31T15:39:06.092+0000] {dag.py:2907} INFO - Sync 1 DAGs
[2023-08-31T15:39:06.118+0000] {logging_mixin.py:151} INFO - [2023-08-31T15:39:06.117+0000] {dag.py:3677} INFO - Setting next_dagrun for example_task_group to 2023-08-30T15:39:06.117627+00:00, run_after=2023-08-31T15:39:06.117627+00:00
[2023-08-31T15:39:06.140+0000] {processor.py:179} INFO - Processing /home/airflow/.local/lib/python3.8/site-packages/airflow/example_dags/example_task_group.py took 0.096 seconds
[2023-08-31T18:03:06.185+0000] {processor.py:157} INFO - Started process (PID=73040) to work on /home/airflow/.local/lib/python3.8/site-packages/airflow/example_dags/example_task_group.py
[2023-08-31T18:03:06.187+0000] {processor.py:829} INFO - Processing file /home/airflow/.local/lib/python3.8/site-packages/airflow/example_dags/example_task_group.py for tasks to queue
[2023-08-31T18:03:06.188+0000] {logging_mixin.py:151} INFO - [2023-08-31T18:03:06.188+0000] {dagbag.py:539} INFO - Filling up the DagBag from /home/airflow/.local/lib/python3.8/site-packages/airflow/example_dags/example_task_group.py
[2023-08-31T18:03:06.198+0000] {processor.py:839} INFO - DAG(s) dict_keys(['example_task_group']) retrieved from /home/airflow/.local/lib/python3.8/site-packages/airflow/example_dags/example_task_group.py
[2023-08-31T18:03:06.228+0000] {logging_mixin.py:151} INFO - [2023-08-31T18:03:06.228+0000] {dag.py:2907} INFO - Sync 1 DAGs
[2023-08-31T18:03:06.253+0000] {logging_mixin.py:151} INFO - [2023-08-31T18:03:06.253+0000] {dag.py:3677} INFO - Setting next_dagrun for example_task_group to 2023-08-30T18:03:06.253144+00:00, run_after=2023-08-31T18:03:06.253144+00:00
[2023-08-31T18:03:06.274+0000] {processor.py:179} INFO - Processing /home/airflow/.local/lib/python3.8/site-packages/airflow/example_dags/example_task_group.py took 0.094 seconds
[2023-08-31T20:15:36.156+0000] {processor.py:157} INFO - Started process (PID=73094) to work on /home/airflow/.local/lib/python3.8/site-packages/airflow/example_dags/example_task_group.py
[2023-08-31T20:15:36.159+0000] {processor.py:829} INFO - Processing file /home/airflow/.local/lib/python3.8/site-packages/airflow/example_dags/example_task_group.py for tasks to queue
[2023-08-31T20:15:36.160+0000] {logging_mixin.py:151} INFO - [2023-08-31T20:15:36.160+0000] {dagbag.py:539} INFO - Filling up the DagBag from /home/airflow/.local/lib/python3.8/site-packages/airflow/example_dags/example_task_group.py
[2023-08-31T20:15:36.173+0000] {processor.py:839} INFO - DAG(s) dict_keys(['example_task_group']) retrieved from /home/airflow/.local/lib/python3.8/site-packages/airflow/example_dags/example_task_group.py
[2023-08-31T20:15:36.209+0000] {logging_mixin.py:151} INFO - [2023-08-31T20:15:36.209+0000] {dag.py:2907} INFO - Sync 1 DAGs
[2023-08-31T20:15:36.239+0000] {logging_mixin.py:151} INFO - [2023-08-31T20:15:36.238+0000] {dag.py:3677} INFO - Setting next_dagrun for example_task_group to 2023-08-30T20:15:36.237938+00:00, run_after=2023-08-31T20:15:36.237938+00:00
[2023-08-31T20:15:36.268+0000] {processor.py:179} INFO - Processing /home/airflow/.local/lib/python3.8/site-packages/airflow/example_dags/example_task_group.py took 0.118 seconds
