[2023-08-31T00:06:03.508+0000] {processor.py:157} INFO - Started process (PID=72740) to work on /home/airflow/.local/lib/python3.8/site-packages/airflow/example_dags/example_branch_python_dop_operator_3.py
[2023-08-31T00:06:03.509+0000] {processor.py:829} INFO - Processing file /home/airflow/.local/lib/python3.8/site-packages/airflow/example_dags/example_branch_python_dop_operator_3.py for tasks to queue
[2023-08-31T00:06:03.511+0000] {logging_mixin.py:151} INFO - [2023-08-31T00:06:03.510+0000] {dagbag.py:539} INFO - Filling up the DagBag from /home/airflow/.local/lib/python3.8/site-packages/airflow/example_dags/example_branch_python_dop_operator_3.py
[2023-08-31T00:06:03.523+0000] {processor.py:839} INFO - DAG(s) dict_keys(['example_branch_dop_operator_v3']) retrieved from /home/airflow/.local/lib/python3.8/site-packages/airflow/example_dags/example_branch_python_dop_operator_3.py
[2023-08-31T00:06:03.552+0000] {logging_mixin.py:151} INFO - [2023-08-31T00:06:03.552+0000] {dag.py:2907} INFO - Sync 1 DAGs
[2023-08-31T00:06:03.588+0000] {logging_mixin.py:151} INFO - [2023-08-31T00:06:03.588+0000] {dag.py:3677} INFO - Setting next_dagrun for example_branch_dop_operator_v3 to 2023-08-31T00:05:00+00:00, run_after=2023-08-31T00:06:00+00:00
[2023-08-31T00:06:03.612+0000] {processor.py:179} INFO - Processing /home/airflow/.local/lib/python3.8/site-packages/airflow/example_dags/example_branch_python_dop_operator_3.py took 0.109 seconds
[2023-08-31T01:36:30.245+0000] {processor.py:157} INFO - Started process (PID=72795) to work on /home/airflow/.local/lib/python3.8/site-packages/airflow/example_dags/example_branch_python_dop_operator_3.py
[2023-08-31T01:36:30.246+0000] {processor.py:829} INFO - Processing file /home/airflow/.local/lib/python3.8/site-packages/airflow/example_dags/example_branch_python_dop_operator_3.py for tasks to queue
[2023-08-31T01:36:30.248+0000] {logging_mixin.py:151} INFO - [2023-08-31T01:36:30.247+0000] {dagbag.py:539} INFO - Filling up the DagBag from /home/airflow/.local/lib/python3.8/site-packages/airflow/example_dags/example_branch_python_dop_operator_3.py
[2023-08-31T01:36:30.259+0000] {processor.py:839} INFO - DAG(s) dict_keys(['example_branch_dop_operator_v3']) retrieved from /home/airflow/.local/lib/python3.8/site-packages/airflow/example_dags/example_branch_python_dop_operator_3.py
[2023-08-31T01:36:30.286+0000] {logging_mixin.py:151} INFO - [2023-08-31T01:36:30.286+0000] {dag.py:2907} INFO - Sync 1 DAGs
[2023-08-31T01:36:30.317+0000] {logging_mixin.py:151} INFO - [2023-08-31T01:36:30.317+0000] {dag.py:3677} INFO - Setting next_dagrun for example_branch_dop_operator_v3 to 2023-08-31T01:35:00+00:00, run_after=2023-08-31T01:36:00+00:00
[2023-08-31T01:36:30.339+0000] {processor.py:179} INFO - Processing /home/airflow/.local/lib/python3.8/site-packages/airflow/example_dags/example_branch_python_dop_operator_3.py took 0.099 seconds
[2023-08-31T04:06:13.727+0000] {processor.py:157} INFO - Started process (PID=72850) to work on /home/airflow/.local/lib/python3.8/site-packages/airflow/example_dags/example_branch_python_dop_operator_3.py
[2023-08-31T04:06:13.729+0000] {processor.py:829} INFO - Processing file /home/airflow/.local/lib/python3.8/site-packages/airflow/example_dags/example_branch_python_dop_operator_3.py for tasks to queue
[2023-08-31T04:06:13.731+0000] {logging_mixin.py:151} INFO - [2023-08-31T04:06:13.731+0000] {dagbag.py:539} INFO - Filling up the DagBag from /home/airflow/.local/lib/python3.8/site-packages/airflow/example_dags/example_branch_python_dop_operator_3.py
[2023-08-31T04:06:13.750+0000] {processor.py:839} INFO - DAG(s) dict_keys(['example_branch_dop_operator_v3']) retrieved from /home/airflow/.local/lib/python3.8/site-packages/airflow/example_dags/example_branch_python_dop_operator_3.py
[2023-08-31T04:06:13.810+0000] {logging_mixin.py:151} INFO - [2023-08-31T04:06:13.810+0000] {dag.py:2907} INFO - Sync 1 DAGs
[2023-08-31T04:06:13.884+0000] {logging_mixin.py:151} INFO - [2023-08-31T04:06:13.884+0000] {dag.py:3677} INFO - Setting next_dagrun for example_branch_dop_operator_v3 to 2023-08-31T04:05:00+00:00, run_after=2023-08-31T04:06:00+00:00
[2023-08-31T04:06:13.946+0000] {processor.py:179} INFO - Processing /home/airflow/.local/lib/python3.8/site-packages/airflow/example_dags/example_branch_python_dop_operator_3.py took 0.227 seconds
[2023-08-31T09:48:41.490+0000] {processor.py:157} INFO - Started process (PID=72927) to work on /home/airflow/.local/lib/python3.8/site-packages/airflow/example_dags/example_branch_python_dop_operator_3.py
[2023-08-31T09:48:41.492+0000] {processor.py:829} INFO - Processing file /home/airflow/.local/lib/python3.8/site-packages/airflow/example_dags/example_branch_python_dop_operator_3.py for tasks to queue
[2023-08-31T09:48:41.493+0000] {logging_mixin.py:151} INFO - [2023-08-31T09:48:41.493+0000] {dagbag.py:539} INFO - Filling up the DagBag from /home/airflow/.local/lib/python3.8/site-packages/airflow/example_dags/example_branch_python_dop_operator_3.py
[2023-08-31T09:48:41.505+0000] {processor.py:839} INFO - DAG(s) dict_keys(['example_branch_dop_operator_v3']) retrieved from /home/airflow/.local/lib/python3.8/site-packages/airflow/example_dags/example_branch_python_dop_operator_3.py
[2023-08-31T09:48:41.533+0000] {logging_mixin.py:151} INFO - [2023-08-31T09:48:41.533+0000] {dag.py:2907} INFO - Sync 1 DAGs
[2023-08-31T09:48:41.565+0000] {logging_mixin.py:151} INFO - [2023-08-31T09:48:41.565+0000] {dag.py:3677} INFO - Setting next_dagrun for example_branch_dop_operator_v3 to 2023-08-31T09:47:00+00:00, run_after=2023-08-31T09:48:00+00:00
[2023-08-31T09:48:41.589+0000] {processor.py:179} INFO - Processing /home/airflow/.local/lib/python3.8/site-packages/airflow/example_dags/example_branch_python_dop_operator_3.py took 0.104 seconds
[2023-08-31T15:39:05.854+0000] {processor.py:157} INFO - Started process (PID=72982) to work on /home/airflow/.local/lib/python3.8/site-packages/airflow/example_dags/example_branch_python_dop_operator_3.py
[2023-08-31T15:39:05.856+0000] {processor.py:829} INFO - Processing file /home/airflow/.local/lib/python3.8/site-packages/airflow/example_dags/example_branch_python_dop_operator_3.py for tasks to queue
[2023-08-31T15:39:05.858+0000] {logging_mixin.py:151} INFO - [2023-08-31T15:39:05.858+0000] {dagbag.py:539} INFO - Filling up the DagBag from /home/airflow/.local/lib/python3.8/site-packages/airflow/example_dags/example_branch_python_dop_operator_3.py
[2023-08-31T15:39:05.870+0000] {processor.py:839} INFO - DAG(s) dict_keys(['example_branch_dop_operator_v3']) retrieved from /home/airflow/.local/lib/python3.8/site-packages/airflow/example_dags/example_branch_python_dop_operator_3.py
[2023-08-31T15:39:05.896+0000] {logging_mixin.py:151} INFO - [2023-08-31T15:39:05.896+0000] {dag.py:2907} INFO - Sync 1 DAGs
[2023-08-31T15:39:05.928+0000] {logging_mixin.py:151} INFO - [2023-08-31T15:39:05.928+0000] {dag.py:3677} INFO - Setting next_dagrun for example_branch_dop_operator_v3 to 2023-08-31T15:38:00+00:00, run_after=2023-08-31T15:39:00+00:00
[2023-08-31T15:39:05.951+0000] {processor.py:179} INFO - Processing /home/airflow/.local/lib/python3.8/site-packages/airflow/example_dags/example_branch_python_dop_operator_3.py took 0.101 seconds
[2023-08-31T18:03:05.991+0000] {processor.py:157} INFO - Started process (PID=73037) to work on /home/airflow/.local/lib/python3.8/site-packages/airflow/example_dags/example_branch_python_dop_operator_3.py
[2023-08-31T18:03:05.993+0000] {processor.py:829} INFO - Processing file /home/airflow/.local/lib/python3.8/site-packages/airflow/example_dags/example_branch_python_dop_operator_3.py for tasks to queue
[2023-08-31T18:03:05.994+0000] {logging_mixin.py:151} INFO - [2023-08-31T18:03:05.994+0000] {dagbag.py:539} INFO - Filling up the DagBag from /home/airflow/.local/lib/python3.8/site-packages/airflow/example_dags/example_branch_python_dop_operator_3.py
[2023-08-31T18:03:06.006+0000] {processor.py:839} INFO - DAG(s) dict_keys(['example_branch_dop_operator_v3']) retrieved from /home/airflow/.local/lib/python3.8/site-packages/airflow/example_dags/example_branch_python_dop_operator_3.py
[2023-08-31T18:03:06.033+0000] {logging_mixin.py:151} INFO - [2023-08-31T18:03:06.033+0000] {dag.py:2907} INFO - Sync 1 DAGs
[2023-08-31T18:03:06.066+0000] {logging_mixin.py:151} INFO - [2023-08-31T18:03:06.065+0000] {dag.py:3677} INFO - Setting next_dagrun for example_branch_dop_operator_v3 to 2023-08-31T18:02:00+00:00, run_after=2023-08-31T18:03:00+00:00
[2023-08-31T18:03:06.089+0000] {processor.py:179} INFO - Processing /home/airflow/.local/lib/python3.8/site-packages/airflow/example_dags/example_branch_python_dop_operator_3.py took 0.102 seconds
[2023-08-31T20:15:35.851+0000] {processor.py:157} INFO - Started process (PID=73091) to work on /home/airflow/.local/lib/python3.8/site-packages/airflow/example_dags/example_branch_python_dop_operator_3.py
[2023-08-31T20:15:35.855+0000] {processor.py:829} INFO - Processing file /home/airflow/.local/lib/python3.8/site-packages/airflow/example_dags/example_branch_python_dop_operator_3.py for tasks to queue
[2023-08-31T20:15:35.857+0000] {logging_mixin.py:151} INFO - [2023-08-31T20:15:35.856+0000] {dagbag.py:539} INFO - Filling up the DagBag from /home/airflow/.local/lib/python3.8/site-packages/airflow/example_dags/example_branch_python_dop_operator_3.py
[2023-08-31T20:15:35.885+0000] {processor.py:839} INFO - DAG(s) dict_keys(['example_branch_dop_operator_v3']) retrieved from /home/airflow/.local/lib/python3.8/site-packages/airflow/example_dags/example_branch_python_dop_operator_3.py
[2023-08-31T20:15:35.942+0000] {logging_mixin.py:151} INFO - [2023-08-31T20:15:35.941+0000] {dag.py:2907} INFO - Sync 1 DAGs
[2023-08-31T20:15:36.000+0000] {logging_mixin.py:151} INFO - [2023-08-31T20:15:36.000+0000] {dag.py:3677} INFO - Setting next_dagrun for example_branch_dop_operator_v3 to 2023-08-31T20:14:00+00:00, run_after=2023-08-31T20:15:00+00:00
[2023-08-31T20:15:36.027+0000] {processor.py:179} INFO - Processing /home/airflow/.local/lib/python3.8/site-packages/airflow/example_dags/example_branch_python_dop_operator_3.py took 0.192 seconds
