[2023-08-31T00:06:03.388+0000] {processor.py:157} INFO - Started process (PID=72738) to work on /home/airflow/.local/lib/python3.8/site-packages/airflow/example_dags/example_dynamic_task_mapping.py
[2023-08-31T00:06:03.390+0000] {processor.py:829} INFO - Processing file /home/airflow/.local/lib/python3.8/site-packages/airflow/example_dags/example_dynamic_task_mapping.py for tasks to queue
[2023-08-31T00:06:03.391+0000] {logging_mixin.py:151} INFO - [2023-08-31T00:06:03.390+0000] {dagbag.py:539} INFO - Filling up the DagBag from /home/airflow/.local/lib/python3.8/site-packages/airflow/example_dags/example_dynamic_task_mapping.py
[2023-08-31T00:06:03.399+0000] {processor.py:839} INFO - DAG(s) dict_keys(['example_dynamic_task_mapping']) retrieved from /home/airflow/.local/lib/python3.8/site-packages/airflow/example_dags/example_dynamic_task_mapping.py
[2023-08-31T00:06:03.427+0000] {logging_mixin.py:151} INFO - [2023-08-31T00:06:03.427+0000] {dag.py:2907} INFO - Sync 1 DAGs
[2023-08-31T00:06:03.452+0000] {logging_mixin.py:151} INFO - [2023-08-31T00:06:03.452+0000] {dag.py:3677} INFO - Setting next_dagrun for example_dynamic_task_mapping to 2022-03-04T00:00:00+00:00, run_after=2022-03-05T00:00:00+00:00
[2023-08-31T00:06:03.475+0000] {processor.py:179} INFO - Processing /home/airflow/.local/lib/python3.8/site-packages/airflow/example_dags/example_dynamic_task_mapping.py took 0.092 seconds
[2023-08-31T01:36:30.131+0000] {processor.py:157} INFO - Started process (PID=72793) to work on /home/airflow/.local/lib/python3.8/site-packages/airflow/example_dags/example_dynamic_task_mapping.py
[2023-08-31T01:36:30.133+0000] {processor.py:829} INFO - Processing file /home/airflow/.local/lib/python3.8/site-packages/airflow/example_dags/example_dynamic_task_mapping.py for tasks to queue
[2023-08-31T01:36:30.134+0000] {logging_mixin.py:151} INFO - [2023-08-31T01:36:30.134+0000] {dagbag.py:539} INFO - Filling up the DagBag from /home/airflow/.local/lib/python3.8/site-packages/airflow/example_dags/example_dynamic_task_mapping.py
[2023-08-31T01:36:30.143+0000] {processor.py:839} INFO - DAG(s) dict_keys(['example_dynamic_task_mapping']) retrieved from /home/airflow/.local/lib/python3.8/site-packages/airflow/example_dags/example_dynamic_task_mapping.py
[2023-08-31T01:36:30.170+0000] {logging_mixin.py:151} INFO - [2023-08-31T01:36:30.169+0000] {dag.py:2907} INFO - Sync 1 DAGs
[2023-08-31T01:36:30.195+0000] {logging_mixin.py:151} INFO - [2023-08-31T01:36:30.195+0000] {dag.py:3677} INFO - Setting next_dagrun for example_dynamic_task_mapping to 2022-03-04T00:00:00+00:00, run_after=2022-03-05T00:00:00+00:00
[2023-08-31T01:36:30.218+0000] {processor.py:179} INFO - Processing /home/airflow/.local/lib/python3.8/site-packages/airflow/example_dags/example_dynamic_task_mapping.py took 0.092 seconds
[2023-08-31T04:06:13.256+0000] {processor.py:157} INFO - Started process (PID=72848) to work on /home/airflow/.local/lib/python3.8/site-packages/airflow/example_dags/example_dynamic_task_mapping.py
[2023-08-31T04:06:13.259+0000] {processor.py:829} INFO - Processing file /home/airflow/.local/lib/python3.8/site-packages/airflow/example_dags/example_dynamic_task_mapping.py for tasks to queue
[2023-08-31T04:06:13.261+0000] {logging_mixin.py:151} INFO - [2023-08-31T04:06:13.261+0000] {dagbag.py:539} INFO - Filling up the DagBag from /home/airflow/.local/lib/python3.8/site-packages/airflow/example_dags/example_dynamic_task_mapping.py
[2023-08-31T04:06:13.276+0000] {processor.py:839} INFO - DAG(s) dict_keys(['example_dynamic_task_mapping']) retrieved from /home/airflow/.local/lib/python3.8/site-packages/airflow/example_dags/example_dynamic_task_mapping.py
[2023-08-31T04:06:13.317+0000] {logging_mixin.py:151} INFO - [2023-08-31T04:06:13.317+0000] {dag.py:2907} INFO - Sync 1 DAGs
[2023-08-31T04:06:13.370+0000] {logging_mixin.py:151} INFO - [2023-08-31T04:06:13.361+0000] {dag.py:3677} INFO - Setting next_dagrun for example_dynamic_task_mapping to 2022-03-04T00:00:00+00:00, run_after=2022-03-05T00:00:00+00:00
[2023-08-31T04:06:13.438+0000] {processor.py:179} INFO - Processing /home/airflow/.local/lib/python3.8/site-packages/airflow/example_dags/example_dynamic_task_mapping.py took 0.188 seconds
[2023-08-31T09:48:41.366+0000] {processor.py:157} INFO - Started process (PID=72925) to work on /home/airflow/.local/lib/python3.8/site-packages/airflow/example_dags/example_dynamic_task_mapping.py
[2023-08-31T09:48:41.369+0000] {processor.py:829} INFO - Processing file /home/airflow/.local/lib/python3.8/site-packages/airflow/example_dags/example_dynamic_task_mapping.py for tasks to queue
[2023-08-31T09:48:41.370+0000] {logging_mixin.py:151} INFO - [2023-08-31T09:48:41.370+0000] {dagbag.py:539} INFO - Filling up the DagBag from /home/airflow/.local/lib/python3.8/site-packages/airflow/example_dags/example_dynamic_task_mapping.py
[2023-08-31T09:48:41.381+0000] {processor.py:839} INFO - DAG(s) dict_keys(['example_dynamic_task_mapping']) retrieved from /home/airflow/.local/lib/python3.8/site-packages/airflow/example_dags/example_dynamic_task_mapping.py
[2023-08-31T09:48:41.410+0000] {logging_mixin.py:151} INFO - [2023-08-31T09:48:41.410+0000] {dag.py:2907} INFO - Sync 1 DAGs
[2023-08-31T09:48:41.438+0000] {logging_mixin.py:151} INFO - [2023-08-31T09:48:41.438+0000] {dag.py:3677} INFO - Setting next_dagrun for example_dynamic_task_mapping to 2022-03-04T00:00:00+00:00, run_after=2022-03-05T00:00:00+00:00
[2023-08-31T09:48:41.459+0000] {processor.py:179} INFO - Processing /home/airflow/.local/lib/python3.8/site-packages/airflow/example_dags/example_dynamic_task_mapping.py took 0.098 seconds
[2023-08-31T15:39:05.737+0000] {processor.py:157} INFO - Started process (PID=72980) to work on /home/airflow/.local/lib/python3.8/site-packages/airflow/example_dags/example_dynamic_task_mapping.py
[2023-08-31T15:39:05.739+0000] {processor.py:829} INFO - Processing file /home/airflow/.local/lib/python3.8/site-packages/airflow/example_dags/example_dynamic_task_mapping.py for tasks to queue
[2023-08-31T15:39:05.741+0000] {logging_mixin.py:151} INFO - [2023-08-31T15:39:05.740+0000] {dagbag.py:539} INFO - Filling up the DagBag from /home/airflow/.local/lib/python3.8/site-packages/airflow/example_dags/example_dynamic_task_mapping.py
[2023-08-31T15:39:05.750+0000] {processor.py:839} INFO - DAG(s) dict_keys(['example_dynamic_task_mapping']) retrieved from /home/airflow/.local/lib/python3.8/site-packages/airflow/example_dags/example_dynamic_task_mapping.py
[2023-08-31T15:39:05.778+0000] {logging_mixin.py:151} INFO - [2023-08-31T15:39:05.778+0000] {dag.py:2907} INFO - Sync 1 DAGs
[2023-08-31T15:39:05.803+0000] {logging_mixin.py:151} INFO - [2023-08-31T15:39:05.802+0000] {dag.py:3677} INFO - Setting next_dagrun for example_dynamic_task_mapping to 2022-03-04T00:00:00+00:00, run_after=2022-03-05T00:00:00+00:00
[2023-08-31T15:39:05.825+0000] {processor.py:179} INFO - Processing /home/airflow/.local/lib/python3.8/site-packages/airflow/example_dags/example_dynamic_task_mapping.py took 0.092 seconds
[2023-08-31T18:03:05.877+0000] {processor.py:157} INFO - Started process (PID=73035) to work on /home/airflow/.local/lib/python3.8/site-packages/airflow/example_dags/example_dynamic_task_mapping.py
[2023-08-31T18:03:05.878+0000] {processor.py:829} INFO - Processing file /home/airflow/.local/lib/python3.8/site-packages/airflow/example_dags/example_dynamic_task_mapping.py for tasks to queue
[2023-08-31T18:03:05.880+0000] {logging_mixin.py:151} INFO - [2023-08-31T18:03:05.879+0000] {dagbag.py:539} INFO - Filling up the DagBag from /home/airflow/.local/lib/python3.8/site-packages/airflow/example_dags/example_dynamic_task_mapping.py
[2023-08-31T18:03:05.888+0000] {processor.py:839} INFO - DAG(s) dict_keys(['example_dynamic_task_mapping']) retrieved from /home/airflow/.local/lib/python3.8/site-packages/airflow/example_dags/example_dynamic_task_mapping.py
[2023-08-31T18:03:05.915+0000] {logging_mixin.py:151} INFO - [2023-08-31T18:03:05.915+0000] {dag.py:2907} INFO - Sync 1 DAGs
[2023-08-31T18:03:05.941+0000] {logging_mixin.py:151} INFO - [2023-08-31T18:03:05.941+0000] {dag.py:3677} INFO - Setting next_dagrun for example_dynamic_task_mapping to 2022-03-04T00:00:00+00:00, run_after=2022-03-05T00:00:00+00:00
[2023-08-31T18:03:05.961+0000] {processor.py:179} INFO - Processing /home/airflow/.local/lib/python3.8/site-packages/airflow/example_dags/example_dynamic_task_mapping.py took 0.089 seconds
[2023-08-31T20:15:35.664+0000] {processor.py:157} INFO - Started process (PID=73089) to work on /home/airflow/.local/lib/python3.8/site-packages/airflow/example_dags/example_dynamic_task_mapping.py
[2023-08-31T20:15:35.668+0000] {processor.py:829} INFO - Processing file /home/airflow/.local/lib/python3.8/site-packages/airflow/example_dags/example_dynamic_task_mapping.py for tasks to queue
[2023-08-31T20:15:35.670+0000] {logging_mixin.py:151} INFO - [2023-08-31T20:15:35.669+0000] {dagbag.py:539} INFO - Filling up the DagBag from /home/airflow/.local/lib/python3.8/site-packages/airflow/example_dags/example_dynamic_task_mapping.py
[2023-08-31T20:15:35.695+0000] {processor.py:839} INFO - DAG(s) dict_keys(['example_dynamic_task_mapping']) retrieved from /home/airflow/.local/lib/python3.8/site-packages/airflow/example_dags/example_dynamic_task_mapping.py
[2023-08-31T20:15:35.747+0000] {logging_mixin.py:151} INFO - [2023-08-31T20:15:35.747+0000] {dag.py:2907} INFO - Sync 1 DAGs
[2023-08-31T20:15:35.787+0000] {logging_mixin.py:151} INFO - [2023-08-31T20:15:35.786+0000] {dag.py:3677} INFO - Setting next_dagrun for example_dynamic_task_mapping to 2022-03-04T00:00:00+00:00, run_after=2022-03-05T00:00:00+00:00
[2023-08-31T20:15:35.807+0000] {processor.py:179} INFO - Processing /home/airflow/.local/lib/python3.8/site-packages/airflow/example_dags/example_dynamic_task_mapping.py took 0.161 seconds
