[2023-08-31T00:06:05.287+0000] {processor.py:157} INFO - Started process (PID=72762) to work on /home/airflow/.local/lib/python3.8/site-packages/airflow/example_dags/example_datasets.py
[2023-08-31T00:06:05.288+0000] {processor.py:829} INFO - Processing file /home/airflow/.local/lib/python3.8/site-packages/airflow/example_dags/example_datasets.py for tasks to queue
[2023-08-31T00:06:05.290+0000] {logging_mixin.py:151} INFO - [2023-08-31T00:06:05.289+0000] {dagbag.py:539} INFO - Filling up the DagBag from /home/airflow/.local/lib/python3.8/site-packages/airflow/example_dags/example_datasets.py
[2023-08-31T00:06:05.302+0000] {processor.py:839} INFO - DAG(s) dict_keys(['dataset_produces_2', 'dataset_consumes_1_and_2', 'dataset_consumes_1', 'dataset_consumes_unknown_never_scheduled', 'dataset_consumes_1_never_scheduled', 'dataset_produces_1']) retrieved from /home/airflow/.local/lib/python3.8/site-packages/airflow/example_dags/example_datasets.py
[2023-08-31T00:06:05.351+0000] {logging_mixin.py:151} INFO - [2023-08-31T00:06:05.350+0000] {dag.py:2907} INFO - Sync 6 DAGs
[2023-08-31T00:06:05.377+0000] {logging_mixin.py:151} INFO - [2023-08-31T00:06:05.376+0000] {dag.py:3677} INFO - Setting next_dagrun for dataset_consumes_1 to None, run_after=None
[2023-08-31T00:06:05.381+0000] {logging_mixin.py:151} INFO - [2023-08-31T00:06:05.381+0000] {dag.py:3677} INFO - Setting next_dagrun for dataset_consumes_1_and_2 to None, run_after=None
[2023-08-31T00:06:05.383+0000] {logging_mixin.py:151} INFO - [2023-08-31T00:06:05.383+0000] {dag.py:3677} INFO - Setting next_dagrun for dataset_consumes_1_never_scheduled to None, run_after=None
[2023-08-31T00:06:05.384+0000] {logging_mixin.py:151} INFO - [2023-08-31T00:06:05.384+0000] {dag.py:3677} INFO - Setting next_dagrun for dataset_consumes_unknown_never_scheduled to None, run_after=None
[2023-08-31T00:06:05.388+0000] {logging_mixin.py:151} INFO - [2023-08-31T00:06:05.388+0000] {dag.py:3677} INFO - Setting next_dagrun for dataset_produces_1 to 2023-08-30T00:00:00+00:00, run_after=2023-08-31T00:00:00+00:00
[2023-08-31T00:06:05.390+0000] {logging_mixin.py:151} INFO - [2023-08-31T00:06:05.389+0000] {dag.py:3677} INFO - Setting next_dagrun for dataset_produces_2 to None, run_after=None
[2023-08-31T00:06:05.429+0000] {processor.py:179} INFO - Processing /home/airflow/.local/lib/python3.8/site-packages/airflow/example_dags/example_datasets.py took 0.147 seconds
[2023-08-31T01:36:32.085+0000] {processor.py:157} INFO - Started process (PID=72817) to work on /home/airflow/.local/lib/python3.8/site-packages/airflow/example_dags/example_datasets.py
[2023-08-31T01:36:32.086+0000] {processor.py:829} INFO - Processing file /home/airflow/.local/lib/python3.8/site-packages/airflow/example_dags/example_datasets.py for tasks to queue
[2023-08-31T01:36:32.088+0000] {logging_mixin.py:151} INFO - [2023-08-31T01:36:32.087+0000] {dagbag.py:539} INFO - Filling up the DagBag from /home/airflow/.local/lib/python3.8/site-packages/airflow/example_dags/example_datasets.py
[2023-08-31T01:36:32.100+0000] {processor.py:839} INFO - DAG(s) dict_keys(['dataset_consumes_1', 'dataset_consumes_1_and_2', 'dataset_consumes_unknown_never_scheduled', 'dataset_produces_1', 'dataset_produces_2', 'dataset_consumes_1_never_scheduled']) retrieved from /home/airflow/.local/lib/python3.8/site-packages/airflow/example_dags/example_datasets.py
[2023-08-31T01:36:32.143+0000] {logging_mixin.py:151} INFO - [2023-08-31T01:36:32.143+0000] {dag.py:2907} INFO - Sync 6 DAGs
[2023-08-31T01:36:32.169+0000] {logging_mixin.py:151} INFO - [2023-08-31T01:36:32.169+0000] {dag.py:3677} INFO - Setting next_dagrun for dataset_consumes_1 to None, run_after=None
[2023-08-31T01:36:32.175+0000] {logging_mixin.py:151} INFO - [2023-08-31T01:36:32.175+0000] {dag.py:3677} INFO - Setting next_dagrun for dataset_consumes_1_and_2 to None, run_after=None
[2023-08-31T01:36:32.177+0000] {logging_mixin.py:151} INFO - [2023-08-31T01:36:32.177+0000] {dag.py:3677} INFO - Setting next_dagrun for dataset_consumes_1_never_scheduled to None, run_after=None
[2023-08-31T01:36:32.179+0000] {logging_mixin.py:151} INFO - [2023-08-31T01:36:32.178+0000] {dag.py:3677} INFO - Setting next_dagrun for dataset_consumes_unknown_never_scheduled to None, run_after=None
[2023-08-31T01:36:32.183+0000] {logging_mixin.py:151} INFO - [2023-08-31T01:36:32.183+0000] {dag.py:3677} INFO - Setting next_dagrun for dataset_produces_1 to 2023-08-30T00:00:00+00:00, run_after=2023-08-31T00:00:00+00:00
[2023-08-31T01:36:32.185+0000] {logging_mixin.py:151} INFO - [2023-08-31T01:36:32.185+0000] {dag.py:3677} INFO - Setting next_dagrun for dataset_produces_2 to None, run_after=None
[2023-08-31T01:36:32.222+0000] {processor.py:179} INFO - Processing /home/airflow/.local/lib/python3.8/site-packages/airflow/example_dags/example_datasets.py took 0.142 seconds
[2023-08-31T04:06:15.928+0000] {processor.py:157} INFO - Started process (PID=72872) to work on /home/airflow/.local/lib/python3.8/site-packages/airflow/example_dags/example_datasets.py
[2023-08-31T04:06:15.929+0000] {processor.py:829} INFO - Processing file /home/airflow/.local/lib/python3.8/site-packages/airflow/example_dags/example_datasets.py for tasks to queue
[2023-08-31T04:06:15.930+0000] {logging_mixin.py:151} INFO - [2023-08-31T04:06:15.930+0000] {dagbag.py:539} INFO - Filling up the DagBag from /home/airflow/.local/lib/python3.8/site-packages/airflow/example_dags/example_datasets.py
[2023-08-31T04:06:15.943+0000] {processor.py:839} INFO - DAG(s) dict_keys(['dataset_produces_1', 'dataset_consumes_1_never_scheduled', 'dataset_consumes_1_and_2', 'dataset_consumes_1', 'dataset_produces_2', 'dataset_consumes_unknown_never_scheduled']) retrieved from /home/airflow/.local/lib/python3.8/site-packages/airflow/example_dags/example_datasets.py
[2023-08-31T04:06:15.987+0000] {logging_mixin.py:151} INFO - [2023-08-31T04:06:15.987+0000] {dag.py:2907} INFO - Sync 6 DAGs
[2023-08-31T04:06:16.013+0000] {logging_mixin.py:151} INFO - [2023-08-31T04:06:16.013+0000] {dag.py:3677} INFO - Setting next_dagrun for dataset_consumes_1 to None, run_after=None
[2023-08-31T04:06:16.017+0000] {logging_mixin.py:151} INFO - [2023-08-31T04:06:16.017+0000] {dag.py:3677} INFO - Setting next_dagrun for dataset_consumes_1_and_2 to None, run_after=None
[2023-08-31T04:06:16.019+0000] {logging_mixin.py:151} INFO - [2023-08-31T04:06:16.019+0000] {dag.py:3677} INFO - Setting next_dagrun for dataset_consumes_1_never_scheduled to None, run_after=None
[2023-08-31T04:06:16.020+0000] {logging_mixin.py:151} INFO - [2023-08-31T04:06:16.020+0000] {dag.py:3677} INFO - Setting next_dagrun for dataset_consumes_unknown_never_scheduled to None, run_after=None
[2023-08-31T04:06:16.024+0000] {logging_mixin.py:151} INFO - [2023-08-31T04:06:16.024+0000] {dag.py:3677} INFO - Setting next_dagrun for dataset_produces_1 to 2023-08-30T00:00:00+00:00, run_after=2023-08-31T00:00:00+00:00
[2023-08-31T04:06:16.026+0000] {logging_mixin.py:151} INFO - [2023-08-31T04:06:16.026+0000] {dag.py:3677} INFO - Setting next_dagrun for dataset_produces_2 to None, run_after=None
[2023-08-31T04:06:16.065+0000] {processor.py:179} INFO - Processing /home/airflow/.local/lib/python3.8/site-packages/airflow/example_dags/example_datasets.py took 0.142 seconds
[2023-08-31T09:48:43.135+0000] {processor.py:157} INFO - Started process (PID=72949) to work on /home/airflow/.local/lib/python3.8/site-packages/airflow/example_dags/example_datasets.py
[2023-08-31T09:48:43.137+0000] {processor.py:829} INFO - Processing file /home/airflow/.local/lib/python3.8/site-packages/airflow/example_dags/example_datasets.py for tasks to queue
[2023-08-31T09:48:43.138+0000] {logging_mixin.py:151} INFO - [2023-08-31T09:48:43.138+0000] {dagbag.py:539} INFO - Filling up the DagBag from /home/airflow/.local/lib/python3.8/site-packages/airflow/example_dags/example_datasets.py
[2023-08-31T09:48:43.150+0000] {processor.py:839} INFO - DAG(s) dict_keys(['dataset_consumes_1_never_scheduled', 'dataset_consumes_unknown_never_scheduled', 'dataset_produces_2', 'dataset_consumes_1_and_2', 'dataset_produces_1', 'dataset_consumes_1']) retrieved from /home/airflow/.local/lib/python3.8/site-packages/airflow/example_dags/example_datasets.py
[2023-08-31T09:48:43.199+0000] {logging_mixin.py:151} INFO - [2023-08-31T09:48:43.199+0000] {dag.py:2907} INFO - Sync 6 DAGs
[2023-08-31T09:48:43.225+0000] {logging_mixin.py:151} INFO - [2023-08-31T09:48:43.225+0000] {dag.py:3677} INFO - Setting next_dagrun for dataset_consumes_1 to None, run_after=None
[2023-08-31T09:48:43.229+0000] {logging_mixin.py:151} INFO - [2023-08-31T09:48:43.229+0000] {dag.py:3677} INFO - Setting next_dagrun for dataset_consumes_1_and_2 to None, run_after=None
[2023-08-31T09:48:43.231+0000] {logging_mixin.py:151} INFO - [2023-08-31T09:48:43.230+0000] {dag.py:3677} INFO - Setting next_dagrun for dataset_consumes_1_never_scheduled to None, run_after=None
[2023-08-31T09:48:43.232+0000] {logging_mixin.py:151} INFO - [2023-08-31T09:48:43.232+0000] {dag.py:3677} INFO - Setting next_dagrun for dataset_consumes_unknown_never_scheduled to None, run_after=None
[2023-08-31T09:48:43.236+0000] {logging_mixin.py:151} INFO - [2023-08-31T09:48:43.236+0000] {dag.py:3677} INFO - Setting next_dagrun for dataset_produces_1 to 2023-08-30T00:00:00+00:00, run_after=2023-08-31T00:00:00+00:00
[2023-08-31T09:48:43.238+0000] {logging_mixin.py:151} INFO - [2023-08-31T09:48:43.237+0000] {dag.py:3677} INFO - Setting next_dagrun for dataset_produces_2 to None, run_after=None
[2023-08-31T09:48:43.269+0000] {processor.py:179} INFO - Processing /home/airflow/.local/lib/python3.8/site-packages/airflow/example_dags/example_datasets.py took 0.139 seconds
[2023-08-31T15:39:07.904+0000] {processor.py:157} INFO - Started process (PID=73004) to work on /home/airflow/.local/lib/python3.8/site-packages/airflow/example_dags/example_datasets.py
[2023-08-31T15:39:07.906+0000] {processor.py:829} INFO - Processing file /home/airflow/.local/lib/python3.8/site-packages/airflow/example_dags/example_datasets.py for tasks to queue
[2023-08-31T15:39:07.908+0000] {logging_mixin.py:151} INFO - [2023-08-31T15:39:07.907+0000] {dagbag.py:539} INFO - Filling up the DagBag from /home/airflow/.local/lib/python3.8/site-packages/airflow/example_dags/example_datasets.py
[2023-08-31T15:39:07.921+0000] {processor.py:839} INFO - DAG(s) dict_keys(['dataset_consumes_1', 'dataset_consumes_1_and_2', 'dataset_consumes_unknown_never_scheduled', 'dataset_produces_1', 'dataset_produces_2', 'dataset_consumes_1_never_scheduled']) retrieved from /home/airflow/.local/lib/python3.8/site-packages/airflow/example_dags/example_datasets.py
[2023-08-31T15:39:07.976+0000] {logging_mixin.py:151} INFO - [2023-08-31T15:39:07.976+0000] {dag.py:2907} INFO - Sync 6 DAGs
[2023-08-31T15:39:08.006+0000] {logging_mixin.py:151} INFO - [2023-08-31T15:39:08.006+0000] {dag.py:3677} INFO - Setting next_dagrun for dataset_consumes_1 to None, run_after=None
[2023-08-31T15:39:08.011+0000] {logging_mixin.py:151} INFO - [2023-08-31T15:39:08.011+0000] {dag.py:3677} INFO - Setting next_dagrun for dataset_consumes_1_and_2 to None, run_after=None
[2023-08-31T15:39:08.013+0000] {logging_mixin.py:151} INFO - [2023-08-31T15:39:08.013+0000] {dag.py:3677} INFO - Setting next_dagrun for dataset_consumes_1_never_scheduled to None, run_after=None
[2023-08-31T15:39:08.015+0000] {logging_mixin.py:151} INFO - [2023-08-31T15:39:08.015+0000] {dag.py:3677} INFO - Setting next_dagrun for dataset_consumes_unknown_never_scheduled to None, run_after=None
[2023-08-31T15:39:08.020+0000] {logging_mixin.py:151} INFO - [2023-08-31T15:39:08.020+0000] {dag.py:3677} INFO - Setting next_dagrun for dataset_produces_1 to 2023-08-30T00:00:00+00:00, run_after=2023-08-31T00:00:00+00:00
[2023-08-31T15:39:08.022+0000] {logging_mixin.py:151} INFO - [2023-08-31T15:39:08.022+0000] {dag.py:3677} INFO - Setting next_dagrun for dataset_produces_2 to None, run_after=None
[2023-08-31T15:39:08.065+0000] {processor.py:179} INFO - Processing /home/airflow/.local/lib/python3.8/site-packages/airflow/example_dags/example_datasets.py took 0.166 seconds
[2023-08-31T18:03:07.804+0000] {processor.py:157} INFO - Started process (PID=73059) to work on /home/airflow/.local/lib/python3.8/site-packages/airflow/example_dags/example_datasets.py
[2023-08-31T18:03:07.805+0000] {processor.py:829} INFO - Processing file /home/airflow/.local/lib/python3.8/site-packages/airflow/example_dags/example_datasets.py for tasks to queue
[2023-08-31T18:03:07.807+0000] {logging_mixin.py:151} INFO - [2023-08-31T18:03:07.807+0000] {dagbag.py:539} INFO - Filling up the DagBag from /home/airflow/.local/lib/python3.8/site-packages/airflow/example_dags/example_datasets.py
[2023-08-31T18:03:07.819+0000] {processor.py:839} INFO - DAG(s) dict_keys(['dataset_produces_2', 'dataset_consumes_unknown_never_scheduled', 'dataset_consumes_1', 'dataset_consumes_1_and_2', 'dataset_consumes_1_never_scheduled', 'dataset_produces_1']) retrieved from /home/airflow/.local/lib/python3.8/site-packages/airflow/example_dags/example_datasets.py
[2023-08-31T18:03:07.871+0000] {logging_mixin.py:151} INFO - [2023-08-31T18:03:07.871+0000] {dag.py:2907} INFO - Sync 6 DAGs
[2023-08-31T18:03:07.901+0000] {logging_mixin.py:151} INFO - [2023-08-31T18:03:07.901+0000] {dag.py:3677} INFO - Setting next_dagrun for dataset_consumes_1 to None, run_after=None
[2023-08-31T18:03:07.905+0000] {logging_mixin.py:151} INFO - [2023-08-31T18:03:07.905+0000] {dag.py:3677} INFO - Setting next_dagrun for dataset_consumes_1_and_2 to None, run_after=None
[2023-08-31T18:03:07.907+0000] {logging_mixin.py:151} INFO - [2023-08-31T18:03:07.906+0000] {dag.py:3677} INFO - Setting next_dagrun for dataset_consumes_1_never_scheduled to None, run_after=None
[2023-08-31T18:03:07.908+0000] {logging_mixin.py:151} INFO - [2023-08-31T18:03:07.908+0000] {dag.py:3677} INFO - Setting next_dagrun for dataset_consumes_unknown_never_scheduled to None, run_after=None
[2023-08-31T18:03:07.912+0000] {logging_mixin.py:151} INFO - [2023-08-31T18:03:07.912+0000] {dag.py:3677} INFO - Setting next_dagrun for dataset_produces_1 to 2023-08-30T00:00:00+00:00, run_after=2023-08-31T00:00:00+00:00
[2023-08-31T18:03:07.914+0000] {logging_mixin.py:151} INFO - [2023-08-31T18:03:07.914+0000] {dag.py:3677} INFO - Setting next_dagrun for dataset_produces_2 to None, run_after=None
[2023-08-31T18:03:07.951+0000] {processor.py:179} INFO - Processing /home/airflow/.local/lib/python3.8/site-packages/airflow/example_dags/example_datasets.py took 0.152 seconds
[2023-08-31T20:15:37.743+0000] {processor.py:157} INFO - Started process (PID=73113) to work on /home/airflow/.local/lib/python3.8/site-packages/airflow/example_dags/example_datasets.py
[2023-08-31T20:15:37.745+0000] {processor.py:829} INFO - Processing file /home/airflow/.local/lib/python3.8/site-packages/airflow/example_dags/example_datasets.py for tasks to queue
[2023-08-31T20:15:37.746+0000] {logging_mixin.py:151} INFO - [2023-08-31T20:15:37.746+0000] {dagbag.py:539} INFO - Filling up the DagBag from /home/airflow/.local/lib/python3.8/site-packages/airflow/example_dags/example_datasets.py
[2023-08-31T20:15:37.758+0000] {processor.py:839} INFO - DAG(s) dict_keys(['dataset_consumes_1_never_scheduled', 'dataset_consumes_1_and_2', 'dataset_produces_1', 'dataset_produces_2', 'dataset_consumes_unknown_never_scheduled', 'dataset_consumes_1']) retrieved from /home/airflow/.local/lib/python3.8/site-packages/airflow/example_dags/example_datasets.py
[2023-08-31T20:15:37.806+0000] {logging_mixin.py:151} INFO - [2023-08-31T20:15:37.805+0000] {dag.py:2907} INFO - Sync 6 DAGs
[2023-08-31T20:15:37.831+0000] {logging_mixin.py:151} INFO - [2023-08-31T20:15:37.831+0000] {dag.py:3677} INFO - Setting next_dagrun for dataset_consumes_1 to None, run_after=None
[2023-08-31T20:15:37.835+0000] {logging_mixin.py:151} INFO - [2023-08-31T20:15:37.834+0000] {dag.py:3677} INFO - Setting next_dagrun for dataset_consumes_1_and_2 to None, run_after=None
[2023-08-31T20:15:37.836+0000] {logging_mixin.py:151} INFO - [2023-08-31T20:15:37.836+0000] {dag.py:3677} INFO - Setting next_dagrun for dataset_consumes_1_never_scheduled to None, run_after=None
[2023-08-31T20:15:37.838+0000] {logging_mixin.py:151} INFO - [2023-08-31T20:15:37.838+0000] {dag.py:3677} INFO - Setting next_dagrun for dataset_consumes_unknown_never_scheduled to None, run_after=None
[2023-08-31T20:15:37.843+0000] {logging_mixin.py:151} INFO - [2023-08-31T20:15:37.843+0000] {dag.py:3677} INFO - Setting next_dagrun for dataset_produces_1 to 2023-08-30T00:00:00+00:00, run_after=2023-08-31T00:00:00+00:00
[2023-08-31T20:15:37.845+0000] {logging_mixin.py:151} INFO - [2023-08-31T20:15:37.845+0000] {dag.py:3677} INFO - Setting next_dagrun for dataset_produces_2 to None, run_after=None
[2023-08-31T20:15:37.878+0000] {processor.py:179} INFO - Processing /home/airflow/.local/lib/python3.8/site-packages/airflow/example_dags/example_datasets.py took 0.140 seconds
