[2023-08-31T00:06:04.764+0000] {processor.py:157} INFO - Started process (PID=72755) to work on /home/airflow/.local/lib/python3.8/site-packages/airflow/example_dags/example_short_circuit_decorator.py
[2023-08-31T00:06:04.766+0000] {processor.py:829} INFO - Processing file /home/airflow/.local/lib/python3.8/site-packages/airflow/example_dags/example_short_circuit_decorator.py for tasks to queue
[2023-08-31T00:06:04.767+0000] {logging_mixin.py:151} INFO - [2023-08-31T00:06:04.767+0000] {dagbag.py:539} INFO - Filling up the DagBag from /home/airflow/.local/lib/python3.8/site-packages/airflow/example_dags/example_short_circuit_decorator.py
[2023-08-31T00:06:04.779+0000] {processor.py:839} INFO - DAG(s) dict_keys(['example_short_circuit_decorator']) retrieved from /home/airflow/.local/lib/python3.8/site-packages/airflow/example_dags/example_short_circuit_decorator.py
[2023-08-31T00:06:04.812+0000] {logging_mixin.py:151} INFO - [2023-08-31T00:06:04.811+0000] {dag.py:2907} INFO - Sync 1 DAGs
[2023-08-31T00:06:04.836+0000] {logging_mixin.py:151} INFO - [2023-08-31T00:06:04.836+0000] {dag.py:3677} INFO - Setting next_dagrun for example_short_circuit_decorator to 2023-08-30T00:06:04.836431+00:00, run_after=2023-08-31T00:06:04.836431+00:00
[2023-08-31T00:06:04.860+0000] {processor.py:179} INFO - Processing /home/airflow/.local/lib/python3.8/site-packages/airflow/example_dags/example_short_circuit_decorator.py took 0.101 seconds
[2023-08-31T01:36:31.619+0000] {processor.py:157} INFO - Started process (PID=72810) to work on /home/airflow/.local/lib/python3.8/site-packages/airflow/example_dags/example_short_circuit_decorator.py
[2023-08-31T01:36:31.621+0000] {processor.py:829} INFO - Processing file /home/airflow/.local/lib/python3.8/site-packages/airflow/example_dags/example_short_circuit_decorator.py for tasks to queue
[2023-08-31T01:36:31.622+0000] {logging_mixin.py:151} INFO - [2023-08-31T01:36:31.622+0000] {dagbag.py:539} INFO - Filling up the DagBag from /home/airflow/.local/lib/python3.8/site-packages/airflow/example_dags/example_short_circuit_decorator.py
[2023-08-31T01:36:31.634+0000] {processor.py:839} INFO - DAG(s) dict_keys(['example_short_circuit_decorator']) retrieved from /home/airflow/.local/lib/python3.8/site-packages/airflow/example_dags/example_short_circuit_decorator.py
[2023-08-31T01:36:31.664+0000] {logging_mixin.py:151} INFO - [2023-08-31T01:36:31.664+0000] {dag.py:2907} INFO - Sync 1 DAGs
[2023-08-31T01:36:31.689+0000] {logging_mixin.py:151} INFO - [2023-08-31T01:36:31.688+0000] {dag.py:3677} INFO - Setting next_dagrun for example_short_circuit_decorator to 2023-08-30T01:36:31.688644+00:00, run_after=2023-08-31T01:36:31.688644+00:00
[2023-08-31T01:36:31.710+0000] {processor.py:179} INFO - Processing /home/airflow/.local/lib/python3.8/site-packages/airflow/example_dags/example_short_circuit_decorator.py took 0.096 seconds
[2023-08-31T04:06:15.406+0000] {processor.py:157} INFO - Started process (PID=72865) to work on /home/airflow/.local/lib/python3.8/site-packages/airflow/example_dags/example_short_circuit_decorator.py
[2023-08-31T04:06:15.408+0000] {processor.py:829} INFO - Processing file /home/airflow/.local/lib/python3.8/site-packages/airflow/example_dags/example_short_circuit_decorator.py for tasks to queue
[2023-08-31T04:06:15.410+0000] {logging_mixin.py:151} INFO - [2023-08-31T04:06:15.409+0000] {dagbag.py:539} INFO - Filling up the DagBag from /home/airflow/.local/lib/python3.8/site-packages/airflow/example_dags/example_short_circuit_decorator.py
[2023-08-31T04:06:15.425+0000] {processor.py:839} INFO - DAG(s) dict_keys(['example_short_circuit_decorator']) retrieved from /home/airflow/.local/lib/python3.8/site-packages/airflow/example_dags/example_short_circuit_decorator.py
[2023-08-31T04:06:15.466+0000] {logging_mixin.py:151} INFO - [2023-08-31T04:06:15.465+0000] {dag.py:2907} INFO - Sync 1 DAGs
[2023-08-31T04:06:15.499+0000] {logging_mixin.py:151} INFO - [2023-08-31T04:06:15.499+0000] {dag.py:3677} INFO - Setting next_dagrun for example_short_circuit_decorator to 2023-08-30T04:06:15.498840+00:00, run_after=2023-08-31T04:06:15.498840+00:00
[2023-08-31T04:06:15.524+0000] {processor.py:179} INFO - Processing /home/airflow/.local/lib/python3.8/site-packages/airflow/example_dags/example_short_circuit_decorator.py took 0.123 seconds
[2023-08-31T09:48:42.723+0000] {processor.py:157} INFO - Started process (PID=72942) to work on /home/airflow/.local/lib/python3.8/site-packages/airflow/example_dags/example_short_circuit_decorator.py
[2023-08-31T09:48:42.725+0000] {processor.py:829} INFO - Processing file /home/airflow/.local/lib/python3.8/site-packages/airflow/example_dags/example_short_circuit_decorator.py for tasks to queue
[2023-08-31T09:48:42.726+0000] {logging_mixin.py:151} INFO - [2023-08-31T09:48:42.726+0000] {dagbag.py:539} INFO - Filling up the DagBag from /home/airflow/.local/lib/python3.8/site-packages/airflow/example_dags/example_short_circuit_decorator.py
[2023-08-31T09:48:42.738+0000] {processor.py:839} INFO - DAG(s) dict_keys(['example_short_circuit_decorator']) retrieved from /home/airflow/.local/lib/python3.8/site-packages/airflow/example_dags/example_short_circuit_decorator.py
[2023-08-31T09:48:42.766+0000] {logging_mixin.py:151} INFO - [2023-08-31T09:48:42.766+0000] {dag.py:2907} INFO - Sync 1 DAGs
[2023-08-31T09:48:42.790+0000] {logging_mixin.py:151} INFO - [2023-08-31T09:48:42.790+0000] {dag.py:3677} INFO - Setting next_dagrun for example_short_circuit_decorator to 2023-08-30T09:48:42.790419+00:00, run_after=2023-08-31T09:48:42.790419+00:00
[2023-08-31T09:48:42.811+0000] {processor.py:179} INFO - Processing /home/airflow/.local/lib/python3.8/site-packages/airflow/example_dags/example_short_circuit_decorator.py took 0.093 seconds
[2023-08-31T15:39:07.423+0000] {processor.py:157} INFO - Started process (PID=72997) to work on /home/airflow/.local/lib/python3.8/site-packages/airflow/example_dags/example_short_circuit_decorator.py
[2023-08-31T15:39:07.425+0000] {processor.py:829} INFO - Processing file /home/airflow/.local/lib/python3.8/site-packages/airflow/example_dags/example_short_circuit_decorator.py for tasks to queue
[2023-08-31T15:39:07.427+0000] {logging_mixin.py:151} INFO - [2023-08-31T15:39:07.426+0000] {dagbag.py:539} INFO - Filling up the DagBag from /home/airflow/.local/lib/python3.8/site-packages/airflow/example_dags/example_short_circuit_decorator.py
[2023-08-31T15:39:07.440+0000] {processor.py:839} INFO - DAG(s) dict_keys(['example_short_circuit_decorator']) retrieved from /home/airflow/.local/lib/python3.8/site-packages/airflow/example_dags/example_short_circuit_decorator.py
[2023-08-31T15:39:07.473+0000] {logging_mixin.py:151} INFO - [2023-08-31T15:39:07.473+0000] {dag.py:2907} INFO - Sync 1 DAGs
[2023-08-31T15:39:07.504+0000] {logging_mixin.py:151} INFO - [2023-08-31T15:39:07.503+0000] {dag.py:3677} INFO - Setting next_dagrun for example_short_circuit_decorator to 2023-08-30T15:39:07.503562+00:00, run_after=2023-08-31T15:39:07.503562+00:00
[2023-08-31T15:39:07.528+0000] {processor.py:179} INFO - Processing /home/airflow/.local/lib/python3.8/site-packages/airflow/example_dags/example_short_circuit_decorator.py took 0.110 seconds
[2023-08-31T18:03:07.335+0000] {processor.py:157} INFO - Started process (PID=73052) to work on /home/airflow/.local/lib/python3.8/site-packages/airflow/example_dags/example_short_circuit_decorator.py
[2023-08-31T18:03:07.336+0000] {processor.py:829} INFO - Processing file /home/airflow/.local/lib/python3.8/site-packages/airflow/example_dags/example_short_circuit_decorator.py for tasks to queue
[2023-08-31T18:03:07.337+0000] {logging_mixin.py:151} INFO - [2023-08-31T18:03:07.337+0000] {dagbag.py:539} INFO - Filling up the DagBag from /home/airflow/.local/lib/python3.8/site-packages/airflow/example_dags/example_short_circuit_decorator.py
[2023-08-31T18:03:07.349+0000] {processor.py:839} INFO - DAG(s) dict_keys(['example_short_circuit_decorator']) retrieved from /home/airflow/.local/lib/python3.8/site-packages/airflow/example_dags/example_short_circuit_decorator.py
[2023-08-31T18:03:07.379+0000] {logging_mixin.py:151} INFO - [2023-08-31T18:03:07.379+0000] {dag.py:2907} INFO - Sync 1 DAGs
[2023-08-31T18:03:07.403+0000] {logging_mixin.py:151} INFO - [2023-08-31T18:03:07.403+0000] {dag.py:3677} INFO - Setting next_dagrun for example_short_circuit_decorator to 2023-08-30T18:03:07.403317+00:00, run_after=2023-08-31T18:03:07.403317+00:00
[2023-08-31T18:03:07.426+0000] {processor.py:179} INFO - Processing /home/airflow/.local/lib/python3.8/site-packages/airflow/example_dags/example_short_circuit_decorator.py took 0.096 seconds
[2023-08-31T20:15:37.326+0000] {processor.py:157} INFO - Started process (PID=73106) to work on /home/airflow/.local/lib/python3.8/site-packages/airflow/example_dags/example_short_circuit_decorator.py
[2023-08-31T20:15:37.328+0000] {processor.py:829} INFO - Processing file /home/airflow/.local/lib/python3.8/site-packages/airflow/example_dags/example_short_circuit_decorator.py for tasks to queue
[2023-08-31T20:15:37.329+0000] {logging_mixin.py:151} INFO - [2023-08-31T20:15:37.329+0000] {dagbag.py:539} INFO - Filling up the DagBag from /home/airflow/.local/lib/python3.8/site-packages/airflow/example_dags/example_short_circuit_decorator.py
[2023-08-31T20:15:37.341+0000] {processor.py:839} INFO - DAG(s) dict_keys(['example_short_circuit_decorator']) retrieved from /home/airflow/.local/lib/python3.8/site-packages/airflow/example_dags/example_short_circuit_decorator.py
[2023-08-31T20:15:37.370+0000] {logging_mixin.py:151} INFO - [2023-08-31T20:15:37.370+0000] {dag.py:2907} INFO - Sync 1 DAGs
[2023-08-31T20:15:37.395+0000] {logging_mixin.py:151} INFO - [2023-08-31T20:15:37.395+0000] {dag.py:3677} INFO - Setting next_dagrun for example_short_circuit_decorator to 2023-08-30T20:15:37.395130+00:00, run_after=2023-08-31T20:15:37.395130+00:00
[2023-08-31T20:15:37.416+0000] {processor.py:179} INFO - Processing /home/airflow/.local/lib/python3.8/site-packages/airflow/example_dags/example_short_circuit_decorator.py took 0.095 seconds
