[2023-08-31T00:06:04.668+0000] {processor.py:157} INFO - Started process (PID=72754) to work on /home/airflow/.local/lib/python3.8/site-packages/airflow/example_dags/example_time_delta_sensor_async.py
[2023-08-31T00:06:04.670+0000] {processor.py:829} INFO - Processing file /home/airflow/.local/lib/python3.8/site-packages/airflow/example_dags/example_time_delta_sensor_async.py for tasks to queue
[2023-08-31T00:06:04.671+0000] {logging_mixin.py:151} INFO - [2023-08-31T00:06:04.671+0000] {dagbag.py:539} INFO - Filling up the DagBag from /home/airflow/.local/lib/python3.8/site-packages/airflow/example_dags/example_time_delta_sensor_async.py
[2023-08-31T00:06:04.677+0000] {processor.py:839} INFO - DAG(s) dict_keys(['example_time_delta_sensor_async']) retrieved from /home/airflow/.local/lib/python3.8/site-packages/airflow/example_dags/example_time_delta_sensor_async.py
[2023-08-31T00:06:04.704+0000] {logging_mixin.py:151} INFO - [2023-08-31T00:06:04.704+0000] {dag.py:2907} INFO - Sync 1 DAGs
[2023-08-31T00:06:04.720+0000] {logging_mixin.py:151} INFO - [2023-08-31T00:06:04.719+0000] {dag.py:3677} INFO - Setting next_dagrun for example_time_delta_sensor_async to None, run_after=None
[2023-08-31T00:06:04.741+0000] {processor.py:179} INFO - Processing /home/airflow/.local/lib/python3.8/site-packages/airflow/example_dags/example_time_delta_sensor_async.py took 0.077 seconds
[2023-08-31T01:36:31.611+0000] {processor.py:157} INFO - Started process (PID=72809) to work on /home/airflow/.local/lib/python3.8/site-packages/airflow/example_dags/example_time_delta_sensor_async.py
[2023-08-31T01:36:31.613+0000] {processor.py:829} INFO - Processing file /home/airflow/.local/lib/python3.8/site-packages/airflow/example_dags/example_time_delta_sensor_async.py for tasks to queue
[2023-08-31T01:36:31.614+0000] {logging_mixin.py:151} INFO - [2023-08-31T01:36:31.614+0000] {dagbag.py:539} INFO - Filling up the DagBag from /home/airflow/.local/lib/python3.8/site-packages/airflow/example_dags/example_time_delta_sensor_async.py
[2023-08-31T01:36:31.620+0000] {processor.py:839} INFO - DAG(s) dict_keys(['example_time_delta_sensor_async']) retrieved from /home/airflow/.local/lib/python3.8/site-packages/airflow/example_dags/example_time_delta_sensor_async.py
[2023-08-31T01:36:31.646+0000] {logging_mixin.py:151} INFO - [2023-08-31T01:36:31.646+0000] {dag.py:2907} INFO - Sync 1 DAGs
[2023-08-31T01:36:31.662+0000] {logging_mixin.py:151} INFO - [2023-08-31T01:36:31.662+0000] {dag.py:3677} INFO - Setting next_dagrun for example_time_delta_sensor_async to None, run_after=None
[2023-08-31T01:36:31.683+0000] {processor.py:179} INFO - Processing /home/airflow/.local/lib/python3.8/site-packages/airflow/example_dags/example_time_delta_sensor_async.py took 0.076 seconds
[2023-08-31T04:06:15.267+0000] {processor.py:157} INFO - Started process (PID=72864) to work on /home/airflow/.local/lib/python3.8/site-packages/airflow/example_dags/example_time_delta_sensor_async.py
[2023-08-31T04:06:15.269+0000] {processor.py:829} INFO - Processing file /home/airflow/.local/lib/python3.8/site-packages/airflow/example_dags/example_time_delta_sensor_async.py for tasks to queue
[2023-08-31T04:06:15.271+0000] {logging_mixin.py:151} INFO - [2023-08-31T04:06:15.271+0000] {dagbag.py:539} INFO - Filling up the DagBag from /home/airflow/.local/lib/python3.8/site-packages/airflow/example_dags/example_time_delta_sensor_async.py
[2023-08-31T04:06:15.279+0000] {processor.py:839} INFO - DAG(s) dict_keys(['example_time_delta_sensor_async']) retrieved from /home/airflow/.local/lib/python3.8/site-packages/airflow/example_dags/example_time_delta_sensor_async.py
[2023-08-31T04:06:15.316+0000] {logging_mixin.py:151} INFO - [2023-08-31T04:06:15.316+0000] {dag.py:2907} INFO - Sync 1 DAGs
[2023-08-31T04:06:15.336+0000] {logging_mixin.py:151} INFO - [2023-08-31T04:06:15.336+0000] {dag.py:3677} INFO - Setting next_dagrun for example_time_delta_sensor_async to None, run_after=None
[2023-08-31T04:06:15.368+0000] {processor.py:179} INFO - Processing /home/airflow/.local/lib/python3.8/site-packages/airflow/example_dags/example_time_delta_sensor_async.py took 0.107 seconds
[2023-08-31T09:48:42.624+0000] {processor.py:157} INFO - Started process (PID=72941) to work on /home/airflow/.local/lib/python3.8/site-packages/airflow/example_dags/example_time_delta_sensor_async.py
[2023-08-31T09:48:42.625+0000] {processor.py:829} INFO - Processing file /home/airflow/.local/lib/python3.8/site-packages/airflow/example_dags/example_time_delta_sensor_async.py for tasks to queue
[2023-08-31T09:48:42.627+0000] {logging_mixin.py:151} INFO - [2023-08-31T09:48:42.626+0000] {dagbag.py:539} INFO - Filling up the DagBag from /home/airflow/.local/lib/python3.8/site-packages/airflow/example_dags/example_time_delta_sensor_async.py
[2023-08-31T09:48:42.633+0000] {processor.py:839} INFO - DAG(s) dict_keys(['example_time_delta_sensor_async']) retrieved from /home/airflow/.local/lib/python3.8/site-packages/airflow/example_dags/example_time_delta_sensor_async.py
[2023-08-31T09:48:42.659+0000] {logging_mixin.py:151} INFO - [2023-08-31T09:48:42.659+0000] {dag.py:2907} INFO - Sync 1 DAGs
[2023-08-31T09:48:42.675+0000] {logging_mixin.py:151} INFO - [2023-08-31T09:48:42.674+0000] {dag.py:3677} INFO - Setting next_dagrun for example_time_delta_sensor_async to None, run_after=None
[2023-08-31T09:48:42.696+0000] {processor.py:179} INFO - Processing /home/airflow/.local/lib/python3.8/site-packages/airflow/example_dags/example_time_delta_sensor_async.py took 0.077 seconds
[2023-08-31T15:39:07.334+0000] {processor.py:157} INFO - Started process (PID=72996) to work on /home/airflow/.local/lib/python3.8/site-packages/airflow/example_dags/example_time_delta_sensor_async.py
[2023-08-31T15:39:07.335+0000] {processor.py:829} INFO - Processing file /home/airflow/.local/lib/python3.8/site-packages/airflow/example_dags/example_time_delta_sensor_async.py for tasks to queue
[2023-08-31T15:39:07.337+0000] {logging_mixin.py:151} INFO - [2023-08-31T15:39:07.336+0000] {dagbag.py:539} INFO - Filling up the DagBag from /home/airflow/.local/lib/python3.8/site-packages/airflow/example_dags/example_time_delta_sensor_async.py
[2023-08-31T15:39:07.344+0000] {processor.py:839} INFO - DAG(s) dict_keys(['example_time_delta_sensor_async']) retrieved from /home/airflow/.local/lib/python3.8/site-packages/airflow/example_dags/example_time_delta_sensor_async.py
[2023-08-31T15:39:07.373+0000] {logging_mixin.py:151} INFO - [2023-08-31T15:39:07.373+0000] {dag.py:2907} INFO - Sync 1 DAGs
[2023-08-31T15:39:07.391+0000] {logging_mixin.py:151} INFO - [2023-08-31T15:39:07.391+0000] {dag.py:3677} INFO - Setting next_dagrun for example_time_delta_sensor_async to None, run_after=None
[2023-08-31T15:39:07.417+0000] {processor.py:179} INFO - Processing /home/airflow/.local/lib/python3.8/site-packages/airflow/example_dags/example_time_delta_sensor_async.py took 0.088 seconds
[2023-08-31T18:03:07.327+0000] {processor.py:157} INFO - Started process (PID=73051) to work on /home/airflow/.local/lib/python3.8/site-packages/airflow/example_dags/example_time_delta_sensor_async.py
[2023-08-31T18:03:07.329+0000] {processor.py:829} INFO - Processing file /home/airflow/.local/lib/python3.8/site-packages/airflow/example_dags/example_time_delta_sensor_async.py for tasks to queue
[2023-08-31T18:03:07.330+0000] {logging_mixin.py:151} INFO - [2023-08-31T18:03:07.330+0000] {dagbag.py:539} INFO - Filling up the DagBag from /home/airflow/.local/lib/python3.8/site-packages/airflow/example_dags/example_time_delta_sensor_async.py
[2023-08-31T18:03:07.336+0000] {processor.py:839} INFO - DAG(s) dict_keys(['example_time_delta_sensor_async']) retrieved from /home/airflow/.local/lib/python3.8/site-packages/airflow/example_dags/example_time_delta_sensor_async.py
[2023-08-31T18:03:07.362+0000] {logging_mixin.py:151} INFO - [2023-08-31T18:03:07.362+0000] {dag.py:2907} INFO - Sync 1 DAGs
[2023-08-31T18:03:07.378+0000] {logging_mixin.py:151} INFO - [2023-08-31T18:03:07.378+0000] {dag.py:3677} INFO - Setting next_dagrun for example_time_delta_sensor_async to None, run_after=None
[2023-08-31T18:03:07.400+0000] {processor.py:179} INFO - Processing /home/airflow/.local/lib/python3.8/site-packages/airflow/example_dags/example_time_delta_sensor_async.py took 0.077 seconds
[2023-08-31T20:15:37.245+0000] {processor.py:157} INFO - Started process (PID=73105) to work on /home/airflow/.local/lib/python3.8/site-packages/airflow/example_dags/example_time_delta_sensor_async.py
[2023-08-31T20:15:37.247+0000] {processor.py:829} INFO - Processing file /home/airflow/.local/lib/python3.8/site-packages/airflow/example_dags/example_time_delta_sensor_async.py for tasks to queue
[2023-08-31T20:15:37.248+0000] {logging_mixin.py:151} INFO - [2023-08-31T20:15:37.248+0000] {dagbag.py:539} INFO - Filling up the DagBag from /home/airflow/.local/lib/python3.8/site-packages/airflow/example_dags/example_time_delta_sensor_async.py
[2023-08-31T20:15:37.254+0000] {processor.py:839} INFO - DAG(s) dict_keys(['example_time_delta_sensor_async']) retrieved from /home/airflow/.local/lib/python3.8/site-packages/airflow/example_dags/example_time_delta_sensor_async.py
[2023-08-31T20:15:37.280+0000] {logging_mixin.py:151} INFO - [2023-08-31T20:15:37.280+0000] {dag.py:2907} INFO - Sync 1 DAGs
[2023-08-31T20:15:37.295+0000] {logging_mixin.py:151} INFO - [2023-08-31T20:15:37.295+0000] {dag.py:3677} INFO - Setting next_dagrun for example_time_delta_sensor_async to None, run_after=None
[2023-08-31T20:15:37.317+0000] {processor.py:179} INFO - Processing /home/airflow/.local/lib/python3.8/site-packages/airflow/example_dags/example_time_delta_sensor_async.py took 0.076 seconds
