[2023-08-31T00:06:06.162+0000] {processor.py:157} INFO - Started process (PID=72768) to work on /home/airflow/.local/lib/python3.8/site-packages/airflow/example_dags/example_dynamic_task_mapping_with_no_taskflow_operators.py
[2023-08-31T00:06:06.163+0000] {processor.py:829} INFO - Processing file /home/airflow/.local/lib/python3.8/site-packages/airflow/example_dags/example_dynamic_task_mapping_with_no_taskflow_operators.py for tasks to queue
[2023-08-31T00:06:06.165+0000] {logging_mixin.py:151} INFO - [2023-08-31T00:06:06.165+0000] {dagbag.py:539} INFO - Filling up the DagBag from /home/airflow/.local/lib/python3.8/site-packages/airflow/example_dags/example_dynamic_task_mapping_with_no_taskflow_operators.py
[2023-08-31T00:06:06.174+0000] {processor.py:839} INFO - DAG(s) dict_keys(['example_dynamic_task_mapping_with_no_taskflow_operators']) retrieved from /home/airflow/.local/lib/python3.8/site-packages/airflow/example_dags/example_dynamic_task_mapping_with_no_taskflow_operators.py
[2023-08-31T00:06:06.201+0000] {logging_mixin.py:151} INFO - [2023-08-31T00:06:06.201+0000] {dag.py:2907} INFO - Sync 1 DAGs
[2023-08-31T00:06:06.225+0000] {logging_mixin.py:151} INFO - [2023-08-31T00:06:06.225+0000] {dag.py:3677} INFO - Setting next_dagrun for example_dynamic_task_mapping_with_no_taskflow_operators to 2023-08-30T00:06:06.225325+00:00, run_after=2023-08-31T00:06:06.225325+00:00
[2023-08-31T00:06:06.246+0000] {processor.py:179} INFO - Processing /home/airflow/.local/lib/python3.8/site-packages/airflow/example_dags/example_dynamic_task_mapping_with_no_taskflow_operators.py took 0.090 seconds
[2023-08-31T01:36:32.837+0000] {processor.py:157} INFO - Started process (PID=72823) to work on /home/airflow/.local/lib/python3.8/site-packages/airflow/example_dags/example_dynamic_task_mapping_with_no_taskflow_operators.py
[2023-08-31T01:36:32.838+0000] {processor.py:829} INFO - Processing file /home/airflow/.local/lib/python3.8/site-packages/airflow/example_dags/example_dynamic_task_mapping_with_no_taskflow_operators.py for tasks to queue
[2023-08-31T01:36:32.839+0000] {logging_mixin.py:151} INFO - [2023-08-31T01:36:32.839+0000] {dagbag.py:539} INFO - Filling up the DagBag from /home/airflow/.local/lib/python3.8/site-packages/airflow/example_dags/example_dynamic_task_mapping_with_no_taskflow_operators.py
[2023-08-31T01:36:32.847+0000] {processor.py:839} INFO - DAG(s) dict_keys(['example_dynamic_task_mapping_with_no_taskflow_operators']) retrieved from /home/airflow/.local/lib/python3.8/site-packages/airflow/example_dags/example_dynamic_task_mapping_with_no_taskflow_operators.py
[2023-08-31T01:36:32.873+0000] {logging_mixin.py:151} INFO - [2023-08-31T01:36:32.872+0000] {dag.py:2907} INFO - Sync 1 DAGs
[2023-08-31T01:36:32.897+0000] {logging_mixin.py:151} INFO - [2023-08-31T01:36:32.897+0000] {dag.py:3677} INFO - Setting next_dagrun for example_dynamic_task_mapping_with_no_taskflow_operators to 2023-08-30T01:36:32.896743+00:00, run_after=2023-08-31T01:36:32.896743+00:00
[2023-08-31T01:36:32.918+0000] {processor.py:179} INFO - Processing /home/airflow/.local/lib/python3.8/site-packages/airflow/example_dags/example_dynamic_task_mapping_with_no_taskflow_operators.py took 0.086 seconds
[2023-08-31T04:06:16.701+0000] {processor.py:157} INFO - Started process (PID=72878) to work on /home/airflow/.local/lib/python3.8/site-packages/airflow/example_dags/example_dynamic_task_mapping_with_no_taskflow_operators.py
[2023-08-31T04:06:16.702+0000] {processor.py:829} INFO - Processing file /home/airflow/.local/lib/python3.8/site-packages/airflow/example_dags/example_dynamic_task_mapping_with_no_taskflow_operators.py for tasks to queue
[2023-08-31T04:06:16.704+0000] {logging_mixin.py:151} INFO - [2023-08-31T04:06:16.703+0000] {dagbag.py:539} INFO - Filling up the DagBag from /home/airflow/.local/lib/python3.8/site-packages/airflow/example_dags/example_dynamic_task_mapping_with_no_taskflow_operators.py
[2023-08-31T04:06:16.712+0000] {processor.py:839} INFO - DAG(s) dict_keys(['example_dynamic_task_mapping_with_no_taskflow_operators']) retrieved from /home/airflow/.local/lib/python3.8/site-packages/airflow/example_dags/example_dynamic_task_mapping_with_no_taskflow_operators.py
[2023-08-31T04:06:16.738+0000] {logging_mixin.py:151} INFO - [2023-08-31T04:06:16.737+0000] {dag.py:2907} INFO - Sync 1 DAGs
[2023-08-31T04:06:16.763+0000] {logging_mixin.py:151} INFO - [2023-08-31T04:06:16.763+0000] {dag.py:3677} INFO - Setting next_dagrun for example_dynamic_task_mapping_with_no_taskflow_operators to 2023-08-30T04:06:16.762935+00:00, run_after=2023-08-31T04:06:16.762935+00:00
[2023-08-31T04:06:16.784+0000] {processor.py:179} INFO - Processing /home/airflow/.local/lib/python3.8/site-packages/airflow/example_dags/example_dynamic_task_mapping_with_no_taskflow_operators.py took 0.088 seconds
[2023-08-31T09:48:43.889+0000] {processor.py:157} INFO - Started process (PID=72955) to work on /home/airflow/.local/lib/python3.8/site-packages/airflow/example_dags/example_dynamic_task_mapping_with_no_taskflow_operators.py
[2023-08-31T09:48:43.890+0000] {processor.py:829} INFO - Processing file /home/airflow/.local/lib/python3.8/site-packages/airflow/example_dags/example_dynamic_task_mapping_with_no_taskflow_operators.py for tasks to queue
[2023-08-31T09:48:43.892+0000] {logging_mixin.py:151} INFO - [2023-08-31T09:48:43.891+0000] {dagbag.py:539} INFO - Filling up the DagBag from /home/airflow/.local/lib/python3.8/site-packages/airflow/example_dags/example_dynamic_task_mapping_with_no_taskflow_operators.py
[2023-08-31T09:48:43.899+0000] {processor.py:839} INFO - DAG(s) dict_keys(['example_dynamic_task_mapping_with_no_taskflow_operators']) retrieved from /home/airflow/.local/lib/python3.8/site-packages/airflow/example_dags/example_dynamic_task_mapping_with_no_taskflow_operators.py
[2023-08-31T09:48:43.925+0000] {logging_mixin.py:151} INFO - [2023-08-31T09:48:43.925+0000] {dag.py:2907} INFO - Sync 1 DAGs
[2023-08-31T09:48:43.960+0000] {logging_mixin.py:151} INFO - [2023-08-31T09:48:43.960+0000] {dag.py:3677} INFO - Setting next_dagrun for example_dynamic_task_mapping_with_no_taskflow_operators to 2023-08-30T09:48:43.959452+00:00, run_after=2023-08-31T09:48:43.959452+00:00
[2023-08-31T09:48:43.987+0000] {processor.py:179} INFO - Processing /home/airflow/.local/lib/python3.8/site-packages/airflow/example_dags/example_dynamic_task_mapping_with_no_taskflow_operators.py took 0.103 seconds
[2023-08-31T15:39:08.844+0000] {processor.py:157} INFO - Started process (PID=73010) to work on /home/airflow/.local/lib/python3.8/site-packages/airflow/example_dags/example_dynamic_task_mapping_with_no_taskflow_operators.py
[2023-08-31T15:39:08.846+0000] {processor.py:829} INFO - Processing file /home/airflow/.local/lib/python3.8/site-packages/airflow/example_dags/example_dynamic_task_mapping_with_no_taskflow_operators.py for tasks to queue
[2023-08-31T15:39:08.847+0000] {logging_mixin.py:151} INFO - [2023-08-31T15:39:08.847+0000] {dagbag.py:539} INFO - Filling up the DagBag from /home/airflow/.local/lib/python3.8/site-packages/airflow/example_dags/example_dynamic_task_mapping_with_no_taskflow_operators.py
[2023-08-31T15:39:08.855+0000] {processor.py:839} INFO - DAG(s) dict_keys(['example_dynamic_task_mapping_with_no_taskflow_operators']) retrieved from /home/airflow/.local/lib/python3.8/site-packages/airflow/example_dags/example_dynamic_task_mapping_with_no_taskflow_operators.py
[2023-08-31T15:39:08.880+0000] {logging_mixin.py:151} INFO - [2023-08-31T15:39:08.880+0000] {dag.py:2907} INFO - Sync 1 DAGs
[2023-08-31T15:39:08.904+0000] {logging_mixin.py:151} INFO - [2023-08-31T15:39:08.904+0000] {dag.py:3677} INFO - Setting next_dagrun for example_dynamic_task_mapping_with_no_taskflow_operators to 2023-08-30T15:39:08.904447+00:00, run_after=2023-08-31T15:39:08.904447+00:00
[2023-08-31T15:39:08.925+0000] {processor.py:179} INFO - Processing /home/airflow/.local/lib/python3.8/site-packages/airflow/example_dags/example_dynamic_task_mapping_with_no_taskflow_operators.py took 0.085 seconds
[2023-08-31T18:03:08.589+0000] {processor.py:157} INFO - Started process (PID=73065) to work on /home/airflow/.local/lib/python3.8/site-packages/airflow/example_dags/example_dynamic_task_mapping_with_no_taskflow_operators.py
[2023-08-31T18:03:08.591+0000] {processor.py:829} INFO - Processing file /home/airflow/.local/lib/python3.8/site-packages/airflow/example_dags/example_dynamic_task_mapping_with_no_taskflow_operators.py for tasks to queue
[2023-08-31T18:03:08.592+0000] {logging_mixin.py:151} INFO - [2023-08-31T18:03:08.592+0000] {dagbag.py:539} INFO - Filling up the DagBag from /home/airflow/.local/lib/python3.8/site-packages/airflow/example_dags/example_dynamic_task_mapping_with_no_taskflow_operators.py
[2023-08-31T18:03:08.600+0000] {processor.py:839} INFO - DAG(s) dict_keys(['example_dynamic_task_mapping_with_no_taskflow_operators']) retrieved from /home/airflow/.local/lib/python3.8/site-packages/airflow/example_dags/example_dynamic_task_mapping_with_no_taskflow_operators.py
[2023-08-31T18:03:08.626+0000] {logging_mixin.py:151} INFO - [2023-08-31T18:03:08.625+0000] {dag.py:2907} INFO - Sync 1 DAGs
[2023-08-31T18:03:08.650+0000] {logging_mixin.py:151} INFO - [2023-08-31T18:03:08.650+0000] {dag.py:3677} INFO - Setting next_dagrun for example_dynamic_task_mapping_with_no_taskflow_operators to 2023-08-30T18:03:08.650267+00:00, run_after=2023-08-31T18:03:08.650267+00:00
[2023-08-31T18:03:08.671+0000] {processor.py:179} INFO - Processing /home/airflow/.local/lib/python3.8/site-packages/airflow/example_dags/example_dynamic_task_mapping_with_no_taskflow_operators.py took 0.086 seconds
