[2023-08-31T00:06:05.902+0000] {processor.py:157} INFO - Started process (PID=72766) to work on /home/airflow/.local/lib/python3.8/site-packages/airflow/example_dags/example_short_circuit_operator.py
[2023-08-31T00:06:05.903+0000] {processor.py:829} INFO - Processing file /home/airflow/.local/lib/python3.8/site-packages/airflow/example_dags/example_short_circuit_operator.py for tasks to queue
[2023-08-31T00:06:05.904+0000] {logging_mixin.py:151} INFO - [2023-08-31T00:06:05.904+0000] {dagbag.py:539} INFO - Filling up the DagBag from /home/airflow/.local/lib/python3.8/site-packages/airflow/example_dags/example_short_circuit_operator.py
[2023-08-31T00:06:05.913+0000] {processor.py:839} INFO - DAG(s) dict_keys(['example_short_circuit_operator']) retrieved from /home/airflow/.local/lib/python3.8/site-packages/airflow/example_dags/example_short_circuit_operator.py
[2023-08-31T00:06:05.951+0000] {logging_mixin.py:151} INFO - [2023-08-31T00:06:05.950+0000] {dag.py:2907} INFO - Sync 1 DAGs
[2023-08-31T00:06:05.977+0000] {logging_mixin.py:151} INFO - [2023-08-31T00:06:05.976+0000] {dag.py:3677} INFO - Setting next_dagrun for example_short_circuit_operator to 2023-08-30T00:06:05.976669+00:00, run_after=2023-08-31T00:06:05.976669+00:00
[2023-08-31T00:06:06.002+0000] {processor.py:179} INFO - Processing /home/airflow/.local/lib/python3.8/site-packages/airflow/example_dags/example_short_circuit_operator.py took 0.105 seconds
[2023-08-31T01:36:32.597+0000] {processor.py:157} INFO - Started process (PID=72821) to work on /home/airflow/.local/lib/python3.8/site-packages/airflow/example_dags/example_short_circuit_operator.py
[2023-08-31T01:36:32.599+0000] {processor.py:829} INFO - Processing file /home/airflow/.local/lib/python3.8/site-packages/airflow/example_dags/example_short_circuit_operator.py for tasks to queue
[2023-08-31T01:36:32.600+0000] {logging_mixin.py:151} INFO - [2023-08-31T01:36:32.600+0000] {dagbag.py:539} INFO - Filling up the DagBag from /home/airflow/.local/lib/python3.8/site-packages/airflow/example_dags/example_short_circuit_operator.py
[2023-08-31T01:36:32.611+0000] {processor.py:839} INFO - DAG(s) dict_keys(['example_short_circuit_operator']) retrieved from /home/airflow/.local/lib/python3.8/site-packages/airflow/example_dags/example_short_circuit_operator.py
[2023-08-31T01:36:32.647+0000] {logging_mixin.py:151} INFO - [2023-08-31T01:36:32.647+0000] {dag.py:2907} INFO - Sync 1 DAGs
[2023-08-31T01:36:32.675+0000] {logging_mixin.py:151} INFO - [2023-08-31T01:36:32.674+0000] {dag.py:3677} INFO - Setting next_dagrun for example_short_circuit_operator to 2023-08-30T01:36:32.674525+00:00, run_after=2023-08-31T01:36:32.674525+00:00
[2023-08-31T01:36:32.696+0000] {processor.py:179} INFO - Processing /home/airflow/.local/lib/python3.8/site-packages/airflow/example_dags/example_short_circuit_operator.py took 0.104 seconds
[2023-08-31T04:06:16.455+0000] {processor.py:157} INFO - Started process (PID=72876) to work on /home/airflow/.local/lib/python3.8/site-packages/airflow/example_dags/example_short_circuit_operator.py
[2023-08-31T04:06:16.457+0000] {processor.py:829} INFO - Processing file /home/airflow/.local/lib/python3.8/site-packages/airflow/example_dags/example_short_circuit_operator.py for tasks to queue
[2023-08-31T04:06:16.459+0000] {logging_mixin.py:151} INFO - [2023-08-31T04:06:16.458+0000] {dagbag.py:539} INFO - Filling up the DagBag from /home/airflow/.local/lib/python3.8/site-packages/airflow/example_dags/example_short_circuit_operator.py
[2023-08-31T04:06:16.469+0000] {processor.py:839} INFO - DAG(s) dict_keys(['example_short_circuit_operator']) retrieved from /home/airflow/.local/lib/python3.8/site-packages/airflow/example_dags/example_short_circuit_operator.py
[2023-08-31T04:06:16.504+0000] {logging_mixin.py:151} INFO - [2023-08-31T04:06:16.504+0000] {dag.py:2907} INFO - Sync 1 DAGs
[2023-08-31T04:06:16.532+0000] {logging_mixin.py:151} INFO - [2023-08-31T04:06:16.531+0000] {dag.py:3677} INFO - Setting next_dagrun for example_short_circuit_operator to 2023-08-30T04:06:16.531500+00:00, run_after=2023-08-31T04:06:16.531500+00:00
[2023-08-31T04:06:16.556+0000] {processor.py:179} INFO - Processing /home/airflow/.local/lib/python3.8/site-packages/airflow/example_dags/example_short_circuit_operator.py took 0.105 seconds
[2023-08-31T09:48:43.620+0000] {processor.py:157} INFO - Started process (PID=72953) to work on /home/airflow/.local/lib/python3.8/site-packages/airflow/example_dags/example_short_circuit_operator.py
[2023-08-31T09:48:43.622+0000] {processor.py:829} INFO - Processing file /home/airflow/.local/lib/python3.8/site-packages/airflow/example_dags/example_short_circuit_operator.py for tasks to queue
[2023-08-31T09:48:43.623+0000] {logging_mixin.py:151} INFO - [2023-08-31T09:48:43.623+0000] {dagbag.py:539} INFO - Filling up the DagBag from /home/airflow/.local/lib/python3.8/site-packages/airflow/example_dags/example_short_circuit_operator.py
[2023-08-31T09:48:43.632+0000] {processor.py:839} INFO - DAG(s) dict_keys(['example_short_circuit_operator']) retrieved from /home/airflow/.local/lib/python3.8/site-packages/airflow/example_dags/example_short_circuit_operator.py
[2023-08-31T09:48:43.666+0000] {logging_mixin.py:151} INFO - [2023-08-31T09:48:43.666+0000] {dag.py:2907} INFO - Sync 1 DAGs
[2023-08-31T09:48:43.696+0000] {logging_mixin.py:151} INFO - [2023-08-31T09:48:43.696+0000] {dag.py:3677} INFO - Setting next_dagrun for example_short_circuit_operator to 2023-08-30T09:48:43.695989+00:00, run_after=2023-08-31T09:48:43.695989+00:00
[2023-08-31T09:48:43.723+0000] {processor.py:179} INFO - Processing /home/airflow/.local/lib/python3.8/site-packages/airflow/example_dags/example_short_circuit_operator.py took 0.108 seconds
[2023-08-31T15:39:08.596+0000] {processor.py:157} INFO - Started process (PID=73008) to work on /home/airflow/.local/lib/python3.8/site-packages/airflow/example_dags/example_short_circuit_operator.py
[2023-08-31T15:39:08.597+0000] {processor.py:829} INFO - Processing file /home/airflow/.local/lib/python3.8/site-packages/airflow/example_dags/example_short_circuit_operator.py for tasks to queue
[2023-08-31T15:39:08.599+0000] {logging_mixin.py:151} INFO - [2023-08-31T15:39:08.599+0000] {dagbag.py:539} INFO - Filling up the DagBag from /home/airflow/.local/lib/python3.8/site-packages/airflow/example_dags/example_short_circuit_operator.py
[2023-08-31T15:39:08.609+0000] {processor.py:839} INFO - DAG(s) dict_keys(['example_short_circuit_operator']) retrieved from /home/airflow/.local/lib/python3.8/site-packages/airflow/example_dags/example_short_circuit_operator.py
[2023-08-31T15:39:08.644+0000] {logging_mixin.py:151} INFO - [2023-08-31T15:39:08.644+0000] {dag.py:2907} INFO - Sync 1 DAGs
[2023-08-31T15:39:08.672+0000] {logging_mixin.py:151} INFO - [2023-08-31T15:39:08.672+0000] {dag.py:3677} INFO - Setting next_dagrun for example_short_circuit_operator to 2023-08-30T15:39:08.672247+00:00, run_after=2023-08-31T15:39:08.672247+00:00
[2023-08-31T15:39:08.698+0000] {processor.py:179} INFO - Processing /home/airflow/.local/lib/python3.8/site-packages/airflow/example_dags/example_short_circuit_operator.py took 0.108 seconds
[2023-08-31T18:03:08.346+0000] {processor.py:157} INFO - Started process (PID=73063) to work on /home/airflow/.local/lib/python3.8/site-packages/airflow/example_dags/example_short_circuit_operator.py
[2023-08-31T18:03:08.348+0000] {processor.py:829} INFO - Processing file /home/airflow/.local/lib/python3.8/site-packages/airflow/example_dags/example_short_circuit_operator.py for tasks to queue
[2023-08-31T18:03:08.349+0000] {logging_mixin.py:151} INFO - [2023-08-31T18:03:08.349+0000] {dagbag.py:539} INFO - Filling up the DagBag from /home/airflow/.local/lib/python3.8/site-packages/airflow/example_dags/example_short_circuit_operator.py
[2023-08-31T18:03:08.360+0000] {processor.py:839} INFO - DAG(s) dict_keys(['example_short_circuit_operator']) retrieved from /home/airflow/.local/lib/python3.8/site-packages/airflow/example_dags/example_short_circuit_operator.py
[2023-08-31T18:03:08.396+0000] {logging_mixin.py:151} INFO - [2023-08-31T18:03:08.395+0000] {dag.py:2907} INFO - Sync 1 DAGs
[2023-08-31T18:03:08.422+0000] {logging_mixin.py:151} INFO - [2023-08-31T18:03:08.422+0000] {dag.py:3677} INFO - Setting next_dagrun for example_short_circuit_operator to 2023-08-30T18:03:08.421877+00:00, run_after=2023-08-31T18:03:08.421877+00:00
[2023-08-31T18:03:08.445+0000] {processor.py:179} INFO - Processing /home/airflow/.local/lib/python3.8/site-packages/airflow/example_dags/example_short_circuit_operator.py took 0.105 seconds
[2023-08-31T20:15:38.232+0000] {processor.py:157} INFO - Started process (PID=73117) to work on /home/airflow/.local/lib/python3.8/site-packages/airflow/example_dags/example_short_circuit_operator.py
[2023-08-31T20:15:38.234+0000] {processor.py:829} INFO - Processing file /home/airflow/.local/lib/python3.8/site-packages/airflow/example_dags/example_short_circuit_operator.py for tasks to queue
[2023-08-31T20:15:38.235+0000] {logging_mixin.py:151} INFO - [2023-08-31T20:15:38.234+0000] {dagbag.py:539} INFO - Filling up the DagBag from /home/airflow/.local/lib/python3.8/site-packages/airflow/example_dags/example_short_circuit_operator.py
[2023-08-31T20:15:38.245+0000] {processor.py:839} INFO - DAG(s) dict_keys(['example_short_circuit_operator']) retrieved from /home/airflow/.local/lib/python3.8/site-packages/airflow/example_dags/example_short_circuit_operator.py
[2023-08-31T20:15:38.281+0000] {logging_mixin.py:151} INFO - [2023-08-31T20:15:38.281+0000] {dag.py:2907} INFO - Sync 1 DAGs
[2023-09-01T02:15:42.129+0000] {logging_mixin.py:151} INFO - [2023-09-01T02:15:42.116+0000] {dag.py:3677} INFO - Setting next_dagrun for example_short_circuit_operator to 2023-08-31T02:15:42.116149+00:00, run_after=2023-09-01T02:15:42.116149+00:00
[2023-09-01T02:15:42.235+0000] {processor.py:179} INFO - Processing /home/airflow/.local/lib/python3.8/site-packages/airflow/example_dags/example_short_circuit_operator.py took 21603.753 seconds
