[2023-08-31T00:06:05.166+0000] {processor.py:157} INFO - Started process (PID=72760) to work on /home/airflow/.local/lib/python3.8/site-packages/airflow/example_dags/example_python_operator.py
[2023-08-31T00:06:05.167+0000] {processor.py:829} INFO - Processing file /home/airflow/.local/lib/python3.8/site-packages/airflow/example_dags/example_python_operator.py for tasks to queue
[2023-08-31T00:06:05.169+0000] {logging_mixin.py:151} INFO - [2023-08-31T00:06:05.168+0000] {dagbag.py:539} INFO - Filling up the DagBag from /home/airflow/.local/lib/python3.8/site-packages/airflow/example_dags/example_python_operator.py
[2023-08-31T00:06:05.182+0000] {processor.py:839} INFO - DAG(s) dict_keys(['example_python_operator']) retrieved from /home/airflow/.local/lib/python3.8/site-packages/airflow/example_dags/example_python_operator.py
[2023-08-31T00:06:05.213+0000] {logging_mixin.py:151} INFO - [2023-08-31T00:06:05.213+0000] {dag.py:2907} INFO - Sync 1 DAGs
[2023-08-31T00:06:05.229+0000] {logging_mixin.py:151} INFO - [2023-08-31T00:06:05.229+0000] {dag.py:3677} INFO - Setting next_dagrun for example_python_operator to None, run_after=None
[2023-08-31T00:06:05.251+0000] {processor.py:179} INFO - Processing /home/airflow/.local/lib/python3.8/site-packages/airflow/example_dags/example_python_operator.py took 0.090 seconds
[2023-08-31T01:36:31.970+0000] {processor.py:157} INFO - Started process (PID=72815) to work on /home/airflow/.local/lib/python3.8/site-packages/airflow/example_dags/example_python_operator.py
[2023-08-31T01:36:31.971+0000] {processor.py:829} INFO - Processing file /home/airflow/.local/lib/python3.8/site-packages/airflow/example_dags/example_python_operator.py for tasks to queue
[2023-08-31T01:36:31.973+0000] {logging_mixin.py:151} INFO - [2023-08-31T01:36:31.972+0000] {dagbag.py:539} INFO - Filling up the DagBag from /home/airflow/.local/lib/python3.8/site-packages/airflow/example_dags/example_python_operator.py
[2023-08-31T01:36:31.986+0000] {processor.py:839} INFO - DAG(s) dict_keys(['example_python_operator']) retrieved from /home/airflow/.local/lib/python3.8/site-packages/airflow/example_dags/example_python_operator.py
[2023-08-31T01:36:32.016+0000] {logging_mixin.py:151} INFO - [2023-08-31T01:36:32.015+0000] {dag.py:2907} INFO - Sync 1 DAGs
[2023-08-31T01:36:32.030+0000] {logging_mixin.py:151} INFO - [2023-08-31T01:36:32.030+0000] {dag.py:3677} INFO - Setting next_dagrun for example_python_operator to None, run_after=None
[2023-08-31T01:36:32.051+0000] {processor.py:179} INFO - Processing /home/airflow/.local/lib/python3.8/site-packages/airflow/example_dags/example_python_operator.py took 0.085 seconds
[2023-08-31T04:06:15.810+0000] {processor.py:157} INFO - Started process (PID=72870) to work on /home/airflow/.local/lib/python3.8/site-packages/airflow/example_dags/example_python_operator.py
[2023-08-31T04:06:15.811+0000] {processor.py:829} INFO - Processing file /home/airflow/.local/lib/python3.8/site-packages/airflow/example_dags/example_python_operator.py for tasks to queue
[2023-08-31T04:06:15.812+0000] {logging_mixin.py:151} INFO - [2023-08-31T04:06:15.812+0000] {dagbag.py:539} INFO - Filling up the DagBag from /home/airflow/.local/lib/python3.8/site-packages/airflow/example_dags/example_python_operator.py
[2023-08-31T04:06:15.826+0000] {processor.py:839} INFO - DAG(s) dict_keys(['example_python_operator']) retrieved from /home/airflow/.local/lib/python3.8/site-packages/airflow/example_dags/example_python_operator.py
[2023-08-31T04:06:15.856+0000] {logging_mixin.py:151} INFO - [2023-08-31T04:06:15.856+0000] {dag.py:2907} INFO - Sync 1 DAGs
[2023-08-31T04:06:15.872+0000] {logging_mixin.py:151} INFO - [2023-08-31T04:06:15.872+0000] {dag.py:3677} INFO - Setting next_dagrun for example_python_operator to None, run_after=None
[2023-08-31T04:06:15.894+0000] {processor.py:179} INFO - Processing /home/airflow/.local/lib/python3.8/site-packages/airflow/example_dags/example_python_operator.py took 0.089 seconds
[2023-08-31T09:48:43.020+0000] {processor.py:157} INFO - Started process (PID=72947) to work on /home/airflow/.local/lib/python3.8/site-packages/airflow/example_dags/example_python_operator.py
[2023-08-31T09:48:43.021+0000] {processor.py:829} INFO - Processing file /home/airflow/.local/lib/python3.8/site-packages/airflow/example_dags/example_python_operator.py for tasks to queue
[2023-08-31T09:48:43.023+0000] {logging_mixin.py:151} INFO - [2023-08-31T09:48:43.022+0000] {dagbag.py:539} INFO - Filling up the DagBag from /home/airflow/.local/lib/python3.8/site-packages/airflow/example_dags/example_python_operator.py
[2023-08-31T09:48:43.038+0000] {processor.py:839} INFO - DAG(s) dict_keys(['example_python_operator']) retrieved from /home/airflow/.local/lib/python3.8/site-packages/airflow/example_dags/example_python_operator.py
[2023-08-31T09:48:43.067+0000] {logging_mixin.py:151} INFO - [2023-08-31T09:48:43.067+0000] {dag.py:2907} INFO - Sync 1 DAGs
[2023-08-31T09:48:43.084+0000] {logging_mixin.py:151} INFO - [2023-08-31T09:48:43.084+0000] {dag.py:3677} INFO - Setting next_dagrun for example_python_operator to None, run_after=None
[2023-08-31T09:48:43.106+0000] {processor.py:179} INFO - Processing /home/airflow/.local/lib/python3.8/site-packages/airflow/example_dags/example_python_operator.py took 0.091 seconds
[2023-08-31T15:39:07.772+0000] {processor.py:157} INFO - Started process (PID=73002) to work on /home/airflow/.local/lib/python3.8/site-packages/airflow/example_dags/example_python_operator.py
[2023-08-31T15:39:07.774+0000] {processor.py:829} INFO - Processing file /home/airflow/.local/lib/python3.8/site-packages/airflow/example_dags/example_python_operator.py for tasks to queue
[2023-08-31T15:39:07.776+0000] {logging_mixin.py:151} INFO - [2023-08-31T15:39:07.775+0000] {dagbag.py:539} INFO - Filling up the DagBag from /home/airflow/.local/lib/python3.8/site-packages/airflow/example_dags/example_python_operator.py
[2023-08-31T15:39:07.792+0000] {processor.py:839} INFO - DAG(s) dict_keys(['example_python_operator']) retrieved from /home/airflow/.local/lib/python3.8/site-packages/airflow/example_dags/example_python_operator.py
[2023-08-31T15:39:07.828+0000] {logging_mixin.py:151} INFO - [2023-08-31T15:39:07.828+0000] {dag.py:2907} INFO - Sync 1 DAGs
[2023-08-31T15:39:07.846+0000] {logging_mixin.py:151} INFO - [2023-08-31T15:39:07.846+0000] {dag.py:3677} INFO - Setting next_dagrun for example_python_operator to None, run_after=None
[2023-08-31T15:39:07.872+0000] {processor.py:179} INFO - Processing /home/airflow/.local/lib/python3.8/site-packages/airflow/example_dags/example_python_operator.py took 0.105 seconds
[2023-08-31T18:03:07.688+0000] {processor.py:157} INFO - Started process (PID=73057) to work on /home/airflow/.local/lib/python3.8/site-packages/airflow/example_dags/example_python_operator.py
[2023-08-31T18:03:07.690+0000] {processor.py:829} INFO - Processing file /home/airflow/.local/lib/python3.8/site-packages/airflow/example_dags/example_python_operator.py for tasks to queue
[2023-08-31T18:03:07.691+0000] {logging_mixin.py:151} INFO - [2023-08-31T18:03:07.691+0000] {dagbag.py:539} INFO - Filling up the DagBag from /home/airflow/.local/lib/python3.8/site-packages/airflow/example_dags/example_python_operator.py
[2023-08-31T18:03:07.705+0000] {processor.py:839} INFO - DAG(s) dict_keys(['example_python_operator']) retrieved from /home/airflow/.local/lib/python3.8/site-packages/airflow/example_dags/example_python_operator.py
[2023-08-31T18:03:07.734+0000] {logging_mixin.py:151} INFO - [2023-08-31T18:03:07.734+0000] {dag.py:2907} INFO - Sync 1 DAGs
[2023-08-31T18:03:07.749+0000] {logging_mixin.py:151} INFO - [2023-08-31T18:03:07.749+0000] {dag.py:3677} INFO - Setting next_dagrun for example_python_operator to None, run_after=None
[2023-08-31T18:03:07.770+0000] {processor.py:179} INFO - Processing /home/airflow/.local/lib/python3.8/site-packages/airflow/example_dags/example_python_operator.py took 0.086 seconds
[2023-08-31T20:15:37.621+0000] {processor.py:157} INFO - Started process (PID=73111) to work on /home/airflow/.local/lib/python3.8/site-packages/airflow/example_dags/example_python_operator.py
[2023-08-31T20:15:37.623+0000] {processor.py:829} INFO - Processing file /home/airflow/.local/lib/python3.8/site-packages/airflow/example_dags/example_python_operator.py for tasks to queue
[2023-08-31T20:15:37.624+0000] {logging_mixin.py:151} INFO - [2023-08-31T20:15:37.624+0000] {dagbag.py:539} INFO - Filling up the DagBag from /home/airflow/.local/lib/python3.8/site-packages/airflow/example_dags/example_python_operator.py
[2023-08-31T20:15:37.640+0000] {processor.py:839} INFO - DAG(s) dict_keys(['example_python_operator']) retrieved from /home/airflow/.local/lib/python3.8/site-packages/airflow/example_dags/example_python_operator.py
[2023-08-31T20:15:37.673+0000] {logging_mixin.py:151} INFO - [2023-08-31T20:15:37.672+0000] {dag.py:2907} INFO - Sync 1 DAGs
[2023-08-31T20:15:37.691+0000] {logging_mixin.py:151} INFO - [2023-08-31T20:15:37.690+0000] {dag.py:3677} INFO - Setting next_dagrun for example_python_operator to None, run_after=None
[2023-08-31T20:15:37.714+0000] {processor.py:179} INFO - Processing /home/airflow/.local/lib/python3.8/site-packages/airflow/example_dags/example_python_operator.py took 0.097 seconds
