[2023-08-31T00:06:06.377+0000] {processor.py:157} INFO - Started process (PID=72770) to work on /home/airflow/.local/lib/python3.8/site-packages/airflow/example_dags/example_latest_only_with_trigger.py
[2023-08-31T00:06:06.378+0000] {processor.py:829} INFO - Processing file /home/airflow/.local/lib/python3.8/site-packages/airflow/example_dags/example_latest_only_with_trigger.py for tasks to queue
[2023-08-31T00:06:06.379+0000] {logging_mixin.py:151} INFO - [2023-08-31T00:06:06.379+0000] {dagbag.py:539} INFO - Filling up the DagBag from /home/airflow/.local/lib/python3.8/site-packages/airflow/example_dags/example_latest_only_with_trigger.py
[2023-08-31T00:06:06.390+0000] {processor.py:839} INFO - DAG(s) dict_keys(['latest_only_with_trigger']) retrieved from /home/airflow/.local/lib/python3.8/site-packages/airflow/example_dags/example_latest_only_with_trigger.py
[2023-08-31T00:06:06.417+0000] {logging_mixin.py:151} INFO - [2023-08-31T00:06:06.417+0000] {dag.py:2907} INFO - Sync 1 DAGs
[2023-08-31T00:06:06.443+0000] {logging_mixin.py:151} INFO - [2023-08-31T00:06:06.443+0000] {dag.py:3677} INFO - Setting next_dagrun for latest_only_with_trigger to 2023-08-30T20:06:06.442901+00:00, run_after=2023-08-31T00:06:06.442901+00:00
[2023-08-31T00:06:06.464+0000] {processor.py:179} INFO - Processing /home/airflow/.local/lib/python3.8/site-packages/airflow/example_dags/example_latest_only_with_trigger.py took 0.091 seconds
[2023-08-31T01:36:32.965+0000] {processor.py:157} INFO - Started process (PID=72825) to work on /home/airflow/.local/lib/python3.8/site-packages/airflow/example_dags/example_latest_only_with_trigger.py
[2023-08-31T01:36:32.966+0000] {processor.py:829} INFO - Processing file /home/airflow/.local/lib/python3.8/site-packages/airflow/example_dags/example_latest_only_with_trigger.py for tasks to queue
[2023-08-31T01:36:32.967+0000] {logging_mixin.py:151} INFO - [2023-08-31T01:36:32.967+0000] {dagbag.py:539} INFO - Filling up the DagBag from /home/airflow/.local/lib/python3.8/site-packages/airflow/example_dags/example_latest_only_with_trigger.py
[2023-08-31T01:36:32.976+0000] {processor.py:839} INFO - DAG(s) dict_keys(['latest_only_with_trigger']) retrieved from /home/airflow/.local/lib/python3.8/site-packages/airflow/example_dags/example_latest_only_with_trigger.py
[2023-08-31T01:36:33.004+0000] {logging_mixin.py:151} INFO - [2023-08-31T01:36:33.004+0000] {dag.py:2907} INFO - Sync 1 DAGs
[2023-08-31T01:36:33.029+0000] {logging_mixin.py:151} INFO - [2023-08-31T01:36:33.029+0000] {dag.py:3677} INFO - Setting next_dagrun for latest_only_with_trigger to 2023-08-30T21:36:33.028833+00:00, run_after=2023-08-31T01:36:33.028833+00:00
[2023-08-31T01:36:33.051+0000] {processor.py:179} INFO - Processing /home/airflow/.local/lib/python3.8/site-packages/airflow/example_dags/example_latest_only_with_trigger.py took 0.091 seconds
[2023-08-31T04:06:16.835+0000] {processor.py:157} INFO - Started process (PID=72880) to work on /home/airflow/.local/lib/python3.8/site-packages/airflow/example_dags/example_latest_only_with_trigger.py
[2023-08-31T04:06:16.837+0000] {processor.py:829} INFO - Processing file /home/airflow/.local/lib/python3.8/site-packages/airflow/example_dags/example_latest_only_with_trigger.py for tasks to queue
[2023-08-31T04:06:16.838+0000] {logging_mixin.py:151} INFO - [2023-08-31T04:06:16.838+0000] {dagbag.py:539} INFO - Filling up the DagBag from /home/airflow/.local/lib/python3.8/site-packages/airflow/example_dags/example_latest_only_with_trigger.py
[2023-08-31T04:06:16.848+0000] {processor.py:839} INFO - DAG(s) dict_keys(['latest_only_with_trigger']) retrieved from /home/airflow/.local/lib/python3.8/site-packages/airflow/example_dags/example_latest_only_with_trigger.py
[2023-08-31T04:06:16.874+0000] {logging_mixin.py:151} INFO - [2023-08-31T04:06:16.874+0000] {dag.py:2907} INFO - Sync 1 DAGs
[2023-08-31T04:06:16.900+0000] {logging_mixin.py:151} INFO - [2023-08-31T04:06:16.900+0000] {dag.py:3677} INFO - Setting next_dagrun for latest_only_with_trigger to 2023-08-31T00:06:16.899812+00:00, run_after=2023-08-31T04:06:16.899812+00:00
[2023-08-31T04:06:16.922+0000] {processor.py:179} INFO - Processing /home/airflow/.local/lib/python3.8/site-packages/airflow/example_dags/example_latest_only_with_trigger.py took 0.092 seconds
[2023-08-31T09:48:44.072+0000] {processor.py:157} INFO - Started process (PID=72957) to work on /home/airflow/.local/lib/python3.8/site-packages/airflow/example_dags/example_latest_only_with_trigger.py
[2023-08-31T09:48:44.074+0000] {processor.py:829} INFO - Processing file /home/airflow/.local/lib/python3.8/site-packages/airflow/example_dags/example_latest_only_with_trigger.py for tasks to queue
[2023-08-31T09:48:44.075+0000] {logging_mixin.py:151} INFO - [2023-08-31T09:48:44.075+0000] {dagbag.py:539} INFO - Filling up the DagBag from /home/airflow/.local/lib/python3.8/site-packages/airflow/example_dags/example_latest_only_with_trigger.py
[2023-08-31T09:48:44.084+0000] {processor.py:839} INFO - DAG(s) dict_keys(['latest_only_with_trigger']) retrieved from /home/airflow/.local/lib/python3.8/site-packages/airflow/example_dags/example_latest_only_with_trigger.py
[2023-08-31T09:48:44.111+0000] {logging_mixin.py:151} INFO - [2023-08-31T09:48:44.111+0000] {dag.py:2907} INFO - Sync 1 DAGs
[2023-08-31T09:48:44.135+0000] {logging_mixin.py:151} INFO - [2023-08-31T09:48:44.135+0000] {dag.py:3677} INFO - Setting next_dagrun for latest_only_with_trigger to 2023-08-31T05:48:44.135059+00:00, run_after=2023-08-31T09:48:44.135059+00:00
[2023-08-31T09:48:44.156+0000] {processor.py:179} INFO - Processing /home/airflow/.local/lib/python3.8/site-packages/airflow/example_dags/example_latest_only_with_trigger.py took 0.088 seconds
[2023-08-31T15:39:09.030+0000] {processor.py:157} INFO - Started process (PID=73012) to work on /home/airflow/.local/lib/python3.8/site-packages/airflow/example_dags/example_latest_only_with_trigger.py
[2023-08-31T15:39:09.032+0000] {processor.py:829} INFO - Processing file /home/airflow/.local/lib/python3.8/site-packages/airflow/example_dags/example_latest_only_with_trigger.py for tasks to queue
[2023-08-31T15:39:09.033+0000] {logging_mixin.py:151} INFO - [2023-08-31T15:39:09.033+0000] {dagbag.py:539} INFO - Filling up the DagBag from /home/airflow/.local/lib/python3.8/site-packages/airflow/example_dags/example_latest_only_with_trigger.py
[2023-08-31T15:39:09.043+0000] {processor.py:839} INFO - DAG(s) dict_keys(['latest_only_with_trigger']) retrieved from /home/airflow/.local/lib/python3.8/site-packages/airflow/example_dags/example_latest_only_with_trigger.py
[2023-08-31T15:39:09.071+0000] {logging_mixin.py:151} INFO - [2023-08-31T15:39:09.071+0000] {dag.py:2907} INFO - Sync 1 DAGs
[2023-08-31T15:39:09.097+0000] {logging_mixin.py:151} INFO - [2023-08-31T15:39:09.096+0000] {dag.py:3677} INFO - Setting next_dagrun for latest_only_with_trigger to 2023-08-31T11:39:09.096523+00:00, run_after=2023-08-31T15:39:09.096523+00:00
[2023-08-31T15:39:09.122+0000] {processor.py:179} INFO - Processing /home/airflow/.local/lib/python3.8/site-packages/airflow/example_dags/example_latest_only_with_trigger.py took 0.096 seconds
[2023-08-31T18:03:08.802+0000] {processor.py:157} INFO - Started process (PID=73067) to work on /home/airflow/.local/lib/python3.8/site-packages/airflow/example_dags/example_latest_only_with_trigger.py
[2023-08-31T18:03:08.803+0000] {processor.py:829} INFO - Processing file /home/airflow/.local/lib/python3.8/site-packages/airflow/example_dags/example_latest_only_with_trigger.py for tasks to queue
[2023-08-31T18:03:08.804+0000] {logging_mixin.py:151} INFO - [2023-08-31T18:03:08.804+0000] {dagbag.py:539} INFO - Filling up the DagBag from /home/airflow/.local/lib/python3.8/site-packages/airflow/example_dags/example_latest_only_with_trigger.py
[2023-08-31T18:03:08.813+0000] {processor.py:839} INFO - DAG(s) dict_keys(['latest_only_with_trigger']) retrieved from /home/airflow/.local/lib/python3.8/site-packages/airflow/example_dags/example_latest_only_with_trigger.py
[2023-08-31T18:03:08.841+0000] {logging_mixin.py:151} INFO - [2023-08-31T18:03:08.841+0000] {dag.py:2907} INFO - Sync 1 DAGs
[2023-08-31T18:03:08.867+0000] {logging_mixin.py:151} INFO - [2023-08-31T18:03:08.866+0000] {dag.py:3677} INFO - Setting next_dagrun for latest_only_with_trigger to 2023-08-31T14:03:08.866531+00:00, run_after=2023-08-31T18:03:08.866531+00:00
[2023-08-31T18:03:08.888+0000] {processor.py:179} INFO - Processing /home/airflow/.local/lib/python3.8/site-packages/airflow/example_dags/example_latest_only_with_trigger.py took 0.091 seconds
