[2023-08-31T00:06:05.816+0000] {processor.py:157} INFO - Started process (PID=72765) to work on /home/airflow/.local/lib/python3.8/site-packages/airflow/example_dags/example_local_kubernetes_executor.py
[2023-08-31T00:06:05.818+0000] {processor.py:829} INFO - Processing file /home/airflow/.local/lib/python3.8/site-packages/airflow/example_dags/example_local_kubernetes_executor.py for tasks to queue
[2023-08-31T00:06:05.820+0000] {logging_mixin.py:151} INFO - [2023-08-31T00:06:05.819+0000] {dagbag.py:539} INFO - Filling up the DagBag from /home/airflow/.local/lib/python3.8/site-packages/airflow/example_dags/example_local_kubernetes_executor.py
[2023-08-31T00:06:06.271+0000] {processor.py:839} INFO - DAG(s) dict_keys(['example_local_kubernetes_executor']) retrieved from /home/airflow/.local/lib/python3.8/site-packages/airflow/example_dags/example_local_kubernetes_executor.py
[2023-08-31T00:06:06.310+0000] {logging_mixin.py:151} INFO - [2023-08-31T00:06:06.309+0000] {dag.py:2907} INFO - Sync 1 DAGs
[2023-08-31T00:06:06.323+0000] {logging_mixin.py:151} INFO - [2023-08-31T00:06:06.323+0000] {dag.py:3677} INFO - Setting next_dagrun for example_local_kubernetes_executor to None, run_after=None
[2023-08-31T00:06:06.342+0000] {processor.py:179} INFO - Processing /home/airflow/.local/lib/python3.8/site-packages/airflow/example_dags/example_local_kubernetes_executor.py took 0.531 seconds
[2023-08-31T01:36:32.423+0000] {processor.py:157} INFO - Started process (PID=72820) to work on /home/airflow/.local/lib/python3.8/site-packages/airflow/example_dags/example_local_kubernetes_executor.py
[2023-08-31T01:36:32.424+0000] {processor.py:829} INFO - Processing file /home/airflow/.local/lib/python3.8/site-packages/airflow/example_dags/example_local_kubernetes_executor.py for tasks to queue
[2023-08-31T01:36:32.426+0000] {logging_mixin.py:151} INFO - [2023-08-31T01:36:32.425+0000] {dagbag.py:539} INFO - Filling up the DagBag from /home/airflow/.local/lib/python3.8/site-packages/airflow/example_dags/example_local_kubernetes_executor.py
[2023-08-31T01:36:32.863+0000] {processor.py:839} INFO - DAG(s) dict_keys(['example_local_kubernetes_executor']) retrieved from /home/airflow/.local/lib/python3.8/site-packages/airflow/example_dags/example_local_kubernetes_executor.py
[2023-08-31T01:36:32.898+0000] {logging_mixin.py:151} INFO - [2023-08-31T01:36:32.897+0000] {dag.py:2907} INFO - Sync 1 DAGs
[2023-08-31T01:36:32.910+0000] {logging_mixin.py:151} INFO - [2023-08-31T01:36:32.910+0000] {dag.py:3677} INFO - Setting next_dagrun for example_local_kubernetes_executor to None, run_after=None
[2023-08-31T01:36:32.929+0000] {processor.py:179} INFO - Processing /home/airflow/.local/lib/python3.8/site-packages/airflow/example_dags/example_local_kubernetes_executor.py took 0.511 seconds
[2023-08-31T04:06:16.282+0000] {processor.py:157} INFO - Started process (PID=72875) to work on /home/airflow/.local/lib/python3.8/site-packages/airflow/example_dags/example_local_kubernetes_executor.py
[2023-08-31T04:06:16.284+0000] {processor.py:829} INFO - Processing file /home/airflow/.local/lib/python3.8/site-packages/airflow/example_dags/example_local_kubernetes_executor.py for tasks to queue
[2023-08-31T04:06:16.285+0000] {logging_mixin.py:151} INFO - [2023-08-31T04:06:16.285+0000] {dagbag.py:539} INFO - Filling up the DagBag from /home/airflow/.local/lib/python3.8/site-packages/airflow/example_dags/example_local_kubernetes_executor.py
[2023-08-31T04:06:16.728+0000] {processor.py:839} INFO - DAG(s) dict_keys(['example_local_kubernetes_executor']) retrieved from /home/airflow/.local/lib/python3.8/site-packages/airflow/example_dags/example_local_kubernetes_executor.py
[2023-08-31T04:06:16.765+0000] {logging_mixin.py:151} INFO - [2023-08-31T04:06:16.764+0000] {dag.py:2907} INFO - Sync 1 DAGs
[2023-08-31T04:06:16.778+0000] {logging_mixin.py:151} INFO - [2023-08-31T04:06:16.778+0000] {dag.py:3677} INFO - Setting next_dagrun for example_local_kubernetes_executor to None, run_after=None
[2023-08-31T04:06:16.798+0000] {processor.py:179} INFO - Processing /home/airflow/.local/lib/python3.8/site-packages/airflow/example_dags/example_local_kubernetes_executor.py took 0.521 seconds
[2023-08-31T09:48:43.499+0000] {processor.py:157} INFO - Started process (PID=72952) to work on /home/airflow/.local/lib/python3.8/site-packages/airflow/example_dags/example_local_kubernetes_executor.py
[2023-08-31T09:48:43.501+0000] {processor.py:829} INFO - Processing file /home/airflow/.local/lib/python3.8/site-packages/airflow/example_dags/example_local_kubernetes_executor.py for tasks to queue
[2023-08-31T09:48:43.502+0000] {logging_mixin.py:151} INFO - [2023-08-31T09:48:43.502+0000] {dagbag.py:539} INFO - Filling up the DagBag from /home/airflow/.local/lib/python3.8/site-packages/airflow/example_dags/example_local_kubernetes_executor.py
[2023-08-31T09:48:43.966+0000] {processor.py:839} INFO - DAG(s) dict_keys(['example_local_kubernetes_executor']) retrieved from /home/airflow/.local/lib/python3.8/site-packages/airflow/example_dags/example_local_kubernetes_executor.py
[2023-08-31T09:48:44.005+0000] {logging_mixin.py:151} INFO - [2023-08-31T09:48:44.004+0000] {dag.py:2907} INFO - Sync 1 DAGs
[2023-08-31T09:48:44.018+0000] {logging_mixin.py:151} INFO - [2023-08-31T09:48:44.018+0000] {dag.py:3677} INFO - Setting next_dagrun for example_local_kubernetes_executor to None, run_after=None
[2023-08-31T09:48:44.038+0000] {processor.py:179} INFO - Processing /home/airflow/.local/lib/python3.8/site-packages/airflow/example_dags/example_local_kubernetes_executor.py took 0.544 seconds
[2023-08-31T15:39:08.392+0000] {processor.py:157} INFO - Started process (PID=73007) to work on /home/airflow/.local/lib/python3.8/site-packages/airflow/example_dags/example_local_kubernetes_executor.py
[2023-08-31T15:39:08.397+0000] {processor.py:829} INFO - Processing file /home/airflow/.local/lib/python3.8/site-packages/airflow/example_dags/example_local_kubernetes_executor.py for tasks to queue
[2023-08-31T15:39:08.400+0000] {logging_mixin.py:151} INFO - [2023-08-31T15:39:08.399+0000] {dagbag.py:539} INFO - Filling up the DagBag from /home/airflow/.local/lib/python3.8/site-packages/airflow/example_dags/example_local_kubernetes_executor.py
[2023-08-31T15:39:08.928+0000] {processor.py:839} INFO - DAG(s) dict_keys(['example_local_kubernetes_executor']) retrieved from /home/airflow/.local/lib/python3.8/site-packages/airflow/example_dags/example_local_kubernetes_executor.py
[2023-08-31T15:39:08.965+0000] {logging_mixin.py:151} INFO - [2023-08-31T15:39:08.964+0000] {dag.py:2907} INFO - Sync 1 DAGs
[2023-08-31T15:39:08.978+0000] {logging_mixin.py:151} INFO - [2023-08-31T15:39:08.977+0000] {dag.py:3677} INFO - Setting next_dagrun for example_local_kubernetes_executor to None, run_after=None
[2023-08-31T15:39:08.996+0000] {processor.py:179} INFO - Processing /home/airflow/.local/lib/python3.8/site-packages/airflow/example_dags/example_local_kubernetes_executor.py took 0.613 seconds
[2023-08-31T18:03:08.153+0000] {processor.py:157} INFO - Started process (PID=73062) to work on /home/airflow/.local/lib/python3.8/site-packages/airflow/example_dags/example_local_kubernetes_executor.py
[2023-08-31T18:03:08.155+0000] {processor.py:829} INFO - Processing file /home/airflow/.local/lib/python3.8/site-packages/airflow/example_dags/example_local_kubernetes_executor.py for tasks to queue
[2023-08-31T18:03:08.156+0000] {logging_mixin.py:151} INFO - [2023-08-31T18:03:08.156+0000] {dagbag.py:539} INFO - Filling up the DagBag from /home/airflow/.local/lib/python3.8/site-packages/airflow/example_dags/example_local_kubernetes_executor.py
[2023-08-31T18:03:08.603+0000] {processor.py:839} INFO - DAG(s) dict_keys(['example_local_kubernetes_executor']) retrieved from /home/airflow/.local/lib/python3.8/site-packages/airflow/example_dags/example_local_kubernetes_executor.py
[2023-08-31T18:03:08.638+0000] {logging_mixin.py:151} INFO - [2023-08-31T18:03:08.637+0000] {dag.py:2907} INFO - Sync 1 DAGs
[2023-08-31T18:03:08.652+0000] {logging_mixin.py:151} INFO - [2023-08-31T18:03:08.652+0000] {dag.py:3677} INFO - Setting next_dagrun for example_local_kubernetes_executor to None, run_after=None
[2023-08-31T18:03:08.670+0000] {processor.py:179} INFO - Processing /home/airflow/.local/lib/python3.8/site-packages/airflow/example_dags/example_local_kubernetes_executor.py took 0.523 seconds
[2023-08-31T20:15:38.105+0000] {processor.py:157} INFO - Started process (PID=73116) to work on /home/airflow/.local/lib/python3.8/site-packages/airflow/example_dags/example_local_kubernetes_executor.py
[2023-08-31T20:15:38.106+0000] {processor.py:829} INFO - Processing file /home/airflow/.local/lib/python3.8/site-packages/airflow/example_dags/example_local_kubernetes_executor.py for tasks to queue
[2023-08-31T20:15:38.108+0000] {logging_mixin.py:151} INFO - [2023-08-31T20:15:38.107+0000] {dagbag.py:539} INFO - Filling up the DagBag from /home/airflow/.local/lib/python3.8/site-packages/airflow/example_dags/example_local_kubernetes_executor.py
[2023-09-01T02:15:42.186+0000] {logging_mixin.py:151} INFO - [2023-09-01T02:15:42.186+0000] {timeout.py:68} ERROR - Process timed out, PID: 73116
[2023-09-01T02:15:42.189+0000] {logging_mixin.py:151} WARNING - Exception ignored in: <function WeakValueDictionary.__init__.<locals>.remove at 0x7fdf2cc5e430>
[2023-09-01T02:15:42.200+0000] {logging_mixin.py:151} WARNING - Traceback (most recent call last):
[2023-09-01T02:15:42.208+0000] {logging_mixin.py:151} WARNING -   File "/usr/local/lib/python3.8/weakref.py", line 103, in remove
[2023-09-01T02:15:42.212+0000] {logging_mixin.py:151} WARNING -     def remove(wr, selfref=ref(self), _atomic_removal=_remove_dead_weakref):
[2023-09-01T02:15:42.217+0000] {logging_mixin.py:151} WARNING -   File "/home/airflow/.local/lib/python3.8/site-packages/airflow/utils/timeout.py", line 69, in handle_timeout
[2023-09-01T02:15:42.222+0000] {logging_mixin.py:151} WARNING -     raise AirflowTaskTimeout(self.error_message)
[2023-09-01T02:15:42.223+0000] {logging_mixin.py:151} WARNING - airflow.exceptions.AirflowTaskTimeout: DagBag import timeout for /home/airflow/.local/lib/python3.8/site-packages/airflow/example_dags/example_local_kubernetes_executor.py after 30.0s.
Please take a look at these docs to improve your DAG import time:
* https://airflow.apache.org/docs/apache-airflow/2.7.0/best-practices.html#top-level-python-code
* https://airflow.apache.org/docs/apache-airflow/2.7.0/best-practices.html#reducing-dag-complexity, PID: 73116
