[2023-08-31T00:06:03.211+0000] {processor.py:157} INFO - Started process (PID=72735) to work on /home/airflow/.local/lib/python3.8/site-packages/airflow/example_dags/example_branch_operator_decorator.py
[2023-08-31T00:06:03.213+0000] {processor.py:829} INFO - Processing file /home/airflow/.local/lib/python3.8/site-packages/airflow/example_dags/example_branch_operator_decorator.py for tasks to queue
[2023-08-31T00:06:03.214+0000] {logging_mixin.py:151} INFO - [2023-08-31T00:06:03.214+0000] {dagbag.py:539} INFO - Filling up the DagBag from /home/airflow/.local/lib/python3.8/site-packages/airflow/example_dags/example_branch_operator_decorator.py
[2023-08-31T00:06:03.229+0000] {processor.py:839} INFO - DAG(s) dict_keys(['example_branch_python_operator_decorator']) retrieved from /home/airflow/.local/lib/python3.8/site-packages/airflow/example_dags/example_branch_operator_decorator.py
[2023-08-31T00:06:03.271+0000] {logging_mixin.py:151} INFO - [2023-08-31T00:06:03.270+0000] {dag.py:2907} INFO - Sync 1 DAGs
[2023-08-31T00:06:03.298+0000] {logging_mixin.py:151} INFO - [2023-08-31T00:06:03.298+0000] {dag.py:3677} INFO - Setting next_dagrun for example_branch_python_operator_decorator to 2023-08-30T00:00:00+00:00, run_after=2023-08-31T00:00:00+00:00
[2023-08-31T00:06:03.320+0000] {processor.py:179} INFO - Processing /home/airflow/.local/lib/python3.8/site-packages/airflow/example_dags/example_branch_operator_decorator.py took 0.114 seconds
[2023-08-31T01:36:29.784+0000] {processor.py:157} INFO - Started process (PID=72790) to work on /home/airflow/.local/lib/python3.8/site-packages/airflow/example_dags/example_branch_operator_decorator.py
[2023-08-31T01:36:29.786+0000] {processor.py:829} INFO - Processing file /home/airflow/.local/lib/python3.8/site-packages/airflow/example_dags/example_branch_operator_decorator.py for tasks to queue
[2023-08-31T01:36:29.787+0000] {logging_mixin.py:151} INFO - [2023-08-31T01:36:29.787+0000] {dagbag.py:539} INFO - Filling up the DagBag from /home/airflow/.local/lib/python3.8/site-packages/airflow/example_dags/example_branch_operator_decorator.py
[2023-08-31T01:36:29.802+0000] {processor.py:839} INFO - DAG(s) dict_keys(['example_branch_python_operator_decorator']) retrieved from /home/airflow/.local/lib/python3.8/site-packages/airflow/example_dags/example_branch_operator_decorator.py
[2023-08-31T01:36:29.843+0000] {logging_mixin.py:151} INFO - [2023-08-31T01:36:29.842+0000] {dag.py:2907} INFO - Sync 1 DAGs
[2023-08-31T01:36:29.933+0000] {logging_mixin.py:151} INFO - [2023-08-31T01:36:29.933+0000] {dag.py:3677} INFO - Setting next_dagrun for example_branch_python_operator_decorator to 2023-08-30T00:00:00+00:00, run_after=2023-08-31T00:00:00+00:00
[2023-08-31T01:36:29.962+0000] {processor.py:179} INFO - Processing /home/airflow/.local/lib/python3.8/site-packages/airflow/example_dags/example_branch_operator_decorator.py took 0.183 seconds
[2023-08-31T04:06:13.047+0000] {processor.py:157} INFO - Started process (PID=72845) to work on /home/airflow/.local/lib/python3.8/site-packages/airflow/example_dags/example_branch_operator_decorator.py
[2023-08-31T04:06:13.049+0000] {processor.py:829} INFO - Processing file /home/airflow/.local/lib/python3.8/site-packages/airflow/example_dags/example_branch_operator_decorator.py for tasks to queue
[2023-08-31T04:06:13.051+0000] {logging_mixin.py:151} INFO - [2023-08-31T04:06:13.051+0000] {dagbag.py:539} INFO - Filling up the DagBag from /home/airflow/.local/lib/python3.8/site-packages/airflow/example_dags/example_branch_operator_decorator.py
[2023-08-31T04:06:13.066+0000] {processor.py:839} INFO - DAG(s) dict_keys(['example_branch_python_operator_decorator']) retrieved from /home/airflow/.local/lib/python3.8/site-packages/airflow/example_dags/example_branch_operator_decorator.py
[2023-08-31T04:06:13.113+0000] {logging_mixin.py:151} INFO - [2023-08-31T04:06:13.113+0000] {dag.py:2907} INFO - Sync 1 DAGs
[2023-08-31T04:06:13.150+0000] {logging_mixin.py:151} INFO - [2023-08-31T04:06:13.149+0000] {dag.py:3677} INFO - Setting next_dagrun for example_branch_python_operator_decorator to 2023-08-30T00:00:00+00:00, run_after=2023-08-31T00:00:00+00:00
[2023-08-31T04:06:13.177+0000] {processor.py:179} INFO - Processing /home/airflow/.local/lib/python3.8/site-packages/airflow/example_dags/example_branch_operator_decorator.py took 0.147 seconds
[2023-08-31T09:48:41.154+0000] {processor.py:157} INFO - Started process (PID=72922) to work on /home/airflow/.local/lib/python3.8/site-packages/airflow/example_dags/example_branch_operator_decorator.py
[2023-08-31T09:48:41.157+0000] {processor.py:829} INFO - Processing file /home/airflow/.local/lib/python3.8/site-packages/airflow/example_dags/example_branch_operator_decorator.py for tasks to queue
[2023-08-31T09:48:41.159+0000] {logging_mixin.py:151} INFO - [2023-08-31T09:48:41.158+0000] {dagbag.py:539} INFO - Filling up the DagBag from /home/airflow/.local/lib/python3.8/site-packages/airflow/example_dags/example_branch_operator_decorator.py
[2023-08-31T09:48:41.177+0000] {processor.py:839} INFO - DAG(s) dict_keys(['example_branch_python_operator_decorator']) retrieved from /home/airflow/.local/lib/python3.8/site-packages/airflow/example_dags/example_branch_operator_decorator.py
[2023-08-31T09:48:41.218+0000] {logging_mixin.py:151} INFO - [2023-08-31T09:48:41.217+0000] {dag.py:2907} INFO - Sync 1 DAGs
[2023-08-31T09:48:41.254+0000] {logging_mixin.py:151} INFO - [2023-08-31T09:48:41.254+0000] {dag.py:3677} INFO - Setting next_dagrun for example_branch_python_operator_decorator to 2023-08-30T00:00:00+00:00, run_after=2023-08-31T00:00:00+00:00
[2023-08-31T09:48:41.284+0000] {processor.py:179} INFO - Processing /home/airflow/.local/lib/python3.8/site-packages/airflow/example_dags/example_branch_operator_decorator.py took 0.135 seconds
[2023-08-31T15:39:05.556+0000] {processor.py:157} INFO - Started process (PID=72977) to work on /home/airflow/.local/lib/python3.8/site-packages/airflow/example_dags/example_branch_operator_decorator.py
[2023-08-31T15:39:05.558+0000] {processor.py:829} INFO - Processing file /home/airflow/.local/lib/python3.8/site-packages/airflow/example_dags/example_branch_operator_decorator.py for tasks to queue
[2023-08-31T15:39:05.560+0000] {logging_mixin.py:151} INFO - [2023-08-31T15:39:05.560+0000] {dagbag.py:539} INFO - Filling up the DagBag from /home/airflow/.local/lib/python3.8/site-packages/airflow/example_dags/example_branch_operator_decorator.py
[2023-08-31T15:39:05.575+0000] {processor.py:839} INFO - DAG(s) dict_keys(['example_branch_python_operator_decorator']) retrieved from /home/airflow/.local/lib/python3.8/site-packages/airflow/example_dags/example_branch_operator_decorator.py
[2023-08-31T15:39:05.608+0000] {logging_mixin.py:151} INFO - [2023-08-31T15:39:05.607+0000] {dag.py:2907} INFO - Sync 1 DAGs
[2023-08-31T15:39:05.639+0000] {logging_mixin.py:151} INFO - [2023-08-31T15:39:05.639+0000] {dag.py:3677} INFO - Setting next_dagrun for example_branch_python_operator_decorator to 2023-08-30T00:00:00+00:00, run_after=2023-08-31T00:00:00+00:00
[2023-08-31T15:39:05.662+0000] {processor.py:179} INFO - Processing /home/airflow/.local/lib/python3.8/site-packages/airflow/example_dags/example_branch_operator_decorator.py took 0.111 seconds
[2023-08-31T18:03:05.684+0000] {processor.py:157} INFO - Started process (PID=73032) to work on /home/airflow/.local/lib/python3.8/site-packages/airflow/example_dags/example_branch_operator_decorator.py
[2023-08-31T18:03:05.686+0000] {processor.py:829} INFO - Processing file /home/airflow/.local/lib/python3.8/site-packages/airflow/example_dags/example_branch_operator_decorator.py for tasks to queue
[2023-08-31T18:03:05.687+0000] {logging_mixin.py:151} INFO - [2023-08-31T18:03:05.687+0000] {dagbag.py:539} INFO - Filling up the DagBag from /home/airflow/.local/lib/python3.8/site-packages/airflow/example_dags/example_branch_operator_decorator.py
[2023-08-31T18:03:05.705+0000] {processor.py:839} INFO - DAG(s) dict_keys(['example_branch_python_operator_decorator']) retrieved from /home/airflow/.local/lib/python3.8/site-packages/airflow/example_dags/example_branch_operator_decorator.py
[2023-08-31T18:03:05.743+0000] {logging_mixin.py:151} INFO - [2023-08-31T18:03:05.743+0000] {dag.py:2907} INFO - Sync 1 DAGs
[2023-08-31T18:03:05.778+0000] {logging_mixin.py:151} INFO - [2023-08-31T18:03:05.778+0000] {dag.py:3677} INFO - Setting next_dagrun for example_branch_python_operator_decorator to 2023-08-30T00:00:00+00:00, run_after=2023-08-31T00:00:00+00:00
[2023-08-31T18:03:05.808+0000] {processor.py:179} INFO - Processing /home/airflow/.local/lib/python3.8/site-packages/airflow/example_dags/example_branch_operator_decorator.py took 0.137 seconds
[2023-08-31T20:15:35.350+0000] {processor.py:157} INFO - Started process (PID=73080) to work on /home/airflow/.local/lib/python3.8/site-packages/airflow/example_dags/example_branch_operator_decorator.py
[2023-08-31T20:15:35.354+0000] {processor.py:829} INFO - Processing file /home/airflow/.local/lib/python3.8/site-packages/airflow/example_dags/example_branch_operator_decorator.py for tasks to queue
[2023-08-31T20:15:35.357+0000] {logging_mixin.py:151} INFO - [2023-08-31T20:15:35.356+0000] {dagbag.py:539} INFO - Filling up the DagBag from /home/airflow/.local/lib/python3.8/site-packages/airflow/example_dags/example_branch_operator_decorator.py
[2023-08-31T20:15:35.378+0000] {processor.py:839} INFO - DAG(s) dict_keys(['example_branch_python_operator_decorator']) retrieved from /home/airflow/.local/lib/python3.8/site-packages/airflow/example_dags/example_branch_operator_decorator.py
[2023-08-31T20:15:35.430+0000] {logging_mixin.py:151} INFO - [2023-08-31T20:15:35.430+0000] {dag.py:2907} INFO - Sync 1 DAGs
[2023-08-31T20:15:35.473+0000] {logging_mixin.py:151} INFO - [2023-08-31T20:15:35.472+0000] {dag.py:3677} INFO - Setting next_dagrun for example_branch_python_operator_decorator to 2023-08-30T00:00:00+00:00, run_after=2023-08-31T00:00:00+00:00
[2023-08-31T20:15:35.511+0000] {processor.py:179} INFO - Processing /home/airflow/.local/lib/python3.8/site-packages/airflow/example_dags/example_branch_operator_decorator.py took 0.175 seconds
