[2023-08-31T00:06:06.034+0000] {processor.py:157} INFO - Started process (PID=72767) to work on /home/airflow/.local/lib/python3.8/site-packages/airflow/example_dags/example_branch_day_of_week_operator.py
[2023-08-31T00:06:06.036+0000] {processor.py:829} INFO - Processing file /home/airflow/.local/lib/python3.8/site-packages/airflow/example_dags/example_branch_day_of_week_operator.py for tasks to queue
[2023-08-31T00:06:06.038+0000] {logging_mixin.py:151} INFO - [2023-08-31T00:06:06.037+0000] {dagbag.py:539} INFO - Filling up the DagBag from /home/airflow/.local/lib/python3.8/site-packages/airflow/example_dags/example_branch_day_of_week_operator.py
[2023-08-31T00:06:06.050+0000] {processor.py:839} INFO - DAG(s) dict_keys(['example_weekday_branch_operator']) retrieved from /home/airflow/.local/lib/python3.8/site-packages/airflow/example_dags/example_branch_day_of_week_operator.py
[2023-08-31T00:06:06.084+0000] {logging_mixin.py:151} INFO - [2023-08-31T00:06:06.084+0000] {dag.py:2907} INFO - Sync 1 DAGs
[2023-08-31T00:06:06.110+0000] {logging_mixin.py:151} INFO - [2023-08-31T00:06:06.110+0000] {dag.py:3677} INFO - Setting next_dagrun for example_weekday_branch_operator to 2023-08-30T00:00:00+00:00, run_after=2023-08-31T00:00:00+00:00
[2023-08-31T00:06:06.132+0000] {processor.py:179} INFO - Processing /home/airflow/.local/lib/python3.8/site-packages/airflow/example_dags/example_branch_day_of_week_operator.py took 0.103 seconds
[2023-08-31T01:36:32.723+0000] {processor.py:157} INFO - Started process (PID=72822) to work on /home/airflow/.local/lib/python3.8/site-packages/airflow/example_dags/example_branch_day_of_week_operator.py
[2023-08-31T01:36:32.724+0000] {processor.py:829} INFO - Processing file /home/airflow/.local/lib/python3.8/site-packages/airflow/example_dags/example_branch_day_of_week_operator.py for tasks to queue
[2023-08-31T01:36:32.726+0000] {logging_mixin.py:151} INFO - [2023-08-31T01:36:32.725+0000] {dagbag.py:539} INFO - Filling up the DagBag from /home/airflow/.local/lib/python3.8/site-packages/airflow/example_dags/example_branch_day_of_week_operator.py
[2023-08-31T01:36:32.736+0000] {processor.py:839} INFO - DAG(s) dict_keys(['example_weekday_branch_operator']) retrieved from /home/airflow/.local/lib/python3.8/site-packages/airflow/example_dags/example_branch_day_of_week_operator.py
[2023-08-31T01:36:32.763+0000] {logging_mixin.py:151} INFO - [2023-08-31T01:36:32.763+0000] {dag.py:2907} INFO - Sync 1 DAGs
[2023-08-31T01:36:32.789+0000] {logging_mixin.py:151} INFO - [2023-08-31T01:36:32.789+0000] {dag.py:3677} INFO - Setting next_dagrun for example_weekday_branch_operator to 2023-08-30T00:00:00+00:00, run_after=2023-08-31T00:00:00+00:00
[2023-08-31T01:36:32.810+0000] {processor.py:179} INFO - Processing /home/airflow/.local/lib/python3.8/site-packages/airflow/example_dags/example_branch_day_of_week_operator.py took 0.091 seconds
[2023-08-31T04:06:16.582+0000] {processor.py:157} INFO - Started process (PID=72877) to work on /home/airflow/.local/lib/python3.8/site-packages/airflow/example_dags/example_branch_day_of_week_operator.py
[2023-08-31T04:06:16.584+0000] {processor.py:829} INFO - Processing file /home/airflow/.local/lib/python3.8/site-packages/airflow/example_dags/example_branch_day_of_week_operator.py for tasks to queue
[2023-08-31T04:06:16.585+0000] {logging_mixin.py:151} INFO - [2023-08-31T04:06:16.585+0000] {dagbag.py:539} INFO - Filling up the DagBag from /home/airflow/.local/lib/python3.8/site-packages/airflow/example_dags/example_branch_day_of_week_operator.py
[2023-08-31T04:06:16.596+0000] {processor.py:839} INFO - DAG(s) dict_keys(['example_weekday_branch_operator']) retrieved from /home/airflow/.local/lib/python3.8/site-packages/airflow/example_dags/example_branch_day_of_week_operator.py
[2023-08-31T04:06:16.624+0000] {logging_mixin.py:151} INFO - [2023-08-31T04:06:16.624+0000] {dag.py:2907} INFO - Sync 1 DAGs
[2023-08-31T04:06:16.651+0000] {logging_mixin.py:151} INFO - [2023-08-31T04:06:16.651+0000] {dag.py:3677} INFO - Setting next_dagrun for example_weekday_branch_operator to 2023-08-30T00:00:00+00:00, run_after=2023-08-31T00:00:00+00:00
[2023-08-31T04:06:16.672+0000] {processor.py:179} INFO - Processing /home/airflow/.local/lib/python3.8/site-packages/airflow/example_dags/example_branch_day_of_week_operator.py took 0.095 seconds
[2023-08-31T09:48:43.755+0000] {processor.py:157} INFO - Started process (PID=72954) to work on /home/airflow/.local/lib/python3.8/site-packages/airflow/example_dags/example_branch_day_of_week_operator.py
[2023-08-31T09:48:43.757+0000] {processor.py:829} INFO - Processing file /home/airflow/.local/lib/python3.8/site-packages/airflow/example_dags/example_branch_day_of_week_operator.py for tasks to queue
[2023-08-31T09:48:43.758+0000] {logging_mixin.py:151} INFO - [2023-08-31T09:48:43.758+0000] {dagbag.py:539} INFO - Filling up the DagBag from /home/airflow/.local/lib/python3.8/site-packages/airflow/example_dags/example_branch_day_of_week_operator.py
[2023-08-31T09:48:43.777+0000] {processor.py:839} INFO - DAG(s) dict_keys(['example_weekday_branch_operator']) retrieved from /home/airflow/.local/lib/python3.8/site-packages/airflow/example_dags/example_branch_day_of_week_operator.py
[2023-08-31T09:48:43.808+0000] {logging_mixin.py:151} INFO - [2023-08-31T09:48:43.808+0000] {dag.py:2907} INFO - Sync 1 DAGs
[2023-08-31T09:48:43.836+0000] {logging_mixin.py:151} INFO - [2023-08-31T09:48:43.836+0000] {dag.py:3677} INFO - Setting next_dagrun for example_weekday_branch_operator to 2023-08-30T00:00:00+00:00, run_after=2023-08-31T00:00:00+00:00
[2023-08-31T09:48:43.861+0000] {processor.py:179} INFO - Processing /home/airflow/.local/lib/python3.8/site-packages/airflow/example_dags/example_branch_day_of_week_operator.py took 0.111 seconds
[2023-08-31T15:39:08.729+0000] {processor.py:157} INFO - Started process (PID=73009) to work on /home/airflow/.local/lib/python3.8/site-packages/airflow/example_dags/example_branch_day_of_week_operator.py
[2023-08-31T15:39:08.730+0000] {processor.py:829} INFO - Processing file /home/airflow/.local/lib/python3.8/site-packages/airflow/example_dags/example_branch_day_of_week_operator.py for tasks to queue
[2023-08-31T15:39:08.732+0000] {logging_mixin.py:151} INFO - [2023-08-31T15:39:08.731+0000] {dagbag.py:539} INFO - Filling up the DagBag from /home/airflow/.local/lib/python3.8/site-packages/airflow/example_dags/example_branch_day_of_week_operator.py
[2023-08-31T15:39:08.743+0000] {processor.py:839} INFO - DAG(s) dict_keys(['example_weekday_branch_operator']) retrieved from /home/airflow/.local/lib/python3.8/site-packages/airflow/example_dags/example_branch_day_of_week_operator.py
[2023-08-31T15:39:08.770+0000] {logging_mixin.py:151} INFO - [2023-08-31T15:39:08.770+0000] {dag.py:2907} INFO - Sync 1 DAGs
[2023-08-31T15:39:08.796+0000] {logging_mixin.py:151} INFO - [2023-08-31T15:39:08.796+0000] {dag.py:3677} INFO - Setting next_dagrun for example_weekday_branch_operator to 2023-08-30T00:00:00+00:00, run_after=2023-08-31T00:00:00+00:00
[2023-08-31T15:39:08.818+0000] {processor.py:179} INFO - Processing /home/airflow/.local/lib/python3.8/site-packages/airflow/example_dags/example_branch_day_of_week_operator.py took 0.094 seconds
[2023-08-31T18:03:08.472+0000] {processor.py:157} INFO - Started process (PID=73064) to work on /home/airflow/.local/lib/python3.8/site-packages/airflow/example_dags/example_branch_day_of_week_operator.py
[2023-08-31T18:03:08.474+0000] {processor.py:829} INFO - Processing file /home/airflow/.local/lib/python3.8/site-packages/airflow/example_dags/example_branch_day_of_week_operator.py for tasks to queue
[2023-08-31T18:03:08.475+0000] {logging_mixin.py:151} INFO - [2023-08-31T18:03:08.474+0000] {dagbag.py:539} INFO - Filling up the DagBag from /home/airflow/.local/lib/python3.8/site-packages/airflow/example_dags/example_branch_day_of_week_operator.py
[2023-08-31T18:03:08.485+0000] {processor.py:839} INFO - DAG(s) dict_keys(['example_weekday_branch_operator']) retrieved from /home/airflow/.local/lib/python3.8/site-packages/airflow/example_dags/example_branch_day_of_week_operator.py
[2023-08-31T18:03:08.513+0000] {logging_mixin.py:151} INFO - [2023-08-31T18:03:08.513+0000] {dag.py:2907} INFO - Sync 1 DAGs
[2023-08-31T18:03:08.540+0000] {logging_mixin.py:151} INFO - [2023-08-31T18:03:08.540+0000] {dag.py:3677} INFO - Setting next_dagrun for example_weekday_branch_operator to 2023-08-30T00:00:00+00:00, run_after=2023-08-31T00:00:00+00:00
[2023-08-31T18:03:08.562+0000] {processor.py:179} INFO - Processing /home/airflow/.local/lib/python3.8/site-packages/airflow/example_dags/example_branch_day_of_week_operator.py took 0.095 seconds
