[2023-08-31T00:06:06.277+0000] {processor.py:157} INFO - Started process (PID=72769) to work on /home/airflow/.local/lib/python3.8/site-packages/airflow/example_dags/example_trigger_controller_dag.py
[2023-08-31T00:06:06.278+0000] {processor.py:829} INFO - Processing file /home/airflow/.local/lib/python3.8/site-packages/airflow/example_dags/example_trigger_controller_dag.py for tasks to queue
[2023-08-31T00:06:06.279+0000] {logging_mixin.py:151} INFO - [2023-08-31T00:06:06.279+0000] {dagbag.py:539} INFO - Filling up the DagBag from /home/airflow/.local/lib/python3.8/site-packages/airflow/example_dags/example_trigger_controller_dag.py
[2023-08-31T00:06:06.285+0000] {processor.py:839} INFO - DAG(s) dict_keys(['example_trigger_controller_dag']) retrieved from /home/airflow/.local/lib/python3.8/site-packages/airflow/example_dags/example_trigger_controller_dag.py
[2023-08-31T00:06:06.314+0000] {logging_mixin.py:151} INFO - [2023-08-31T00:06:06.314+0000] {dag.py:2907} INFO - Sync 1 DAGs
[2023-08-31T00:06:06.338+0000] {logging_mixin.py:151} INFO - [2023-08-31T00:06:06.338+0000] {dag.py:3677} INFO - Setting next_dagrun for example_trigger_controller_dag to 2021-01-01T00:00:00+00:00, run_after=2021-01-01T00:00:00+00:00
[2023-08-31T00:06:06.361+0000] {processor.py:179} INFO - Processing /home/airflow/.local/lib/python3.8/site-packages/airflow/example_dags/example_trigger_controller_dag.py took 0.089 seconds
[2023-08-31T01:36:32.944+0000] {processor.py:157} INFO - Started process (PID=72824) to work on /home/airflow/.local/lib/python3.8/site-packages/airflow/example_dags/example_trigger_controller_dag.py
[2023-08-31T01:36:32.946+0000] {processor.py:829} INFO - Processing file /home/airflow/.local/lib/python3.8/site-packages/airflow/example_dags/example_trigger_controller_dag.py for tasks to queue
[2023-08-31T01:36:32.947+0000] {logging_mixin.py:151} INFO - [2023-08-31T01:36:32.947+0000] {dagbag.py:539} INFO - Filling up the DagBag from /home/airflow/.local/lib/python3.8/site-packages/airflow/example_dags/example_trigger_controller_dag.py
[2023-08-31T01:36:32.953+0000] {processor.py:839} INFO - DAG(s) dict_keys(['example_trigger_controller_dag']) retrieved from /home/airflow/.local/lib/python3.8/site-packages/airflow/example_dags/example_trigger_controller_dag.py
[2023-08-31T01:36:32.977+0000] {logging_mixin.py:151} INFO - [2023-08-31T01:36:32.977+0000] {dag.py:2907} INFO - Sync 1 DAGs
[2023-08-31T01:36:33.003+0000] {logging_mixin.py:151} INFO - [2023-08-31T01:36:33.003+0000] {dag.py:3677} INFO - Setting next_dagrun for example_trigger_controller_dag to 2021-01-01T00:00:00+00:00, run_after=2021-01-01T00:00:00+00:00
[2023-08-31T01:36:33.023+0000] {processor.py:179} INFO - Processing /home/airflow/.local/lib/python3.8/site-packages/airflow/example_dags/example_trigger_controller_dag.py took 0.084 seconds
[2023-08-31T04:06:16.811+0000] {processor.py:157} INFO - Started process (PID=72879) to work on /home/airflow/.local/lib/python3.8/site-packages/airflow/example_dags/example_trigger_controller_dag.py
[2023-08-31T04:06:16.813+0000] {processor.py:829} INFO - Processing file /home/airflow/.local/lib/python3.8/site-packages/airflow/example_dags/example_trigger_controller_dag.py for tasks to queue
[2023-08-31T04:06:16.814+0000] {logging_mixin.py:151} INFO - [2023-08-31T04:06:16.814+0000] {dagbag.py:539} INFO - Filling up the DagBag from /home/airflow/.local/lib/python3.8/site-packages/airflow/example_dags/example_trigger_controller_dag.py
[2023-08-31T04:06:16.820+0000] {processor.py:839} INFO - DAG(s) dict_keys(['example_trigger_controller_dag']) retrieved from /home/airflow/.local/lib/python3.8/site-packages/airflow/example_dags/example_trigger_controller_dag.py
[2023-08-31T04:06:16.846+0000] {logging_mixin.py:151} INFO - [2023-08-31T04:06:16.846+0000] {dag.py:2907} INFO - Sync 1 DAGs
[2023-08-31T04:06:16.870+0000] {logging_mixin.py:151} INFO - [2023-08-31T04:06:16.870+0000] {dag.py:3677} INFO - Setting next_dagrun for example_trigger_controller_dag to 2021-01-01T00:00:00+00:00, run_after=2021-01-01T00:00:00+00:00
[2023-08-31T04:06:16.892+0000] {processor.py:179} INFO - Processing /home/airflow/.local/lib/python3.8/site-packages/airflow/example_dags/example_trigger_controller_dag.py took 0.085 seconds
[2023-08-31T09:48:44.014+0000] {processor.py:157} INFO - Started process (PID=72956) to work on /home/airflow/.local/lib/python3.8/site-packages/airflow/example_dags/example_trigger_controller_dag.py
[2023-08-31T09:48:44.015+0000] {processor.py:829} INFO - Processing file /home/airflow/.local/lib/python3.8/site-packages/airflow/example_dags/example_trigger_controller_dag.py for tasks to queue
[2023-08-31T09:48:44.017+0000] {logging_mixin.py:151} INFO - [2023-08-31T09:48:44.016+0000] {dagbag.py:539} INFO - Filling up the DagBag from /home/airflow/.local/lib/python3.8/site-packages/airflow/example_dags/example_trigger_controller_dag.py
[2023-08-31T09:48:44.023+0000] {processor.py:839} INFO - DAG(s) dict_keys(['example_trigger_controller_dag']) retrieved from /home/airflow/.local/lib/python3.8/site-packages/airflow/example_dags/example_trigger_controller_dag.py
[2023-08-31T09:48:44.049+0000] {logging_mixin.py:151} INFO - [2023-08-31T09:48:44.049+0000] {dag.py:2907} INFO - Sync 1 DAGs
[2023-08-31T09:48:44.075+0000] {logging_mixin.py:151} INFO - [2023-08-31T09:48:44.074+0000] {dag.py:3677} INFO - Setting next_dagrun for example_trigger_controller_dag to 2021-01-01T00:00:00+00:00, run_after=2021-01-01T00:00:00+00:00
[2023-08-31T09:48:44.095+0000] {processor.py:179} INFO - Processing /home/airflow/.local/lib/python3.8/site-packages/airflow/example_dags/example_trigger_controller_dag.py took 0.086 seconds
[2023-08-31T15:39:08.952+0000] {processor.py:157} INFO - Started process (PID=73011) to work on /home/airflow/.local/lib/python3.8/site-packages/airflow/example_dags/example_trigger_controller_dag.py
[2023-08-31T15:39:08.953+0000] {processor.py:829} INFO - Processing file /home/airflow/.local/lib/python3.8/site-packages/airflow/example_dags/example_trigger_controller_dag.py for tasks to queue
[2023-08-31T15:39:08.955+0000] {logging_mixin.py:151} INFO - [2023-08-31T15:39:08.954+0000] {dagbag.py:539} INFO - Filling up the DagBag from /home/airflow/.local/lib/python3.8/site-packages/airflow/example_dags/example_trigger_controller_dag.py
[2023-08-31T15:39:08.960+0000] {processor.py:839} INFO - DAG(s) dict_keys(['example_trigger_controller_dag']) retrieved from /home/airflow/.local/lib/python3.8/site-packages/airflow/example_dags/example_trigger_controller_dag.py
[2023-08-31T15:39:08.986+0000] {logging_mixin.py:151} INFO - [2023-08-31T15:39:08.986+0000] {dag.py:2907} INFO - Sync 1 DAGs
[2023-08-31T15:39:09.011+0000] {logging_mixin.py:151} INFO - [2023-08-31T15:39:09.011+0000] {dag.py:3677} INFO - Setting next_dagrun for example_trigger_controller_dag to 2021-01-01T00:00:00+00:00, run_after=2021-01-01T00:00:00+00:00
[2023-08-31T15:39:09.032+0000] {processor.py:179} INFO - Processing /home/airflow/.local/lib/python3.8/site-packages/airflow/example_dags/example_trigger_controller_dag.py took 0.085 seconds
[2023-08-31T18:03:08.697+0000] {processor.py:157} INFO - Started process (PID=73066) to work on /home/airflow/.local/lib/python3.8/site-packages/airflow/example_dags/example_trigger_controller_dag.py
[2023-08-31T18:03:08.699+0000] {processor.py:829} INFO - Processing file /home/airflow/.local/lib/python3.8/site-packages/airflow/example_dags/example_trigger_controller_dag.py for tasks to queue
[2023-08-31T18:03:08.700+0000] {logging_mixin.py:151} INFO - [2023-08-31T18:03:08.700+0000] {dagbag.py:539} INFO - Filling up the DagBag from /home/airflow/.local/lib/python3.8/site-packages/airflow/example_dags/example_trigger_controller_dag.py
[2023-08-31T18:03:08.706+0000] {processor.py:839} INFO - DAG(s) dict_keys(['example_trigger_controller_dag']) retrieved from /home/airflow/.local/lib/python3.8/site-packages/airflow/example_dags/example_trigger_controller_dag.py
[2023-08-31T18:03:08.732+0000] {logging_mixin.py:151} INFO - [2023-08-31T18:03:08.731+0000] {dag.py:2907} INFO - Sync 1 DAGs
[2023-08-31T18:03:08.755+0000] {logging_mixin.py:151} INFO - [2023-08-31T18:03:08.755+0000] {dag.py:3677} INFO - Setting next_dagrun for example_trigger_controller_dag to 2021-01-01T00:00:00+00:00, run_after=2021-01-01T00:00:00+00:00
[2023-08-31T18:03:08.776+0000] {processor.py:179} INFO - Processing /home/airflow/.local/lib/python3.8/site-packages/airflow/example_dags/example_trigger_controller_dag.py took 0.083 seconds
