[2023-08-31T00:06:03.122+0000] {processor.py:157} INFO - Started process (PID=72734) to work on /home/airflow/.local/lib/python3.8/site-packages/airflow/example_dags/example_sensors.py
[2023-08-31T00:06:03.124+0000] {processor.py:829} INFO - Processing file /home/airflow/.local/lib/python3.8/site-packages/airflow/example_dags/example_sensors.py for tasks to queue
[2023-08-31T00:06:03.125+0000] {logging_mixin.py:151} INFO - [2023-08-31T00:06:03.125+0000] {dagbag.py:539} INFO - Filling up the DagBag from /home/airflow/.local/lib/python3.8/site-packages/airflow/example_dags/example_sensors.py
[2023-08-31T00:06:03.139+0000] {processor.py:839} INFO - DAG(s) dict_keys(['example_sensors']) retrieved from /home/airflow/.local/lib/python3.8/site-packages/airflow/example_dags/example_sensors.py
[2023-08-31T00:06:03.184+0000] {logging_mixin.py:151} INFO - [2023-08-31T00:06:03.184+0000] {dag.py:2907} INFO - Sync 1 DAGs
[2023-08-31T00:06:03.200+0000] {logging_mixin.py:151} INFO - [2023-08-31T00:06:03.200+0000] {dag.py:3677} INFO - Setting next_dagrun for example_sensors to None, run_after=None
[2023-08-31T00:06:03.226+0000] {processor.py:179} INFO - Processing /home/airflow/.local/lib/python3.8/site-packages/airflow/example_dags/example_sensors.py took 0.109 seconds
[2023-08-31T01:36:29.681+0000] {processor.py:157} INFO - Started process (PID=72789) to work on /home/airflow/.local/lib/python3.8/site-packages/airflow/example_dags/example_sensors.py
[2023-08-31T01:36:29.683+0000] {processor.py:829} INFO - Processing file /home/airflow/.local/lib/python3.8/site-packages/airflow/example_dags/example_sensors.py for tasks to queue
[2023-08-31T01:36:29.684+0000] {logging_mixin.py:151} INFO - [2023-08-31T01:36:29.684+0000] {dagbag.py:539} INFO - Filling up the DagBag from /home/airflow/.local/lib/python3.8/site-packages/airflow/example_dags/example_sensors.py
[2023-08-31T01:36:29.699+0000] {processor.py:839} INFO - DAG(s) dict_keys(['example_sensors']) retrieved from /home/airflow/.local/lib/python3.8/site-packages/airflow/example_dags/example_sensors.py
[2023-08-31T01:36:29.736+0000] {logging_mixin.py:151} INFO - [2023-08-31T01:36:29.736+0000] {dag.py:2907} INFO - Sync 1 DAGs
[2023-08-31T01:36:29.752+0000] {logging_mixin.py:151} INFO - [2023-08-31T01:36:29.751+0000] {dag.py:3677} INFO - Setting next_dagrun for example_sensors to None, run_after=None
[2023-08-31T01:36:29.776+0000] {processor.py:179} INFO - Processing /home/airflow/.local/lib/python3.8/site-packages/airflow/example_dags/example_sensors.py took 0.100 seconds
[2023-08-31T04:06:12.923+0000] {processor.py:157} INFO - Started process (PID=72844) to work on /home/airflow/.local/lib/python3.8/site-packages/airflow/example_dags/example_sensors.py
[2023-08-31T04:06:12.925+0000] {processor.py:829} INFO - Processing file /home/airflow/.local/lib/python3.8/site-packages/airflow/example_dags/example_sensors.py for tasks to queue
[2023-08-31T04:06:12.926+0000] {logging_mixin.py:151} INFO - [2023-08-31T04:06:12.926+0000] {dagbag.py:539} INFO - Filling up the DagBag from /home/airflow/.local/lib/python3.8/site-packages/airflow/example_dags/example_sensors.py
[2023-08-31T04:06:12.944+0000] {processor.py:839} INFO - DAG(s) dict_keys(['example_sensors']) retrieved from /home/airflow/.local/lib/python3.8/site-packages/airflow/example_dags/example_sensors.py
[2023-08-31T04:06:12.983+0000] {logging_mixin.py:151} INFO - [2023-08-31T04:06:12.983+0000] {dag.py:2907} INFO - Sync 1 DAGs
[2023-08-31T04:06:13.000+0000] {logging_mixin.py:151} INFO - [2023-08-31T04:06:13.000+0000] {dag.py:3677} INFO - Setting next_dagrun for example_sensors to None, run_after=None
[2023-08-31T04:06:13.025+0000] {processor.py:179} INFO - Processing /home/airflow/.local/lib/python3.8/site-packages/airflow/example_dags/example_sensors.py took 0.108 seconds
[2023-08-31T09:48:41.044+0000] {processor.py:157} INFO - Started process (PID=72921) to work on /home/airflow/.local/lib/python3.8/site-packages/airflow/example_dags/example_sensors.py
[2023-08-31T09:48:41.049+0000] {processor.py:829} INFO - Processing file /home/airflow/.local/lib/python3.8/site-packages/airflow/example_dags/example_sensors.py for tasks to queue
[2023-08-31T09:48:41.053+0000] {logging_mixin.py:151} INFO - [2023-08-31T09:48:41.051+0000] {dagbag.py:539} INFO - Filling up the DagBag from /home/airflow/.local/lib/python3.8/site-packages/airflow/example_dags/example_sensors.py
[2023-08-31T09:48:41.079+0000] {processor.py:839} INFO - DAG(s) dict_keys(['example_sensors']) retrieved from /home/airflow/.local/lib/python3.8/site-packages/airflow/example_dags/example_sensors.py
[2023-08-31T09:48:41.133+0000] {logging_mixin.py:151} INFO - [2023-08-31T09:48:41.132+0000] {dag.py:2907} INFO - Sync 1 DAGs
[2023-08-31T09:48:41.151+0000] {logging_mixin.py:151} INFO - [2023-08-31T09:48:41.151+0000] {dag.py:3677} INFO - Setting next_dagrun for example_sensors to None, run_after=None
[2023-08-31T09:48:41.180+0000] {processor.py:179} INFO - Processing /home/airflow/.local/lib/python3.8/site-packages/airflow/example_dags/example_sensors.py took 0.160 seconds
[2023-08-31T15:39:05.479+0000] {processor.py:157} INFO - Started process (PID=72976) to work on /home/airflow/.local/lib/python3.8/site-packages/airflow/example_dags/example_sensors.py
[2023-08-31T15:39:05.481+0000] {processor.py:829} INFO - Processing file /home/airflow/.local/lib/python3.8/site-packages/airflow/example_dags/example_sensors.py for tasks to queue
[2023-08-31T15:39:05.483+0000] {logging_mixin.py:151} INFO - [2023-08-31T15:39:05.483+0000] {dagbag.py:539} INFO - Filling up the DagBag from /home/airflow/.local/lib/python3.8/site-packages/airflow/example_dags/example_sensors.py
[2023-08-31T15:39:05.506+0000] {processor.py:839} INFO - DAG(s) dict_keys(['example_sensors']) retrieved from /home/airflow/.local/lib/python3.8/site-packages/airflow/example_dags/example_sensors.py
[2023-08-31T15:39:05.542+0000] {logging_mixin.py:151} INFO - [2023-08-31T15:39:05.541+0000] {dag.py:2907} INFO - Sync 1 DAGs
[2023-08-31T15:39:05.560+0000] {logging_mixin.py:151} INFO - [2023-08-31T15:39:05.560+0000] {dag.py:3677} INFO - Setting next_dagrun for example_sensors to None, run_after=None
[2023-08-31T15:39:05.584+0000] {processor.py:179} INFO - Processing /home/airflow/.local/lib/python3.8/site-packages/airflow/example_dags/example_sensors.py took 0.111 seconds
[2023-08-31T18:03:05.572+0000] {processor.py:157} INFO - Started process (PID=73031) to work on /home/airflow/.local/lib/python3.8/site-packages/airflow/example_dags/example_sensors.py
[2023-08-31T18:03:05.574+0000] {processor.py:829} INFO - Processing file /home/airflow/.local/lib/python3.8/site-packages/airflow/example_dags/example_sensors.py for tasks to queue
[2023-08-31T18:03:05.576+0000] {logging_mixin.py:151} INFO - [2023-08-31T18:03:05.576+0000] {dagbag.py:539} INFO - Filling up the DagBag from /home/airflow/.local/lib/python3.8/site-packages/airflow/example_dags/example_sensors.py
[2023-08-31T18:03:05.601+0000] {processor.py:839} INFO - DAG(s) dict_keys(['example_sensors']) retrieved from /home/airflow/.local/lib/python3.8/site-packages/airflow/example_dags/example_sensors.py
[2023-08-31T18:03:05.661+0000] {logging_mixin.py:151} INFO - [2023-08-31T18:03:05.660+0000] {dag.py:2907} INFO - Sync 1 DAGs
[2023-08-31T18:03:05.678+0000] {logging_mixin.py:151} INFO - [2023-08-31T18:03:05.678+0000] {dag.py:3677} INFO - Setting next_dagrun for example_sensors to None, run_after=None
[2023-08-31T18:03:05.703+0000] {processor.py:179} INFO - Processing /home/airflow/.local/lib/python3.8/site-packages/airflow/example_dags/example_sensors.py took 0.136 seconds
[2023-08-31T20:15:35.240+0000] {processor.py:157} INFO - Started process (PID=73079) to work on /home/airflow/.local/lib/python3.8/site-packages/airflow/example_dags/example_sensors.py
[2023-08-31T20:15:35.242+0000] {processor.py:829} INFO - Processing file /home/airflow/.local/lib/python3.8/site-packages/airflow/example_dags/example_sensors.py for tasks to queue
[2023-08-31T20:15:35.243+0000] {logging_mixin.py:151} INFO - [2023-08-31T20:15:35.243+0000] {dagbag.py:539} INFO - Filling up the DagBag from /home/airflow/.local/lib/python3.8/site-packages/airflow/example_dags/example_sensors.py
[2023-08-31T20:15:35.264+0000] {processor.py:839} INFO - DAG(s) dict_keys(['example_sensors']) retrieved from /home/airflow/.local/lib/python3.8/site-packages/airflow/example_dags/example_sensors.py
[2023-08-31T20:15:35.313+0000] {logging_mixin.py:151} INFO - [2023-08-31T20:15:35.313+0000] {dag.py:2907} INFO - Sync 1 DAGs
[2023-08-31T20:15:35.328+0000] {logging_mixin.py:151} INFO - [2023-08-31T20:15:35.328+0000] {dag.py:3677} INFO - Setting next_dagrun for example_sensors to None, run_after=None
[2023-08-31T20:15:35.358+0000] {processor.py:179} INFO - Processing /home/airflow/.local/lib/python3.8/site-packages/airflow/example_dags/example_sensors.py took 0.122 seconds
