[2023-08-31T00:06:02.662+0000] {processor.py:157} INFO - Started process (PID=72729) to work on /home/airflow/.local/lib/python3.8/site-packages/airflow/example_dags/example_branch_labels.py
[2023-08-31T00:06:02.664+0000] {processor.py:829} INFO - Processing file /home/airflow/.local/lib/python3.8/site-packages/airflow/example_dags/example_branch_labels.py for tasks to queue
[2023-08-31T00:06:02.665+0000] {logging_mixin.py:151} INFO - [2023-08-31T00:06:02.665+0000] {dagbag.py:539} INFO - Filling up the DagBag from /home/airflow/.local/lib/python3.8/site-packages/airflow/example_dags/example_branch_labels.py
[2023-08-31T00:06:02.676+0000] {processor.py:839} INFO - DAG(s) dict_keys(['example_branch_labels']) retrieved from /home/airflow/.local/lib/python3.8/site-packages/airflow/example_dags/example_branch_labels.py
[2023-08-31T00:06:02.715+0000] {logging_mixin.py:151} INFO - [2023-08-31T00:06:02.715+0000] {dag.py:2907} INFO - Sync 1 DAGs
[2023-08-31T00:06:02.741+0000] {logging_mixin.py:151} INFO - [2023-08-31T00:06:02.741+0000] {dag.py:3677} INFO - Setting next_dagrun for example_branch_labels to 2023-08-30T00:00:00+00:00, run_after=2023-08-31T00:00:00+00:00
[2023-08-31T00:06:02.765+0000] {processor.py:179} INFO - Processing /home/airflow/.local/lib/python3.8/site-packages/airflow/example_dags/example_branch_labels.py took 0.107 seconds
[2023-08-31T01:36:28.907+0000] {processor.py:157} INFO - Started process (PID=72784) to work on /home/airflow/.local/lib/python3.8/site-packages/airflow/example_dags/example_branch_labels.py
[2023-08-31T01:36:28.920+0000] {processor.py:829} INFO - Processing file /home/airflow/.local/lib/python3.8/site-packages/airflow/example_dags/example_branch_labels.py for tasks to queue
[2023-08-31T01:36:28.927+0000] {logging_mixin.py:151} INFO - [2023-08-31T01:36:28.927+0000] {dagbag.py:539} INFO - Filling up the DagBag from /home/airflow/.local/lib/python3.8/site-packages/airflow/example_dags/example_branch_labels.py
[2023-08-31T01:36:28.971+0000] {processor.py:839} INFO - DAG(s) dict_keys(['example_branch_labels']) retrieved from /home/airflow/.local/lib/python3.8/site-packages/airflow/example_dags/example_branch_labels.py
[2023-08-31T01:36:29.038+0000] {logging_mixin.py:151} INFO - [2023-08-31T01:36:29.038+0000] {dag.py:2907} INFO - Sync 1 DAGs
[2023-08-31T01:36:29.087+0000] {logging_mixin.py:151} INFO - [2023-08-31T01:36:29.087+0000] {dag.py:3677} INFO - Setting next_dagrun for example_branch_labels to 2023-08-30T00:00:00+00:00, run_after=2023-08-31T00:00:00+00:00
[2023-08-31T01:36:29.174+0000] {processor.py:179} INFO - Processing /home/airflow/.local/lib/python3.8/site-packages/airflow/example_dags/example_branch_labels.py took 0.279 seconds
[2023-08-31T04:06:12.299+0000] {processor.py:157} INFO - Started process (PID=72832) to work on /home/airflow/.local/lib/python3.8/site-packages/airflow/example_dags/example_branch_labels.py
[2023-08-31T04:06:12.306+0000] {processor.py:829} INFO - Processing file /home/airflow/.local/lib/python3.8/site-packages/airflow/example_dags/example_branch_labels.py for tasks to queue
[2023-08-31T04:06:12.315+0000] {logging_mixin.py:151} INFO - [2023-08-31T04:06:12.313+0000] {dagbag.py:539} INFO - Filling up the DagBag from /home/airflow/.local/lib/python3.8/site-packages/airflow/example_dags/example_branch_labels.py
[2023-08-31T04:06:12.359+0000] {processor.py:839} INFO - DAG(s) dict_keys(['example_branch_labels']) retrieved from /home/airflow/.local/lib/python3.8/site-packages/airflow/example_dags/example_branch_labels.py
[2023-08-31T04:06:12.435+0000] {logging_mixin.py:151} INFO - [2023-08-31T04:06:12.435+0000] {dag.py:2907} INFO - Sync 1 DAGs
[2023-08-31T04:06:12.474+0000] {logging_mixin.py:151} INFO - [2023-08-31T04:06:12.474+0000] {dag.py:3677} INFO - Setting next_dagrun for example_branch_labels to 2023-08-30T00:00:00+00:00, run_after=2023-08-31T00:00:00+00:00
[2023-08-31T09:48:40.167+0000] {processor.py:157} INFO - Started process (PID=72909) to work on /home/airflow/.local/lib/python3.8/site-packages/airflow/example_dags/example_branch_labels.py
[2023-08-31T09:48:40.171+0000] {processor.py:829} INFO - Processing file /home/airflow/.local/lib/python3.8/site-packages/airflow/example_dags/example_branch_labels.py for tasks to queue
[2023-08-31T09:48:40.174+0000] {logging_mixin.py:151} INFO - [2023-08-31T09:48:40.173+0000] {dagbag.py:539} INFO - Filling up the DagBag from /home/airflow/.local/lib/python3.8/site-packages/airflow/example_dags/example_branch_labels.py
[2023-08-31T09:48:40.208+0000] {processor.py:839} INFO - DAG(s) dict_keys(['example_branch_labels']) retrieved from /home/airflow/.local/lib/python3.8/site-packages/airflow/example_dags/example_branch_labels.py
[2023-08-31T09:48:40.435+0000] {logging_mixin.py:151} INFO - [2023-08-31T09:48:40.435+0000] {dag.py:2907} INFO - Sync 1 DAGs
[2023-08-31T09:48:40.465+0000] {logging_mixin.py:151} INFO - [2023-08-31T09:48:40.465+0000] {dag.py:3677} INFO - Setting next_dagrun for example_branch_labels to 2023-08-30T00:00:00+00:00, run_after=2023-08-31T00:00:00+00:00
[2023-08-31T09:48:40.495+0000] {processor.py:179} INFO - Processing /home/airflow/.local/lib/python3.8/site-packages/airflow/example_dags/example_branch_labels.py took 0.340 seconds
[2023-08-31T15:39:04.994+0000] {processor.py:157} INFO - Started process (PID=72964) to work on /home/airflow/.local/lib/python3.8/site-packages/airflow/example_dags/example_branch_labels.py
[2023-08-31T15:39:04.998+0000] {processor.py:829} INFO - Processing file /home/airflow/.local/lib/python3.8/site-packages/airflow/example_dags/example_branch_labels.py for tasks to queue
[2023-08-31T15:39:05.000+0000] {logging_mixin.py:151} INFO - [2023-08-31T15:39:04.999+0000] {dagbag.py:539} INFO - Filling up the DagBag from /home/airflow/.local/lib/python3.8/site-packages/airflow/example_dags/example_branch_labels.py
[2023-08-31T15:39:05.023+0000] {processor.py:839} INFO - DAG(s) dict_keys(['example_branch_labels']) retrieved from /home/airflow/.local/lib/python3.8/site-packages/airflow/example_dags/example_branch_labels.py
[2023-08-31T15:39:05.066+0000] {logging_mixin.py:151} INFO - [2023-08-31T15:39:05.066+0000] {dag.py:2907} INFO - Sync 1 DAGs
[2023-08-31T15:39:05.106+0000] {logging_mixin.py:151} INFO - [2023-08-31T15:39:05.106+0000] {dag.py:3677} INFO - Setting next_dagrun for example_branch_labels to 2023-08-30T00:00:00+00:00, run_after=2023-08-31T00:00:00+00:00
[2023-08-31T15:39:05.133+0000] {processor.py:179} INFO - Processing /home/airflow/.local/lib/python3.8/site-packages/airflow/example_dags/example_branch_labels.py took 0.153 seconds
[2023-08-31T18:03:04.865+0000] {processor.py:157} INFO - Started process (PID=73019) to work on /home/airflow/.local/lib/python3.8/site-packages/airflow/example_dags/example_branch_labels.py
[2023-08-31T18:03:04.866+0000] {processor.py:829} INFO - Processing file /home/airflow/.local/lib/python3.8/site-packages/airflow/example_dags/example_branch_labels.py for tasks to queue
[2023-08-31T18:03:04.870+0000] {logging_mixin.py:151} INFO - [2023-08-31T18:03:04.868+0000] {dagbag.py:539} INFO - Filling up the DagBag from /home/airflow/.local/lib/python3.8/site-packages/airflow/example_dags/example_branch_labels.py
[2023-08-31T18:03:04.911+0000] {processor.py:839} INFO - DAG(s) dict_keys(['example_branch_labels']) retrieved from /home/airflow/.local/lib/python3.8/site-packages/airflow/example_dags/example_branch_labels.py
[2023-08-31T18:03:04.982+0000] {logging_mixin.py:151} INFO - [2023-08-31T18:03:04.982+0000] {dag.py:2907} INFO - Sync 1 DAGs
[2023-08-31T18:03:05.040+0000] {logging_mixin.py:151} INFO - [2023-08-31T18:03:05.039+0000] {dag.py:3677} INFO - Setting next_dagrun for example_branch_labels to 2023-08-30T00:00:00+00:00, run_after=2023-08-31T00:00:00+00:00
[2023-08-31T18:03:05.071+0000] {processor.py:179} INFO - Processing /home/airflow/.local/lib/python3.8/site-packages/airflow/example_dags/example_branch_labels.py took 0.221 seconds
[2023-08-31T20:15:34.786+0000] {processor.py:157} INFO - Started process (PID=73074) to work on /home/airflow/.local/lib/python3.8/site-packages/airflow/example_dags/example_branch_labels.py
[2023-08-31T20:15:34.788+0000] {processor.py:829} INFO - Processing file /home/airflow/.local/lib/python3.8/site-packages/airflow/example_dags/example_branch_labels.py for tasks to queue
[2023-08-31T20:15:34.789+0000] {logging_mixin.py:151} INFO - [2023-08-31T20:15:34.789+0000] {dagbag.py:539} INFO - Filling up the DagBag from /home/airflow/.local/lib/python3.8/site-packages/airflow/example_dags/example_branch_labels.py
[2023-08-31T20:15:34.811+0000] {processor.py:839} INFO - DAG(s) dict_keys(['example_branch_labels']) retrieved from /home/airflow/.local/lib/python3.8/site-packages/airflow/example_dags/example_branch_labels.py
[2023-08-31T20:15:34.859+0000] {logging_mixin.py:151} INFO - [2023-08-31T20:15:34.859+0000] {dag.py:2907} INFO - Sync 1 DAGs
[2023-08-31T20:15:34.911+0000] {logging_mixin.py:151} INFO - [2023-08-31T20:15:34.911+0000] {dag.py:3677} INFO - Setting next_dagrun for example_branch_labels to 2023-08-30T00:00:00+00:00, run_after=2023-08-31T00:00:00+00:00
[2023-08-31T20:15:34.946+0000] {processor.py:179} INFO - Processing /home/airflow/.local/lib/python3.8/site-packages/airflow/example_dags/example_branch_labels.py took 0.165 seconds
