[2023-08-31T00:06:02.958+0000] {processor.py:157} INFO - Started process (PID=72731) to work on /home/airflow/.local/lib/python3.8/site-packages/airflow/example_dags/example_setup_teardown.py
[2023-08-31T00:06:02.960+0000] {processor.py:829} INFO - Processing file /home/airflow/.local/lib/python3.8/site-packages/airflow/example_dags/example_setup_teardown.py for tasks to queue
[2023-08-31T00:06:02.961+0000] {logging_mixin.py:151} INFO - [2023-08-31T00:06:02.961+0000] {dagbag.py:539} INFO - Filling up the DagBag from /home/airflow/.local/lib/python3.8/site-packages/airflow/example_dags/example_setup_teardown.py
[2023-08-31T00:06:02.974+0000] {processor.py:839} INFO - DAG(s) dict_keys(['example_setup_teardown']) retrieved from /home/airflow/.local/lib/python3.8/site-packages/airflow/example_dags/example_setup_teardown.py
[2023-08-31T00:06:03.013+0000] {logging_mixin.py:151} INFO - [2023-08-31T00:06:03.012+0000] {dag.py:2907} INFO - Sync 1 DAGs
[2023-08-31T00:06:03.038+0000] {logging_mixin.py:151} INFO - [2023-08-31T00:06:03.037+0000] {dag.py:3677} INFO - Setting next_dagrun for example_setup_teardown to 2023-08-30T00:06:03.037584+00:00, run_after=2023-08-31T00:06:03.037584+00:00
[2023-08-31T00:06:03.060+0000] {processor.py:179} INFO - Processing /home/airflow/.local/lib/python3.8/site-packages/airflow/example_dags/example_setup_teardown.py took 0.108 seconds
[2023-08-31T01:36:29.288+0000] {processor.py:157} INFO - Started process (PID=72786) to work on /home/airflow/.local/lib/python3.8/site-packages/airflow/example_dags/example_setup_teardown.py
[2023-08-31T01:36:29.294+0000] {processor.py:829} INFO - Processing file /home/airflow/.local/lib/python3.8/site-packages/airflow/example_dags/example_setup_teardown.py for tasks to queue
[2023-08-31T01:36:29.296+0000] {logging_mixin.py:151} INFO - [2023-08-31T01:36:29.296+0000] {dagbag.py:539} INFO - Filling up the DagBag from /home/airflow/.local/lib/python3.8/site-packages/airflow/example_dags/example_setup_teardown.py
[2023-08-31T01:36:29.341+0000] {processor.py:839} INFO - DAG(s) dict_keys(['example_setup_teardown']) retrieved from /home/airflow/.local/lib/python3.8/site-packages/airflow/example_dags/example_setup_teardown.py
[2023-08-31T01:36:29.400+0000] {logging_mixin.py:151} INFO - [2023-08-31T01:36:29.400+0000] {dag.py:2907} INFO - Sync 1 DAGs
[2023-08-31T01:36:29.457+0000] {logging_mixin.py:151} INFO - [2023-08-31T01:36:29.457+0000] {dag.py:3677} INFO - Setting next_dagrun for example_setup_teardown to 2023-08-30T01:36:29.457032+00:00, run_after=2023-08-31T01:36:29.457032+00:00
[2023-08-31T01:36:29.502+0000] {processor.py:179} INFO - Processing /home/airflow/.local/lib/python3.8/site-packages/airflow/example_dags/example_setup_teardown.py took 0.226 seconds
[2023-08-31T04:06:12.580+0000] {processor.py:157} INFO - Started process (PID=72841) to work on /home/airflow/.local/lib/python3.8/site-packages/airflow/example_dags/example_setup_teardown.py
[2023-08-31T04:06:12.582+0000] {processor.py:829} INFO - Processing file /home/airflow/.local/lib/python3.8/site-packages/airflow/example_dags/example_setup_teardown.py for tasks to queue
[2023-08-31T04:06:12.583+0000] {logging_mixin.py:151} INFO - [2023-08-31T04:06:12.583+0000] {dagbag.py:539} INFO - Filling up the DagBag from /home/airflow/.local/lib/python3.8/site-packages/airflow/example_dags/example_setup_teardown.py
[2023-08-31T04:06:12.603+0000] {processor.py:839} INFO - DAG(s) dict_keys(['example_setup_teardown']) retrieved from /home/airflow/.local/lib/python3.8/site-packages/airflow/example_dags/example_setup_teardown.py
[2023-08-31T04:06:12.657+0000] {logging_mixin.py:151} INFO - [2023-08-31T04:06:12.657+0000] {dag.py:2907} INFO - Sync 1 DAGs
[2023-08-31T04:06:12.703+0000] {logging_mixin.py:151} INFO - [2023-08-31T04:06:12.703+0000] {dag.py:3677} INFO - Setting next_dagrun for example_setup_teardown to 2023-08-30T04:06:12.702645+00:00, run_after=2023-08-31T04:06:12.702645+00:00
[2023-08-31T04:06:12.745+0000] {processor.py:179} INFO - Processing /home/airflow/.local/lib/python3.8/site-packages/airflow/example_dags/example_setup_teardown.py took 0.172 seconds
[2023-08-31T09:48:40.671+0000] {processor.py:157} INFO - Started process (PID=72918) to work on /home/airflow/.local/lib/python3.8/site-packages/airflow/example_dags/example_setup_teardown.py
[2023-08-31T09:48:40.673+0000] {processor.py:829} INFO - Processing file /home/airflow/.local/lib/python3.8/site-packages/airflow/example_dags/example_setup_teardown.py for tasks to queue
[2023-08-31T09:48:40.675+0000] {logging_mixin.py:151} INFO - [2023-08-31T09:48:40.675+0000] {dagbag.py:539} INFO - Filling up the DagBag from /home/airflow/.local/lib/python3.8/site-packages/airflow/example_dags/example_setup_teardown.py
[2023-08-31T09:48:40.688+0000] {processor.py:839} INFO - DAG(s) dict_keys(['example_setup_teardown']) retrieved from /home/airflow/.local/lib/python3.8/site-packages/airflow/example_dags/example_setup_teardown.py
[2023-08-31T09:48:40.732+0000] {logging_mixin.py:151} INFO - [2023-08-31T09:48:40.732+0000] {dag.py:2907} INFO - Sync 1 DAGs
[2023-08-31T09:48:40.760+0000] {logging_mixin.py:151} INFO - [2023-08-31T09:48:40.760+0000] {dag.py:3677} INFO - Setting next_dagrun for example_setup_teardown to 2023-08-30T09:48:40.759854+00:00, run_after=2023-08-31T09:48:40.759854+00:00
[2023-08-31T09:48:40.785+0000] {processor.py:179} INFO - Processing /home/airflow/.local/lib/python3.8/site-packages/airflow/example_dags/example_setup_teardown.py took 0.121 seconds
[2023-08-31T15:39:05.298+0000] {processor.py:157} INFO - Started process (PID=72973) to work on /home/airflow/.local/lib/python3.8/site-packages/airflow/example_dags/example_setup_teardown.py
[2023-08-31T15:39:05.300+0000] {processor.py:829} INFO - Processing file /home/airflow/.local/lib/python3.8/site-packages/airflow/example_dags/example_setup_teardown.py for tasks to queue
[2023-08-31T15:39:05.302+0000] {logging_mixin.py:151} INFO - [2023-08-31T15:39:05.302+0000] {dagbag.py:539} INFO - Filling up the DagBag from /home/airflow/.local/lib/python3.8/site-packages/airflow/example_dags/example_setup_teardown.py
[2023-08-31T15:39:05.312+0000] {processor.py:839} INFO - DAG(s) dict_keys(['example_setup_teardown']) retrieved from /home/airflow/.local/lib/python3.8/site-packages/airflow/example_dags/example_setup_teardown.py
[2023-08-31T15:39:05.354+0000] {logging_mixin.py:151} INFO - [2023-08-31T15:39:05.354+0000] {dag.py:2907} INFO - Sync 1 DAGs
[2023-08-31T15:39:05.381+0000] {logging_mixin.py:151} INFO - [2023-08-31T15:39:05.380+0000] {dag.py:3677} INFO - Setting next_dagrun for example_setup_teardown to 2023-08-30T15:39:05.380628+00:00, run_after=2023-08-31T15:39:05.380628+00:00
[2023-08-31T15:39:05.404+0000] {processor.py:179} INFO - Processing /home/airflow/.local/lib/python3.8/site-packages/airflow/example_dags/example_setup_teardown.py took 0.114 seconds
[2023-08-31T18:03:05.307+0000] {processor.py:157} INFO - Started process (PID=73028) to work on /home/airflow/.local/lib/python3.8/site-packages/airflow/example_dags/example_setup_teardown.py
[2023-08-31T18:03:05.311+0000] {processor.py:829} INFO - Processing file /home/airflow/.local/lib/python3.8/site-packages/airflow/example_dags/example_setup_teardown.py for tasks to queue
[2023-08-31T18:03:05.314+0000] {logging_mixin.py:151} INFO - [2023-08-31T18:03:05.313+0000] {dagbag.py:539} INFO - Filling up the DagBag from /home/airflow/.local/lib/python3.8/site-packages/airflow/example_dags/example_setup_teardown.py
[2023-08-31T18:03:05.335+0000] {processor.py:839} INFO - DAG(s) dict_keys(['example_setup_teardown']) retrieved from /home/airflow/.local/lib/python3.8/site-packages/airflow/example_dags/example_setup_teardown.py
[2023-08-31T18:03:05.398+0000] {logging_mixin.py:151} INFO - [2023-08-31T18:03:05.398+0000] {dag.py:2907} INFO - Sync 1 DAGs
[2023-08-31T18:03:05.450+0000] {logging_mixin.py:151} INFO - [2023-08-31T18:03:05.450+0000] {dag.py:3677} INFO - Setting next_dagrun for example_setup_teardown to 2023-08-30T18:03:05.449225+00:00, run_after=2023-08-31T18:03:05.449225+00:00
[2023-08-31T18:03:05.479+0000] {processor.py:179} INFO - Processing /home/airflow/.local/lib/python3.8/site-packages/airflow/example_dags/example_setup_teardown.py took 0.180 seconds
[2023-08-31T20:15:35.089+0000] {processor.py:157} INFO - Started process (PID=73076) to work on /home/airflow/.local/lib/python3.8/site-packages/airflow/example_dags/example_setup_teardown.py
[2023-08-31T20:15:35.091+0000] {processor.py:829} INFO - Processing file /home/airflow/.local/lib/python3.8/site-packages/airflow/example_dags/example_setup_teardown.py for tasks to queue
[2023-08-31T20:15:35.092+0000] {logging_mixin.py:151} INFO - [2023-08-31T20:15:35.092+0000] {dagbag.py:539} INFO - Filling up the DagBag from /home/airflow/.local/lib/python3.8/site-packages/airflow/example_dags/example_setup_teardown.py
[2023-08-31T20:15:35.104+0000] {processor.py:839} INFO - DAG(s) dict_keys(['example_setup_teardown']) retrieved from /home/airflow/.local/lib/python3.8/site-packages/airflow/example_dags/example_setup_teardown.py
[2023-08-31T20:15:35.131+0000] {logging_mixin.py:151} INFO - [2023-08-31T20:15:35.131+0000] {dag.py:2907} INFO - Sync 1 DAGs
[2023-08-31T20:15:35.158+0000] {logging_mixin.py:151} INFO - [2023-08-31T20:15:35.158+0000] {dag.py:3677} INFO - Setting next_dagrun for example_setup_teardown to 2023-08-30T20:15:35.157940+00:00, run_after=2023-08-31T20:15:35.157940+00:00
[2023-08-31T20:15:35.177+0000] {processor.py:179} INFO - Processing /home/airflow/.local/lib/python3.8/site-packages/airflow/example_dags/example_setup_teardown.py took 0.093 seconds
