[2023-08-31T00:06:03.472+0000] {processor.py:157} INFO - Started process (PID=72739) to work on /home/airflow/.local/lib/python3.8/site-packages/airflow/example_dags/example_xcomargs.py
[2023-08-31T00:06:03.474+0000] {processor.py:829} INFO - Processing file /home/airflow/.local/lib/python3.8/site-packages/airflow/example_dags/example_xcomargs.py for tasks to queue
[2023-08-31T00:06:03.476+0000] {logging_mixin.py:151} INFO - [2023-08-31T00:06:03.475+0000] {dagbag.py:539} INFO - Filling up the DagBag from /home/airflow/.local/lib/python3.8/site-packages/airflow/example_dags/example_xcomargs.py
[2023-08-31T00:06:03.487+0000] {processor.py:839} INFO - DAG(s) dict_keys(['example_xcom_args_with_operators', 'example_xcom_args']) retrieved from /home/airflow/.local/lib/python3.8/site-packages/airflow/example_dags/example_xcomargs.py
[2023-08-31T00:06:03.520+0000] {logging_mixin.py:151} INFO - [2023-08-31T00:06:03.520+0000] {dag.py:2907} INFO - Sync 2 DAGs
[2023-08-31T00:06:03.536+0000] {logging_mixin.py:151} INFO - [2023-08-31T00:06:03.536+0000] {dag.py:3677} INFO - Setting next_dagrun for example_xcom_args to None, run_after=None
[2023-08-31T00:06:03.541+0000] {logging_mixin.py:151} INFO - [2023-08-31T00:06:03.540+0000] {dag.py:3677} INFO - Setting next_dagrun for example_xcom_args_with_operators to None, run_after=None
[2023-08-31T00:06:03.562+0000] {processor.py:179} INFO - Processing /home/airflow/.local/lib/python3.8/site-packages/airflow/example_dags/example_xcomargs.py took 0.094 seconds
[2023-08-31T01:36:30.140+0000] {processor.py:157} INFO - Started process (PID=72794) to work on /home/airflow/.local/lib/python3.8/site-packages/airflow/example_dags/example_xcomargs.py
[2023-08-31T01:36:30.142+0000] {processor.py:829} INFO - Processing file /home/airflow/.local/lib/python3.8/site-packages/airflow/example_dags/example_xcomargs.py for tasks to queue
[2023-08-31T01:36:30.143+0000] {logging_mixin.py:151} INFO - [2023-08-31T01:36:30.142+0000] {dagbag.py:539} INFO - Filling up the DagBag from /home/airflow/.local/lib/python3.8/site-packages/airflow/example_dags/example_xcomargs.py
[2023-08-31T01:36:30.154+0000] {processor.py:839} INFO - DAG(s) dict_keys(['example_xcom_args', 'example_xcom_args_with_operators']) retrieved from /home/airflow/.local/lib/python3.8/site-packages/airflow/example_dags/example_xcomargs.py
[2023-08-31T01:36:30.185+0000] {logging_mixin.py:151} INFO - [2023-08-31T01:36:30.185+0000] {dag.py:2907} INFO - Sync 2 DAGs
[2023-08-31T01:36:30.202+0000] {logging_mixin.py:151} INFO - [2023-08-31T01:36:30.201+0000] {dag.py:3677} INFO - Setting next_dagrun for example_xcom_args to None, run_after=None
[2023-08-31T01:36:30.206+0000] {logging_mixin.py:151} INFO - [2023-08-31T01:36:30.206+0000] {dag.py:3677} INFO - Setting next_dagrun for example_xcom_args_with_operators to None, run_after=None
[2023-08-31T01:36:30.226+0000] {processor.py:179} INFO - Processing /home/airflow/.local/lib/python3.8/site-packages/airflow/example_dags/example_xcomargs.py took 0.091 seconds
[2023-08-31T04:06:13.498+0000] {processor.py:157} INFO - Started process (PID=72849) to work on /home/airflow/.local/lib/python3.8/site-packages/airflow/example_dags/example_xcomargs.py
[2023-08-31T04:06:13.499+0000] {processor.py:829} INFO - Processing file /home/airflow/.local/lib/python3.8/site-packages/airflow/example_dags/example_xcomargs.py for tasks to queue
[2023-08-31T04:06:13.501+0000] {logging_mixin.py:151} INFO - [2023-08-31T04:06:13.500+0000] {dagbag.py:539} INFO - Filling up the DagBag from /home/airflow/.local/lib/python3.8/site-packages/airflow/example_dags/example_xcomargs.py
[2023-08-31T04:06:13.515+0000] {processor.py:839} INFO - DAG(s) dict_keys(['example_xcom_args', 'example_xcom_args_with_operators']) retrieved from /home/airflow/.local/lib/python3.8/site-packages/airflow/example_dags/example_xcomargs.py
[2023-08-31T04:06:13.563+0000] {logging_mixin.py:151} INFO - [2023-08-31T04:06:13.562+0000] {dag.py:2907} INFO - Sync 2 DAGs
[2023-08-31T04:06:13.592+0000] {logging_mixin.py:151} INFO - [2023-08-31T04:06:13.592+0000] {dag.py:3677} INFO - Setting next_dagrun for example_xcom_args to None, run_after=None
[2023-08-31T04:06:13.599+0000] {logging_mixin.py:151} INFO - [2023-08-31T04:06:13.599+0000] {dag.py:3677} INFO - Setting next_dagrun for example_xcom_args_with_operators to None, run_after=None
[2023-08-31T04:06:13.628+0000] {processor.py:179} INFO - Processing /home/airflow/.local/lib/python3.8/site-packages/airflow/example_dags/example_xcomargs.py took 0.137 seconds
[2023-08-31T09:48:41.454+0000] {processor.py:157} INFO - Started process (PID=72926) to work on /home/airflow/.local/lib/python3.8/site-packages/airflow/example_dags/example_xcomargs.py
[2023-08-31T09:48:41.456+0000] {processor.py:829} INFO - Processing file /home/airflow/.local/lib/python3.8/site-packages/airflow/example_dags/example_xcomargs.py for tasks to queue
[2023-08-31T09:48:41.458+0000] {logging_mixin.py:151} INFO - [2023-08-31T09:48:41.457+0000] {dagbag.py:539} INFO - Filling up the DagBag from /home/airflow/.local/lib/python3.8/site-packages/airflow/example_dags/example_xcomargs.py
[2023-08-31T09:48:41.470+0000] {processor.py:839} INFO - DAG(s) dict_keys(['example_xcom_args_with_operators', 'example_xcom_args']) retrieved from /home/airflow/.local/lib/python3.8/site-packages/airflow/example_dags/example_xcomargs.py
[2023-08-31T09:48:41.500+0000] {logging_mixin.py:151} INFO - [2023-08-31T09:48:41.500+0000] {dag.py:2907} INFO - Sync 2 DAGs
[2023-08-31T09:48:41.517+0000] {logging_mixin.py:151} INFO - [2023-08-31T09:48:41.517+0000] {dag.py:3677} INFO - Setting next_dagrun for example_xcom_args to None, run_after=None
[2023-08-31T09:48:41.521+0000] {logging_mixin.py:151} INFO - [2023-08-31T09:48:41.521+0000] {dag.py:3677} INFO - Setting next_dagrun for example_xcom_args_with_operators to None, run_after=None
[2023-08-31T09:48:41.542+0000] {processor.py:179} INFO - Processing /home/airflow/.local/lib/python3.8/site-packages/airflow/example_dags/example_xcomargs.py took 0.093 seconds
[2023-08-31T15:39:05.812+0000] {processor.py:157} INFO - Started process (PID=72981) to work on /home/airflow/.local/lib/python3.8/site-packages/airflow/example_dags/example_xcomargs.py
[2023-08-31T15:39:05.814+0000] {processor.py:829} INFO - Processing file /home/airflow/.local/lib/python3.8/site-packages/airflow/example_dags/example_xcomargs.py for tasks to queue
[2023-08-31T15:39:05.815+0000] {logging_mixin.py:151} INFO - [2023-08-31T15:39:05.815+0000] {dagbag.py:539} INFO - Filling up the DagBag from /home/airflow/.local/lib/python3.8/site-packages/airflow/example_dags/example_xcomargs.py
[2023-08-31T15:39:05.827+0000] {processor.py:839} INFO - DAG(s) dict_keys(['example_xcom_args', 'example_xcom_args_with_operators']) retrieved from /home/airflow/.local/lib/python3.8/site-packages/airflow/example_dags/example_xcomargs.py
[2023-08-31T15:39:05.858+0000] {logging_mixin.py:151} INFO - [2023-08-31T15:39:05.857+0000] {dag.py:2907} INFO - Sync 2 DAGs
[2023-08-31T15:39:05.874+0000] {logging_mixin.py:151} INFO - [2023-08-31T15:39:05.874+0000] {dag.py:3677} INFO - Setting next_dagrun for example_xcom_args to None, run_after=None
[2023-08-31T15:39:05.879+0000] {logging_mixin.py:151} INFO - [2023-08-31T15:39:05.879+0000] {dag.py:3677} INFO - Setting next_dagrun for example_xcom_args_with_operators to None, run_after=None
[2023-08-31T15:39:05.898+0000] {processor.py:179} INFO - Processing /home/airflow/.local/lib/python3.8/site-packages/airflow/example_dags/example_xcomargs.py took 0.091 seconds
[2023-08-31T18:03:05.953+0000] {processor.py:157} INFO - Started process (PID=73036) to work on /home/airflow/.local/lib/python3.8/site-packages/airflow/example_dags/example_xcomargs.py
[2023-08-31T18:03:05.955+0000] {processor.py:829} INFO - Processing file /home/airflow/.local/lib/python3.8/site-packages/airflow/example_dags/example_xcomargs.py for tasks to queue
[2023-08-31T18:03:05.956+0000] {logging_mixin.py:151} INFO - [2023-08-31T18:03:05.956+0000] {dagbag.py:539} INFO - Filling up the DagBag from /home/airflow/.local/lib/python3.8/site-packages/airflow/example_dags/example_xcomargs.py
[2023-08-31T18:03:05.967+0000] {processor.py:839} INFO - DAG(s) dict_keys(['example_xcom_args_with_operators', 'example_xcom_args']) retrieved from /home/airflow/.local/lib/python3.8/site-packages/airflow/example_dags/example_xcomargs.py
[2023-08-31T18:03:05.999+0000] {logging_mixin.py:151} INFO - [2023-08-31T18:03:05.999+0000] {dag.py:2907} INFO - Sync 2 DAGs
[2023-08-31T18:03:06.015+0000] {logging_mixin.py:151} INFO - [2023-08-31T18:03:06.015+0000] {dag.py:3677} INFO - Setting next_dagrun for example_xcom_args to None, run_after=None
[2023-08-31T18:03:06.019+0000] {logging_mixin.py:151} INFO - [2023-08-31T18:03:06.019+0000] {dag.py:3677} INFO - Setting next_dagrun for example_xcom_args_with_operators to None, run_after=None
[2023-08-31T18:03:06.040+0000] {processor.py:179} INFO - Processing /home/airflow/.local/lib/python3.8/site-packages/airflow/example_dags/example_xcomargs.py took 0.092 seconds
[2023-08-31T20:15:35.828+0000] {processor.py:157} INFO - Started process (PID=73090) to work on /home/airflow/.local/lib/python3.8/site-packages/airflow/example_dags/example_xcomargs.py
[2023-08-31T20:15:35.830+0000] {processor.py:829} INFO - Processing file /home/airflow/.local/lib/python3.8/site-packages/airflow/example_dags/example_xcomargs.py for tasks to queue
[2023-08-31T20:15:35.831+0000] {logging_mixin.py:151} INFO - [2023-08-31T20:15:35.831+0000] {dagbag.py:539} INFO - Filling up the DagBag from /home/airflow/.local/lib/python3.8/site-packages/airflow/example_dags/example_xcomargs.py
[2023-08-31T20:15:35.853+0000] {processor.py:839} INFO - DAG(s) dict_keys(['example_xcom_args_with_operators', 'example_xcom_args']) retrieved from /home/airflow/.local/lib/python3.8/site-packages/airflow/example_dags/example_xcomargs.py
[2023-08-31T20:15:35.907+0000] {logging_mixin.py:151} INFO - [2023-08-31T20:15:35.907+0000] {dag.py:2907} INFO - Sync 2 DAGs
[2023-08-31T20:15:35.935+0000] {logging_mixin.py:151} INFO - [2023-08-31T20:15:35.935+0000] {dag.py:3677} INFO - Setting next_dagrun for example_xcom_args to None, run_after=None
[2023-08-31T20:15:35.941+0000] {logging_mixin.py:151} INFO - [2023-08-31T20:15:35.941+0000] {dag.py:3677} INFO - Setting next_dagrun for example_xcom_args_with_operators to None, run_after=None
[2023-08-31T20:15:35.975+0000] {processor.py:179} INFO - Processing /home/airflow/.local/lib/python3.8/site-packages/airflow/example_dags/example_xcomargs.py took 0.151 seconds
