[2023-08-31T00:06:03.272+0000] {processor.py:157} INFO - Started process (PID=72736) to work on /home/airflow/.local/lib/python3.8/site-packages/airflow/example_dags/example_external_task_marker_dag.py
[2023-08-31T00:06:03.273+0000] {processor.py:829} INFO - Processing file /home/airflow/.local/lib/python3.8/site-packages/airflow/example_dags/example_external_task_marker_dag.py for tasks to queue
[2023-08-31T00:06:03.275+0000] {logging_mixin.py:151} INFO - [2023-08-31T00:06:03.274+0000] {dagbag.py:539} INFO - Filling up the DagBag from /home/airflow/.local/lib/python3.8/site-packages/airflow/example_dags/example_external_task_marker_dag.py
[2023-08-31T00:06:03.283+0000] {processor.py:839} INFO - DAG(s) dict_keys(['example_external_task_marker_child', 'example_external_task_marker_parent']) retrieved from /home/airflow/.local/lib/python3.8/site-packages/airflow/example_dags/example_external_task_marker_dag.py
[2023-08-31T00:06:03.315+0000] {logging_mixin.py:151} INFO - [2023-08-31T00:06:03.315+0000] {dag.py:2907} INFO - Sync 2 DAGs
[2023-08-31T00:06:03.332+0000] {logging_mixin.py:151} INFO - [2023-08-31T00:06:03.332+0000] {dag.py:3677} INFO - Setting next_dagrun for example_external_task_marker_child to None, run_after=None
[2023-08-31T00:06:03.336+0000] {logging_mixin.py:151} INFO - [2023-08-31T00:06:03.336+0000] {dag.py:3677} INFO - Setting next_dagrun for example_external_task_marker_parent to None, run_after=None
[2023-08-31T00:06:03.357+0000] {processor.py:179} INFO - Processing /home/airflow/.local/lib/python3.8/site-packages/airflow/example_dags/example_external_task_marker_dag.py took 0.090 seconds
[2023-08-31T01:36:29.808+0000] {processor.py:157} INFO - Started process (PID=72791) to work on /home/airflow/.local/lib/python3.8/site-packages/airflow/example_dags/example_external_task_marker_dag.py
[2023-08-31T01:36:29.810+0000] {processor.py:829} INFO - Processing file /home/airflow/.local/lib/python3.8/site-packages/airflow/example_dags/example_external_task_marker_dag.py for tasks to queue
[2023-08-31T01:36:29.811+0000] {logging_mixin.py:151} INFO - [2023-08-31T01:36:29.810+0000] {dagbag.py:539} INFO - Filling up the DagBag from /home/airflow/.local/lib/python3.8/site-packages/airflow/example_dags/example_external_task_marker_dag.py
[2023-08-31T01:36:29.819+0000] {processor.py:839} INFO - DAG(s) dict_keys(['example_external_task_marker_child', 'example_external_task_marker_parent']) retrieved from /home/airflow/.local/lib/python3.8/site-packages/airflow/example_dags/example_external_task_marker_dag.py
[2023-08-31T01:36:29.906+0000] {logging_mixin.py:151} INFO - [2023-08-31T01:36:29.906+0000] {dag.py:2907} INFO - Sync 2 DAGs
[2023-08-31T01:36:29.935+0000] {logging_mixin.py:151} INFO - [2023-08-31T01:36:29.935+0000] {dag.py:3677} INFO - Setting next_dagrun for example_external_task_marker_child to None, run_after=None
[2023-08-31T01:36:29.941+0000] {logging_mixin.py:151} INFO - [2023-08-31T01:36:29.940+0000] {dag.py:3677} INFO - Setting next_dagrun for example_external_task_marker_parent to None, run_after=None
[2023-08-31T01:36:29.966+0000] {processor.py:179} INFO - Processing /home/airflow/.local/lib/python3.8/site-packages/airflow/example_dags/example_external_task_marker_dag.py took 0.163 seconds
[2023-08-31T04:06:13.078+0000] {processor.py:157} INFO - Started process (PID=72846) to work on /home/airflow/.local/lib/python3.8/site-packages/airflow/example_dags/example_external_task_marker_dag.py
[2023-08-31T04:06:13.080+0000] {processor.py:829} INFO - Processing file /home/airflow/.local/lib/python3.8/site-packages/airflow/example_dags/example_external_task_marker_dag.py for tasks to queue
[2023-08-31T04:06:13.082+0000] {logging_mixin.py:151} INFO - [2023-08-31T04:06:13.081+0000] {dagbag.py:539} INFO - Filling up the DagBag from /home/airflow/.local/lib/python3.8/site-packages/airflow/example_dags/example_external_task_marker_dag.py
[2023-08-31T04:06:13.097+0000] {processor.py:839} INFO - DAG(s) dict_keys(['example_external_task_marker_parent', 'example_external_task_marker_child']) retrieved from /home/airflow/.local/lib/python3.8/site-packages/airflow/example_dags/example_external_task_marker_dag.py
[2023-08-31T04:06:13.140+0000] {logging_mixin.py:151} INFO - [2023-08-31T04:06:13.140+0000] {dag.py:2907} INFO - Sync 2 DAGs
[2023-08-31T04:06:13.160+0000] {logging_mixin.py:151} INFO - [2023-08-31T04:06:13.160+0000] {dag.py:3677} INFO - Setting next_dagrun for example_external_task_marker_child to None, run_after=None
[2023-08-31T04:06:13.165+0000] {logging_mixin.py:151} INFO - [2023-08-31T04:06:13.164+0000] {dag.py:3677} INFO - Setting next_dagrun for example_external_task_marker_parent to None, run_after=None
[2023-08-31T04:06:13.197+0000] {processor.py:179} INFO - Processing /home/airflow/.local/lib/python3.8/site-packages/airflow/example_dags/example_external_task_marker_dag.py took 0.132 seconds
[2023-08-31T09:48:41.219+0000] {processor.py:157} INFO - Started process (PID=72923) to work on /home/airflow/.local/lib/python3.8/site-packages/airflow/example_dags/example_external_task_marker_dag.py
[2023-08-31T09:48:41.221+0000] {processor.py:829} INFO - Processing file /home/airflow/.local/lib/python3.8/site-packages/airflow/example_dags/example_external_task_marker_dag.py for tasks to queue
[2023-08-31T09:48:41.223+0000] {logging_mixin.py:151} INFO - [2023-08-31T09:48:41.222+0000] {dagbag.py:539} INFO - Filling up the DagBag from /home/airflow/.local/lib/python3.8/site-packages/airflow/example_dags/example_external_task_marker_dag.py
[2023-08-31T09:48:41.233+0000] {processor.py:839} INFO - DAG(s) dict_keys(['example_external_task_marker_child', 'example_external_task_marker_parent']) retrieved from /home/airflow/.local/lib/python3.8/site-packages/airflow/example_dags/example_external_task_marker_dag.py
[2023-08-31T09:48:41.277+0000] {logging_mixin.py:151} INFO - [2023-08-31T09:48:41.277+0000] {dag.py:2907} INFO - Sync 2 DAGs
[2023-08-31T09:48:41.298+0000] {logging_mixin.py:151} INFO - [2023-08-31T09:48:41.297+0000] {dag.py:3677} INFO - Setting next_dagrun for example_external_task_marker_child to None, run_after=None
[2023-08-31T09:48:41.303+0000] {logging_mixin.py:151} INFO - [2023-08-31T09:48:41.303+0000] {dag.py:3677} INFO - Setting next_dagrun for example_external_task_marker_parent to None, run_after=None
[2023-08-31T09:48:41.332+0000] {processor.py:179} INFO - Processing /home/airflow/.local/lib/python3.8/site-packages/airflow/example_dags/example_external_task_marker_dag.py took 0.119 seconds
[2023-08-31T15:39:05.619+0000] {processor.py:157} INFO - Started process (PID=72978) to work on /home/airflow/.local/lib/python3.8/site-packages/airflow/example_dags/example_external_task_marker_dag.py
[2023-08-31T15:39:05.621+0000] {processor.py:829} INFO - Processing file /home/airflow/.local/lib/python3.8/site-packages/airflow/example_dags/example_external_task_marker_dag.py for tasks to queue
[2023-08-31T15:39:05.622+0000] {logging_mixin.py:151} INFO - [2023-08-31T15:39:05.622+0000] {dagbag.py:539} INFO - Filling up the DagBag from /home/airflow/.local/lib/python3.8/site-packages/airflow/example_dags/example_external_task_marker_dag.py
[2023-08-31T15:39:05.631+0000] {processor.py:839} INFO - DAG(s) dict_keys(['example_external_task_marker_parent', 'example_external_task_marker_child']) retrieved from /home/airflow/.local/lib/python3.8/site-packages/airflow/example_dags/example_external_task_marker_dag.py
[2023-08-31T15:39:05.666+0000] {logging_mixin.py:151} INFO - [2023-08-31T15:39:05.666+0000] {dag.py:2907} INFO - Sync 2 DAGs
[2023-08-31T15:39:05.684+0000] {logging_mixin.py:151} INFO - [2023-08-31T15:39:05.683+0000] {dag.py:3677} INFO - Setting next_dagrun for example_external_task_marker_child to None, run_after=None
[2023-08-31T15:39:05.689+0000] {logging_mixin.py:151} INFO - [2023-08-31T15:39:05.688+0000] {dag.py:3677} INFO - Setting next_dagrun for example_external_task_marker_parent to None, run_after=None
[2023-08-31T15:39:05.709+0000] {processor.py:179} INFO - Processing /home/airflow/.local/lib/python3.8/site-packages/airflow/example_dags/example_external_task_marker_dag.py took 0.095 seconds
[2023-08-31T18:03:05.742+0000] {processor.py:157} INFO - Started process (PID=73033) to work on /home/airflow/.local/lib/python3.8/site-packages/airflow/example_dags/example_external_task_marker_dag.py
[2023-08-31T18:03:05.745+0000] {processor.py:829} INFO - Processing file /home/airflow/.local/lib/python3.8/site-packages/airflow/example_dags/example_external_task_marker_dag.py for tasks to queue
[2023-08-31T18:03:05.746+0000] {logging_mixin.py:151} INFO - [2023-08-31T18:03:05.746+0000] {dagbag.py:539} INFO - Filling up the DagBag from /home/airflow/.local/lib/python3.8/site-packages/airflow/example_dags/example_external_task_marker_dag.py
[2023-08-31T18:03:05.759+0000] {processor.py:839} INFO - DAG(s) dict_keys(['example_external_task_marker_parent', 'example_external_task_marker_child']) retrieved from /home/airflow/.local/lib/python3.8/site-packages/airflow/example_dags/example_external_task_marker_dag.py
[2023-08-31T18:03:05.804+0000] {logging_mixin.py:151} INFO - [2023-08-31T18:03:05.804+0000] {dag.py:2907} INFO - Sync 2 DAGs
[2023-08-31T18:03:05.822+0000] {logging_mixin.py:151} INFO - [2023-08-31T18:03:05.821+0000] {dag.py:3677} INFO - Setting next_dagrun for example_external_task_marker_child to None, run_after=None
[2023-08-31T18:03:05.826+0000] {logging_mixin.py:151} INFO - [2023-08-31T18:03:05.826+0000] {dag.py:3677} INFO - Setting next_dagrun for example_external_task_marker_parent to None, run_after=None
[2023-08-31T18:03:05.848+0000] {processor.py:179} INFO - Processing /home/airflow/.local/lib/python3.8/site-packages/airflow/example_dags/example_external_task_marker_dag.py took 0.113 seconds
[2023-08-31T20:15:35.428+0000] {processor.py:157} INFO - Started process (PID=73081) to work on /home/airflow/.local/lib/python3.8/site-packages/airflow/example_dags/example_external_task_marker_dag.py
[2023-08-31T20:15:35.432+0000] {processor.py:829} INFO - Processing file /home/airflow/.local/lib/python3.8/site-packages/airflow/example_dags/example_external_task_marker_dag.py for tasks to queue
[2023-08-31T20:15:35.435+0000] {logging_mixin.py:151} INFO - [2023-08-31T20:15:35.434+0000] {dagbag.py:539} INFO - Filling up the DagBag from /home/airflow/.local/lib/python3.8/site-packages/airflow/example_dags/example_external_task_marker_dag.py
[2023-08-31T20:15:35.455+0000] {processor.py:839} INFO - DAG(s) dict_keys(['example_external_task_marker_child', 'example_external_task_marker_parent']) retrieved from /home/airflow/.local/lib/python3.8/site-packages/airflow/example_dags/example_external_task_marker_dag.py
[2023-08-31T20:15:35.522+0000] {logging_mixin.py:151} INFO - [2023-08-31T20:15:35.521+0000] {dag.py:2907} INFO - Sync 2 DAGs
[2023-08-31T20:15:35.539+0000] {logging_mixin.py:151} INFO - [2023-08-31T20:15:35.538+0000] {dag.py:3677} INFO - Setting next_dagrun for example_external_task_marker_child to None, run_after=None
[2023-08-31T20:15:35.542+0000] {logging_mixin.py:151} INFO - [2023-08-31T20:15:35.542+0000] {dag.py:3677} INFO - Setting next_dagrun for example_external_task_marker_parent to None, run_after=None
[2023-08-31T20:15:35.567+0000] {processor.py:179} INFO - Processing /home/airflow/.local/lib/python3.8/site-packages/airflow/example_dags/example_external_task_marker_dag.py took 0.153 seconds
