[2023-08-31T00:06:04.168+0000] {processor.py:157} INFO - Started process (PID=72748) to work on /home/airflow/.local/lib/python3.8/site-packages/airflow/example_dags/example_subdag_operator.py
[2023-08-31T00:06:04.170+0000] {processor.py:829} INFO - Processing file /home/airflow/.local/lib/python3.8/site-packages/airflow/example_dags/example_subdag_operator.py for tasks to queue
[2023-08-31T00:06:04.172+0000] {logging_mixin.py:151} INFO - [2023-08-31T00:06:04.171+0000] {dagbag.py:539} INFO - Filling up the DagBag from /home/airflow/.local/lib/python3.8/site-packages/airflow/example_dags/example_subdag_operator.py
[2023-08-31T00:06:04.205+0000] {processor.py:839} INFO - DAG(s) dict_keys(['example_subdag_operator.section-1', 'example_subdag_operator.section-2', 'example_subdag_operator']) retrieved from /home/airflow/.local/lib/python3.8/site-packages/airflow/example_dags/example_subdag_operator.py
[2023-08-31T00:06:04.226+0000] {logging_mixin.py:151} INFO - [2023-08-31T00:06:04.226+0000] {dag.py:2907} INFO - Sync 3 DAGs
[2023-08-31T00:06:04.250+0000] {logging_mixin.py:151} INFO - [2023-08-31T00:06:04.250+0000] {dag.py:3677} INFO - Setting next_dagrun for example_subdag_operator to 2022-01-01T00:00:00+00:00, run_after=2022-01-01T00:00:00+00:00
[2023-08-31T00:06:04.255+0000] {logging_mixin.py:151} INFO - [2023-08-31T00:06:04.254+0000] {dag.py:3677} INFO - Setting next_dagrun for example_subdag_operator.section-1 to None, run_after=None
[2023-08-31T00:06:04.257+0000] {logging_mixin.py:151} INFO - [2023-08-31T00:06:04.256+0000] {dag.py:3677} INFO - Setting next_dagrun for example_subdag_operator.section-2 to None, run_after=None
[2023-08-31T00:06:04.273+0000] {logging_mixin.py:151} INFO - [2023-08-31T00:06:04.273+0000] {dag.py:2907} INFO - Sync 2 DAGs
[2023-08-31T00:06:04.281+0000] {logging_mixin.py:151} INFO - [2023-08-31T00:06:04.280+0000] {dag.py:3677} INFO - Setting next_dagrun for example_subdag_operator.section-1 to None, run_after=None
[2023-08-31T00:06:04.282+0000] {logging_mixin.py:151} INFO - [2023-08-31T00:06:04.282+0000] {dag.py:3677} INFO - Setting next_dagrun for example_subdag_operator.section-2 to None, run_after=None
[2023-08-31T00:06:04.299+0000] {processor.py:179} INFO - Processing /home/airflow/.local/lib/python3.8/site-packages/airflow/example_dags/example_subdag_operator.py took 0.135 seconds
[2023-08-31T01:36:30.912+0000] {processor.py:157} INFO - Started process (PID=72803) to work on /home/airflow/.local/lib/python3.8/site-packages/airflow/example_dags/example_subdag_operator.py
[2023-08-31T01:36:30.914+0000] {processor.py:829} INFO - Processing file /home/airflow/.local/lib/python3.8/site-packages/airflow/example_dags/example_subdag_operator.py for tasks to queue
[2023-08-31T01:36:30.915+0000] {logging_mixin.py:151} INFO - [2023-08-31T01:36:30.915+0000] {dagbag.py:539} INFO - Filling up the DagBag from /home/airflow/.local/lib/python3.8/site-packages/airflow/example_dags/example_subdag_operator.py
[2023-08-31T01:36:30.951+0000] {processor.py:839} INFO - DAG(s) dict_keys(['example_subdag_operator.section-1', 'example_subdag_operator.section-2', 'example_subdag_operator']) retrieved from /home/airflow/.local/lib/python3.8/site-packages/airflow/example_dags/example_subdag_operator.py
[2023-08-31T01:36:30.974+0000] {logging_mixin.py:151} INFO - [2023-08-31T01:36:30.974+0000] {dag.py:2907} INFO - Sync 3 DAGs
[2023-08-31T01:36:30.998+0000] {logging_mixin.py:151} INFO - [2023-08-31T01:36:30.998+0000] {dag.py:3677} INFO - Setting next_dagrun for example_subdag_operator to 2022-01-01T00:00:00+00:00, run_after=2022-01-01T00:00:00+00:00
[2023-08-31T01:36:31.002+0000] {logging_mixin.py:151} INFO - [2023-08-31T01:36:31.002+0000] {dag.py:3677} INFO - Setting next_dagrun for example_subdag_operator.section-1 to None, run_after=None
[2023-08-31T01:36:31.004+0000] {logging_mixin.py:151} INFO - [2023-08-31T01:36:31.004+0000] {dag.py:3677} INFO - Setting next_dagrun for example_subdag_operator.section-2 to None, run_after=None
[2023-08-31T01:36:31.013+0000] {logging_mixin.py:151} INFO - [2023-08-31T01:36:31.012+0000] {dag.py:2907} INFO - Sync 2 DAGs
[2023-08-31T01:36:31.019+0000] {logging_mixin.py:151} INFO - [2023-08-31T01:36:31.019+0000] {dag.py:3677} INFO - Setting next_dagrun for example_subdag_operator.section-1 to None, run_after=None
[2023-08-31T01:36:31.020+0000] {logging_mixin.py:151} INFO - [2023-08-31T01:36:31.020+0000] {dag.py:3677} INFO - Setting next_dagrun for example_subdag_operator.section-2 to None, run_after=None
[2023-08-31T01:36:31.035+0000] {processor.py:179} INFO - Processing /home/airflow/.local/lib/python3.8/site-packages/airflow/example_dags/example_subdag_operator.py took 0.128 seconds
[2023-08-31T04:06:14.733+0000] {processor.py:157} INFO - Started process (PID=72858) to work on /home/airflow/.local/lib/python3.8/site-packages/airflow/example_dags/example_subdag_operator.py
[2023-08-31T04:06:14.735+0000] {processor.py:829} INFO - Processing file /home/airflow/.local/lib/python3.8/site-packages/airflow/example_dags/example_subdag_operator.py for tasks to queue
[2023-08-31T04:06:14.737+0000] {logging_mixin.py:151} INFO - [2023-08-31T04:06:14.736+0000] {dagbag.py:539} INFO - Filling up the DagBag from /home/airflow/.local/lib/python3.8/site-packages/airflow/example_dags/example_subdag_operator.py
[2023-08-31T04:06:14.778+0000] {processor.py:839} INFO - DAG(s) dict_keys(['example_subdag_operator.section-1', 'example_subdag_operator.section-2', 'example_subdag_operator']) retrieved from /home/airflow/.local/lib/python3.8/site-packages/airflow/example_dags/example_subdag_operator.py
[2023-08-31T04:06:14.804+0000] {logging_mixin.py:151} INFO - [2023-08-31T04:06:14.803+0000] {dag.py:2907} INFO - Sync 3 DAGs
[2023-08-31T04:06:14.829+0000] {logging_mixin.py:151} INFO - [2023-08-31T04:06:14.829+0000] {dag.py:3677} INFO - Setting next_dagrun for example_subdag_operator to 2022-01-01T00:00:00+00:00, run_after=2022-01-01T00:00:00+00:00
[2023-08-31T04:06:14.834+0000] {logging_mixin.py:151} INFO - [2023-08-31T04:06:14.834+0000] {dag.py:3677} INFO - Setting next_dagrun for example_subdag_operator.section-1 to None, run_after=None
[2023-08-31T04:06:14.836+0000] {logging_mixin.py:151} INFO - [2023-08-31T04:06:14.836+0000] {dag.py:3677} INFO - Setting next_dagrun for example_subdag_operator.section-2 to None, run_after=None
[2023-08-31T04:06:14.848+0000] {logging_mixin.py:151} INFO - [2023-08-31T04:06:14.848+0000] {dag.py:2907} INFO - Sync 2 DAGs
[2023-08-31T04:06:14.855+0000] {logging_mixin.py:151} INFO - [2023-08-31T04:06:14.855+0000] {dag.py:3677} INFO - Setting next_dagrun for example_subdag_operator.section-1 to None, run_after=None
[2023-08-31T04:06:14.856+0000] {logging_mixin.py:151} INFO - [2023-08-31T04:06:14.856+0000] {dag.py:3677} INFO - Setting next_dagrun for example_subdag_operator.section-2 to None, run_after=None
[2023-08-31T04:06:14.875+0000] {processor.py:179} INFO - Processing /home/airflow/.local/lib/python3.8/site-packages/airflow/example_dags/example_subdag_operator.py took 0.148 seconds
[2023-08-31T09:48:42.127+0000] {processor.py:157} INFO - Started process (PID=72935) to work on /home/airflow/.local/lib/python3.8/site-packages/airflow/example_dags/example_subdag_operator.py
[2023-08-31T09:48:42.129+0000] {processor.py:829} INFO - Processing file /home/airflow/.local/lib/python3.8/site-packages/airflow/example_dags/example_subdag_operator.py for tasks to queue
[2023-08-31T09:48:42.131+0000] {logging_mixin.py:151} INFO - [2023-08-31T09:48:42.131+0000] {dagbag.py:539} INFO - Filling up the DagBag from /home/airflow/.local/lib/python3.8/site-packages/airflow/example_dags/example_subdag_operator.py
[2023-08-31T09:48:42.172+0000] {processor.py:839} INFO - DAG(s) dict_keys(['example_subdag_operator.section-1', 'example_subdag_operator.section-2', 'example_subdag_operator']) retrieved from /home/airflow/.local/lib/python3.8/site-packages/airflow/example_dags/example_subdag_operator.py
[2023-08-31T09:48:42.192+0000] {logging_mixin.py:151} INFO - [2023-08-31T09:48:42.192+0000] {dag.py:2907} INFO - Sync 3 DAGs
[2023-08-31T09:48:42.218+0000] {logging_mixin.py:151} INFO - [2023-08-31T09:48:42.217+0000] {dag.py:3677} INFO - Setting next_dagrun for example_subdag_operator to 2022-01-01T00:00:00+00:00, run_after=2022-01-01T00:00:00+00:00
[2023-08-31T09:48:42.222+0000] {logging_mixin.py:151} INFO - [2023-08-31T09:48:42.222+0000] {dag.py:3677} INFO - Setting next_dagrun for example_subdag_operator.section-1 to None, run_after=None
[2023-08-31T09:48:42.224+0000] {logging_mixin.py:151} INFO - [2023-08-31T09:48:42.224+0000] {dag.py:3677} INFO - Setting next_dagrun for example_subdag_operator.section-2 to None, run_after=None
[2023-08-31T09:48:42.232+0000] {logging_mixin.py:151} INFO - [2023-08-31T09:48:42.232+0000] {dag.py:2907} INFO - Sync 2 DAGs
[2023-08-31T09:48:42.239+0000] {logging_mixin.py:151} INFO - [2023-08-31T09:48:42.239+0000] {dag.py:3677} INFO - Setting next_dagrun for example_subdag_operator.section-1 to None, run_after=None
[2023-08-31T09:48:42.240+0000] {logging_mixin.py:151} INFO - [2023-08-31T09:48:42.240+0000] {dag.py:3677} INFO - Setting next_dagrun for example_subdag_operator.section-2 to None, run_after=None
[2023-08-31T09:48:42.254+0000] {processor.py:179} INFO - Processing /home/airflow/.local/lib/python3.8/site-packages/airflow/example_dags/example_subdag_operator.py took 0.131 seconds
[2023-08-31T15:39:06.570+0000] {processor.py:157} INFO - Started process (PID=72990) to work on /home/airflow/.local/lib/python3.8/site-packages/airflow/example_dags/example_subdag_operator.py
[2023-08-31T15:39:06.572+0000] {processor.py:829} INFO - Processing file /home/airflow/.local/lib/python3.8/site-packages/airflow/example_dags/example_subdag_operator.py for tasks to queue
[2023-08-31T15:39:06.574+0000] {logging_mixin.py:151} INFO - [2023-08-31T15:39:06.573+0000] {dagbag.py:539} INFO - Filling up the DagBag from /home/airflow/.local/lib/python3.8/site-packages/airflow/example_dags/example_subdag_operator.py
[2023-08-31T15:39:06.624+0000] {processor.py:839} INFO - DAG(s) dict_keys(['example_subdag_operator.section-1', 'example_subdag_operator.section-2', 'example_subdag_operator']) retrieved from /home/airflow/.local/lib/python3.8/site-packages/airflow/example_dags/example_subdag_operator.py
[2023-08-31T15:39:06.660+0000] {logging_mixin.py:151} INFO - [2023-08-31T15:39:06.659+0000] {dag.py:2907} INFO - Sync 3 DAGs
[2023-08-31T15:39:06.705+0000] {logging_mixin.py:151} INFO - [2023-08-31T15:39:06.704+0000] {dag.py:3677} INFO - Setting next_dagrun for example_subdag_operator to 2022-01-01T00:00:00+00:00, run_after=2022-01-01T00:00:00+00:00
[2023-08-31T15:39:06.711+0000] {logging_mixin.py:151} INFO - [2023-08-31T15:39:06.711+0000] {dag.py:3677} INFO - Setting next_dagrun for example_subdag_operator.section-1 to None, run_after=None
[2023-08-31T15:39:06.713+0000] {logging_mixin.py:151} INFO - [2023-08-31T15:39:06.713+0000] {dag.py:3677} INFO - Setting next_dagrun for example_subdag_operator.section-2 to None, run_after=None
[2023-08-31T15:39:06.727+0000] {logging_mixin.py:151} INFO - [2023-08-31T15:39:06.727+0000] {dag.py:2907} INFO - Sync 2 DAGs
[2023-08-31T15:39:06.735+0000] {logging_mixin.py:151} INFO - [2023-08-31T15:39:06.735+0000] {dag.py:3677} INFO - Setting next_dagrun for example_subdag_operator.section-1 to None, run_after=None
[2023-08-31T15:39:06.737+0000] {logging_mixin.py:151} INFO - [2023-08-31T15:39:06.737+0000] {dag.py:3677} INFO - Setting next_dagrun for example_subdag_operator.section-2 to None, run_after=None
[2023-08-31T15:39:06.755+0000] {processor.py:179} INFO - Processing /home/airflow/.local/lib/python3.8/site-packages/airflow/example_dags/example_subdag_operator.py took 0.190 seconds
[2023-08-31T18:03:06.591+0000] {processor.py:157} INFO - Started process (PID=73045) to work on /home/airflow/.local/lib/python3.8/site-packages/airflow/example_dags/example_subdag_operator.py
[2023-08-31T18:03:06.592+0000] {processor.py:829} INFO - Processing file /home/airflow/.local/lib/python3.8/site-packages/airflow/example_dags/example_subdag_operator.py for tasks to queue
[2023-08-31T18:03:06.594+0000] {logging_mixin.py:151} INFO - [2023-08-31T18:03:06.593+0000] {dagbag.py:539} INFO - Filling up the DagBag from /home/airflow/.local/lib/python3.8/site-packages/airflow/example_dags/example_subdag_operator.py
[2023-08-31T18:03:06.630+0000] {processor.py:839} INFO - DAG(s) dict_keys(['example_subdag_operator.section-1', 'example_subdag_operator.section-2', 'example_subdag_operator']) retrieved from /home/airflow/.local/lib/python3.8/site-packages/airflow/example_dags/example_subdag_operator.py
[2023-08-31T18:03:06.650+0000] {logging_mixin.py:151} INFO - [2023-08-31T18:03:06.650+0000] {dag.py:2907} INFO - Sync 3 DAGs
[2023-08-31T18:03:06.676+0000] {logging_mixin.py:151} INFO - [2023-08-31T18:03:06.676+0000] {dag.py:3677} INFO - Setting next_dagrun for example_subdag_operator to 2022-01-01T00:00:00+00:00, run_after=2022-01-01T00:00:00+00:00
[2023-08-31T18:03:06.680+0000] {logging_mixin.py:151} INFO - [2023-08-31T18:03:06.680+0000] {dag.py:3677} INFO - Setting next_dagrun for example_subdag_operator.section-1 to None, run_after=None
[2023-08-31T18:03:06.682+0000] {logging_mixin.py:151} INFO - [2023-08-31T18:03:06.682+0000] {dag.py:3677} INFO - Setting next_dagrun for example_subdag_operator.section-2 to None, run_after=None
[2023-08-31T18:03:06.691+0000] {logging_mixin.py:151} INFO - [2023-08-31T18:03:06.690+0000] {dag.py:2907} INFO - Sync 2 DAGs
[2023-08-31T18:03:06.697+0000] {logging_mixin.py:151} INFO - [2023-08-31T18:03:06.697+0000] {dag.py:3677} INFO - Setting next_dagrun for example_subdag_operator.section-1 to None, run_after=None
[2023-08-31T18:03:06.698+0000] {logging_mixin.py:151} INFO - [2023-08-31T18:03:06.698+0000] {dag.py:3677} INFO - Setting next_dagrun for example_subdag_operator.section-2 to None, run_after=None
[2023-08-31T18:03:06.712+0000] {processor.py:179} INFO - Processing /home/airflow/.local/lib/python3.8/site-packages/airflow/example_dags/example_subdag_operator.py took 0.126 seconds
[2023-08-31T20:15:36.596+0000] {processor.py:157} INFO - Started process (PID=73099) to work on /home/airflow/.local/lib/python3.8/site-packages/airflow/example_dags/example_subdag_operator.py
[2023-08-31T20:15:36.597+0000] {processor.py:829} INFO - Processing file /home/airflow/.local/lib/python3.8/site-packages/airflow/example_dags/example_subdag_operator.py for tasks to queue
[2023-08-31T20:15:36.599+0000] {logging_mixin.py:151} INFO - [2023-08-31T20:15:36.598+0000] {dagbag.py:539} INFO - Filling up the DagBag from /home/airflow/.local/lib/python3.8/site-packages/airflow/example_dags/example_subdag_operator.py
[2023-08-31T20:15:36.633+0000] {processor.py:839} INFO - DAG(s) dict_keys(['example_subdag_operator.section-1', 'example_subdag_operator.section-2', 'example_subdag_operator']) retrieved from /home/airflow/.local/lib/python3.8/site-packages/airflow/example_dags/example_subdag_operator.py
[2023-08-31T20:15:36.653+0000] {logging_mixin.py:151} INFO - [2023-08-31T20:15:36.653+0000] {dag.py:2907} INFO - Sync 3 DAGs
[2023-08-31T20:15:36.677+0000] {logging_mixin.py:151} INFO - [2023-08-31T20:15:36.677+0000] {dag.py:3677} INFO - Setting next_dagrun for example_subdag_operator to 2022-01-01T00:00:00+00:00, run_after=2022-01-01T00:00:00+00:00
[2023-08-31T20:15:36.681+0000] {logging_mixin.py:151} INFO - [2023-08-31T20:15:36.680+0000] {dag.py:3677} INFO - Setting next_dagrun for example_subdag_operator.section-1 to None, run_after=None
[2023-08-31T20:15:36.682+0000] {logging_mixin.py:151} INFO - [2023-08-31T20:15:36.682+0000] {dag.py:3677} INFO - Setting next_dagrun for example_subdag_operator.section-2 to None, run_after=None
[2023-08-31T20:15:36.690+0000] {logging_mixin.py:151} INFO - [2023-08-31T20:15:36.690+0000] {dag.py:2907} INFO - Sync 2 DAGs
[2023-08-31T20:15:36.696+0000] {logging_mixin.py:151} INFO - [2023-08-31T20:15:36.696+0000] {dag.py:3677} INFO - Setting next_dagrun for example_subdag_operator.section-1 to None, run_after=None
[2023-08-31T20:15:36.697+0000] {logging_mixin.py:151} INFO - [2023-08-31T20:15:36.697+0000] {dag.py:3677} INFO - Setting next_dagrun for example_subdag_operator.section-2 to None, run_after=None
[2023-08-31T20:15:36.711+0000] {processor.py:179} INFO - Processing /home/airflow/.local/lib/python3.8/site-packages/airflow/example_dags/example_subdag_operator.py took 0.120 seconds
