[2023-08-31T00:06:03.090+0000] {processor.py:157} INFO - Started process (PID=72733) to work on /home/airflow/.local/lib/python3.8/site-packages/airflow/example_dags/tutorial_taskflow_api.py
[2023-08-31T00:06:03.091+0000] {processor.py:829} INFO - Processing file /home/airflow/.local/lib/python3.8/site-packages/airflow/example_dags/tutorial_taskflow_api.py for tasks to queue
[2023-08-31T00:06:03.093+0000] {logging_mixin.py:151} INFO - [2023-08-31T00:06:03.092+0000] {dagbag.py:539} INFO - Filling up the DagBag from /home/airflow/.local/lib/python3.8/site-packages/airflow/example_dags/tutorial_taskflow_api.py
[2023-08-31T00:06:03.101+0000] {processor.py:839} INFO - DAG(s) dict_keys(['tutorial_taskflow_api']) retrieved from /home/airflow/.local/lib/python3.8/site-packages/airflow/example_dags/tutorial_taskflow_api.py
[2023-08-31T00:06:03.141+0000] {logging_mixin.py:151} INFO - [2023-08-31T00:06:03.141+0000] {dag.py:2907} INFO - Sync 1 DAGs
[2023-08-31T00:06:03.157+0000] {logging_mixin.py:151} INFO - [2023-08-31T00:06:03.157+0000] {dag.py:3677} INFO - Setting next_dagrun for tutorial_taskflow_api to None, run_after=None
[2023-08-31T00:06:03.181+0000] {processor.py:179} INFO - Processing /home/airflow/.local/lib/python3.8/site-packages/airflow/example_dags/tutorial_taskflow_api.py took 0.096 seconds
[2023-08-31T01:36:29.672+0000] {processor.py:157} INFO - Started process (PID=72788) to work on /home/airflow/.local/lib/python3.8/site-packages/airflow/example_dags/tutorial_taskflow_api.py
[2023-08-31T01:36:29.674+0000] {processor.py:829} INFO - Processing file /home/airflow/.local/lib/python3.8/site-packages/airflow/example_dags/tutorial_taskflow_api.py for tasks to queue
[2023-08-31T01:36:29.675+0000] {logging_mixin.py:151} INFO - [2023-08-31T01:36:29.675+0000] {dagbag.py:539} INFO - Filling up the DagBag from /home/airflow/.local/lib/python3.8/site-packages/airflow/example_dags/tutorial_taskflow_api.py
[2023-08-31T01:36:29.684+0000] {processor.py:839} INFO - DAG(s) dict_keys(['tutorial_taskflow_api']) retrieved from /home/airflow/.local/lib/python3.8/site-packages/airflow/example_dags/tutorial_taskflow_api.py
[2023-08-31T01:36:29.711+0000] {logging_mixin.py:151} INFO - [2023-08-31T01:36:29.711+0000] {dag.py:2907} INFO - Sync 1 DAGs
[2023-08-31T01:36:29.730+0000] {logging_mixin.py:151} INFO - [2023-08-31T01:36:29.729+0000] {dag.py:3677} INFO - Setting next_dagrun for tutorial_taskflow_api to None, run_after=None
[2023-08-31T01:36:29.754+0000] {processor.py:179} INFO - Processing /home/airflow/.local/lib/python3.8/site-packages/airflow/example_dags/tutorial_taskflow_api.py took 0.087 seconds
[2023-08-31T04:06:12.912+0000] {processor.py:157} INFO - Started process (PID=72843) to work on /home/airflow/.local/lib/python3.8/site-packages/airflow/example_dags/tutorial_taskflow_api.py
[2023-08-31T04:06:12.913+0000] {processor.py:829} INFO - Processing file /home/airflow/.local/lib/python3.8/site-packages/airflow/example_dags/tutorial_taskflow_api.py for tasks to queue
[2023-08-31T04:06:12.915+0000] {logging_mixin.py:151} INFO - [2023-08-31T04:06:12.915+0000] {dagbag.py:539} INFO - Filling up the DagBag from /home/airflow/.local/lib/python3.8/site-packages/airflow/example_dags/tutorial_taskflow_api.py
[2023-08-31T04:06:12.926+0000] {processor.py:839} INFO - DAG(s) dict_keys(['tutorial_taskflow_api']) retrieved from /home/airflow/.local/lib/python3.8/site-packages/airflow/example_dags/tutorial_taskflow_api.py
[2023-08-31T04:06:12.958+0000] {logging_mixin.py:151} INFO - [2023-08-31T04:06:12.958+0000] {dag.py:2907} INFO - Sync 1 DAGs
[2023-08-31T04:06:12.977+0000] {logging_mixin.py:151} INFO - [2023-08-31T04:06:12.976+0000] {dag.py:3677} INFO - Setting next_dagrun for tutorial_taskflow_api to None, run_after=None
[2023-08-31T04:06:13.003+0000] {processor.py:179} INFO - Processing /home/airflow/.local/lib/python3.8/site-packages/airflow/example_dags/tutorial_taskflow_api.py took 0.097 seconds
[2023-08-31T09:48:40.979+0000] {processor.py:157} INFO - Started process (PID=72920) to work on /home/airflow/.local/lib/python3.8/site-packages/airflow/example_dags/tutorial_taskflow_api.py
[2023-08-31T09:48:40.982+0000] {processor.py:829} INFO - Processing file /home/airflow/.local/lib/python3.8/site-packages/airflow/example_dags/tutorial_taskflow_api.py for tasks to queue
[2023-08-31T09:48:40.985+0000] {logging_mixin.py:151} INFO - [2023-08-31T09:48:40.984+0000] {dagbag.py:539} INFO - Filling up the DagBag from /home/airflow/.local/lib/python3.8/site-packages/airflow/example_dags/tutorial_taskflow_api.py
[2023-08-31T09:48:41.002+0000] {processor.py:839} INFO - DAG(s) dict_keys(['tutorial_taskflow_api']) retrieved from /home/airflow/.local/lib/python3.8/site-packages/airflow/example_dags/tutorial_taskflow_api.py
[2023-08-31T09:48:41.052+0000] {logging_mixin.py:151} INFO - [2023-08-31T09:48:41.052+0000] {dag.py:2907} INFO - Sync 1 DAGs
[2023-08-31T09:48:41.076+0000] {logging_mixin.py:151} INFO - [2023-08-31T09:48:41.076+0000] {dag.py:3677} INFO - Setting next_dagrun for tutorial_taskflow_api to None, run_after=None
[2023-08-31T09:48:41.111+0000] {processor.py:179} INFO - Processing /home/airflow/.local/lib/python3.8/site-packages/airflow/example_dags/tutorial_taskflow_api.py took 0.141 seconds
[2023-08-31T15:39:05.438+0000] {processor.py:157} INFO - Started process (PID=72975) to work on /home/airflow/.local/lib/python3.8/site-packages/airflow/example_dags/tutorial_taskflow_api.py
[2023-08-31T15:39:05.440+0000] {processor.py:829} INFO - Processing file /home/airflow/.local/lib/python3.8/site-packages/airflow/example_dags/tutorial_taskflow_api.py for tasks to queue
[2023-08-31T15:39:05.442+0000] {logging_mixin.py:151} INFO - [2023-08-31T15:39:05.441+0000] {dagbag.py:539} INFO - Filling up the DagBag from /home/airflow/.local/lib/python3.8/site-packages/airflow/example_dags/tutorial_taskflow_api.py
[2023-08-31T15:39:05.456+0000] {processor.py:839} INFO - DAG(s) dict_keys(['tutorial_taskflow_api']) retrieved from /home/airflow/.local/lib/python3.8/site-packages/airflow/example_dags/tutorial_taskflow_api.py
[2023-08-31T15:39:05.483+0000] {logging_mixin.py:151} INFO - [2023-08-31T15:39:05.483+0000] {dag.py:2907} INFO - Sync 1 DAGs
[2023-08-31T15:39:05.499+0000] {logging_mixin.py:151} INFO - [2023-08-31T15:39:05.499+0000] {dag.py:3677} INFO - Setting next_dagrun for tutorial_taskflow_api to None, run_after=None
[2023-08-31T15:39:05.523+0000] {processor.py:179} INFO - Processing /home/airflow/.local/lib/python3.8/site-packages/airflow/example_dags/tutorial_taskflow_api.py took 0.090 seconds
[2023-08-31T18:03:05.525+0000] {processor.py:157} INFO - Started process (PID=73030) to work on /home/airflow/.local/lib/python3.8/site-packages/airflow/example_dags/tutorial_taskflow_api.py
[2023-08-31T18:03:05.527+0000] {processor.py:829} INFO - Processing file /home/airflow/.local/lib/python3.8/site-packages/airflow/example_dags/tutorial_taskflow_api.py for tasks to queue
[2023-08-31T18:03:05.529+0000] {logging_mixin.py:151} INFO - [2023-08-31T18:03:05.529+0000] {dagbag.py:539} INFO - Filling up the DagBag from /home/airflow/.local/lib/python3.8/site-packages/airflow/example_dags/tutorial_taskflow_api.py
[2023-08-31T18:03:05.541+0000] {processor.py:839} INFO - DAG(s) dict_keys(['tutorial_taskflow_api']) retrieved from /home/airflow/.local/lib/python3.8/site-packages/airflow/example_dags/tutorial_taskflow_api.py
[2023-08-31T18:03:05.570+0000] {logging_mixin.py:151} INFO - [2023-08-31T18:03:05.569+0000] {dag.py:2907} INFO - Sync 1 DAGs
[2023-08-31T18:03:05.591+0000] {logging_mixin.py:151} INFO - [2023-08-31T18:03:05.591+0000] {dag.py:3677} INFO - Setting next_dagrun for tutorial_taskflow_api to None, run_after=None
[2023-08-31T18:03:05.614+0000] {processor.py:179} INFO - Processing /home/airflow/.local/lib/python3.8/site-packages/airflow/example_dags/tutorial_taskflow_api.py took 0.096 seconds
[2023-08-31T20:15:35.222+0000] {processor.py:157} INFO - Started process (PID=73078) to work on /home/airflow/.local/lib/python3.8/site-packages/airflow/example_dags/tutorial_taskflow_api.py
[2023-08-31T20:15:35.223+0000] {processor.py:829} INFO - Processing file /home/airflow/.local/lib/python3.8/site-packages/airflow/example_dags/tutorial_taskflow_api.py for tasks to queue
[2023-08-31T20:15:35.225+0000] {logging_mixin.py:151} INFO - [2023-08-31T20:15:35.225+0000] {dagbag.py:539} INFO - Filling up the DagBag from /home/airflow/.local/lib/python3.8/site-packages/airflow/example_dags/tutorial_taskflow_api.py
[2023-08-31T20:15:35.233+0000] {processor.py:839} INFO - DAG(s) dict_keys(['tutorial_taskflow_api']) retrieved from /home/airflow/.local/lib/python3.8/site-packages/airflow/example_dags/tutorial_taskflow_api.py
[2023-08-31T20:15:35.258+0000] {logging_mixin.py:151} INFO - [2023-08-31T20:15:35.258+0000] {dag.py:2907} INFO - Sync 1 DAGs
[2023-08-31T20:15:35.276+0000] {logging_mixin.py:151} INFO - [2023-08-31T20:15:35.276+0000] {dag.py:3677} INFO - Setting next_dagrun for tutorial_taskflow_api to None, run_after=None
[2023-08-31T20:15:35.302+0000] {processor.py:179} INFO - Processing /home/airflow/.local/lib/python3.8/site-packages/airflow/example_dags/tutorial_taskflow_api.py took 0.089 seconds
