[2023-08-31T00:06:05.279+0000] {processor.py:157} INFO - Started process (PID=72761) to work on /home/airflow/.local/lib/python3.8/site-packages/airflow/example_dags/tutorial_dag.py
[2023-08-31T00:06:05.280+0000] {processor.py:829} INFO - Processing file /home/airflow/.local/lib/python3.8/site-packages/airflow/example_dags/tutorial_dag.py for tasks to queue
[2023-08-31T00:06:05.281+0000] {logging_mixin.py:151} INFO - [2023-08-31T00:06:05.281+0000] {dagbag.py:539} INFO - Filling up the DagBag from /home/airflow/.local/lib/python3.8/site-packages/airflow/example_dags/tutorial_dag.py
[2023-08-31T00:06:05.289+0000] {processor.py:839} INFO - DAG(s) dict_keys(['tutorial_dag']) retrieved from /home/airflow/.local/lib/python3.8/site-packages/airflow/example_dags/tutorial_dag.py
[2023-08-31T00:06:05.319+0000] {logging_mixin.py:151} INFO - [2023-08-31T00:06:05.318+0000] {dag.py:2907} INFO - Sync 1 DAGs
[2023-08-31T00:06:05.335+0000] {logging_mixin.py:151} INFO - [2023-08-31T00:06:05.335+0000] {dag.py:3677} INFO - Setting next_dagrun for tutorial_dag to None, run_after=None
[2023-08-31T00:06:05.356+0000] {processor.py:179} INFO - Processing /home/airflow/.local/lib/python3.8/site-packages/airflow/example_dags/tutorial_dag.py took 0.082 seconds
[2023-08-31T01:36:32.077+0000] {processor.py:157} INFO - Started process (PID=72816) to work on /home/airflow/.local/lib/python3.8/site-packages/airflow/example_dags/tutorial_dag.py
[2023-08-31T01:36:32.079+0000] {processor.py:829} INFO - Processing file /home/airflow/.local/lib/python3.8/site-packages/airflow/example_dags/tutorial_dag.py for tasks to queue
[2023-08-31T01:36:32.080+0000] {logging_mixin.py:151} INFO - [2023-08-31T01:36:32.080+0000] {dagbag.py:539} INFO - Filling up the DagBag from /home/airflow/.local/lib/python3.8/site-packages/airflow/example_dags/tutorial_dag.py
[2023-08-31T01:36:32.086+0000] {processor.py:839} INFO - DAG(s) dict_keys(['tutorial_dag']) retrieved from /home/airflow/.local/lib/python3.8/site-packages/airflow/example_dags/tutorial_dag.py
[2023-08-31T01:36:32.113+0000] {logging_mixin.py:151} INFO - [2023-08-31T01:36:32.113+0000] {dag.py:2907} INFO - Sync 1 DAGs
[2023-08-31T01:36:32.128+0000] {logging_mixin.py:151} INFO - [2023-08-31T01:36:32.128+0000] {dag.py:3677} INFO - Setting next_dagrun for tutorial_dag to None, run_after=None
[2023-08-31T01:36:32.150+0000] {processor.py:179} INFO - Processing /home/airflow/.local/lib/python3.8/site-packages/airflow/example_dags/tutorial_dag.py took 0.077 seconds
[2023-08-31T04:06:15.921+0000] {processor.py:157} INFO - Started process (PID=72871) to work on /home/airflow/.local/lib/python3.8/site-packages/airflow/example_dags/tutorial_dag.py
[2023-08-31T04:06:15.922+0000] {processor.py:829} INFO - Processing file /home/airflow/.local/lib/python3.8/site-packages/airflow/example_dags/tutorial_dag.py for tasks to queue
[2023-08-31T04:06:15.923+0000] {logging_mixin.py:151} INFO - [2023-08-31T04:06:15.923+0000] {dagbag.py:539} INFO - Filling up the DagBag from /home/airflow/.local/lib/python3.8/site-packages/airflow/example_dags/tutorial_dag.py
[2023-08-31T04:06:15.930+0000] {processor.py:839} INFO - DAG(s) dict_keys(['tutorial_dag']) retrieved from /home/airflow/.local/lib/python3.8/site-packages/airflow/example_dags/tutorial_dag.py
[2023-08-31T04:06:15.957+0000] {logging_mixin.py:151} INFO - [2023-08-31T04:06:15.957+0000] {dag.py:2907} INFO - Sync 1 DAGs
[2023-08-31T04:06:15.972+0000] {logging_mixin.py:151} INFO - [2023-08-31T04:06:15.972+0000] {dag.py:3677} INFO - Setting next_dagrun for tutorial_dag to None, run_after=None
[2023-08-31T04:06:15.994+0000] {processor.py:179} INFO - Processing /home/airflow/.local/lib/python3.8/site-packages/airflow/example_dags/tutorial_dag.py took 0.078 seconds
[2023-08-31T09:48:43.085+0000] {processor.py:157} INFO - Started process (PID=72948) to work on /home/airflow/.local/lib/python3.8/site-packages/airflow/example_dags/tutorial_dag.py
[2023-08-31T09:48:43.087+0000] {processor.py:829} INFO - Processing file /home/airflow/.local/lib/python3.8/site-packages/airflow/example_dags/tutorial_dag.py for tasks to queue
[2023-08-31T09:48:43.088+0000] {logging_mixin.py:151} INFO - [2023-08-31T09:48:43.088+0000] {dagbag.py:539} INFO - Filling up the DagBag from /home/airflow/.local/lib/python3.8/site-packages/airflow/example_dags/tutorial_dag.py
[2023-08-31T09:48:43.095+0000] {processor.py:839} INFO - DAG(s) dict_keys(['tutorial_dag']) retrieved from /home/airflow/.local/lib/python3.8/site-packages/airflow/example_dags/tutorial_dag.py
[2023-08-31T09:48:43.122+0000] {logging_mixin.py:151} INFO - [2023-08-31T09:48:43.121+0000] {dag.py:2907} INFO - Sync 1 DAGs
[2023-08-31T09:48:43.138+0000] {logging_mixin.py:151} INFO - [2023-08-31T09:48:43.138+0000] {dag.py:3677} INFO - Setting next_dagrun for tutorial_dag to None, run_after=None
[2023-08-31T09:48:43.162+0000] {processor.py:179} INFO - Processing /home/airflow/.local/lib/python3.8/site-packages/airflow/example_dags/tutorial_dag.py took 0.081 seconds
[2023-08-31T15:39:07.835+0000] {processor.py:157} INFO - Started process (PID=73003) to work on /home/airflow/.local/lib/python3.8/site-packages/airflow/example_dags/tutorial_dag.py
[2023-08-31T15:39:07.837+0000] {processor.py:829} INFO - Processing file /home/airflow/.local/lib/python3.8/site-packages/airflow/example_dags/tutorial_dag.py for tasks to queue
[2023-08-31T15:39:07.839+0000] {logging_mixin.py:151} INFO - [2023-08-31T15:39:07.838+0000] {dagbag.py:539} INFO - Filling up the DagBag from /home/airflow/.local/lib/python3.8/site-packages/airflow/example_dags/tutorial_dag.py
[2023-08-31T15:39:07.846+0000] {processor.py:839} INFO - DAG(s) dict_keys(['tutorial_dag']) retrieved from /home/airflow/.local/lib/python3.8/site-packages/airflow/example_dags/tutorial_dag.py
[2023-08-31T15:39:07.878+0000] {logging_mixin.py:151} INFO - [2023-08-31T15:39:07.878+0000] {dag.py:2907} INFO - Sync 1 DAGs
[2023-08-31T15:39:07.897+0000] {logging_mixin.py:151} INFO - [2023-08-31T15:39:07.896+0000] {dag.py:3677} INFO - Setting next_dagrun for tutorial_dag to None, run_after=None
[2023-08-31T15:39:07.922+0000] {processor.py:179} INFO - Processing /home/airflow/.local/lib/python3.8/site-packages/airflow/example_dags/tutorial_dag.py took 0.092 seconds
[2023-08-31T18:03:07.795+0000] {processor.py:157} INFO - Started process (PID=73058) to work on /home/airflow/.local/lib/python3.8/site-packages/airflow/example_dags/tutorial_dag.py
[2023-08-31T18:03:07.797+0000] {processor.py:829} INFO - Processing file /home/airflow/.local/lib/python3.8/site-packages/airflow/example_dags/tutorial_dag.py for tasks to queue
[2023-08-31T18:03:07.798+0000] {logging_mixin.py:151} INFO - [2023-08-31T18:03:07.798+0000] {dagbag.py:539} INFO - Filling up the DagBag from /home/airflow/.local/lib/python3.8/site-packages/airflow/example_dags/tutorial_dag.py
[2023-08-31T18:03:07.805+0000] {processor.py:839} INFO - DAG(s) dict_keys(['tutorial_dag']) retrieved from /home/airflow/.local/lib/python3.8/site-packages/airflow/example_dags/tutorial_dag.py
[2023-08-31T18:03:07.833+0000] {logging_mixin.py:151} INFO - [2023-08-31T18:03:07.832+0000] {dag.py:2907} INFO - Sync 1 DAGs
[2023-08-31T18:03:07.848+0000] {logging_mixin.py:151} INFO - [2023-08-31T18:03:07.848+0000] {dag.py:3677} INFO - Setting next_dagrun for tutorial_dag to None, run_after=None
[2023-08-31T18:03:07.870+0000] {processor.py:179} INFO - Processing /home/airflow/.local/lib/python3.8/site-packages/airflow/example_dags/tutorial_dag.py took 0.079 seconds
[2023-08-31T20:15:37.696+0000] {processor.py:157} INFO - Started process (PID=73112) to work on /home/airflow/.local/lib/python3.8/site-packages/airflow/example_dags/tutorial_dag.py
[2023-08-31T20:15:37.698+0000] {processor.py:829} INFO - Processing file /home/airflow/.local/lib/python3.8/site-packages/airflow/example_dags/tutorial_dag.py for tasks to queue
[2023-08-31T20:15:37.699+0000] {logging_mixin.py:151} INFO - [2023-08-31T20:15:37.699+0000] {dagbag.py:539} INFO - Filling up the DagBag from /home/airflow/.local/lib/python3.8/site-packages/airflow/example_dags/tutorial_dag.py
[2023-08-31T20:15:37.706+0000] {processor.py:839} INFO - DAG(s) dict_keys(['tutorial_dag']) retrieved from /home/airflow/.local/lib/python3.8/site-packages/airflow/example_dags/tutorial_dag.py
[2023-08-31T20:15:37.733+0000] {logging_mixin.py:151} INFO - [2023-08-31T20:15:37.733+0000] {dag.py:2907} INFO - Sync 1 DAGs
[2023-08-31T20:15:37.751+0000] {logging_mixin.py:151} INFO - [2023-08-31T20:15:37.750+0000] {dag.py:3677} INFO - Setting next_dagrun for tutorial_dag to None, run_after=None
[2023-08-31T20:15:37.772+0000] {processor.py:179} INFO - Processing /home/airflow/.local/lib/python3.8/site-packages/airflow/example_dags/tutorial_dag.py took 0.081 seconds
