[2023-08-31T00:06:03.349+0000] {processor.py:157} INFO - Started process (PID=72737) to work on /home/airflow/.local/lib/python3.8/site-packages/airflow/example_dags/tutorial.py
[2023-08-31T00:06:03.351+0000] {processor.py:829} INFO - Processing file /home/airflow/.local/lib/python3.8/site-packages/airflow/example_dags/tutorial.py for tasks to queue
[2023-08-31T00:06:03.352+0000] {logging_mixin.py:151} INFO - [2023-08-31T00:06:03.352+0000] {dagbag.py:539} INFO - Filling up the DagBag from /home/airflow/.local/lib/python3.8/site-packages/airflow/example_dags/tutorial.py
[2023-08-31T00:06:03.363+0000] {processor.py:839} INFO - DAG(s) dict_keys(['tutorial']) retrieved from /home/airflow/.local/lib/python3.8/site-packages/airflow/example_dags/tutorial.py
[2023-08-31T00:06:03.392+0000] {logging_mixin.py:151} INFO - [2023-08-31T00:06:03.392+0000] {dag.py:2907} INFO - Sync 1 DAGs
[2023-08-31T00:06:03.418+0000] {logging_mixin.py:151} INFO - [2023-08-31T00:06:03.418+0000] {dag.py:3677} INFO - Setting next_dagrun for tutorial to 2023-08-30T00:06:03.418153+00:00, run_after=2023-08-31T00:06:03.418153+00:00
[2023-08-31T00:06:03.441+0000] {processor.py:179} INFO - Processing /home/airflow/.local/lib/python3.8/site-packages/airflow/example_dags/tutorial.py took 0.096 seconds
[2023-08-31T01:36:30.018+0000] {processor.py:157} INFO - Started process (PID=72792) to work on /home/airflow/.local/lib/python3.8/site-packages/airflow/example_dags/tutorial.py
[2023-08-31T01:36:30.019+0000] {processor.py:829} INFO - Processing file /home/airflow/.local/lib/python3.8/site-packages/airflow/example_dags/tutorial.py for tasks to queue
[2023-08-31T01:36:30.021+0000] {logging_mixin.py:151} INFO - [2023-08-31T01:36:30.020+0000] {dagbag.py:539} INFO - Filling up the DagBag from /home/airflow/.local/lib/python3.8/site-packages/airflow/example_dags/tutorial.py
[2023-08-31T01:36:30.030+0000] {processor.py:839} INFO - DAG(s) dict_keys(['tutorial']) retrieved from /home/airflow/.local/lib/python3.8/site-packages/airflow/example_dags/tutorial.py
[2023-08-31T01:36:30.057+0000] {logging_mixin.py:151} INFO - [2023-08-31T01:36:30.057+0000] {dag.py:2907} INFO - Sync 1 DAGs
[2023-08-31T01:36:30.082+0000] {logging_mixin.py:151} INFO - [2023-08-31T01:36:30.082+0000] {dag.py:3677} INFO - Setting next_dagrun for tutorial to 2023-08-30T01:36:30.082216+00:00, run_after=2023-08-31T01:36:30.082216+00:00
[2023-08-31T01:36:30.105+0000] {processor.py:179} INFO - Processing /home/airflow/.local/lib/python3.8/site-packages/airflow/example_dags/tutorial.py took 0.093 seconds
[2023-08-31T04:06:13.219+0000] {processor.py:157} INFO - Started process (PID=72847) to work on /home/airflow/.local/lib/python3.8/site-packages/airflow/example_dags/tutorial.py
[2023-08-31T04:06:13.221+0000] {processor.py:829} INFO - Processing file /home/airflow/.local/lib/python3.8/site-packages/airflow/example_dags/tutorial.py for tasks to queue
[2023-08-31T04:06:13.225+0000] {logging_mixin.py:151} INFO - [2023-08-31T04:06:13.223+0000] {dagbag.py:539} INFO - Filling up the DagBag from /home/airflow/.local/lib/python3.8/site-packages/airflow/example_dags/tutorial.py
[2023-08-31T04:06:13.244+0000] {processor.py:839} INFO - DAG(s) dict_keys(['tutorial']) retrieved from /home/airflow/.local/lib/python3.8/site-packages/airflow/example_dags/tutorial.py
[2023-08-31T04:06:13.283+0000] {logging_mixin.py:151} INFO - [2023-08-31T04:06:13.283+0000] {dag.py:2907} INFO - Sync 1 DAGs
[2023-08-31T04:06:13.329+0000] {logging_mixin.py:151} INFO - [2023-08-31T04:06:13.328+0000] {dag.py:3677} INFO - Setting next_dagrun for tutorial to 2023-08-30T04:06:13.328577+00:00, run_after=2023-08-31T04:06:13.328577+00:00
[2023-08-31T04:06:13.389+0000] {processor.py:179} INFO - Processing /home/airflow/.local/lib/python3.8/site-packages/airflow/example_dags/tutorial.py took 0.176 seconds
[2023-08-31T09:48:41.322+0000] {processor.py:157} INFO - Started process (PID=72924) to work on /home/airflow/.local/lib/python3.8/site-packages/airflow/example_dags/tutorial.py
[2023-08-31T09:48:41.324+0000] {processor.py:829} INFO - Processing file /home/airflow/.local/lib/python3.8/site-packages/airflow/example_dags/tutorial.py for tasks to queue
[2023-08-31T09:48:41.326+0000] {logging_mixin.py:151} INFO - [2023-08-31T09:48:41.325+0000] {dagbag.py:539} INFO - Filling up the DagBag from /home/airflow/.local/lib/python3.8/site-packages/airflow/example_dags/tutorial.py
[2023-08-31T09:48:41.336+0000] {processor.py:839} INFO - DAG(s) dict_keys(['tutorial']) retrieved from /home/airflow/.local/lib/python3.8/site-packages/airflow/example_dags/tutorial.py
[2023-08-31T09:48:41.371+0000] {logging_mixin.py:151} INFO - [2023-08-31T09:48:41.370+0000] {dag.py:2907} INFO - Sync 1 DAGs
[2023-08-31T09:48:41.400+0000] {logging_mixin.py:151} INFO - [2023-08-31T09:48:41.400+0000] {dag.py:3677} INFO - Setting next_dagrun for tutorial to 2023-08-30T09:48:41.399699+00:00, run_after=2023-08-31T09:48:41.399699+00:00
[2023-08-31T09:48:41.424+0000] {processor.py:179} INFO - Processing /home/airflow/.local/lib/python3.8/site-packages/airflow/example_dags/tutorial.py took 0.109 seconds
[2023-08-31T15:39:05.693+0000] {processor.py:157} INFO - Started process (PID=72979) to work on /home/airflow/.local/lib/python3.8/site-packages/airflow/example_dags/tutorial.py
[2023-08-31T15:39:05.695+0000] {processor.py:829} INFO - Processing file /home/airflow/.local/lib/python3.8/site-packages/airflow/example_dags/tutorial.py for tasks to queue
[2023-08-31T15:39:05.697+0000] {logging_mixin.py:151} INFO - [2023-08-31T15:39:05.696+0000] {dagbag.py:539} INFO - Filling up the DagBag from /home/airflow/.local/lib/python3.8/site-packages/airflow/example_dags/tutorial.py
[2023-08-31T15:39:05.706+0000] {processor.py:839} INFO - DAG(s) dict_keys(['tutorial']) retrieved from /home/airflow/.local/lib/python3.8/site-packages/airflow/example_dags/tutorial.py
[2023-08-31T15:39:05.733+0000] {logging_mixin.py:151} INFO - [2023-08-31T15:39:05.733+0000] {dag.py:2907} INFO - Sync 1 DAGs
[2023-08-31T15:39:05.759+0000] {logging_mixin.py:151} INFO - [2023-08-31T15:39:05.759+0000] {dag.py:3677} INFO - Setting next_dagrun for tutorial to 2023-08-30T15:39:05.758783+00:00, run_after=2023-08-31T15:39:05.758783+00:00
[2023-08-31T15:39:05.782+0000] {processor.py:179} INFO - Processing /home/airflow/.local/lib/python3.8/site-packages/airflow/example_dags/tutorial.py took 0.094 seconds
[2023-08-31T18:03:05.837+0000] {processor.py:157} INFO - Started process (PID=73034) to work on /home/airflow/.local/lib/python3.8/site-packages/airflow/example_dags/tutorial.py
[2023-08-31T18:03:05.838+0000] {processor.py:829} INFO - Processing file /home/airflow/.local/lib/python3.8/site-packages/airflow/example_dags/tutorial.py for tasks to queue
[2023-08-31T18:03:05.840+0000] {logging_mixin.py:151} INFO - [2023-08-31T18:03:05.839+0000] {dagbag.py:539} INFO - Filling up the DagBag from /home/airflow/.local/lib/python3.8/site-packages/airflow/example_dags/tutorial.py
[2023-08-31T18:03:05.849+0000] {processor.py:839} INFO - DAG(s) dict_keys(['tutorial']) retrieved from /home/airflow/.local/lib/python3.8/site-packages/airflow/example_dags/tutorial.py
[2023-08-31T18:03:05.878+0000] {logging_mixin.py:151} INFO - [2023-08-31T18:03:05.877+0000] {dag.py:2907} INFO - Sync 1 DAGs
[2023-08-31T18:03:05.903+0000] {logging_mixin.py:151} INFO - [2023-08-31T18:03:05.903+0000] {dag.py:3677} INFO - Setting next_dagrun for tutorial to 2023-08-30T18:03:05.902824+00:00, run_after=2023-08-31T18:03:05.902824+00:00
[2023-08-31T18:03:05.924+0000] {processor.py:179} INFO - Processing /home/airflow/.local/lib/python3.8/site-packages/airflow/example_dags/tutorial.py took 0.092 seconds
[2023-08-31T20:15:35.586+0000] {processor.py:157} INFO - Started process (PID=73087) to work on /home/airflow/.local/lib/python3.8/site-packages/airflow/example_dags/tutorial.py
[2023-08-31T20:15:35.587+0000] {processor.py:829} INFO - Processing file /home/airflow/.local/lib/python3.8/site-packages/airflow/example_dags/tutorial.py for tasks to queue
[2023-08-31T20:15:35.588+0000] {logging_mixin.py:151} INFO - [2023-08-31T20:15:35.588+0000] {dagbag.py:539} INFO - Filling up the DagBag from /home/airflow/.local/lib/python3.8/site-packages/airflow/example_dags/tutorial.py
[2023-08-31T20:15:35.646+0000] {processor.py:839} INFO - DAG(s) dict_keys(['tutorial']) retrieved from /home/airflow/.local/lib/python3.8/site-packages/airflow/example_dags/tutorial.py
[2023-08-31T20:15:35.702+0000] {logging_mixin.py:151} INFO - [2023-08-31T20:15:35.702+0000] {dag.py:2907} INFO - Sync 1 DAGs
[2023-08-31T20:15:35.743+0000] {logging_mixin.py:151} INFO - [2023-08-31T20:15:35.743+0000] {dag.py:3677} INFO - Setting next_dagrun for tutorial to 2023-08-30T20:15:35.742538+00:00, run_after=2023-08-31T20:15:35.742538+00:00
[2023-08-31T20:15:35.787+0000] {processor.py:179} INFO - Processing /home/airflow/.local/lib/python3.8/site-packages/airflow/example_dags/tutorial.py took 0.205 seconds
