[2023-08-29T00:27:23.679+0000] {taskinstance.py:1159} INFO - Dependencies all met for dep_context=non-requeueable deps ti=<TaskInstance: crypto_data_download.create_books_table manual__2023-08-29T00:22:19.916454+00:00 [queued]>
[2023-08-29T00:27:23.688+0000] {taskinstance.py:1159} INFO - Dependencies all met for dep_context=requeueable deps ti=<TaskInstance: crypto_data_download.create_books_table manual__2023-08-29T00:22:19.916454+00:00 [queued]>
[2023-08-29T00:27:23.689+0000] {taskinstance.py:1361} INFO - Starting attempt 2 of 2
[2023-08-29T00:27:23.704+0000] {taskinstance.py:1382} INFO - Executing <Task(PostgresOperator): create_books_table> on 2023-08-29 00:22:19.916454+00:00
[2023-08-29T00:27:23.710+0000] {standard_task_runner.py:57} INFO - Started process 235 to run task
[2023-08-29T00:27:23.715+0000] {standard_task_runner.py:84} INFO - Running: ['***', 'tasks', 'run', 'crypto_data_download', 'create_books_table', 'manual__2023-08-29T00:22:19.916454+00:00', '--job-id', '102', '--raw', '--subdir', 'DAGS_FOLDER/coin_data_dag.py', '--cfg-path', '/tmp/tmpzib2vwp1']
[2023-08-29T00:27:23.719+0000] {standard_task_runner.py:85} INFO - Job 102: Subtask create_books_table
[2023-08-29T00:27:23.776+0000] {task_command.py:415} INFO - Running <TaskInstance: crypto_data_download.create_books_table manual__2023-08-29T00:22:19.916454+00:00 [running]> on host 6c9aee5df47e
[2023-08-29T00:27:23.865+0000] {taskinstance.py:1660} INFO - Exporting env vars: AIRFLOW_CTX_DAG_OWNER='NicoB' AIRFLOW_CTX_DAG_ID='crypto_data_download' AIRFLOW_CTX_TASK_ID='create_books_table' AIRFLOW_CTX_EXECUTION_DATE='2023-08-29T00:22:19.916454+00:00' AIRFLOW_CTX_TRY_NUMBER='2' AIRFLOW_CTX_DAG_RUN_ID='manual__2023-08-29T00:22:19.916454+00:00'
[2023-08-29T00:27:23.867+0000] {sql.py:274} INFO - Executing: 
    CREATE TABLE IF NOT EXISTS books (
        id SERIAL PRIMARY KEY,
        title VARCHAR(255),
        author VARCHAR(255)
    );
    
[2023-08-29T00:27:23.877+0000] {base.py:73} INFO - Using connection ID 'postgres_connection' for task execution.
[2023-08-29T00:27:23.887+0000] {base.py:73} INFO - Using connection ID 'postgres_connection' for task execution.
[2023-08-29T00:27:23.892+0000] {sql.py:418} INFO - Running statement: 
    CREATE TABLE IF NOT EXISTS books (
        id SERIAL PRIMARY KEY,
        title VARCHAR(255),
        author VARCHAR(255)
    );
    , parameters: None
[2023-08-29T00:27:23.909+0000] {taskinstance.py:1400} INFO - Marking task as SUCCESS. dag_id=crypto_data_download, task_id=create_books_table, execution_date=20230829T002219, start_date=20230829T002723, end_date=20230829T002723
[2023-08-29T00:27:23.968+0000] {local_task_job_runner.py:228} INFO - Task exited with return code 0
[2023-08-29T00:27:23.989+0000] {taskinstance.py:2784} INFO - 0 downstream tasks scheduled from follow-on schedule check
