[2023-09-02T03:00:14.450+0000] {processor.py:157} INFO - Started process (PID=73924) to work on /home/airflow/.local/lib/python3.8/site-packages/airflow/example_dags/example_branch_python_dop_operator_3.py
[2023-09-02T03:00:14.451+0000] {processor.py:829} INFO - Processing file /home/airflow/.local/lib/python3.8/site-packages/airflow/example_dags/example_branch_python_dop_operator_3.py for tasks to queue
[2023-09-02T03:00:14.452+0000] {logging_mixin.py:151} INFO - [2023-09-02T03:00:14.452+0000] {dagbag.py:539} INFO - Filling up the DagBag from /home/airflow/.local/lib/python3.8/site-packages/airflow/example_dags/example_branch_python_dop_operator_3.py
[2023-09-02T03:00:14.463+0000] {processor.py:839} INFO - DAG(s) dict_keys(['example_branch_dop_operator_v3']) retrieved from /home/airflow/.local/lib/python3.8/site-packages/airflow/example_dags/example_branch_python_dop_operator_3.py
[2023-09-02T03:00:14.487+0000] {logging_mixin.py:151} INFO - [2023-09-02T03:00:14.487+0000] {dag.py:2907} INFO - Sync 1 DAGs
[2023-09-02T03:00:14.515+0000] {logging_mixin.py:151} INFO - [2023-09-02T03:00:14.515+0000] {dag.py:3677} INFO - Setting next_dagrun for example_branch_dop_operator_v3 to 2023-09-02T02:59:00+00:00, run_after=2023-09-02T03:00:00+00:00
[2023-09-02T03:00:14.534+0000] {processor.py:179} INFO - Processing /home/airflow/.local/lib/python3.8/site-packages/airflow/example_dags/example_branch_python_dop_operator_3.py took 0.088 seconds
[2023-09-02T04:41:57.463+0000] {processor.py:157} INFO - Started process (PID=73979) to work on /home/airflow/.local/lib/python3.8/site-packages/airflow/example_dags/example_branch_python_dop_operator_3.py
[2023-09-02T04:41:57.465+0000] {processor.py:829} INFO - Processing file /home/airflow/.local/lib/python3.8/site-packages/airflow/example_dags/example_branch_python_dop_operator_3.py for tasks to queue
[2023-09-02T04:41:57.466+0000] {logging_mixin.py:151} INFO - [2023-09-02T04:41:57.466+0000] {dagbag.py:539} INFO - Filling up the DagBag from /home/airflow/.local/lib/python3.8/site-packages/airflow/example_dags/example_branch_python_dop_operator_3.py
[2023-09-02T04:41:57.483+0000] {processor.py:839} INFO - DAG(s) dict_keys(['example_branch_dop_operator_v3']) retrieved from /home/airflow/.local/lib/python3.8/site-packages/airflow/example_dags/example_branch_python_dop_operator_3.py
[2023-09-02T04:41:57.514+0000] {logging_mixin.py:151} INFO - [2023-09-02T04:41:57.514+0000] {dag.py:2907} INFO - Sync 1 DAGs
[2023-09-02T04:41:57.549+0000] {logging_mixin.py:151} INFO - [2023-09-02T04:41:57.549+0000] {dag.py:3677} INFO - Setting next_dagrun for example_branch_dop_operator_v3 to 2023-09-02T04:40:00+00:00, run_after=2023-09-02T04:41:00+00:00
[2023-09-02T04:41:57.571+0000] {processor.py:179} INFO - Processing /home/airflow/.local/lib/python3.8/site-packages/airflow/example_dags/example_branch_python_dop_operator_3.py took 0.116 seconds
[2023-09-02T11:08:26.699+0000] {processor.py:157} INFO - Started process (PID=74034) to work on /home/airflow/.local/lib/python3.8/site-packages/airflow/example_dags/example_branch_python_dop_operator_3.py
[2023-09-02T11:08:26.701+0000] {processor.py:829} INFO - Processing file /home/airflow/.local/lib/python3.8/site-packages/airflow/example_dags/example_branch_python_dop_operator_3.py for tasks to queue
[2023-09-02T11:08:26.704+0000] {logging_mixin.py:151} INFO - [2023-09-02T11:08:26.703+0000] {dagbag.py:539} INFO - Filling up the DagBag from /home/airflow/.local/lib/python3.8/site-packages/airflow/example_dags/example_branch_python_dop_operator_3.py
[2023-09-02T11:08:26.728+0000] {processor.py:839} INFO - DAG(s) dict_keys(['example_branch_dop_operator_v3']) retrieved from /home/airflow/.local/lib/python3.8/site-packages/airflow/example_dags/example_branch_python_dop_operator_3.py
[2023-09-02T11:08:26.759+0000] {logging_mixin.py:151} INFO - [2023-09-02T11:08:26.759+0000] {dag.py:2907} INFO - Sync 1 DAGs
[2023-09-02T11:08:26.789+0000] {logging_mixin.py:151} INFO - [2023-09-02T11:08:26.789+0000] {dag.py:3677} INFO - Setting next_dagrun for example_branch_dop_operator_v3 to 2023-09-02T11:07:00+00:00, run_after=2023-09-02T11:08:00+00:00
[2023-09-02T11:08:26.811+0000] {processor.py:179} INFO - Processing /home/airflow/.local/lib/python3.8/site-packages/airflow/example_dags/example_branch_python_dop_operator_3.py took 0.117 seconds
[2023-09-02T19:21:16.556+0000] {processor.py:157} INFO - Started process (PID=74089) to work on /home/airflow/.local/lib/python3.8/site-packages/airflow/example_dags/example_branch_python_dop_operator_3.py
[2023-09-02T19:21:16.558+0000] {processor.py:829} INFO - Processing file /home/airflow/.local/lib/python3.8/site-packages/airflow/example_dags/example_branch_python_dop_operator_3.py for tasks to queue
[2023-09-02T19:21:16.559+0000] {logging_mixin.py:151} INFO - [2023-09-02T19:21:16.559+0000] {dagbag.py:539} INFO - Filling up the DagBag from /home/airflow/.local/lib/python3.8/site-packages/airflow/example_dags/example_branch_python_dop_operator_3.py
[2023-09-02T19:21:16.572+0000] {processor.py:839} INFO - DAG(s) dict_keys(['example_branch_dop_operator_v3']) retrieved from /home/airflow/.local/lib/python3.8/site-packages/airflow/example_dags/example_branch_python_dop_operator_3.py
[2023-09-02T19:21:16.601+0000] {logging_mixin.py:151} INFO - [2023-09-02T19:21:16.601+0000] {dag.py:2907} INFO - Sync 1 DAGs
[2023-09-02T19:21:16.637+0000] {logging_mixin.py:151} INFO - [2023-09-02T19:21:16.637+0000] {dag.py:3677} INFO - Setting next_dagrun for example_branch_dop_operator_v3 to 2023-09-02T19:20:00+00:00, run_after=2023-09-02T19:21:00+00:00
[2023-09-02T19:21:16.664+0000] {processor.py:179} INFO - Processing /home/airflow/.local/lib/python3.8/site-packages/airflow/example_dags/example_branch_python_dop_operator_3.py took 0.113 seconds
