[2023-09-02T03:00:14.676+0000] {processor.py:157} INFO - Started process (PID=73928) to work on /home/airflow/.local/lib/python3.8/site-packages/airflow/example_dags/example_branch_operator.py
[2023-09-02T03:00:14.677+0000] {processor.py:829} INFO - Processing file /home/airflow/.local/lib/python3.8/site-packages/airflow/example_dags/example_branch_operator.py for tasks to queue
[2023-09-02T03:00:14.678+0000] {logging_mixin.py:151} INFO - [2023-09-02T03:00:14.678+0000] {dagbag.py:539} INFO - Filling up the DagBag from /home/airflow/.local/lib/python3.8/site-packages/airflow/example_dags/example_branch_operator.py
[2023-09-02T03:00:14.690+0000] {processor.py:839} INFO - DAG(s) dict_keys(['example_branch_operator']) retrieved from /home/airflow/.local/lib/python3.8/site-packages/airflow/example_dags/example_branch_operator.py
[2023-09-02T03:00:14.714+0000] {logging_mixin.py:151} INFO - [2023-09-02T03:00:14.714+0000] {dag.py:2907} INFO - Sync 1 DAGs
[2023-09-02T03:00:14.737+0000] {logging_mixin.py:151} INFO - [2023-09-02T03:00:14.737+0000] {dag.py:3677} INFO - Setting next_dagrun for example_branch_operator to 2023-09-01T00:00:00+00:00, run_after=2023-09-02T00:00:00+00:00
[2023-09-02T03:00:14.755+0000] {processor.py:179} INFO - Processing /home/airflow/.local/lib/python3.8/site-packages/airflow/example_dags/example_branch_operator.py took 0.084 seconds
[2023-09-02T04:41:57.754+0000] {processor.py:157} INFO - Started process (PID=73983) to work on /home/airflow/.local/lib/python3.8/site-packages/airflow/example_dags/example_branch_operator.py
[2023-09-02T04:41:57.756+0000] {processor.py:829} INFO - Processing file /home/airflow/.local/lib/python3.8/site-packages/airflow/example_dags/example_branch_operator.py for tasks to queue
[2023-09-02T04:41:57.757+0000] {logging_mixin.py:151} INFO - [2023-09-02T04:41:57.757+0000] {dagbag.py:539} INFO - Filling up the DagBag from /home/airflow/.local/lib/python3.8/site-packages/airflow/example_dags/example_branch_operator.py
[2023-09-02T04:41:57.771+0000] {processor.py:839} INFO - DAG(s) dict_keys(['example_branch_operator']) retrieved from /home/airflow/.local/lib/python3.8/site-packages/airflow/example_dags/example_branch_operator.py
[2023-09-02T04:41:57.801+0000] {logging_mixin.py:151} INFO - [2023-09-02T04:41:57.801+0000] {dag.py:2907} INFO - Sync 1 DAGs
[2023-09-02T04:41:57.829+0000] {logging_mixin.py:151} INFO - [2023-09-02T04:41:57.828+0000] {dag.py:3677} INFO - Setting next_dagrun for example_branch_operator to 2023-09-01T00:00:00+00:00, run_after=2023-09-02T00:00:00+00:00
[2023-09-02T04:41:57.850+0000] {processor.py:179} INFO - Processing /home/airflow/.local/lib/python3.8/site-packages/airflow/example_dags/example_branch_operator.py took 0.101 seconds
[2023-09-02T11:08:26.964+0000] {processor.py:157} INFO - Started process (PID=74038) to work on /home/airflow/.local/lib/python3.8/site-packages/airflow/example_dags/example_branch_operator.py
[2023-09-02T11:08:26.966+0000] {processor.py:829} INFO - Processing file /home/airflow/.local/lib/python3.8/site-packages/airflow/example_dags/example_branch_operator.py for tasks to queue
[2023-09-02T11:08:26.967+0000] {logging_mixin.py:151} INFO - [2023-09-02T11:08:26.967+0000] {dagbag.py:539} INFO - Filling up the DagBag from /home/airflow/.local/lib/python3.8/site-packages/airflow/example_dags/example_branch_operator.py
[2023-09-02T11:08:26.981+0000] {processor.py:839} INFO - DAG(s) dict_keys(['example_branch_operator']) retrieved from /home/airflow/.local/lib/python3.8/site-packages/airflow/example_dags/example_branch_operator.py
[2023-09-02T11:08:27.010+0000] {logging_mixin.py:151} INFO - [2023-09-02T11:08:27.010+0000] {dag.py:2907} INFO - Sync 1 DAGs
[2023-09-02T11:08:27.037+0000] {logging_mixin.py:151} INFO - [2023-09-02T11:08:27.036+0000] {dag.py:3677} INFO - Setting next_dagrun for example_branch_operator to 2023-09-01T00:00:00+00:00, run_after=2023-09-02T00:00:00+00:00
[2023-09-02T11:08:27.059+0000] {processor.py:179} INFO - Processing /home/airflow/.local/lib/python3.8/site-packages/airflow/example_dags/example_branch_operator.py took 0.099 seconds
[2023-09-02T19:21:16.832+0000] {processor.py:157} INFO - Started process (PID=74093) to work on /home/airflow/.local/lib/python3.8/site-packages/airflow/example_dags/example_branch_operator.py
[2023-09-02T19:21:16.834+0000] {processor.py:829} INFO - Processing file /home/airflow/.local/lib/python3.8/site-packages/airflow/example_dags/example_branch_operator.py for tasks to queue
[2023-09-02T19:21:16.835+0000] {logging_mixin.py:151} INFO - [2023-09-02T19:21:16.834+0000] {dagbag.py:539} INFO - Filling up the DagBag from /home/airflow/.local/lib/python3.8/site-packages/airflow/example_dags/example_branch_operator.py
[2023-09-02T19:21:16.849+0000] {processor.py:839} INFO - DAG(s) dict_keys(['example_branch_operator']) retrieved from /home/airflow/.local/lib/python3.8/site-packages/airflow/example_dags/example_branch_operator.py
[2023-09-02T19:21:16.880+0000] {logging_mixin.py:151} INFO - [2023-09-02T19:21:16.880+0000] {dag.py:2907} INFO - Sync 1 DAGs
[2023-09-02T19:21:16.908+0000] {logging_mixin.py:151} INFO - [2023-09-02T19:21:16.908+0000] {dag.py:3677} INFO - Setting next_dagrun for example_branch_operator to 2023-09-01T00:00:00+00:00, run_after=2023-09-02T00:00:00+00:00
[2023-09-02T19:21:16.930+0000] {processor.py:179} INFO - Processing /home/airflow/.local/lib/python3.8/site-packages/airflow/example_dags/example_branch_operator.py took 0.103 seconds
