[2023-09-02T03:00:15.284+0000] {processor.py:157} INFO - Started process (PID=73936) to work on /home/airflow/.local/lib/python3.8/site-packages/airflow/example_dags/example_sensor_decorator.py
[2023-09-02T03:00:15.285+0000] {processor.py:829} INFO - Processing file /home/airflow/.local/lib/python3.8/site-packages/airflow/example_dags/example_sensor_decorator.py for tasks to queue
[2023-09-02T03:00:15.286+0000] {logging_mixin.py:151} INFO - [2023-09-02T03:00:15.286+0000] {dagbag.py:539} INFO - Filling up the DagBag from /home/airflow/.local/lib/python3.8/site-packages/airflow/example_dags/example_sensor_decorator.py
[2023-09-02T03:00:15.293+0000] {processor.py:839} INFO - DAG(s) dict_keys(['example_sensor_decorator']) retrieved from /home/airflow/.local/lib/python3.8/site-packages/airflow/example_dags/example_sensor_decorator.py
[2023-09-02T03:00:15.316+0000] {logging_mixin.py:151} INFO - [2023-09-02T03:00:15.316+0000] {dag.py:2907} INFO - Sync 1 DAGs
[2023-09-02T03:00:15.330+0000] {logging_mixin.py:151} INFO - [2023-09-02T03:00:15.329+0000] {dag.py:3677} INFO - Setting next_dagrun for example_sensor_decorator to None, run_after=None
[2023-09-02T03:00:15.348+0000] {processor.py:179} INFO - Processing /home/airflow/.local/lib/python3.8/site-packages/airflow/example_dags/example_sensor_decorator.py took 0.068 seconds
[2023-09-02T04:41:58.495+0000] {processor.py:157} INFO - Started process (PID=73991) to work on /home/airflow/.local/lib/python3.8/site-packages/airflow/example_dags/example_sensor_decorator.py
[2023-09-02T04:41:58.497+0000] {processor.py:829} INFO - Processing file /home/airflow/.local/lib/python3.8/site-packages/airflow/example_dags/example_sensor_decorator.py for tasks to queue
[2023-09-02T04:41:58.499+0000] {logging_mixin.py:151} INFO - [2023-09-02T04:41:58.498+0000] {dagbag.py:539} INFO - Filling up the DagBag from /home/airflow/.local/lib/python3.8/site-packages/airflow/example_dags/example_sensor_decorator.py
[2023-09-02T04:41:58.506+0000] {processor.py:839} INFO - DAG(s) dict_keys(['example_sensor_decorator']) retrieved from /home/airflow/.local/lib/python3.8/site-packages/airflow/example_dags/example_sensor_decorator.py
[2023-09-02T04:41:58.533+0000] {logging_mixin.py:151} INFO - [2023-09-02T04:41:58.533+0000] {dag.py:2907} INFO - Sync 1 DAGs
[2023-09-02T04:41:58.548+0000] {logging_mixin.py:151} INFO - [2023-09-02T04:41:58.548+0000] {dag.py:3677} INFO - Setting next_dagrun for example_sensor_decorator to None, run_after=None
[2023-09-02T04:41:58.570+0000] {processor.py:179} INFO - Processing /home/airflow/.local/lib/python3.8/site-packages/airflow/example_dags/example_sensor_decorator.py took 0.080 seconds
[2023-09-02T11:08:27.678+0000] {processor.py:157} INFO - Started process (PID=74046) to work on /home/airflow/.local/lib/python3.8/site-packages/airflow/example_dags/example_sensor_decorator.py
[2023-09-02T11:08:27.680+0000] {processor.py:829} INFO - Processing file /home/airflow/.local/lib/python3.8/site-packages/airflow/example_dags/example_sensor_decorator.py for tasks to queue
[2023-09-02T11:08:27.681+0000] {logging_mixin.py:151} INFO - [2023-09-02T11:08:27.680+0000] {dagbag.py:539} INFO - Filling up the DagBag from /home/airflow/.local/lib/python3.8/site-packages/airflow/example_dags/example_sensor_decorator.py
[2023-09-02T11:08:27.689+0000] {processor.py:839} INFO - DAG(s) dict_keys(['example_sensor_decorator']) retrieved from /home/airflow/.local/lib/python3.8/site-packages/airflow/example_dags/example_sensor_decorator.py
[2023-09-02T11:08:27.715+0000] {logging_mixin.py:151} INFO - [2023-09-02T11:08:27.715+0000] {dag.py:2907} INFO - Sync 1 DAGs
[2023-09-02T11:08:27.731+0000] {logging_mixin.py:151} INFO - [2023-09-02T11:08:27.731+0000] {dag.py:3677} INFO - Setting next_dagrun for example_sensor_decorator to None, run_after=None
[2023-09-02T11:08:27.753+0000] {processor.py:179} INFO - Processing /home/airflow/.local/lib/python3.8/site-packages/airflow/example_dags/example_sensor_decorator.py took 0.080 seconds
[2023-09-02T19:21:17.564+0000] {processor.py:157} INFO - Started process (PID=74101) to work on /home/airflow/.local/lib/python3.8/site-packages/airflow/example_dags/example_sensor_decorator.py
[2023-09-02T19:21:17.566+0000] {processor.py:829} INFO - Processing file /home/airflow/.local/lib/python3.8/site-packages/airflow/example_dags/example_sensor_decorator.py for tasks to queue
[2023-09-02T19:21:17.567+0000] {logging_mixin.py:151} INFO - [2023-09-02T19:21:17.567+0000] {dagbag.py:539} INFO - Filling up the DagBag from /home/airflow/.local/lib/python3.8/site-packages/airflow/example_dags/example_sensor_decorator.py
[2023-09-02T19:21:17.576+0000] {processor.py:839} INFO - DAG(s) dict_keys(['example_sensor_decorator']) retrieved from /home/airflow/.local/lib/python3.8/site-packages/airflow/example_dags/example_sensor_decorator.py
[2023-09-02T19:21:17.606+0000] {logging_mixin.py:151} INFO - [2023-09-02T19:21:17.605+0000] {dag.py:2907} INFO - Sync 1 DAGs
[2023-09-02T19:21:17.622+0000] {logging_mixin.py:151} INFO - [2023-09-02T19:21:17.622+0000] {dag.py:3677} INFO - Setting next_dagrun for example_sensor_decorator to None, run_after=None
[2023-09-02T19:21:17.649+0000] {processor.py:179} INFO - Processing /home/airflow/.local/lib/python3.8/site-packages/airflow/example_dags/example_sensor_decorator.py took 0.090 seconds
