[2023-09-02T03:00:13.825+0000] {processor.py:157} INFO - Started process (PID=73917) to work on /home/airflow/.local/lib/python3.8/site-packages/airflow/example_dags/example_sensors.py
[2023-09-02T03:00:13.841+0000] {processor.py:829} INFO - Processing file /home/airflow/.local/lib/python3.8/site-packages/airflow/example_dags/example_sensors.py for tasks to queue
[2023-09-02T03:00:13.848+0000] {logging_mixin.py:151} INFO - [2023-09-02T03:00:13.847+0000] {dagbag.py:539} INFO - Filling up the DagBag from /home/airflow/.local/lib/python3.8/site-packages/airflow/example_dags/example_sensors.py
[2023-09-02T03:00:13.914+0000] {processor.py:839} INFO - DAG(s) dict_keys(['example_sensors']) retrieved from /home/airflow/.local/lib/python3.8/site-packages/airflow/example_dags/example_sensors.py
[2023-09-02T03:00:13.972+0000] {logging_mixin.py:151} INFO - [2023-09-02T03:00:13.972+0000] {dag.py:2907} INFO - Sync 1 DAGs
[2023-09-02T03:00:13.998+0000] {logging_mixin.py:151} INFO - [2023-09-02T03:00:13.998+0000] {dag.py:3677} INFO - Setting next_dagrun for example_sensors to None, run_after=None
[2023-09-02T03:00:14.041+0000] {processor.py:179} INFO - Processing /home/airflow/.local/lib/python3.8/site-packages/airflow/example_dags/example_sensors.py took 0.246 seconds
[2023-09-02T04:41:56.733+0000] {processor.py:157} INFO - Started process (PID=73966) to work on /home/airflow/.local/lib/python3.8/site-packages/airflow/example_dags/example_sensors.py
[2023-09-02T04:41:56.740+0000] {processor.py:829} INFO - Processing file /home/airflow/.local/lib/python3.8/site-packages/airflow/example_dags/example_sensors.py for tasks to queue
[2023-09-02T04:41:56.757+0000] {logging_mixin.py:151} INFO - [2023-09-02T04:41:56.748+0000] {dagbag.py:539} INFO - Filling up the DagBag from /home/airflow/.local/lib/python3.8/site-packages/airflow/example_dags/example_sensors.py
[2023-09-02T04:41:56.803+0000] {processor.py:839} INFO - DAG(s) dict_keys(['example_sensors']) retrieved from /home/airflow/.local/lib/python3.8/site-packages/airflow/example_dags/example_sensors.py
[2023-09-02T04:41:56.874+0000] {logging_mixin.py:151} INFO - [2023-09-02T04:41:56.874+0000] {dag.py:2907} INFO - Sync 1 DAGs
[2023-09-02T04:41:56.899+0000] {logging_mixin.py:151} INFO - [2023-09-02T04:41:56.899+0000] {dag.py:3677} INFO - Setting next_dagrun for example_sensors to None, run_after=None
[2023-09-02T04:41:56.939+0000] {processor.py:179} INFO - Processing /home/airflow/.local/lib/python3.8/site-packages/airflow/example_dags/example_sensors.py took 0.214 seconds
[2023-09-02T11:08:26.223+0000] {processor.py:157} INFO - Started process (PID=74021) to work on /home/airflow/.local/lib/python3.8/site-packages/airflow/example_dags/example_sensors.py
[2023-09-02T11:08:26.225+0000] {processor.py:829} INFO - Processing file /home/airflow/.local/lib/python3.8/site-packages/airflow/example_dags/example_sensors.py for tasks to queue
[2023-09-02T11:08:26.227+0000] {logging_mixin.py:151} INFO - [2023-09-02T11:08:26.226+0000] {dagbag.py:539} INFO - Filling up the DagBag from /home/airflow/.local/lib/python3.8/site-packages/airflow/example_dags/example_sensors.py
[2023-09-02T11:08:26.269+0000] {processor.py:839} INFO - DAG(s) dict_keys(['example_sensors']) retrieved from /home/airflow/.local/lib/python3.8/site-packages/airflow/example_dags/example_sensors.py
[2023-09-02T11:08:26.324+0000] {logging_mixin.py:151} INFO - [2023-09-02T11:08:26.324+0000] {dag.py:2907} INFO - Sync 1 DAGs
[2023-09-02T11:08:26.343+0000] {logging_mixin.py:151} INFO - [2023-09-02T11:08:26.343+0000] {dag.py:3677} INFO - Setting next_dagrun for example_sensors to None, run_after=None
[2023-09-02T11:08:26.376+0000] {processor.py:179} INFO - Processing /home/airflow/.local/lib/python3.8/site-packages/airflow/example_dags/example_sensors.py took 0.174 seconds
[2023-09-02T19:21:16.060+0000] {processor.py:157} INFO - Started process (PID=74076) to work on /home/airflow/.local/lib/python3.8/site-packages/airflow/example_dags/example_sensors.py
[2023-09-02T19:21:16.064+0000] {processor.py:829} INFO - Processing file /home/airflow/.local/lib/python3.8/site-packages/airflow/example_dags/example_sensors.py for tasks to queue
[2023-09-02T19:21:16.066+0000] {logging_mixin.py:151} INFO - [2023-09-02T19:21:16.065+0000] {dagbag.py:539} INFO - Filling up the DagBag from /home/airflow/.local/lib/python3.8/site-packages/airflow/example_dags/example_sensors.py
[2023-09-02T19:21:16.113+0000] {processor.py:839} INFO - DAG(s) dict_keys(['example_sensors']) retrieved from /home/airflow/.local/lib/python3.8/site-packages/airflow/example_dags/example_sensors.py
[2023-09-02T19:21:16.168+0000] {logging_mixin.py:151} INFO - [2023-09-02T19:21:16.168+0000] {dag.py:2907} INFO - Sync 1 DAGs
[2023-09-02T19:21:16.186+0000] {logging_mixin.py:151} INFO - [2023-09-02T19:21:16.186+0000] {dag.py:3677} INFO - Setting next_dagrun for example_sensors to None, run_after=None
[2023-09-02T19:21:16.213+0000] {processor.py:179} INFO - Processing /home/airflow/.local/lib/python3.8/site-packages/airflow/example_dags/example_sensors.py took 0.174 seconds
