[2023-09-02T03:00:16.474+0000] {processor.py:157} INFO - Started process (PID=73951) to work on /home/airflow/.local/lib/python3.8/site-packages/airflow/example_dags/example_branch_day_of_week_operator.py
[2023-09-02T03:00:16.476+0000] {processor.py:829} INFO - Processing file /home/airflow/.local/lib/python3.8/site-packages/airflow/example_dags/example_branch_day_of_week_operator.py for tasks to queue
[2023-09-02T03:00:16.477+0000] {logging_mixin.py:151} INFO - [2023-09-02T03:00:16.476+0000] {dagbag.py:539} INFO - Filling up the DagBag from /home/airflow/.local/lib/python3.8/site-packages/airflow/example_dags/example_branch_day_of_week_operator.py
[2023-09-02T03:00:16.488+0000] {processor.py:839} INFO - DAG(s) dict_keys(['example_weekday_branch_operator']) retrieved from /home/airflow/.local/lib/python3.8/site-packages/airflow/example_dags/example_branch_day_of_week_operator.py
[2023-09-02T03:00:16.516+0000] {logging_mixin.py:151} INFO - [2023-09-02T03:00:16.516+0000] {dag.py:2907} INFO - Sync 1 DAGs
[2023-09-02T03:00:16.542+0000] {logging_mixin.py:151} INFO - [2023-09-02T03:00:16.541+0000] {dag.py:3677} INFO - Setting next_dagrun for example_weekday_branch_operator to 2023-09-01T00:00:00+00:00, run_after=2023-09-02T00:00:00+00:00
[2023-09-02T03:00:16.564+0000] {processor.py:179} INFO - Processing /home/airflow/.local/lib/python3.8/site-packages/airflow/example_dags/example_branch_day_of_week_operator.py took 0.095 seconds
[2023-09-02T04:41:59.758+0000] {processor.py:157} INFO - Started process (PID=74006) to work on /home/airflow/.local/lib/python3.8/site-packages/airflow/example_dags/example_branch_day_of_week_operator.py
[2023-09-02T04:41:59.760+0000] {processor.py:829} INFO - Processing file /home/airflow/.local/lib/python3.8/site-packages/airflow/example_dags/example_branch_day_of_week_operator.py for tasks to queue
[2023-09-02T04:41:59.761+0000] {logging_mixin.py:151} INFO - [2023-09-02T04:41:59.761+0000] {dagbag.py:539} INFO - Filling up the DagBag from /home/airflow/.local/lib/python3.8/site-packages/airflow/example_dags/example_branch_day_of_week_operator.py
[2023-09-02T04:41:59.772+0000] {processor.py:839} INFO - DAG(s) dict_keys(['example_weekday_branch_operator']) retrieved from /home/airflow/.local/lib/python3.8/site-packages/airflow/example_dags/example_branch_day_of_week_operator.py
[2023-09-02T04:41:59.800+0000] {logging_mixin.py:151} INFO - [2023-09-02T04:41:59.800+0000] {dag.py:2907} INFO - Sync 1 DAGs
[2023-09-02T04:41:59.826+0000] {logging_mixin.py:151} INFO - [2023-09-02T04:41:59.825+0000] {dag.py:3677} INFO - Setting next_dagrun for example_weekday_branch_operator to 2023-09-01T00:00:00+00:00, run_after=2023-09-02T00:00:00+00:00
[2023-09-02T04:41:59.847+0000] {processor.py:179} INFO - Processing /home/airflow/.local/lib/python3.8/site-packages/airflow/example_dags/example_branch_day_of_week_operator.py took 0.093 seconds
[2023-09-02T11:08:28.804+0000] {processor.py:157} INFO - Started process (PID=74061) to work on /home/airflow/.local/lib/python3.8/site-packages/airflow/example_dags/example_branch_day_of_week_operator.py
[2023-09-02T11:08:28.806+0000] {processor.py:829} INFO - Processing file /home/airflow/.local/lib/python3.8/site-packages/airflow/example_dags/example_branch_day_of_week_operator.py for tasks to queue
[2023-09-02T11:08:28.807+0000] {logging_mixin.py:151} INFO - [2023-09-02T11:08:28.807+0000] {dagbag.py:539} INFO - Filling up the DagBag from /home/airflow/.local/lib/python3.8/site-packages/airflow/example_dags/example_branch_day_of_week_operator.py
[2023-09-02T11:08:28.818+0000] {processor.py:839} INFO - DAG(s) dict_keys(['example_weekday_branch_operator']) retrieved from /home/airflow/.local/lib/python3.8/site-packages/airflow/example_dags/example_branch_day_of_week_operator.py
[2023-09-02T11:08:28.846+0000] {logging_mixin.py:151} INFO - [2023-09-02T11:08:28.846+0000] {dag.py:2907} INFO - Sync 1 DAGs
[2023-09-02T11:08:28.872+0000] {logging_mixin.py:151} INFO - [2023-09-02T11:08:28.872+0000] {dag.py:3677} INFO - Setting next_dagrun for example_weekday_branch_operator to 2023-09-01T00:00:00+00:00, run_after=2023-09-02T00:00:00+00:00
[2023-09-02T11:08:28.895+0000] {processor.py:179} INFO - Processing /home/airflow/.local/lib/python3.8/site-packages/airflow/example_dags/example_branch_day_of_week_operator.py took 0.095 seconds
[2023-09-02T19:21:18.795+0000] {processor.py:157} INFO - Started process (PID=74116) to work on /home/airflow/.local/lib/python3.8/site-packages/airflow/example_dags/example_branch_day_of_week_operator.py
[2023-09-02T19:21:18.796+0000] {processor.py:829} INFO - Processing file /home/airflow/.local/lib/python3.8/site-packages/airflow/example_dags/example_branch_day_of_week_operator.py for tasks to queue
[2023-09-02T19:21:18.797+0000] {logging_mixin.py:151} INFO - [2023-09-02T19:21:18.797+0000] {dagbag.py:539} INFO - Filling up the DagBag from /home/airflow/.local/lib/python3.8/site-packages/airflow/example_dags/example_branch_day_of_week_operator.py
[2023-09-02T19:21:18.808+0000] {processor.py:839} INFO - DAG(s) dict_keys(['example_weekday_branch_operator']) retrieved from /home/airflow/.local/lib/python3.8/site-packages/airflow/example_dags/example_branch_day_of_week_operator.py
[2023-09-02T19:21:18.836+0000] {logging_mixin.py:151} INFO - [2023-09-02T19:21:18.835+0000] {dag.py:2907} INFO - Sync 1 DAGs
[2023-09-02T19:21:18.862+0000] {logging_mixin.py:151} INFO - [2023-09-02T19:21:18.861+0000] {dag.py:3677} INFO - Setting next_dagrun for example_weekday_branch_operator to 2023-09-01T00:00:00+00:00, run_after=2023-09-02T00:00:00+00:00
[2023-09-02T19:21:18.883+0000] {processor.py:179} INFO - Processing /home/airflow/.local/lib/python3.8/site-packages/airflow/example_dags/example_branch_day_of_week_operator.py took 0.093 seconds
