[2023-09-02T03:00:16.239+0000] {processor.py:157} INFO - Started process (PID=73949) to work on /home/airflow/.local/lib/python3.8/site-packages/airflow/example_dags/example_local_kubernetes_executor.py
[2023-09-02T03:00:16.240+0000] {processor.py:829} INFO - Processing file /home/airflow/.local/lib/python3.8/site-packages/airflow/example_dags/example_local_kubernetes_executor.py for tasks to queue
[2023-09-02T03:00:16.242+0000] {logging_mixin.py:151} INFO - [2023-09-02T03:00:16.242+0000] {dagbag.py:539} INFO - Filling up the DagBag from /home/airflow/.local/lib/python3.8/site-packages/airflow/example_dags/example_local_kubernetes_executor.py
[2023-09-02T03:00:16.541+0000] {processor.py:839} INFO - DAG(s) dict_keys(['example_local_kubernetes_executor']) retrieved from /home/airflow/.local/lib/python3.8/site-packages/airflow/example_dags/example_local_kubernetes_executor.py
[2023-09-02T03:00:16.583+0000] {logging_mixin.py:151} INFO - [2023-09-02T03:00:16.582+0000] {dag.py:2907} INFO - Sync 1 DAGs
[2023-09-02T03:00:16.601+0000] {logging_mixin.py:151} INFO - [2023-09-02T03:00:16.601+0000] {dag.py:3677} INFO - Setting next_dagrun for example_local_kubernetes_executor to None, run_after=None
[2023-09-02T03:00:16.626+0000] {processor.py:179} INFO - Processing /home/airflow/.local/lib/python3.8/site-packages/airflow/example_dags/example_local_kubernetes_executor.py took 0.393 seconds
[2023-09-02T04:41:59.577+0000] {processor.py:157} INFO - Started process (PID=74004) to work on /home/airflow/.local/lib/python3.8/site-packages/airflow/example_dags/example_local_kubernetes_executor.py
[2023-09-02T04:41:59.579+0000] {processor.py:829} INFO - Processing file /home/airflow/.local/lib/python3.8/site-packages/airflow/example_dags/example_local_kubernetes_executor.py for tasks to queue
[2023-09-02T04:41:59.580+0000] {logging_mixin.py:151} INFO - [2023-09-02T04:41:59.580+0000] {dagbag.py:539} INFO - Filling up the DagBag from /home/airflow/.local/lib/python3.8/site-packages/airflow/example_dags/example_local_kubernetes_executor.py
[2023-09-02T04:41:59.866+0000] {processor.py:839} INFO - DAG(s) dict_keys(['example_local_kubernetes_executor']) retrieved from /home/airflow/.local/lib/python3.8/site-packages/airflow/example_dags/example_local_kubernetes_executor.py
[2023-09-02T04:41:59.905+0000] {logging_mixin.py:151} INFO - [2023-09-02T04:41:59.905+0000] {dag.py:2907} INFO - Sync 1 DAGs
[2023-09-02T04:41:59.920+0000] {logging_mixin.py:151} INFO - [2023-09-02T04:41:59.920+0000] {dag.py:3677} INFO - Setting next_dagrun for example_local_kubernetes_executor to None, run_after=None
[2023-09-02T04:41:59.941+0000] {processor.py:179} INFO - Processing /home/airflow/.local/lib/python3.8/site-packages/airflow/example_dags/example_local_kubernetes_executor.py took 0.370 seconds
[2023-09-02T11:08:28.624+0000] {processor.py:157} INFO - Started process (PID=74059) to work on /home/airflow/.local/lib/python3.8/site-packages/airflow/example_dags/example_local_kubernetes_executor.py
[2023-09-02T11:08:28.641+0000] {processor.py:829} INFO - Processing file /home/airflow/.local/lib/python3.8/site-packages/airflow/example_dags/example_local_kubernetes_executor.py for tasks to queue
[2023-09-02T11:08:28.642+0000] {logging_mixin.py:151} INFO - [2023-09-02T11:08:28.642+0000] {dagbag.py:539} INFO - Filling up the DagBag from /home/airflow/.local/lib/python3.8/site-packages/airflow/example_dags/example_local_kubernetes_executor.py
[2023-09-02T11:08:28.937+0000] {processor.py:839} INFO - DAG(s) dict_keys(['example_local_kubernetes_executor']) retrieved from /home/airflow/.local/lib/python3.8/site-packages/airflow/example_dags/example_local_kubernetes_executor.py
[2023-09-02T11:08:28.977+0000] {logging_mixin.py:151} INFO - [2023-09-02T11:08:28.976+0000] {dag.py:2907} INFO - Sync 1 DAGs
[2023-09-02T11:08:28.992+0000] {logging_mixin.py:151} INFO - [2023-09-02T11:08:28.992+0000] {dag.py:3677} INFO - Setting next_dagrun for example_local_kubernetes_executor to None, run_after=None
[2023-09-02T11:08:29.012+0000] {processor.py:179} INFO - Processing /home/airflow/.local/lib/python3.8/site-packages/airflow/example_dags/example_local_kubernetes_executor.py took 0.392 seconds
[2023-09-02T19:21:18.651+0000] {processor.py:157} INFO - Started process (PID=74114) to work on /home/airflow/.local/lib/python3.8/site-packages/airflow/example_dags/example_local_kubernetes_executor.py
[2023-09-02T19:21:18.653+0000] {processor.py:829} INFO - Processing file /home/airflow/.local/lib/python3.8/site-packages/airflow/example_dags/example_local_kubernetes_executor.py for tasks to queue
[2023-09-02T19:21:18.654+0000] {logging_mixin.py:151} INFO - [2023-09-02T19:21:18.654+0000] {dagbag.py:539} INFO - Filling up the DagBag from /home/airflow/.local/lib/python3.8/site-packages/airflow/example_dags/example_local_kubernetes_executor.py
[2023-09-02T19:21:18.952+0000] {processor.py:839} INFO - DAG(s) dict_keys(['example_local_kubernetes_executor']) retrieved from /home/airflow/.local/lib/python3.8/site-packages/airflow/example_dags/example_local_kubernetes_executor.py
[2023-09-02T19:21:18.995+0000] {logging_mixin.py:151} INFO - [2023-09-02T19:21:18.992+0000] {dag.py:2907} INFO - Sync 1 DAGs
[2023-09-02T19:21:19.012+0000] {logging_mixin.py:151} INFO - [2023-09-02T19:21:19.012+0000] {dag.py:3677} INFO - Setting next_dagrun for example_local_kubernetes_executor to None, run_after=None
[2023-09-02T19:21:19.037+0000] {processor.py:179} INFO - Processing /home/airflow/.local/lib/python3.8/site-packages/airflow/example_dags/example_local_kubernetes_executor.py took 0.392 seconds
