[2023-09-02T03:00:15.468+0000] {processor.py:157} INFO - Started process (PID=73940) to work on /home/airflow/.local/lib/python3.8/site-packages/airflow/example_dags/example_latest_only.py
[2023-09-02T03:00:15.469+0000] {processor.py:829} INFO - Processing file /home/airflow/.local/lib/python3.8/site-packages/airflow/example_dags/example_latest_only.py for tasks to queue
[2023-09-02T03:00:15.470+0000] {logging_mixin.py:151} INFO - [2023-09-02T03:00:15.470+0000] {dagbag.py:539} INFO - Filling up the DagBag from /home/airflow/.local/lib/python3.8/site-packages/airflow/example_dags/example_latest_only.py
[2023-09-02T03:00:15.478+0000] {processor.py:839} INFO - DAG(s) dict_keys(['latest_only']) retrieved from /home/airflow/.local/lib/python3.8/site-packages/airflow/example_dags/example_latest_only.py
[2023-09-02T03:00:15.499+0000] {logging_mixin.py:151} INFO - [2023-09-02T03:00:15.499+0000] {dag.py:2907} INFO - Sync 1 DAGs
[2023-09-02T03:00:15.520+0000] {logging_mixin.py:151} INFO - [2023-09-02T03:00:15.520+0000] {dag.py:3677} INFO - Setting next_dagrun for latest_only to 2023-09-01T23:00:15.520507+00:00, run_after=2023-09-02T03:00:15.520507+00:00
[2023-09-02T03:00:15.538+0000] {processor.py:179} INFO - Processing /home/airflow/.local/lib/python3.8/site-packages/airflow/example_dags/example_latest_only.py took 0.075 seconds
[2023-09-02T04:41:58.832+0000] {processor.py:157} INFO - Started process (PID=73995) to work on /home/airflow/.local/lib/python3.8/site-packages/airflow/example_dags/example_latest_only.py
[2023-09-02T04:41:58.833+0000] {processor.py:829} INFO - Processing file /home/airflow/.local/lib/python3.8/site-packages/airflow/example_dags/example_latest_only.py for tasks to queue
[2023-09-02T04:41:58.835+0000] {logging_mixin.py:151} INFO - [2023-09-02T04:41:58.834+0000] {dagbag.py:539} INFO - Filling up the DagBag from /home/airflow/.local/lib/python3.8/site-packages/airflow/example_dags/example_latest_only.py
[2023-09-02T04:41:58.844+0000] {processor.py:839} INFO - DAG(s) dict_keys(['latest_only']) retrieved from /home/airflow/.local/lib/python3.8/site-packages/airflow/example_dags/example_latest_only.py
[2023-09-02T04:41:58.869+0000] {logging_mixin.py:151} INFO - [2023-09-02T04:41:58.869+0000] {dag.py:2907} INFO - Sync 1 DAGs
[2023-09-02T04:41:58.895+0000] {logging_mixin.py:151} INFO - [2023-09-02T04:41:58.894+0000] {dag.py:3677} INFO - Setting next_dagrun for latest_only to 2023-09-02T00:41:58.894604+00:00, run_after=2023-09-02T04:41:58.894604+00:00
[2023-09-02T04:41:58.916+0000] {processor.py:179} INFO - Processing /home/airflow/.local/lib/python3.8/site-packages/airflow/example_dags/example_latest_only.py took 0.089 seconds
[2023-09-02T11:08:27.888+0000] {processor.py:157} INFO - Started process (PID=74050) to work on /home/airflow/.local/lib/python3.8/site-packages/airflow/example_dags/example_latest_only.py
[2023-09-02T11:08:27.890+0000] {processor.py:829} INFO - Processing file /home/airflow/.local/lib/python3.8/site-packages/airflow/example_dags/example_latest_only.py for tasks to queue
[2023-09-02T11:08:27.891+0000] {logging_mixin.py:151} INFO - [2023-09-02T11:08:27.891+0000] {dagbag.py:539} INFO - Filling up the DagBag from /home/airflow/.local/lib/python3.8/site-packages/airflow/example_dags/example_latest_only.py
[2023-09-02T11:08:27.900+0000] {processor.py:839} INFO - DAG(s) dict_keys(['latest_only']) retrieved from /home/airflow/.local/lib/python3.8/site-packages/airflow/example_dags/example_latest_only.py
[2023-09-02T11:08:27.926+0000] {logging_mixin.py:151} INFO - [2023-09-02T11:08:27.926+0000] {dag.py:2907} INFO - Sync 1 DAGs
[2023-09-02T11:08:27.950+0000] {logging_mixin.py:151} INFO - [2023-09-02T11:08:27.950+0000] {dag.py:3677} INFO - Setting next_dagrun for latest_only to 2023-09-02T07:08:27.950352+00:00, run_after=2023-09-02T11:08:27.950352+00:00
[2023-09-02T11:08:27.972+0000] {processor.py:179} INFO - Processing /home/airflow/.local/lib/python3.8/site-packages/airflow/example_dags/example_latest_only.py took 0.088 seconds
[2023-09-02T19:21:17.793+0000] {processor.py:157} INFO - Started process (PID=74105) to work on /home/airflow/.local/lib/python3.8/site-packages/airflow/example_dags/example_latest_only.py
[2023-09-02T19:21:17.796+0000] {processor.py:829} INFO - Processing file /home/airflow/.local/lib/python3.8/site-packages/airflow/example_dags/example_latest_only.py for tasks to queue
[2023-09-02T19:21:17.797+0000] {logging_mixin.py:151} INFO - [2023-09-02T19:21:17.797+0000] {dagbag.py:539} INFO - Filling up the DagBag from /home/airflow/.local/lib/python3.8/site-packages/airflow/example_dags/example_latest_only.py
[2023-09-02T19:21:17.807+0000] {processor.py:839} INFO - DAG(s) dict_keys(['latest_only']) retrieved from /home/airflow/.local/lib/python3.8/site-packages/airflow/example_dags/example_latest_only.py
[2023-09-02T19:21:17.833+0000] {logging_mixin.py:151} INFO - [2023-09-02T19:21:17.833+0000] {dag.py:2907} INFO - Sync 1 DAGs
[2023-09-02T19:21:17.858+0000] {logging_mixin.py:151} INFO - [2023-09-02T19:21:17.858+0000] {dag.py:3677} INFO - Setting next_dagrun for latest_only to 2023-09-02T15:21:17.858408+00:00, run_after=2023-09-02T19:21:17.858408+00:00
[2023-09-02T19:21:17.883+0000] {processor.py:179} INFO - Processing /home/airflow/.local/lib/python3.8/site-packages/airflow/example_dags/example_latest_only.py took 0.095 seconds
