[2023-09-02T03:00:14.383+0000] {processor.py:157} INFO - Started process (PID=73923) to work on /home/airflow/.local/lib/python3.8/site-packages/airflow/example_dags/example_xcomargs.py
[2023-09-02T03:00:14.385+0000] {processor.py:829} INFO - Processing file /home/airflow/.local/lib/python3.8/site-packages/airflow/example_dags/example_xcomargs.py for tasks to queue
[2023-09-02T03:00:14.387+0000] {logging_mixin.py:151} INFO - [2023-09-02T03:00:14.386+0000] {dagbag.py:539} INFO - Filling up the DagBag from /home/airflow/.local/lib/python3.8/site-packages/airflow/example_dags/example_xcomargs.py
[2023-09-02T03:00:14.398+0000] {processor.py:839} INFO - DAG(s) dict_keys(['example_xcom_args_with_operators', 'example_xcom_args']) retrieved from /home/airflow/.local/lib/python3.8/site-packages/airflow/example_dags/example_xcomargs.py
[2023-09-02T03:00:14.425+0000] {logging_mixin.py:151} INFO - [2023-09-02T03:00:14.425+0000] {dag.py:2907} INFO - Sync 2 DAGs
[2023-09-02T03:00:14.440+0000] {logging_mixin.py:151} INFO - [2023-09-02T03:00:14.440+0000] {dag.py:3677} INFO - Setting next_dagrun for example_xcom_args to None, run_after=None
[2023-09-02T03:00:14.444+0000] {logging_mixin.py:151} INFO - [2023-09-02T03:00:14.444+0000] {dag.py:3677} INFO - Setting next_dagrun for example_xcom_args_with_operators to None, run_after=None
[2023-09-02T03:00:14.461+0000] {processor.py:179} INFO - Processing /home/airflow/.local/lib/python3.8/site-packages/airflow/example_dags/example_xcomargs.py took 0.084 seconds
[2023-09-02T04:41:57.376+0000] {processor.py:157} INFO - Started process (PID=73978) to work on /home/airflow/.local/lib/python3.8/site-packages/airflow/example_dags/example_xcomargs.py
[2023-09-02T04:41:57.378+0000] {processor.py:829} INFO - Processing file /home/airflow/.local/lib/python3.8/site-packages/airflow/example_dags/example_xcomargs.py for tasks to queue
[2023-09-02T04:41:57.380+0000] {logging_mixin.py:151} INFO - [2023-09-02T04:41:57.380+0000] {dagbag.py:539} INFO - Filling up the DagBag from /home/airflow/.local/lib/python3.8/site-packages/airflow/example_dags/example_xcomargs.py
[2023-09-02T04:41:57.397+0000] {processor.py:839} INFO - DAG(s) dict_keys(['example_xcom_args', 'example_xcom_args_with_operators']) retrieved from /home/airflow/.local/lib/python3.8/site-packages/airflow/example_dags/example_xcomargs.py
[2023-09-02T04:41:57.448+0000] {logging_mixin.py:151} INFO - [2023-09-02T04:41:57.448+0000] {dag.py:2907} INFO - Sync 2 DAGs
[2023-09-02T04:41:57.476+0000] {logging_mixin.py:151} INFO - [2023-09-02T04:41:57.476+0000] {dag.py:3677} INFO - Setting next_dagrun for example_xcom_args to None, run_after=None
[2023-09-02T04:41:57.481+0000] {logging_mixin.py:151} INFO - [2023-09-02T04:41:57.481+0000] {dag.py:3677} INFO - Setting next_dagrun for example_xcom_args_with_operators to None, run_after=None
[2023-09-02T04:41:57.502+0000] {processor.py:179} INFO - Processing /home/airflow/.local/lib/python3.8/site-packages/airflow/example_dags/example_xcomargs.py took 0.133 seconds
[2023-09-02T11:08:26.625+0000] {processor.py:157} INFO - Started process (PID=74033) to work on /home/airflow/.local/lib/python3.8/site-packages/airflow/example_dags/example_xcomargs.py
[2023-09-02T11:08:26.626+0000] {processor.py:829} INFO - Processing file /home/airflow/.local/lib/python3.8/site-packages/airflow/example_dags/example_xcomargs.py for tasks to queue
[2023-09-02T11:08:26.627+0000] {logging_mixin.py:151} INFO - [2023-09-02T11:08:26.627+0000] {dagbag.py:539} INFO - Filling up the DagBag from /home/airflow/.local/lib/python3.8/site-packages/airflow/example_dags/example_xcomargs.py
[2023-09-02T11:08:26.640+0000] {processor.py:839} INFO - DAG(s) dict_keys(['example_xcom_args_with_operators', 'example_xcom_args']) retrieved from /home/airflow/.local/lib/python3.8/site-packages/airflow/example_dags/example_xcomargs.py
[2023-09-02T11:08:26.676+0000] {logging_mixin.py:151} INFO - [2023-09-02T11:08:26.676+0000] {dag.py:2907} INFO - Sync 2 DAGs
[2023-09-02T11:08:26.693+0000] {logging_mixin.py:151} INFO - [2023-09-02T11:08:26.693+0000] {dag.py:3677} INFO - Setting next_dagrun for example_xcom_args to None, run_after=None
[2023-09-02T11:08:26.697+0000] {logging_mixin.py:151} INFO - [2023-09-02T11:08:26.697+0000] {dag.py:3677} INFO - Setting next_dagrun for example_xcom_args_with_operators to None, run_after=None
[2023-09-02T11:08:26.717+0000] {processor.py:179} INFO - Processing /home/airflow/.local/lib/python3.8/site-packages/airflow/example_dags/example_xcomargs.py took 0.097 seconds
[2023-09-02T19:21:16.485+0000] {processor.py:157} INFO - Started process (PID=74088) to work on /home/airflow/.local/lib/python3.8/site-packages/airflow/example_dags/example_xcomargs.py
[2023-09-02T19:21:16.487+0000] {processor.py:829} INFO - Processing file /home/airflow/.local/lib/python3.8/site-packages/airflow/example_dags/example_xcomargs.py for tasks to queue
[2023-09-02T19:21:16.488+0000] {logging_mixin.py:151} INFO - [2023-09-02T19:21:16.488+0000] {dagbag.py:539} INFO - Filling up the DagBag from /home/airflow/.local/lib/python3.8/site-packages/airflow/example_dags/example_xcomargs.py
[2023-09-02T19:21:16.500+0000] {processor.py:839} INFO - DAG(s) dict_keys(['example_xcom_args', 'example_xcom_args_with_operators']) retrieved from /home/airflow/.local/lib/python3.8/site-packages/airflow/example_dags/example_xcomargs.py
[2023-09-02T19:21:16.536+0000] {logging_mixin.py:151} INFO - [2023-09-02T19:21:16.536+0000] {dag.py:2907} INFO - Sync 2 DAGs
[2023-09-02T19:21:16.555+0000] {logging_mixin.py:151} INFO - [2023-09-02T19:21:16.555+0000] {dag.py:3677} INFO - Setting next_dagrun for example_xcom_args to None, run_after=None
[2023-09-02T19:21:16.560+0000] {logging_mixin.py:151} INFO - [2023-09-02T19:21:16.560+0000] {dag.py:3677} INFO - Setting next_dagrun for example_xcom_args_with_operators to None, run_after=None
[2023-09-02T19:21:16.581+0000] {processor.py:179} INFO - Processing /home/airflow/.local/lib/python3.8/site-packages/airflow/example_dags/example_xcomargs.py took 0.101 seconds
