[2023-09-02T03:00:13.406+0000] {processor.py:157} INFO - Started process (PID=73910) to work on /home/airflow/.local/lib/python3.8/site-packages/airflow/example_dags/example_complex.py
[2023-09-02T03:00:13.413+0000] {processor.py:829} INFO - Processing file /home/airflow/.local/lib/python3.8/site-packages/airflow/example_dags/example_complex.py for tasks to queue
[2023-09-02T03:00:13.415+0000] {logging_mixin.py:151} INFO - [2023-09-02T03:00:13.414+0000] {dagbag.py:539} INFO - Filling up the DagBag from /home/airflow/.local/lib/python3.8/site-packages/airflow/example_dags/example_complex.py
[2023-09-02T03:00:13.439+0000] {processor.py:839} INFO - DAG(s) dict_keys(['example_complex']) retrieved from /home/airflow/.local/lib/python3.8/site-packages/airflow/example_dags/example_complex.py
[2023-09-02T03:00:13.567+0000] {logging_mixin.py:151} INFO - [2023-09-02T03:00:13.566+0000] {dag.py:2907} INFO - Sync 1 DAGs
[2023-09-02T03:00:13.597+0000] {logging_mixin.py:151} INFO - [2023-09-02T03:00:13.597+0000] {dag.py:3677} INFO - Setting next_dagrun for example_complex to None, run_after=None
[2023-09-02T03:00:13.644+0000] {processor.py:179} INFO - Processing /home/airflow/.local/lib/python3.8/site-packages/airflow/example_dags/example_complex.py took 0.242 seconds
[2023-09-02T04:41:56.485+0000] {processor.py:157} INFO - Started process (PID=73964) to work on /home/airflow/.local/lib/python3.8/site-packages/airflow/example_dags/example_complex.py
[2023-09-02T04:41:56.489+0000] {processor.py:829} INFO - Processing file /home/airflow/.local/lib/python3.8/site-packages/airflow/example_dags/example_complex.py for tasks to queue
[2023-09-02T04:41:56.491+0000] {logging_mixin.py:151} INFO - [2023-09-02T04:41:56.490+0000] {dagbag.py:539} INFO - Filling up the DagBag from /home/airflow/.local/lib/python3.8/site-packages/airflow/example_dags/example_complex.py
[2023-09-02T04:41:56.520+0000] {processor.py:839} INFO - DAG(s) dict_keys(['example_complex']) retrieved from /home/airflow/.local/lib/python3.8/site-packages/airflow/example_dags/example_complex.py
[2023-09-02T04:41:56.594+0000] {logging_mixin.py:151} INFO - [2023-09-02T04:41:56.594+0000] {dag.py:2907} INFO - Sync 1 DAGs
[2023-09-02T04:41:56.615+0000] {logging_mixin.py:151} INFO - [2023-09-02T04:41:56.615+0000] {dag.py:3677} INFO - Setting next_dagrun for example_complex to None, run_after=None
[2023-09-02T04:41:56.645+0000] {processor.py:179} INFO - Processing /home/airflow/.local/lib/python3.8/site-packages/airflow/example_dags/example_complex.py took 0.174 seconds
[2023-09-02T11:08:25.884+0000] {processor.py:157} INFO - Started process (PID=74019) to work on /home/airflow/.local/lib/python3.8/site-packages/airflow/example_dags/example_complex.py
[2023-09-02T11:08:25.891+0000] {processor.py:829} INFO - Processing file /home/airflow/.local/lib/python3.8/site-packages/airflow/example_dags/example_complex.py for tasks to queue
[2023-09-02T11:08:25.899+0000] {logging_mixin.py:151} INFO - [2023-09-02T11:08:25.898+0000] {dagbag.py:539} INFO - Filling up the DagBag from /home/airflow/.local/lib/python3.8/site-packages/airflow/example_dags/example_complex.py
[2023-09-02T11:08:25.954+0000] {processor.py:839} INFO - DAG(s) dict_keys(['example_complex']) retrieved from /home/airflow/.local/lib/python3.8/site-packages/airflow/example_dags/example_complex.py
[2023-09-02T11:08:26.042+0000] {logging_mixin.py:151} INFO - [2023-09-02T11:08:26.041+0000] {dag.py:2907} INFO - Sync 1 DAGs
[2023-09-02T11:08:26.089+0000] {logging_mixin.py:151} INFO - [2023-09-02T11:08:26.089+0000] {dag.py:3677} INFO - Setting next_dagrun for example_complex to None, run_after=None
[2023-09-02T11:08:26.133+0000] {processor.py:179} INFO - Processing /home/airflow/.local/lib/python3.8/site-packages/airflow/example_dags/example_complex.py took 0.285 seconds
[2023-09-02T19:21:15.753+0000] {processor.py:157} INFO - Started process (PID=74074) to work on /home/airflow/.local/lib/python3.8/site-packages/airflow/example_dags/example_complex.py
[2023-09-02T19:21:15.775+0000] {processor.py:829} INFO - Processing file /home/airflow/.local/lib/python3.8/site-packages/airflow/example_dags/example_complex.py for tasks to queue
[2023-09-02T19:21:15.786+0000] {logging_mixin.py:151} INFO - [2023-09-02T19:21:15.784+0000] {dagbag.py:539} INFO - Filling up the DagBag from /home/airflow/.local/lib/python3.8/site-packages/airflow/example_dags/example_complex.py
[2023-09-02T19:21:15.827+0000] {processor.py:839} INFO - DAG(s) dict_keys(['example_complex']) retrieved from /home/airflow/.local/lib/python3.8/site-packages/airflow/example_dags/example_complex.py
[2023-09-02T19:21:15.912+0000] {logging_mixin.py:151} INFO - [2023-09-02T19:21:15.912+0000] {dag.py:2907} INFO - Sync 1 DAGs
[2023-09-02T19:21:15.941+0000] {logging_mixin.py:151} INFO - [2023-09-02T19:21:15.941+0000] {dag.py:3677} INFO - Setting next_dagrun for example_complex to None, run_after=None
[2023-09-02T19:21:15.979+0000] {processor.py:179} INFO - Processing /home/airflow/.local/lib/python3.8/site-packages/airflow/example_dags/example_complex.py took 0.254 seconds
