[2023-09-02T03:00:14.342+0000] {processor.py:157} INFO - Started process (PID=73922) to work on /home/airflow/.local/lib/python3.8/site-packages/airflow/example_dags/example_dynamic_task_mapping.py
[2023-09-02T03:00:14.343+0000] {processor.py:829} INFO - Processing file /home/airflow/.local/lib/python3.8/site-packages/airflow/example_dags/example_dynamic_task_mapping.py for tasks to queue
[2023-09-02T03:00:14.344+0000] {logging_mixin.py:151} INFO - [2023-09-02T03:00:14.344+0000] {dagbag.py:539} INFO - Filling up the DagBag from /home/airflow/.local/lib/python3.8/site-packages/airflow/example_dags/example_dynamic_task_mapping.py
[2023-09-02T03:00:14.355+0000] {processor.py:839} INFO - DAG(s) dict_keys(['example_dynamic_task_mapping']) retrieved from /home/airflow/.local/lib/python3.8/site-packages/airflow/example_dags/example_dynamic_task_mapping.py
[2023-09-02T03:00:14.379+0000] {logging_mixin.py:151} INFO - [2023-09-02T03:00:14.379+0000] {dag.py:2907} INFO - Sync 1 DAGs
[2023-09-02T03:00:14.404+0000] {logging_mixin.py:151} INFO - [2023-09-02T03:00:14.404+0000] {dag.py:3677} INFO - Setting next_dagrun for example_dynamic_task_mapping to 2022-03-04T00:00:00+00:00, run_after=2022-03-05T00:00:00+00:00
[2023-09-02T03:00:14.422+0000] {processor.py:179} INFO - Processing /home/airflow/.local/lib/python3.8/site-packages/airflow/example_dags/example_dynamic_task_mapping.py took 0.085 seconds
[2023-09-02T04:41:57.245+0000] {processor.py:157} INFO - Started process (PID=73977) to work on /home/airflow/.local/lib/python3.8/site-packages/airflow/example_dags/example_dynamic_task_mapping.py
[2023-09-02T04:41:57.249+0000] {processor.py:829} INFO - Processing file /home/airflow/.local/lib/python3.8/site-packages/airflow/example_dags/example_dynamic_task_mapping.py for tasks to queue
[2023-09-02T04:41:57.252+0000] {logging_mixin.py:151} INFO - [2023-09-02T04:41:57.251+0000] {dagbag.py:539} INFO - Filling up the DagBag from /home/airflow/.local/lib/python3.8/site-packages/airflow/example_dags/example_dynamic_task_mapping.py
[2023-09-02T04:41:57.296+0000] {processor.py:839} INFO - DAG(s) dict_keys(['example_dynamic_task_mapping']) retrieved from /home/airflow/.local/lib/python3.8/site-packages/airflow/example_dags/example_dynamic_task_mapping.py
[2023-09-02T04:41:57.368+0000] {logging_mixin.py:151} INFO - [2023-09-02T04:41:57.368+0000] {dag.py:2907} INFO - Sync 1 DAGs
[2023-09-02T04:41:57.405+0000] {logging_mixin.py:151} INFO - [2023-09-02T04:41:57.405+0000] {dag.py:3677} INFO - Setting next_dagrun for example_dynamic_task_mapping to 2022-03-04T00:00:00+00:00, run_after=2022-03-05T00:00:00+00:00
[2023-09-02T04:41:57.426+0000] {processor.py:179} INFO - Processing /home/airflow/.local/lib/python3.8/site-packages/airflow/example_dags/example_dynamic_task_mapping.py took 0.196 seconds
[2023-09-02T11:08:26.574+0000] {processor.py:157} INFO - Started process (PID=74032) to work on /home/airflow/.local/lib/python3.8/site-packages/airflow/example_dags/example_dynamic_task_mapping.py
[2023-09-02T11:08:26.576+0000] {processor.py:829} INFO - Processing file /home/airflow/.local/lib/python3.8/site-packages/airflow/example_dags/example_dynamic_task_mapping.py for tasks to queue
[2023-09-02T11:08:26.578+0000] {logging_mixin.py:151} INFO - [2023-09-02T11:08:26.578+0000] {dagbag.py:539} INFO - Filling up the DagBag from /home/airflow/.local/lib/python3.8/site-packages/airflow/example_dags/example_dynamic_task_mapping.py
[2023-09-02T11:08:26.588+0000] {processor.py:839} INFO - DAG(s) dict_keys(['example_dynamic_task_mapping']) retrieved from /home/airflow/.local/lib/python3.8/site-packages/airflow/example_dags/example_dynamic_task_mapping.py
[2023-09-02T11:08:26.619+0000] {logging_mixin.py:151} INFO - [2023-09-02T11:08:26.618+0000] {dag.py:2907} INFO - Sync 1 DAGs
[2023-09-02T11:08:26.644+0000] {logging_mixin.py:151} INFO - [2023-09-02T11:08:26.644+0000] {dag.py:3677} INFO - Setting next_dagrun for example_dynamic_task_mapping to 2022-03-04T00:00:00+00:00, run_after=2022-03-05T00:00:00+00:00
[2023-09-02T11:08:26.666+0000] {processor.py:179} INFO - Processing /home/airflow/.local/lib/python3.8/site-packages/airflow/example_dags/example_dynamic_task_mapping.py took 0.096 seconds
[2023-09-02T19:21:16.412+0000] {processor.py:157} INFO - Started process (PID=74087) to work on /home/airflow/.local/lib/python3.8/site-packages/airflow/example_dags/example_dynamic_task_mapping.py
[2023-09-02T19:21:16.414+0000] {processor.py:829} INFO - Processing file /home/airflow/.local/lib/python3.8/site-packages/airflow/example_dags/example_dynamic_task_mapping.py for tasks to queue
[2023-09-02T19:21:16.416+0000] {logging_mixin.py:151} INFO - [2023-09-02T19:21:16.416+0000] {dagbag.py:539} INFO - Filling up the DagBag from /home/airflow/.local/lib/python3.8/site-packages/airflow/example_dags/example_dynamic_task_mapping.py
[2023-09-02T19:21:16.430+0000] {processor.py:839} INFO - DAG(s) dict_keys(['example_dynamic_task_mapping']) retrieved from /home/airflow/.local/lib/python3.8/site-packages/airflow/example_dags/example_dynamic_task_mapping.py
[2023-09-02T19:21:16.476+0000] {logging_mixin.py:151} INFO - [2023-09-02T19:21:16.476+0000] {dag.py:2907} INFO - Sync 1 DAGs
[2023-09-02T19:21:16.503+0000] {logging_mixin.py:151} INFO - [2023-09-02T19:21:16.503+0000] {dag.py:3677} INFO - Setting next_dagrun for example_dynamic_task_mapping to 2022-03-04T00:00:00+00:00, run_after=2022-03-05T00:00:00+00:00
[2023-09-02T19:21:16.524+0000] {processor.py:179} INFO - Processing /home/airflow/.local/lib/python3.8/site-packages/airflow/example_dags/example_dynamic_task_mapping.py took 0.117 seconds
