[2023-09-02T03:00:15.228+0000] {processor.py:157} INFO - Started process (PID=73935) to work on /home/airflow/.local/lib/python3.8/site-packages/airflow/example_dags/example_xcom.py
[2023-09-02T03:00:15.230+0000] {processor.py:829} INFO - Processing file /home/airflow/.local/lib/python3.8/site-packages/airflow/example_dags/example_xcom.py for tasks to queue
[2023-09-02T03:00:15.231+0000] {logging_mixin.py:151} INFO - [2023-09-02T03:00:15.231+0000] {dagbag.py:539} INFO - Filling up the DagBag from /home/airflow/.local/lib/python3.8/site-packages/airflow/example_dags/example_xcom.py
[2023-09-02T03:00:15.240+0000] {processor.py:839} INFO - DAG(s) dict_keys(['example_xcom']) retrieved from /home/airflow/.local/lib/python3.8/site-packages/airflow/example_dags/example_xcom.py
[2023-09-02T03:00:15.264+0000] {logging_mixin.py:151} INFO - [2023-09-02T03:00:15.264+0000] {dag.py:2907} INFO - Sync 1 DAGs
[2023-09-02T03:00:15.285+0000] {logging_mixin.py:151} INFO - [2023-09-02T03:00:15.285+0000] {dag.py:3677} INFO - Setting next_dagrun for example_xcom to 2021-01-01T00:00:00+00:00, run_after=2021-01-01T00:00:00+00:00
[2023-09-02T03:00:15.305+0000] {processor.py:179} INFO - Processing /home/airflow/.local/lib/python3.8/site-packages/airflow/example_dags/example_xcom.py took 0.080 seconds
[2023-09-02T04:41:58.488+0000] {processor.py:157} INFO - Started process (PID=73990) to work on /home/airflow/.local/lib/python3.8/site-packages/airflow/example_dags/example_xcom.py
[2023-09-02T04:41:58.489+0000] {processor.py:829} INFO - Processing file /home/airflow/.local/lib/python3.8/site-packages/airflow/example_dags/example_xcom.py for tasks to queue
[2023-09-02T04:41:58.491+0000] {logging_mixin.py:151} INFO - [2023-09-02T04:41:58.490+0000] {dagbag.py:539} INFO - Filling up the DagBag from /home/airflow/.local/lib/python3.8/site-packages/airflow/example_dags/example_xcom.py
[2023-09-02T04:41:58.501+0000] {processor.py:839} INFO - DAG(s) dict_keys(['example_xcom']) retrieved from /home/airflow/.local/lib/python3.8/site-packages/airflow/example_dags/example_xcom.py
[2023-09-02T04:41:58.530+0000] {logging_mixin.py:151} INFO - [2023-09-02T04:41:58.530+0000] {dag.py:2907} INFO - Sync 1 DAGs
[2023-09-02T04:41:58.554+0000] {logging_mixin.py:151} INFO - [2023-09-02T04:41:58.554+0000] {dag.py:3677} INFO - Setting next_dagrun for example_xcom to 2021-01-01T00:00:00+00:00, run_after=2021-01-01T00:00:00+00:00
[2023-09-02T04:41:58.576+0000] {processor.py:179} INFO - Processing /home/airflow/.local/lib/python3.8/site-packages/airflow/example_dags/example_xcom.py took 0.093 seconds
[2023-09-02T11:08:27.612+0000] {processor.py:157} INFO - Started process (PID=74045) to work on /home/airflow/.local/lib/python3.8/site-packages/airflow/example_dags/example_xcom.py
[2023-09-02T11:08:27.614+0000] {processor.py:829} INFO - Processing file /home/airflow/.local/lib/python3.8/site-packages/airflow/example_dags/example_xcom.py for tasks to queue
[2023-09-02T11:08:27.615+0000] {logging_mixin.py:151} INFO - [2023-09-02T11:08:27.615+0000] {dagbag.py:539} INFO - Filling up the DagBag from /home/airflow/.local/lib/python3.8/site-packages/airflow/example_dags/example_xcom.py
[2023-09-02T11:08:27.625+0000] {processor.py:839} INFO - DAG(s) dict_keys(['example_xcom']) retrieved from /home/airflow/.local/lib/python3.8/site-packages/airflow/example_dags/example_xcom.py
[2023-09-02T11:08:27.653+0000] {logging_mixin.py:151} INFO - [2023-09-02T11:08:27.653+0000] {dag.py:2907} INFO - Sync 1 DAGs
[2023-09-02T11:08:27.678+0000] {logging_mixin.py:151} INFO - [2023-09-02T11:08:27.677+0000] {dag.py:3677} INFO - Setting next_dagrun for example_xcom to 2021-01-01T00:00:00+00:00, run_after=2021-01-01T00:00:00+00:00
[2023-09-02T11:08:27.699+0000] {processor.py:179} INFO - Processing /home/airflow/.local/lib/python3.8/site-packages/airflow/example_dags/example_xcom.py took 0.092 seconds
[2023-09-02T19:21:17.476+0000] {processor.py:157} INFO - Started process (PID=74100) to work on /home/airflow/.local/lib/python3.8/site-packages/airflow/example_dags/example_xcom.py
[2023-09-02T19:21:17.478+0000] {processor.py:829} INFO - Processing file /home/airflow/.local/lib/python3.8/site-packages/airflow/example_dags/example_xcom.py for tasks to queue
[2023-09-02T19:21:17.480+0000] {logging_mixin.py:151} INFO - [2023-09-02T19:21:17.480+0000] {dagbag.py:539} INFO - Filling up the DagBag from /home/airflow/.local/lib/python3.8/site-packages/airflow/example_dags/example_xcom.py
[2023-09-02T19:21:17.490+0000] {processor.py:839} INFO - DAG(s) dict_keys(['example_xcom']) retrieved from /home/airflow/.local/lib/python3.8/site-packages/airflow/example_dags/example_xcom.py
[2023-09-02T19:21:17.518+0000] {logging_mixin.py:151} INFO - [2023-09-02T19:21:17.518+0000] {dag.py:2907} INFO - Sync 1 DAGs
[2023-09-02T19:21:17.545+0000] {logging_mixin.py:151} INFO - [2023-09-02T19:21:17.545+0000] {dag.py:3677} INFO - Setting next_dagrun for example_xcom to 2021-01-01T00:00:00+00:00, run_after=2021-01-01T00:00:00+00:00
[2023-09-02T19:21:17.570+0000] {processor.py:179} INFO - Processing /home/airflow/.local/lib/python3.8/site-packages/airflow/example_dags/example_xcom.py took 0.098 seconds
