[2023-09-02T03:00:14.706+0000] {processor.py:157} INFO - Started process (PID=73929) to work on /home/airflow/.local/lib/python3.8/site-packages/airflow/example_dags/example_kubernetes_executor.py
[2023-09-02T03:00:14.707+0000] {processor.py:829} INFO - Processing file /home/airflow/.local/lib/python3.8/site-packages/airflow/example_dags/example_kubernetes_executor.py for tasks to queue
[2023-09-02T03:00:14.708+0000] {logging_mixin.py:151} INFO - [2023-09-02T03:00:14.707+0000] {dagbag.py:539} INFO - Filling up the DagBag from /home/airflow/.local/lib/python3.8/site-packages/airflow/example_dags/example_kubernetes_executor.py
[2023-09-02T03:00:15.086+0000] {processor.py:839} INFO - DAG(s) dict_keys(['example_kubernetes_executor']) retrieved from /home/airflow/.local/lib/python3.8/site-packages/airflow/example_dags/example_kubernetes_executor.py
[2023-09-02T03:00:15.129+0000] {logging_mixin.py:151} INFO - [2023-09-02T03:00:15.128+0000] {dag.py:2907} INFO - Sync 1 DAGs
[2023-09-02T03:00:15.142+0000] {logging_mixin.py:151} INFO - [2023-09-02T03:00:15.142+0000] {dag.py:3677} INFO - Setting next_dagrun for example_kubernetes_executor to None, run_after=None
[2023-09-02T03:00:15.160+0000] {processor.py:179} INFO - Processing /home/airflow/.local/lib/python3.8/site-packages/airflow/example_dags/example_kubernetes_executor.py took 0.458 seconds
[2023-09-02T04:41:57.823+0000] {processor.py:157} INFO - Started process (PID=73984) to work on /home/airflow/.local/lib/python3.8/site-packages/airflow/example_dags/example_kubernetes_executor.py
[2023-09-02T04:41:57.824+0000] {processor.py:829} INFO - Processing file /home/airflow/.local/lib/python3.8/site-packages/airflow/example_dags/example_kubernetes_executor.py for tasks to queue
[2023-09-02T04:41:57.826+0000] {logging_mixin.py:151} INFO - [2023-09-02T04:41:57.825+0000] {dagbag.py:539} INFO - Filling up the DagBag from /home/airflow/.local/lib/python3.8/site-packages/airflow/example_dags/example_kubernetes_executor.py
[2023-09-02T04:41:58.265+0000] {processor.py:839} INFO - DAG(s) dict_keys(['example_kubernetes_executor']) retrieved from /home/airflow/.local/lib/python3.8/site-packages/airflow/example_dags/example_kubernetes_executor.py
[2023-09-02T04:41:58.314+0000] {logging_mixin.py:151} INFO - [2023-09-02T04:41:58.314+0000] {dag.py:2907} INFO - Sync 1 DAGs
[2023-09-02T04:41:58.330+0000] {logging_mixin.py:151} INFO - [2023-09-02T04:41:58.330+0000] {dag.py:3677} INFO - Setting next_dagrun for example_kubernetes_executor to None, run_after=None
[2023-09-02T04:41:58.350+0000] {processor.py:179} INFO - Processing /home/airflow/.local/lib/python3.8/site-packages/airflow/example_dags/example_kubernetes_executor.py took 0.533 seconds
[2023-09-02T11:08:26.998+0000] {processor.py:157} INFO - Started process (PID=74039) to work on /home/airflow/.local/lib/python3.8/site-packages/airflow/example_dags/example_kubernetes_executor.py
[2023-09-02T11:08:27.000+0000] {processor.py:829} INFO - Processing file /home/airflow/.local/lib/python3.8/site-packages/airflow/example_dags/example_kubernetes_executor.py for tasks to queue
[2023-09-02T11:08:27.001+0000] {logging_mixin.py:151} INFO - [2023-09-02T11:08:27.001+0000] {dagbag.py:539} INFO - Filling up the DagBag from /home/airflow/.local/lib/python3.8/site-packages/airflow/example_dags/example_kubernetes_executor.py
[2023-09-02T11:08:27.454+0000] {processor.py:839} INFO - DAG(s) dict_keys(['example_kubernetes_executor']) retrieved from /home/airflow/.local/lib/python3.8/site-packages/airflow/example_dags/example_kubernetes_executor.py
[2023-09-02T11:08:27.503+0000] {logging_mixin.py:151} INFO - [2023-09-02T11:08:27.503+0000] {dag.py:2907} INFO - Sync 1 DAGs
[2023-09-02T11:08:27.519+0000] {logging_mixin.py:151} INFO - [2023-09-02T11:08:27.518+0000] {dag.py:3677} INFO - Setting next_dagrun for example_kubernetes_executor to None, run_after=None
[2023-09-02T11:08:27.539+0000] {processor.py:179} INFO - Processing /home/airflow/.local/lib/python3.8/site-packages/airflow/example_dags/example_kubernetes_executor.py took 0.546 seconds
[2023-09-02T19:21:16.888+0000] {processor.py:157} INFO - Started process (PID=74094) to work on /home/airflow/.local/lib/python3.8/site-packages/airflow/example_dags/example_kubernetes_executor.py
[2023-09-02T19:21:16.890+0000] {processor.py:829} INFO - Processing file /home/airflow/.local/lib/python3.8/site-packages/airflow/example_dags/example_kubernetes_executor.py for tasks to queue
[2023-09-02T19:21:16.891+0000] {logging_mixin.py:151} INFO - [2023-09-02T19:21:16.891+0000] {dagbag.py:539} INFO - Filling up the DagBag from /home/airflow/.local/lib/python3.8/site-packages/airflow/example_dags/example_kubernetes_executor.py
[2023-09-02T19:21:17.336+0000] {processor.py:839} INFO - DAG(s) dict_keys(['example_kubernetes_executor']) retrieved from /home/airflow/.local/lib/python3.8/site-packages/airflow/example_dags/example_kubernetes_executor.py
[2023-09-02T19:21:17.385+0000] {logging_mixin.py:151} INFO - [2023-09-02T19:21:17.384+0000] {dag.py:2907} INFO - Sync 1 DAGs
[2023-09-02T19:21:17.400+0000] {logging_mixin.py:151} INFO - [2023-09-02T19:21:17.400+0000] {dag.py:3677} INFO - Setting next_dagrun for example_kubernetes_executor to None, run_after=None
[2023-09-02T19:21:17.422+0000] {processor.py:179} INFO - Processing /home/airflow/.local/lib/python3.8/site-packages/airflow/example_dags/example_kubernetes_executor.py took 0.539 seconds
