[2023-09-02T03:00:15.930+0000] {processor.py:157} INFO - Started process (PID=73947) to work on /home/airflow/.local/lib/python3.8/site-packages/airflow/example_dags/example_dag_decorator.py
[2023-09-02T03:00:15.931+0000] {processor.py:829} INFO - Processing file /home/airflow/.local/lib/python3.8/site-packages/airflow/example_dags/example_dag_decorator.py for tasks to queue
[2023-09-02T03:00:15.933+0000] {logging_mixin.py:151} INFO - [2023-09-02T03:00:15.932+0000] {dagbag.py:539} INFO - Filling up the DagBag from /home/airflow/.local/lib/python3.8/site-packages/airflow/example_dags/example_dag_decorator.py
[2023-09-02T03:00:16.034+0000] {processor.py:839} INFO - DAG(s) dict_keys(['example_dag_decorator']) retrieved from /home/airflow/.local/lib/python3.8/site-packages/airflow/example_dags/example_dag_decorator.py
[2023-09-02T03:00:16.179+0000] {logging_mixin.py:151} INFO - [2023-09-02T03:00:16.179+0000] {dag.py:2907} INFO - Sync 1 DAGs
[2023-09-02T03:00:16.189+0000] {logging_mixin.py:151} INFO - [2023-09-02T03:00:16.189+0000] {dag.py:3677} INFO - Setting next_dagrun for example_dag_decorator to None, run_after=None
[2023-09-02T03:00:16.207+0000] {processor.py:179} INFO - Processing /home/airflow/.local/lib/python3.8/site-packages/airflow/example_dags/example_dag_decorator.py took 0.282 seconds
[2023-09-02T04:41:59.322+0000] {processor.py:157} INFO - Started process (PID=74002) to work on /home/airflow/.local/lib/python3.8/site-packages/airflow/example_dags/example_dag_decorator.py
[2023-09-02T04:41:59.323+0000] {processor.py:829} INFO - Processing file /home/airflow/.local/lib/python3.8/site-packages/airflow/example_dags/example_dag_decorator.py for tasks to queue
[2023-09-02T04:41:59.325+0000] {logging_mixin.py:151} INFO - [2023-09-02T04:41:59.325+0000] {dagbag.py:539} INFO - Filling up the DagBag from /home/airflow/.local/lib/python3.8/site-packages/airflow/example_dags/example_dag_decorator.py
[2023-09-02T04:41:59.435+0000] {processor.py:839} INFO - DAG(s) dict_keys(['example_dag_decorator']) retrieved from /home/airflow/.local/lib/python3.8/site-packages/airflow/example_dags/example_dag_decorator.py
[2023-09-02T04:41:59.581+0000] {logging_mixin.py:151} INFO - [2023-09-02T04:41:59.581+0000] {dag.py:2907} INFO - Sync 1 DAGs
[2023-09-02T04:41:59.595+0000] {logging_mixin.py:151} INFO - [2023-09-02T04:41:59.595+0000] {dag.py:3677} INFO - Setting next_dagrun for example_dag_decorator to None, run_after=None
[2023-09-02T04:41:59.618+0000] {processor.py:179} INFO - Processing /home/airflow/.local/lib/python3.8/site-packages/airflow/example_dags/example_dag_decorator.py took 0.301 seconds
[2023-09-02T11:08:28.344+0000] {processor.py:157} INFO - Started process (PID=74057) to work on /home/airflow/.local/lib/python3.8/site-packages/airflow/example_dags/example_dag_decorator.py
[2023-09-02T11:08:28.346+0000] {processor.py:829} INFO - Processing file /home/airflow/.local/lib/python3.8/site-packages/airflow/example_dags/example_dag_decorator.py for tasks to queue
[2023-09-02T11:08:28.347+0000] {logging_mixin.py:151} INFO - [2023-09-02T11:08:28.347+0000] {dagbag.py:539} INFO - Filling up the DagBag from /home/airflow/.local/lib/python3.8/site-packages/airflow/example_dags/example_dag_decorator.py
[2023-09-02T11:08:28.450+0000] {processor.py:839} INFO - DAG(s) dict_keys(['example_dag_decorator']) retrieved from /home/airflow/.local/lib/python3.8/site-packages/airflow/example_dags/example_dag_decorator.py
[2023-09-02T11:08:28.591+0000] {logging_mixin.py:151} INFO - [2023-09-02T11:08:28.591+0000] {dag.py:2907} INFO - Sync 1 DAGs
[2023-09-02T11:08:28.602+0000] {logging_mixin.py:151} INFO - [2023-09-02T11:08:28.601+0000] {dag.py:3677} INFO - Setting next_dagrun for example_dag_decorator to None, run_after=None
[2023-09-02T11:08:28.651+0000] {processor.py:179} INFO - Processing /home/airflow/.local/lib/python3.8/site-packages/airflow/example_dags/example_dag_decorator.py took 0.312 seconds
[2023-09-02T19:21:18.276+0000] {processor.py:157} INFO - Started process (PID=74112) to work on /home/airflow/.local/lib/python3.8/site-packages/airflow/example_dags/example_dag_decorator.py
[2023-09-02T19:21:18.278+0000] {processor.py:829} INFO - Processing file /home/airflow/.local/lib/python3.8/site-packages/airflow/example_dags/example_dag_decorator.py for tasks to queue
[2023-09-02T19:21:18.279+0000] {logging_mixin.py:151} INFO - [2023-09-02T19:21:18.279+0000] {dagbag.py:539} INFO - Filling up the DagBag from /home/airflow/.local/lib/python3.8/site-packages/airflow/example_dags/example_dag_decorator.py
[2023-09-02T19:21:18.401+0000] {processor.py:839} INFO - DAG(s) dict_keys(['example_dag_decorator']) retrieved from /home/airflow/.local/lib/python3.8/site-packages/airflow/example_dags/example_dag_decorator.py
[2023-09-02T19:21:18.593+0000] {logging_mixin.py:151} INFO - [2023-09-02T19:21:18.593+0000] {dag.py:2907} INFO - Sync 1 DAGs
[2023-09-02T19:21:18.608+0000] {logging_mixin.py:151} INFO - [2023-09-02T19:21:18.608+0000] {dag.py:3677} INFO - Setting next_dagrun for example_dag_decorator to None, run_after=None
[2023-09-02T19:21:18.635+0000] {processor.py:179} INFO - Processing /home/airflow/.local/lib/python3.8/site-packages/airflow/example_dags/example_dag_decorator.py took 0.364 seconds
