[2023-09-02T03:00:15.894+0000] {processor.py:157} INFO - Started process (PID=73946) to work on /home/airflow/.local/lib/python3.8/site-packages/airflow/example_dags/example_datasets.py
[2023-09-02T03:00:15.896+0000] {processor.py:829} INFO - Processing file /home/airflow/.local/lib/python3.8/site-packages/airflow/example_dags/example_datasets.py for tasks to queue
[2023-09-02T03:00:15.897+0000] {logging_mixin.py:151} INFO - [2023-09-02T03:00:15.897+0000] {dagbag.py:539} INFO - Filling up the DagBag from /home/airflow/.local/lib/python3.8/site-packages/airflow/example_dags/example_datasets.py
[2023-09-02T03:00:15.910+0000] {processor.py:839} INFO - DAG(s) dict_keys(['dataset_consumes_1_never_scheduled', 'dataset_produces_2', 'dataset_consumes_1_and_2', 'dataset_consumes_1', 'dataset_consumes_unknown_never_scheduled', 'dataset_produces_1']) retrieved from /home/airflow/.local/lib/python3.8/site-packages/airflow/example_dags/example_datasets.py
[2023-09-02T03:00:15.955+0000] {logging_mixin.py:151} INFO - [2023-09-02T03:00:15.955+0000] {dag.py:2907} INFO - Sync 6 DAGs
[2023-09-02T03:00:15.981+0000] {logging_mixin.py:151} INFO - [2023-09-02T03:00:15.981+0000] {dag.py:3677} INFO - Setting next_dagrun for dataset_consumes_1 to None, run_after=None
[2023-09-02T03:00:15.985+0000] {logging_mixin.py:151} INFO - [2023-09-02T03:00:15.984+0000] {dag.py:3677} INFO - Setting next_dagrun for dataset_consumes_1_and_2 to None, run_after=None
[2023-09-02T03:00:15.986+0000] {logging_mixin.py:151} INFO - [2023-09-02T03:00:15.986+0000] {dag.py:3677} INFO - Setting next_dagrun for dataset_consumes_1_never_scheduled to None, run_after=None
[2023-09-02T03:00:15.988+0000] {logging_mixin.py:151} INFO - [2023-09-02T03:00:15.988+0000] {dag.py:3677} INFO - Setting next_dagrun for dataset_consumes_unknown_never_scheduled to None, run_after=None
[2023-09-02T03:00:15.991+0000] {logging_mixin.py:151} INFO - [2023-09-02T03:00:15.991+0000] {dag.py:3677} INFO - Setting next_dagrun for dataset_produces_1 to 2023-09-01T00:00:00+00:00, run_after=2023-09-02T00:00:00+00:00
[2023-09-02T03:00:15.993+0000] {logging_mixin.py:151} INFO - [2023-09-02T03:00:15.993+0000] {dag.py:3677} INFO - Setting next_dagrun for dataset_produces_2 to None, run_after=None
[2023-09-02T03:00:16.026+0000] {processor.py:179} INFO - Processing /home/airflow/.local/lib/python3.8/site-packages/airflow/example_dags/example_datasets.py took 0.137 seconds
[2023-09-02T04:41:59.227+0000] {processor.py:157} INFO - Started process (PID=74001) to work on /home/airflow/.local/lib/python3.8/site-packages/airflow/example_dags/example_datasets.py
[2023-09-02T04:41:59.228+0000] {processor.py:829} INFO - Processing file /home/airflow/.local/lib/python3.8/site-packages/airflow/example_dags/example_datasets.py for tasks to queue
[2023-09-02T04:41:59.230+0000] {logging_mixin.py:151} INFO - [2023-09-02T04:41:59.229+0000] {dagbag.py:539} INFO - Filling up the DagBag from /home/airflow/.local/lib/python3.8/site-packages/airflow/example_dags/example_datasets.py
[2023-09-02T04:41:59.243+0000] {processor.py:839} INFO - DAG(s) dict_keys(['dataset_consumes_1', 'dataset_consumes_unknown_never_scheduled', 'dataset_produces_1', 'dataset_consumes_1_and_2', 'dataset_produces_2', 'dataset_consumes_1_never_scheduled']) retrieved from /home/airflow/.local/lib/python3.8/site-packages/airflow/example_dags/example_datasets.py
[2023-09-02T04:41:59.288+0000] {logging_mixin.py:151} INFO - [2023-09-02T04:41:59.288+0000] {dag.py:2907} INFO - Sync 6 DAGs
[2023-09-02T04:41:59.315+0000] {logging_mixin.py:151} INFO - [2023-09-02T04:41:59.315+0000] {dag.py:3677} INFO - Setting next_dagrun for dataset_consumes_1 to None, run_after=None
[2023-09-02T04:41:59.320+0000] {logging_mixin.py:151} INFO - [2023-09-02T04:41:59.320+0000] {dag.py:3677} INFO - Setting next_dagrun for dataset_consumes_1_and_2 to None, run_after=None
[2023-09-02T04:41:59.322+0000] {logging_mixin.py:151} INFO - [2023-09-02T04:41:59.322+0000] {dag.py:3677} INFO - Setting next_dagrun for dataset_consumes_1_never_scheduled to None, run_after=None
[2023-09-02T04:41:59.324+0000] {logging_mixin.py:151} INFO - [2023-09-02T04:41:59.323+0000] {dag.py:3677} INFO - Setting next_dagrun for dataset_consumes_unknown_never_scheduled to None, run_after=None
[2023-09-02T04:41:59.328+0000] {logging_mixin.py:151} INFO - [2023-09-02T04:41:59.328+0000] {dag.py:3677} INFO - Setting next_dagrun for dataset_produces_1 to 2023-09-01T00:00:00+00:00, run_after=2023-09-02T00:00:00+00:00
[2023-09-02T04:41:59.330+0000] {logging_mixin.py:151} INFO - [2023-09-02T04:41:59.330+0000] {dag.py:3677} INFO - Setting next_dagrun for dataset_produces_2 to None, run_after=None
[2023-09-02T04:41:59.369+0000] {processor.py:179} INFO - Processing /home/airflow/.local/lib/python3.8/site-packages/airflow/example_dags/example_datasets.py took 0.148 seconds
[2023-09-02T11:08:28.289+0000] {processor.py:157} INFO - Started process (PID=74056) to work on /home/airflow/.local/lib/python3.8/site-packages/airflow/example_dags/example_datasets.py
[2023-09-02T11:08:28.290+0000] {processor.py:829} INFO - Processing file /home/airflow/.local/lib/python3.8/site-packages/airflow/example_dags/example_datasets.py for tasks to queue
[2023-09-02T11:08:28.292+0000] {logging_mixin.py:151} INFO - [2023-09-02T11:08:28.291+0000] {dagbag.py:539} INFO - Filling up the DagBag from /home/airflow/.local/lib/python3.8/site-packages/airflow/example_dags/example_datasets.py
[2023-09-02T11:08:28.304+0000] {processor.py:839} INFO - DAG(s) dict_keys(['dataset_consumes_1_never_scheduled', 'dataset_consumes_unknown_never_scheduled', 'dataset_produces_1', 'dataset_produces_2', 'dataset_consumes_1', 'dataset_consumes_1_and_2']) retrieved from /home/airflow/.local/lib/python3.8/site-packages/airflow/example_dags/example_datasets.py
[2023-09-02T11:08:28.351+0000] {logging_mixin.py:151} INFO - [2023-09-02T11:08:28.351+0000] {dag.py:2907} INFO - Sync 6 DAGs
[2023-09-02T11:08:28.377+0000] {logging_mixin.py:151} INFO - [2023-09-02T11:08:28.376+0000] {dag.py:3677} INFO - Setting next_dagrun for dataset_consumes_1 to None, run_after=None
[2023-09-02T11:08:28.381+0000] {logging_mixin.py:151} INFO - [2023-09-02T11:08:28.380+0000] {dag.py:3677} INFO - Setting next_dagrun for dataset_consumes_1_and_2 to None, run_after=None
[2023-09-02T11:08:28.383+0000] {logging_mixin.py:151} INFO - [2023-09-02T11:08:28.383+0000] {dag.py:3677} INFO - Setting next_dagrun for dataset_consumes_1_never_scheduled to None, run_after=None
[2023-09-02T11:08:28.385+0000] {logging_mixin.py:151} INFO - [2023-09-02T11:08:28.385+0000] {dag.py:3677} INFO - Setting next_dagrun for dataset_consumes_unknown_never_scheduled to None, run_after=None
[2023-09-02T11:08:28.389+0000] {logging_mixin.py:151} INFO - [2023-09-02T11:08:28.388+0000] {dag.py:3677} INFO - Setting next_dagrun for dataset_produces_1 to 2023-09-01T00:00:00+00:00, run_after=2023-09-02T00:00:00+00:00
[2023-09-02T11:08:28.390+0000] {logging_mixin.py:151} INFO - [2023-09-02T11:08:28.390+0000] {dag.py:3677} INFO - Setting next_dagrun for dataset_produces_2 to None, run_after=None
[2023-09-02T11:08:28.424+0000] {processor.py:179} INFO - Processing /home/airflow/.local/lib/python3.8/site-packages/airflow/example_dags/example_datasets.py took 0.140 seconds
[2023-09-02T19:21:18.228+0000] {processor.py:157} INFO - Started process (PID=74111) to work on /home/airflow/.local/lib/python3.8/site-packages/airflow/example_dags/example_datasets.py
[2023-09-02T19:21:18.230+0000] {processor.py:829} INFO - Processing file /home/airflow/.local/lib/python3.8/site-packages/airflow/example_dags/example_datasets.py for tasks to queue
[2023-09-02T19:21:18.231+0000] {logging_mixin.py:151} INFO - [2023-09-02T19:21:18.231+0000] {dagbag.py:539} INFO - Filling up the DagBag from /home/airflow/.local/lib/python3.8/site-packages/airflow/example_dags/example_datasets.py
[2023-09-02T19:21:18.248+0000] {processor.py:839} INFO - DAG(s) dict_keys(['dataset_consumes_unknown_never_scheduled', 'dataset_consumes_1_never_scheduled', 'dataset_consumes_1_and_2', 'dataset_produces_1', 'dataset_produces_2', 'dataset_consumes_1']) retrieved from /home/airflow/.local/lib/python3.8/site-packages/airflow/example_dags/example_datasets.py
[2023-09-02T19:21:18.298+0000] {logging_mixin.py:151} INFO - [2023-09-02T19:21:18.298+0000] {dag.py:2907} INFO - Sync 6 DAGs
[2023-09-02T19:21:18.324+0000] {logging_mixin.py:151} INFO - [2023-09-02T19:21:18.324+0000] {dag.py:3677} INFO - Setting next_dagrun for dataset_consumes_1 to None, run_after=None
[2023-09-02T19:21:18.329+0000] {logging_mixin.py:151} INFO - [2023-09-02T19:21:18.328+0000] {dag.py:3677} INFO - Setting next_dagrun for dataset_consumes_1_and_2 to None, run_after=None
[2023-09-02T19:21:18.331+0000] {logging_mixin.py:151} INFO - [2023-09-02T19:21:18.331+0000] {dag.py:3677} INFO - Setting next_dagrun for dataset_consumes_1_never_scheduled to None, run_after=None
[2023-09-02T19:21:18.333+0000] {logging_mixin.py:151} INFO - [2023-09-02T19:21:18.333+0000] {dag.py:3677} INFO - Setting next_dagrun for dataset_consumes_unknown_never_scheduled to None, run_after=None
[2023-09-02T19:21:18.337+0000] {logging_mixin.py:151} INFO - [2023-09-02T19:21:18.337+0000] {dag.py:3677} INFO - Setting next_dagrun for dataset_produces_1 to 2023-09-01T00:00:00+00:00, run_after=2023-09-02T00:00:00+00:00
[2023-09-02T19:21:18.339+0000] {logging_mixin.py:151} INFO - [2023-09-02T19:21:18.339+0000] {dag.py:3677} INFO - Setting next_dagrun for dataset_produces_2 to None, run_after=None
[2023-09-02T19:21:18.386+0000] {processor.py:179} INFO - Processing /home/airflow/.local/lib/python3.8/site-packages/airflow/example_dags/example_datasets.py took 0.163 seconds
