[2023-09-02T03:00:15.375+0000] {processor.py:157} INFO - Started process (PID=73938) to work on /home/airflow/.local/lib/python3.8/site-packages/airflow/example_dags/example_time_delta_sensor_async.py
[2023-09-02T03:00:15.377+0000] {processor.py:829} INFO - Processing file /home/airflow/.local/lib/python3.8/site-packages/airflow/example_dags/example_time_delta_sensor_async.py for tasks to queue
[2023-09-02T03:00:15.378+0000] {logging_mixin.py:151} INFO - [2023-09-02T03:00:15.377+0000] {dagbag.py:539} INFO - Filling up the DagBag from /home/airflow/.local/lib/python3.8/site-packages/airflow/example_dags/example_time_delta_sensor_async.py
[2023-09-02T03:00:15.384+0000] {processor.py:839} INFO - DAG(s) dict_keys(['example_time_delta_sensor_async']) retrieved from /home/airflow/.local/lib/python3.8/site-packages/airflow/example_dags/example_time_delta_sensor_async.py
[2023-09-02T03:00:15.406+0000] {logging_mixin.py:151} INFO - [2023-09-02T03:00:15.406+0000] {dag.py:2907} INFO - Sync 1 DAGs
[2023-09-02T03:00:15.419+0000] {logging_mixin.py:151} INFO - [2023-09-02T03:00:15.419+0000] {dag.py:3677} INFO - Setting next_dagrun for example_time_delta_sensor_async to None, run_after=None
[2023-09-02T03:00:15.438+0000] {processor.py:179} INFO - Processing /home/airflow/.local/lib/python3.8/site-packages/airflow/example_dags/example_time_delta_sensor_async.py took 0.067 seconds
[2023-09-02T04:41:58.729+0000] {processor.py:157} INFO - Started process (PID=73993) to work on /home/airflow/.local/lib/python3.8/site-packages/airflow/example_dags/example_time_delta_sensor_async.py
[2023-09-02T04:41:58.731+0000] {processor.py:829} INFO - Processing file /home/airflow/.local/lib/python3.8/site-packages/airflow/example_dags/example_time_delta_sensor_async.py for tasks to queue
[2023-09-02T04:41:58.732+0000] {logging_mixin.py:151} INFO - [2023-09-02T04:41:58.732+0000] {dagbag.py:539} INFO - Filling up the DagBag from /home/airflow/.local/lib/python3.8/site-packages/airflow/example_dags/example_time_delta_sensor_async.py
[2023-09-02T04:41:58.739+0000] {processor.py:839} INFO - DAG(s) dict_keys(['example_time_delta_sensor_async']) retrieved from /home/airflow/.local/lib/python3.8/site-packages/airflow/example_dags/example_time_delta_sensor_async.py
[2023-09-02T04:41:58.765+0000] {logging_mixin.py:151} INFO - [2023-09-02T04:41:58.765+0000] {dag.py:2907} INFO - Sync 1 DAGs
[2023-09-02T04:41:58.781+0000] {logging_mixin.py:151} INFO - [2023-09-02T04:41:58.780+0000] {dag.py:3677} INFO - Setting next_dagrun for example_time_delta_sensor_async to None, run_after=None
[2023-09-02T04:41:58.802+0000] {processor.py:179} INFO - Processing /home/airflow/.local/lib/python3.8/site-packages/airflow/example_dags/example_time_delta_sensor_async.py took 0.078 seconds
[2023-09-02T11:08:27.782+0000] {processor.py:157} INFO - Started process (PID=74048) to work on /home/airflow/.local/lib/python3.8/site-packages/airflow/example_dags/example_time_delta_sensor_async.py
[2023-09-02T11:08:27.784+0000] {processor.py:829} INFO - Processing file /home/airflow/.local/lib/python3.8/site-packages/airflow/example_dags/example_time_delta_sensor_async.py for tasks to queue
[2023-09-02T11:08:27.785+0000] {logging_mixin.py:151} INFO - [2023-09-02T11:08:27.785+0000] {dagbag.py:539} INFO - Filling up the DagBag from /home/airflow/.local/lib/python3.8/site-packages/airflow/example_dags/example_time_delta_sensor_async.py
[2023-09-02T11:08:27.791+0000] {processor.py:839} INFO - DAG(s) dict_keys(['example_time_delta_sensor_async']) retrieved from /home/airflow/.local/lib/python3.8/site-packages/airflow/example_dags/example_time_delta_sensor_async.py
[2023-09-02T11:08:27.819+0000] {logging_mixin.py:151} INFO - [2023-09-02T11:08:27.818+0000] {dag.py:2907} INFO - Sync 1 DAGs
[2023-09-02T11:08:27.834+0000] {logging_mixin.py:151} INFO - [2023-09-02T11:08:27.834+0000] {dag.py:3677} INFO - Setting next_dagrun for example_time_delta_sensor_async to None, run_after=None
[2023-09-02T11:08:27.856+0000] {processor.py:179} INFO - Processing /home/airflow/.local/lib/python3.8/site-packages/airflow/example_dags/example_time_delta_sensor_async.py took 0.079 seconds
[2023-09-02T19:21:17.680+0000] {processor.py:157} INFO - Started process (PID=74103) to work on /home/airflow/.local/lib/python3.8/site-packages/airflow/example_dags/example_time_delta_sensor_async.py
[2023-09-02T19:21:17.682+0000] {processor.py:829} INFO - Processing file /home/airflow/.local/lib/python3.8/site-packages/airflow/example_dags/example_time_delta_sensor_async.py for tasks to queue
[2023-09-02T19:21:17.683+0000] {logging_mixin.py:151} INFO - [2023-09-02T19:21:17.683+0000] {dagbag.py:539} INFO - Filling up the DagBag from /home/airflow/.local/lib/python3.8/site-packages/airflow/example_dags/example_time_delta_sensor_async.py
[2023-09-02T19:21:17.690+0000] {processor.py:839} INFO - DAG(s) dict_keys(['example_time_delta_sensor_async']) retrieved from /home/airflow/.local/lib/python3.8/site-packages/airflow/example_dags/example_time_delta_sensor_async.py
[2023-09-02T19:21:17.719+0000] {logging_mixin.py:151} INFO - [2023-09-02T19:21:17.718+0000] {dag.py:2907} INFO - Sync 1 DAGs
[2023-09-02T19:21:17.737+0000] {logging_mixin.py:151} INFO - [2023-09-02T19:21:17.737+0000] {dag.py:3677} INFO - Setting next_dagrun for example_time_delta_sensor_async to None, run_after=None
[2023-09-02T19:21:17.761+0000] {processor.py:179} INFO - Processing /home/airflow/.local/lib/python3.8/site-packages/airflow/example_dags/example_time_delta_sensor_async.py took 0.086 seconds
