[2023-09-02T03:00:16.664+0000] {processor.py:157} INFO - Started process (PID=73953) to work on /home/airflow/.local/lib/python3.8/site-packages/airflow/example_dags/example_trigger_controller_dag.py
[2023-09-02T03:00:16.666+0000] {processor.py:829} INFO - Processing file /home/airflow/.local/lib/python3.8/site-packages/airflow/example_dags/example_trigger_controller_dag.py for tasks to queue
[2023-09-02T03:00:16.669+0000] {logging_mixin.py:151} INFO - [2023-09-02T03:00:16.669+0000] {dagbag.py:539} INFO - Filling up the DagBag from /home/airflow/.local/lib/python3.8/site-packages/airflow/example_dags/example_trigger_controller_dag.py
[2023-09-02T03:00:16.675+0000] {processor.py:839} INFO - DAG(s) dict_keys(['example_trigger_controller_dag']) retrieved from /home/airflow/.local/lib/python3.8/site-packages/airflow/example_dags/example_trigger_controller_dag.py
[2023-09-02T03:00:16.703+0000] {logging_mixin.py:151} INFO - [2023-09-02T03:00:16.703+0000] {dag.py:2907} INFO - Sync 1 DAGs
[2023-09-02T03:00:16.729+0000] {logging_mixin.py:151} INFO - [2023-09-02T03:00:16.729+0000] {dag.py:3677} INFO - Setting next_dagrun for example_trigger_controller_dag to 2021-01-01T00:00:00+00:00, run_after=2021-01-01T00:00:00+00:00
[2023-09-02T03:00:16.752+0000] {processor.py:179} INFO - Processing /home/airflow/.local/lib/python3.8/site-packages/airflow/example_dags/example_trigger_controller_dag.py took 0.093 seconds
[2023-09-02T04:41:59.972+0000] {processor.py:157} INFO - Started process (PID=74008) to work on /home/airflow/.local/lib/python3.8/site-packages/airflow/example_dags/example_trigger_controller_dag.py
[2023-09-02T04:41:59.973+0000] {processor.py:829} INFO - Processing file /home/airflow/.local/lib/python3.8/site-packages/airflow/example_dags/example_trigger_controller_dag.py for tasks to queue
[2023-09-02T04:41:59.975+0000] {logging_mixin.py:151} INFO - [2023-09-02T04:41:59.974+0000] {dagbag.py:539} INFO - Filling up the DagBag from /home/airflow/.local/lib/python3.8/site-packages/airflow/example_dags/example_trigger_controller_dag.py
[2023-09-02T04:41:59.981+0000] {processor.py:839} INFO - DAG(s) dict_keys(['example_trigger_controller_dag']) retrieved from /home/airflow/.local/lib/python3.8/site-packages/airflow/example_dags/example_trigger_controller_dag.py
[2023-09-02T04:42:00.007+0000] {logging_mixin.py:151} INFO - [2023-09-02T04:42:00.006+0000] {dag.py:2907} INFO - Sync 1 DAGs
[2023-09-02T04:42:00.032+0000] {logging_mixin.py:151} INFO - [2023-09-02T04:42:00.032+0000] {dag.py:3677} INFO - Setting next_dagrun for example_trigger_controller_dag to 2021-01-01T00:00:00+00:00, run_after=2021-01-01T00:00:00+00:00
[2023-09-02T04:42:00.053+0000] {processor.py:179} INFO - Processing /home/airflow/.local/lib/python3.8/site-packages/airflow/example_dags/example_trigger_controller_dag.py took 0.085 seconds
[2023-09-02T11:08:29.034+0000] {processor.py:157} INFO - Started process (PID=74063) to work on /home/airflow/.local/lib/python3.8/site-packages/airflow/example_dags/example_trigger_controller_dag.py
[2023-09-02T11:08:29.036+0000] {processor.py:829} INFO - Processing file /home/airflow/.local/lib/python3.8/site-packages/airflow/example_dags/example_trigger_controller_dag.py for tasks to queue
[2023-09-02T11:08:29.037+0000] {logging_mixin.py:151} INFO - [2023-09-02T11:08:29.037+0000] {dagbag.py:539} INFO - Filling up the DagBag from /home/airflow/.local/lib/python3.8/site-packages/airflow/example_dags/example_trigger_controller_dag.py
[2023-09-02T11:08:29.043+0000] {processor.py:839} INFO - DAG(s) dict_keys(['example_trigger_controller_dag']) retrieved from /home/airflow/.local/lib/python3.8/site-packages/airflow/example_dags/example_trigger_controller_dag.py
[2023-09-02T11:08:29.069+0000] {logging_mixin.py:151} INFO - [2023-09-02T11:08:29.068+0000] {dag.py:2907} INFO - Sync 1 DAGs
[2023-09-02T11:08:29.092+0000] {logging_mixin.py:151} INFO - [2023-09-02T11:08:29.092+0000] {dag.py:3677} INFO - Setting next_dagrun for example_trigger_controller_dag to 2021-01-01T00:00:00+00:00, run_after=2021-01-01T00:00:00+00:00
[2023-09-02T11:08:29.114+0000] {processor.py:179} INFO - Processing /home/airflow/.local/lib/python3.8/site-packages/airflow/example_dags/example_trigger_controller_dag.py took 0.084 seconds
[2023-09-02T19:21:19.027+0000] {processor.py:157} INFO - Started process (PID=74118) to work on /home/airflow/.local/lib/python3.8/site-packages/airflow/example_dags/example_trigger_controller_dag.py
[2023-09-02T19:21:19.029+0000] {processor.py:829} INFO - Processing file /home/airflow/.local/lib/python3.8/site-packages/airflow/example_dags/example_trigger_controller_dag.py for tasks to queue
[2023-09-02T19:21:19.031+0000] {logging_mixin.py:151} INFO - [2023-09-02T19:21:19.030+0000] {dagbag.py:539} INFO - Filling up the DagBag from /home/airflow/.local/lib/python3.8/site-packages/airflow/example_dags/example_trigger_controller_dag.py
[2023-09-02T19:21:19.037+0000] {processor.py:839} INFO - DAG(s) dict_keys(['example_trigger_controller_dag']) retrieved from /home/airflow/.local/lib/python3.8/site-packages/airflow/example_dags/example_trigger_controller_dag.py
[2023-09-02T19:21:19.067+0000] {logging_mixin.py:151} INFO - [2023-09-02T19:21:19.067+0000] {dag.py:2907} INFO - Sync 1 DAGs
[2023-09-02T19:21:19.091+0000] {logging_mixin.py:151} INFO - [2023-09-02T19:21:19.091+0000] {dag.py:3677} INFO - Setting next_dagrun for example_trigger_controller_dag to 2021-01-01T00:00:00+00:00, run_after=2021-01-01T00:00:00+00:00
[2023-09-02T19:21:19.114+0000] {processor.py:179} INFO - Processing /home/airflow/.local/lib/python3.8/site-packages/airflow/example_dags/example_trigger_controller_dag.py took 0.092 seconds
