[2023-09-02T03:00:15.674+0000] {processor.py:157} INFO - Started process (PID=73943) to work on /home/airflow/.local/lib/python3.8/site-packages/airflow/example_dags/example_task_group_decorator.py
[2023-09-02T03:00:15.675+0000] {processor.py:829} INFO - Processing file /home/airflow/.local/lib/python3.8/site-packages/airflow/example_dags/example_task_group_decorator.py for tasks to queue
[2023-09-02T03:00:15.676+0000] {logging_mixin.py:151} INFO - [2023-09-02T03:00:15.676+0000] {dagbag.py:539} INFO - Filling up the DagBag from /home/airflow/.local/lib/python3.8/site-packages/airflow/example_dags/example_task_group_decorator.py
[2023-09-02T03:00:15.693+0000] {processor.py:839} INFO - DAG(s) dict_keys(['example_task_group_decorator']) retrieved from /home/airflow/.local/lib/python3.8/site-packages/airflow/example_dags/example_task_group_decorator.py
[2023-09-02T03:00:15.720+0000] {logging_mixin.py:151} INFO - [2023-09-02T03:00:15.720+0000] {dag.py:2907} INFO - Sync 1 DAGs
[2023-09-02T03:00:15.740+0000] {logging_mixin.py:151} INFO - [2023-09-02T03:00:15.740+0000] {dag.py:3677} INFO - Setting next_dagrun for example_task_group_decorator to 2023-09-01T03:00:15.740332+00:00, run_after=2023-09-02T03:00:15.740332+00:00
[2023-09-02T03:00:15.757+0000] {processor.py:179} INFO - Processing /home/airflow/.local/lib/python3.8/site-packages/airflow/example_dags/example_task_group_decorator.py took 0.088 seconds
[2023-09-02T04:41:58.986+0000] {processor.py:157} INFO - Started process (PID=73998) to work on /home/airflow/.local/lib/python3.8/site-packages/airflow/example_dags/example_task_group_decorator.py
[2023-09-02T04:41:58.988+0000] {processor.py:829} INFO - Processing file /home/airflow/.local/lib/python3.8/site-packages/airflow/example_dags/example_task_group_decorator.py for tasks to queue
[2023-09-02T04:41:58.990+0000] {logging_mixin.py:151} INFO - [2023-09-02T04:41:58.989+0000] {dagbag.py:539} INFO - Filling up the DagBag from /home/airflow/.local/lib/python3.8/site-packages/airflow/example_dags/example_task_group_decorator.py
[2023-09-02T04:41:59.009+0000] {processor.py:839} INFO - DAG(s) dict_keys(['example_task_group_decorator']) retrieved from /home/airflow/.local/lib/python3.8/site-packages/airflow/example_dags/example_task_group_decorator.py
[2023-09-02T04:41:59.040+0000] {logging_mixin.py:151} INFO - [2023-09-02T04:41:59.040+0000] {dag.py:2907} INFO - Sync 1 DAGs
[2023-09-02T04:41:59.062+0000] {logging_mixin.py:151} INFO - [2023-09-02T04:41:59.062+0000] {dag.py:3677} INFO - Setting next_dagrun for example_task_group_decorator to 2023-09-01T04:41:59.062249+00:00, run_after=2023-09-02T04:41:59.062249+00:00
[2023-09-02T04:41:59.084+0000] {processor.py:179} INFO - Processing /home/airflow/.local/lib/python3.8/site-packages/airflow/example_dags/example_task_group_decorator.py took 0.102 seconds
[2023-09-02T11:08:28.106+0000] {processor.py:157} INFO - Started process (PID=74053) to work on /home/airflow/.local/lib/python3.8/site-packages/airflow/example_dags/example_task_group_decorator.py
[2023-09-02T11:08:28.108+0000] {processor.py:829} INFO - Processing file /home/airflow/.local/lib/python3.8/site-packages/airflow/example_dags/example_task_group_decorator.py for tasks to queue
[2023-09-02T11:08:28.109+0000] {logging_mixin.py:151} INFO - [2023-09-02T11:08:28.109+0000] {dagbag.py:539} INFO - Filling up the DagBag from /home/airflow/.local/lib/python3.8/site-packages/airflow/example_dags/example_task_group_decorator.py
[2023-09-02T11:08:28.128+0000] {processor.py:839} INFO - DAG(s) dict_keys(['example_task_group_decorator']) retrieved from /home/airflow/.local/lib/python3.8/site-packages/airflow/example_dags/example_task_group_decorator.py
[2023-09-02T11:08:28.161+0000] {logging_mixin.py:151} INFO - [2023-09-02T11:08:28.161+0000] {dag.py:2907} INFO - Sync 1 DAGs
[2023-09-02T11:08:28.186+0000] {logging_mixin.py:151} INFO - [2023-09-02T11:08:28.186+0000] {dag.py:3677} INFO - Setting next_dagrun for example_task_group_decorator to 2023-09-01T11:08:28.186380+00:00, run_after=2023-09-02T11:08:28.186380+00:00
[2023-09-02T11:08:28.208+0000] {processor.py:179} INFO - Processing /home/airflow/.local/lib/python3.8/site-packages/airflow/example_dags/example_task_group_decorator.py took 0.107 seconds
[2023-09-02T19:21:18.016+0000] {processor.py:157} INFO - Started process (PID=74108) to work on /home/airflow/.local/lib/python3.8/site-packages/airflow/example_dags/example_task_group_decorator.py
[2023-09-02T19:21:18.018+0000] {processor.py:829} INFO - Processing file /home/airflow/.local/lib/python3.8/site-packages/airflow/example_dags/example_task_group_decorator.py for tasks to queue
[2023-09-02T19:21:18.019+0000] {logging_mixin.py:151} INFO - [2023-09-02T19:21:18.019+0000] {dagbag.py:539} INFO - Filling up the DagBag from /home/airflow/.local/lib/python3.8/site-packages/airflow/example_dags/example_task_group_decorator.py
[2023-09-02T19:21:18.039+0000] {processor.py:839} INFO - DAG(s) dict_keys(['example_task_group_decorator']) retrieved from /home/airflow/.local/lib/python3.8/site-packages/airflow/example_dags/example_task_group_decorator.py
[2023-09-02T19:21:18.075+0000] {logging_mixin.py:151} INFO - [2023-09-02T19:21:18.074+0000] {dag.py:2907} INFO - Sync 1 DAGs
[2023-09-02T19:21:18.103+0000] {logging_mixin.py:151} INFO - [2023-09-02T19:21:18.102+0000] {dag.py:3677} INFO - Setting next_dagrun for example_task_group_decorator to 2023-09-01T19:21:18.102622+00:00, run_after=2023-09-02T19:21:18.102622+00:00
[2023-09-02T19:21:18.127+0000] {processor.py:179} INFO - Processing /home/airflow/.local/lib/python3.8/site-packages/airflow/example_dags/example_task_group_decorator.py took 0.116 seconds
