[2023-09-02T03:00:16.066+0000] {processor.py:157} INFO - Started process (PID=73948) to work on /home/airflow/.local/lib/python3.8/site-packages/airflow/example_dags/example_params_ui_tutorial.py
[2023-09-02T03:00:16.068+0000] {processor.py:829} INFO - Processing file /home/airflow/.local/lib/python3.8/site-packages/airflow/example_dags/example_params_ui_tutorial.py for tasks to queue
[2023-09-02T03:00:16.069+0000] {logging_mixin.py:151} INFO - [2023-09-02T03:00:16.069+0000] {dagbag.py:539} INFO - Filling up the DagBag from /home/airflow/.local/lib/python3.8/site-packages/airflow/example_dags/example_params_ui_tutorial.py
[2023-09-02T03:00:16.116+0000] {processor.py:839} INFO - DAG(s) dict_keys(['example_params_ui_tutorial']) retrieved from /home/airflow/.local/lib/python3.8/site-packages/airflow/example_dags/example_params_ui_tutorial.py
[2023-09-02T03:00:16.284+0000] {logging_mixin.py:151} INFO - [2023-09-02T03:00:16.284+0000] {dag.py:2907} INFO - Sync 1 DAGs
[2023-09-02T03:00:16.296+0000] {logging_mixin.py:151} INFO - [2023-09-02T03:00:16.296+0000] {dag.py:3677} INFO - Setting next_dagrun for example_params_ui_tutorial to None, run_after=None
[2023-09-02T03:00:16.323+0000] {processor.py:179} INFO - Processing /home/airflow/.local/lib/python3.8/site-packages/airflow/example_dags/example_params_ui_tutorial.py took 0.262 seconds
[2023-09-02T04:41:59.401+0000] {processor.py:157} INFO - Started process (PID=74003) to work on /home/airflow/.local/lib/python3.8/site-packages/airflow/example_dags/example_params_ui_tutorial.py
[2023-09-02T04:41:59.403+0000] {processor.py:829} INFO - Processing file /home/airflow/.local/lib/python3.8/site-packages/airflow/example_dags/example_params_ui_tutorial.py for tasks to queue
[2023-09-02T04:41:59.404+0000] {logging_mixin.py:151} INFO - [2023-09-02T04:41:59.404+0000] {dagbag.py:539} INFO - Filling up the DagBag from /home/airflow/.local/lib/python3.8/site-packages/airflow/example_dags/example_params_ui_tutorial.py
[2023-09-02T04:41:59.454+0000] {processor.py:839} INFO - DAG(s) dict_keys(['example_params_ui_tutorial']) retrieved from /home/airflow/.local/lib/python3.8/site-packages/airflow/example_dags/example_params_ui_tutorial.py
[2023-09-02T04:41:59.519+0000] {logging_mixin.py:151} INFO - [2023-09-02T04:41:59.519+0000] {dag.py:2907} INFO - Sync 1 DAGs
[2023-09-02T04:41:59.531+0000] {logging_mixin.py:151} INFO - [2023-09-02T04:41:59.531+0000] {dag.py:3677} INFO - Setting next_dagrun for example_params_ui_tutorial to None, run_after=None
[2023-09-02T04:41:59.549+0000] {processor.py:179} INFO - Processing /home/airflow/.local/lib/python3.8/site-packages/airflow/example_dags/example_params_ui_tutorial.py took 0.152 seconds
[2023-09-02T11:08:28.455+0000] {processor.py:157} INFO - Started process (PID=74058) to work on /home/airflow/.local/lib/python3.8/site-packages/airflow/example_dags/example_params_ui_tutorial.py
[2023-09-02T11:08:28.457+0000] {processor.py:829} INFO - Processing file /home/airflow/.local/lib/python3.8/site-packages/airflow/example_dags/example_params_ui_tutorial.py for tasks to queue
[2023-09-02T11:08:28.458+0000] {logging_mixin.py:151} INFO - [2023-09-02T11:08:28.458+0000] {dagbag.py:539} INFO - Filling up the DagBag from /home/airflow/.local/lib/python3.8/site-packages/airflow/example_dags/example_params_ui_tutorial.py
[2023-09-02T11:08:28.506+0000] {processor.py:839} INFO - DAG(s) dict_keys(['example_params_ui_tutorial']) retrieved from /home/airflow/.local/lib/python3.8/site-packages/airflow/example_dags/example_params_ui_tutorial.py
[2023-09-02T11:08:28.565+0000] {logging_mixin.py:151} INFO - [2023-09-02T11:08:28.565+0000] {dag.py:2907} INFO - Sync 1 DAGs
[2023-09-02T11:08:28.577+0000] {logging_mixin.py:151} INFO - [2023-09-02T11:08:28.577+0000] {dag.py:3677} INFO - Setting next_dagrun for example_params_ui_tutorial to None, run_after=None
[2023-09-02T11:08:28.595+0000] {processor.py:179} INFO - Processing /home/airflow/.local/lib/python3.8/site-packages/airflow/example_dags/example_params_ui_tutorial.py took 0.145 seconds
[2023-09-02T19:21:18.424+0000] {processor.py:157} INFO - Started process (PID=74113) to work on /home/airflow/.local/lib/python3.8/site-packages/airflow/example_dags/example_params_ui_tutorial.py
[2023-09-02T19:21:18.426+0000] {processor.py:829} INFO - Processing file /home/airflow/.local/lib/python3.8/site-packages/airflow/example_dags/example_params_ui_tutorial.py for tasks to queue
[2023-09-02T19:21:18.427+0000] {logging_mixin.py:151} INFO - [2023-09-02T19:21:18.427+0000] {dagbag.py:539} INFO - Filling up the DagBag from /home/airflow/.local/lib/python3.8/site-packages/airflow/example_dags/example_params_ui_tutorial.py
[2023-09-02T19:21:18.484+0000] {processor.py:839} INFO - DAG(s) dict_keys(['example_params_ui_tutorial']) retrieved from /home/airflow/.local/lib/python3.8/site-packages/airflow/example_dags/example_params_ui_tutorial.py
[2023-09-02T19:21:18.570+0000] {logging_mixin.py:151} INFO - [2023-09-02T19:21:18.570+0000] {dag.py:2907} INFO - Sync 1 DAGs
[2023-09-02T19:21:18.588+0000] {logging_mixin.py:151} INFO - [2023-09-02T19:21:18.588+0000] {dag.py:3677} INFO - Setting next_dagrun for example_params_ui_tutorial to None, run_after=None
[2023-09-02T19:21:18.615+0000] {processor.py:179} INFO - Processing /home/airflow/.local/lib/python3.8/site-packages/airflow/example_dags/example_params_ui_tutorial.py took 0.197 seconds
