[2023-09-02T03:00:13.975+0000] {processor.py:157} INFO - Started process (PID=73919) to work on /home/airflow/.local/lib/python3.8/site-packages/airflow/example_dags/example_branch_operator_decorator.py
[2023-09-02T03:00:13.984+0000] {processor.py:829} INFO - Processing file /home/airflow/.local/lib/python3.8/site-packages/airflow/example_dags/example_branch_operator_decorator.py for tasks to queue
[2023-09-02T03:00:13.989+0000] {logging_mixin.py:151} INFO - [2023-09-02T03:00:13.988+0000] {dagbag.py:539} INFO - Filling up the DagBag from /home/airflow/.local/lib/python3.8/site-packages/airflow/example_dags/example_branch_operator_decorator.py
[2023-09-02T03:00:14.030+0000] {processor.py:839} INFO - DAG(s) dict_keys(['example_branch_python_operator_decorator']) retrieved from /home/airflow/.local/lib/python3.8/site-packages/airflow/example_dags/example_branch_operator_decorator.py
[2023-09-02T03:00:14.070+0000] {logging_mixin.py:151} INFO - [2023-09-02T03:00:14.069+0000] {dag.py:2907} INFO - Sync 1 DAGs
[2023-09-02T03:00:14.114+0000] {logging_mixin.py:151} INFO - [2023-09-02T03:00:14.113+0000] {dag.py:3677} INFO - Setting next_dagrun for example_branch_python_operator_decorator to 2023-09-01T00:00:00+00:00, run_after=2023-09-02T00:00:00+00:00
[2023-09-02T03:00:14.159+0000] {processor.py:179} INFO - Processing /home/airflow/.local/lib/python3.8/site-packages/airflow/example_dags/example_branch_operator_decorator.py took 0.204 seconds
[2023-09-02T04:41:56.956+0000] {processor.py:157} INFO - Started process (PID=73974) to work on /home/airflow/.local/lib/python3.8/site-packages/airflow/example_dags/example_branch_operator_decorator.py
[2023-09-02T04:41:56.958+0000] {processor.py:829} INFO - Processing file /home/airflow/.local/lib/python3.8/site-packages/airflow/example_dags/example_branch_operator_decorator.py for tasks to queue
[2023-09-02T04:41:56.961+0000] {logging_mixin.py:151} INFO - [2023-09-02T04:41:56.960+0000] {dagbag.py:539} INFO - Filling up the DagBag from /home/airflow/.local/lib/python3.8/site-packages/airflow/example_dags/example_branch_operator_decorator.py
[2023-09-02T04:41:56.989+0000] {processor.py:839} INFO - DAG(s) dict_keys(['example_branch_python_operator_decorator']) retrieved from /home/airflow/.local/lib/python3.8/site-packages/airflow/example_dags/example_branch_operator_decorator.py
[2023-09-02T04:41:57.054+0000] {logging_mixin.py:151} INFO - [2023-09-02T04:41:57.053+0000] {dag.py:2907} INFO - Sync 1 DAGs
[2023-09-02T04:41:57.097+0000] {logging_mixin.py:151} INFO - [2023-09-02T04:41:57.097+0000] {dag.py:3677} INFO - Setting next_dagrun for example_branch_python_operator_decorator to 2023-09-01T00:00:00+00:00, run_after=2023-09-02T00:00:00+00:00
[2023-09-02T04:41:57.122+0000] {processor.py:179} INFO - Processing /home/airflow/.local/lib/python3.8/site-packages/airflow/example_dags/example_branch_operator_decorator.py took 0.175 seconds
[2023-09-02T11:08:26.288+0000] {processor.py:157} INFO - Started process (PID=74022) to work on /home/airflow/.local/lib/python3.8/site-packages/airflow/example_dags/example_branch_operator_decorator.py
[2023-09-02T11:08:26.293+0000] {processor.py:829} INFO - Processing file /home/airflow/.local/lib/python3.8/site-packages/airflow/example_dags/example_branch_operator_decorator.py for tasks to queue
[2023-09-02T11:08:26.296+0000] {logging_mixin.py:151} INFO - [2023-09-02T11:08:26.296+0000] {dagbag.py:539} INFO - Filling up the DagBag from /home/airflow/.local/lib/python3.8/site-packages/airflow/example_dags/example_branch_operator_decorator.py
[2023-09-02T11:08:26.315+0000] {processor.py:839} INFO - DAG(s) dict_keys(['example_branch_python_operator_decorator']) retrieved from /home/airflow/.local/lib/python3.8/site-packages/airflow/example_dags/example_branch_operator_decorator.py
[2023-09-02T11:08:26.358+0000] {logging_mixin.py:151} INFO - [2023-09-02T11:08:26.358+0000] {dag.py:2907} INFO - Sync 1 DAGs
[2023-09-02T11:08:26.408+0000] {logging_mixin.py:151} INFO - [2023-09-02T11:08:26.408+0000] {dag.py:3677} INFO - Setting next_dagrun for example_branch_python_operator_decorator to 2023-09-01T00:00:00+00:00, run_after=2023-09-02T00:00:00+00:00
[2023-09-02T11:08:26.438+0000] {processor.py:179} INFO - Processing /home/airflow/.local/lib/python3.8/site-packages/airflow/example_dags/example_branch_operator_decorator.py took 0.172 seconds
[2023-09-02T19:21:16.148+0000] {processor.py:157} INFO - Started process (PID=74083) to work on /home/airflow/.local/lib/python3.8/site-packages/airflow/example_dags/example_branch_operator_decorator.py
[2023-09-02T19:21:16.150+0000] {processor.py:829} INFO - Processing file /home/airflow/.local/lib/python3.8/site-packages/airflow/example_dags/example_branch_operator_decorator.py for tasks to queue
[2023-09-02T19:21:16.151+0000] {logging_mixin.py:151} INFO - [2023-09-02T19:21:16.151+0000] {dagbag.py:539} INFO - Filling up the DagBag from /home/airflow/.local/lib/python3.8/site-packages/airflow/example_dags/example_branch_operator_decorator.py
[2023-09-02T19:21:16.169+0000] {processor.py:839} INFO - DAG(s) dict_keys(['example_branch_python_operator_decorator']) retrieved from /home/airflow/.local/lib/python3.8/site-packages/airflow/example_dags/example_branch_operator_decorator.py
[2023-09-02T19:21:16.213+0000] {logging_mixin.py:151} INFO - [2023-09-02T19:21:16.213+0000] {dag.py:2907} INFO - Sync 1 DAGs
[2023-09-02T19:21:16.250+0000] {logging_mixin.py:151} INFO - [2023-09-02T19:21:16.250+0000] {dag.py:3677} INFO - Setting next_dagrun for example_branch_python_operator_decorator to 2023-09-01T00:00:00+00:00, run_after=2023-09-02T00:00:00+00:00
[2023-09-02T19:21:16.279+0000] {processor.py:179} INFO - Processing /home/airflow/.local/lib/python3.8/site-packages/airflow/example_dags/example_branch_operator_decorator.py took 0.136 seconds
