[2023-09-02T03:00:16.597+0000] {processor.py:157} INFO - Started process (PID=73952) to work on /home/airflow/.local/lib/python3.8/site-packages/airflow/example_dags/example_dynamic_task_mapping_with_no_taskflow_operators.py
[2023-09-02T03:00:16.601+0000] {processor.py:829} INFO - Processing file /home/airflow/.local/lib/python3.8/site-packages/airflow/example_dags/example_dynamic_task_mapping_with_no_taskflow_operators.py for tasks to queue
[2023-09-02T03:00:16.603+0000] {logging_mixin.py:151} INFO - [2023-09-02T03:00:16.603+0000] {dagbag.py:539} INFO - Filling up the DagBag from /home/airflow/.local/lib/python3.8/site-packages/airflow/example_dags/example_dynamic_task_mapping_with_no_taskflow_operators.py
[2023-09-02T03:00:16.612+0000] {processor.py:839} INFO - DAG(s) dict_keys(['example_dynamic_task_mapping_with_no_taskflow_operators']) retrieved from /home/airflow/.local/lib/python3.8/site-packages/airflow/example_dags/example_dynamic_task_mapping_with_no_taskflow_operators.py
[2023-09-02T03:00:16.640+0000] {logging_mixin.py:151} INFO - [2023-09-02T03:00:16.640+0000] {dag.py:2907} INFO - Sync 1 DAGs
[2023-09-02T03:00:16.668+0000] {logging_mixin.py:151} INFO - [2023-09-02T03:00:16.667+0000] {dag.py:3677} INFO - Setting next_dagrun for example_dynamic_task_mapping_with_no_taskflow_operators to 2023-09-01T03:00:16.667392+00:00, run_after=2023-09-02T03:00:16.667392+00:00
[2023-09-02T03:00:16.689+0000] {processor.py:179} INFO - Processing /home/airflow/.local/lib/python3.8/site-packages/airflow/example_dags/example_dynamic_task_mapping_with_no_taskflow_operators.py took 0.097 seconds
[2023-09-02T04:41:59.875+0000] {processor.py:157} INFO - Started process (PID=74007) to work on /home/airflow/.local/lib/python3.8/site-packages/airflow/example_dags/example_dynamic_task_mapping_with_no_taskflow_operators.py
[2023-09-02T04:41:59.876+0000] {processor.py:829} INFO - Processing file /home/airflow/.local/lib/python3.8/site-packages/airflow/example_dags/example_dynamic_task_mapping_with_no_taskflow_operators.py for tasks to queue
[2023-09-02T04:41:59.878+0000] {logging_mixin.py:151} INFO - [2023-09-02T04:41:59.877+0000] {dagbag.py:539} INFO - Filling up the DagBag from /home/airflow/.local/lib/python3.8/site-packages/airflow/example_dags/example_dynamic_task_mapping_with_no_taskflow_operators.py
[2023-09-02T04:41:59.886+0000] {processor.py:839} INFO - DAG(s) dict_keys(['example_dynamic_task_mapping_with_no_taskflow_operators']) retrieved from /home/airflow/.local/lib/python3.8/site-packages/airflow/example_dags/example_dynamic_task_mapping_with_no_taskflow_operators.py
[2023-09-02T04:41:59.912+0000] {logging_mixin.py:151} INFO - [2023-09-02T04:41:59.911+0000] {dag.py:2907} INFO - Sync 1 DAGs
[2023-09-02T04:41:59.936+0000] {logging_mixin.py:151} INFO - [2023-09-02T04:41:59.936+0000] {dag.py:3677} INFO - Setting next_dagrun for example_dynamic_task_mapping_with_no_taskflow_operators to 2023-09-01T04:41:59.935755+00:00, run_after=2023-09-02T04:41:59.935755+00:00
[2023-09-02T04:41:59.956+0000] {processor.py:179} INFO - Processing /home/airflow/.local/lib/python3.8/site-packages/airflow/example_dags/example_dynamic_task_mapping_with_no_taskflow_operators.py took 0.087 seconds
[2023-09-02T11:08:28.923+0000] {processor.py:157} INFO - Started process (PID=74062) to work on /home/airflow/.local/lib/python3.8/site-packages/airflow/example_dags/example_dynamic_task_mapping_with_no_taskflow_operators.py
[2023-09-02T11:08:28.925+0000] {processor.py:829} INFO - Processing file /home/airflow/.local/lib/python3.8/site-packages/airflow/example_dags/example_dynamic_task_mapping_with_no_taskflow_operators.py for tasks to queue
[2023-09-02T11:08:28.926+0000] {logging_mixin.py:151} INFO - [2023-09-02T11:08:28.926+0000] {dagbag.py:539} INFO - Filling up the DagBag from /home/airflow/.local/lib/python3.8/site-packages/airflow/example_dags/example_dynamic_task_mapping_with_no_taskflow_operators.py
[2023-09-02T11:08:28.934+0000] {processor.py:839} INFO - DAG(s) dict_keys(['example_dynamic_task_mapping_with_no_taskflow_operators']) retrieved from /home/airflow/.local/lib/python3.8/site-packages/airflow/example_dags/example_dynamic_task_mapping_with_no_taskflow_operators.py
[2023-09-02T11:08:28.961+0000] {logging_mixin.py:151} INFO - [2023-09-02T11:08:28.961+0000] {dag.py:2907} INFO - Sync 1 DAGs
[2023-09-02T11:08:28.986+0000] {logging_mixin.py:151} INFO - [2023-09-02T11:08:28.986+0000] {dag.py:3677} INFO - Setting next_dagrun for example_dynamic_task_mapping_with_no_taskflow_operators to 2023-09-01T11:08:28.985867+00:00, run_after=2023-09-02T11:08:28.985867+00:00
[2023-09-02T11:08:29.007+0000] {processor.py:179} INFO - Processing /home/airflow/.local/lib/python3.8/site-packages/airflow/example_dags/example_dynamic_task_mapping_with_no_taskflow_operators.py took 0.088 seconds
[2023-09-02T19:21:18.911+0000] {processor.py:157} INFO - Started process (PID=74117) to work on /home/airflow/.local/lib/python3.8/site-packages/airflow/example_dags/example_dynamic_task_mapping_with_no_taskflow_operators.py
[2023-09-02T19:21:18.913+0000] {processor.py:829} INFO - Processing file /home/airflow/.local/lib/python3.8/site-packages/airflow/example_dags/example_dynamic_task_mapping_with_no_taskflow_operators.py for tasks to queue
[2023-09-02T19:21:18.914+0000] {logging_mixin.py:151} INFO - [2023-09-02T19:21:18.913+0000] {dagbag.py:539} INFO - Filling up the DagBag from /home/airflow/.local/lib/python3.8/site-packages/airflow/example_dags/example_dynamic_task_mapping_with_no_taskflow_operators.py
[2023-09-02T19:21:18.922+0000] {processor.py:839} INFO - DAG(s) dict_keys(['example_dynamic_task_mapping_with_no_taskflow_operators']) retrieved from /home/airflow/.local/lib/python3.8/site-packages/airflow/example_dags/example_dynamic_task_mapping_with_no_taskflow_operators.py
[2023-09-02T19:21:18.948+0000] {logging_mixin.py:151} INFO - [2023-09-02T19:21:18.948+0000] {dag.py:2907} INFO - Sync 1 DAGs
[2023-09-02T19:21:18.973+0000] {logging_mixin.py:151} INFO - [2023-09-02T19:21:18.973+0000] {dag.py:3677} INFO - Setting next_dagrun for example_dynamic_task_mapping_with_no_taskflow_operators to 2023-09-01T19:21:18.972829+00:00, run_after=2023-09-02T19:21:18.972829+00:00
[2023-09-02T19:21:18.994+0000] {processor.py:179} INFO - Processing /home/airflow/.local/lib/python3.8/site-packages/airflow/example_dags/example_dynamic_task_mapping_with_no_taskflow_operators.py took 0.088 seconds
