[2023-09-02T03:00:14.563+0000] {processor.py:157} INFO - Started process (PID=73926) to work on /home/airflow/.local/lib/python3.8/site-packages/airflow/example_dags/example_nested_branch_dag.py
[2023-09-02T03:00:14.564+0000] {processor.py:829} INFO - Processing file /home/airflow/.local/lib/python3.8/site-packages/airflow/example_dags/example_nested_branch_dag.py for tasks to queue
[2023-09-02T03:00:14.565+0000] {logging_mixin.py:151} INFO - [2023-09-02T03:00:14.565+0000] {dagbag.py:539} INFO - Filling up the DagBag from /home/airflow/.local/lib/python3.8/site-packages/airflow/example_dags/example_nested_branch_dag.py
[2023-09-02T03:00:14.579+0000] {processor.py:839} INFO - DAG(s) dict_keys(['example_nested_branch_dag']) retrieved from /home/airflow/.local/lib/python3.8/site-packages/airflow/example_dags/example_nested_branch_dag.py
[2023-09-02T03:00:14.603+0000] {logging_mixin.py:151} INFO - [2023-09-02T03:00:14.602+0000] {dag.py:2907} INFO - Sync 1 DAGs
[2023-09-02T03:00:14.626+0000] {logging_mixin.py:151} INFO - [2023-09-02T03:00:14.626+0000] {dag.py:3677} INFO - Setting next_dagrun for example_nested_branch_dag to 2023-09-01T00:00:00+00:00, run_after=2023-09-02T00:00:00+00:00
[2023-09-02T03:00:14.646+0000] {processor.py:179} INFO - Processing /home/airflow/.local/lib/python3.8/site-packages/airflow/example_dags/example_nested_branch_dag.py took 0.087 seconds
[2023-09-02T04:41:57.603+0000] {processor.py:157} INFO - Started process (PID=73981) to work on /home/airflow/.local/lib/python3.8/site-packages/airflow/example_dags/example_nested_branch_dag.py
[2023-09-02T04:41:57.605+0000] {processor.py:829} INFO - Processing file /home/airflow/.local/lib/python3.8/site-packages/airflow/example_dags/example_nested_branch_dag.py for tasks to queue
[2023-09-02T04:41:57.606+0000] {logging_mixin.py:151} INFO - [2023-09-02T04:41:57.606+0000] {dagbag.py:539} INFO - Filling up the DagBag from /home/airflow/.local/lib/python3.8/site-packages/airflow/example_dags/example_nested_branch_dag.py
[2023-09-02T04:41:57.621+0000] {processor.py:839} INFO - DAG(s) dict_keys(['example_nested_branch_dag']) retrieved from /home/airflow/.local/lib/python3.8/site-packages/airflow/example_dags/example_nested_branch_dag.py
[2023-09-02T04:41:57.652+0000] {logging_mixin.py:151} INFO - [2023-09-02T04:41:57.651+0000] {dag.py:2907} INFO - Sync 1 DAGs
[2023-09-02T04:41:57.677+0000] {logging_mixin.py:151} INFO - [2023-09-02T04:41:57.677+0000] {dag.py:3677} INFO - Setting next_dagrun for example_nested_branch_dag to 2023-09-01T00:00:00+00:00, run_after=2023-09-02T00:00:00+00:00
[2023-09-02T04:41:57.722+0000] {processor.py:179} INFO - Processing /home/airflow/.local/lib/python3.8/site-packages/airflow/example_dags/example_nested_branch_dag.py took 0.124 seconds
[2023-09-02T11:08:26.841+0000] {processor.py:157} INFO - Started process (PID=74036) to work on /home/airflow/.local/lib/python3.8/site-packages/airflow/example_dags/example_nested_branch_dag.py
[2023-09-02T11:08:26.843+0000] {processor.py:829} INFO - Processing file /home/airflow/.local/lib/python3.8/site-packages/airflow/example_dags/example_nested_branch_dag.py for tasks to queue
[2023-09-02T11:08:26.844+0000] {logging_mixin.py:151} INFO - [2023-09-02T11:08:26.844+0000] {dagbag.py:539} INFO - Filling up the DagBag from /home/airflow/.local/lib/python3.8/site-packages/airflow/example_dags/example_nested_branch_dag.py
[2023-09-02T11:08:26.860+0000] {processor.py:839} INFO - DAG(s) dict_keys(['example_nested_branch_dag']) retrieved from /home/airflow/.local/lib/python3.8/site-packages/airflow/example_dags/example_nested_branch_dag.py
[2023-09-02T11:08:26.888+0000] {logging_mixin.py:151} INFO - [2023-09-02T11:08:26.888+0000] {dag.py:2907} INFO - Sync 1 DAGs
[2023-09-02T11:08:26.913+0000] {logging_mixin.py:151} INFO - [2023-09-02T11:08:26.913+0000] {dag.py:3677} INFO - Setting next_dagrun for example_nested_branch_dag to 2023-09-01T00:00:00+00:00, run_after=2023-09-02T00:00:00+00:00
[2023-09-02T11:08:26.934+0000] {processor.py:179} INFO - Processing /home/airflow/.local/lib/python3.8/site-packages/airflow/example_dags/example_nested_branch_dag.py took 0.098 seconds
[2023-09-02T19:21:16.700+0000] {processor.py:157} INFO - Started process (PID=74091) to work on /home/airflow/.local/lib/python3.8/site-packages/airflow/example_dags/example_nested_branch_dag.py
[2023-09-02T19:21:16.702+0000] {processor.py:829} INFO - Processing file /home/airflow/.local/lib/python3.8/site-packages/airflow/example_dags/example_nested_branch_dag.py for tasks to queue
[2023-09-02T19:21:16.703+0000] {logging_mixin.py:151} INFO - [2023-09-02T19:21:16.703+0000] {dagbag.py:539} INFO - Filling up the DagBag from /home/airflow/.local/lib/python3.8/site-packages/airflow/example_dags/example_nested_branch_dag.py
[2023-09-02T19:21:16.718+0000] {processor.py:839} INFO - DAG(s) dict_keys(['example_nested_branch_dag']) retrieved from /home/airflow/.local/lib/python3.8/site-packages/airflow/example_dags/example_nested_branch_dag.py
[2023-09-02T19:21:16.749+0000] {logging_mixin.py:151} INFO - [2023-09-02T19:21:16.748+0000] {dag.py:2907} INFO - Sync 1 DAGs
[2023-09-02T19:21:16.777+0000] {logging_mixin.py:151} INFO - [2023-09-02T19:21:16.776+0000] {dag.py:3677} INFO - Setting next_dagrun for example_nested_branch_dag to 2023-09-01T00:00:00+00:00, run_after=2023-09-02T00:00:00+00:00
[2023-09-02T19:21:16.801+0000] {processor.py:179} INFO - Processing /home/airflow/.local/lib/python3.8/site-packages/airflow/example_dags/example_nested_branch_dag.py took 0.106 seconds
