[2023-09-02T03:00:13.378+0000] {processor.py:157} INFO - Started process (PID=73909) to work on /home/airflow/.local/lib/python3.8/site-packages/airflow/example_dags/example_setup_teardown.py
[2023-09-02T03:00:13.381+0000] {processor.py:829} INFO - Processing file /home/airflow/.local/lib/python3.8/site-packages/airflow/example_dags/example_setup_teardown.py for tasks to queue
[2023-09-02T03:00:13.390+0000] {logging_mixin.py:151} INFO - [2023-09-02T03:00:13.389+0000] {dagbag.py:539} INFO - Filling up the DagBag from /home/airflow/.local/lib/python3.8/site-packages/airflow/example_dags/example_setup_teardown.py
[2023-09-02T03:00:13.415+0000] {processor.py:839} INFO - DAG(s) dict_keys(['example_setup_teardown']) retrieved from /home/airflow/.local/lib/python3.8/site-packages/airflow/example_dags/example_setup_teardown.py
[2023-09-02T03:00:13.508+0000] {logging_mixin.py:151} INFO - [2023-09-02T03:00:13.508+0000] {dag.py:2907} INFO - Sync 1 DAGs
[2023-09-02T03:00:13.553+0000] {logging_mixin.py:151} INFO - [2023-09-02T03:00:13.553+0000] {dag.py:3677} INFO - Setting next_dagrun for example_setup_teardown to 2023-09-01T03:00:13.552797+00:00, run_after=2023-09-02T03:00:13.552797+00:00
[2023-09-02T03:00:13.611+0000] {processor.py:179} INFO - Processing /home/airflow/.local/lib/python3.8/site-packages/airflow/example_dags/example_setup_teardown.py took 0.240 seconds
[2023-09-02T04:41:56.452+0000] {processor.py:157} INFO - Started process (PID=73963) to work on /home/airflow/.local/lib/python3.8/site-packages/airflow/example_dags/example_setup_teardown.py
[2023-09-02T04:41:56.455+0000] {processor.py:829} INFO - Processing file /home/airflow/.local/lib/python3.8/site-packages/airflow/example_dags/example_setup_teardown.py for tasks to queue
[2023-09-02T04:41:56.458+0000] {logging_mixin.py:151} INFO - [2023-09-02T04:41:56.457+0000] {dagbag.py:539} INFO - Filling up the DagBag from /home/airflow/.local/lib/python3.8/site-packages/airflow/example_dags/example_setup_teardown.py
[2023-09-02T04:41:56.475+0000] {processor.py:839} INFO - DAG(s) dict_keys(['example_setup_teardown']) retrieved from /home/airflow/.local/lib/python3.8/site-packages/airflow/example_dags/example_setup_teardown.py
[2023-09-02T04:41:56.527+0000] {logging_mixin.py:151} INFO - [2023-09-02T04:41:56.527+0000] {dag.py:2907} INFO - Sync 1 DAGs
[2023-09-02T04:41:56.568+0000] {logging_mixin.py:151} INFO - [2023-09-02T04:41:56.568+0000] {dag.py:3677} INFO - Setting next_dagrun for example_setup_teardown to 2023-09-01T04:41:56.567132+00:00, run_after=2023-09-02T04:41:56.567132+00:00
[2023-09-02T04:41:56.595+0000] {processor.py:179} INFO - Processing /home/airflow/.local/lib/python3.8/site-packages/airflow/example_dags/example_setup_teardown.py took 0.152 seconds
[2023-09-02T11:08:25.676+0000] {processor.py:157} INFO - Started process (PID=74018) to work on /home/airflow/.local/lib/python3.8/site-packages/airflow/example_dags/example_setup_teardown.py
[2023-09-02T11:08:25.685+0000] {processor.py:829} INFO - Processing file /home/airflow/.local/lib/python3.8/site-packages/airflow/example_dags/example_setup_teardown.py for tasks to queue
[2023-09-02T11:08:25.693+0000] {logging_mixin.py:151} INFO - [2023-09-02T11:08:25.692+0000] {dagbag.py:539} INFO - Filling up the DagBag from /home/airflow/.local/lib/python3.8/site-packages/airflow/example_dags/example_setup_teardown.py
[2023-09-02T11:08:25.745+0000] {processor.py:839} INFO - DAG(s) dict_keys(['example_setup_teardown']) retrieved from /home/airflow/.local/lib/python3.8/site-packages/airflow/example_dags/example_setup_teardown.py
[2023-09-02T11:08:25.827+0000] {logging_mixin.py:151} INFO - [2023-09-02T11:08:25.827+0000] {dag.py:2907} INFO - Sync 1 DAGs
[2023-09-02T11:08:25.894+0000] {logging_mixin.py:151} INFO - [2023-09-02T11:08:25.893+0000] {dag.py:3677} INFO - Setting next_dagrun for example_setup_teardown to 2023-09-01T11:08:25.893142+00:00, run_after=2023-09-02T11:08:25.893142+00:00
[2023-09-02T11:08:25.940+0000] {processor.py:179} INFO - Processing /home/airflow/.local/lib/python3.8/site-packages/airflow/example_dags/example_setup_teardown.py took 0.295 seconds
[2023-09-02T19:21:15.460+0000] {processor.py:157} INFO - Started process (PID=74073) to work on /home/airflow/.local/lib/python3.8/site-packages/airflow/example_dags/example_setup_teardown.py
[2023-09-02T19:21:15.468+0000] {processor.py:829} INFO - Processing file /home/airflow/.local/lib/python3.8/site-packages/airflow/example_dags/example_setup_teardown.py for tasks to queue
[2023-09-02T19:21:15.472+0000] {logging_mixin.py:151} INFO - [2023-09-02T19:21:15.471+0000] {dagbag.py:539} INFO - Filling up the DagBag from /home/airflow/.local/lib/python3.8/site-packages/airflow/example_dags/example_setup_teardown.py
[2023-09-02T19:21:15.525+0000] {processor.py:839} INFO - DAG(s) dict_keys(['example_setup_teardown']) retrieved from /home/airflow/.local/lib/python3.8/site-packages/airflow/example_dags/example_setup_teardown.py
[2023-09-02T19:21:15.639+0000] {logging_mixin.py:151} INFO - [2023-09-02T19:21:15.639+0000] {dag.py:2907} INFO - Sync 1 DAGs
[2023-09-02T19:21:15.715+0000] {logging_mixin.py:151} INFO - [2023-09-02T19:21:15.714+0000] {dag.py:3677} INFO - Setting next_dagrun for example_setup_teardown to 2023-09-01T19:21:15.713582+00:00, run_after=2023-09-02T19:21:15.713582+00:00
[2023-09-02T19:21:15.797+0000] {processor.py:179} INFO - Processing /home/airflow/.local/lib/python3.8/site-packages/airflow/example_dags/example_setup_teardown.py took 0.364 seconds
