[2023-09-02T03:00:15.456+0000] {processor.py:157} INFO - Started process (PID=73939) to work on /home/airflow/.local/lib/python3.8/site-packages/airflow/example_dags/example_short_circuit_decorator.py
[2023-09-02T03:00:15.457+0000] {processor.py:829} INFO - Processing file /home/airflow/.local/lib/python3.8/site-packages/airflow/example_dags/example_short_circuit_decorator.py for tasks to queue
[2023-09-02T03:00:15.459+0000] {logging_mixin.py:151} INFO - [2023-09-02T03:00:15.458+0000] {dagbag.py:539} INFO - Filling up the DagBag from /home/airflow/.local/lib/python3.8/site-packages/airflow/example_dags/example_short_circuit_decorator.py
[2023-09-02T03:00:15.469+0000] {processor.py:839} INFO - DAG(s) dict_keys(['example_short_circuit_decorator']) retrieved from /home/airflow/.local/lib/python3.8/site-packages/airflow/example_dags/example_short_circuit_decorator.py
[2023-09-02T03:00:15.497+0000] {logging_mixin.py:151} INFO - [2023-09-02T03:00:15.497+0000] {dag.py:2907} INFO - Sync 1 DAGs
[2023-09-02T03:00:15.518+0000] {logging_mixin.py:151} INFO - [2023-09-02T03:00:15.518+0000] {dag.py:3677} INFO - Setting next_dagrun for example_short_circuit_decorator to 2023-09-01T03:00:15.518248+00:00, run_after=2023-09-02T03:00:15.518248+00:00
[2023-09-02T03:00:15.536+0000] {processor.py:179} INFO - Processing /home/airflow/.local/lib/python3.8/site-packages/airflow/example_dags/example_short_circuit_decorator.py took 0.083 seconds
[2023-09-02T04:41:58.738+0000] {processor.py:157} INFO - Started process (PID=73994) to work on /home/airflow/.local/lib/python3.8/site-packages/airflow/example_dags/example_short_circuit_decorator.py
[2023-09-02T04:41:58.739+0000] {processor.py:829} INFO - Processing file /home/airflow/.local/lib/python3.8/site-packages/airflow/example_dags/example_short_circuit_decorator.py for tasks to queue
[2023-09-02T04:41:58.741+0000] {logging_mixin.py:151} INFO - [2023-09-02T04:41:58.740+0000] {dagbag.py:539} INFO - Filling up the DagBag from /home/airflow/.local/lib/python3.8/site-packages/airflow/example_dags/example_short_circuit_decorator.py
[2023-09-02T04:41:58.754+0000] {processor.py:839} INFO - DAG(s) dict_keys(['example_short_circuit_decorator']) retrieved from /home/airflow/.local/lib/python3.8/site-packages/airflow/example_dags/example_short_circuit_decorator.py
[2023-09-02T04:41:58.784+0000] {logging_mixin.py:151} INFO - [2023-09-02T04:41:58.784+0000] {dag.py:2907} INFO - Sync 1 DAGs
[2023-09-02T04:41:58.808+0000] {logging_mixin.py:151} INFO - [2023-09-02T04:41:58.808+0000] {dag.py:3677} INFO - Setting next_dagrun for example_short_circuit_decorator to 2023-09-01T04:41:58.808388+00:00, run_after=2023-09-02T04:41:58.808388+00:00
[2023-09-02T04:41:58.831+0000] {processor.py:179} INFO - Processing /home/airflow/.local/lib/python3.8/site-packages/airflow/example_dags/example_short_circuit_decorator.py took 0.098 seconds
[2023-09-02T11:08:27.868+0000] {processor.py:157} INFO - Started process (PID=74049) to work on /home/airflow/.local/lib/python3.8/site-packages/airflow/example_dags/example_short_circuit_decorator.py
[2023-09-02T11:08:27.869+0000] {processor.py:829} INFO - Processing file /home/airflow/.local/lib/python3.8/site-packages/airflow/example_dags/example_short_circuit_decorator.py for tasks to queue
[2023-09-02T11:08:27.870+0000] {logging_mixin.py:151} INFO - [2023-09-02T11:08:27.870+0000] {dagbag.py:539} INFO - Filling up the DagBag from /home/airflow/.local/lib/python3.8/site-packages/airflow/example_dags/example_short_circuit_decorator.py
[2023-09-02T11:08:27.883+0000] {processor.py:839} INFO - DAG(s) dict_keys(['example_short_circuit_decorator']) retrieved from /home/airflow/.local/lib/python3.8/site-packages/airflow/example_dags/example_short_circuit_decorator.py
[2023-09-02T11:08:27.912+0000] {logging_mixin.py:151} INFO - [2023-09-02T11:08:27.912+0000] {dag.py:2907} INFO - Sync 1 DAGs
[2023-09-02T11:08:27.936+0000] {logging_mixin.py:151} INFO - [2023-09-02T11:08:27.936+0000] {dag.py:3677} INFO - Setting next_dagrun for example_short_circuit_decorator to 2023-09-01T11:08:27.935969+00:00, run_after=2023-09-02T11:08:27.935969+00:00
[2023-09-02T11:08:27.958+0000] {processor.py:179} INFO - Processing /home/airflow/.local/lib/python3.8/site-packages/airflow/example_dags/example_short_circuit_decorator.py took 0.095 seconds
[2023-09-02T19:21:17.757+0000] {processor.py:157} INFO - Started process (PID=74104) to work on /home/airflow/.local/lib/python3.8/site-packages/airflow/example_dags/example_short_circuit_decorator.py
[2023-09-02T19:21:17.759+0000] {processor.py:829} INFO - Processing file /home/airflow/.local/lib/python3.8/site-packages/airflow/example_dags/example_short_circuit_decorator.py for tasks to queue
[2023-09-02T19:21:17.760+0000] {logging_mixin.py:151} INFO - [2023-09-02T19:21:17.760+0000] {dagbag.py:539} INFO - Filling up the DagBag from /home/airflow/.local/lib/python3.8/site-packages/airflow/example_dags/example_short_circuit_decorator.py
[2023-09-02T19:21:17.774+0000] {processor.py:839} INFO - DAG(s) dict_keys(['example_short_circuit_decorator']) retrieved from /home/airflow/.local/lib/python3.8/site-packages/airflow/example_dags/example_short_circuit_decorator.py
[2023-09-02T19:21:17.807+0000] {logging_mixin.py:151} INFO - [2023-09-02T19:21:17.807+0000] {dag.py:2907} INFO - Sync 1 DAGs
[2023-09-02T19:21:17.832+0000] {logging_mixin.py:151} INFO - [2023-09-02T19:21:17.832+0000] {dag.py:3677} INFO - Setting next_dagrun for example_short_circuit_decorator to 2023-09-01T19:21:17.832450+00:00, run_after=2023-09-02T19:21:17.832450+00:00
[2023-09-02T19:21:17.856+0000] {processor.py:179} INFO - Processing /home/airflow/.local/lib/python3.8/site-packages/airflow/example_dags/example_short_circuit_decorator.py took 0.103 seconds
