[2023-09-02T03:00:15.563+0000] {processor.py:157} INFO - Started process (PID=73941) to work on /home/airflow/.local/lib/python3.8/site-packages/airflow/example_dags/example_setup_teardown_taskflow.py
[2023-09-02T03:00:15.564+0000] {processor.py:829} INFO - Processing file /home/airflow/.local/lib/python3.8/site-packages/airflow/example_dags/example_setup_teardown_taskflow.py for tasks to queue
[2023-09-02T03:00:15.565+0000] {logging_mixin.py:151} INFO - [2023-09-02T03:00:15.565+0000] {dagbag.py:539} INFO - Filling up the DagBag from /home/airflow/.local/lib/python3.8/site-packages/airflow/example_dags/example_setup_teardown_taskflow.py
[2023-09-02T03:00:15.576+0000] {processor.py:839} INFO - DAG(s) dict_keys(['example_setup_teardown_taskflow']) retrieved from /home/airflow/.local/lib/python3.8/site-packages/airflow/example_dags/example_setup_teardown_taskflow.py
[2023-09-02T03:00:15.600+0000] {logging_mixin.py:151} INFO - [2023-09-02T03:00:15.600+0000] {dag.py:2907} INFO - Sync 1 DAGs
[2023-09-02T03:00:15.621+0000] {logging_mixin.py:151} INFO - [2023-09-02T03:00:15.621+0000] {dag.py:3677} INFO - Setting next_dagrun for example_setup_teardown_taskflow to 2023-09-01T03:00:15.620782+00:00, run_after=2023-09-02T03:00:15.620782+00:00
[2023-09-02T03:00:15.639+0000] {processor.py:179} INFO - Processing /home/airflow/.local/lib/python3.8/site-packages/airflow/example_dags/example_setup_teardown_taskflow.py took 0.080 seconds
[2023-09-02T04:41:58.863+0000] {processor.py:157} INFO - Started process (PID=73996) to work on /home/airflow/.local/lib/python3.8/site-packages/airflow/example_dags/example_setup_teardown_taskflow.py
[2023-09-02T04:41:58.865+0000] {processor.py:829} INFO - Processing file /home/airflow/.local/lib/python3.8/site-packages/airflow/example_dags/example_setup_teardown_taskflow.py for tasks to queue
[2023-09-02T04:41:58.866+0000] {logging_mixin.py:151} INFO - [2023-09-02T04:41:58.866+0000] {dagbag.py:539} INFO - Filling up the DagBag from /home/airflow/.local/lib/python3.8/site-packages/airflow/example_dags/example_setup_teardown_taskflow.py
[2023-09-02T04:41:58.879+0000] {processor.py:839} INFO - DAG(s) dict_keys(['example_setup_teardown_taskflow']) retrieved from /home/airflow/.local/lib/python3.8/site-packages/airflow/example_dags/example_setup_teardown_taskflow.py
[2023-09-02T04:41:58.907+0000] {logging_mixin.py:151} INFO - [2023-09-02T04:41:58.907+0000] {dag.py:2907} INFO - Sync 1 DAGs
[2023-09-02T04:41:58.932+0000] {logging_mixin.py:151} INFO - [2023-09-02T04:41:58.932+0000] {dag.py:3677} INFO - Setting next_dagrun for example_setup_teardown_taskflow to 2023-09-01T04:41:58.932372+00:00, run_after=2023-09-02T04:41:58.932372+00:00
[2023-09-02T04:41:58.955+0000] {processor.py:179} INFO - Processing /home/airflow/.local/lib/python3.8/site-packages/airflow/example_dags/example_setup_teardown_taskflow.py took 0.097 seconds
[2023-09-02T11:08:27.987+0000] {processor.py:157} INFO - Started process (PID=74051) to work on /home/airflow/.local/lib/python3.8/site-packages/airflow/example_dags/example_setup_teardown_taskflow.py
[2023-09-02T11:08:27.988+0000] {processor.py:829} INFO - Processing file /home/airflow/.local/lib/python3.8/site-packages/airflow/example_dags/example_setup_teardown_taskflow.py for tasks to queue
[2023-09-02T11:08:27.990+0000] {logging_mixin.py:151} INFO - [2023-09-02T11:08:27.989+0000] {dagbag.py:539} INFO - Filling up the DagBag from /home/airflow/.local/lib/python3.8/site-packages/airflow/example_dags/example_setup_teardown_taskflow.py
[2023-09-02T11:08:28.002+0000] {processor.py:839} INFO - DAG(s) dict_keys(['example_setup_teardown_taskflow']) retrieved from /home/airflow/.local/lib/python3.8/site-packages/airflow/example_dags/example_setup_teardown_taskflow.py
[2023-09-02T11:08:28.029+0000] {logging_mixin.py:151} INFO - [2023-09-02T11:08:28.029+0000] {dag.py:2907} INFO - Sync 1 DAGs
[2023-09-02T11:08:28.053+0000] {logging_mixin.py:151} INFO - [2023-09-02T11:08:28.053+0000] {dag.py:3677} INFO - Setting next_dagrun for example_setup_teardown_taskflow to 2023-09-01T11:08:28.053180+00:00, run_after=2023-09-02T11:08:28.053180+00:00
[2023-09-02T11:08:28.076+0000] {processor.py:179} INFO - Processing /home/airflow/.local/lib/python3.8/site-packages/airflow/example_dags/example_setup_teardown_taskflow.py took 0.094 seconds
[2023-09-02T19:21:17.886+0000] {processor.py:157} INFO - Started process (PID=74106) to work on /home/airflow/.local/lib/python3.8/site-packages/airflow/example_dags/example_setup_teardown_taskflow.py
[2023-09-02T19:21:17.888+0000] {processor.py:829} INFO - Processing file /home/airflow/.local/lib/python3.8/site-packages/airflow/example_dags/example_setup_teardown_taskflow.py for tasks to queue
[2023-09-02T19:21:17.889+0000] {logging_mixin.py:151} INFO - [2023-09-02T19:21:17.889+0000] {dagbag.py:539} INFO - Filling up the DagBag from /home/airflow/.local/lib/python3.8/site-packages/airflow/example_dags/example_setup_teardown_taskflow.py
[2023-09-02T19:21:17.903+0000] {processor.py:839} INFO - DAG(s) dict_keys(['example_setup_teardown_taskflow']) retrieved from /home/airflow/.local/lib/python3.8/site-packages/airflow/example_dags/example_setup_teardown_taskflow.py
[2023-09-02T19:21:17.934+0000] {logging_mixin.py:151} INFO - [2023-09-02T19:21:17.934+0000] {dag.py:2907} INFO - Sync 1 DAGs
[2023-09-02T19:21:17.961+0000] {logging_mixin.py:151} INFO - [2023-09-02T19:21:17.960+0000] {dag.py:3677} INFO - Setting next_dagrun for example_setup_teardown_taskflow to 2023-09-01T19:21:17.960412+00:00, run_after=2023-09-02T19:21:17.960412+00:00
[2023-09-02T19:21:17.986+0000] {processor.py:179} INFO - Processing /home/airflow/.local/lib/python3.8/site-packages/airflow/example_dags/example_setup_teardown_taskflow.py took 0.105 seconds
