[2023-09-02T03:00:13.235+0000] {processor.py:157} INFO - Started process (PID=73908) to work on /home/airflow/.local/lib/python3.8/site-packages/airflow/example_dags/example_sla_dag.py
[2023-09-02T03:00:13.236+0000] {processor.py:829} INFO - Processing file /home/airflow/.local/lib/python3.8/site-packages/airflow/example_dags/example_sla_dag.py for tasks to queue
[2023-09-02T03:00:13.237+0000] {logging_mixin.py:151} INFO - [2023-09-02T03:00:13.237+0000] {dagbag.py:539} INFO - Filling up the DagBag from /home/airflow/.local/lib/python3.8/site-packages/airflow/example_dags/example_sla_dag.py
[2023-09-02T03:00:13.250+0000] {processor.py:839} INFO - DAG(s) dict_keys(['example_sla_dag']) retrieved from /home/airflow/.local/lib/python3.8/site-packages/airflow/example_dags/example_sla_dag.py
[2023-09-02T03:00:13.273+0000] {logging_mixin.py:151} INFO - [2023-09-02T03:00:13.273+0000] {dag.py:2907} INFO - Sync 1 DAGs
[2023-09-02T03:00:13.306+0000] {logging_mixin.py:151} INFO - [2023-09-02T03:00:13.306+0000] {dag.py:3677} INFO - Setting next_dagrun for example_sla_dag to 2023-09-02T02:58:00+00:00, run_after=2023-09-02T03:00:00+00:00
[2023-09-02T03:00:13.324+0000] {processor.py:179} INFO - Processing /home/airflow/.local/lib/python3.8/site-packages/airflow/example_dags/example_sla_dag.py took 0.094 seconds
[2023-09-02T04:41:56.322+0000] {processor.py:157} INFO - Started process (PID=73962) to work on /home/airflow/.local/lib/python3.8/site-packages/airflow/example_dags/example_sla_dag.py
[2023-09-02T04:41:56.324+0000] {processor.py:829} INFO - Processing file /home/airflow/.local/lib/python3.8/site-packages/airflow/example_dags/example_sla_dag.py for tasks to queue
[2023-09-02T04:41:56.329+0000] {logging_mixin.py:151} INFO - [2023-09-02T04:41:56.329+0000] {dagbag.py:539} INFO - Filling up the DagBag from /home/airflow/.local/lib/python3.8/site-packages/airflow/example_dags/example_sla_dag.py
[2023-09-02T04:41:56.342+0000] {processor.py:839} INFO - DAG(s) dict_keys(['example_sla_dag']) retrieved from /home/airflow/.local/lib/python3.8/site-packages/airflow/example_dags/example_sla_dag.py
[2023-09-02T04:41:56.372+0000] {logging_mixin.py:151} INFO - [2023-09-02T04:41:56.372+0000] {dag.py:2907} INFO - Sync 1 DAGs
[2023-09-02T04:41:56.400+0000] {logging_mixin.py:151} INFO - [2023-09-02T04:41:56.400+0000] {dag.py:3677} INFO - Setting next_dagrun for example_sla_dag to 2023-09-02T04:38:00+00:00, run_after=2023-09-02T04:40:00+00:00
[2023-09-02T04:41:56.422+0000] {processor.py:179} INFO - Processing /home/airflow/.local/lib/python3.8/site-packages/airflow/example_dags/example_sla_dag.py took 0.105 seconds
[2023-09-02T11:08:25.563+0000] {processor.py:157} INFO - Started process (PID=74017) to work on /home/airflow/.local/lib/python3.8/site-packages/airflow/example_dags/example_sla_dag.py
[2023-09-02T11:08:25.576+0000] {processor.py:829} INFO - Processing file /home/airflow/.local/lib/python3.8/site-packages/airflow/example_dags/example_sla_dag.py for tasks to queue
[2023-09-02T11:08:25.579+0000] {logging_mixin.py:151} INFO - [2023-09-02T11:08:25.577+0000] {dagbag.py:539} INFO - Filling up the DagBag from /home/airflow/.local/lib/python3.8/site-packages/airflow/example_dags/example_sla_dag.py
[2023-09-02T11:08:25.631+0000] {processor.py:839} INFO - DAG(s) dict_keys(['example_sla_dag']) retrieved from /home/airflow/.local/lib/python3.8/site-packages/airflow/example_dags/example_sla_dag.py
[2023-09-02T11:08:25.693+0000] {logging_mixin.py:151} INFO - [2023-09-02T11:08:25.693+0000] {dag.py:2907} INFO - Sync 1 DAGs
[2023-09-02T11:08:25.738+0000] {logging_mixin.py:151} INFO - [2023-09-02T11:08:25.738+0000] {dag.py:3677} INFO - Setting next_dagrun for example_sla_dag to 2023-09-02T11:06:00+00:00, run_after=2023-09-02T11:08:00+00:00
[2023-09-02T11:08:25.765+0000] {processor.py:179} INFO - Processing /home/airflow/.local/lib/python3.8/site-packages/airflow/example_dags/example_sla_dag.py took 0.219 seconds
[2023-09-02T19:21:15.347+0000] {processor.py:157} INFO - Started process (PID=74072) to work on /home/airflow/.local/lib/python3.8/site-packages/airflow/example_dags/example_sla_dag.py
[2023-09-02T19:21:15.358+0000] {processor.py:829} INFO - Processing file /home/airflow/.local/lib/python3.8/site-packages/airflow/example_dags/example_sla_dag.py for tasks to queue
[2023-09-02T19:21:15.363+0000] {logging_mixin.py:151} INFO - [2023-09-02T19:21:15.361+0000] {dagbag.py:539} INFO - Filling up the DagBag from /home/airflow/.local/lib/python3.8/site-packages/airflow/example_dags/example_sla_dag.py
[2023-09-02T19:21:15.384+0000] {processor.py:839} INFO - DAG(s) dict_keys(['example_sla_dag']) retrieved from /home/airflow/.local/lib/python3.8/site-packages/airflow/example_dags/example_sla_dag.py
[2023-09-02T19:21:15.480+0000] {logging_mixin.py:151} INFO - [2023-09-02T19:21:15.479+0000] {dag.py:2907} INFO - Sync 1 DAGs
[2023-09-02T19:21:15.567+0000] {logging_mixin.py:151} INFO - [2023-09-02T19:21:15.566+0000] {dag.py:3677} INFO - Setting next_dagrun for example_sla_dag to 2023-09-02T19:18:00+00:00, run_after=2023-09-02T19:20:00+00:00
[2023-09-02T19:21:15.634+0000] {processor.py:179} INFO - Processing /home/airflow/.local/lib/python3.8/site-packages/airflow/example_dags/example_sla_dag.py took 0.297 seconds
