[2023-09-02T03:00:14.597+0000] {processor.py:157} INFO - Started process (PID=73927) to work on /home/airflow/.local/lib/python3.8/site-packages/airflow/example_dags/example_task_group.py
[2023-09-02T03:00:14.599+0000] {processor.py:829} INFO - Processing file /home/airflow/.local/lib/python3.8/site-packages/airflow/example_dags/example_task_group.py for tasks to queue
[2023-09-02T03:00:14.600+0000] {logging_mixin.py:151} INFO - [2023-09-02T03:00:14.600+0000] {dagbag.py:539} INFO - Filling up the DagBag from /home/airflow/.local/lib/python3.8/site-packages/airflow/example_dags/example_task_group.py
[2023-09-02T03:00:14.608+0000] {processor.py:839} INFO - DAG(s) dict_keys(['example_task_group']) retrieved from /home/airflow/.local/lib/python3.8/site-packages/airflow/example_dags/example_task_group.py
[2023-09-02T03:00:14.634+0000] {logging_mixin.py:151} INFO - [2023-09-02T03:00:14.634+0000] {dag.py:2907} INFO - Sync 1 DAGs
[2023-09-02T03:00:14.655+0000] {logging_mixin.py:151} INFO - [2023-09-02T03:00:14.655+0000] {dag.py:3677} INFO - Setting next_dagrun for example_task_group to 2023-09-01T03:00:14.655438+00:00, run_after=2023-09-02T03:00:14.655438+00:00
[2023-09-02T03:00:14.675+0000] {processor.py:179} INFO - Processing /home/airflow/.local/lib/python3.8/site-packages/airflow/example_dags/example_task_group.py took 0.081 seconds
[2023-09-02T04:41:57.658+0000] {processor.py:157} INFO - Started process (PID=73982) to work on /home/airflow/.local/lib/python3.8/site-packages/airflow/example_dags/example_task_group.py
[2023-09-02T04:41:57.661+0000] {processor.py:829} INFO - Processing file /home/airflow/.local/lib/python3.8/site-packages/airflow/example_dags/example_task_group.py for tasks to queue
[2023-09-02T04:41:57.700+0000] {logging_mixin.py:151} INFO - [2023-09-02T04:41:57.699+0000] {dagbag.py:539} INFO - Filling up the DagBag from /home/airflow/.local/lib/python3.8/site-packages/airflow/example_dags/example_task_group.py
[2023-09-02T04:41:57.711+0000] {processor.py:839} INFO - DAG(s) dict_keys(['example_task_group']) retrieved from /home/airflow/.local/lib/python3.8/site-packages/airflow/example_dags/example_task_group.py
[2023-09-02T04:41:57.743+0000] {logging_mixin.py:151} INFO - [2023-09-02T04:41:57.743+0000] {dag.py:2907} INFO - Sync 1 DAGs
[2023-09-02T04:41:57.769+0000] {logging_mixin.py:151} INFO - [2023-09-02T04:41:57.769+0000] {dag.py:3677} INFO - Setting next_dagrun for example_task_group to 2023-09-01T04:41:57.769318+00:00, run_after=2023-09-02T04:41:57.769318+00:00
[2023-09-02T04:41:57.791+0000] {processor.py:179} INFO - Processing /home/airflow/.local/lib/python3.8/site-packages/airflow/example_dags/example_task_group.py took 0.138 seconds
[2023-09-02T11:08:26.876+0000] {processor.py:157} INFO - Started process (PID=74037) to work on /home/airflow/.local/lib/python3.8/site-packages/airflow/example_dags/example_task_group.py
[2023-09-02T11:08:26.877+0000] {processor.py:829} INFO - Processing file /home/airflow/.local/lib/python3.8/site-packages/airflow/example_dags/example_task_group.py for tasks to queue
[2023-09-02T11:08:26.879+0000] {logging_mixin.py:151} INFO - [2023-09-02T11:08:26.878+0000] {dagbag.py:539} INFO - Filling up the DagBag from /home/airflow/.local/lib/python3.8/site-packages/airflow/example_dags/example_task_group.py
[2023-09-02T11:08:26.889+0000] {processor.py:839} INFO - DAG(s) dict_keys(['example_task_group']) retrieved from /home/airflow/.local/lib/python3.8/site-packages/airflow/example_dags/example_task_group.py
[2023-09-02T11:08:26.917+0000] {logging_mixin.py:151} INFO - [2023-09-02T11:08:26.917+0000] {dag.py:2907} INFO - Sync 1 DAGs
[2023-09-02T11:08:26.942+0000] {logging_mixin.py:151} INFO - [2023-09-02T11:08:26.941+0000] {dag.py:3677} INFO - Setting next_dagrun for example_task_group to 2023-09-01T11:08:26.941679+00:00, run_after=2023-09-02T11:08:26.941679+00:00
[2023-09-02T11:08:26.964+0000] {processor.py:179} INFO - Processing /home/airflow/.local/lib/python3.8/site-packages/airflow/example_dags/example_task_group.py took 0.093 seconds
[2023-09-02T19:21:16.759+0000] {processor.py:157} INFO - Started process (PID=74092) to work on /home/airflow/.local/lib/python3.8/site-packages/airflow/example_dags/example_task_group.py
[2023-09-02T19:21:16.761+0000] {processor.py:829} INFO - Processing file /home/airflow/.local/lib/python3.8/site-packages/airflow/example_dags/example_task_group.py for tasks to queue
[2023-09-02T19:21:16.763+0000] {logging_mixin.py:151} INFO - [2023-09-02T19:21:16.762+0000] {dagbag.py:539} INFO - Filling up the DagBag from /home/airflow/.local/lib/python3.8/site-packages/airflow/example_dags/example_task_group.py
[2023-09-02T19:21:16.774+0000] {processor.py:839} INFO - DAG(s) dict_keys(['example_task_group']) retrieved from /home/airflow/.local/lib/python3.8/site-packages/airflow/example_dags/example_task_group.py
[2023-09-02T19:21:16.806+0000] {logging_mixin.py:151} INFO - [2023-09-02T19:21:16.805+0000] {dag.py:2907} INFO - Sync 1 DAGs
[2023-09-02T19:21:16.832+0000] {logging_mixin.py:151} INFO - [2023-09-02T19:21:16.832+0000] {dag.py:3677} INFO - Setting next_dagrun for example_task_group to 2023-09-01T19:21:16.832199+00:00, run_after=2023-09-02T19:21:16.832199+00:00
[2023-09-02T19:21:16.855+0000] {processor.py:179} INFO - Processing /home/airflow/.local/lib/python3.8/site-packages/airflow/example_dags/example_task_group.py took 0.101 seconds
