[2023-09-02T03:00:15.809+0000] {processor.py:157} INFO - Started process (PID=73945) to work on /home/airflow/.local/lib/python3.8/site-packages/airflow/example_dags/tutorial_dag.py
[2023-09-02T03:00:15.820+0000] {processor.py:829} INFO - Processing file /home/airflow/.local/lib/python3.8/site-packages/airflow/example_dags/tutorial_dag.py for tasks to queue
[2023-09-02T03:00:15.823+0000] {logging_mixin.py:151} INFO - [2023-09-02T03:00:15.822+0000] {dagbag.py:539} INFO - Filling up the DagBag from /home/airflow/.local/lib/python3.8/site-packages/airflow/example_dags/tutorial_dag.py
[2023-09-02T03:00:15.828+0000] {processor.py:839} INFO - DAG(s) dict_keys(['tutorial_dag']) retrieved from /home/airflow/.local/lib/python3.8/site-packages/airflow/example_dags/tutorial_dag.py
[2023-09-02T03:00:15.854+0000] {logging_mixin.py:151} INFO - [2023-09-02T03:00:15.853+0000] {dag.py:2907} INFO - Sync 1 DAGs
[2023-09-02T03:00:15.869+0000] {logging_mixin.py:151} INFO - [2023-09-02T03:00:15.869+0000] {dag.py:3677} INFO - Setting next_dagrun for tutorial_dag to None, run_after=None
[2023-09-02T03:00:15.892+0000] {processor.py:179} INFO - Processing /home/airflow/.local/lib/python3.8/site-packages/airflow/example_dags/tutorial_dag.py took 0.087 seconds
[2023-09-02T04:41:59.218+0000] {processor.py:157} INFO - Started process (PID=74000) to work on /home/airflow/.local/lib/python3.8/site-packages/airflow/example_dags/tutorial_dag.py
[2023-09-02T04:41:59.220+0000] {processor.py:829} INFO - Processing file /home/airflow/.local/lib/python3.8/site-packages/airflow/example_dags/tutorial_dag.py for tasks to queue
[2023-09-02T04:41:59.221+0000] {logging_mixin.py:151} INFO - [2023-09-02T04:41:59.221+0000] {dagbag.py:539} INFO - Filling up the DagBag from /home/airflow/.local/lib/python3.8/site-packages/airflow/example_dags/tutorial_dag.py
[2023-09-02T04:41:59.228+0000] {processor.py:839} INFO - DAG(s) dict_keys(['tutorial_dag']) retrieved from /home/airflow/.local/lib/python3.8/site-packages/airflow/example_dags/tutorial_dag.py
[2023-09-02T04:41:59.255+0000] {logging_mixin.py:151} INFO - [2023-09-02T04:41:59.255+0000] {dag.py:2907} INFO - Sync 1 DAGs
[2023-09-02T04:41:59.270+0000] {logging_mixin.py:151} INFO - [2023-09-02T04:41:59.270+0000] {dag.py:3677} INFO - Setting next_dagrun for tutorial_dag to None, run_after=None
[2023-09-02T04:41:59.292+0000] {processor.py:179} INFO - Processing /home/airflow/.local/lib/python3.8/site-packages/airflow/example_dags/tutorial_dag.py took 0.079 seconds
[2023-09-02T11:08:28.238+0000] {processor.py:157} INFO - Started process (PID=74055) to work on /home/airflow/.local/lib/python3.8/site-packages/airflow/example_dags/tutorial_dag.py
[2023-09-02T11:08:28.240+0000] {processor.py:829} INFO - Processing file /home/airflow/.local/lib/python3.8/site-packages/airflow/example_dags/tutorial_dag.py for tasks to queue
[2023-09-02T11:08:28.242+0000] {logging_mixin.py:151} INFO - [2023-09-02T11:08:28.241+0000] {dagbag.py:539} INFO - Filling up the DagBag from /home/airflow/.local/lib/python3.8/site-packages/airflow/example_dags/tutorial_dag.py
[2023-09-02T11:08:28.248+0000] {processor.py:839} INFO - DAG(s) dict_keys(['tutorial_dag']) retrieved from /home/airflow/.local/lib/python3.8/site-packages/airflow/example_dags/tutorial_dag.py
[2023-09-02T11:08:28.276+0000] {logging_mixin.py:151} INFO - [2023-09-02T11:08:28.276+0000] {dag.py:2907} INFO - Sync 1 DAGs
[2023-09-02T11:08:28.292+0000] {logging_mixin.py:151} INFO - [2023-09-02T11:08:28.292+0000] {dag.py:3677} INFO - Setting next_dagrun for tutorial_dag to None, run_after=None
[2023-09-02T11:08:28.314+0000] {processor.py:179} INFO - Processing /home/airflow/.local/lib/python3.8/site-packages/airflow/example_dags/tutorial_dag.py took 0.081 seconds
[2023-09-02T19:21:18.160+0000] {processor.py:157} INFO - Started process (PID=74110) to work on /home/airflow/.local/lib/python3.8/site-packages/airflow/example_dags/tutorial_dag.py
[2023-09-02T19:21:18.162+0000] {processor.py:829} INFO - Processing file /home/airflow/.local/lib/python3.8/site-packages/airflow/example_dags/tutorial_dag.py for tasks to queue
[2023-09-02T19:21:18.164+0000] {logging_mixin.py:151} INFO - [2023-09-02T19:21:18.163+0000] {dagbag.py:539} INFO - Filling up the DagBag from /home/airflow/.local/lib/python3.8/site-packages/airflow/example_dags/tutorial_dag.py
[2023-09-02T19:21:18.171+0000] {processor.py:839} INFO - DAG(s) dict_keys(['tutorial_dag']) retrieved from /home/airflow/.local/lib/python3.8/site-packages/airflow/example_dags/tutorial_dag.py
[2023-09-02T19:21:18.198+0000] {logging_mixin.py:151} INFO - [2023-09-02T19:21:18.198+0000] {dag.py:2907} INFO - Sync 1 DAGs
[2023-09-02T19:21:18.216+0000] {logging_mixin.py:151} INFO - [2023-09-02T19:21:18.216+0000] {dag.py:3677} INFO - Setting next_dagrun for tutorial_dag to None, run_after=None
[2023-09-02T19:21:18.241+0000] {processor.py:179} INFO - Processing /home/airflow/.local/lib/python3.8/site-packages/airflow/example_dags/tutorial_dag.py took 0.086 seconds
