[2023-09-02T03:00:14.238+0000] {processor.py:157} INFO - Started process (PID=73921) to work on /home/airflow/.local/lib/python3.8/site-packages/airflow/example_dags/tutorial.py
[2023-09-02T03:00:14.252+0000] {processor.py:829} INFO - Processing file /home/airflow/.local/lib/python3.8/site-packages/airflow/example_dags/tutorial.py for tasks to queue
[2023-09-02T03:00:14.257+0000] {logging_mixin.py:151} INFO - [2023-09-02T03:00:14.256+0000] {dagbag.py:539} INFO - Filling up the DagBag from /home/airflow/.local/lib/python3.8/site-packages/airflow/example_dags/tutorial.py
[2023-09-02T03:00:14.269+0000] {processor.py:839} INFO - DAG(s) dict_keys(['tutorial']) retrieved from /home/airflow/.local/lib/python3.8/site-packages/airflow/example_dags/tutorial.py
[2023-09-02T03:00:14.303+0000] {logging_mixin.py:151} INFO - [2023-09-02T03:00:14.302+0000] {dag.py:2907} INFO - Sync 1 DAGs
[2023-09-02T03:00:14.331+0000] {logging_mixin.py:151} INFO - [2023-09-02T03:00:14.331+0000] {dag.py:3677} INFO - Setting next_dagrun for tutorial to 2023-09-01T03:00:14.330825+00:00, run_after=2023-09-02T03:00:14.330825+00:00
[2023-09-02T03:00:14.352+0000] {processor.py:179} INFO - Processing /home/airflow/.local/lib/python3.8/site-packages/airflow/example_dags/tutorial.py took 0.147 seconds
[2023-09-02T04:41:57.183+0000] {processor.py:157} INFO - Started process (PID=73976) to work on /home/airflow/.local/lib/python3.8/site-packages/airflow/example_dags/tutorial.py
[2023-09-02T04:41:57.185+0000] {processor.py:829} INFO - Processing file /home/airflow/.local/lib/python3.8/site-packages/airflow/example_dags/tutorial.py for tasks to queue
[2023-09-02T04:41:57.187+0000] {logging_mixin.py:151} INFO - [2023-09-02T04:41:57.187+0000] {dagbag.py:539} INFO - Filling up the DagBag from /home/airflow/.local/lib/python3.8/site-packages/airflow/example_dags/tutorial.py
[2023-09-02T04:41:57.196+0000] {processor.py:839} INFO - DAG(s) dict_keys(['tutorial']) retrieved from /home/airflow/.local/lib/python3.8/site-packages/airflow/example_dags/tutorial.py
[2023-09-02T04:41:57.245+0000] {logging_mixin.py:151} INFO - [2023-09-02T04:41:57.245+0000] {dag.py:2907} INFO - Sync 1 DAGs
[2023-09-02T04:41:57.299+0000] {logging_mixin.py:151} INFO - [2023-09-02T04:41:57.299+0000] {dag.py:3677} INFO - Setting next_dagrun for tutorial to 2023-09-01T04:41:57.297564+00:00, run_after=2023-09-02T04:41:57.297564+00:00
[2023-09-02T04:41:57.338+0000] {processor.py:179} INFO - Processing /home/airflow/.local/lib/python3.8/site-packages/airflow/example_dags/tutorial.py took 0.168 seconds
[2023-09-02T11:08:26.482+0000] {processor.py:157} INFO - Started process (PID=74024) to work on /home/airflow/.local/lib/python3.8/site-packages/airflow/example_dags/tutorial.py
[2023-09-02T11:08:26.484+0000] {processor.py:829} INFO - Processing file /home/airflow/.local/lib/python3.8/site-packages/airflow/example_dags/tutorial.py for tasks to queue
[2023-09-02T11:08:26.485+0000] {logging_mixin.py:151} INFO - [2023-09-02T11:08:26.485+0000] {dagbag.py:539} INFO - Filling up the DagBag from /home/airflow/.local/lib/python3.8/site-packages/airflow/example_dags/tutorial.py
[2023-09-02T11:08:26.497+0000] {processor.py:839} INFO - DAG(s) dict_keys(['tutorial']) retrieved from /home/airflow/.local/lib/python3.8/site-packages/airflow/example_dags/tutorial.py
[2023-09-02T11:08:26.540+0000] {logging_mixin.py:151} INFO - [2023-09-02T11:08:26.540+0000] {dag.py:2907} INFO - Sync 1 DAGs
[2023-09-02T11:08:26.567+0000] {logging_mixin.py:151} INFO - [2023-09-02T11:08:26.566+0000] {dag.py:3677} INFO - Setting next_dagrun for tutorial to 2023-09-01T11:08:26.566525+00:00, run_after=2023-09-02T11:08:26.566525+00:00
[2023-09-02T11:08:26.592+0000] {processor.py:179} INFO - Processing /home/airflow/.local/lib/python3.8/site-packages/airflow/example_dags/tutorial.py took 0.117 seconds
[2023-09-02T19:21:16.313+0000] {processor.py:157} INFO - Started process (PID=74086) to work on /home/airflow/.local/lib/python3.8/site-packages/airflow/example_dags/tutorial.py
[2023-09-02T19:21:16.329+0000] {processor.py:829} INFO - Processing file /home/airflow/.local/lib/python3.8/site-packages/airflow/example_dags/tutorial.py for tasks to queue
[2023-09-02T19:21:16.331+0000] {logging_mixin.py:151} INFO - [2023-09-02T19:21:16.330+0000] {dagbag.py:539} INFO - Filling up the DagBag from /home/airflow/.local/lib/python3.8/site-packages/airflow/example_dags/tutorial.py
[2023-09-02T19:21:16.342+0000] {processor.py:839} INFO - DAG(s) dict_keys(['tutorial']) retrieved from /home/airflow/.local/lib/python3.8/site-packages/airflow/example_dags/tutorial.py
[2023-09-02T19:21:16.376+0000] {logging_mixin.py:151} INFO - [2023-09-02T19:21:16.375+0000] {dag.py:2907} INFO - Sync 1 DAGs
[2023-09-02T19:21:16.409+0000] {logging_mixin.py:151} INFO - [2023-09-02T19:21:16.409+0000] {dag.py:3677} INFO - Setting next_dagrun for tutorial to 2023-09-01T19:21:16.408970+00:00, run_after=2023-09-02T19:21:16.408970+00:00
[2023-09-02T19:21:16.438+0000] {processor.py:179} INFO - Processing /home/airflow/.local/lib/python3.8/site-packages/airflow/example_dags/tutorial.py took 0.130 seconds
