[2023-09-02T03:00:15.191+0000] {processor.py:157} INFO - Started process (PID=73934) to work on /home/airflow/.local/lib/python3.8/site-packages/airflow/example_dags/tutorial_taskflow_api_virtualenv.py
[2023-09-02T03:00:15.192+0000] {processor.py:829} INFO - Processing file /home/airflow/.local/lib/python3.8/site-packages/airflow/example_dags/tutorial_taskflow_api_virtualenv.py for tasks to queue
[2023-09-02T03:00:15.193+0000] {logging_mixin.py:151} INFO - [2023-09-02T03:00:15.193+0000] {dagbag.py:539} INFO - Filling up the DagBag from /home/airflow/.local/lib/python3.8/site-packages/airflow/example_dags/tutorial_taskflow_api_virtualenv.py
[2023-09-02T03:00:15.201+0000] {processor.py:839} INFO - DAG(s) dict_keys(['tutorial_taskflow_api_virtualenv']) retrieved from /home/airflow/.local/lib/python3.8/site-packages/airflow/example_dags/tutorial_taskflow_api_virtualenv.py
[2023-09-02T03:00:15.225+0000] {logging_mixin.py:151} INFO - [2023-09-02T03:00:15.224+0000] {dag.py:2907} INFO - Sync 1 DAGs
[2023-09-02T03:00:15.238+0000] {logging_mixin.py:151} INFO - [2023-09-02T03:00:15.238+0000] {dag.py:3677} INFO - Setting next_dagrun for tutorial_taskflow_api_virtualenv to None, run_after=None
[2023-09-02T03:00:15.256+0000] {processor.py:179} INFO - Processing /home/airflow/.local/lib/python3.8/site-packages/airflow/example_dags/tutorial_taskflow_api_virtualenv.py took 0.070 seconds
[2023-09-02T04:41:58.382+0000] {processor.py:157} INFO - Started process (PID=73989) to work on /home/airflow/.local/lib/python3.8/site-packages/airflow/example_dags/tutorial_taskflow_api_virtualenv.py
[2023-09-02T04:41:58.384+0000] {processor.py:829} INFO - Processing file /home/airflow/.local/lib/python3.8/site-packages/airflow/example_dags/tutorial_taskflow_api_virtualenv.py for tasks to queue
[2023-09-02T04:41:58.385+0000] {logging_mixin.py:151} INFO - [2023-09-02T04:41:58.384+0000] {dagbag.py:539} INFO - Filling up the DagBag from /home/airflow/.local/lib/python3.8/site-packages/airflow/example_dags/tutorial_taskflow_api_virtualenv.py
[2023-09-02T04:41:58.394+0000] {processor.py:839} INFO - DAG(s) dict_keys(['tutorial_taskflow_api_virtualenv']) retrieved from /home/airflow/.local/lib/python3.8/site-packages/airflow/example_dags/tutorial_taskflow_api_virtualenv.py
[2023-09-02T04:41:58.421+0000] {logging_mixin.py:151} INFO - [2023-09-02T04:41:58.420+0000] {dag.py:2907} INFO - Sync 1 DAGs
[2023-09-02T04:41:58.438+0000] {logging_mixin.py:151} INFO - [2023-09-02T04:41:58.438+0000] {dag.py:3677} INFO - Setting next_dagrun for tutorial_taskflow_api_virtualenv to None, run_after=None
[2023-09-02T04:41:58.460+0000] {processor.py:179} INFO - Processing /home/airflow/.local/lib/python3.8/site-packages/airflow/example_dags/tutorial_taskflow_api_virtualenv.py took 0.083 seconds
[2023-09-02T11:08:27.572+0000] {processor.py:157} INFO - Started process (PID=74044) to work on /home/airflow/.local/lib/python3.8/site-packages/airflow/example_dags/tutorial_taskflow_api_virtualenv.py
[2023-09-02T11:08:27.574+0000] {processor.py:829} INFO - Processing file /home/airflow/.local/lib/python3.8/site-packages/airflow/example_dags/tutorial_taskflow_api_virtualenv.py for tasks to queue
[2023-09-02T11:08:27.575+0000] {logging_mixin.py:151} INFO - [2023-09-02T11:08:27.575+0000] {dagbag.py:539} INFO - Filling up the DagBag from /home/airflow/.local/lib/python3.8/site-packages/airflow/example_dags/tutorial_taskflow_api_virtualenv.py
[2023-09-02T11:08:27.585+0000] {processor.py:839} INFO - DAG(s) dict_keys(['tutorial_taskflow_api_virtualenv']) retrieved from /home/airflow/.local/lib/python3.8/site-packages/airflow/example_dags/tutorial_taskflow_api_virtualenv.py
[2023-09-02T11:08:27.612+0000] {logging_mixin.py:151} INFO - [2023-09-02T11:08:27.611+0000] {dag.py:2907} INFO - Sync 1 DAGs
[2023-09-02T11:08:27.627+0000] {logging_mixin.py:151} INFO - [2023-09-02T11:08:27.627+0000] {dag.py:3677} INFO - Setting next_dagrun for tutorial_taskflow_api_virtualenv to None, run_after=None
[2023-09-02T11:08:27.648+0000] {processor.py:179} INFO - Processing /home/airflow/.local/lib/python3.8/site-packages/airflow/example_dags/tutorial_taskflow_api_virtualenv.py took 0.080 seconds
[2023-09-02T19:21:17.455+0000] {processor.py:157} INFO - Started process (PID=74099) to work on /home/airflow/.local/lib/python3.8/site-packages/airflow/example_dags/tutorial_taskflow_api_virtualenv.py
[2023-09-02T19:21:17.457+0000] {processor.py:829} INFO - Processing file /home/airflow/.local/lib/python3.8/site-packages/airflow/example_dags/tutorial_taskflow_api_virtualenv.py for tasks to queue
[2023-09-02T19:21:17.458+0000] {logging_mixin.py:151} INFO - [2023-09-02T19:21:17.458+0000] {dagbag.py:539} INFO - Filling up the DagBag from /home/airflow/.local/lib/python3.8/site-packages/airflow/example_dags/tutorial_taskflow_api_virtualenv.py
[2023-09-02T19:21:17.468+0000] {processor.py:839} INFO - DAG(s) dict_keys(['tutorial_taskflow_api_virtualenv']) retrieved from /home/airflow/.local/lib/python3.8/site-packages/airflow/example_dags/tutorial_taskflow_api_virtualenv.py
[2023-09-02T19:21:17.493+0000] {logging_mixin.py:151} INFO - [2023-09-02T19:21:17.493+0000] {dag.py:2907} INFO - Sync 1 DAGs
[2023-09-02T19:21:17.509+0000] {logging_mixin.py:151} INFO - [2023-09-02T19:21:17.509+0000] {dag.py:3677} INFO - Setting next_dagrun for tutorial_taskflow_api_virtualenv to None, run_after=None
[2023-09-02T19:21:17.532+0000] {processor.py:179} INFO - Processing /home/airflow/.local/lib/python3.8/site-packages/airflow/example_dags/tutorial_taskflow_api_virtualenv.py took 0.082 seconds
